##############################################################
### Job started at Wed Jun  4 23:32:16 EDT 2025 with p=TypeB, m=100, r=100, s=1 ###
##############################################################

Attaching package: ‘dplyr’

The following objects are masked from ‘package:stats’:

    filter, lag

The following objects are masked from ‘package:base’:

    intersect, setdiff, setequal, union

Loading required package: foreach
Loading required package: iterators
Loading required package: parallel

 randomForestSRC 3.2.2 
 
 Type rfsrc.news() to see new features, changes, and bug fixes. 
 

[conflicted] Will prefer dplyr::select over any other package.
[conflicted] Will prefer dplyr::filter over any other package.
[conflicted] Will prefer reshape2::melt over any other package.
── Attaching core tidyverse packages ──────────────────────── tidyverse 2.0.0 ──
✔ forcats   1.0.0     ✔ readr     2.1.4
✔ ggplot2   3.5.2     ✔ stringr   1.5.1
✔ lubridate 1.9.3     ✔ tibble    3.2.1
✔ purrr     0.3.5     ✔ tidyr     1.2.1
# A tibble: 42 × 4
   theta   tau estimand   truth
   <dbl> <dbl> <chr>      <dbl>
 1  0.3    0.2 de       -0.285 
 2  0.3    0.2 mu        0.450 
 3  0.3    0.2 mu_0      0.535 
 4  0.3    0.2 mu_1      0.250 
 5  0.3    0.2 oe        0.0783
 6  0.3    0.2 se_0      0.0401
 7  0.3    0.2 se_1      0.0300
 8  0.45   0.2 de       -0.275 
 9  0.45   0.2 mu        0.371 
10  0.45   0.2 mu_0      0.495 
11  0.45   0.2 mu_1      0.220 
12  0.45   0.2 oe        0     
13  0.45   0.2 se_0      0     
14  0.45   0.2 se_1      0     
15  0.6    0.2 de       -0.268 
16  0.6    0.2 mu        0.305 
17  0.6    0.2 mu_0      0.466 
18  0.6    0.2 mu_1      0.198 
19  0.6    0.2 oe       -0.0661
20  0.6    0.2 se_0     -0.0289
21  0.6    0.2 se_1     -0.0221
22  0.3    0.4 de       -0.270 
23  0.3    0.4 mu        0.555 
24  0.3    0.4 mu_0      0.636 
25  0.3    0.4 mu_1      0.365 
26  0.3    0.4 oe        0.0790
27  0.3    0.4 se_0      0.0399
28  0.3    0.4 se_1      0.0367
29  0.45   0.4 de       -0.267 
30  0.45   0.4 mu        0.476 
31  0.45   0.4 mu_0      0.596 
32  0.45   0.4 mu_1      0.329 
33  0.45   0.4 oe        0     
34  0.45   0.4 se_0      0     
35  0.45   0.4 se_1      0     
36  0.6    0.4 de       -0.264 
37  0.6    0.4 mu        0.407 
38  0.6    0.4 mu_0      0.565 
39  0.6    0.4 mu_1      0.301 
40  0.6    0.4 oe       -0.0690
41  0.6    0.4 se_0     -0.0306
42  0.6    0.4 se_1     -0.0279
Loading required package: Matrix

Attaching package: ‘Matrix’

The following objects are masked from ‘package:tidyr’:

    expand, pack, unpack


==========================================================================
===========================   Analysis setting  ==========================
==========================================================================

- taus: 0.1, 0.2, 0.3, 0.4, 0.5 

- policy: TypeB 

- thetas: 0.3, 0.31, 0.32, 0.33, 0.34, 0.35, 0.36, 0.37, 0.38, 0.39, 0.4, 0.41, 0.42, 0.43, 0.44, 0.45, 0.46, 0.47, 0.48, 0.49, 0.5, 0.51, 0.52, 0.53, 0.54, 0.55, 0.56, 0.57, 0.58, 0.59, 0.6 

- r: 100 

- K: 2 

- Nuisance estimation method: T nonpara / C nonpara / A nonpara 

- m: 100 

- N_total: 1256 

- cluster size dist'n: 
 5  6  7  8  9 10 11 12 13 14 15 16 17 18 19 20 
 5  5  9  5  9  6  7  6  1  6  9  7  7  4  7  7 

 - observed time summary: 
   Min. 1st Qu.  Median    Mean 3rd Qu.    Max. 
0.00000 0.02434 0.21472 0.62707 0.77604 9.11748 

 - event indicator table: 
  0   1 
495 761 

 - event time summary: 
   Min. 1st Qu.  Median    Mean 3rd Qu.    Max. 
0.00000 0.02062 0.19705 0.59153 0.68361 9.11748 

 - censoring time summary: 
   Min. 1st Qu.  Median    Mean 3rd Qu.    Max. 
0.00000 0.02639 0.23546 0.68171 0.93123 7.87687 

 - treatment indicator table: 
  0   1 
647 609 

==========================================================================
===========================   Estimation start  ==========================
==========================================================================

--- Split:1 ---

Running BART with binary y

number of trees: 25
number of chains: 1, number of threads 1
tree thinning rate: 1
Prior:
	prior on k: chi with 1.250000 degrees of freedom and inf scale
	power and base for tree prior: 2.000000 0.950000
	use quantiles for rule cut points: false
	proposal probabilities: birth/death 0.50, swap 0.10, change 0.40; birth 0.50
data:
	number of training observations: 675
	number of test observations: 0
	number of explanatory variables: 15

Cutoff rules c in x<=c vs x>c
Number of cutoffs: (var: number of possible c):
(1: 100) (2: 100) (3: 100) (4: 100) (5: 100) 
(6: 100) (7: 100) (8: 100) (9: 100) (10: 100) 
(11: 100) (12: 100) (13: 100) (14: 100) (15: 100) 


   [*---------] 10% | ET: 6s 
   [**--------] 20% | ET: 13s 
   [***-------] 30% | ET: 19.2s 
   [****------] 40% | ET: 25.1s 
   [*****-----] 50% | ET: 31.2s 
   [******----] 60% | ET: 37.9s 
   [*******---] 70% | ET: 44.4s 
   [********--] 80% | ET: 51s 
   [*********-] 90% | ET: 57.4s 
   [**********] 100% | ET: 64.1s 

--- Split:2 ---

Running BART with binary y

number of trees: 25
number of chains: 1, number of threads 1
tree thinning rate: 1
Prior:
	prior on k: chi with 1.250000 degrees of freedom and inf scale
	power and base for tree prior: 2.000000 0.950000
	use quantiles for rule cut points: false
	proposal probabilities: birth/death 0.50, swap 0.10, change 0.40; birth 0.50
data:
	number of training observations: 581
	number of test observations: 0
	number of explanatory variables: 15

Cutoff rules c in x<=c vs x>c
Number of cutoffs: (var: number of possible c):
(1: 100) (2: 100) (3: 100) (4: 100) (5: 100) 
(6: 100) (7: 100) (8: 100) (9: 100) (10: 100) 
(11: 100) (12: 100) (13: 100) (14: 100) (15: 100) 


   [*---------] 10% | ET: 4.5s 
   [**--------] 20% | ET: 10.3s 
   [***-------] 30% | ET: 16.1s 
   [****------] 40% | ET: 21.8s 
   [*****-----] 50% | ET: 27.4s 
   [******----] 60% | ET: 32.2s 
   [*******---] 70% | ET: 38.2s 
   [********--] 80% | ET: 43.7s 
   [*********-] 90% | ET: 49.7s 
   [**********] 100% | ET: 55.6s 

--- IF for proposed nonparametric estimator computed --- ET: 131.5 seconds
--- Estimator computed: mu --- ET: 0.7 seconds --- 
--- Estimator computed: mu_1 --- ET: 0.9 seconds --- 
--- Estimator computed: mu_0 --- ET: 0.7 seconds --- 
--- Estimator computed: de --- ET: 0.7 seconds --- 
--- Estimator computed: oe --- ET: 0.7 seconds --- 
--- Estimator computed: se_1 --- ET: 0.7 seconds --- 
--- Estimator computed: se_0 --- ET: 0.7 seconds --- 
--- Total run time: 138.2 seconds --- 
--- Total run time: 162.4 seconds --- ###################################################
### Job finished at Wed Jun  4 23:34:59 EDT 2025 ###
###################################################
