##############################################################
### Job started at Wed Jun  4 23:23:48 EDT 2025 with p=TypeB, m=100, r=100, s=1 ###
##############################################################

Attaching package: ‘dplyr’

The following objects are masked from ‘package:stats’:

    filter, lag

The following objects are masked from ‘package:base’:

    intersect, setdiff, setequal, union

Loading required package: foreach
Loading required package: iterators
Loading required package: parallel

 randomForestSRC 3.2.2 
 
 Type rfsrc.news() to see new features, changes, and bug fixes. 
 

[conflicted] Will prefer dplyr::select over any other package.
[conflicted] Will prefer dplyr::filter over any other package.
[conflicted] Will prefer reshape2::melt over any other package.
── Attaching core tidyverse packages ──────────────────────── tidyverse 2.0.0 ──
✔ forcats   1.0.0     ✔ readr     2.1.4
✔ ggplot2   3.5.2     ✔ stringr   1.5.1
✔ lubridate 1.9.3     ✔ tibble    3.2.1
✔ purrr     0.3.5     ✔ tidyr     1.2.1
# A tibble: 42 × 4
   theta   tau estimand   truth
   <dbl> <dbl> <chr>      <dbl>
 1  0.3    0.2 de       -0.280 
 2  0.3    0.2 mu        0.445 
 3  0.3    0.2 mu_0      0.529 
 4  0.3    0.2 mu_1      0.249 
 5  0.3    0.2 oe        0.0727
 6  0.3    0.2 se_0      0.0339
 7  0.3    0.2 se_1      0.0270
 8  0.45   0.2 de       -0.273 
 9  0.45   0.2 mu        0.372 
10  0.45   0.2 mu_0      0.495 
11  0.45   0.2 mu_1      0.222 
12  0.45   0.2 oe        0     
13  0.45   0.2 se_0      0     
14  0.45   0.2 se_1      0     
15  0.6    0.2 de       -0.267 
16  0.6    0.2 mu        0.307 
17  0.6    0.2 mu_0      0.467 
18  0.6    0.2 mu_1      0.201 
19  0.6    0.2 oe       -0.0648
20  0.6    0.2 se_0     -0.0275
21  0.6    0.2 se_1     -0.0215
22  0.3    0.4 de       -0.265 
23  0.3    0.4 mu        0.551 
24  0.3    0.4 mu_0      0.630 
25  0.3    0.4 mu_1      0.365 
26  0.3    0.4 oe        0.0728
27  0.3    0.4 se_0      0.0335
28  0.3    0.4 se_1      0.0327
29  0.45   0.4 de       -0.264 
30  0.45   0.4 mu        0.478 
31  0.45   0.4 mu_0      0.597 
32  0.45   0.4 mu_1      0.333 
33  0.45   0.4 oe        0     
34  0.45   0.4 se_0      0     
35  0.45   0.4 se_1      0     
36  0.6    0.4 de       -0.262 
37  0.6    0.4 mu        0.411 
38  0.6    0.4 mu_0      0.568 
39  0.6    0.4 mu_1      0.306 
40  0.6    0.4 oe       -0.0672
41  0.6    0.4 se_0     -0.0287
42  0.6    0.4 se_1     -0.0268
Loading required package: Matrix

Attaching package: ‘Matrix’

The following objects are masked from ‘package:tidyr’:

    expand, pack, unpack


==========================================================================
===========================   Analysis setting  ==========================
==========================================================================

- taus: 0.1, 0.2, 0.3, 0.4, 0.5 

- policy: TypeB 

- thetas: 0.3, 0.31, 0.32, 0.33, 0.34, 0.35, 0.36, 0.37, 0.38, 0.39, 0.4, 0.41, 0.42, 0.43, 0.44, 0.45, 0.46, 0.47, 0.48, 0.49, 0.5, 0.51, 0.52, 0.53, 0.54, 0.55, 0.56, 0.57, 0.58, 0.59, 0.6 

- r: 100 

- K: 2 

- Nuisance estimation method: T nonpara / C nonpara / A nonpara 

- m: 100 

- N_total: 1224 

- cluster size dist'n: 
 5  6  7  8  9 10 11 12 13 14 15 16 17 18 19 20 
 7  3  7 12  7  4  1  9  7  9  8  4  7  5  6  4 

 - observed time summary: 
   Min. 1st Qu.  Median    Mean 3rd Qu.    Max. 
0.00000 0.01599 0.19239 0.60642 0.76685 7.85019 

 - event indicator table: 
  0   1 
503 721 

 - event time summary: 
   Min. 1st Qu.  Median    Mean 3rd Qu.    Max. 
0.00000 0.01132 0.13341 0.55268 0.62585 7.85019 

 - censoring time summary: 
   Min. 1st Qu.  Median    Mean 3rd Qu.    Max. 
0.00000 0.02864 0.29410 0.68345 0.89031 6.53621 

 - treatment indicator table: 
  0   1 
645 579 

==========================================================================
===========================   Estimation start  ==========================
==========================================================================

--- Split:1 ---

Running BART with binary y

number of trees: 25
number of chains: 1, number of threads 1
tree thinning rate: 1
Prior:
	prior on k: chi with 1.250000 degrees of freedom and inf scale
	power and base for tree prior: 2.000000 0.950000
	use quantiles for rule cut points: false
	proposal probabilities: birth/death 0.50, swap 0.10, change 0.40; birth 0.50
data:
	number of training observations: 618
	number of test observations: 0
	number of explanatory variables: 15

Cutoff rules c in x<=c vs x>c
Number of cutoffs: (var: number of possible c):
(1: 100) (2: 100) (3: 100) (4: 100) (5: 100) 
(6: 100) (7: 100) (8: 100) (9: 100) (10: 100) 
(11: 100) (12: 100) (13: 100) (14: 100) (15: 100) 


   [*---------] 10% | ET: 4.9s 
   [**--------] 20% | ET: 10.9s 
   [***-------] 30% | ET: 17s 
   [****------] 40% | ET: 22.3s 
   [*****-----] 50% | ET: 27.6s 
   [******----] 60% | ET: 33.7s 
   [*******---] 70% | ET: 39.8s 
   [********--] 80% | ET: 46.2s 
   [*********-] 90% | ET: 52.4s 
   [**********] 100% | ET: 58.2s 

--- Split:2 ---

Running BART with binary y

number of trees: 25
number of chains: 1, number of threads 1
tree thinning rate: 1
Prior:
	prior on k: chi with 1.250000 degrees of freedom and inf scale
	power and base for tree prior: 2.000000 0.950000
	use quantiles for rule cut points: false
	proposal probabilities: birth/death 0.50, swap 0.10, change 0.40; birth 0.50
data:
	number of training observations: 606
	number of test observations: 0
	number of explanatory variables: 15

Cutoff rules c in x<=c vs x>c
Number of cutoffs: (var: number of possible c):
(1: 100) (2: 100) (3: 100) (4: 100) (5: 100) 
(6: 100) (7: 100) (8: 100) (9: 100) (10: 100) 
(11: 100) (12: 100) (13: 100) (14: 100) (15: 100) 


   [*---------] 10% | ET: 5.3s 
   [**--------] 20% | ET: 11.6s 
   [***-------] 30% | ET: 17s 
   [****------] 40% | ET: 22.4s 
   [*****-----] 50% | ET: 28.7s 
   [******----] 60% | ET: 35.1s 
   [*******---] 70% | ET: 41.8s 
   [********--] 80% | ET: 48.1s 
   [*********-] 90% | ET: 53.8s 
   [**********] 100% | ET: 60.6s 

--- IF for proposed nonparametric estimator computed --- ET: 131 seconds
--- Estimator computed: mu --- ET: 1.1 seconds --- 
--- Estimator computed: mu_1 --- ET: 0.7 seconds --- 
--- Estimator computed: mu_0 --- ET: 0.7 seconds --- 
--- Estimator computed: de --- ET: 0.7 seconds --- 
--- Estimator computed: oe --- ET: 0.7 seconds --- 
--- Estimator computed: se_1 --- ET: 0.7 seconds --- 
--- Estimator computed: se_0 --- ET: 0.7 seconds --- 
--- Total run time: 138.2 seconds --- 
--- Total run time: 163.2 seconds --- ###################################################
### Job finished at Wed Jun  4 23:26:32 EDT 2025 ###
###################################################
