
Attaching package: ‘dplyr’

The following objects are masked from ‘package:stats’:

    filter, lag

The following objects are masked from ‘package:base’:

    intersect, setdiff, setequal, union

Loading required package: foreach
Loading required package: iterators
Loading required package: parallel

 randomForestSRC 3.2.2 
 
 Type rfsrc.news() to see new features, changes, and bug fixes. 
 

── Attaching core tidyverse packages ──────────────────────── tidyverse 2.0.0 ──
✔ forcats   1.0.0     ✔ readr     2.1.4
✔ ggplot2   3.3.6     ✔ stringr   1.5.1
✔ lubridate 1.9.3     ✔ tibble    3.2.1
✔ purrr     0.3.5     ✔ tidyr     1.2.1
── Conflicts ────────────────────────────────────────── tidyverse_conflicts() ──
✖ purrr::accumulate() masks foreach::accumulate()
✖ tidyr::extract()    masks dbarts::extract()
✖ dplyr::filter()     masks stats::filter()
✖ dplyr::lag()        masks stats::lag()
✖ purrr::partial()    masks randomForestSRC::partial()
✖ purrr::when()       masks foreach::when()
ℹ Use the [conflicted package](http://conflicted.r-lib.org/) to force all conflicts to become errors
Loading required package: Matrix

Attaching package: ‘Matrix’

The following objects are masked from ‘package:tidyr’:

    expand, pack, unpack

[1] "[Analysis setting]"
[1] "n.cpus: 8"
[1] "method: para"
[1] "taus: 0.1, 0.2, 0.3, 0.4, 0.5"
[1] "thetas: 0.1, 0.2, 0.3, 0.4, 0.5, 0.6, 0.7, 0.8, 0.9"
[1] "r: 100"
[1] "m: 200"
[1] "N_total: 2537"
[1] "cluster size dist'n: "

 5  6  7  8  9 10 11 12 13 14 15 16 17 18 19 20 
14 11  8 11 10 16 16 19  8 11 11 14  8 12 16 15 
[1] "observed time summary: "
   Min. 1st Qu.  Median    Mean 3rd Qu.    Max. 
 0.0000  0.0365  0.3799  0.6323  1.0000  5.8313 
[1] "event indicator table: "

   0    1 
1502 1035 
[1] "treatment indicator table: "

   0    1 
 888 1649 
[1] ""
[1] "Estimation start"
[1] "   Split: 1"
Note: Using an external vector in selections is ambiguous.
ℹ Use `all_of(X.T.names)` instead of `X.T.names` to silence this message.
ℹ See <https://tidyselect.r-lib.org/reference/faq-external-vector.html>.
This message is displayed once per session.
Note: Using an external vector in selections is ambiguous.
ℹ Use `all_of(X.C.names)` instead of `X.C.names` to silence this message.
ℹ See <https://tidyselect.r-lib.org/reference/faq-external-vector.html>.
This message is displayed once per session.
Note: Using an external vector in selections is ambiguous.
ℹ Use `all_of(X.A.names)` instead of `X.A.names` to silence this message.
ℹ See <https://tidyselect.r-lib.org/reference/faq-external-vector.html>.
This message is displayed once per session.
[1] "     Cluster: 2"
[1] "     Cluster: 10"
[1] "     Cluster: 14"
[1] "     Cluster: 19"
[1] "     Cluster: 20"
[1] "     Cluster: 21"
[1] "     Cluster: 22"
[1] "     Cluster: 23"
[1] "     Cluster: 25"
[1] "     Cluster: 27"
[1] "     Cluster: 28"
[1] "     Cluster: 29"
[1] "     Cluster: 30"
[1] "     Cluster: 31"
[1] "     Cluster: 32"
[1] "     Cluster: 33"
[1] "     Cluster: 35"
[1] "     Cluster: 36"
[1] "     Cluster: 37"
[1] "     Cluster: 38"
[1] "     Cluster: 39"
[1] "     Cluster: 41"
[1] "     Cluster: 42"
[1] "     Cluster: 43"
[1] "     Cluster: 45"
[1] "     Cluster: 46"
[1] "     Cluster: 47"
[1] "     Cluster: 48"
[1] "     Cluster: 55"
[1] "     Cluster: 56"
[1] "     Cluster: 57"
[1] "     Cluster: 59"
[1] "     Cluster: 61"
[1] "     Cluster: 62"
[1] "     Cluster: 63"
[1] "     Cluster: 64"
[1] "     Cluster: 66"
[1] "     Cluster: 68"
[1] "     Cluster: 69"
[1] "     Cluster: 70"
[1] "     Cluster: 71"
[1] "     Cluster: 72"
[1] "     Cluster: 73"
[1] "     Cluster: 77"
[1] "     Cluster: 78"
[1] "     Cluster: 80"
[1] "     Cluster: 81"
[1] "     Cluster: 85"
[1] "     Cluster: 86"
[1] "     Cluster: 88"
[1] "     Cluster: 89"
[1] "     Cluster: 92"
[1] "     Cluster: 96"
[1] "     Cluster: 98"
[1] "     Cluster: 100"
[1] "     Cluster: 102"
[1] "     Cluster: 106"
[1] "     Cluster: 107"
[1] "     Cluster: 108"
[1] "     Cluster: 112"
[1] "     Cluster: 113"
[1] "     Cluster: 115"
[1] "     Cluster: 118"
[1] "     Cluster: 121"
[1] "     Cluster: 122"
[1] "     Cluster: 124"
[1] "     Cluster: 126"
[1] "     Cluster: 129"
[1] "     Cluster: 134"
[1] "     Cluster: 140"
[1] "     Cluster: 145"
[1] "     Cluster: 146"
[1] "     Cluster: 149"
[1] "     Cluster: 150"
[1] "     Cluster: 151"
[1] "     Cluster: 152"
[1] "     Cluster: 154"
[1] "     Cluster: 157"
[1] "     Cluster: 158"
[1] "     Cluster: 160"
[1] "     Cluster: 161"
[1] "     Cluster: 165"
[1] "     Cluster: 168"
[1] "     Cluster: 170"
[1] "     Cluster: 171"
[1] "     Cluster: 172"
[1] "     Cluster: 174"
[1] "     Cluster: 175"
[1] "     Cluster: 177"
[1] "     Cluster: 179"
[1] "     Cluster: 180"
[1] "     Cluster: 181"
[1] "     Cluster: 186"
[1] "     Cluster: 188"
[1] "     Cluster: 189"
[1] "     Cluster: 191"
[1] "     Cluster: 197"
[1] "     Cluster: 198"
[1] "     Cluster: 199"
[1] "     Cluster: 200"
[1] "   Split: 2"
[1] "     Cluster: 1"
[1] "     Cluster: 3"
[1] "     Cluster: 4"
[1] "     Cluster: 5"
[1] "     Cluster: 6"
[1] "     Cluster: 7"
[1] "     Cluster: 8"
[1] "     Cluster: 9"
[1] "     Cluster: 11"
[1] "     Cluster: 12"
[1] "     Cluster: 13"
[1] "     Cluster: 15"
[1] "     Cluster: 16"
[1] "     Cluster: 17"
[1] "     Cluster: 18"
[1] "     Cluster: 24"
[1] "     Cluster: 26"
[1] "     Cluster: 34"
[1] "     Cluster: 40"
[1] "     Cluster: 44"
[1] "     Cluster: 49"
[1] "     Cluster: 50"
[1] "     Cluster: 51"
[1] "     Cluster: 52"
[1] "     Cluster: 53"
[1] "     Cluster: 54"
[1] "     Cluster: 58"
[1] "     Cluster: 60"
[1] "     Cluster: 65"
[1] "     Cluster: 67"
[1] "     Cluster: 74"
[1] "     Cluster: 75"
[1] "     Cluster: 76"
[1] "     Cluster: 79"
[1] "     Cluster: 82"
[1] "     Cluster: 83"
[1] "     Cluster: 84"
[1] "     Cluster: 87"
[1] "     Cluster: 90"
[1] "     Cluster: 91"
[1] "     Cluster: 93"
[1] "     Cluster: 94"
[1] "     Cluster: 95"
[1] "     Cluster: 97"
[1] "     Cluster: 99"
[1] "     Cluster: 101"
[1] "     Cluster: 103"
[1] "     Cluster: 104"
[1] "     Cluster: 105"
[1] "     Cluster: 109"
[1] "     Cluster: 110"
[1] "     Cluster: 111"
[1] "     Cluster: 114"
[1] "     Cluster: 116"
[1] "     Cluster: 117"
[1] "     Cluster: 119"
[1] "     Cluster: 120"
[1] "     Cluster: 123"
[1] "     Cluster: 125"
[1] "     Cluster: 127"
[1] "     Cluster: 128"
[1] "     Cluster: 130"
[1] "     Cluster: 131"
[1] "     Cluster: 132"
[1] "     Cluster: 133"
[1] "     Cluster: 135"
[1] "     Cluster: 136"
[1] "     Cluster: 137"
[1] "     Cluster: 138"
[1] "     Cluster: 139"
[1] "     Cluster: 141"
[1] "     Cluster: 142"
[1] "     Cluster: 143"
[1] "     Cluster: 144"
[1] "     Cluster: 147"
[1] "     Cluster: 148"
[1] "     Cluster: 153"
[1] "     Cluster: 155"
[1] "     Cluster: 156"
[1] "     Cluster: 159"
[1] "     Cluster: 162"
[1] "     Cluster: 163"
[1] "     Cluster: 164"
[1] "     Cluster: 166"
[1] "     Cluster: 167"
[1] "     Cluster: 169"
[1] "     Cluster: 173"
[1] "     Cluster: 176"
[1] "     Cluster: 178"
[1] "     Cluster: 182"
[1] "     Cluster: 183"
[1] "     Cluster: 184"
[1] "     Cluster: 185"
[1] "     Cluster: 187"
[1] "     Cluster: 190"
[1] "     Cluster: 192"
[1] "     Cluster: 193"
[1] "     Cluster: 194"
[1] "     Cluster: 195"
[1] "     Cluster: 196"
[1] ""
[1] "IF for proposed nonparametric estimator computed."
`summarise()` has grouped output by 'theta', 'tau'. You can override using the
`.groups` argument.
`summarise()` has grouped output by 'theta'. You can override using the
`.groups` argument.
`summarise()` has grouped output by 'theta', 'tau'. You can override using the
`.groups` argument.
`summarise()` has grouped output by 'theta'. You can override using the
`.groups` argument.
`summarise()` has grouped output by 'theta', 'tau'. You can override using the
`.groups` argument.
`summarise()` has grouped output by 'theta'. You can override using the
`.groups` argument.
`summarise()` has grouped output by 'theta', 'tau'. You can override using the
`.groups` argument.
`summarise()` has grouped output by 'theta'. You can override using the
`.groups` argument.
`summarise()` has grouped output by 'theta', 'tau'. You can override using the
`.groups` argument.
`summarise()` has grouped output by 'theta'. You can override using the
`.groups` argument.
`summarise()` has grouped output by 'theta', 'tau'. You can override using the
`.groups` argument.
`summarise()` has grouped output by 'theta'. You can override using the
`.groups` argument.
`summarise()` has grouped output by 'theta', 'tau'. You can override using the
`.groups` argument.
`summarise()` has grouped output by 'theta'. You can override using the
`.groups` argument.
`summarise()` has grouped output by 'theta', 'tau'. You can override using the
`.groups` argument.
`summarise()` has grouped output by 'theta'. You can override using the
`.groups` argument.
[1] ""
[1] "Total run time was 357.481 seconds"
Warning messages:
1: In checkConv(attr(opt, "derivs"), opt$par, ctrl = control$checkConv,  :
  Model failed to converge with max|grad| = 0.00573409 (tol = 0.002, component 1)
2: In checkConv(attr(opt, "derivs"), opt$par, ctrl = control$checkConv,  :
  Model failed to converge with max|grad| = 0.00728256 (tol = 0.002, component 1)
[1] "Estimation result: "
# A tibble: 360 × 5
   estimand theta   tau   est     se
   <chr>    <dbl> <dbl> <dbl>  <dbl>
 1 mu         0.1   0.1 0.482 0.0505
 2 mu         0.1   0.2 0.586 0.0573
 3 mu         0.1   0.3 0.607 0.0495
 4 mu         0.1   0.4 0.616 0.0555
 5 mu         0.1   0.5 0.646 0.0675
 6 mu         0.2   0.1 0.402 0.0428
 7 mu         0.2   0.2 0.493 0.0396
 8 mu         0.2   0.3 0.524 0.0287
 9 mu         0.2   0.4 0.534 0.0354
10 mu         0.2   0.5 0.583 0.0425
# ℹ 350 more rows
[1] ""
[1] "OR weights"
`summarise()` has grouped output by 'estimand'. You can override using the
`.groups` argument.
# A tibble: 27 × 6
# Groups:   estimand [3]
   estimand theta mean_value median_value min_value max_value
   <fct>    <dbl>      <dbl>        <dbl>     <dbl>     <dbl>
 1 mu         0.1      0.967        0.844  0.000861      6.51
 2 mu         0.2      0.978        0.962  0.0482        3.73
 3 mu         0.3      0.975        0.991  0.223         2.36
 4 mu         0.4      0.979        1      0.480         1.54
 5 mu         0.5      0.987        1      0.638         1.31
 6 mu         0.6      0.998        1      0.735         1.24
 7 mu         0.7      1.01         1      0.801         1.28
 8 mu         0.8      1.01         1      0.722         1.39
 9 mu         0.9      0.990        1      0.366         1.86
10 mu_1       0.1      0.975        0.928  0.00346       4.69
11 mu_1       0.2      0.976        0.989  0.103         3.20
12 mu_1       0.3      0.976        0.994  0.334         1.84
13 mu_1       0.4      0.982        1      0.580         1.40
14 mu_1       0.5      0.991        1      0.675         1.25
15 mu_1       0.6      1.00         1      0.741         1.25
16 mu_1       0.7      1.01         1      0.802         1.34
17 mu_1       0.8      1.01         1      0.703         1.39
18 mu_1       0.9      0.988        1      0.314         1.94
19 mu_0       0.1      0.966        0.844  0.000572      7.19
20 mu_0       0.2      0.979        0.951  0.0345        3.86
21 mu_0       0.3      0.974        0.987  0.175         2.58
22 mu_0       0.4      0.976        0.991  0.413         1.67
23 mu_0       0.5      0.983        1      0.595         1.39
24 mu_0       0.6      0.993        1      0.688         1.25
25 mu_0       0.7      1.00         1      0.771         1.25
26 mu_0       0.8      1.01         1      0.744         1.38
27 mu_0       0.9      1.01         1      0.620         1.61
[1] ""
[1] "IPCW weights"
`summarise()` has grouped output by 'estimand'. You can override using the
`.groups` argument.
# A tibble: 27 × 6
# Groups:   estimand [3]
   estimand theta mean_value median_value min_value max_value
   <fct>    <dbl>      <dbl>        <dbl>     <dbl>     <dbl>
 1 mu         0.1       2.00   0.0000244   4.59e-19    136.  
 2 mu         0.2       1.66   0.00552     4.81e-13     66.3 
 3 mu         0.3       1.52   0.0662      1.60e- 9     30.6 
 4 mu         0.4       1.55   0.322       5.04e- 7     23.9 
 5 mu         0.5       1.48   0.658       4.37e- 5     20.5 
 6 mu         0.6       1.36   1.04        1.19e- 4      9.96
 7 mu         0.7       1.31   1.07        7.83e- 7     15.0 
 8 mu         0.8       1.32   0.978       6.06e-10      9.51
 9 mu         0.9       1.25   0.286       2.60e-15     19.8 
10 mu_1       0.1       2.08   0.000143    0           105.  
11 mu_1       0.2       1.51   0.0156      0            47.3 
12 mu_1       0.3       1.52   0.150       0            27.6 
13 mu_1       0.4       1.55   0.504       0            23.7 
14 mu_1       0.5       1.44   0.852       0            18.2 
15 mu_1       0.6       1.34   1.01        0            11.4 
16 mu_1       0.7       1.30   1.07        0            15.0 
17 mu_1       0.8       1.31   0.837       0            10.7 
18 mu_1       0.9       1.23   0.218       0            19.8 
19 mu_0       0.1       1.99   0.00000808  0           140.  
20 mu_0       0.2       1.69   0.00208     0            76.5 
21 mu_0       0.3       1.51   0.0285      0            35.0 
22 mu_0       0.4       1.55   0.186       0            25.9 
23 mu_0       0.5       1.51   0.471       0            22.8 
24 mu_0       0.6       1.40   0.843       0            13.1 
25 mu_0       0.7       1.34   1.02        0            15.0 
26 mu_0       0.8       1.34   1.03        0            12.8 
27 mu_0       0.9       1.41   0.477       0            19.8 
[1] "Total run time was 361.045 seconds"
