
Attaching package: ‘dplyr’

The following objects are masked from ‘package:stats’:

    filter, lag

The following objects are masked from ‘package:base’:

    intersect, setdiff, setequal, union

Loading required package: foreach
Loading required package: iterators
Loading required package: parallel

 randomForestSRC 3.2.2 
 
 Type rfsrc.news() to see new features, changes, and bug fixes. 
 

── Attaching core tidyverse packages ──────────────────────── tidyverse 2.0.0 ──
✔ forcats   1.0.0     ✔ readr     2.1.4
✔ ggplot2   3.3.6     ✔ stringr   1.5.1
✔ lubridate 1.9.3     ✔ tibble    3.2.1
✔ purrr     0.3.5     ✔ tidyr     1.2.1
── Conflicts ────────────────────────────────────────── tidyverse_conflicts() ──
✖ purrr::accumulate() masks foreach::accumulate()
✖ tidyr::extract()    masks dbarts::extract()
✖ dplyr::filter()     masks stats::filter()
✖ dplyr::lag()        masks stats::lag()
✖ purrr::partial()    masks randomForestSRC::partial()
✖ purrr::when()       masks foreach::when()
ℹ Use the [conflicted package](http://conflicted.r-lib.org/) to force all conflicts to become errors
Loading required package: Matrix

Attaching package: ‘Matrix’

The following objects are masked from ‘package:tidyr’:

    expand, pack, unpack

[1] "[Analysis setting]"
[1] "n.cpus: 8"
[1] "method: para"
[1] "taus: 0.1, 0.2, 0.3, 0.4, 0.5"
[1] "thetas: 0.1, 0.2, 0.3, 0.4, 0.5, 0.6, 0.7, 0.8, 0.9"
[1] "r: 100"
[1] "m: 200"
[1] "N_total: 2465"
[1] "cluster size dist'n: "

 5  6  7  8  9 10 11 12 13 14 15 16 17 18 19 20 
10 12 11 12 15 17 13 16 11 13 15 14 10 12 10  9 
[1] "observed time summary: "
   Min. 1st Qu.  Median    Mean 3rd Qu.    Max. 
0.00000 0.03299 0.35984 0.59184 0.96321 6.00000 
[1] "event indicator table: "

   0    1 
1430 1035 
[1] "treatment indicator table: "

   0    1 
 911 1554 
[1] ""
[1] "Estimation start"
[1] "   Split: 1"
Note: Using an external vector in selections is ambiguous.
ℹ Use `all_of(X.T.names)` instead of `X.T.names` to silence this message.
ℹ See <https://tidyselect.r-lib.org/reference/faq-external-vector.html>.
This message is displayed once per session.
Note: Using an external vector in selections is ambiguous.
ℹ Use `all_of(X.C.names)` instead of `X.C.names` to silence this message.
ℹ See <https://tidyselect.r-lib.org/reference/faq-external-vector.html>.
This message is displayed once per session.
Note: Using an external vector in selections is ambiguous.
ℹ Use `all_of(X.A.names)` instead of `X.A.names` to silence this message.
ℹ See <https://tidyselect.r-lib.org/reference/faq-external-vector.html>.
This message is displayed once per session.
[1] "     Cluster: 1"
[1] "     Cluster: 4"
[1] "     Cluster: 5"
[1] "     Cluster: 9"
[1] "     Cluster: 11"
[1] "     Cluster: 12"
[1] "     Cluster: 15"
[1] "     Cluster: 16"
[1] "     Cluster: 17"
[1] "     Cluster: 18"
[1] "     Cluster: 23"
[1] "     Cluster: 24"
[1] "     Cluster: 26"
[1] "     Cluster: 29"
[1] "     Cluster: 30"
[1] "     Cluster: 32"
[1] "     Cluster: 33"
[1] "     Cluster: 35"
[1] "     Cluster: 36"
[1] "     Cluster: 42"
[1] "     Cluster: 43"
[1] "     Cluster: 44"
[1] "     Cluster: 45"
[1] "     Cluster: 50"
[1] "     Cluster: 52"
[1] "     Cluster: 53"
[1] "     Cluster: 54"
[1] "     Cluster: 56"
[1] "     Cluster: 58"
[1] "     Cluster: 62"
[1] "     Cluster: 65"
[1] "     Cluster: 66"
[1] "     Cluster: 69"
[1] "     Cluster: 70"
[1] "     Cluster: 73"
[1] "     Cluster: 76"
[1] "     Cluster: 77"
[1] "     Cluster: 82"
[1] "     Cluster: 83"
[1] "     Cluster: 85"
[1] "     Cluster: 90"
[1] "     Cluster: 91"
[1] "     Cluster: 93"
[1] "     Cluster: 94"
[1] "     Cluster: 96"
[1] "     Cluster: 97"
[1] "     Cluster: 98"
[1] "     Cluster: 100"
[1] "     Cluster: 101"
[1] "     Cluster: 102"
[1] "     Cluster: 103"
[1] "     Cluster: 108"
[1] "     Cluster: 109"
[1] "     Cluster: 112"
[1] "     Cluster: 113"
[1] "     Cluster: 114"
[1] "     Cluster: 115"
[1] "     Cluster: 118"
[1] "     Cluster: 119"
[1] "     Cluster: 121"
[1] "     Cluster: 122"
[1] "     Cluster: 124"
[1] "     Cluster: 125"
[1] "     Cluster: 126"
[1] "     Cluster: 127"
[1] "     Cluster: 128"
[1] "     Cluster: 129"
[1] "     Cluster: 130"
[1] "     Cluster: 132"
[1] "     Cluster: 134"
[1] "     Cluster: 135"
[1] "     Cluster: 137"
[1] "     Cluster: 145"
[1] "     Cluster: 147"
[1] "     Cluster: 148"
[1] "     Cluster: 150"
[1] "     Cluster: 151"
[1] "     Cluster: 153"
[1] "     Cluster: 158"
[1] "     Cluster: 159"
[1] "     Cluster: 160"
[1] "     Cluster: 161"
[1] "     Cluster: 165"
[1] "     Cluster: 167"
[1] "     Cluster: 168"
[1] "     Cluster: 169"
[1] "     Cluster: 171"
[1] "     Cluster: 172"
[1] "     Cluster: 175"
[1] "     Cluster: 176"
[1] "     Cluster: 177"
[1] "     Cluster: 178"
[1] "     Cluster: 179"
[1] "     Cluster: 182"
[1] "     Cluster: 183"
[1] "     Cluster: 184"
[1] "     Cluster: 187"
[1] "     Cluster: 188"
[1] "     Cluster: 193"
[1] "     Cluster: 198"
[1] "   Split: 2"
[1] "     Cluster: 2"
[1] "     Cluster: 3"
[1] "     Cluster: 6"
[1] "     Cluster: 7"
[1] "     Cluster: 8"
[1] "     Cluster: 10"
[1] "     Cluster: 13"
[1] "     Cluster: 14"
[1] "     Cluster: 19"
[1] "     Cluster: 20"
[1] "     Cluster: 21"
[1] "     Cluster: 22"
[1] "     Cluster: 25"
[1] "     Cluster: 27"
[1] "     Cluster: 28"
[1] "     Cluster: 31"
[1] "     Cluster: 34"
[1] "     Cluster: 37"
[1] "     Cluster: 38"
[1] "     Cluster: 39"
[1] "     Cluster: 40"
[1] "     Cluster: 41"
[1] "     Cluster: 46"
[1] "     Cluster: 47"
[1] "     Cluster: 48"
[1] "     Cluster: 49"
[1] "     Cluster: 51"
[1] "     Cluster: 55"
[1] "     Cluster: 57"
[1] "     Cluster: 59"
[1] "     Cluster: 60"
[1] "     Cluster: 61"
[1] "     Cluster: 63"
[1] "     Cluster: 64"
[1] "     Cluster: 67"
[1] "     Cluster: 68"
[1] "     Cluster: 71"
[1] "     Cluster: 72"
[1] "     Cluster: 74"
[1] "     Cluster: 75"
[1] "     Cluster: 78"
[1] "     Cluster: 79"
[1] "     Cluster: 80"
[1] "     Cluster: 81"
[1] "     Cluster: 84"
[1] "     Cluster: 86"
[1] "     Cluster: 87"
[1] "     Cluster: 88"
[1] "     Cluster: 89"
[1] "     Cluster: 92"
[1] "     Cluster: 95"
[1] "     Cluster: 99"
[1] "     Cluster: 104"
[1] "     Cluster: 105"
[1] "     Cluster: 106"
[1] "     Cluster: 107"
[1] "     Cluster: 110"
[1] "     Cluster: 111"
[1] "     Cluster: 116"
[1] "     Cluster: 117"
[1] "     Cluster: 120"
[1] "     Cluster: 123"
[1] "     Cluster: 131"
[1] "     Cluster: 133"
[1] "     Cluster: 136"
[1] "     Cluster: 138"
[1] "     Cluster: 139"
[1] "     Cluster: 140"
[1] "     Cluster: 141"
[1] "     Cluster: 142"
[1] "     Cluster: 143"
[1] "     Cluster: 144"
[1] "     Cluster: 146"
[1] "     Cluster: 149"
[1] "     Cluster: 152"
[1] "     Cluster: 154"
[1] "     Cluster: 155"
[1] "     Cluster: 156"
[1] "     Cluster: 157"
[1] "     Cluster: 162"
[1] "     Cluster: 163"
[1] "     Cluster: 164"
[1] "     Cluster: 166"
[1] "     Cluster: 170"
[1] "     Cluster: 173"
[1] "     Cluster: 174"
[1] "     Cluster: 180"
[1] "     Cluster: 181"
[1] "     Cluster: 185"
[1] "     Cluster: 186"
[1] "     Cluster: 189"
[1] "     Cluster: 190"
[1] "     Cluster: 191"
[1] "     Cluster: 192"
[1] "     Cluster: 194"
[1] "     Cluster: 195"
[1] "     Cluster: 196"
[1] "     Cluster: 197"
[1] "     Cluster: 199"
[1] "     Cluster: 200"
[1] ""
[1] "IF for proposed nonparametric estimator computed."
`summarise()` has grouped output by 'theta', 'tau'. You can override using the
`.groups` argument.
`summarise()` has grouped output by 'theta'. You can override using the
`.groups` argument.
`summarise()` has grouped output by 'theta', 'tau'. You can override using the
`.groups` argument.
`summarise()` has grouped output by 'theta'. You can override using the
`.groups` argument.
`summarise()` has grouped output by 'theta', 'tau'. You can override using the
`.groups` argument.
`summarise()` has grouped output by 'theta'. You can override using the
`.groups` argument.
`summarise()` has grouped output by 'theta', 'tau'. You can override using the
`.groups` argument.
`summarise()` has grouped output by 'theta'. You can override using the
`.groups` argument.
`summarise()` has grouped output by 'theta', 'tau'. You can override using the
`.groups` argument.
`summarise()` has grouped output by 'theta'. You can override using the
`.groups` argument.
`summarise()` has grouped output by 'theta', 'tau'. You can override using the
`.groups` argument.
`summarise()` has grouped output by 'theta'. You can override using the
`.groups` argument.
`summarise()` has grouped output by 'theta', 'tau'. You can override using the
`.groups` argument.
`summarise()` has grouped output by 'theta'. You can override using the
`.groups` argument.
`summarise()` has grouped output by 'theta', 'tau'. You can override using the
`.groups` argument.
`summarise()` has grouped output by 'theta'. You can override using the
`.groups` argument.
[1] ""
[1] "Total run time was 350.022 seconds"
Warning message:
In checkConv(attr(opt, "derivs"), opt$par, ctrl = control$checkConv,  :
  Model failed to converge with max|grad| = 0.0109468 (tol = 0.002, component 1)
[1] "Estimation result: "
# A tibble: 360 × 5
   estimand theta   tau   est     se
   <chr>    <dbl> <dbl> <dbl>  <dbl>
 1 mu         0.1   0.1 0.403 0.0597
 2 mu         0.1   0.2 0.439 0.0843
 3 mu         0.1   0.3 0.533 0.0536
 4 mu         0.1   0.4 0.559 0.0672
 5 mu         0.1   0.5 0.597 0.0781
 6 mu         0.2   0.1 0.366 0.0459
 7 mu         0.2   0.2 0.416 0.0402
 8 mu         0.2   0.3 0.482 0.0345
 9 mu         0.2   0.4 0.501 0.0335
10 mu         0.2   0.5 0.549 0.0379
# ℹ 350 more rows
[1] ""
[1] "OR weights"
`summarise()` has grouped output by 'estimand'. You can override using the
`.groups` argument.
# A tibble: 27 × 6
# Groups:   estimand [3]
   estimand theta mean_value median_value min_value max_value
   <fct>    <dbl>      <dbl>        <dbl>     <dbl>     <dbl>
 1 mu         0.1      0.880        0.907   0.00210      4.44
 2 mu         0.2      0.933        0.978   0.0550       1.89
 3 mu         0.3      0.978        1       0.255        1.76
 4 mu         0.4      1.00         1       0.560        1.38
 5 mu         0.5      1.01         1       0.759        1.39
 6 mu         0.6      1.00         1.00    0.812        1.39
 7 mu         0.7      1.00         1       0.785        1.21
 8 mu         0.8      1.00         1       0.655        1.44
 9 mu         0.9      1.01         1       0.416        1.99
10 mu_1       0.1      0.900        0.935   0.00811      2.17
11 mu_1       0.2      0.964        1.00    0.113        2.07
12 mu_1       0.3      0.994        1       0.376        1.55
13 mu_1       0.4      1.01         1       0.671        1.41
14 mu_1       0.5      1.01         1       0.769        1.43
15 mu_1       0.6      1.00         1       0.801        1.36
16 mu_1       0.7      1.00         1       0.778        1.22
17 mu_1       0.8      1.00         1       0.601        1.52
18 mu_1       0.9      1.01         1       0.393        2.01
19 mu_0       0.1      0.878        0.900   0.00143      4.86
20 mu_0       0.2      0.925        0.975   0.0405       1.98
21 mu_0       0.3      0.971        0.997   0.203        1.86
22 mu_0       0.4      0.996        1       0.485        1.47
23 mu_0       0.5      1.01         1       0.744        1.38
24 mu_0       0.6      1.01         1       0.779        1.44
25 mu_0       0.7      1.00         1       0.795        1.33
26 mu_0       0.8      0.999        1       0.711        1.31
27 mu_0       0.9      1.00         1       0.626        1.82
[1] ""
[1] "IPCW weights"
`summarise()` has grouped output by 'estimand'. You can override using the
`.groups` argument.
# A tibble: 27 × 6
# Groups:   estimand [3]
   estimand theta mean_value median_value min_value max_value
   <fct>    <dbl>      <dbl>        <dbl>     <dbl>     <dbl>
 1 mu         0.1      1.43     0.0000688  1.25e-17    143.  
 2 mu         0.2      1.16     0.00772    6.55e-12     27.9 
 3 mu         0.3      1.32     0.0839     1.45e- 8     24.9 
 4 mu         0.4      1.31     0.327      3.44e- 6     13.6 
 5 mu         0.5      1.19     0.782      2.38e- 4      8.14
 6 mu         0.6      1.09     0.960      7.46e- 4      5.10
 7 mu         0.7      1.08     0.999      9.97e- 6      5.32
 8 mu         0.8      1.14     0.878      2.28e- 8     10.2 
 9 mu         0.9      1.19     0.147      6.95e-13     16.9 
10 mu_1       0.1      0.822    0.000369   0            25.7 
11 mu_1       0.2      1.19     0.0244     0            32.8 
12 mu_1       0.3      1.34     0.172      0            19.5 
13 mu_1       0.4      1.26     0.549      0            12.0 
14 mu_1       0.5      1.15     0.924      0             7.51
15 mu_1       0.6      1.08     0.951      0             4.18
16 mu_1       0.7      1.10     1.04       0             6.26
17 mu_1       0.8      1.15     0.769      0            10.5 
18 mu_1       0.9      1.18     0.113      0            18.8 
19 mu_0       0.1      1.50     0.0000289  0           159.  
20 mu_0       0.2      1.15     0.00277    0            30.6 
21 mu_0       0.3      1.31     0.0324     0            27.2 
22 mu_0       0.4      1.34     0.172      0            14.7 
23 mu_0       0.5      1.23     0.575      0             9.03
24 mu_0       0.6      1.10     0.815      0             6.86
25 mu_0       0.7      1.05     0.755      0             4.08
26 mu_0       0.8      1.11     1.05       0             9.02
27 mu_0       0.9      1.28     0.366      0            11.7 
[1] "Total run time was 353.67 seconds"
