
Attaching package: ‘dplyr’

The following objects are masked from ‘package:stats’:

    filter, lag

The following objects are masked from ‘package:base’:

    intersect, setdiff, setequal, union

Loading required package: foreach
Loading required package: iterators
Loading required package: parallel

 randomForestSRC 3.2.2 
 
 Type rfsrc.news() to see new features, changes, and bug fixes. 
 

── Attaching core tidyverse packages ──────────────────────── tidyverse 2.0.0 ──
✔ forcats   1.0.0     ✔ readr     2.1.4
✔ ggplot2   3.3.6     ✔ stringr   1.5.1
✔ lubridate 1.9.3     ✔ tibble    3.2.1
✔ purrr     0.3.5     ✔ tidyr     1.2.1
── Conflicts ────────────────────────────────────────── tidyverse_conflicts() ──
✖ purrr::accumulate() masks foreach::accumulate()
✖ tidyr::extract()    masks dbarts::extract()
✖ dplyr::filter()     masks stats::filter()
✖ dplyr::lag()        masks stats::lag()
✖ purrr::partial()    masks randomForestSRC::partial()
✖ purrr::when()       masks foreach::when()
ℹ Use the [conflicted package](http://conflicted.r-lib.org/) to force all conflicts to become errors
Loading required package: Matrix

Attaching package: ‘Matrix’

The following objects are masked from ‘package:tidyr’:

    expand, pack, unpack

[1] "[Analysis setting]"
[1] "n.cpus: 8"
[1] "method: para"
[1] "taus: 0.1, 0.2, 0.3, 0.4, 0.5"
[1] "thetas: 0.1, 0.2, 0.3, 0.4, 0.5, 0.6, 0.7, 0.8, 0.9"
[1] "r: 100"
[1] "m: 200"
[1] "N_total: 2378"
[1] "cluster size dist'n: "

 5  6  7  8  9 10 11 12 13 14 15 16 17 18 19 20 
13 12 17 13 15 19 13 10 16 14  8 11  7  7 15 10 
[1] "observed time summary: "
   Min. 1st Qu.  Median    Mean 3rd Qu.    Max. 
0.00000 0.02597 0.34657 0.61155 1.00000 6.00000 
[1] "event indicator table: "

   0    1 
1456  922 
[1] "treatment indicator table: "

   0    1 
 821 1557 
[1] ""
[1] "Estimation start"
[1] "   Split: 1"
Note: Using an external vector in selections is ambiguous.
ℹ Use `all_of(X.T.names)` instead of `X.T.names` to silence this message.
ℹ See <https://tidyselect.r-lib.org/reference/faq-external-vector.html>.
This message is displayed once per session.
Note: Using an external vector in selections is ambiguous.
ℹ Use `all_of(X.C.names)` instead of `X.C.names` to silence this message.
ℹ See <https://tidyselect.r-lib.org/reference/faq-external-vector.html>.
This message is displayed once per session.
Note: Using an external vector in selections is ambiguous.
ℹ Use `all_of(X.A.names)` instead of `X.A.names` to silence this message.
ℹ See <https://tidyselect.r-lib.org/reference/faq-external-vector.html>.
This message is displayed once per session.
[1] "     Cluster: 2"
[1] "     Cluster: 3"
[1] "     Cluster: 8"
[1] "     Cluster: 9"
[1] "     Cluster: 10"
[1] "     Cluster: 12"
[1] "     Cluster: 14"
[1] "     Cluster: 17"
[1] "     Cluster: 18"
[1] "     Cluster: 19"
[1] "     Cluster: 22"
[1] "     Cluster: 28"
[1] "     Cluster: 33"
[1] "     Cluster: 35"
[1] "     Cluster: 37"
[1] "     Cluster: 41"
[1] "     Cluster: 42"
[1] "     Cluster: 43"
[1] "     Cluster: 45"
[1] "     Cluster: 48"
[1] "     Cluster: 50"
[1] "     Cluster: 51"
[1] "     Cluster: 52"
[1] "     Cluster: 53"
[1] "     Cluster: 57"
[1] "     Cluster: 60"
[1] "     Cluster: 62"
[1] "     Cluster: 63"
[1] "     Cluster: 64"
[1] "     Cluster: 67"
[1] "     Cluster: 68"
[1] "     Cluster: 71"
[1] "     Cluster: 74"
[1] "     Cluster: 76"
[1] "     Cluster: 77"
[1] "     Cluster: 78"
[1] "     Cluster: 80"
[1] "     Cluster: 81"
[1] "     Cluster: 83"
[1] "     Cluster: 84"
[1] "     Cluster: 85"
[1] "     Cluster: 86"
[1] "     Cluster: 87"
[1] "     Cluster: 88"
[1] "     Cluster: 91"
[1] "     Cluster: 93"
[1] "     Cluster: 94"
[1] "     Cluster: 95"
[1] "     Cluster: 97"
[1] "     Cluster: 98"
[1] "     Cluster: 99"
[1] "     Cluster: 100"
[1] "     Cluster: 101"
[1] "     Cluster: 102"
[1] "     Cluster: 106"
[1] "     Cluster: 107"
[1] "     Cluster: 109"
[1] "     Cluster: 111"
[1] "     Cluster: 112"
[1] "     Cluster: 114"
[1] "     Cluster: 117"
[1] "     Cluster: 118"
[1] "     Cluster: 120"
[1] "     Cluster: 121"
[1] "     Cluster: 122"
[1] "     Cluster: 123"
[1] "     Cluster: 124"
[1] "     Cluster: 125"
[1] "     Cluster: 126"
[1] "     Cluster: 129"
[1] "     Cluster: 130"
[1] "     Cluster: 131"
[1] "     Cluster: 134"
[1] "     Cluster: 136"
[1] "     Cluster: 138"
[1] "     Cluster: 139"
[1] "     Cluster: 141"
[1] "     Cluster: 145"
[1] "     Cluster: 151"
[1] "     Cluster: 152"
[1] "     Cluster: 156"
[1] "     Cluster: 160"
[1] "     Cluster: 166"
[1] "     Cluster: 167"
[1] "     Cluster: 170"
[1] "     Cluster: 171"
[1] "     Cluster: 175"
[1] "     Cluster: 176"
[1] "     Cluster: 179"
[1] "     Cluster: 180"
[1] "     Cluster: 181"
[1] "     Cluster: 182"
[1] "     Cluster: 183"
[1] "     Cluster: 184"
[1] "     Cluster: 188"
[1] "     Cluster: 190"
[1] "     Cluster: 195"
[1] "     Cluster: 197"
[1] "     Cluster: 198"
[1] "     Cluster: 200"
[1] "   Split: 2"
[1] "     Cluster: 1"
[1] "     Cluster: 4"
[1] "     Cluster: 5"
[1] "     Cluster: 6"
[1] "     Cluster: 7"
[1] "     Cluster: 11"
[1] "     Cluster: 13"
[1] "     Cluster: 15"
[1] "     Cluster: 16"
[1] "     Cluster: 20"
[1] "     Cluster: 21"
[1] "     Cluster: 23"
[1] "     Cluster: 24"
[1] "     Cluster: 25"
[1] "     Cluster: 26"
[1] "     Cluster: 27"
[1] "     Cluster: 29"
[1] "     Cluster: 30"
[1] "     Cluster: 31"
[1] "     Cluster: 32"
[1] "     Cluster: 34"
[1] "     Cluster: 36"
[1] "     Cluster: 38"
[1] "     Cluster: 39"
[1] "     Cluster: 40"
[1] "     Cluster: 44"
[1] "     Cluster: 46"
[1] "     Cluster: 47"
[1] "     Cluster: 49"
[1] "     Cluster: 54"
[1] "     Cluster: 55"
[1] "     Cluster: 56"
[1] "     Cluster: 58"
[1] "     Cluster: 59"
[1] "     Cluster: 61"
[1] "     Cluster: 65"
[1] "     Cluster: 66"
[1] "     Cluster: 69"
[1] "     Cluster: 70"
[1] "     Cluster: 72"
[1] "     Cluster: 73"
[1] "     Cluster: 75"
[1] "     Cluster: 79"
[1] "     Cluster: 82"
[1] "     Cluster: 89"
[1] "     Cluster: 90"
[1] "     Cluster: 92"
[1] "     Cluster: 96"
[1] "     Cluster: 103"
[1] "     Cluster: 104"
[1] "     Cluster: 105"
[1] "     Cluster: 108"
[1] "     Cluster: 110"
[1] "     Cluster: 113"
[1] "     Cluster: 115"
[1] "     Cluster: 116"
[1] "     Cluster: 119"
[1] "     Cluster: 127"
[1] "     Cluster: 128"
[1] "     Cluster: 132"
[1] "     Cluster: 133"
[1] "     Cluster: 135"
[1] "     Cluster: 137"
[1] "     Cluster: 140"
[1] "     Cluster: 142"
[1] "     Cluster: 143"
[1] "     Cluster: 144"
[1] "     Cluster: 146"
[1] "     Cluster: 147"
[1] "     Cluster: 148"
[1] "     Cluster: 149"
[1] "     Cluster: 150"
[1] "     Cluster: 153"
[1] "     Cluster: 154"
[1] "     Cluster: 155"
[1] "     Cluster: 157"
[1] "     Cluster: 158"
[1] "     Cluster: 159"
[1] "     Cluster: 161"
[1] "     Cluster: 162"
[1] "     Cluster: 163"
[1] "     Cluster: 164"
[1] "     Cluster: 165"
[1] "     Cluster: 168"
[1] "     Cluster: 169"
[1] "     Cluster: 172"
[1] "     Cluster: 173"
[1] "     Cluster: 174"
[1] "     Cluster: 177"
[1] "     Cluster: 178"
[1] "     Cluster: 185"
[1] "     Cluster: 186"
[1] "     Cluster: 187"
[1] "     Cluster: 189"
[1] "     Cluster: 191"
[1] "     Cluster: 192"
[1] "     Cluster: 193"
[1] "     Cluster: 194"
[1] "     Cluster: 196"
[1] "     Cluster: 199"
[1] ""
[1] "IF for proposed nonparametric estimator computed."
`summarise()` has grouped output by 'theta', 'tau'. You can override using the
`.groups` argument.
`summarise()` has grouped output by 'theta'. You can override using the
`.groups` argument.
`summarise()` has grouped output by 'theta', 'tau'. You can override using the
`.groups` argument.
`summarise()` has grouped output by 'theta'. You can override using the
`.groups` argument.
`summarise()` has grouped output by 'theta', 'tau'. You can override using the
`.groups` argument.
`summarise()` has grouped output by 'theta'. You can override using the
`.groups` argument.
`summarise()` has grouped output by 'theta', 'tau'. You can override using the
`.groups` argument.
`summarise()` has grouped output by 'theta'. You can override using the
`.groups` argument.
`summarise()` has grouped output by 'theta', 'tau'. You can override using the
`.groups` argument.
`summarise()` has grouped output by 'theta'. You can override using the
`.groups` argument.
`summarise()` has grouped output by 'theta', 'tau'. You can override using the
`.groups` argument.
`summarise()` has grouped output by 'theta'. You can override using the
`.groups` argument.
`summarise()` has grouped output by 'theta', 'tau'. You can override using the
`.groups` argument.
`summarise()` has grouped output by 'theta'. You can override using the
`.groups` argument.
`summarise()` has grouped output by 'theta', 'tau'. You can override using the
`.groups` argument.
`summarise()` has grouped output by 'theta'. You can override using the
`.groups` argument.
[1] ""
[1] "Total run time was 383.192 seconds"
Warning message:
In checkConv(attr(opt, "derivs"), opt$par, ctrl = control$checkConv,  :
  Model failed to converge with max|grad| = 0.0129352 (tol = 0.002, component 1)
[1] "Estimation result: "
# A tibble: 360 × 5
   estimand theta   tau   est     se
   <chr>    <dbl> <dbl> <dbl>  <dbl>
 1 mu         0.1   0.1 0.313 0.0964
 2 mu         0.1   0.2 0.319 0.148 
 3 mu         0.1   0.3 0.333 0.182 
 4 mu         0.1   0.4 0.350 0.202 
 5 mu         0.1   0.5 0.383 0.216 
 6 mu         0.2   0.1 0.286 0.0722
 7 mu         0.2   0.2 0.303 0.122 
 8 mu         0.2   0.3 0.335 0.152 
 9 mu         0.2   0.4 0.360 0.166 
10 mu         0.2   0.5 0.397 0.174 
# ℹ 350 more rows
[1] ""
[1] "OR weights"
`summarise()` has grouped output by 'estimand'. You can override using the
`.groups` argument.
# A tibble: 27 × 6
# Groups:   estimand [3]
   estimand theta mean_value median_value   min_value max_value
   <fct>    <dbl>      <dbl>        <dbl>       <dbl>     <dbl>
 1 mu         0.1      1.32         0.899 0.000000361     74.9 
 2 mu         0.2      1.09         1     0.000320        25.7 
 3 mu         0.3      1.01         1     0.0110           5.56
 4 mu         0.4      1.00         1     0.0941           2.41
 5 mu         0.5      1.01         1     0.354            2.04
 6 mu         0.6      1.01         1     0.684            1.83
 7 mu         0.7      1.01         1     0.793            1.50
 8 mu         0.8      0.997        1     0.629            1.34
 9 mu         0.9      0.987        1     0.306            1.80
10 mu_1       0.1      1.16         0.926 0.00000210      46.8 
11 mu_1       0.2      1.01         1     0.000943         8.14
12 mu_1       0.3      0.998        1     0.0220           2.38
13 mu_1       0.4      1.01         1     0.144            2.39
14 mu_1       0.5      1.01         1     0.449            1.98
15 mu_1       0.6      1.01         1     0.735            1.71
16 mu_1       0.7      1.00         1     0.798            1.39
17 mu_1       0.8      0.996        1     0.585            1.38
18 mu_1       0.9      0.987        1     0.277            1.86
19 mu_0       0.1      1.33         0.870 0.000000167     78.0 
20 mu_0       0.2      1.11         1     0.000164        30.0 
21 mu_0       0.3      1.02         1     0.00632          7.23
22 mu_0       0.4      1.00         1     0.0609           2.43
23 mu_0       0.5      1.01         1     0.260            2.20
24 mu_0       0.6      1.01         1     0.608            2.00
25 mu_0       0.7      1.01         1     0.774            1.75
26 mu_0       0.8      1.00         1     0.777            1.39
27 mu_0       0.9      0.989        1     0.543            1.42
[1] ""
[1] "IPCW weights"
`summarise()` has grouped output by 'estimand'. You can override using the
`.groups` argument.
# A tibble: 27 × 6
# Groups:   estimand [3]
   estimand theta mean_value median_value min_value max_value
   <fct>    <dbl>      <dbl>        <dbl>     <dbl>     <dbl>
 1 mu         0.1       6.20    0.0000545  2.41e-18   1005.  
 2 mu         0.2       6.13    0.00598    1.26e-12    881.  
 3 mu         0.3       5.29    0.0837     2.80e- 9    519.  
 4 mu         0.4       3.92    0.342      6.63e- 7    235.  
 5 mu         0.5       2.57    0.725      4.60e- 5     82.1 
 6 mu         0.6       1.70    0.963      1.47e- 3     33.4 
 7 mu         0.7       1.29    1.00       5.26e- 4     14.7 
 8 mu         0.8       1.17    0.800      6.09e- 6     10.3 
 9 mu         0.9       1.15    0.225      1.99e- 9     15.9 
10 mu_1       0.1       7.46    0.000411   0          1256.  
11 mu_1       0.2       4.98    0.0223     0           551.  
12 mu_1       0.3       4.05    0.162      0           268.  
13 mu_1       0.4       2.99    0.547      0           152.  
14 mu_1       0.5       2.06    0.850      0            43.7 
15 mu_1       0.6       1.49    0.983      0            24.8 
16 mu_1       0.7       1.23    0.907      0             9.33
17 mu_1       0.8       1.17    0.724      0            11.6 
18 mu_1       0.9       1.15    0.175      0            17.7 
19 mu_0       0.1       6.06    0.0000142  0           977.  
20 mu_0       0.2       6.42    0.00197    0           964.  
21 mu_0       0.3       5.82    0.0348     0           649.  
22 mu_0       0.4       4.55    0.185      0           343.  
23 mu_0       0.5       3.08    0.550      0           144.  
24 mu_0       0.6       2.02    0.950      0            46.4 
25 mu_0       0.7       1.43    0.908      0            27.2 
26 mu_0       0.8       1.19    0.917      0             9.17
27 mu_0       0.9       1.13    0.263      0            14.9 
[1] "Total run time was 387.186 seconds"
