
Attaching package: ‘dplyr’

The following objects are masked from ‘package:stats’:

    filter, lag

The following objects are masked from ‘package:base’:

    intersect, setdiff, setequal, union

Loading required package: foreach
Loading required package: iterators
Loading required package: parallel

 randomForestSRC 3.2.2 
 
 Type rfsrc.news() to see new features, changes, and bug fixes. 
 

── Attaching core tidyverse packages ──────────────────────── tidyverse 2.0.0 ──
✔ forcats   1.0.0     ✔ readr     2.1.4
✔ ggplot2   3.3.6     ✔ stringr   1.5.1
✔ lubridate 1.9.3     ✔ tibble    3.2.1
✔ purrr     0.3.5     ✔ tidyr     1.2.1
── Conflicts ────────────────────────────────────────── tidyverse_conflicts() ──
✖ purrr::accumulate() masks foreach::accumulate()
✖ tidyr::extract()    masks dbarts::extract()
✖ dplyr::filter()     masks stats::filter()
✖ dplyr::lag()        masks stats::lag()
✖ purrr::partial()    masks randomForestSRC::partial()
✖ purrr::when()       masks foreach::when()
ℹ Use the [conflicted package](http://conflicted.r-lib.org/) to force all conflicts to become errors
Loading required package: Matrix

Attaching package: ‘Matrix’

The following objects are masked from ‘package:tidyr’:

    expand, pack, unpack

[1] "[Analysis setting]"
[1] "n.cpus: 8"
[1] "method: para"
[1] "taus: 0.1, 0.2, 0.3, 0.4, 0.5"
[1] "thetas: 0.1, 0.2, 0.3, 0.4, 0.5, 0.6, 0.7, 0.8, 0.9"
[1] "r: 100"
[1] "m: 200"
[1] "N_total: 2479"
[1] "cluster size dist'n: "

 5  6  7  8  9 10 11 12 13 14 15 16 17 18 19 20 
12  9 18  8 12 13 18 17  8 12 10 11 21 17  6  8 
[1] "observed time summary: "
   Min. 1st Qu.  Median    Mean 3rd Qu.    Max. 
0.00000 0.04163 0.35130 0.61208 1.00000 6.00000 
[1] "event indicator table: "

   0    1 
1450 1029 
[1] "treatment indicator table: "

   0    1 
 969 1510 
[1] ""
[1] "Estimation start"
[1] "   Split: 1"
Note: Using an external vector in selections is ambiguous.
ℹ Use `all_of(X.T.names)` instead of `X.T.names` to silence this message.
ℹ See <https://tidyselect.r-lib.org/reference/faq-external-vector.html>.
This message is displayed once per session.
Note: Using an external vector in selections is ambiguous.
ℹ Use `all_of(X.C.names)` instead of `X.C.names` to silence this message.
ℹ See <https://tidyselect.r-lib.org/reference/faq-external-vector.html>.
This message is displayed once per session.
Note: Using an external vector in selections is ambiguous.
ℹ Use `all_of(X.A.names)` instead of `X.A.names` to silence this message.
ℹ See <https://tidyselect.r-lib.org/reference/faq-external-vector.html>.
This message is displayed once per session.
[1] "     Cluster: 1"
[1] "     Cluster: 2"
[1] "     Cluster: 5"
[1] "     Cluster: 6"
[1] "     Cluster: 10"
[1] "     Cluster: 11"
[1] "     Cluster: 12"
[1] "     Cluster: 13"
[1] "     Cluster: 14"
[1] "     Cluster: 20"
[1] "     Cluster: 21"
[1] "     Cluster: 23"
[1] "     Cluster: 24"
[1] "     Cluster: 26"
[1] "     Cluster: 28"
[1] "     Cluster: 29"
[1] "     Cluster: 31"
[1] "     Cluster: 32"
[1] "     Cluster: 33"
[1] "     Cluster: 38"
[1] "     Cluster: 40"
[1] "     Cluster: 41"
[1] "     Cluster: 42"
[1] "     Cluster: 44"
[1] "     Cluster: 45"
[1] "     Cluster: 49"
[1] "     Cluster: 50"
[1] "     Cluster: 52"
[1] "     Cluster: 54"
[1] "     Cluster: 55"
[1] "     Cluster: 56"
[1] "     Cluster: 58"
[1] "     Cluster: 61"
[1] "     Cluster: 66"
[1] "     Cluster: 67"
[1] "     Cluster: 69"
[1] "     Cluster: 71"
[1] "     Cluster: 72"
[1] "     Cluster: 73"
[1] "     Cluster: 77"
[1] "     Cluster: 79"
[1] "     Cluster: 80"
[1] "     Cluster: 81"
[1] "     Cluster: 82"
[1] "     Cluster: 84"
[1] "     Cluster: 85"
[1] "     Cluster: 88"
[1] "     Cluster: 93"
[1] "     Cluster: 95"
[1] "     Cluster: 96"
[1] "     Cluster: 98"
[1] "     Cluster: 101"
[1] "     Cluster: 102"
[1] "     Cluster: 104"
[1] "     Cluster: 112"
[1] "     Cluster: 113"
[1] "     Cluster: 115"
[1] "     Cluster: 117"
[1] "     Cluster: 118"
[1] "     Cluster: 120"
[1] "     Cluster: 121"
[1] "     Cluster: 122"
[1] "     Cluster: 123"
[1] "     Cluster: 124"
[1] "     Cluster: 125"
[1] "     Cluster: 130"
[1] "     Cluster: 131"
[1] "     Cluster: 138"
[1] "     Cluster: 140"
[1] "     Cluster: 142"
[1] "     Cluster: 145"
[1] "     Cluster: 146"
[1] "     Cluster: 149"
[1] "     Cluster: 151"
[1] "     Cluster: 152"
[1] "     Cluster: 153"
[1] "     Cluster: 160"
[1] "     Cluster: 161"
[1] "     Cluster: 162"
[1] "     Cluster: 163"
[1] "     Cluster: 164"
[1] "     Cluster: 166"
[1] "     Cluster: 168"
[1] "     Cluster: 172"
[1] "     Cluster: 174"
[1] "     Cluster: 175"
[1] "     Cluster: 176"
[1] "     Cluster: 177"
[1] "     Cluster: 178"
[1] "     Cluster: 179"
[1] "     Cluster: 181"
[1] "     Cluster: 183"
[1] "     Cluster: 184"
[1] "     Cluster: 185"
[1] "     Cluster: 187"
[1] "     Cluster: 189"
[1] "     Cluster: 194"
[1] "     Cluster: 198"
[1] "     Cluster: 199"
[1] "     Cluster: 200"
[1] "   Split: 2"
[1] "     Cluster: 3"
[1] "     Cluster: 4"
[1] "     Cluster: 7"
[1] "     Cluster: 8"
[1] "     Cluster: 9"
[1] "     Cluster: 15"
[1] "     Cluster: 16"
[1] "     Cluster: 17"
[1] "     Cluster: 18"
[1] "     Cluster: 19"
[1] "     Cluster: 22"
[1] "     Cluster: 25"
[1] "     Cluster: 27"
[1] "     Cluster: 30"
[1] "     Cluster: 34"
[1] "     Cluster: 35"
[1] "     Cluster: 36"
[1] "     Cluster: 37"
[1] "     Cluster: 39"
[1] "     Cluster: 43"
[1] "     Cluster: 46"
[1] "     Cluster: 47"
[1] "     Cluster: 48"
[1] "     Cluster: 51"
[1] "     Cluster: 53"
[1] "     Cluster: 57"
[1] "     Cluster: 59"
[1] "     Cluster: 60"
[1] "     Cluster: 62"
[1] "     Cluster: 63"
[1] "     Cluster: 64"
[1] "     Cluster: 65"
[1] "     Cluster: 68"
[1] "     Cluster: 70"
[1] "     Cluster: 74"
[1] "     Cluster: 75"
[1] "     Cluster: 76"
[1] "     Cluster: 78"
[1] "     Cluster: 83"
[1] "     Cluster: 86"
[1] "     Cluster: 87"
[1] "     Cluster: 89"
[1] "     Cluster: 90"
[1] "     Cluster: 91"
[1] "     Cluster: 92"
[1] "     Cluster: 94"
[1] "     Cluster: 97"
[1] "     Cluster: 99"
[1] "     Cluster: 100"
[1] "     Cluster: 103"
[1] "     Cluster: 105"
[1] "     Cluster: 106"
[1] "     Cluster: 107"
[1] "     Cluster: 108"
[1] "     Cluster: 109"
[1] "     Cluster: 110"
[1] "     Cluster: 111"
[1] "     Cluster: 114"
[1] "     Cluster: 116"
[1] "     Cluster: 119"
[1] "     Cluster: 126"
[1] "     Cluster: 127"
[1] "     Cluster: 128"
[1] "     Cluster: 129"
[1] "     Cluster: 132"
[1] "     Cluster: 133"
[1] "     Cluster: 134"
[1] "     Cluster: 135"
[1] "     Cluster: 136"
[1] "     Cluster: 137"
[1] "     Cluster: 139"
[1] "     Cluster: 141"
[1] "     Cluster: 143"
[1] "     Cluster: 144"
[1] "     Cluster: 147"
[1] "     Cluster: 148"
[1] "     Cluster: 150"
[1] "     Cluster: 154"
[1] "     Cluster: 155"
[1] "     Cluster: 156"
[1] "     Cluster: 157"
[1] "     Cluster: 158"
[1] "     Cluster: 159"
[1] "     Cluster: 165"
[1] "     Cluster: 167"
[1] "     Cluster: 169"
[1] "     Cluster: 170"
[1] "     Cluster: 171"
[1] "     Cluster: 173"
[1] "     Cluster: 180"
[1] "     Cluster: 182"
[1] "     Cluster: 186"
[1] "     Cluster: 188"
[1] "     Cluster: 190"
[1] "     Cluster: 191"
[1] "     Cluster: 192"
[1] "     Cluster: 193"
[1] "     Cluster: 195"
[1] "     Cluster: 196"
[1] "     Cluster: 197"
[1] ""
[1] "IF for proposed nonparametric estimator computed."
`summarise()` has grouped output by 'theta', 'tau'. You can override using the
`.groups` argument.
`summarise()` has grouped output by 'theta'. You can override using the
`.groups` argument.
`summarise()` has grouped output by 'theta', 'tau'. You can override using the
`.groups` argument.
`summarise()` has grouped output by 'theta'. You can override using the
`.groups` argument.
`summarise()` has grouped output by 'theta', 'tau'. You can override using the
`.groups` argument.
`summarise()` has grouped output by 'theta'. You can override using the
`.groups` argument.
`summarise()` has grouped output by 'theta', 'tau'. You can override using the
`.groups` argument.
`summarise()` has grouped output by 'theta'. You can override using the
`.groups` argument.
`summarise()` has grouped output by 'theta', 'tau'. You can override using the
`.groups` argument.
`summarise()` has grouped output by 'theta'. You can override using the
`.groups` argument.
`summarise()` has grouped output by 'theta', 'tau'. You can override using the
`.groups` argument.
`summarise()` has grouped output by 'theta'. You can override using the
`.groups` argument.
`summarise()` has grouped output by 'theta', 'tau'. You can override using the
`.groups` argument.
`summarise()` has grouped output by 'theta'. You can override using the
`.groups` argument.
`summarise()` has grouped output by 'theta', 'tau'. You can override using the
`.groups` argument.
`summarise()` has grouped output by 'theta'. You can override using the
`.groups` argument.
[1] ""
[1] "Total run time was 388.467 seconds"
Warning messages:
1: In checkConv(attr(opt, "derivs"), opt$par, ctrl = control$checkConv,  :
  Model failed to converge with max|grad| = 0.00207503 (tol = 0.002, component 1)
2: In checkConv(attr(opt, "derivs"), opt$par, ctrl = control$checkConv,  :
  Model failed to converge with max|grad| = 0.00381795 (tol = 0.002, component 1)
[1] "Estimation result: "
# A tibble: 360 × 5
   estimand theta   tau   est     se
   <chr>    <dbl> <dbl> <dbl>  <dbl>
 1 mu         0.1   0.1 0.442 0.0969
 2 mu         0.1   0.2 0.514 0.101 
 3 mu         0.1   0.3 0.568 0.0804
 4 mu         0.1   0.4 0.583 0.0796
 5 mu         0.1   0.5 0.659 0.0597
 6 mu         0.2   0.1 0.350 0.0524
 7 mu         0.2   0.2 0.424 0.0604
 8 mu         0.2   0.3 0.485 0.0500
 9 mu         0.2   0.4 0.508 0.0573
10 mu         0.2   0.5 0.583 0.0334
# ℹ 350 more rows
[1] ""
[1] "OR weights"
`summarise()` has grouped output by 'estimand'. You can override using the
`.groups` argument.
# A tibble: 27 × 6
# Groups:   estimand [3]
   estimand theta mean_value median_value min_value max_value
   <fct>    <dbl>      <dbl>        <dbl>     <dbl>     <dbl>
 1 mu         0.1      0.932        0.865   0.00463      5.49
 2 mu         0.2      0.984        1       0.117        2.08
 3 mu         0.3      0.995        0.993   0.430        1.76
 4 mu         0.4      0.991        0.999   0.621        1.49
 5 mu         0.5      0.992        1       0.726        1.29
 6 mu         0.6      0.999        1       0.809        1.27
 7 mu         0.7      1.00         1       0.785        1.32
 8 mu         0.8      1.01         1       0.680        1.37
 9 mu         0.9      1.03         1.00    0.462        1.80
10 mu_1       0.1      0.978        0.975   0.0154       3.12
11 mu_1       0.2      0.999        1       0.211        2.08
12 mu_1       0.3      0.995        0.998   0.533        1.63
13 mu_1       0.4      0.990        1       0.645        1.45
14 mu_1       0.5      0.994        1       0.746        1.28
15 mu_1       0.6      1.00         1       0.814        1.26
16 mu_1       0.7      1.01         1       0.774        1.32
17 mu_1       0.8      1.01         1       0.667        1.42
18 mu_1       0.9      1.03         1       0.441        1.87
19 mu_0       0.1      0.926        0.843   0.00343      5.90
20 mu_0       0.2      0.981        1       0.0940       2.23
21 mu_0       0.3      0.995        0.995   0.386        1.87
22 mu_0       0.4      0.991        1       0.564        1.52
23 mu_0       0.5      0.989        0.998   0.688        1.35
24 mu_0       0.6      0.996        1       0.777        1.29
25 mu_0       0.7      1.00         1       0.810        1.30
26 mu_0       0.8      1.00         1       0.735        1.38
27 mu_0       0.9      1.01         1       0.511        1.59
[1] ""
[1] "IPCW weights"
`summarise()` has grouped output by 'estimand'. You can override using the
`.groups` argument.
# A tibble: 27 × 6
# Groups:   estimand [3]
   estimand theta mean_value median_value min_value max_value
   <fct>    <dbl>      <dbl>        <dbl>     <dbl>     <dbl>
 1 mu         0.1      0.834    0.000257   1.30e-16     61.0 
 2 mu         0.2      1.27     0.0164     3.41e-11     37.6 
 3 mu         0.3      1.42     0.145      5.04e- 8     23.0 
 4 mu         0.4      1.39     0.524      8.95e- 6     21.2 
 5 mu         0.5      1.31     1.03       4.97e- 4     12.0 
 6 mu         0.6      1.24     0.973      1.19e- 2      5.70
 7 mu         0.7      1.20     1.04       2.21e- 4      5.34
 8 mu         0.8      1.20     0.751      5.73e- 7      6.92
 9 mu         0.9      1.27     0.121      1.40e-11     22.8 
10 mu_1       0.1      1.31     0.00165    1.30e-15     55.5 
11 mu_1       0.2      1.44     0.0516     1.71e-10     25.8 
12 mu_1       0.3      1.43     0.339      1.68e- 7     25.5 
13 mu_1       0.4      1.35     0.755      2.24e- 5     17.6 
14 mu_1       0.5      1.29     1.11       9.93e- 4      8.01
15 mu_1       0.6      1.24     1.01       3.96e- 3      5.62
16 mu_1       0.7      1.20     1.06       6.31e- 5      5.83
17 mu_1       0.8      1.20     0.583      1.43e- 7      7.87
18 mu_1       0.9      1.27     0.0849     3.11e-12     25.3 
19 mu_0       0.1      0.780    0.0000836  0            61.7 
20 mu_0       0.2      1.23     0.00725    0            42.7 
21 mu_0       0.3      1.42     0.0761     0            22.8 
22 mu_0       0.4      1.41     0.342      0            23.5 
23 mu_0       0.5      1.33     0.845      0            16.0 
24 mu_0       0.6      1.25     0.985      0             6.97
25 mu_0       0.7      1.20     0.996      0             5.94
26 mu_0       0.8      1.20     0.856      0             7.46
27 mu_0       0.9      1.20     0.206      0            10.2 
[1] "Total run time was 392.2 seconds"
