
Attaching package: ‘dplyr’

The following objects are masked from ‘package:stats’:

    filter, lag

The following objects are masked from ‘package:base’:

    intersect, setdiff, setequal, union

Loading required package: foreach
Loading required package: iterators
Loading required package: parallel

 randomForestSRC 3.2.2 
 
 Type rfsrc.news() to see new features, changes, and bug fixes. 
 

── Attaching core tidyverse packages ──────────────────────── tidyverse 2.0.0 ──
✔ forcats   1.0.0     ✔ readr     2.1.4
✔ ggplot2   3.3.6     ✔ stringr   1.5.1
✔ lubridate 1.9.3     ✔ tibble    3.2.1
✔ purrr     0.3.5     ✔ tidyr     1.2.1
── Conflicts ────────────────────────────────────────── tidyverse_conflicts() ──
✖ purrr::accumulate() masks foreach::accumulate()
✖ tidyr::extract()    masks dbarts::extract()
✖ dplyr::filter()     masks stats::filter()
✖ dplyr::lag()        masks stats::lag()
✖ purrr::partial()    masks randomForestSRC::partial()
✖ purrr::when()       masks foreach::when()
ℹ Use the [conflicted package](http://conflicted.r-lib.org/) to force all conflicts to become errors
Loading required package: Matrix

Attaching package: ‘Matrix’

The following objects are masked from ‘package:tidyr’:

    expand, pack, unpack

[1] "[Analysis setting]"
[1] "n.cpus: 8"
[1] "method: para"
[1] "taus: 0.1, 0.2, 0.3, 0.4, 0.5"
[1] "thetas: 0.1, 0.2, 0.3, 0.4, 0.5, 0.6, 0.7, 0.8, 0.9"
[1] "r: 100"
[1] "m: 200"
[1] "N_total: 2471"
[1] "cluster size dist'n: "

 5  6  7  8  9 10 11 12 13 14 15 16 17 18 19 20 
 9 15  7 17 13 10 13 16 21 13 16 11  6 12 10 11 
[1] "observed time summary: "
   Min. 1st Qu.  Median    Mean 3rd Qu.    Max. 
0.00000 0.05357 0.41272 0.67565 1.00000 5.00000 
[1] "event indicator table: "

   0    1 
1492  979 
[1] "treatment indicator table: "

   0    1 
 814 1657 
[1] ""
[1] "Estimation start"
[1] "   Split: 1"
Note: Using an external vector in selections is ambiguous.
ℹ Use `all_of(X.T.names)` instead of `X.T.names` to silence this message.
ℹ See <https://tidyselect.r-lib.org/reference/faq-external-vector.html>.
This message is displayed once per session.
Note: Using an external vector in selections is ambiguous.
ℹ Use `all_of(X.C.names)` instead of `X.C.names` to silence this message.
ℹ See <https://tidyselect.r-lib.org/reference/faq-external-vector.html>.
This message is displayed once per session.
Note: Using an external vector in selections is ambiguous.
ℹ Use `all_of(X.A.names)` instead of `X.A.names` to silence this message.
ℹ See <https://tidyselect.r-lib.org/reference/faq-external-vector.html>.
This message is displayed once per session.
[1] "     Cluster: 1"
[1] "     Cluster: 2"
[1] "     Cluster: 3"
[1] "     Cluster: 5"
[1] "     Cluster: 10"
[1] "     Cluster: 12"
[1] "     Cluster: 13"
[1] "     Cluster: 18"
[1] "     Cluster: 19"
[1] "     Cluster: 20"
[1] "     Cluster: 21"
[1] "     Cluster: 29"
[1] "     Cluster: 32"
[1] "     Cluster: 33"
[1] "     Cluster: 34"
[1] "     Cluster: 40"
[1] "     Cluster: 43"
[1] "     Cluster: 44"
[1] "     Cluster: 45"
[1] "     Cluster: 46"
[1] "     Cluster: 48"
[1] "     Cluster: 49"
[1] "     Cluster: 50"
[1] "     Cluster: 51"
[1] "     Cluster: 52"
[1] "     Cluster: 54"
[1] "     Cluster: 61"
[1] "     Cluster: 63"
[1] "     Cluster: 67"
[1] "     Cluster: 68"
[1] "     Cluster: 69"
[1] "     Cluster: 70"
[1] "     Cluster: 71"
[1] "     Cluster: 77"
[1] "     Cluster: 79"
[1] "     Cluster: 80"
[1] "     Cluster: 82"
[1] "     Cluster: 83"
[1] "     Cluster: 84"
[1] "     Cluster: 85"
[1] "     Cluster: 87"
[1] "     Cluster: 88"
[1] "     Cluster: 89"
[1] "     Cluster: 92"
[1] "     Cluster: 96"
[1] "     Cluster: 98"
[1] "     Cluster: 99"
[1] "     Cluster: 100"
[1] "     Cluster: 101"
[1] "     Cluster: 105"
[1] "     Cluster: 106"
[1] "     Cluster: 108"
[1] "     Cluster: 113"
[1] "     Cluster: 114"
[1] "     Cluster: 115"
[1] "     Cluster: 117"
[1] "     Cluster: 119"
[1] "     Cluster: 121"
[1] "     Cluster: 122"
[1] "     Cluster: 124"
[1] "     Cluster: 125"
[1] "     Cluster: 127"
[1] "     Cluster: 130"
[1] "     Cluster: 132"
[1] "     Cluster: 133"
[1] "     Cluster: 137"
[1] "     Cluster: 139"
[1] "     Cluster: 140"
[1] "     Cluster: 145"
[1] "     Cluster: 146"
[1] "     Cluster: 147"
[1] "     Cluster: 148"
[1] "     Cluster: 152"
[1] "     Cluster: 155"
[1] "     Cluster: 158"
[1] "     Cluster: 159"
[1] "     Cluster: 160"
[1] "     Cluster: 161"
[1] "     Cluster: 164"
[1] "     Cluster: 168"
[1] "     Cluster: 169"
[1] "     Cluster: 171"
[1] "     Cluster: 172"
[1] "     Cluster: 173"
[1] "     Cluster: 176"
[1] "     Cluster: 177"
[1] "     Cluster: 178"
[1] "     Cluster: 179"
[1] "     Cluster: 180"
[1] "     Cluster: 183"
[1] "     Cluster: 186"
[1] "     Cluster: 187"
[1] "     Cluster: 188"
[1] "     Cluster: 189"
[1] "     Cluster: 190"
[1] "     Cluster: 192"
[1] "     Cluster: 194"
[1] "     Cluster: 195"
[1] "     Cluster: 196"
[1] "     Cluster: 199"
[1] "   Split: 2"
[1] "     Cluster: 4"
[1] "     Cluster: 6"
[1] "     Cluster: 7"
[1] "     Cluster: 8"
[1] "     Cluster: 9"
[1] "     Cluster: 11"
[1] "     Cluster: 14"
[1] "     Cluster: 15"
[1] "     Cluster: 16"
[1] "     Cluster: 17"
[1] "     Cluster: 22"
[1] "     Cluster: 23"
[1] "     Cluster: 24"
[1] "     Cluster: 25"
[1] "     Cluster: 26"
[1] "     Cluster: 27"
[1] "     Cluster: 28"
[1] "     Cluster: 30"
[1] "     Cluster: 31"
[1] "     Cluster: 35"
[1] "     Cluster: 36"
[1] "     Cluster: 37"
[1] "     Cluster: 38"
[1] "     Cluster: 39"
[1] "     Cluster: 41"
[1] "     Cluster: 42"
[1] "     Cluster: 47"
[1] "     Cluster: 53"
[1] "     Cluster: 55"
[1] "     Cluster: 56"
[1] "     Cluster: 57"
[1] "     Cluster: 58"
[1] "     Cluster: 59"
[1] "     Cluster: 60"
[1] "     Cluster: 62"
[1] "     Cluster: 64"
[1] "     Cluster: 65"
[1] "     Cluster: 66"
[1] "     Cluster: 72"
[1] "     Cluster: 73"
[1] "     Cluster: 74"
[1] "     Cluster: 75"
[1] "     Cluster: 76"
[1] "     Cluster: 78"
[1] "     Cluster: 81"
[1] "     Cluster: 86"
[1] "     Cluster: 90"
[1] "     Cluster: 91"
[1] "     Cluster: 93"
[1] "     Cluster: 94"
[1] "     Cluster: 95"
[1] "     Cluster: 97"
[1] "     Cluster: 102"
[1] "     Cluster: 103"
[1] "     Cluster: 104"
[1] "     Cluster: 107"
[1] "     Cluster: 109"
[1] "     Cluster: 110"
[1] "     Cluster: 111"
[1] "     Cluster: 112"
[1] "     Cluster: 116"
[1] "     Cluster: 118"
[1] "     Cluster: 120"
[1] "     Cluster: 123"
[1] "     Cluster: 126"
[1] "     Cluster: 128"
[1] "     Cluster: 129"
[1] "     Cluster: 131"
[1] "     Cluster: 134"
[1] "     Cluster: 135"
[1] "     Cluster: 136"
[1] "     Cluster: 138"
[1] "     Cluster: 141"
[1] "     Cluster: 142"
[1] "     Cluster: 143"
[1] "     Cluster: 144"
[1] "     Cluster: 149"
[1] "     Cluster: 150"
[1] "     Cluster: 151"
[1] "     Cluster: 153"
[1] "     Cluster: 154"
[1] "     Cluster: 156"
[1] "     Cluster: 157"
[1] "     Cluster: 162"
[1] "     Cluster: 163"
[1] "     Cluster: 165"
[1] "     Cluster: 166"
[1] "     Cluster: 167"
[1] "     Cluster: 170"
[1] "     Cluster: 174"
[1] "     Cluster: 175"
[1] "     Cluster: 181"
[1] "     Cluster: 182"
[1] "     Cluster: 184"
[1] "     Cluster: 185"
[1] "     Cluster: 191"
[1] "     Cluster: 193"
[1] "     Cluster: 197"
[1] "     Cluster: 198"
[1] "     Cluster: 200"
[1] ""
[1] "IF for proposed nonparametric estimator computed."
`summarise()` has grouped output by 'theta', 'tau'. You can override using the
`.groups` argument.
`summarise()` has grouped output by 'theta'. You can override using the
`.groups` argument.
`summarise()` has grouped output by 'theta', 'tau'. You can override using the
`.groups` argument.
`summarise()` has grouped output by 'theta'. You can override using the
`.groups` argument.
`summarise()` has grouped output by 'theta', 'tau'. You can override using the
`.groups` argument.
`summarise()` has grouped output by 'theta'. You can override using the
`.groups` argument.
`summarise()` has grouped output by 'theta', 'tau'. You can override using the
`.groups` argument.
`summarise()` has grouped output by 'theta'. You can override using the
`.groups` argument.
`summarise()` has grouped output by 'theta', 'tau'. You can override using the
`.groups` argument.
`summarise()` has grouped output by 'theta'. You can override using the
`.groups` argument.
`summarise()` has grouped output by 'theta', 'tau'. You can override using the
`.groups` argument.
`summarise()` has grouped output by 'theta'. You can override using the
`.groups` argument.
`summarise()` has grouped output by 'theta', 'tau'. You can override using the
`.groups` argument.
`summarise()` has grouped output by 'theta'. You can override using the
`.groups` argument.
`summarise()` has grouped output by 'theta', 'tau'. You can override using the
`.groups` argument.
`summarise()` has grouped output by 'theta'. You can override using the
`.groups` argument.
[1] ""
[1] "Total run time was 367.527 seconds"
[1] "Estimation result: "
# A tibble: 360 × 5
   estimand theta   tau   est     se
   <chr>    <dbl> <dbl> <dbl>  <dbl>
 1 mu         0.1   0.1 0.245 0.0430
 2 mu         0.1   0.2 0.320 0.0677
 3 mu         0.1   0.3 0.349 0.0868
 4 mu         0.1   0.4 0.470 0.0599
 5 mu         0.1   0.5 0.487 0.0754
 6 mu         0.2   0.1 0.215 0.0282
 7 mu         0.2   0.2 0.283 0.0426
 8 mu         0.2   0.3 0.312 0.0562
 9 mu         0.2   0.4 0.415 0.0337
10 mu         0.2   0.5 0.451 0.0402
# ℹ 350 more rows
[1] ""
[1] "OR weights"
`summarise()` has grouped output by 'estimand'. You can override using the
`.groups` argument.
# A tibble: 27 × 6
# Groups:   estimand [3]
   estimand theta mean_value median_value min_value max_value
   <fct>    <dbl>      <dbl>        <dbl>     <dbl>     <dbl>
 1 mu         0.1      1.07         0.782  0.00130       9.35
 2 mu         0.2      1.01         0.989  0.0356        4.51
 3 mu         0.3      0.994        0.996  0.159         2.48
 4 mu         0.4      0.993        1      0.313         1.69
 5 mu         0.5      0.992        1      0.446         1.36
 6 mu         0.6      0.993        1      0.592         1.27
 7 mu         0.7      0.997        1      0.803         1.29
 8 mu         0.8      1.00         1      0.633         1.30
 9 mu         0.9      1.01         1      0.347         1.77
10 mu_1       0.1      1.01         0.950  0.00602       8.62
11 mu_1       0.2      1.00         0.981  0.0827        3.63
12 mu_1       0.3      0.997        1.00   0.257         1.89
13 mu_1       0.4      0.994        1      0.391         1.47
14 mu_1       0.5      0.992        1      0.505         1.36
15 mu_1       0.6      0.993        1      0.656         1.24
16 mu_1       0.7      0.998        1      0.760         1.32
17 mu_1       0.8      1.00         1      0.596         1.34
18 mu_1       0.9      1.01         1      0.311         1.86
19 mu_0       0.1      1.08         0.711  0.000772     10.3 
20 mu_0       0.2      1.01         0.961  0.0238        4.94
21 mu_0       0.3      0.993        1      0.115         2.74
22 mu_0       0.4      0.993        1      0.261         1.87
23 mu_0       0.5      0.993        1      0.388         1.53
24 mu_0       0.6      0.992        1      0.497         1.35
25 mu_0       0.7      0.994        1      0.651         1.23
26 mu_0       0.8      0.997        1      0.684         1.37
27 mu_0       0.9      0.999        1      0.569         1.35
[1] ""
[1] "IPCW weights"
`summarise()` has grouped output by 'estimand'. You can override using the
`.groups` argument.
# A tibble: 27 × 6
# Groups:   estimand [3]
   estimand theta mean_value median_value min_value max_value
   <fct>    <dbl>      <dbl>        <dbl>     <dbl>     <dbl>
 1 mu         0.1      1.12    0.00000999  2.25e-16     53.7 
 2 mu         0.2      1.26    0.00219     5.23e-11     43.0 
 3 mu         0.3      1.17    0.0319      6.77e- 8     29.1 
 4 mu         0.4      1.05    0.174       7.02e- 6     14.1 
 5 mu         0.5      1.00    0.530       2.49e- 4      8.36
 6 mu         0.6      1.03    0.805       1.08e- 3      4.87
 7 mu         0.7      1.08    0.960       1.11e- 5      4.49
 8 mu         0.8      1.13    0.980       1.47e- 8      6.60
 9 mu         0.9      1.14    0.390       1.42e-13     12.4 
10 mu_1       0.1      1.41    0.0000543   0            56.4 
11 mu_1       0.2      1.17    0.00658     0            39.1 
12 mu_1       0.3      1.07    0.0748      0            25.5 
13 mu_1       0.4      1.02    0.313       0            10.1 
14 mu_1       0.5      1.02    0.591       0             7.17
15 mu_1       0.6      1.05    0.897       0             4.53
16 mu_1       0.7      1.10    0.995       0             5.13
17 mu_1       0.8      1.13    0.976       0             6.60
18 mu_1       0.9      1.13    0.303       0            13.0 
19 mu_0       0.1      1.09    0.00000356  0            53.7 
20 mu_0       0.2      1.29    0.000728    0            44.0 
21 mu_0       0.3      1.21    0.0113      0            34.0 
22 mu_0       0.4      1.07    0.0775      0            17.6 
23 mu_0       0.5      0.991   0.256       0             9.56
24 mu_0       0.6      0.987   0.602       0             6.95
25 mu_0       0.7      1.04    0.869       0             4.66
26 mu_0       0.8      1.11    1.01        0             6.60
27 mu_0       0.9      1.20    0.519       0            11.0 
[1] "Total run time was 371.104 seconds"
