
Attaching package: ‘dplyr’

The following objects are masked from ‘package:stats’:

    filter, lag

The following objects are masked from ‘package:base’:

    intersect, setdiff, setequal, union

Loading required package: foreach
Loading required package: iterators
Loading required package: parallel

 randomForestSRC 3.2.2 
 
 Type rfsrc.news() to see new features, changes, and bug fixes. 
 

── Attaching core tidyverse packages ──────────────────────── tidyverse 2.0.0 ──
✔ forcats   1.0.0     ✔ readr     2.1.4
✔ ggplot2   3.3.6     ✔ stringr   1.5.1
✔ lubridate 1.9.3     ✔ tibble    3.2.1
✔ purrr     0.3.5     ✔ tidyr     1.2.1
── Conflicts ────────────────────────────────────────── tidyverse_conflicts() ──
✖ purrr::accumulate() masks foreach::accumulate()
✖ tidyr::extract()    masks dbarts::extract()
✖ dplyr::filter()     masks stats::filter()
✖ dplyr::lag()        masks stats::lag()
✖ purrr::partial()    masks randomForestSRC::partial()
✖ purrr::when()       masks foreach::when()
ℹ Use the [conflicted package](http://conflicted.r-lib.org/) to force all conflicts to become errors
[1] "[Analysis setting]"
[1] "n.cpus: 8"
[1] "method: nonpara"
[1] "taus: 0.1, 0.2, 0.3, 0.4, 0.5"
[1] "thetas: 0.1, 0.2, 0.3, 0.4, 0.5, 0.6, 0.7, 0.8, 0.9"
[1] "r: 5"
[1] "m: 100"
[1] "N_total: 1307"
[1] "cluster size dist'n: "

 5  6  7  8  9 10 11 12 13 14 15 16 17 18 19 20 
 4  2  3  8  4  5 13  8 10  7  5  7  3  8  5  8 
[1] "observed time summary: "
   Min. 1st Qu.  Median    Mean 3rd Qu.    Max. 
0.00000 0.03187 0.33810 0.61156 1.00000 5.00000 
[1] "event indicator table: "

  0   1 
764 543 
[1] "treatment indicator table: "

  0   1 
469 838 
[1] ""
[1] "Estimation start"
[1] "   Split: 1"
Note: Using an external vector in selections is ambiguous.
ℹ Use `all_of(X.T.names)` instead of `X.T.names` to silence this message.
ℹ See <https://tidyselect.r-lib.org/reference/faq-external-vector.html>.
This message is displayed once per session.
Note: Using an external vector in selections is ambiguous.
ℹ Use `all_of(X.C.names)` instead of `X.C.names` to silence this message.
ℹ See <https://tidyselect.r-lib.org/reference/faq-external-vector.html>.
This message is displayed once per session.
Note: Using an external vector in selections is ambiguous.
ℹ Use `all_of(X.A.names)` instead of `X.A.names` to silence this message.
ℹ See <https://tidyselect.r-lib.org/reference/faq-external-vector.html>.
This message is displayed once per session.

Running BART with binary y

number of trees: 25
number of chains: 1, number of threads 1
tree thinning rate: 1
Prior:
	prior on k: chi with 1.250000 degrees of freedom and inf scale
	power and base for tree prior: 2.000000 0.950000
	use quantiles for rule cut points: false
	proposal probabilities: birth/death 0.50, swap 0.10, change 0.40; birth 0.50
data:
	number of training observations: 647
	number of test observations: 0
	number of explanatory variables: 15

Cutoff rules c in x<=c vs x>c
Number of cutoffs: (var: number of possible c):
(1: 100) (2: 100) (3: 100) (4: 100) (5: 100) 
(6: 100) (7: 100) (8: 100) (9: 100) (10: 100) 
(11: 100) (12: 100) (13: 100) (14: 100) (15: 100) 

[1] "     Cluster: 1"
[1] "     Cluster: 2"
[1] "     Cluster: 4"
[1] "     Cluster: 5"
[1] "     Cluster: 6"
[1] "     Cluster: 10"
[1] "     Cluster: 11"
[1] "     Cluster: 13"
[1] "     Cluster: 14"
[1] "     Cluster: 15"
[1] "     Cluster: 16"
[1] "     Cluster: 17"
[1] "     Cluster: 19"
[1] "     Cluster: 20"
[1] "     Cluster: 24"
[1] "     Cluster: 26"
[1] "     Cluster: 28"
[1] "     Cluster: 33"
[1] "     Cluster: 35"
[1] "     Cluster: 36"
[1] "     Cluster: 37"
[1] "     Cluster: 38"
[1] "     Cluster: 46"
[1] "     Cluster: 49"
[1] "     Cluster: 50"
[1] "     Cluster: 52"
[1] "     Cluster: 53"
[1] "     Cluster: 54"
[1] "     Cluster: 58"
[1] "     Cluster: 60"
[1] "     Cluster: 63"
[1] "     Cluster: 64"
[1] "     Cluster: 65"
[1] "     Cluster: 68"
[1] "     Cluster: 70"
[1] "     Cluster: 71"
[1] "     Cluster: 72"
[1] "     Cluster: 73"
[1] "     Cluster: 78"
[1] "     Cluster: 80"
[1] "     Cluster: 82"
[1] "     Cluster: 83"
[1] "     Cluster: 85"
[1] "     Cluster: 86"
[1] "     Cluster: 88"
[1] "     Cluster: 91"
[1] "     Cluster: 93"
[1] "     Cluster: 95"
[1] "     Cluster: 96"
[1] "     Cluster: 97"
[1] "   Split: 2"

Running BART with binary y

number of trees: 25
number of chains: 1, number of threads 1
tree thinning rate: 1
Prior:
	prior on k: chi with 1.250000 degrees of freedom and inf scale
	power and base for tree prior: 2.000000 0.950000
	use quantiles for rule cut points: false
	proposal probabilities: birth/death 0.50, swap 0.10, change 0.40; birth 0.50
data:
	number of training observations: 660
	number of test observations: 0
	number of explanatory variables: 15

Cutoff rules c in x<=c vs x>c
Number of cutoffs: (var: number of possible c):
(1: 100) (2: 100) (3: 100) (4: 100) (5: 100) 
(6: 100) (7: 100) (8: 100) (9: 100) (10: 100) 
(11: 100) (12: 100) (13: 100) (14: 100) (15: 100) 

[1] "     Cluster: 3"
[1] "     Cluster: 7"
[1] "     Cluster: 8"
[1] "     Cluster: 9"
[1] "     Cluster: 12"
[1] "     Cluster: 18"
[1] "     Cluster: 21"
[1] "     Cluster: 22"
[1] "     Cluster: 23"
[1] "     Cluster: 25"
[1] "     Cluster: 27"
[1] "     Cluster: 29"
[1] "     Cluster: 30"
[1] "     Cluster: 31"
[1] "     Cluster: 32"
[1] "     Cluster: 34"
[1] "     Cluster: 39"
[1] "     Cluster: 40"
[1] "     Cluster: 41"
[1] "     Cluster: 42"
[1] "     Cluster: 43"
[1] "     Cluster: 44"
[1] "     Cluster: 45"
[1] "     Cluster: 47"
[1] "     Cluster: 48"
[1] "     Cluster: 51"
[1] "     Cluster: 55"
[1] "     Cluster: 56"
[1] "     Cluster: 57"
[1] "     Cluster: 59"
[1] "     Cluster: 61"
[1] "     Cluster: 62"
[1] "     Cluster: 66"
[1] "     Cluster: 67"
[1] "     Cluster: 69"
[1] "     Cluster: 74"
[1] "     Cluster: 75"
[1] "     Cluster: 76"
[1] "     Cluster: 77"
[1] "     Cluster: 79"
[1] "     Cluster: 81"
[1] "     Cluster: 84"
[1] "     Cluster: 87"
[1] "     Cluster: 89"
[1] "     Cluster: 90"
[1] "     Cluster: 92"
[1] "     Cluster: 94"
[1] "     Cluster: 98"
[1] "     Cluster: 99"
[1] "     Cluster: 100"
[1] ""
[1] "IF for proposed nonparametric estimator computed."
`summarise()` has grouped output by 'theta', 'tau'. You can override using the
`.groups` argument.
`summarise()` has grouped output by 'theta'. You can override using the
`.groups` argument.
`summarise()` has grouped output by 'theta', 'tau'. You can override using the
`.groups` argument.
`summarise()` has grouped output by 'theta'. You can override using the
`.groups` argument.
`summarise()` has grouped output by 'theta', 'tau'. You can override using the
`.groups` argument.
`summarise()` has grouped output by 'theta'. You can override using the
`.groups` argument.
`summarise()` has grouped output by 'theta', 'tau'. You can override using the
`.groups` argument.
`summarise()` has grouped output by 'theta'. You can override using the
`.groups` argument.
`summarise()` has grouped output by 'theta', 'tau'. You can override using the
`.groups` argument.
`summarise()` has grouped output by 'theta'. You can override using the
`.groups` argument.
`summarise()` has grouped output by 'theta', 'tau'. You can override using the
`.groups` argument.
`summarise()` has grouped output by 'theta'. You can override using the
`.groups` argument.
`summarise()` has grouped output by 'theta', 'tau'. You can override using the
`.groups` argument.
`summarise()` has grouped output by 'theta'. You can override using the
`.groups` argument.
`summarise()` has grouped output by 'theta', 'tau'. You can override using the
`.groups` argument.
`summarise()` has grouped output by 'theta'. You can override using the
`.groups` argument.
[1] ""
[1] "Total run time was 39.875 seconds"
[1] "Estimation result: "
# A tibble: 360 × 5
   estimand theta   tau   est     se
   <chr>    <dbl> <dbl> <dbl>  <dbl>
 1 mu         0.1   0.1 0.269 0.109 
 2 mu         0.1   0.2 0.355 0.148 
 3 mu         0.1   0.3 0.375 0.163 
 4 mu         0.1   0.4 0.366 0.170 
 5 mu         0.1   0.5 0.355 0.172 
 6 mu         0.2   0.1 0.292 0.0588
 7 mu         0.2   0.2 0.430 0.0996
 8 mu         0.2   0.3 0.485 0.111 
 9 mu         0.2   0.4 0.491 0.114 
10 mu         0.2   0.5 0.502 0.117 
# ℹ 350 more rows
[1] ""
[1] "OR weights"
`summarise()` has grouped output by 'estimand'. You can override using the
`.groups` argument.
# A tibble: 27 × 6
# Groups:   estimand [3]
   estimand theta mean_value median_value min_value max_value
   <fct>    <dbl>      <dbl>        <dbl>     <dbl>     <dbl>
 1 mu         0.1      0.551      0.00919  1.99e-10     24.3 
 2 mu         0.2      0.849      0.109    1.67e- 6     14.9 
 3 mu         0.3      0.973      0.394    2.42e- 4     11.7 
 4 mu         0.4      0.965      0.754    5.32e- 3      4.48
 5 mu         0.5      0.985      1.01     4.28e- 2      2.74
 6 mu         0.6      1.02       0.984    2.07e- 1      2.11
 7 mu         0.7      1.05       1.04     4.64e- 1      2.00
 8 mu         0.8      1.06       1.02     2.03e- 1      2.10
 9 mu         0.9      0.966      0.726    6.58e- 3      5.62
10 mu_1       0.1      0.750      0.0456   1.39e- 9     14.3 
11 mu_1       0.2      1.00       0.263    5.91e- 6     16.6 
12 mu_1       0.3      1.01       0.595    5.75e- 4      8.68
13 mu_1       0.4      0.979      0.905    1.08e- 2      3.54
14 mu_1       0.5      1.00       0.987    7.04e- 2      2.65
15 mu_1       0.6      1.03       1.04     2.88e- 1      1.86
16 mu_1       0.7      1.06       1.05     4.16e- 1      2.13
17 mu_1       0.8      1.05       1.01     1.61e- 1      2.01
18 mu_1       0.9      0.952      0.670    4.74e- 3      5.92
19 mu_0       0.1      0.529      0.00431  6.60e-11     25.4 
20 mu_0       0.2      0.811      0.0702   6.17e- 7     14.5 
21 mu_0       0.3      0.959      0.297    8.72e- 5     13.0 
22 mu_0       0.4      0.955      0.672    1.67e- 3      5.62
23 mu_0       0.5      0.969      0.947    1.52e- 2      3.14
24 mu_0       0.6      1.00       0.967    8.57e- 2      2.48
25 mu_0       0.7      1.04       1.05     3.38e- 1      1.81
26 mu_0       0.8      1.08       1.04     3.69e- 1      2.43
27 mu_0       0.9      1.09       1.06     2.32e- 2      3.05
[1] ""
[1] "IPCW weights"
`summarise()` has grouped output by 'estimand'. You can override using the
`.groups` argument.
# A tibble: 27 × 6
# Groups:   estimand [3]
   estimand theta mean_value median_value min_value max_value
   <fct>    <dbl>      <dbl>        <dbl>     <dbl>     <dbl>
 1 mu         0.1       2.33    0.0000295  3.41e-15    179.  
 2 mu         0.2       3.69    0.00409    7.07e-10    275.  
 3 mu         0.3       2.82    0.0485     8.00e- 7    143.  
 4 mu         0.4       1.84    0.303      1.04e- 4     39.3 
 5 mu         0.5       1.27    0.708      4.02e- 3      9.51
 6 mu         0.6       1.03    0.923      6.64e- 2      3.64
 7 mu         0.7       1.07    1.12       1.28e- 2      3.55
 8 mu         0.8       1.31    0.781      6.57e- 5      7.27
 9 mu         0.9       1.82    0.127      5.71e- 9     29.9 
10 mu_1       0.1       3.96    0.000203   3.07e-14    316.  
11 mu_1       0.2       3.56    0.0149     3.18e- 9    243.  
12 mu_1       0.3       2.33    0.101      2.40e- 6     84.3 
13 mu_1       0.4       1.58    0.493      2.35e- 4     17.3 
14 mu_1       0.5       1.16    0.935      7.24e- 3      7.01
15 mu_1       0.6       1.01    0.945      1.03e- 1      3.53
16 mu_1       0.7       1.10    1.05       3.24e- 3      3.81
17 mu_1       0.8       1.36    0.634      1.45e- 5      9.09
18 mu_1       0.9       1.90    0.0924     1.12e- 9     33.2 
19 mu_0       0.1       2.14    0.0000108  0           164.  
20 mu_0       0.2       3.72    0.00139    0           283.  
21 mu_0       0.3       3.03    0.0278     0           169.  
22 mu_0       0.4       2.02    0.150      0            53.9 
23 mu_0       0.5       1.37    0.511      0            12.0 
24 mu_0       0.6       1.06    0.876      0             3.79
25 mu_0       0.7       1.00    1.05       0             3.52
26 mu_0       0.8       1.08    0.985      0             4.33
27 mu_0       0.9       1.10    0.246      0             7.14
[1] "Total run time was 43.237 seconds"
