
Attaching package: ‘dplyr’

The following objects are masked from ‘package:stats’:

    filter, lag

The following objects are masked from ‘package:base’:

    intersect, setdiff, setequal, union

Loading required package: foreach
Loading required package: iterators
Loading required package: parallel

 randomForestSRC 3.2.2 
 
 Type rfsrc.news() to see new features, changes, and bug fixes. 
 

── Attaching core tidyverse packages ──────────────────────── tidyverse 2.0.0 ──
✔ forcats   1.0.0     ✔ readr     2.1.4
✔ ggplot2   3.3.6     ✔ stringr   1.5.1
✔ lubridate 1.9.3     ✔ tibble    3.2.1
✔ purrr     0.3.5     ✔ tidyr     1.2.1
── Conflicts ────────────────────────────────────────── tidyverse_conflicts() ──
✖ purrr::accumulate() masks foreach::accumulate()
✖ tidyr::extract()    masks dbarts::extract()
✖ dplyr::filter()     masks stats::filter()
✖ dplyr::lag()        masks stats::lag()
✖ purrr::partial()    masks randomForestSRC::partial()
✖ purrr::when()       masks foreach::when()
ℹ Use the [conflicted package](http://conflicted.r-lib.org/) to force all conflicts to become errors
[1] "[Analysis setting]"
[1] "n.cpus: 8"
[1] "method: nonpara"
[1] "taus: 0.1, 0.2, 0.3, 0.4, 0.5"
[1] "thetas: 0.1, 0.2, 0.3, 0.4, 0.5, 0.6, 0.7, 0.8, 0.9"
[1] "r: 5"
[1] "m: 100"
[1] "N_total: 1244"
[1] "cluster size dist'n: "

 5  6  7  8  9 10 11 12 13 14 15 16 17 18 19 20 
 6  7  7  9  5  7  7  3  4  6  4  7  9  6  6  7 
[1] "observed time summary: "
   Min. 1st Qu.  Median    Mean 3rd Qu.    Max. 
0.00000 0.04584 0.38416 0.66302 1.00000 5.88637 
[1] "event indicator table: "

  0   1 
743 501 
[1] "treatment indicator table: "

  0   1 
434 810 
[1] ""
[1] "Estimation start"
[1] "   Split: 1"
Note: Using an external vector in selections is ambiguous.
ℹ Use `all_of(X.T.names)` instead of `X.T.names` to silence this message.
ℹ See <https://tidyselect.r-lib.org/reference/faq-external-vector.html>.
This message is displayed once per session.
Note: Using an external vector in selections is ambiguous.
ℹ Use `all_of(X.C.names)` instead of `X.C.names` to silence this message.
ℹ See <https://tidyselect.r-lib.org/reference/faq-external-vector.html>.
This message is displayed once per session.
Note: Using an external vector in selections is ambiguous.
ℹ Use `all_of(X.A.names)` instead of `X.A.names` to silence this message.
ℹ See <https://tidyselect.r-lib.org/reference/faq-external-vector.html>.
This message is displayed once per session.

Running BART with binary y

number of trees: 25
number of chains: 1, number of threads 1
tree thinning rate: 1
Prior:
	prior on k: chi with 1.250000 degrees of freedom and inf scale
	power and base for tree prior: 2.000000 0.950000
	use quantiles for rule cut points: false
	proposal probabilities: birth/death 0.50, swap 0.10, change 0.40; birth 0.50
data:
	number of training observations: 592
	number of test observations: 0
	number of explanatory variables: 15

Cutoff rules c in x<=c vs x>c
Number of cutoffs: (var: number of possible c):
(1: 100) (2: 100) (3: 100) (4: 100) (5: 100) 
(6: 100) (7: 100) (8: 100) (9: 100) (10: 100) 
(11: 100) (12: 100) (13: 100) (14: 100) (15: 100) 

[1] "     Cluster: 1"
[1] "     Cluster: 2"
[1] "     Cluster: 4"
[1] "     Cluster: 5"
[1] "     Cluster: 6"
[1] "     Cluster: 8"
[1] "     Cluster: 9"
[1] "     Cluster: 11"
[1] "     Cluster: 12"
[1] "     Cluster: 15"
[1] "     Cluster: 20"
[1] "     Cluster: 22"
[1] "     Cluster: 23"
[1] "     Cluster: 24"
[1] "     Cluster: 25"
[1] "     Cluster: 31"
[1] "     Cluster: 33"
[1] "     Cluster: 36"
[1] "     Cluster: 40"
[1] "     Cluster: 42"
[1] "     Cluster: 43"
[1] "     Cluster: 45"
[1] "     Cluster: 48"
[1] "     Cluster: 49"
[1] "     Cluster: 51"
[1] "     Cluster: 52"
[1] "     Cluster: 55"
[1] "     Cluster: 56"
[1] "     Cluster: 58"
[1] "     Cluster: 61"
[1] "     Cluster: 66"
[1] "     Cluster: 68"
[1] "     Cluster: 69"
[1] "     Cluster: 70"
[1] "     Cluster: 71"
[1] "     Cluster: 72"
[1] "     Cluster: 73"
[1] "     Cluster: 74"
[1] "     Cluster: 79"
[1] "     Cluster: 80"
[1] "     Cluster: 83"
[1] "     Cluster: 84"
[1] "     Cluster: 85"
[1] "     Cluster: 88"
[1] "     Cluster: 90"
[1] "     Cluster: 92"
[1] "     Cluster: 93"
[1] "     Cluster: 94"
[1] "     Cluster: 96"
[1] "     Cluster: 100"
[1] "   Split: 2"

Running BART with binary y

number of trees: 25
number of chains: 1, number of threads 1
tree thinning rate: 1
Prior:
	prior on k: chi with 1.250000 degrees of freedom and inf scale
	power and base for tree prior: 2.000000 0.950000
	use quantiles for rule cut points: false
	proposal probabilities: birth/death 0.50, swap 0.10, change 0.40; birth 0.50
data:
	number of training observations: 652
	number of test observations: 0
	number of explanatory variables: 15

Cutoff rules c in x<=c vs x>c
Number of cutoffs: (var: number of possible c):
(1: 100) (2: 100) (3: 100) (4: 100) (5: 100) 
(6: 100) (7: 100) (8: 100) (9: 100) (10: 100) 
(11: 100) (12: 100) (13: 100) (14: 100) (15: 100) 

[1] "     Cluster: 3"
[1] "     Cluster: 7"
[1] "     Cluster: 10"
[1] "     Cluster: 13"
[1] "     Cluster: 14"
[1] "     Cluster: 16"
[1] "     Cluster: 17"
[1] "     Cluster: 18"
[1] "     Cluster: 19"
[1] "     Cluster: 21"
[1] "     Cluster: 26"
[1] "     Cluster: 27"
[1] "     Cluster: 28"
[1] "     Cluster: 29"
[1] "     Cluster: 30"
[1] "     Cluster: 32"
[1] "     Cluster: 34"
[1] "     Cluster: 35"
[1] "     Cluster: 37"
[1] "     Cluster: 38"
[1] "     Cluster: 39"
[1] "     Cluster: 41"
[1] "     Cluster: 44"
[1] "     Cluster: 46"
[1] "     Cluster: 47"
[1] "     Cluster: 50"
[1] "     Cluster: 53"
[1] "     Cluster: 54"
[1] "     Cluster: 57"
[1] "     Cluster: 59"
[1] "     Cluster: 60"
[1] "     Cluster: 62"
[1] "     Cluster: 63"
[1] "     Cluster: 64"
[1] "     Cluster: 65"
[1] "     Cluster: 67"
[1] "     Cluster: 75"
[1] "     Cluster: 76"
[1] "     Cluster: 77"
[1] "     Cluster: 78"
[1] "     Cluster: 81"
[1] "     Cluster: 82"
[1] "     Cluster: 86"
[1] "     Cluster: 87"
[1] "     Cluster: 89"
[1] "     Cluster: 91"
[1] "     Cluster: 95"
[1] "     Cluster: 97"
[1] "     Cluster: 98"
[1] "     Cluster: 99"
[1] ""
[1] "IF for proposed nonparametric estimator computed."
`summarise()` has grouped output by 'theta', 'tau'. You can override using the
`.groups` argument.
`summarise()` has grouped output by 'theta'. You can override using the
`.groups` argument.
`summarise()` has grouped output by 'theta', 'tau'. You can override using the
`.groups` argument.
`summarise()` has grouped output by 'theta'. You can override using the
`.groups` argument.
`summarise()` has grouped output by 'theta', 'tau'. You can override using the
`.groups` argument.
`summarise()` has grouped output by 'theta'. You can override using the
`.groups` argument.
`summarise()` has grouped output by 'theta', 'tau'. You can override using the
`.groups` argument.
`summarise()` has grouped output by 'theta'. You can override using the
`.groups` argument.
`summarise()` has grouped output by 'theta', 'tau'. You can override using the
`.groups` argument.
`summarise()` has grouped output by 'theta'. You can override using the
`.groups` argument.
`summarise()` has grouped output by 'theta', 'tau'. You can override using the
`.groups` argument.
`summarise()` has grouped output by 'theta'. You can override using the
`.groups` argument.
`summarise()` has grouped output by 'theta', 'tau'. You can override using the
`.groups` argument.
`summarise()` has grouped output by 'theta'. You can override using the
`.groups` argument.
`summarise()` has grouped output by 'theta', 'tau'. You can override using the
`.groups` argument.
`summarise()` has grouped output by 'theta'. You can override using the
`.groups` argument.
[1] ""
[1] "Total run time was 58.836 seconds"
[1] "Estimation result: "
# A tibble: 360 × 5
   estimand theta   tau   est     se
   <chr>    <dbl> <dbl> <dbl>  <dbl>
 1 mu         0.1   0.1 0.307 0.124 
 2 mu         0.1   0.2 0.597 0.187 
 3 mu         0.1   0.3 0.583 0.181 
 4 mu         0.1   0.4 0.604 0.177 
 5 mu         0.1   0.5 0.655 0.181 
 6 mu         0.2   0.1 0.365 0.0913
 7 mu         0.2   0.2 0.575 0.123 
 8 mu         0.2   0.3 0.581 0.121 
 9 mu         0.2   0.4 0.625 0.120 
10 mu         0.2   0.5 0.674 0.124 
# ℹ 350 more rows
[1] ""
[1] "OR weights"
`summarise()` has grouped output by 'estimand'. You can override using the
`.groups` argument.
# A tibble: 27 × 6
# Groups:   estimand [3]
   estimand theta mean_value median_value min_value max_value
   <fct>    <dbl>      <dbl>        <dbl>     <dbl>     <dbl>
 1 mu         0.1      0.940       0.0229  5.42e-11     21.0 
 2 mu         0.2      1.03        0.253   9.98e- 7     13.9 
 3 mu         0.3      1.02        0.600   2.28e- 4      8.93
 4 mu         0.4      0.998       0.933   6.83e- 3      5.87
 5 mu         0.5      0.999       0.936   5.47e- 2      3.19
 6 mu         0.6      1.02        0.980   2.60e- 1      2.03
 7 mu         0.7      1.05        1.00    2.49e- 1      2.33
 8 mu         0.8      1.02        1.03    8.58e- 2      2.88
 9 mu         0.9      0.905       0.799   4.25e- 3      3.76
10 mu_1       0.1      1.10        0.0928  4.07e-10     19.3 
11 mu_1       0.2      1.05        0.523   3.75e- 6     10.5 
12 mu_1       0.3      0.980       0.813   5.72e- 4      6.03
13 mu_1       0.4      0.974       0.896   1.39e- 2      3.28
14 mu_1       0.5      0.991       0.966   8.98e- 2      2.18
15 mu_1       0.6      1.03        0.962   3.10e- 1      2.18
16 mu_1       0.7      1.05        1.00    1.91e- 1      2.40
17 mu_1       0.8      1.00        1.06    3.54e- 2      2.97
18 mu_1       0.9      0.891       0.803   2.03e- 3      3.78
19 mu_0       0.1      0.922       0.0155  1.50e-11     23.3 
20 mu_0       0.2      1.03        0.165   3.10e- 7     14.8 
21 mu_0       0.3      1.03        0.513   8.08e- 5     10.2 
22 mu_0       0.4      1.01        0.898   2.13e- 3      7.59
23 mu_0       0.5      1.01        0.929   1.97e- 2      4.81
24 mu_0       0.6      1.02        0.943   1.11e- 1      2.54
25 mu_0       0.7      1.05        0.984   2.60e- 1      2.36
26 mu_0       0.8      1.06        1.09    2.04e- 1      2.54
27 mu_0       0.9      1.03        0.924   1.62e- 2      3.66
[1] ""
[1] "IPCW weights"
`summarise()` has grouped output by 'estimand'. You can override using the
`.groups` argument.
# A tibble: 27 × 6
# Groups:   estimand [3]
   estimand theta mean_value median_value min_value max_value
   <fct>    <dbl>      <dbl>        <dbl>     <dbl>     <dbl>
 1 mu         0.1       1.06    0.0000576  4.35e-16     59.0 
 2 mu         0.2       1.25    0.00417    5.70e-11     35.8 
 3 mu         0.3       1.22    0.0502     5.61e- 8     13.2 
 4 mu         0.4       1.21    0.287      7.47e- 6      9.35
 5 mu         0.5       1.19    0.610      3.32e- 4      6.09
 6 mu         0.6       1.16    0.917      4.92e- 3      6.59
 7 mu         0.7       1.17    1.08       6.71e- 5      4.49
 8 mu         0.8       1.20    1.01       1.34e- 7      7.52
 9 mu         0.9       1.16    0.287      2.58e-12     10.4 
10 mu_1       0.1       1.52    0.000382   4.35e-15     65.5 
11 mu_1       0.2       1.27    0.0145     2.85e-10     19.9 
12 mu_1       0.3       1.22    0.111      1.87e- 7      9.74
13 mu_1       0.4       1.20    0.516      1.87e- 5      8.61
14 mu_1       0.5       1.18    0.726      6.63e- 4      6.85
15 mu_1       0.6       1.16    0.968      9.11e- 4      6.18
16 mu_1       0.7       1.18    1.16       1.07e- 5      5.14
17 mu_1       0.8       1.20    0.893      1.85e- 8      7.52
18 mu_1       0.9       1.16    0.217      3.18e-13     10.8 
19 mu_0       0.1       1.01    0.0000103  0            58.3 
20 mu_0       0.2       1.24    0.00168    0            39.8 
21 mu_0       0.3       1.22    0.0259     0            14.8 
22 mu_0       0.4       1.22    0.122      0             9.84
23 mu_0       0.5       1.20    0.341      0             7.02
24 mu_0       0.6       1.16    0.714      0             7.21
25 mu_0       0.7       1.14    0.968      0             5.14
26 mu_0       0.8       1.17    1.14       0             7.52
27 mu_0       0.9       1.23    0.416      0             6.19
[1] "Total run time was 63.446 seconds"
