
Attaching package: ‘dplyr’

The following objects are masked from ‘package:stats’:

    filter, lag

The following objects are masked from ‘package:base’:

    intersect, setdiff, setequal, union

Loading required package: foreach
Loading required package: iterators
Loading required package: parallel

 randomForestSRC 3.2.2 
 
 Type rfsrc.news() to see new features, changes, and bug fixes. 
 

── Attaching core tidyverse packages ──────────────────────── tidyverse 2.0.0 ──
✔ forcats   1.0.0     ✔ readr     2.1.4
✔ ggplot2   3.3.6     ✔ stringr   1.5.1
✔ lubridate 1.9.3     ✔ tibble    3.2.1
✔ purrr     0.3.5     ✔ tidyr     1.2.1
── Conflicts ────────────────────────────────────────── tidyverse_conflicts() ──
✖ purrr::accumulate() masks foreach::accumulate()
✖ tidyr::extract()    masks dbarts::extract()
✖ dplyr::filter()     masks stats::filter()
✖ dplyr::lag()        masks stats::lag()
✖ purrr::partial()    masks randomForestSRC::partial()
✖ purrr::when()       masks foreach::when()
ℹ Use the [conflicted package](http://conflicted.r-lib.org/) to force all conflicts to become errors
[1] "[Analysis setting]"
[1] "n.cpus: 8"
[1] "method: nonpara"
[1] "taus: 0.1, 0.2, 0.3, 0.4, 0.5"
[1] "thetas: 0.1, 0.2, 0.3, 0.4, 0.5, 0.6, 0.7, 0.8, 0.9"
[1] "r: 5"
[1] "m: 100"
[1] "N_total: 1270"
[1] "cluster size dist'n: "

 5  6  7  8  9 10 11 12 13 14 15 16 17 18 19 20 
 6  6  3  6  4  5 12  7  7  6  6  7  9  6  5  5 
[1] "observed time summary: "
   Min. 1st Qu.  Median    Mean 3rd Qu.    Max. 
0.00000 0.03297 0.28468 0.57036 0.94482 5.00000 
[1] "event indicator table: "

  0   1 
746 524 
[1] "treatment indicator table: "

  0   1 
510 760 
[1] ""
[1] "Estimation start"
[1] "   Split: 1"
Note: Using an external vector in selections is ambiguous.
ℹ Use `all_of(X.T.names)` instead of `X.T.names` to silence this message.
ℹ See <https://tidyselect.r-lib.org/reference/faq-external-vector.html>.
This message is displayed once per session.
Note: Using an external vector in selections is ambiguous.
ℹ Use `all_of(X.C.names)` instead of `X.C.names` to silence this message.
ℹ See <https://tidyselect.r-lib.org/reference/faq-external-vector.html>.
This message is displayed once per session.
Note: Using an external vector in selections is ambiguous.
ℹ Use `all_of(X.A.names)` instead of `X.A.names` to silence this message.
ℹ See <https://tidyselect.r-lib.org/reference/faq-external-vector.html>.
This message is displayed once per session.

Running BART with binary y

number of trees: 25
number of chains: 1, number of threads 1
tree thinning rate: 1
Prior:
	prior on k: chi with 1.250000 degrees of freedom and inf scale
	power and base for tree prior: 2.000000 0.950000
	use quantiles for rule cut points: false
	proposal probabilities: birth/death 0.50, swap 0.10, change 0.40; birth 0.50
data:
	number of training observations: 670
	number of test observations: 0
	number of explanatory variables: 15

Cutoff rules c in x<=c vs x>c
Number of cutoffs: (var: number of possible c):
(1: 100) (2: 100) (3: 100) (4: 100) (5: 100) 
(6: 100) (7: 100) (8: 100) (9: 100) (10: 100) 
(11: 100) (12: 100) (13: 100) (14: 100) (15: 100) 

[1] "     Cluster: 2"
[1] "     Cluster: 4"
[1] "     Cluster: 11"
[1] "     Cluster: 12"
[1] "     Cluster: 15"
[1] "     Cluster: 19"
[1] "     Cluster: 21"
[1] "     Cluster: 23"
[1] "     Cluster: 25"
[1] "     Cluster: 26"
[1] "     Cluster: 27"
[1] "     Cluster: 28"
[1] "     Cluster: 30"
[1] "     Cluster: 32"
[1] "     Cluster: 33"
[1] "     Cluster: 34"
[1] "     Cluster: 39"
[1] "     Cluster: 41"
[1] "     Cluster: 42"
[1] "     Cluster: 47"
[1] "     Cluster: 52"
[1] "     Cluster: 53"
[1] "     Cluster: 54"
[1] "     Cluster: 56"
[1] "     Cluster: 57"
[1] "     Cluster: 59"
[1] "     Cluster: 64"
[1] "     Cluster: 65"
[1] "     Cluster: 67"
[1] "     Cluster: 68"
[1] "     Cluster: 69"
[1] "     Cluster: 70"
[1] "     Cluster: 71"
[1] "     Cluster: 74"
[1] "     Cluster: 75"
[1] "     Cluster: 78"
[1] "     Cluster: 79"
[1] "     Cluster: 80"
[1] "     Cluster: 81"
[1] "     Cluster: 82"
[1] "     Cluster: 83"
[1] "     Cluster: 88"
[1] "     Cluster: 89"
[1] "     Cluster: 90"
[1] "     Cluster: 91"
[1] "     Cluster: 92"
[1] "     Cluster: 95"
[1] "     Cluster: 96"
[1] "     Cluster: 98"
[1] "     Cluster: 99"
[1] "   Split: 2"

Running BART with binary y

number of trees: 25
number of chains: 1, number of threads 1
tree thinning rate: 1
Prior:
	prior on k: chi with 1.250000 degrees of freedom and inf scale
	power and base for tree prior: 2.000000 0.950000
	use quantiles for rule cut points: false
	proposal probabilities: birth/death 0.50, swap 0.10, change 0.40; birth 0.50
data:
	number of training observations: 600
	number of test observations: 0
	number of explanatory variables: 15

Cutoff rules c in x<=c vs x>c
Number of cutoffs: (var: number of possible c):
(1: 100) (2: 100) (3: 100) (4: 100) (5: 100) 
(6: 100) (7: 100) (8: 100) (9: 100) (10: 100) 
(11: 100) (12: 100) (13: 100) (14: 100) (15: 100) 

[1] "     Cluster: 1"
[1] "     Cluster: 3"
[1] "     Cluster: 5"
[1] "     Cluster: 6"
[1] "     Cluster: 7"
[1] "     Cluster: 8"
[1] "     Cluster: 9"
[1] "     Cluster: 10"
[1] "     Cluster: 13"
[1] "     Cluster: 14"
[1] "     Cluster: 16"
[1] "     Cluster: 17"
[1] "     Cluster: 18"
[1] "     Cluster: 20"
[1] "     Cluster: 22"
[1] "     Cluster: 24"
[1] "     Cluster: 29"
[1] "     Cluster: 31"
[1] "     Cluster: 35"
[1] "     Cluster: 36"
[1] "     Cluster: 37"
[1] "     Cluster: 38"
[1] "     Cluster: 40"
[1] "     Cluster: 43"
[1] "     Cluster: 44"
[1] "     Cluster: 45"
[1] "     Cluster: 46"
[1] "     Cluster: 48"
[1] "     Cluster: 49"
[1] "     Cluster: 50"
[1] "     Cluster: 51"
[1] "     Cluster: 55"
[1] "     Cluster: 58"
[1] "     Cluster: 60"
[1] "     Cluster: 61"
[1] "     Cluster: 62"
[1] "     Cluster: 63"
[1] "     Cluster: 66"
[1] "     Cluster: 72"
[1] "     Cluster: 73"
[1] "     Cluster: 76"
[1] "     Cluster: 77"
[1] "     Cluster: 84"
[1] "     Cluster: 85"
[1] "     Cluster: 86"
[1] "     Cluster: 87"
[1] "     Cluster: 93"
[1] "     Cluster: 94"
[1] "     Cluster: 97"
[1] "     Cluster: 100"
[1] ""
[1] "IF for proposed nonparametric estimator computed."
`summarise()` has grouped output by 'theta', 'tau'. You can override using the
`.groups` argument.
`summarise()` has grouped output by 'theta'. You can override using the
`.groups` argument.
`summarise()` has grouped output by 'theta', 'tau'. You can override using the
`.groups` argument.
`summarise()` has grouped output by 'theta'. You can override using the
`.groups` argument.
`summarise()` has grouped output by 'theta', 'tau'. You can override using the
`.groups` argument.
`summarise()` has grouped output by 'theta'. You can override using the
`.groups` argument.
`summarise()` has grouped output by 'theta', 'tau'. You can override using the
`.groups` argument.
`summarise()` has grouped output by 'theta'. You can override using the
`.groups` argument.
`summarise()` has grouped output by 'theta', 'tau'. You can override using the
`.groups` argument.
`summarise()` has grouped output by 'theta'. You can override using the
`.groups` argument.
`summarise()` has grouped output by 'theta', 'tau'. You can override using the
`.groups` argument.
`summarise()` has grouped output by 'theta'. You can override using the
`.groups` argument.
`summarise()` has grouped output by 'theta', 'tau'. You can override using the
`.groups` argument.
`summarise()` has grouped output by 'theta'. You can override using the
`.groups` argument.
`summarise()` has grouped output by 'theta', 'tau'. You can override using the
`.groups` argument.
`summarise()` has grouped output by 'theta'. You can override using the
`.groups` argument.
[1] ""
[1] "Total run time was 42.852 seconds"
[1] "Estimation result: "
# A tibble: 360 × 5
   estimand theta   tau   est     se
   <chr>    <dbl> <dbl> <dbl>  <dbl>
 1 mu         0.1   0.1 0.349 0.0988
 2 mu         0.1   0.2 0.463 0.122 
 3 mu         0.1   0.3 0.532 0.144 
 4 mu         0.1   0.4 0.541 0.150 
 5 mu         0.1   0.5 0.562 0.156 
 6 mu         0.2   0.1 0.353 0.0522
 7 mu         0.2   0.2 0.454 0.0671
 8 mu         0.2   0.3 0.512 0.0795
 9 mu         0.2   0.4 0.525 0.0799
10 mu         0.2   0.5 0.562 0.0824
# ℹ 350 more rows
[1] ""
[1] "OR weights"
`summarise()` has grouped output by 'estimand'. You can override using the
`.groups` argument.
# A tibble: 27 × 6
# Groups:   estimand [3]
   estimand theta mean_value median_value min_value max_value
   <fct>    <dbl>      <dbl>        <dbl>     <dbl>     <dbl>
 1 mu         0.1      0.825       0.0216  2.37e- 9     23.5 
 2 mu         0.2      0.913       0.236   6.95e- 6      6.55
 3 mu         0.3      1.04        0.677   6.16e- 4      3.13
 4 mu         0.4      1.10        1.00    1.25e- 2      3.76
 5 mu         0.5      1.06        1.04    1.08e- 1      2.80
 6 mu         0.6      0.997       0.993   4.74e- 1      1.96
 7 mu         0.7      0.965       0.922   2.97e- 1      1.60
 8 mu         0.8      0.962       0.868   6.98e- 2      3.10
 9 mu         0.9      0.884       0.551   1.60e- 3      5.56
10 mu_1       0.1      0.890       0.0948  1.79e- 8     13.1 
11 mu_1       0.2      0.956       0.484   2.66e- 5      3.49
12 mu_1       0.3      1.06        0.864   1.58e- 3      3.68
13 mu_1       0.4      1.08        0.979   2.43e- 2      3.66
14 mu_1       0.5      1.03        0.997   1.69e- 1      2.44
15 mu_1       0.6      0.978       0.966   4.94e- 1      1.78
16 mu_1       0.7      0.963       0.904   2.35e- 1      1.76
17 mu_1       0.8      0.961       0.853   5.15e- 2      3.52
18 mu_1       0.9      0.872       0.496   1.07e- 3      5.66
19 mu_0       0.1      0.818       0.0137  6.38e-10     24.7 
20 mu_0       0.2      0.903       0.172   2.05e- 6      7.65
21 mu_0       0.3      1.03        0.569   2.01e- 4      3.40
22 mu_0       0.4      1.11        0.937   4.62e- 3      3.82
23 mu_0       0.5      1.10        1.03    4.63e- 2      3.17
24 mu_0       0.6      1.03        1.01    2.62e- 1      2.23
25 mu_0       0.7      0.969       0.959   4.36e- 1      1.61
26 mu_0       0.8      0.969       0.910   1.31e- 1      2.14
27 mu_0       0.9      0.988       0.836   3.37e- 3      4.64
[1] ""
[1] "IPCW weights"
`summarise()` has grouped output by 'estimand'. You can override using the
`.groups` argument.
# A tibble: 27 × 6
# Groups:   estimand [3]
   estimand theta mean_value median_value min_value max_value
   <fct>    <dbl>      <dbl>        <dbl>     <dbl>     <dbl>
 1 mu         0.1       2.33    0.0000978  2.42e-15     70.1 
 2 mu         0.2       2.33    0.00818    5.63e-10     47.9 
 3 mu         0.3       1.70    0.0982     7.29e- 7     26.7 
 4 mu         0.4       1.21    0.461      1.11e- 4     11.2 
 5 mu         0.5       1.03    0.853      5.12e- 3      4.07
 6 mu         0.6       1.05    0.896      9.06e- 3      7.61
 7 mu         0.7       1.18    1.14       1.65e- 4      6.46
 8 mu         0.8       1.52    0.573      4.91e- 7     12.0 
 9 mu         0.9       2.52    0.0606     1.90e-11     50.1 
10 mu_1       0.1       2.87    0.000517   0            82.4 
11 mu_1       0.2       2.02    0.0268     0            32.6 
12 mu_1       0.3       1.38    0.190      0            22.3 
13 mu_1       0.4       1.06    0.528      0             6.97
14 mu_1       0.5       1.00    0.799      0             5.14
15 mu_1       0.6       1.07    0.931      0             8.01
16 mu_1       0.7       1.23    1.16       0             5.83
17 mu_1       0.8       1.60    0.476      0            15.0 
18 mu_1       0.9       2.65    0.0373     0            55.7 
19 mu_0       0.1       2.27    0.0000333  0            68.7 
20 mu_0       0.2       2.41    0.00333    0            52.8 
21 mu_0       0.3       1.83    0.0464     0            28.6 
22 mu_0       0.4       1.31    0.290      0            13.9 
23 mu_0       0.5       1.06    0.683      0             4.43
24 mu_0       0.6       1.02    0.710      0             7.01
25 mu_0       0.7       1.06    1.01       0             7.93
26 mu_0       0.8       1.17    0.925      0             4.57
27 mu_0       0.9       1.40    0.136      0            21.2 
[1] "Total run time was 46.032 seconds"
