
Attaching package: ‘dplyr’

The following objects are masked from ‘package:stats’:

    filter, lag

The following objects are masked from ‘package:base’:

    intersect, setdiff, setequal, union

Loading required package: foreach
Loading required package: iterators
Loading required package: parallel

 randomForestSRC 3.2.2 
 
 Type rfsrc.news() to see new features, changes, and bug fixes. 
 

── Attaching core tidyverse packages ──────────────────────── tidyverse 2.0.0 ──
✔ forcats   1.0.0     ✔ readr     2.1.4
✔ ggplot2   3.3.6     ✔ stringr   1.5.1
✔ lubridate 1.9.3     ✔ tibble    3.2.1
✔ purrr     0.3.5     ✔ tidyr     1.2.1
── Conflicts ────────────────────────────────────────── tidyverse_conflicts() ──
✖ purrr::accumulate() masks foreach::accumulate()
✖ tidyr::extract()    masks dbarts::extract()
✖ dplyr::filter()     masks stats::filter()
✖ dplyr::lag()        masks stats::lag()
✖ purrr::partial()    masks randomForestSRC::partial()
✖ purrr::when()       masks foreach::when()
ℹ Use the [conflicted package](http://conflicted.r-lib.org/) to force all conflicts to become errors
[1] "[Analysis setting]"
[1] "n.cpus: 8"
[1] "method: nonpara"
[1] "taus: 0.1, 0.2, 0.3, 0.4, 0.5"
[1] "thetas: 0.1, 0.2, 0.3, 0.4, 0.5, 0.6, 0.7, 0.8, 0.9"
[1] "r: 5"
[1] "m: 100"
[1] "N_total: 1253"
[1] "cluster size dist'n: "

 5  6  7  8  9 10 11 12 13 14 15 16 17 18 19 20 
 7  6  6  8  3  4  7  8  9  4  5 10  7  2  7  7 
[1] "observed time summary: "
   Min. 1st Qu.  Median    Mean 3rd Qu.    Max. 
0.00000 0.03662 0.34216 0.61340 1.00000 6.00000 
[1] "event indicator table: "

  0   1 
758 495 
[1] "treatment indicator table: "

  0   1 
433 820 
[1] ""
[1] "Estimation start"
[1] "   Split: 1"
Note: Using an external vector in selections is ambiguous.
ℹ Use `all_of(X.T.names)` instead of `X.T.names` to silence this message.
ℹ See <https://tidyselect.r-lib.org/reference/faq-external-vector.html>.
This message is displayed once per session.
Note: Using an external vector in selections is ambiguous.
ℹ Use `all_of(X.C.names)` instead of `X.C.names` to silence this message.
ℹ See <https://tidyselect.r-lib.org/reference/faq-external-vector.html>.
This message is displayed once per session.
Note: Using an external vector in selections is ambiguous.
ℹ Use `all_of(X.A.names)` instead of `X.A.names` to silence this message.
ℹ See <https://tidyselect.r-lib.org/reference/faq-external-vector.html>.
This message is displayed once per session.

Running BART with binary y

number of trees: 25
number of chains: 1, number of threads 1
tree thinning rate: 1
Prior:
	prior on k: chi with 1.250000 degrees of freedom and inf scale
	power and base for tree prior: 2.000000 0.950000
	use quantiles for rule cut points: false
	proposal probabilities: birth/death 0.50, swap 0.10, change 0.40; birth 0.50
data:
	number of training observations: 583
	number of test observations: 0
	number of explanatory variables: 15

Cutoff rules c in x<=c vs x>c
Number of cutoffs: (var: number of possible c):
(1: 100) (2: 100) (3: 100) (4: 100) (5: 100) 
(6: 100) (7: 100) (8: 100) (9: 100) (10: 100) 
(11: 100) (12: 100) (13: 100) (14: 100) (15: 100) 

[1] "     Cluster: 2"
[1] "     Cluster: 3"
[1] "     Cluster: 4"
[1] "     Cluster: 6"
[1] "     Cluster: 8"
[1] "     Cluster: 9"
[1] "     Cluster: 12"
[1] "     Cluster: 14"
[1] "     Cluster: 16"
[1] "     Cluster: 19"
[1] "     Cluster: 20"
[1] "     Cluster: 21"
[1] "     Cluster: 22"
[1] "     Cluster: 26"
[1] "     Cluster: 28"
[1] "     Cluster: 30"
[1] "     Cluster: 31"
[1] "     Cluster: 32"
[1] "     Cluster: 35"
[1] "     Cluster: 37"
[1] "     Cluster: 38"
[1] "     Cluster: 40"
[1] "     Cluster: 42"
[1] "     Cluster: 52"
[1] "     Cluster: 54"
[1] "     Cluster: 55"
[1] "     Cluster: 56"
[1] "     Cluster: 58"
[1] "     Cluster: 63"
[1] "     Cluster: 65"
[1] "     Cluster: 66"
[1] "     Cluster: 68"
[1] "     Cluster: 70"
[1] "     Cluster: 71"
[1] "     Cluster: 72"
[1] "     Cluster: 74"
[1] "     Cluster: 76"
[1] "     Cluster: 77"
[1] "     Cluster: 78"
[1] "     Cluster: 79"
[1] "     Cluster: 83"
[1] "     Cluster: 86"
[1] "     Cluster: 87"
[1] "     Cluster: 89"
[1] "     Cluster: 92"
[1] "     Cluster: 94"
[1] "     Cluster: 95"
[1] "     Cluster: 98"
[1] "     Cluster: 99"
[1] "     Cluster: 100"
[1] "   Split: 2"

Running BART with binary y

number of trees: 25
number of chains: 1, number of threads 1
tree thinning rate: 1
Prior:
	prior on k: chi with 1.250000 degrees of freedom and inf scale
	power and base for tree prior: 2.000000 0.950000
	use quantiles for rule cut points: false
	proposal probabilities: birth/death 0.50, swap 0.10, change 0.40; birth 0.50
data:
	number of training observations: 670
	number of test observations: 0
	number of explanatory variables: 15

Cutoff rules c in x<=c vs x>c
Number of cutoffs: (var: number of possible c):
(1: 100) (2: 100) (3: 100) (4: 100) (5: 100) 
(6: 100) (7: 100) (8: 100) (9: 100) (10: 100) 
(11: 100) (12: 100) (13: 100) (14: 100) (15: 100) 

[1] "     Cluster: 1"
[1] "     Cluster: 5"
[1] "     Cluster: 7"
[1] "     Cluster: 10"
[1] "     Cluster: 11"
[1] "     Cluster: 13"
[1] "     Cluster: 15"
[1] "     Cluster: 17"
[1] "     Cluster: 18"
[1] "     Cluster: 23"
[1] "     Cluster: 24"
[1] "     Cluster: 25"
[1] "     Cluster: 27"
[1] "     Cluster: 29"
[1] "     Cluster: 33"
[1] "     Cluster: 34"
[1] "     Cluster: 36"
[1] "     Cluster: 39"
[1] "     Cluster: 41"
[1] "     Cluster: 43"
[1] "     Cluster: 44"
[1] "     Cluster: 45"
[1] "     Cluster: 46"
[1] "     Cluster: 47"
[1] "     Cluster: 48"
[1] "     Cluster: 49"
[1] "     Cluster: 50"
[1] "     Cluster: 51"
[1] "     Cluster: 53"
[1] "     Cluster: 57"
[1] "     Cluster: 59"
[1] "     Cluster: 60"
[1] "     Cluster: 61"
[1] "     Cluster: 62"
[1] "     Cluster: 64"
[1] "     Cluster: 67"
[1] "     Cluster: 69"
[1] "     Cluster: 73"
[1] "     Cluster: 75"
[1] "     Cluster: 80"
[1] "     Cluster: 81"
[1] "     Cluster: 82"
[1] "     Cluster: 84"
[1] "     Cluster: 85"
[1] "     Cluster: 88"
[1] "     Cluster: 90"
[1] "     Cluster: 91"
[1] "     Cluster: 93"
[1] "     Cluster: 96"
[1] "     Cluster: 97"
[1] ""
[1] "IF for proposed nonparametric estimator computed."
`summarise()` has grouped output by 'theta', 'tau'. You can override using the
`.groups` argument.
`summarise()` has grouped output by 'theta'. You can override using the
`.groups` argument.
`summarise()` has grouped output by 'theta', 'tau'. You can override using the
`.groups` argument.
`summarise()` has grouped output by 'theta'. You can override using the
`.groups` argument.
`summarise()` has grouped output by 'theta', 'tau'. You can override using the
`.groups` argument.
`summarise()` has grouped output by 'theta'. You can override using the
`.groups` argument.
`summarise()` has grouped output by 'theta', 'tau'. You can override using the
`.groups` argument.
`summarise()` has grouped output by 'theta'. You can override using the
`.groups` argument.
`summarise()` has grouped output by 'theta', 'tau'. You can override using the
`.groups` argument.
`summarise()` has grouped output by 'theta'. You can override using the
`.groups` argument.
`summarise()` has grouped output by 'theta', 'tau'. You can override using the
`.groups` argument.
`summarise()` has grouped output by 'theta'. You can override using the
`.groups` argument.
`summarise()` has grouped output by 'theta', 'tau'. You can override using the
`.groups` argument.
`summarise()` has grouped output by 'theta'. You can override using the
`.groups` argument.
`summarise()` has grouped output by 'theta', 'tau'. You can override using the
`.groups` argument.
`summarise()` has grouped output by 'theta'. You can override using the
`.groups` argument.
[1] ""
[1] "Total run time was 48.197 seconds"
[1] "Estimation result: "
# A tibble: 360 × 5
   estimand theta   tau    est     se
   <chr>    <dbl> <dbl>  <dbl>  <dbl>
 1 mu         0.1   0.1 0.0555 0.0835
 2 mu         0.1   0.2 0.198  0.0964
 3 mu         0.1   0.3 0.190  0.0819
 4 mu         0.1   0.4 0.189  0.0777
 5 mu         0.1   0.5 0.199  0.0771
 6 mu         0.2   0.1 0.144  0.0485
 7 mu         0.2   0.2 0.270  0.0904
 8 mu         0.2   0.3 0.285  0.0763
 9 mu         0.2   0.4 0.280  0.0711
10 mu         0.2   0.5 0.286  0.0694
# ℹ 350 more rows
[1] ""
[1] "OR weights"
`summarise()` has grouped output by 'estimand'. You can override using the
`.groups` argument.
# A tibble: 27 × 6
# Groups:   estimand [3]
   estimand theta mean_value median_value min_value max_value
   <fct>    <dbl>      <dbl>        <dbl>     <dbl>     <dbl>
 1 mu         0.1      0.216     0.000884  3.60e-10      7.37
 2 mu         0.2      0.382     0.0385    3.35e- 6      4.16
 3 mu         0.3      0.582     0.225     4.83e- 4      5.61
 4 mu         0.4      0.764     0.635     8.99e- 3      5.20
 5 mu         0.5      0.900     0.846     7.28e- 2      2.96
 6 mu         0.6      0.985     0.972     3.42e- 1      2.07
 7 mu         0.7      1.02      1.02      5.60e- 1      1.48
 8 mu         0.8      0.991     0.891     1.52e- 1      2.97
 9 mu         0.9      0.898     0.579     6.14e- 3      6.61
10 mu_1       0.1      0.319     0.00450   2.54e- 9      5.16
11 mu_1       0.2      0.502     0.0997    1.19e- 5      4.67
12 mu_1       0.3      0.682     0.422     1.22e- 3      6.26
13 mu_1       0.4      0.834     0.780     1.72e- 2      4.45
14 mu_1       0.5      0.943     0.953     1.13e- 1      2.26
15 mu_1       0.6      1.01      1.01      4.55e- 1      2.06
16 mu_1       0.7      1.02      1.01      4.94e- 1      1.62
17 mu_1       0.8      0.981     0.858     1.14e- 1      3.33
18 mu_1       0.9      0.885     0.504     4.19e- 3      6.84
19 mu_0       0.1      0.205     0.000494  1.17e-10      8.18
20 mu_0       0.2      0.351     0.0232    1.21e- 6      5.14
21 mu_0       0.3      0.539     0.153     1.66e- 4      5.34
22 mu_0       0.4      0.717     0.475     3.50e- 3      5.70
23 mu_0       0.5      0.857     0.729     3.22e- 2      3.66
24 mu_0       0.6      0.954     0.980     1.71e- 1      2.09
25 mu_0       0.7      1.02      1.02      3.42e- 1      1.81
26 mu_0       0.8      1.03      1.00      3.03e- 1      1.75
27 mu_0       0.9      1.01      0.864     2.38e- 2      4.57
[1] ""
[1] "IPCW weights"
`summarise()` has grouped output by 'estimand'. You can override using the
`.groups` argument.
# A tibble: 27 × 6
# Groups:   estimand [3]
   estimand theta mean_value median_value min_value max_value
   <fct>    <dbl>      <dbl>        <dbl>     <dbl>     <dbl>
 1 mu         0.1       2.08    0.0000478  5.11e-15    173.  
 2 mu         0.2       3.92    0.00412    5.96e-10    299.  
 3 mu         0.3       3.22    0.0569     5.14e- 7    178.  
 4 mu         0.4       2.21    0.261      5.86e- 5     56.8 
 5 mu         0.5       1.61    0.701      2.17e- 3     25.5 
 6 mu         0.6       1.25    1.07       3.85e- 2     10.6 
 7 mu         0.7       1.11    1.05       3.72e- 2      2.49
 8 mu         0.8       1.19    0.689      2.85e- 4      8.24
 9 mu         0.9       1.28    0.119      4.96e- 8     16.9 
10 mu_1       0.1       4.07    0.000285   4.83e-14    324.  
11 mu_1       0.2       4.16    0.0169     2.81e- 9    280.  
12 mu_1       0.3       2.75    0.123      1.62e- 6    111.  
13 mu_1       0.4       1.89    0.451      1.38e- 4     34.5 
14 mu_1       0.5       1.44    0.898      4.09e- 3     19.6 
15 mu_1       0.6       1.17    1.11       6.05e- 2      6.82
16 mu_1       0.7       1.10    1.01       9.96e- 3      3.28
17 mu_1       0.8       1.22    0.563      6.68e- 5      9.51
18 mu_1       0.9       1.29    0.0894     1.03e- 8     17.4 
19 mu_0       0.1       1.85    0.0000112  0           156.  
20 mu_0       0.2       3.87    0.00161    0           304.  
21 mu_0       0.3       3.42    0.0231     0           206.  
22 mu_0       0.4       2.42    0.125      0            77.0 
23 mu_0       0.5       1.79    0.491      0            31.4 
24 mu_0       0.6       1.38    0.959      0            16.4 
25 mu_0       0.7       1.12    1.14       0             4.72
26 mu_0       0.8       1.08    0.987      0             4.59
27 mu_0       0.9       1.25    0.337      0            13.0 
[1] "Total run time was 51.697 seconds"
