
Attaching package: ‘dplyr’

The following objects are masked from ‘package:stats’:

    filter, lag

The following objects are masked from ‘package:base’:

    intersect, setdiff, setequal, union

Loading required package: foreach
Loading required package: iterators
Loading required package: parallel

 randomForestSRC 3.2.2 
 
 Type rfsrc.news() to see new features, changes, and bug fixes. 
 

── Attaching core tidyverse packages ──────────────────────── tidyverse 2.0.0 ──
✔ forcats   1.0.0     ✔ readr     2.1.4
✔ ggplot2   3.3.6     ✔ stringr   1.5.1
✔ lubridate 1.9.3     ✔ tibble    3.2.1
✔ purrr     0.3.5     ✔ tidyr     1.2.1
── Conflicts ────────────────────────────────────────── tidyverse_conflicts() ──
✖ purrr::accumulate() masks foreach::accumulate()
✖ tidyr::extract()    masks dbarts::extract()
✖ dplyr::filter()     masks stats::filter()
✖ dplyr::lag()        masks stats::lag()
✖ purrr::partial()    masks randomForestSRC::partial()
✖ purrr::when()       masks foreach::when()
ℹ Use the [conflicted package](http://conflicted.r-lib.org/) to force all conflicts to become errors
[1] "[Analysis setting]"
[1] "n.cpus: 8"
[1] "method: nonpara"
[1] "taus: 0.1, 0.2, 0.3, 0.4, 0.5"
[1] "thetas: 0.1, 0.2, 0.3, 0.4, 0.5, 0.6, 0.7, 0.8, 0.9"
[1] "r: 5"
[1] "m: 100"
[1] "N_total: 1290"
[1] "cluster size dist'n: "

 5  6  7  8  9 10 11 12 13 14 15 16 17 18 19 20 
 6  7  7  4  7  5  6  4  4  5  4  7 13  9  7  5 
[1] "observed time summary: "
   Min. 1st Qu.  Median    Mean 3rd Qu.    Max. 
0.00000 0.03492 0.34746 0.61667 1.00000 6.00000 
[1] "event indicator table: "

  0   1 
792 498 
[1] "treatment indicator table: "

  0   1 
459 831 
[1] ""
[1] "Estimation start"
[1] "   Split: 1"
Note: Using an external vector in selections is ambiguous.
ℹ Use `all_of(X.T.names)` instead of `X.T.names` to silence this message.
ℹ See <https://tidyselect.r-lib.org/reference/faq-external-vector.html>.
This message is displayed once per session.
Note: Using an external vector in selections is ambiguous.
ℹ Use `all_of(X.C.names)` instead of `X.C.names` to silence this message.
ℹ See <https://tidyselect.r-lib.org/reference/faq-external-vector.html>.
This message is displayed once per session.
Note: Using an external vector in selections is ambiguous.
ℹ Use `all_of(X.A.names)` instead of `X.A.names` to silence this message.
ℹ See <https://tidyselect.r-lib.org/reference/faq-external-vector.html>.
This message is displayed once per session.

Running BART with binary y

number of trees: 25
number of chains: 1, number of threads 1
tree thinning rate: 1
Prior:
	prior on k: chi with 1.250000 degrees of freedom and inf scale
	power and base for tree prior: 2.000000 0.950000
	use quantiles for rule cut points: false
	proposal probabilities: birth/death 0.50, swap 0.10, change 0.40; birth 0.50
data:
	number of training observations: 665
	number of test observations: 0
	number of explanatory variables: 15

Cutoff rules c in x<=c vs x>c
Number of cutoffs: (var: number of possible c):
(1: 100) (2: 100) (3: 100) (4: 100) (5: 100) 
(6: 100) (7: 100) (8: 100) (9: 100) (10: 100) 
(11: 100) (12: 100) (13: 100) (14: 100) (15: 100) 

[1] "     Cluster: 1"
[1] "     Cluster: 2"
[1] "     Cluster: 4"
[1] "     Cluster: 5"
[1] "     Cluster: 6"
[1] "     Cluster: 7"
[1] "     Cluster: 9"
[1] "     Cluster: 12"
[1] "     Cluster: 14"
[1] "     Cluster: 15"
[1] "     Cluster: 17"
[1] "     Cluster: 18"
[1] "     Cluster: 21"
[1] "     Cluster: 22"
[1] "     Cluster: 23"
[1] "     Cluster: 27"
[1] "     Cluster: 28"
[1] "     Cluster: 30"
[1] "     Cluster: 34"
[1] "     Cluster: 38"
[1] "     Cluster: 41"
[1] "     Cluster: 42"
[1] "     Cluster: 45"
[1] "     Cluster: 46"
[1] "     Cluster: 49"
[1] "     Cluster: 50"
[1] "     Cluster: 52"
[1] "     Cluster: 53"
[1] "     Cluster: 55"
[1] "     Cluster: 56"
[1] "     Cluster: 59"
[1] "     Cluster: 61"
[1] "     Cluster: 62"
[1] "     Cluster: 65"
[1] "     Cluster: 66"
[1] "     Cluster: 68"
[1] "     Cluster: 69"
[1] "     Cluster: 70"
[1] "     Cluster: 71"
[1] "     Cluster: 72"
[1] "     Cluster: 74"
[1] "     Cluster: 75"
[1] "     Cluster: 78"
[1] "     Cluster: 81"
[1] "     Cluster: 84"
[1] "     Cluster: 85"
[1] "     Cluster: 87"
[1] "     Cluster: 88"
[1] "     Cluster: 94"
[1] "     Cluster: 98"
[1] "   Split: 2"

Running BART with binary y

number of trees: 25
number of chains: 1, number of threads 1
tree thinning rate: 1
Prior:
	prior on k: chi with 1.250000 degrees of freedom and inf scale
	power and base for tree prior: 2.000000 0.950000
	use quantiles for rule cut points: false
	proposal probabilities: birth/death 0.50, swap 0.10, change 0.40; birth 0.50
data:
	number of training observations: 625
	number of test observations: 0
	number of explanatory variables: 15

Cutoff rules c in x<=c vs x>c
Number of cutoffs: (var: number of possible c):
(1: 100) (2: 100) (3: 100) (4: 100) (5: 100) 
(6: 100) (7: 100) (8: 100) (9: 100) (10: 100) 
(11: 100) (12: 100) (13: 100) (14: 100) (15: 100) 

[1] "     Cluster: 3"
[1] "     Cluster: 8"
[1] "     Cluster: 10"
[1] "     Cluster: 11"
[1] "     Cluster: 13"
[1] "     Cluster: 16"
[1] "     Cluster: 19"
[1] "     Cluster: 20"
[1] "     Cluster: 24"
[1] "     Cluster: 25"
[1] "     Cluster: 26"
[1] "     Cluster: 29"
[1] "     Cluster: 31"
[1] "     Cluster: 32"
[1] "     Cluster: 33"
[1] "     Cluster: 35"
[1] "     Cluster: 36"
[1] "     Cluster: 37"
[1] "     Cluster: 39"
[1] "     Cluster: 40"
[1] "     Cluster: 43"
[1] "     Cluster: 44"
[1] "     Cluster: 47"
[1] "     Cluster: 48"
[1] "     Cluster: 51"
[1] "     Cluster: 54"
[1] "     Cluster: 57"
[1] "     Cluster: 58"
[1] "     Cluster: 60"
[1] "     Cluster: 63"
[1] "     Cluster: 64"
[1] "     Cluster: 67"
[1] "     Cluster: 73"
[1] "     Cluster: 76"
[1] "     Cluster: 77"
[1] "     Cluster: 79"
[1] "     Cluster: 80"
[1] "     Cluster: 82"
[1] "     Cluster: 83"
[1] "     Cluster: 86"
[1] "     Cluster: 89"
[1] "     Cluster: 90"
[1] "     Cluster: 91"
[1] "     Cluster: 92"
[1] "     Cluster: 93"
[1] "     Cluster: 95"
[1] "     Cluster: 96"
[1] "     Cluster: 97"
[1] "     Cluster: 99"
[1] "     Cluster: 100"
[1] ""
[1] "IF for proposed nonparametric estimator computed."
`summarise()` has grouped output by 'theta', 'tau'. You can override using the
`.groups` argument.
`summarise()` has grouped output by 'theta'. You can override using the
`.groups` argument.
`summarise()` has grouped output by 'theta', 'tau'. You can override using the
`.groups` argument.
`summarise()` has grouped output by 'theta'. You can override using the
`.groups` argument.
`summarise()` has grouped output by 'theta', 'tau'. You can override using the
`.groups` argument.
`summarise()` has grouped output by 'theta'. You can override using the
`.groups` argument.
`summarise()` has grouped output by 'theta', 'tau'. You can override using the
`.groups` argument.
`summarise()` has grouped output by 'theta'. You can override using the
`.groups` argument.
`summarise()` has grouped output by 'theta', 'tau'. You can override using the
`.groups` argument.
`summarise()` has grouped output by 'theta'. You can override using the
`.groups` argument.
`summarise()` has grouped output by 'theta', 'tau'. You can override using the
`.groups` argument.
`summarise()` has grouped output by 'theta'. You can override using the
`.groups` argument.
`summarise()` has grouped output by 'theta', 'tau'. You can override using the
`.groups` argument.
`summarise()` has grouped output by 'theta'. You can override using the
`.groups` argument.
`summarise()` has grouped output by 'theta', 'tau'. You can override using the
`.groups` argument.
`summarise()` has grouped output by 'theta'. You can override using the
`.groups` argument.
[1] ""
[1] "Total run time was 42.146 seconds"
[1] "Estimation result: "
# A tibble: 360 × 5
   estimand theta   tau   est     se
   <chr>    <dbl> <dbl> <dbl>  <dbl>
 1 mu         0.1   0.1 0.183 0.0866
 2 mu         0.1   0.2 0.163 0.0879
 3 mu         0.1   0.3 0.185 0.106 
 4 mu         0.1   0.4 0.260 0.107 
 5 mu         0.1   0.5 0.231 0.103 
 6 mu         0.2   0.1 0.223 0.0663
 7 mu         0.2   0.2 0.225 0.0679
 8 mu         0.2   0.3 0.265 0.0796
 9 mu         0.2   0.4 0.336 0.0882
10 mu         0.2   0.5 0.321 0.0826
# ℹ 350 more rows
[1] ""
[1] "OR weights"
`summarise()` has grouped output by 'estimand'. You can override using the
`.groups` argument.
# A tibble: 27 × 6
# Groups:   estimand [3]
   estimand theta mean_value median_value min_value max_value
   <fct>    <dbl>      <dbl>        <dbl>     <dbl>     <dbl>
 1 mu         0.1      0.318     0.00182   1.60e-10     11.8 
 2 mu         0.2      0.523     0.0551    8.75e- 7      7.98
 3 mu         0.3      0.674     0.307     1.09e- 4      5.58
 4 mu         0.4      0.818     0.680     2.79e- 3      5.00
 5 mu         0.5      0.953     0.936     2.90e- 2      3.23
 6 mu         0.6      1.04      1.05      1.57e- 1      1.93
 7 mu         0.7      1.08      1.05      3.45e- 1      1.97
 8 mu         0.8      1.10      1.06      4.75e- 2      2.65
 9 mu         0.9      1.11      0.829     9.26e- 4      5.58
10 mu_1       0.1      0.521     0.00988   1.23e- 9      9.84
11 mu_1       0.2      0.647     0.124     3.38e- 6      6.77
12 mu_1       0.3      0.767     0.472     2.83e- 4      5.96
13 mu_1       0.4      0.894     0.831     5.48e- 3      4.29
14 mu_1       0.5      1.00      0.967     4.61e- 2      2.58
15 mu_1       0.6      1.07      1.05      2.01e- 1      1.89
16 mu_1       0.7      1.09      1.08      2.56e- 1      2.16
17 mu_1       0.8      1.11      1.04      3.40e- 2      2.71
18 mu_1       0.9      1.12      0.752     6.07e- 4      6.17
19 mu_0       0.1      0.295     0.000891  4.12e-11     12.0 
20 mu_0       0.2      0.492     0.0351    2.50e- 7      8.28
21 mu_0       0.3      0.634     0.216     3.47e- 5      5.41
22 mu_0       0.4      0.768     0.549     1.00e- 3      5.48
23 mu_0       0.5      0.901     0.845     1.19e- 2      3.89
24 mu_0       0.6      1.00      0.992     7.82e- 2      2.34
25 mu_0       0.7      1.05      1.05      2.55e- 1      1.81
26 mu_0       0.8      1.08      1.05      1.01e- 1      2.40
27 mu_0       0.9      1.06      0.957     3.80e- 3      3.43
[1] ""
[1] "IPCW weights"
`summarise()` has grouped output by 'estimand'. You can override using the
`.groups` argument.
# A tibble: 27 × 6
# Groups:   estimand [3]
   estimand theta mean_value median_value min_value max_value
   <fct>    <dbl>      <dbl>        <dbl>     <dbl>     <dbl>
 1 mu         0.1       7.05    0.0000400  1.51e-16    692.  
 2 mu         0.2       8.02    0.00528    3.95e-11    748.  
 3 mu         0.3       3.63    0.0807     5.83e- 8    261.  
 4 mu         0.4       1.75    0.349      1.03e- 5     45.0 
 5 mu         0.5       1.36    0.770      5.75e- 4     19.6 
 6 mu         0.6       1.18    1.01       1.53e- 2     11.3 
 7 mu         0.7       1.10    1.09       1.84e- 3      4.15
 8 mu         0.8       1.20    0.828      2.79e- 6      5.25
 9 mu         0.9       1.59    0.154      3.03e-11     31.4 
10 mu_1       0.1      10.8     0.000216   1.51e-15   1038.  
11 mu_1       0.2       6.49    0.0189     1.97e-10    561.  
12 mu_1       0.3       2.55    0.169      1.94e- 7    130.  
13 mu_1       0.4       1.55    0.619      2.59e- 5     20.0 
14 mu_1       0.5       1.31    0.949      1.15e- 3     18.5 
15 mu_1       0.6       1.14    1.01       2.55e- 2      8.89
16 mu_1       0.7       1.09    1.09       3.94e- 4      3.95
17 mu_1       0.8       1.21    0.637      5.22e- 7      5.87
18 mu_1       0.9       1.63    0.113      5.04e-12     34.8 
19 mu_0       0.1       6.64    0.0000122  0           654.  
20 mu_0       0.2       8.41    0.00192    0           795.  
21 mu_0       0.3       4.09    0.0360     0           317.  
22 mu_0       0.4       1.89    0.177      0            63.7 
23 mu_0       0.5       1.41    0.541      0            20.8 
24 mu_0       0.6       1.23    0.883      0            15.0 
25 mu_0       0.7       1.10    1.04       0             5.16
26 mu_0       0.8       1.12    1.12       0             4.58
27 mu_0       0.9       1.22    0.400      0            10.2 
[1] "Total run time was 45.363 seconds"
