
Attaching package: ‘dplyr’

The following objects are masked from ‘package:stats’:

    filter, lag

The following objects are masked from ‘package:base’:

    intersect, setdiff, setequal, union

Loading required package: foreach
Loading required package: iterators
Loading required package: parallel

 randomForestSRC 3.2.2 
 
 Type rfsrc.news() to see new features, changes, and bug fixes. 
 

── Attaching core tidyverse packages ──────────────────────── tidyverse 2.0.0 ──
✔ forcats   1.0.0     ✔ readr     2.1.4
✔ ggplot2   3.3.6     ✔ stringr   1.5.1
✔ lubridate 1.9.3     ✔ tibble    3.2.1
✔ purrr     0.3.5     ✔ tidyr     1.2.1
── Conflicts ────────────────────────────────────────── tidyverse_conflicts() ──
✖ purrr::accumulate() masks foreach::accumulate()
✖ tidyr::extract()    masks dbarts::extract()
✖ dplyr::filter()     masks stats::filter()
✖ dplyr::lag()        masks stats::lag()
✖ purrr::partial()    masks randomForestSRC::partial()
✖ purrr::when()       masks foreach::when()
ℹ Use the [conflicted package](http://conflicted.r-lib.org/) to force all conflicts to become errors
[1] "[Analysis setting]"
[1] "n.cpus: 8"
[1] "method: nonpara"
[1] "taus: 0.1, 0.2, 0.3, 0.4, 0.5"
[1] "thetas: 0.1, 0.2, 0.3, 0.4, 0.5, 0.6, 0.7, 0.8, 0.9"
[1] "r: 5"
[1] "m: 100"
[1] "N_total: 1252"
[1] "cluster size dist'n: "

 5  6  7  8  9 10 11 12 13 14 15 16 17 18 19 20 
13  4  8  4  4  5  6  4  7  4  5  5  8  8  7  8 
[1] "observed time summary: "
   Min. 1st Qu.  Median    Mean 3rd Qu.    Max. 
 0.0000  0.0458  0.3842  0.6248  1.0000  6.0000 
[1] "event indicator table: "

  0   1 
728 524 
[1] "treatment indicator table: "

  0   1 
432 820 
[1] ""
[1] "Estimation start"
[1] "   Split: 1"
Note: Using an external vector in selections is ambiguous.
ℹ Use `all_of(X.T.names)` instead of `X.T.names` to silence this message.
ℹ See <https://tidyselect.r-lib.org/reference/faq-external-vector.html>.
This message is displayed once per session.
Note: Using an external vector in selections is ambiguous.
ℹ Use `all_of(X.C.names)` instead of `X.C.names` to silence this message.
ℹ See <https://tidyselect.r-lib.org/reference/faq-external-vector.html>.
This message is displayed once per session.
Note: Using an external vector in selections is ambiguous.
ℹ Use `all_of(X.A.names)` instead of `X.A.names` to silence this message.
ℹ See <https://tidyselect.r-lib.org/reference/faq-external-vector.html>.
This message is displayed once per session.

Running BART with binary y

number of trees: 25
number of chains: 1, number of threads 1
tree thinning rate: 1
Prior:
	prior on k: chi with 1.250000 degrees of freedom and inf scale
	power and base for tree prior: 2.000000 0.950000
	use quantiles for rule cut points: false
	proposal probabilities: birth/death 0.50, swap 0.10, change 0.40; birth 0.50
data:
	number of training observations: 611
	number of test observations: 0
	number of explanatory variables: 15

Cutoff rules c in x<=c vs x>c
Number of cutoffs: (var: number of possible c):
(1: 100) (2: 100) (3: 100) (4: 100) (5: 100) 
(6: 100) (7: 100) (8: 100) (9: 100) (10: 100) 
(11: 100) (12: 100) (13: 100) (14: 100) (15: 100) 

[1] "     Cluster: 1"
[1] "     Cluster: 3"
[1] "     Cluster: 4"
[1] "     Cluster: 6"
[1] "     Cluster: 7"
[1] "     Cluster: 9"
[1] "     Cluster: 14"
[1] "     Cluster: 16"
[1] "     Cluster: 20"
[1] "     Cluster: 21"
[1] "     Cluster: 24"
[1] "     Cluster: 27"
[1] "     Cluster: 31"
[1] "     Cluster: 32"
[1] "     Cluster: 33"
[1] "     Cluster: 35"
[1] "     Cluster: 38"
[1] "     Cluster: 39"
[1] "     Cluster: 40"
[1] "     Cluster: 41"
[1] "     Cluster: 42"
[1] "     Cluster: 46"
[1] "     Cluster: 48"
[1] "     Cluster: 49"
[1] "     Cluster: 54"
[1] "     Cluster: 56"
[1] "     Cluster: 58"
[1] "     Cluster: 62"
[1] "     Cluster: 63"
[1] "     Cluster: 65"
[1] "     Cluster: 68"
[1] "     Cluster: 70"
[1] "     Cluster: 71"
[1] "     Cluster: 73"
[1] "     Cluster: 74"
[1] "     Cluster: 75"
[1] "     Cluster: 79"
[1] "     Cluster: 81"
[1] "     Cluster: 83"
[1] "     Cluster: 84"
[1] "     Cluster: 85"
[1] "     Cluster: 86"
[1] "     Cluster: 88"
[1] "     Cluster: 91"
[1] "     Cluster: 92"
[1] "     Cluster: 94"
[1] "     Cluster: 95"
[1] "     Cluster: 96"
[1] "     Cluster: 97"
[1] "     Cluster: 99"
[1] "   Split: 2"

Running BART with binary y

number of trees: 25
number of chains: 1, number of threads 1
tree thinning rate: 1
Prior:
	prior on k: chi with 1.250000 degrees of freedom and inf scale
	power and base for tree prior: 2.000000 0.950000
	use quantiles for rule cut points: false
	proposal probabilities: birth/death 0.50, swap 0.10, change 0.40; birth 0.50
data:
	number of training observations: 641
	number of test observations: 0
	number of explanatory variables: 15

Cutoff rules c in x<=c vs x>c
Number of cutoffs: (var: number of possible c):
(1: 100) (2: 100) (3: 100) (4: 100) (5: 100) 
(6: 100) (7: 100) (8: 100) (9: 100) (10: 100) 
(11: 100) (12: 100) (13: 100) (14: 100) (15: 100) 

[1] "     Cluster: 2"
[1] "     Cluster: 5"
[1] "     Cluster: 8"
[1] "     Cluster: 10"
[1] "     Cluster: 11"
[1] "     Cluster: 12"
[1] "     Cluster: 13"
[1] "     Cluster: 15"
[1] "     Cluster: 17"
[1] "     Cluster: 18"
[1] "     Cluster: 19"
[1] "     Cluster: 22"
[1] "     Cluster: 23"
[1] "     Cluster: 25"
[1] "     Cluster: 26"
[1] "     Cluster: 28"
[1] "     Cluster: 29"
[1] "     Cluster: 30"
[1] "     Cluster: 34"
[1] "     Cluster: 36"
[1] "     Cluster: 37"
[1] "     Cluster: 43"
[1] "     Cluster: 44"
[1] "     Cluster: 45"
[1] "     Cluster: 47"
[1] "     Cluster: 50"
[1] "     Cluster: 51"
[1] "     Cluster: 52"
[1] "     Cluster: 53"
[1] "     Cluster: 55"
[1] "     Cluster: 57"
[1] "     Cluster: 59"
[1] "     Cluster: 60"
[1] "     Cluster: 61"
[1] "     Cluster: 64"
[1] "     Cluster: 66"
[1] "     Cluster: 67"
[1] "     Cluster: 69"
[1] "     Cluster: 72"
[1] "     Cluster: 76"
[1] "     Cluster: 77"
[1] "     Cluster: 78"
[1] "     Cluster: 80"
[1] "     Cluster: 82"
[1] "     Cluster: 87"
[1] "     Cluster: 89"
[1] "     Cluster: 90"
[1] "     Cluster: 93"
[1] "     Cluster: 98"
[1] "     Cluster: 100"
[1] ""
[1] "IF for proposed nonparametric estimator computed."
`summarise()` has grouped output by 'theta', 'tau'. You can override using the
`.groups` argument.
`summarise()` has grouped output by 'theta'. You can override using the
`.groups` argument.
`summarise()` has grouped output by 'theta', 'tau'. You can override using the
`.groups` argument.
`summarise()` has grouped output by 'theta'. You can override using the
`.groups` argument.
`summarise()` has grouped output by 'theta', 'tau'. You can override using the
`.groups` argument.
`summarise()` has grouped output by 'theta'. You can override using the
`.groups` argument.
`summarise()` has grouped output by 'theta', 'tau'. You can override using the
`.groups` argument.
`summarise()` has grouped output by 'theta'. You can override using the
`.groups` argument.
`summarise()` has grouped output by 'theta', 'tau'. You can override using the
`.groups` argument.
`summarise()` has grouped output by 'theta'. You can override using the
`.groups` argument.
`summarise()` has grouped output by 'theta', 'tau'. You can override using the
`.groups` argument.
`summarise()` has grouped output by 'theta'. You can override using the
`.groups` argument.
`summarise()` has grouped output by 'theta', 'tau'. You can override using the
`.groups` argument.
`summarise()` has grouped output by 'theta'. You can override using the
`.groups` argument.
`summarise()` has grouped output by 'theta', 'tau'. You can override using the
`.groups` argument.
`summarise()` has grouped output by 'theta'. You can override using the
`.groups` argument.
[1] ""
[1] "Total run time was 61.252 seconds"
[1] "Estimation result: "
# A tibble: 360 × 5
   estimand theta   tau   est    se
   <chr>    <dbl> <dbl> <dbl> <dbl>
 1 mu         0.1   0.1 0.238 0.140
 2 mu         0.1   0.2 0.288 0.155
 3 mu         0.1   0.3 0.325 0.154
 4 mu         0.1   0.4 0.332 0.179
 5 mu         0.1   0.5 0.342 0.203
 6 mu         0.2   0.1 0.276 0.118
 7 mu         0.2   0.2 0.336 0.127
 8 mu         0.2   0.3 0.379 0.120
 9 mu         0.2   0.4 0.402 0.146
10 mu         0.2   0.5 0.435 0.174
# ℹ 350 more rows
[1] ""
[1] "OR weights"
`summarise()` has grouped output by 'estimand'. You can override using the
`.groups` argument.
# A tibble: 27 × 6
# Groups:   estimand [3]
   estimand theta mean_value median_value min_value max_value
   <fct>    <dbl>      <dbl>        <dbl>     <dbl>     <dbl>
 1 mu         0.1      0.814       0.0266  3.92e-13     21.0 
 2 mu         0.2      1.00        0.255   9.88e- 9     15.4 
 3 mu         0.3      1.09        0.705   3.22e- 6     11.0 
 4 mu         0.4      1.11        0.864   1.73e- 4      5.38
 5 mu         0.5      1.08        0.942   3.32e- 3      6.69
 6 mu         0.6      1.04        1.02    3.20e- 2      5.43
 7 mu         0.7      1.03        0.956   1.80e- 1      2.61
 8 mu         0.8      1.02        0.980   1.74e- 1      2.89
 9 mu         0.9      0.987       0.770   1.41e- 2      3.09
10 mu_1       0.1      1.10        0.101   3.28e-12     23.4 
11 mu_1       0.2      1.11        0.492   4.16e- 8     14.4 
12 mu_1       0.3      1.12        0.911   9.10e- 6      7.12
13 mu_1       0.4      1.10        0.923   3.68e- 4      6.12
14 mu_1       0.5      1.06        0.982   5.70e- 3      6.80
15 mu_1       0.6      1.03        1.01    4.61e- 2      4.70
16 mu_1       0.7      1.03        0.956   2.25e- 1      2.31
17 mu_1       0.8      1.02        0.967   1.37e- 1      2.93
18 mu_1       0.9      0.985       0.733   1.03e- 2      3.25
19 mu_0       0.1      0.783       0.0169  7.07e-14     20.8 
20 mu_0       0.2      0.975       0.189   1.95e- 9     15.7 
21 mu_0       0.3      1.08        0.579   7.05e- 7     12.6 
22 mu_0       0.4      1.12        0.839   4.26e- 5      7.06
23 mu_0       0.5      1.09        0.927   9.45e- 4      6.57
24 mu_0       0.6      1.06        0.980   1.09e- 2      6.52
25 mu_0       0.7      1.03        0.992   7.64e- 2      3.91
26 mu_0       0.8      1.04        0.990   2.51e- 1      2.69
27 mu_0       0.9      1.01        0.968   4.79e- 2      2.93
[1] ""
[1] "IPCW weights"
`summarise()` has grouped output by 'estimand'. You can override using the
`.groups` argument.
# A tibble: 27 × 6
# Groups:   estimand [3]
   estimand theta mean_value median_value min_value max_value
   <fct>    <dbl>      <dbl>        <dbl>     <dbl>     <dbl>
 1 mu         0.1     163.     0.0000347   5.52e-17  16119.  
 2 mu         0.2     223.     0.00213     2.57e-11  22037.  
 3 mu         0.3     103.     0.0452      4.99e- 8  10036.  
 4 mu         0.4      25.3    0.264       1.01e- 5   2356.  
 5 mu         0.5       4.50   0.699       5.84e- 4    299.  
 6 mu         0.6       1.51   0.971       1.36e- 3     18.2 
 7 mu         0.7       1.19   1.07        1.39e- 5     10.4 
 8 mu         0.8       1.16   1.03        1.85e- 8      4.26
 9 mu         0.9       1.32   0.275       1.78e-13     15.8 
10 mu_1       0.1     272.     0.000321    5.24e-16  26866.  
11 mu_1       0.2     187.     0.00975     1.22e-10  18364.  
12 mu_1       0.3      57.8    0.102       1.58e- 7   5575.  
13 mu_1       0.4      11.5    0.387       2.40e- 5    982.  
14 mu_1       0.5       2.45   0.867       1.11e- 3     99.6 
15 mu_1       0.6       1.34   1.04        2.39e- 4     16.2 
16 mu_1       0.7       1.18   1.01        2.09e- 6      8.50
17 mu_1       0.8       1.17   0.873       2.43e- 9      4.82
18 mu_1       0.9       1.35   0.195       2.09e-14     17.6 
19 mu_0       0.1     151.     0.00000469  0         14925.  
20 mu_0       0.2     232.     0.000892    0         22955.  
21 mu_0       0.3     122.     0.0246      0         11947.  
22 mu_0       0.4      34.6    0.113       0          3272.  
23 mu_0       0.5       6.56   0.318       0           498.  
24 mu_0       0.6       1.77   0.660       0            37.8 
25 mu_0       0.7       1.23   0.955       0            14.9 
26 mu_0       0.8       1.11   1.12        0             5.70
27 mu_0       0.9       1.08   0.470       0             5.20
[1] "Total run time was 66.161 seconds"
