
Attaching package: ‘dplyr’

The following objects are masked from ‘package:stats’:

    filter, lag

The following objects are masked from ‘package:base’:

    intersect, setdiff, setequal, union

Loading required package: foreach
Loading required package: iterators
Loading required package: parallel

 randomForestSRC 3.2.2 
 
 Type rfsrc.news() to see new features, changes, and bug fixes. 
 

── Attaching core tidyverse packages ──────────────────────── tidyverse 2.0.0 ──
✔ forcats   1.0.0     ✔ readr     2.1.4
✔ ggplot2   3.3.6     ✔ stringr   1.5.1
✔ lubridate 1.9.3     ✔ tibble    3.2.1
✔ purrr     0.3.5     ✔ tidyr     1.2.1
── Conflicts ────────────────────────────────────────── tidyverse_conflicts() ──
✖ purrr::accumulate() masks foreach::accumulate()
✖ tidyr::extract()    masks dbarts::extract()
✖ dplyr::filter()     masks stats::filter()
✖ dplyr::lag()        masks stats::lag()
✖ purrr::partial()    masks randomForestSRC::partial()
✖ purrr::when()       masks foreach::when()
ℹ Use the [conflicted package](http://conflicted.r-lib.org/) to force all conflicts to become errors
[1] "[Analysis setting]"
[1] "n.cpus: 8"
[1] "method: nonpara"
[1] "taus: 0.1, 0.2, 0.3, 0.4, 0.5"
[1] "thetas: 0.1, 0.2, 0.3, 0.4, 0.5, 0.6, 0.7, 0.8, 0.9"
[1] "r: 5"
[1] "m: 100"
[1] "N_total: 1255"
[1] "cluster size dist'n: "

 5  6  7  8  9 10 11 12 13 14 15 16 17 18 19 20 
 6  5  6 10  7  7  3  6  3  9  8  4  4  8  6  8 
[1] "observed time summary: "
   Min. 1st Qu.  Median    Mean 3rd Qu.    Max. 
0.00000 0.04864 0.36435 0.62337 1.00000 5.20214 
[1] "event indicator table: "

  0   1 
736 519 
[1] "treatment indicator table: "

  0   1 
422 833 
[1] ""
[1] "Estimation start"
[1] "   Split: 1"
Note: Using an external vector in selections is ambiguous.
ℹ Use `all_of(X.T.names)` instead of `X.T.names` to silence this message.
ℹ See <https://tidyselect.r-lib.org/reference/faq-external-vector.html>.
This message is displayed once per session.
Note: Using an external vector in selections is ambiguous.
ℹ Use `all_of(X.C.names)` instead of `X.C.names` to silence this message.
ℹ See <https://tidyselect.r-lib.org/reference/faq-external-vector.html>.
This message is displayed once per session.
Note: Using an external vector in selections is ambiguous.
ℹ Use `all_of(X.A.names)` instead of `X.A.names` to silence this message.
ℹ See <https://tidyselect.r-lib.org/reference/faq-external-vector.html>.
This message is displayed once per session.

Running BART with binary y

number of trees: 25
number of chains: 1, number of threads 1
tree thinning rate: 1
Prior:
	prior on k: chi with 1.250000 degrees of freedom and inf scale
	power and base for tree prior: 2.000000 0.950000
	use quantiles for rule cut points: false
	proposal probabilities: birth/death 0.50, swap 0.10, change 0.40; birth 0.50
data:
	number of training observations: 605
	number of test observations: 0
	number of explanatory variables: 15

Cutoff rules c in x<=c vs x>c
Number of cutoffs: (var: number of possible c):
(1: 100) (2: 100) (3: 100) (4: 100) (5: 100) 
(6: 100) (7: 100) (8: 100) (9: 100) (10: 100) 
(11: 100) (12: 100) (13: 100) (14: 100) (15: 100) 

[1] "     Cluster: 4"
[1] "     Cluster: 5"
[1] "     Cluster: 6"
[1] "     Cluster: 8"
[1] "     Cluster: 10"
[1] "     Cluster: 14"
[1] "     Cluster: 15"
[1] "     Cluster: 16"
[1] "     Cluster: 17"
[1] "     Cluster: 19"
[1] "     Cluster: 20"
[1] "     Cluster: 21"
[1] "     Cluster: 23"
[1] "     Cluster: 24"
[1] "     Cluster: 26"
[1] "     Cluster: 27"
[1] "     Cluster: 30"
[1] "     Cluster: 31"
[1] "     Cluster: 33"
[1] "     Cluster: 36"
[1] "     Cluster: 37"
[1] "     Cluster: 38"
[1] "     Cluster: 39"
[1] "     Cluster: 41"
[1] "     Cluster: 43"
[1] "     Cluster: 44"
[1] "     Cluster: 46"
[1] "     Cluster: 48"
[1] "     Cluster: 50"
[1] "     Cluster: 55"
[1] "     Cluster: 57"
[1] "     Cluster: 62"
[1] "     Cluster: 63"
[1] "     Cluster: 64"
[1] "     Cluster: 66"
[1] "     Cluster: 68"
[1] "     Cluster: 69"
[1] "     Cluster: 70"
[1] "     Cluster: 72"
[1] "     Cluster: 75"
[1] "     Cluster: 81"
[1] "     Cluster: 84"
[1] "     Cluster: 90"
[1] "     Cluster: 91"
[1] "     Cluster: 94"
[1] "     Cluster: 95"
[1] "     Cluster: 96"
[1] "     Cluster: 97"
[1] "     Cluster: 98"
[1] "     Cluster: 99"
[1] "   Split: 2"

Running BART with binary y

number of trees: 25
number of chains: 1, number of threads 1
tree thinning rate: 1
Prior:
	prior on k: chi with 1.250000 degrees of freedom and inf scale
	power and base for tree prior: 2.000000 0.950000
	use quantiles for rule cut points: false
	proposal probabilities: birth/death 0.50, swap 0.10, change 0.40; birth 0.50
data:
	number of training observations: 650
	number of test observations: 0
	number of explanatory variables: 15

Cutoff rules c in x<=c vs x>c
Number of cutoffs: (var: number of possible c):
(1: 100) (2: 100) (3: 100) (4: 100) (5: 100) 
(6: 100) (7: 100) (8: 100) (9: 100) (10: 100) 
(11: 100) (12: 100) (13: 100) (14: 100) (15: 100) 

[1] "     Cluster: 1"
[1] "     Cluster: 2"
[1] "     Cluster: 3"
[1] "     Cluster: 7"
[1] "     Cluster: 9"
[1] "     Cluster: 11"
[1] "     Cluster: 12"
[1] "     Cluster: 13"
[1] "     Cluster: 18"
[1] "     Cluster: 22"
[1] "     Cluster: 25"
[1] "     Cluster: 28"
[1] "     Cluster: 29"
[1] "     Cluster: 32"
[1] "     Cluster: 34"
[1] "     Cluster: 35"
[1] "     Cluster: 40"
[1] "     Cluster: 42"
[1] "     Cluster: 45"
[1] "     Cluster: 47"
[1] "     Cluster: 49"
[1] "     Cluster: 51"
[1] "     Cluster: 52"
[1] "     Cluster: 53"
[1] "     Cluster: 54"
[1] "     Cluster: 56"
[1] "     Cluster: 58"
[1] "     Cluster: 59"
[1] "     Cluster: 60"
[1] "     Cluster: 61"
[1] "     Cluster: 65"
[1] "     Cluster: 67"
[1] "     Cluster: 71"
[1] "     Cluster: 73"
[1] "     Cluster: 74"
[1] "     Cluster: 76"
[1] "     Cluster: 77"
[1] "     Cluster: 78"
[1] "     Cluster: 79"
[1] "     Cluster: 80"
[1] "     Cluster: 82"
[1] "     Cluster: 83"
[1] "     Cluster: 85"
[1] "     Cluster: 86"
[1] "     Cluster: 87"
[1] "     Cluster: 88"
[1] "     Cluster: 89"
[1] "     Cluster: 92"
[1] "     Cluster: 93"
[1] "     Cluster: 100"
[1] ""
[1] "IF for proposed nonparametric estimator computed."
`summarise()` has grouped output by 'theta', 'tau'. You can override using the
`.groups` argument.
`summarise()` has grouped output by 'theta'. You can override using the
`.groups` argument.
`summarise()` has grouped output by 'theta', 'tau'. You can override using the
`.groups` argument.
`summarise()` has grouped output by 'theta'. You can override using the
`.groups` argument.
`summarise()` has grouped output by 'theta', 'tau'. You can override using the
`.groups` argument.
`summarise()` has grouped output by 'theta'. You can override using the
`.groups` argument.
`summarise()` has grouped output by 'theta', 'tau'. You can override using the
`.groups` argument.
`summarise()` has grouped output by 'theta'. You can override using the
`.groups` argument.
`summarise()` has grouped output by 'theta', 'tau'. You can override using the
`.groups` argument.
`summarise()` has grouped output by 'theta'. You can override using the
`.groups` argument.
`summarise()` has grouped output by 'theta', 'tau'. You can override using the
`.groups` argument.
`summarise()` has grouped output by 'theta'. You can override using the
`.groups` argument.
`summarise()` has grouped output by 'theta', 'tau'. You can override using the
`.groups` argument.
`summarise()` has grouped output by 'theta'. You can override using the
`.groups` argument.
`summarise()` has grouped output by 'theta', 'tau'. You can override using the
`.groups` argument.
`summarise()` has grouped output by 'theta'. You can override using the
`.groups` argument.
[1] ""
[1] "Total run time was 66.203 seconds"
[1] "Estimation result: "
# A tibble: 360 × 5
   estimand theta   tau   est     se
   <chr>    <dbl> <dbl> <dbl>  <dbl>
 1 mu         0.1   0.1 0.143 0.0657
 2 mu         0.1   0.2 0.206 0.0921
 3 mu         0.1   0.3 0.261 0.128 
 4 mu         0.1   0.4 0.232 0.131 
 5 mu         0.1   0.5 0.314 0.106 
 6 mu         0.2   0.1 0.183 0.0590
 7 mu         0.2   0.2 0.263 0.0716
 8 mu         0.2   0.3 0.316 0.0908
 9 mu         0.2   0.4 0.319 0.0996
10 mu         0.2   0.5 0.388 0.0826
# ℹ 350 more rows
[1] ""
[1] "OR weights"
`summarise()` has grouped output by 'estimand'. You can override using the
`.groups` argument.
# A tibble: 27 × 6
# Groups:   estimand [3]
   estimand theta mean_value median_value min_value max_value
   <fct>    <dbl>      <dbl>        <dbl>     <dbl>     <dbl>
 1 mu         0.1      0.448      0.0107   7.60e-12      7.57
 2 mu         0.2      0.683      0.130    9.20e- 8      5.28
 3 mu         0.3      0.850      0.496    1.92e- 5      4.11
 4 mu         0.4      0.930      0.893    7.36e- 4      3.29
 5 mu         0.5      0.966      0.912    1.08e- 2      2.17
 6 mu         0.6      1.01       1.01     8.34e- 2      2.36
 7 mu         0.7      1.05       1.10     2.65e- 1      2.00
 8 mu         0.8      1.03       1.00     1.20e- 1      1.87
 9 mu         0.9      0.990      0.840    4.24e- 3      4.75
10 mu_1       0.1      0.690      0.0470   6.28e-11      7.67
11 mu_1       0.2      0.818      0.353    3.81e- 7      3.92
12 mu_1       0.3      0.919      0.771    5.32e- 5      3.95
13 mu_1       0.4      0.955      0.903    1.54e- 3      2.97
14 mu_1       0.5      0.980      0.944    1.82e- 2      2.16
15 mu_1       0.6      1.02       1.03     1.18e- 1      2.39
16 mu_1       0.7      1.05       1.07     2.67e- 1      1.85
17 mu_1       0.8      1.02       0.988    8.50e- 2      1.95
18 mu_1       0.9      0.983      0.833    2.77e- 3      5.04
19 mu_0       0.1      0.422      0.00570  1.47e-12      8.06
20 mu_0       0.2      0.649      0.0814   1.97e- 8      5.87
21 mu_0       0.3      0.820      0.373    4.20e- 6      4.44
22 mu_0       0.4      0.914      0.746    1.57e- 4      3.50
23 mu_0       0.5      0.952      0.903    2.49e- 3      2.58
24 mu_0       0.6      0.995      0.946    2.28e- 2      2.33
25 mu_0       0.7      1.05       1.04     1.40e- 1      2.36
26 mu_0       0.8      1.07       1.11     2.35e- 1      2.00
27 mu_0       0.9      1.05       0.971    1.75e- 2      2.41
[1] ""
[1] "IPCW weights"
`summarise()` has grouped output by 'estimand'. You can override using the
`.groups` argument.
# A tibble: 27 × 6
# Groups:   estimand [3]
   estimand theta mean_value median_value min_value max_value
   <fct>    <dbl>      <dbl>        <dbl>     <dbl>     <dbl>
 1 mu         0.1      0.615    0.0000376  2.03e-19     14.9 
 2 mu         0.2      1.05     0.00604    2.12e-13     17.3 
 3 mu         0.3      1.10     0.0955     7.07e-10     12.9 
 4 mu         0.4      1.00     0.377      2.23e- 7      8.43
 5 mu         0.5      0.990    0.739      1.93e- 5      5.19
 6 mu         0.6      1.03     0.752      7.41e- 4      4.31
 7 mu         0.7      1.04     1.00       3.02e- 4      3.02
 8 mu         0.8      1.06     0.953      1.03e- 6      5.33
 9 mu         0.9      1.14     0.337      4.47e-11     11.1 
10 mu_1       0.1      1.03     0.000217   2.03e-18     21.0 
11 mu_1       0.2      1.16     0.0170     1.06e-12     15.7 
12 mu_1       0.3      1.06     0.216      2.36e- 9     10.7 
13 mu_1       0.4      0.982    0.626      5.57e- 7      7.02
14 mu_1       0.5      1.02     0.614      3.86e- 5      5.46
15 mu_1       0.6      1.05     0.802      1.23e- 3      3.78
16 mu_1       0.7      1.04     1.02       7.18e- 5      2.98
17 mu_1       0.8      1.06     0.908      2.14e- 7      5.99
18 mu_1       0.9      1.14     0.235      8.27e-12     11.1 
19 mu_0       0.1      0.568    0.0000115  0            14.5 
20 mu_0       0.2      1.02     0.00250    0            18.0 
21 mu_0       0.3      1.12     0.0388     0            13.8 
22 mu_0       0.4      1.02     0.180      0             9.36
23 mu_0       0.5      0.965    0.562      0             5.54
24 mu_0       0.6      1.00     0.684      0             5.10
25 mu_0       0.7      1.03     0.805      0             3.38
26 mu_0       0.8      1.05     0.899      0             3.37
27 mu_0       0.9      1.09     0.312      0            11.1 
[1] "Total run time was 70.963 seconds"
