
Attaching package: ‘dplyr’

The following objects are masked from ‘package:stats’:

    filter, lag

The following objects are masked from ‘package:base’:

    intersect, setdiff, setequal, union

Loading required package: foreach
Loading required package: iterators
Loading required package: parallel

 randomForestSRC 3.2.2 
 
 Type rfsrc.news() to see new features, changes, and bug fixes. 
 

── Attaching core tidyverse packages ──────────────────────── tidyverse 2.0.0 ──
✔ forcats   1.0.0     ✔ readr     2.1.4
✔ ggplot2   3.3.6     ✔ stringr   1.5.1
✔ lubridate 1.9.3     ✔ tibble    3.2.1
✔ purrr     0.3.5     ✔ tidyr     1.2.1
── Conflicts ────────────────────────────────────────── tidyverse_conflicts() ──
✖ purrr::accumulate() masks foreach::accumulate()
✖ tidyr::extract()    masks dbarts::extract()
✖ dplyr::filter()     masks stats::filter()
✖ dplyr::lag()        masks stats::lag()
✖ purrr::partial()    masks randomForestSRC::partial()
✖ purrr::when()       masks foreach::when()
ℹ Use the [conflicted package](http://conflicted.r-lib.org/) to force all conflicts to become errors
[1] "[Analysis setting]"
[1] "n.cpus: 8"
[1] "method: nonpara"
[1] "taus: 0.1, 0.2, 0.3, 0.4, 0.5"
[1] "thetas: 0.1, 0.2, 0.3, 0.4, 0.5, 0.6, 0.7, 0.8, 0.9"
[1] "r: 5"
[1] "m: 100"
[1] "N_total: 1229"
[1] "cluster size dist'n: "

 5  6  7  8  9 10 11 12 13 14 15 16 17 18 19 20 
 6  6 11  7  5  5  1  6  8  6  7  9  8  8  5  2 
[1] "observed time summary: "
   Min. 1st Qu.  Median    Mean 3rd Qu.    Max. 
 0.0000  0.0312  0.3825  0.6234  1.0000  5.0000 
[1] "event indicator table: "

  0   1 
735 494 
[1] "treatment indicator table: "

  0   1 
411 818 
[1] ""
[1] "Estimation start"
[1] "   Split: 1"
Note: Using an external vector in selections is ambiguous.
ℹ Use `all_of(X.T.names)` instead of `X.T.names` to silence this message.
ℹ See <https://tidyselect.r-lib.org/reference/faq-external-vector.html>.
This message is displayed once per session.
Note: Using an external vector in selections is ambiguous.
ℹ Use `all_of(X.C.names)` instead of `X.C.names` to silence this message.
ℹ See <https://tidyselect.r-lib.org/reference/faq-external-vector.html>.
This message is displayed once per session.
Note: Using an external vector in selections is ambiguous.
ℹ Use `all_of(X.A.names)` instead of `X.A.names` to silence this message.
ℹ See <https://tidyselect.r-lib.org/reference/faq-external-vector.html>.
This message is displayed once per session.

Running BART with binary y

number of trees: 25
number of chains: 1, number of threads 1
tree thinning rate: 1
Prior:
	prior on k: chi with 1.250000 degrees of freedom and inf scale
	power and base for tree prior: 2.000000 0.950000
	use quantiles for rule cut points: false
	proposal probabilities: birth/death 0.50, swap 0.10, change 0.40; birth 0.50
data:
	number of training observations: 585
	number of test observations: 0
	number of explanatory variables: 15

Cutoff rules c in x<=c vs x>c
Number of cutoffs: (var: number of possible c):
(1: 100) (2: 100) (3: 100) (4: 100) (5: 100) 
(6: 100) (7: 100) (8: 100) (9: 100) (10: 100) 
(11: 100) (12: 100) (13: 100) (14: 100) (15: 100) 

[1] "     Cluster: 1"
[1] "     Cluster: 4"
[1] "     Cluster: 6"
[1] "     Cluster: 7"
[1] "     Cluster: 8"
[1] "     Cluster: 9"
[1] "     Cluster: 11"
[1] "     Cluster: 13"
[1] "     Cluster: 14"
[1] "     Cluster: 18"
[1] "     Cluster: 19"
[1] "     Cluster: 20"
[1] "     Cluster: 22"
[1] "     Cluster: 24"
[1] "     Cluster: 25"
[1] "     Cluster: 26"
[1] "     Cluster: 28"
[1] "     Cluster: 29"
[1] "     Cluster: 32"
[1] "     Cluster: 35"
[1] "     Cluster: 36"
[1] "     Cluster: 37"
[1] "     Cluster: 39"
[1] "     Cluster: 40"
[1] "     Cluster: 45"
[1] "     Cluster: 48"
[1] "     Cluster: 52"
[1] "     Cluster: 53"
[1] "     Cluster: 56"
[1] "     Cluster: 65"
[1] "     Cluster: 66"
[1] "     Cluster: 67"
[1] "     Cluster: 69"
[1] "     Cluster: 70"
[1] "     Cluster: 71"
[1] "     Cluster: 72"
[1] "     Cluster: 73"
[1] "     Cluster: 74"
[1] "     Cluster: 76"
[1] "     Cluster: 78"
[1] "     Cluster: 79"
[1] "     Cluster: 81"
[1] "     Cluster: 85"
[1] "     Cluster: 86"
[1] "     Cluster: 87"
[1] "     Cluster: 90"
[1] "     Cluster: 92"
[1] "     Cluster: 93"
[1] "     Cluster: 94"
[1] "     Cluster: 100"
[1] "   Split: 2"

Running BART with binary y

number of trees: 25
number of chains: 1, number of threads 1
tree thinning rate: 1
Prior:
	prior on k: chi with 1.250000 degrees of freedom and inf scale
	power and base for tree prior: 2.000000 0.950000
	use quantiles for rule cut points: false
	proposal probabilities: birth/death 0.50, swap 0.10, change 0.40; birth 0.50
data:
	number of training observations: 644
	number of test observations: 0
	number of explanatory variables: 15

Cutoff rules c in x<=c vs x>c
Number of cutoffs: (var: number of possible c):
(1: 100) (2: 100) (3: 100) (4: 100) (5: 100) 
(6: 100) (7: 100) (8: 100) (9: 100) (10: 100) 
(11: 100) (12: 100) (13: 100) (14: 100) (15: 100) 

[1] "     Cluster: 2"
[1] "     Cluster: 3"
[1] "     Cluster: 5"
[1] "     Cluster: 10"
[1] "     Cluster: 12"
[1] "     Cluster: 15"
[1] "     Cluster: 16"
[1] "     Cluster: 17"
[1] "     Cluster: 21"
[1] "     Cluster: 23"
[1] "     Cluster: 27"
[1] "     Cluster: 30"
[1] "     Cluster: 31"
[1] "     Cluster: 33"
[1] "     Cluster: 34"
[1] "     Cluster: 38"
[1] "     Cluster: 41"
[1] "     Cluster: 42"
[1] "     Cluster: 43"
[1] "     Cluster: 44"
[1] "     Cluster: 46"
[1] "     Cluster: 47"
[1] "     Cluster: 49"
[1] "     Cluster: 50"
[1] "     Cluster: 51"
[1] "     Cluster: 54"
[1] "     Cluster: 55"
[1] "     Cluster: 57"
[1] "     Cluster: 58"
[1] "     Cluster: 59"
[1] "     Cluster: 60"
[1] "     Cluster: 61"
[1] "     Cluster: 62"
[1] "     Cluster: 63"
[1] "     Cluster: 64"
[1] "     Cluster: 68"
[1] "     Cluster: 75"
[1] "     Cluster: 77"
[1] "     Cluster: 80"
[1] "     Cluster: 82"
[1] "     Cluster: 83"
[1] "     Cluster: 84"
[1] "     Cluster: 88"
[1] "     Cluster: 89"
[1] "     Cluster: 91"
[1] "     Cluster: 95"
[1] "     Cluster: 96"
[1] "     Cluster: 97"
[1] "     Cluster: 98"
[1] "     Cluster: 99"
[1] ""
[1] "IF for proposed nonparametric estimator computed."
`summarise()` has grouped output by 'theta', 'tau'. You can override using the
`.groups` argument.
`summarise()` has grouped output by 'theta'. You can override using the
`.groups` argument.
`summarise()` has grouped output by 'theta', 'tau'. You can override using the
`.groups` argument.
`summarise()` has grouped output by 'theta'. You can override using the
`.groups` argument.
`summarise()` has grouped output by 'theta', 'tau'. You can override using the
`.groups` argument.
`summarise()` has grouped output by 'theta'. You can override using the
`.groups` argument.
`summarise()` has grouped output by 'theta', 'tau'. You can override using the
`.groups` argument.
`summarise()` has grouped output by 'theta'. You can override using the
`.groups` argument.
`summarise()` has grouped output by 'theta', 'tau'. You can override using the
`.groups` argument.
`summarise()` has grouped output by 'theta'. You can override using the
`.groups` argument.
`summarise()` has grouped output by 'theta', 'tau'. You can override using the
`.groups` argument.
`summarise()` has grouped output by 'theta'. You can override using the
`.groups` argument.
`summarise()` has grouped output by 'theta', 'tau'. You can override using the
`.groups` argument.
`summarise()` has grouped output by 'theta'. You can override using the
`.groups` argument.
`summarise()` has grouped output by 'theta', 'tau'. You can override using the
`.groups` argument.
`summarise()` has grouped output by 'theta'. You can override using the
`.groups` argument.
[1] ""
[1] "Total run time was 42.444 seconds"
[1] "Estimation result: "
# A tibble: 360 × 5
   estimand theta   tau   est    se
   <chr>    <dbl> <dbl> <dbl> <dbl>
 1 mu         0.1   0.1 0.102 0.195
 2 mu         0.1   0.2 0.202 0.157
 3 mu         0.1   0.3 0.312 0.129
 4 mu         0.1   0.4 0.320 0.143
 5 mu         0.1   0.5 0.362 0.134
 6 mu         0.2   0.1 0.276 0.145
 7 mu         0.2   0.2 0.361 0.134
 8 mu         0.2   0.3 0.457 0.130
 9 mu         0.2   0.4 0.484 0.140
10 mu         0.2   0.5 0.533 0.153
# ℹ 350 more rows
[1] ""
[1] "OR weights"
`summarise()` has grouped output by 'estimand'. You can override using the
`.groups` argument.
# A tibble: 27 × 6
# Groups:   estimand [3]
   estimand theta mean_value median_value min_value max_value
   <fct>    <dbl>      <dbl>        <dbl>     <dbl>     <dbl>
 1 mu         0.1      0.654      0.00826  6.53e-10     16.7 
 2 mu         0.2      0.965      0.158    1.91e- 6     27.2 
 3 mu         0.3      1.17       0.594    1.70e- 4     27.9 
 4 mu         0.4      1.16       0.897    3.51e- 3     14.4 
 5 mu         0.5      1.12       0.978    3.14e- 2      5.51
 6 mu         0.6      1.09       1.04     1.59e- 1      3.22
 7 mu         0.7      1.06       1.00     3.54e- 1      2.50
 8 mu         0.8      1.00       0.987    7.29e- 2      3.18
 9 mu         0.9      0.910      0.734    2.23e- 3      5.05
10 mu_1       0.1      0.697      0.0330   5.23e- 9     17.4 
11 mu_1       0.2      1.11       0.316    7.67e- 6     34.0 
12 mu_1       0.3      1.19       0.777    4.56e- 4     23.4 
13 mu_1       0.4      1.14       0.974    7.09e- 3      9.44
14 mu_1       0.5      1.10       1.04     5.11e- 2      3.94
15 mu_1       0.6      1.08       1.03     2.18e- 1      2.97
16 mu_1       0.7      1.05       0.993    2.62e- 1      2.34
17 mu_1       0.8      0.990      0.968    4.81e- 2      3.30
18 mu_1       0.9      0.903      0.685    1.31e- 3      5.31
19 mu_0       0.1      0.649      0.00459  1.45e-10     18.6 
20 mu_0       0.2      0.929      0.113    4.73e- 7     25.4 
21 mu_0       0.3      1.15       0.495    4.76e- 5     29.8 
22 mu_0       0.4      1.17       0.852    1.13e- 3     17.8 
23 mu_0       0.5      1.13       0.944    1.18e- 2      7.07
24 mu_0       0.6      1.11       1.06     7.08e- 2      3.60
25 mu_0       0.7      1.10       1.01     2.80e- 1      3.00
26 mu_0       0.8      1.06       0.978    1.71e- 1      2.81
27 mu_0       0.9      0.972      0.874    1.06e- 2      4.11
[1] ""
[1] "IPCW weights"
`summarise()` has grouped output by 'estimand'. You can override using the
`.groups` argument.
# A tibble: 27 × 6
# Groups:   estimand [3]
   estimand theta mean_value median_value min_value max_value
   <fct>    <dbl>      <dbl>        <dbl>     <dbl>     <dbl>
 1 mu         0.1      1.11    0.0000127   3.21e-17     46.6 
 2 mu         0.2      2.63    0.00237     1.69e-11    101.  
 3 mu         0.3      3.28    0.0275      2.02e- 8    135.  
 4 mu         0.4      2.71    0.184       2.68e- 6     76.9 
 5 mu         0.5      1.92    0.518       1.19e- 4     21.9 
 6 mu         0.6      1.45    0.934       2.64e- 3      9.98
 7 mu         0.7      1.28    1.13        5.61e- 3      8.30
 8 mu         0.8      1.39    0.974       3.28e- 5      6.66
 9 mu         0.9      2.12    0.310       3.21e- 9     43.4 
10 mu_1       0.1      2.19    0.0000999   3.21e-16     66.6 
11 mu_1       0.2      3.29    0.00844     8.43e-11    140.  
12 mu_1       0.3      3.17    0.0731      6.72e- 8    125.  
13 mu_1       0.4      2.32    0.310       6.71e- 6     53.4 
14 mu_1       0.5      1.65    0.722       2.38e- 4     12.2 
15 mu_1       0.6      1.34    0.966       4.41e- 3     10.4 
16 mu_1       0.7      1.29    1.11        1.78e- 3      7.41
17 mu_1       0.8      1.45    0.905       9.11e- 6      8.32
18 mu_1       0.9      2.22    0.230       7.92e-10     48.2 
19 mu_0       0.1      0.988   0.00000230  0            44.4 
20 mu_0       0.2      2.47    0.000421    0            91.3 
21 mu_0       0.3      3.33    0.0114      0           140.  
22 mu_0       0.4      2.97    0.0802      0            92.5 
23 mu_0       0.5      2.19    0.233       0            31.7 
24 mu_0       0.6      1.60    0.627       0             9.35
25 mu_0       0.7      1.28    0.929       0            10.4 
26 mu_0       0.8      1.16    1.05        0             5.19
27 mu_0       0.9      1.21    0.308       0            10.2 
[1] "Total run time was 45.794 seconds"
