
Attaching package: ‘dplyr’

The following objects are masked from ‘package:stats’:

    filter, lag

The following objects are masked from ‘package:base’:

    intersect, setdiff, setequal, union

Loading required package: foreach
Loading required package: iterators
Loading required package: parallel

 randomForestSRC 3.2.2 
 
 Type rfsrc.news() to see new features, changes, and bug fixes. 
 

── Attaching core tidyverse packages ──────────────────────── tidyverse 2.0.0 ──
✔ forcats   1.0.0     ✔ readr     2.1.4
✔ ggplot2   3.3.6     ✔ stringr   1.5.1
✔ lubridate 1.9.3     ✔ tibble    3.2.1
✔ purrr     0.3.5     ✔ tidyr     1.2.1
── Conflicts ────────────────────────────────────────── tidyverse_conflicts() ──
✖ purrr::accumulate() masks foreach::accumulate()
✖ tidyr::extract()    masks dbarts::extract()
✖ dplyr::filter()     masks stats::filter()
✖ dplyr::lag()        masks stats::lag()
✖ purrr::partial()    masks randomForestSRC::partial()
✖ purrr::when()       masks foreach::when()
ℹ Use the [conflicted package](http://conflicted.r-lib.org/) to force all conflicts to become errors
[1] "[Analysis setting]"
[1] "n.cpus: 8"
[1] "method: nonpara"
[1] "taus: 0.1, 0.2, 0.3, 0.4, 0.5"
[1] "thetas: 0.1, 0.2, 0.3, 0.4, 0.5, 0.6, 0.7, 0.8, 0.9"
[1] "r: 5"
[1] "m: 100"
[1] "N_total: 1259"
[1] "cluster size dist'n: "

 5  6  7  8  9 10 11 12 13 14 15 16 17 18 19 20 
 9  7  2  6  4  7  8  4  6  4 11  7  9  6  4  6 
[1] "observed time summary: "
   Min. 1st Qu.  Median    Mean 3rd Qu.    Max. 
0.00000 0.04412 0.35132 0.61311 1.00000 5.00000 
[1] "event indicator table: "

  0   1 
762 497 
[1] "treatment indicator table: "

  0   1 
466 793 
[1] ""
[1] "Estimation start"
[1] "   Split: 1"
Note: Using an external vector in selections is ambiguous.
ℹ Use `all_of(X.T.names)` instead of `X.T.names` to silence this message.
ℹ See <https://tidyselect.r-lib.org/reference/faq-external-vector.html>.
This message is displayed once per session.
Note: Using an external vector in selections is ambiguous.
ℹ Use `all_of(X.C.names)` instead of `X.C.names` to silence this message.
ℹ See <https://tidyselect.r-lib.org/reference/faq-external-vector.html>.
This message is displayed once per session.
Note: Using an external vector in selections is ambiguous.
ℹ Use `all_of(X.A.names)` instead of `X.A.names` to silence this message.
ℹ See <https://tidyselect.r-lib.org/reference/faq-external-vector.html>.
This message is displayed once per session.

Running BART with binary y

number of trees: 25
number of chains: 1, number of threads 1
tree thinning rate: 1
Prior:
	prior on k: chi with 1.250000 degrees of freedom and inf scale
	power and base for tree prior: 2.000000 0.950000
	use quantiles for rule cut points: false
	proposal probabilities: birth/death 0.50, swap 0.10, change 0.40; birth 0.50
data:
	number of training observations: 587
	number of test observations: 0
	number of explanatory variables: 15

Cutoff rules c in x<=c vs x>c
Number of cutoffs: (var: number of possible c):
(1: 100) (2: 100) (3: 100) (4: 100) (5: 100) 
(6: 100) (7: 100) (8: 100) (9: 100) (10: 100) 
(11: 100) (12: 100) (13: 100) (14: 100) (15: 100) 

[1] "     Cluster: 1"
[1] "     Cluster: 2"
[1] "     Cluster: 3"
[1] "     Cluster: 6"
[1] "     Cluster: 8"
[1] "     Cluster: 10"
[1] "     Cluster: 12"
[1] "     Cluster: 13"
[1] "     Cluster: 16"
[1] "     Cluster: 18"
[1] "     Cluster: 19"
[1] "     Cluster: 22"
[1] "     Cluster: 23"
[1] "     Cluster: 24"
[1] "     Cluster: 25"
[1] "     Cluster: 26"
[1] "     Cluster: 27"
[1] "     Cluster: 30"
[1] "     Cluster: 33"
[1] "     Cluster: 34"
[1] "     Cluster: 37"
[1] "     Cluster: 40"
[1] "     Cluster: 41"
[1] "     Cluster: 42"
[1] "     Cluster: 45"
[1] "     Cluster: 46"
[1] "     Cluster: 48"
[1] "     Cluster: 49"
[1] "     Cluster: 54"
[1] "     Cluster: 55"
[1] "     Cluster: 56"
[1] "     Cluster: 59"
[1] "     Cluster: 61"
[1] "     Cluster: 62"
[1] "     Cluster: 63"
[1] "     Cluster: 64"
[1] "     Cluster: 66"
[1] "     Cluster: 67"
[1] "     Cluster: 70"
[1] "     Cluster: 71"
[1] "     Cluster: 72"
[1] "     Cluster: 76"
[1] "     Cluster: 77"
[1] "     Cluster: 78"
[1] "     Cluster: 79"
[1] "     Cluster: 82"
[1] "     Cluster: 84"
[1] "     Cluster: 95"
[1] "     Cluster: 98"
[1] "     Cluster: 99"
[1] "   Split: 2"

Running BART with binary y

number of trees: 25
number of chains: 1, number of threads 1
tree thinning rate: 1
Prior:
	prior on k: chi with 1.250000 degrees of freedom and inf scale
	power and base for tree prior: 2.000000 0.950000
	use quantiles for rule cut points: false
	proposal probabilities: birth/death 0.50, swap 0.10, change 0.40; birth 0.50
data:
	number of training observations: 672
	number of test observations: 0
	number of explanatory variables: 15

Cutoff rules c in x<=c vs x>c
Number of cutoffs: (var: number of possible c):
(1: 100) (2: 100) (3: 100) (4: 100) (5: 100) 
(6: 100) (7: 100) (8: 100) (9: 100) (10: 100) 
(11: 100) (12: 100) (13: 100) (14: 100) (15: 100) 

[1] "     Cluster: 4"
[1] "     Cluster: 5"
[1] "     Cluster: 7"
[1] "     Cluster: 9"
[1] "     Cluster: 11"
[1] "     Cluster: 14"
[1] "     Cluster: 15"
[1] "     Cluster: 17"
[1] "     Cluster: 20"
[1] "     Cluster: 21"
[1] "     Cluster: 28"
[1] "     Cluster: 29"
[1] "     Cluster: 31"
[1] "     Cluster: 32"
[1] "     Cluster: 35"
[1] "     Cluster: 36"
[1] "     Cluster: 38"
[1] "     Cluster: 39"
[1] "     Cluster: 43"
[1] "     Cluster: 44"
[1] "     Cluster: 47"
[1] "     Cluster: 50"
[1] "     Cluster: 51"
[1] "     Cluster: 52"
[1] "     Cluster: 53"
[1] "     Cluster: 57"
[1] "     Cluster: 58"
[1] "     Cluster: 60"
[1] "     Cluster: 65"
[1] "     Cluster: 68"
[1] "     Cluster: 69"
[1] "     Cluster: 73"
[1] "     Cluster: 74"
[1] "     Cluster: 75"
[1] "     Cluster: 80"
[1] "     Cluster: 81"
[1] "     Cluster: 83"
[1] "     Cluster: 85"
[1] "     Cluster: 86"
[1] "     Cluster: 87"
[1] "     Cluster: 88"
[1] "     Cluster: 89"
[1] "     Cluster: 90"
[1] "     Cluster: 91"
[1] "     Cluster: 92"
[1] "     Cluster: 93"
[1] "     Cluster: 94"
[1] "     Cluster: 96"
[1] "     Cluster: 97"
[1] "     Cluster: 100"
[1] ""
[1] "IF for proposed nonparametric estimator computed."
`summarise()` has grouped output by 'theta', 'tau'. You can override using the
`.groups` argument.
`summarise()` has grouped output by 'theta'. You can override using the
`.groups` argument.
`summarise()` has grouped output by 'theta', 'tau'. You can override using the
`.groups` argument.
`summarise()` has grouped output by 'theta'. You can override using the
`.groups` argument.
`summarise()` has grouped output by 'theta', 'tau'. You can override using the
`.groups` argument.
`summarise()` has grouped output by 'theta'. You can override using the
`.groups` argument.
`summarise()` has grouped output by 'theta', 'tau'. You can override using the
`.groups` argument.
`summarise()` has grouped output by 'theta'. You can override using the
`.groups` argument.
`summarise()` has grouped output by 'theta', 'tau'. You can override using the
`.groups` argument.
`summarise()` has grouped output by 'theta'. You can override using the
`.groups` argument.
`summarise()` has grouped output by 'theta', 'tau'. You can override using the
`.groups` argument.
`summarise()` has grouped output by 'theta'. You can override using the
`.groups` argument.
`summarise()` has grouped output by 'theta', 'tau'. You can override using the
`.groups` argument.
`summarise()` has grouped output by 'theta'. You can override using the
`.groups` argument.
`summarise()` has grouped output by 'theta', 'tau'. You can override using the
`.groups` argument.
`summarise()` has grouped output by 'theta'. You can override using the
`.groups` argument.
[1] ""
[1] "Total run time was 65.209 seconds"
[1] "Estimation result: "
# A tibble: 360 × 5
   estimand theta   tau   est     se
   <chr>    <dbl> <dbl> <dbl>  <dbl>
 1 mu         0.1   0.1 0.235 0.0836
 2 mu         0.1   0.2 0.363 0.128 
 3 mu         0.1   0.3 0.365 0.137 
 4 mu         0.1   0.4 0.420 0.166 
 5 mu         0.1   0.5 0.442 0.176 
 6 mu         0.2   0.1 0.243 0.0687
 7 mu         0.2   0.2 0.371 0.105 
 8 mu         0.2   0.3 0.378 0.108 
 9 mu         0.2   0.4 0.439 0.135 
10 mu         0.2   0.5 0.460 0.141 
# ℹ 350 more rows
[1] ""
[1] "OR weights"
`summarise()` has grouped output by 'estimand'. You can override using the
`.groups` argument.
# A tibble: 27 × 6
# Groups:   estimand [3]
   estimand theta mean_value median_value min_value max_value
   <fct>    <dbl>      <dbl>        <dbl>     <dbl>     <dbl>
 1 mu         0.1      0.877       0.0309  7.09e-10     25.6 
 2 mu         0.2      0.938       0.304   5.73e- 6     21.6 
 3 mu         0.3      0.976       0.600   7.53e- 4     10.8 
 4 mu         0.4      0.999       0.788   1.69e- 2      5.14
 5 mu         0.5      0.987       0.905   1.32e- 1      3.70
 6 mu         0.6      0.993       0.965   2.57e- 1      2.28
 7 mu         0.7      1.03        1.02    2.48e- 1      2.10
 8 mu         0.8      1.05        0.999   7.97e- 2      2.41
 9 mu         0.9      1.04        0.863   1.56e- 3      5.73
10 mu_1       0.1      1.04        0.114   4.96e- 9     32.4 
11 mu_1       0.2      0.969       0.531   2.01e- 5     15.5 
12 mu_1       0.3      1.00        0.731   1.76e- 3      7.30
13 mu_1       0.4      0.999       0.852   2.96e- 2      4.59
14 mu_1       0.5      0.979       0.918   1.85e- 1      3.20
15 mu_1       0.6      0.996       1.00    2.28e- 1      2.06
16 mu_1       0.7      1.03        1.01    2.16e- 1      2.16
17 mu_1       0.8      1.04        0.985   6.27e- 2      2.84
18 mu_1       0.9      1.04        0.818   1.03e- 3      6.20
19 mu_0       0.1      0.858       0.0196  2.36e-10     24.8 
20 mu_0       0.2      0.930       0.241   2.15e- 6     23.1 
21 mu_0       0.3      0.964       0.522   3.22e- 4     12.3 
22 mu_0       0.4      0.999       0.733   8.40e- 3      6.11
23 mu_0       0.5      0.994       0.835   7.76e- 2      4.41
24 mu_0       0.6      0.989       0.929   2.76e- 1      3.12
25 mu_0       0.7      1.02        1.02    1.74e- 1      2.22
26 mu_0       0.8      1.06        1.09    1.48e- 1      2.12
27 mu_0       0.9      1.06        1.04    6.28e- 3      3.07
[1] ""
[1] "IPCW weights"
`summarise()` has grouped output by 'estimand'. You can override using the
`.groups` argument.
# A tibble: 27 × 6
# Groups:   estimand [3]
   estimand theta mean_value median_value min_value max_value
   <fct>    <dbl>      <dbl>        <dbl>     <dbl>     <dbl>
 1 mu         0.1      77.9     0.000139   2.61e-17   7691.  
 2 mu         0.2      25.0     0.00935    1.03e-11   2337.  
 3 mu         0.3       6.00    0.115      1.53e- 8    414.  
 4 mu         0.4       2.27    0.417      2.71e- 6     46.8 
 5 mu         0.5       1.58    0.878      1.50e- 4     17.3 
 6 mu         0.6       1.25    0.973      4.00e- 3      6.24
 7 mu         0.7       1.05    0.965      1.25e- 3      3.76
 8 mu         0.8       1.06    0.666      2.18e- 6     10.1 
 9 mu         0.9       1.23    0.0735     3.74e-11     13.0 
10 mu_1       0.1      47.1     0.000940   2.48e-16   4524.  
11 mu_1       0.2       8.77    0.0293     5.17e-11    687.  
12 mu_1       0.3       2.64    0.252      5.09e- 8     81.1 
13 mu_1       0.4       1.74    0.684      6.77e- 6     26.4 
14 mu_1       0.5       1.42    0.951      3.01e- 4     13.0 
15 mu_1       0.6       1.16    1.06       6.67e- 3      5.55
16 mu_1       0.7       1.02    0.904      1.05e- 4      4.27
17 mu_1       0.8       1.07    0.475      1.60e- 7     10.7 
18 mu_1       0.9       1.25    0.0484     2.44e-12     13.4 
19 mu_0       0.1      81.3     0.0000417  0          8043.  
20 mu_0       0.2      29.1     0.00458    0          2749.  
21 mu_0       0.3       7.43    0.0543     0           556.  
22 mu_0       0.4       2.61    0.232      0            73.5 
23 mu_0       0.5       1.74    0.657      0            21.7 
24 mu_0       0.6       1.39    0.904      0             8.69
25 mu_0       0.7       1.11    1.03       0             4.45
26 mu_0       0.8       1.00    0.691      0             7.57
27 mu_0       0.9       1.03    0.160      0            14.0 
[1] "Total run time was 69.886 seconds"
