##############################################################
### Job started at Thu Jun  5 20:03:37 EDT 2025 with m=200, r=100, n=3 ###
##############################################################

Attaching package: ‘dplyr’

The following objects are masked from ‘package:stats’:

    filter, lag

The following objects are masked from ‘package:base’:

    intersect, setdiff, setequal, union

Loading required package: foreach
Loading required package: iterators
Loading required package: parallel

 randomForestSRC 3.2.2 
 
 Type rfsrc.news() to see new features, changes, and bug fixes. 
 

[conflicted] Will prefer dplyr::select over any other package.
[conflicted] Will prefer dplyr::filter over any other package.
[conflicted] Will prefer reshape2::melt over any other package.
── Attaching core tidyverse packages ──────────────────────── tidyverse 2.0.0 ──
✔ forcats   1.0.0     ✔ readr     2.1.4
✔ ggplot2   3.5.2     ✔ stringr   1.5.1
✔ lubridate 1.9.3     ✔ tibble    3.2.1
✔ purrr     0.3.5     ✔ tidyr     1.2.1
Loading required package: Matrix

Attaching package: ‘Matrix’

The following objects are masked from ‘package:tidyr’:

    expand, pack, unpack


==========================================================================
===========================   Analysis setting  ==========================
==========================================================================

- taus: 0.2 

- policy: TypeB 

- thetas: 0.3, 0.4, 0.5, 0.6, 0.7 

- r: 100 

- K: 2 

- Nuisance estimation method: T nonpara / C nonpara / A nonpara 

- m: 200 

- N_total: 7139 

- cluster size dist'n: 
20 21 22 23 24 25 26 27 28 29 30 31 32 33 34 35 36 37 38 39 40 41 42 43 44 45 
 6  7  2  2  2  9  2  5  6  7 11 11  4  7 11  5  9 10  6  9  6  7  7  5  7  7 
46 47 48 49 50 
 5  8  4  8  5 

 - observed time summary: 
   Min. 1st Qu.  Median    Mean 3rd Qu.    Max. 
 0.0000  0.0198  0.1911  0.5400  0.7142  8.8656 

 - event indicator table: 
   0    1 
2917 4222 

 - event time summary: 
   Min. 1st Qu.  Median    Mean 3rd Qu.    Max. 
0.00000 0.01243 0.15562 0.49040 0.62187 8.86562 

 - censoring time summary: 
   Min. 1st Qu.  Median    Mean 3rd Qu.    Max. 
0.00000 0.03672 0.24429 0.61167 0.82494 7.44710 

 - treatment indicator table: 
   0    1 
3939 3200 

==========================================================================
===========================   Estimation start  ==========================
==========================================================================

--- Split:1 ---

Running BART with binary y

number of trees: 25
number of chains: 1, number of threads 1
tree thinning rate: 1
Prior:
	prior on k: chi with 1.250000 degrees of freedom and inf scale
	power and base for tree prior: 2.000000 0.950000
	use quantiles for rule cut points: false
	proposal probabilities: birth/death 0.50, swap 0.10, change 0.40; birth 0.50
data:
	number of training observations: 3687
	number of test observations: 0
	number of explanatory variables: 15

Cutoff rules c in x<=c vs x>c
Number of cutoffs: (var: number of possible c):
(1: 100) (2: 100) (3: 100) (4: 100) (5: 100) 
(6: 100) (7: 100) (8: 100) (9: 100) (10: 100) 
(11: 100) (12: 100) (13: 100) (14: 100) (15: 100) 


   [*---------] 10% | ET: 19.4s 
   [**--------] 20% | ET: 40s 
   [***-------] 30% | ET: 60.8s 
   [****------] 40% | ET: 82.8s 
   [*****-----] 50% | ET: 104.4s 
   [******----] 60% | ET: 126.4s 
   [*******---] 70% | ET: 147.4s 
   [********--] 80% | ET: 170s 
   [*********-] 90% | ET: 192.2s 
   [**********] 100% | ET: 215s 

--- Split:2 ---

Running BART with binary y

number of trees: 25
number of chains: 1, number of threads 1
tree thinning rate: 1
Prior:
	prior on k: chi with 1.250000 degrees of freedom and inf scale
	power and base for tree prior: 2.000000 0.950000
	use quantiles for rule cut points: false
	proposal probabilities: birth/death 0.50, swap 0.10, change 0.40; birth 0.50
data:
	number of training observations: 3452
	number of test observations: 0
	number of explanatory variables: 15

Cutoff rules c in x<=c vs x>c
Number of cutoffs: (var: number of possible c):
(1: 100) (2: 100) (3: 100) (4: 100) (5: 100) 
(6: 100) (7: 100) (8: 100) (9: 100) (10: 100) 
(11: 100) (12: 100) (13: 100) (14: 100) (15: 100) 


   [*---------] 10% | ET: 19.1s 
   [**--------] 20% | ET: 41.3s 
   [***-------] 30% | ET: 61.7s 
   [****------] 40% | ET: 84.5s 
   [*****-----] 50% | ET: 106.5s 
   [******----] 60% | ET: 129.4s 
   [*******---] 70% | ET: 151.8s 
   [********--] 80% | ET: 174.5s 
   [*********-] 90% | ET: 197.4s 
   [**********] 100% | ET: 219.5s 

--- IF for proposed nonparametric estimator computed --- ET: 548.9 seconds
--- Estimator computed: mu --- ET: 0.2 seconds --- 
--- Estimator computed: mu_1 --- ET: 0.2 seconds --- 
--- Estimator computed: mu_0 --- ET: 0.2 seconds --- 
--- Estimator computed: de --- ET: 0.2 seconds --- 
--- Estimator computed: oe --- ET: 0.2 seconds --- 
--- Estimator computed: se_1 --- ET: 0.2 seconds --- 
--- Estimator computed: se_0 --- ET: 0.2 seconds --- 
--- Total run time: 552.9 seconds --- 
--- Total run time: 556.7 seconds --- 
###################################################
### Job finished at Thu Jun  5 20:12:54 EDT 2025 ###
###################################################
