##############################################################
### Job started at Thu Jun  5 20:03:07 EDT 2025 with m=200, r=100, n=3 ###
##############################################################

Attaching package: ‘dplyr’

The following objects are masked from ‘package:stats’:

    filter, lag

The following objects are masked from ‘package:base’:

    intersect, setdiff, setequal, union

Loading required package: foreach
Loading required package: iterators
Loading required package: parallel

 randomForestSRC 3.2.2 
 
 Type rfsrc.news() to see new features, changes, and bug fixes. 
 

[conflicted] Will prefer dplyr::select over any other package.
[conflicted] Will prefer dplyr::filter over any other package.
[conflicted] Will prefer reshape2::melt over any other package.
── Attaching core tidyverse packages ──────────────────────── tidyverse 2.0.0 ──
✔ forcats   1.0.0     ✔ readr     2.1.4
✔ ggplot2   3.5.2     ✔ stringr   1.5.1
✔ lubridate 1.9.3     ✔ tibble    3.2.1
✔ purrr     0.3.5     ✔ tidyr     1.2.1
Loading required package: Matrix

Attaching package: ‘Matrix’

The following objects are masked from ‘package:tidyr’:

    expand, pack, unpack


==========================================================================
===========================   Analysis setting  ==========================
==========================================================================

- taus: 0.2 

- policy: TypeB 

- thetas: 0.3, 0.4, 0.5, 0.6, 0.7 

- r: 100 

- K: 2 

- Nuisance estimation method: T nonpara / C nonpara / A nonpara 

- m: 200 

- N_total: 7067 

- cluster size dist'n: 
20 21 22 23 24 25 26 27 28 29 30 31 32 33 34 35 36 37 38 39 40 41 42 43 44 45 
 3  4  8  6  5  6  7  6  7  3  5  8  8  7  9  8  7  9 10 10  7  3  6  5  6  9 
46 47 48 49 50 
 6  4  5  7  6 

 - observed time summary: 
   Min. 1st Qu.  Median    Mean 3rd Qu.    Max. 
0.00000 0.02527 0.20729 0.55341 0.75182 8.13636 

 - event indicator table: 
   0    1 
2900 4167 

 - event time summary: 
   Min. 1st Qu.  Median    Mean 3rd Qu.    Max. 
0.00000 0.01873 0.18795 0.52984 0.71845 7.10900 

 - censoring time summary: 
   Min. 1st Qu.  Median    Mean 3rd Qu.    Max. 
0.00000 0.03499 0.23891 0.58728 0.79522 8.13636 

 - treatment indicator table: 
   0    1 
3727 3340 

==========================================================================
===========================   Estimation start  ==========================
==========================================================================

--- Split:1 ---

Running BART with binary y

number of trees: 25
number of chains: 1, number of threads 1
tree thinning rate: 1
Prior:
	prior on k: chi with 1.250000 degrees of freedom and inf scale
	power and base for tree prior: 2.000000 0.950000
	use quantiles for rule cut points: false
	proposal probabilities: birth/death 0.50, swap 0.10, change 0.40; birth 0.50
data:
	number of training observations: 3540
	number of test observations: 0
	number of explanatory variables: 15

Cutoff rules c in x<=c vs x>c
Number of cutoffs: (var: number of possible c):
(1: 100) (2: 100) (3: 100) (4: 100) (5: 100) 
(6: 100) (7: 100) (8: 100) (9: 100) (10: 100) 
(11: 100) (12: 100) (13: 100) (14: 100) (15: 100) 


   [*---------] 10% | ET: 13.6s 
   [**--------] 20% | ET: 28.6s 
   [***-------] 30% | ET: 45.8s 
   [****------] 40% | ET: 60.7s 
   [*****-----] 50% | ET: 75.6s 
   [******----] 60% | ET: 90.6s 
   [*******---] 70% | ET: 104.9s 
   [********--] 80% | ET: 119.7s 
   [*********-] 90% | ET: 134.7s 
   [**********] 100% | ET: 151.1s 

--- Split:2 ---

Running BART with binary y

number of trees: 25
number of chains: 1, number of threads 1
tree thinning rate: 1
Prior:
	prior on k: chi with 1.250000 degrees of freedom and inf scale
	power and base for tree prior: 2.000000 0.950000
	use quantiles for rule cut points: false
	proposal probabilities: birth/death 0.50, swap 0.10, change 0.40; birth 0.50
data:
	number of training observations: 3527
	number of test observations: 0
	number of explanatory variables: 15

Cutoff rules c in x<=c vs x>c
Number of cutoffs: (var: number of possible c):
(1: 100) (2: 100) (3: 100) (4: 100) (5: 100) 
(6: 100) (7: 100) (8: 100) (9: 100) (10: 100) 
(11: 100) (12: 100) (13: 100) (14: 100) (15: 100) 


   [*---------] 10% | ET: 14.4s 
   [**--------] 20% | ET: 30s 
   [***-------] 30% | ET: 45.5s 
   [****------] 40% | ET: 61.2s 
   [*****-----] 50% | ET: 76.2s 
   [******----] 60% | ET: 91.9s 
   [*******---] 70% | ET: 107.5s 
   [********--] 80% | ET: 124s 
   [*********-] 90% | ET: 140.9s 
   [**********] 100% | ET: 157s 

--- IF for proposed nonparametric estimator computed --- ET: 380.1 seconds
--- Estimator computed: mu --- ET: 0.1 seconds --- 
--- Estimator computed: mu_1 --- ET: 0.1 seconds --- 
--- Estimator computed: mu_0 --- ET: 0.1 seconds --- 
--- Estimator computed: de --- ET: 0.1 seconds --- 
--- Estimator computed: oe --- ET: 0.1 seconds --- 
--- Estimator computed: se_1 --- ET: 0.1 seconds --- 
--- Estimator computed: se_0 --- ET: 0.1 seconds --- 
--- Total run time: 383.1 seconds --- 
--- Total run time: 386.4 seconds --- 
###################################################
### Job finished at Thu Jun  5 20:09:34 EDT 2025 ###
###################################################
