##############################################################
### Job started at Thu Jun  5 21:43:37 EDT 2025 with m=200, r=100, n=5 ###
##############################################################

Attaching package: ‘dplyr’

The following objects are masked from ‘package:stats’:

    filter, lag

The following objects are masked from ‘package:base’:

    intersect, setdiff, setequal, union

Loading required package: foreach
Loading required package: iterators
Loading required package: parallel

 randomForestSRC 3.2.2 
 
 Type rfsrc.news() to see new features, changes, and bug fixes. 
 

[conflicted] Will prefer dplyr::select over any other package.
[conflicted] Will prefer dplyr::filter over any other package.
[conflicted] Will prefer reshape2::melt over any other package.
── Attaching core tidyverse packages ──────────────────────── tidyverse 2.0.0 ──
✔ forcats   1.0.0     ✔ readr     2.1.4
✔ ggplot2   3.5.2     ✔ stringr   1.5.1
✔ lubridate 1.9.3     ✔ tibble    3.2.1
✔ purrr     0.3.5     ✔ tidyr     1.2.1
Loading required package: Matrix

Attaching package: ‘Matrix’

The following objects are masked from ‘package:tidyr’:

    expand, pack, unpack


==========================================================================
===========================   Analysis setting  ==========================
==========================================================================

- taus: 0.2 

- policy: TypeB 

- thetas: 0.3, 0.4, 0.5, 0.6, 0.7 

- r: 100 

- K: 2 

- Nuisance estimation method: T nonpara / C nonpara / A nonpara 

- m: 200 

- N_total: 3941 

- cluster size dist'n: 
 2  3  4  5  6  7  8  9 10 11 12 13 14 15 16 17 18 19 20 21 22 23 24 25 26 27 
 5  3  6 10  4  5 16  6  9  6  7  4  7  6  6  5  4  9  7  4  5  5  4  3  6  6 
28 29 32 33 34 36 37 38 41 42 44 45 48 50 53 54 59 60 67 68 70 77 
 5  4  3  1  2  1  3  4  4  1  1  2  1  1  1  1  1  1  2  1  1  1 

 - observed time summary: 
   Min. 1st Qu.  Median    Mean 3rd Qu.    Max. 
0.00000 0.02492 0.20766 0.55176 0.73526 7.01591 

 - event indicator table: 
   0    1 
1621 2320 

 - event time summary: 
   Min. 1st Qu.  Median    Mean 3rd Qu.    Max. 
0.00000 0.02006 0.16068 0.52462 0.67451 7.01591 

 - censoring time summary: 
   Min. 1st Qu.  Median    Mean 3rd Qu.    Max. 
0.00000 0.03464 0.26205 0.59061 0.80468 6.25536 

 - treatment indicator table: 
   0    1 
2081 1860 

==========================================================================
===========================   Estimation start  ==========================
==========================================================================

--- Split:1 ---

Running BART with binary y

number of trees: 25
number of chains: 1, number of threads 1
tree thinning rate: 1
Prior:
	prior on k: chi with 1.250000 degrees of freedom and inf scale
	power and base for tree prior: 2.000000 0.950000
	use quantiles for rule cut points: false
	proposal probabilities: birth/death 0.50, swap 0.10, change 0.40; birth 0.50
data:
	number of training observations: 1928
	number of test observations: 0
	number of explanatory variables: 15

Cutoff rules c in x<=c vs x>c
Number of cutoffs: (var: number of possible c):
(1: 100) (2: 100) (3: 100) (4: 100) (5: 100) 
(6: 100) (7: 100) (8: 100) (9: 100) (10: 100) 
(11: 100) (12: 100) (13: 100) (14: 100) (15: 100) 


   [*---------] 10% | ET: 9.1s 
   [**--------] 20% | ET: 18.5s 
   [***-------] 30% | ET: 28.2s 
   [****------] 40% | ET: 37.2s 
   [*****-----] 50% | ET: 47s 
   [******----] 60% | ET: 55.1s 
   [*******---] 70% | ET: 64s 
   [********--] 80% | ET: 74.1s 
   [*********-] 90% | ET: 84.1s 
   [**********] 100% | ET: 91.8s 

--- Split:2 ---

Running BART with binary y

number of trees: 25
number of chains: 1, number of threads 1
tree thinning rate: 1
Prior:
	prior on k: chi with 1.250000 degrees of freedom and inf scale
	power and base for tree prior: 2.000000 0.950000
	use quantiles for rule cut points: false
	proposal probabilities: birth/death 0.50, swap 0.10, change 0.40; birth 0.50
data:
	number of training observations: 2013
	number of test observations: 0
	number of explanatory variables: 15

Cutoff rules c in x<=c vs x>c
Number of cutoffs: (var: number of possible c):
(1: 100) (2: 100) (3: 100) (4: 100) (5: 100) 
(6: 100) (7: 100) (8: 100) (9: 100) (10: 100) 
(11: 100) (12: 100) (13: 100) (14: 100) (15: 100) 


   [*---------] 10% | ET: 9.3s 
   [**--------] 20% | ET: 18.5s 
   [***-------] 30% | ET: 26.6s 
   [****------] 40% | ET: 36.1s 
   [*****-----] 50% | ET: 44.6s 
   [******----] 60% | ET: 54.5s 
   [*******---] 70% | ET: 64.2s 
   [********--] 80% | ET: 72.9s 
   [*********-] 90% | ET: 81.2s 
   [**********] 100% | ET: 89.9s 

--- IF for proposed nonparametric estimator computed --- ET: 209.7 seconds
--- Estimator computed: mu --- ET: 0.1 seconds --- 
--- Estimator computed: mu_1 --- ET: 0.1 seconds --- 
--- Estimator computed: mu_0 --- ET: 0.1 seconds --- 
--- Estimator computed: de --- ET: 0.1 seconds --- 
--- Estimator computed: oe --- ET: 0.1 seconds --- 
--- Estimator computed: se_1 --- ET: 0.1 seconds --- 
--- Estimator computed: se_0 --- ET: 0.1 seconds --- 
--- Total run time: 213.2 seconds --- 
--- Total run time: 216 seconds --- 
###################################################
### Job finished at Thu Jun  5 21:47:14 EDT 2025 ###
###################################################
