##############################################################
### Job started at Thu Jun  5 21:41:36 EDT 2025 with m=200, r=100, n=5 ###
##############################################################

Attaching package: ‘dplyr’

The following objects are masked from ‘package:stats’:

    filter, lag

The following objects are masked from ‘package:base’:

    intersect, setdiff, setequal, union

Loading required package: foreach
Loading required package: iterators
Loading required package: parallel

 randomForestSRC 3.2.2 
 
 Type rfsrc.news() to see new features, changes, and bug fixes. 
 

[conflicted] Will prefer dplyr::select over any other package.
[conflicted] Will prefer dplyr::filter over any other package.
[conflicted] Will prefer reshape2::melt over any other package.
── Attaching core tidyverse packages ──────────────────────── tidyverse 2.0.0 ──
✔ forcats   1.0.0     ✔ readr     2.1.4
✔ ggplot2   3.5.2     ✔ stringr   1.5.1
✔ lubridate 1.9.3     ✔ tibble    3.2.1
✔ purrr     0.3.5     ✔ tidyr     1.2.1
Loading required package: Matrix

Attaching package: ‘Matrix’

The following objects are masked from ‘package:tidyr’:

    expand, pack, unpack


==========================================================================
===========================   Analysis setting  ==========================
==========================================================================

- taus: 0.2 

- policy: TypeB 

- thetas: 0.3, 0.4, 0.5, 0.6, 0.7 

- r: 100 

- K: 2 

- Nuisance estimation method: T nonpara / C nonpara / A nonpara 

- m: 200 

- N_total: 3897 

- cluster size dist'n: 
 2  3  4  5  6  7  8  9 10 11 12 13 14 15 16 17 18 19 20 21 22 23 24 25 26 27 
 3  8  5  9 10 10 10  4  4 12  4  8  9 11  1  7  3  6  5  4  3  1  7  2  4  6 
28 29 30 31 33 34 35 36 37 39 40 44 45 46 47 52 53 54 57 59 60 61 65 67 70 78 
 3  4  2  5  1  1  2  1  1  2  4  2  1  1  1  1  1  1  2  2  1  1  1  1  1  1 

 - observed time summary: 
   Min. 1st Qu.  Median    Mean 3rd Qu.    Max. 
0.00000 0.02356 0.21320 0.54788 0.72008 6.90710 

 - event indicator table: 
   0    1 
1565 2332 

 - event time summary: 
   Min. 1st Qu.  Median    Mean 3rd Qu.    Max. 
0.00000 0.01575 0.15845 0.49595 0.62111 6.22433 

 - censoring time summary: 
   Min. 1st Qu.  Median    Mean 3rd Qu.    Max. 
0.00000 0.04066 0.28490 0.62527 0.86189 6.90710 

 - treatment indicator table: 
   0    1 
2124 1773 

==========================================================================
===========================   Estimation start  ==========================
==========================================================================

--- Split:1 ---

Running BART with binary y

number of trees: 25
number of chains: 1, number of threads 1
tree thinning rate: 1
Prior:
	prior on k: chi with 1.250000 degrees of freedom and inf scale
	power and base for tree prior: 2.000000 0.950000
	use quantiles for rule cut points: false
	proposal probabilities: birth/death 0.50, swap 0.10, change 0.40; birth 0.50
data:
	number of training observations: 2042
	number of test observations: 0
	number of explanatory variables: 15

Cutoff rules c in x<=c vs x>c
Number of cutoffs: (var: number of possible c):
(1: 100) (2: 100) (3: 100) (4: 100) (5: 100) 
(6: 100) (7: 100) (8: 100) (9: 100) (10: 100) 
(11: 100) (12: 100) (13: 100) (14: 100) (15: 100) 


   [*---------] 10% | ET: 9.7s 
   [**--------] 20% | ET: 20.7s 
   [***-------] 30% | ET: 30.4s 
   [****------] 40% | ET: 42.7s 
   [*****-----] 50% | ET: 54.2s 
   [******----] 60% | ET: 63s 
   [*******---] 70% | ET: 74.5s 
   [********--] 80% | ET: 84.3s 
   [*********-] 90% | ET: 93.8s 
   [**********] 100% | ET: 105.6s 

--- Split:2 ---

Running BART with binary y

number of trees: 25
number of chains: 1, number of threads 1
tree thinning rate: 1
Prior:
	prior on k: chi with 1.250000 degrees of freedom and inf scale
	power and base for tree prior: 2.000000 0.950000
	use quantiles for rule cut points: false
	proposal probabilities: birth/death 0.50, swap 0.10, change 0.40; birth 0.50
data:
	number of training observations: 1855
	number of test observations: 0
	number of explanatory variables: 15

Cutoff rules c in x<=c vs x>c
Number of cutoffs: (var: number of possible c):
(1: 100) (2: 100) (3: 100) (4: 100) (5: 100) 
(6: 100) (7: 100) (8: 100) (9: 100) (10: 100) 
(11: 100) (12: 100) (13: 100) (14: 100) (15: 100) 


   [*---------] 10% | ET: 9.3s 
   [**--------] 20% | ET: 17.1s 
   [***-------] 30% | ET: 26.2s 
   [****------] 40% | ET: 35s 
   [*****-----] 50% | ET: 45.6s 
   [******----] 60% | ET: 56.2s 
   [*******---] 70% | ET: 66.1s 
   [********--] 80% | ET: 76.5s 
   [*********-] 90% | ET: 86.9s 
   [**********] 100% | ET: 97.6s 

--- IF for proposed nonparametric estimator computed --- ET: 230.9 seconds
--- Estimator computed: mu --- ET: 0.1 seconds --- 
--- Estimator computed: mu_1 --- ET: 0.1 seconds --- 
--- Estimator computed: mu_0 --- ET: 0.1 seconds --- 
--- Estimator computed: de --- ET: 0.1 seconds --- 
--- Estimator computed: oe --- ET: 0.1 seconds --- 
--- Estimator computed: se_1 --- ET: 0.1 seconds --- 
--- Estimator computed: se_0 --- ET: 0.1 seconds --- 
--- Total run time: 233.8 seconds --- 
--- Total run time: 236.7 seconds --- 
###################################################
### Job finished at Thu Jun  5 21:45:33 EDT 2025 ###
###################################################
