##############################################################
### Job started at Thu Jun  5 21:19:18 EDT 2025 with m=200, r=100, n=5 ###
##############################################################

Attaching package: ‘dplyr’

The following objects are masked from ‘package:stats’:

    filter, lag

The following objects are masked from ‘package:base’:

    intersect, setdiff, setequal, union

Loading required package: foreach
Loading required package: iterators
Loading required package: parallel

 randomForestSRC 3.2.2 
 
 Type rfsrc.news() to see new features, changes, and bug fixes. 
 

[conflicted] Will prefer dplyr::select over any other package.
[conflicted] Will prefer dplyr::filter over any other package.
[conflicted] Will prefer reshape2::melt over any other package.
── Attaching core tidyverse packages ──────────────────────── tidyverse 2.0.0 ──
✔ forcats   1.0.0     ✔ readr     2.1.4
✔ ggplot2   3.5.2     ✔ stringr   1.5.1
✔ lubridate 1.9.3     ✔ tibble    3.2.1
✔ purrr     0.3.5     ✔ tidyr     1.2.1
Loading required package: Matrix

Attaching package: ‘Matrix’

The following objects are masked from ‘package:tidyr’:

    expand, pack, unpack


==========================================================================
===========================   Analysis setting  ==========================
==========================================================================

- taus: 0.2 

- policy: TypeB 

- thetas: 0.3, 0.4, 0.5, 0.6, 0.7 

- r: 100 

- K: 2 

- Nuisance estimation method: T nonpara / C nonpara / A nonpara 

- m: 200 

- N_total: 3730 

- cluster size dist'n: 
 2  3  4  5  6  7  8  9 10 11 12 13 14 15 16 17 18 19 20 21 22 23 24 25 26 27 
 1  7  6  9  5  6 14 10  4  8  7 13  6  5  7  4  4  9  6  1  1  6  9  5  7  1 
28 29 30 32 33 37 38 39 41 42 44 47 48 49 52 58 60 62 87 
 4  3  8  1  2  1  2  1  2  1  4  1  1  3  1  1  1  1  1 

 - observed time summary: 
   Min. 1st Qu.  Median    Mean 3rd Qu.    Max. 
0.00000 0.02298 0.20761 0.56861 0.74549 7.48805 

 - event indicator table: 
   0    1 
1534 2196 

 - event time summary: 
   Min. 1st Qu.  Median    Mean 3rd Qu.    Max. 
0.00000 0.01496 0.17712 0.53518 0.66171 7.48805 

 - censoring time summary: 
   Min. 1st Qu.  Median    Mean 3rd Qu.    Max. 
0.00000 0.03794 0.26326 0.61647 0.82854 7.22955 

 - treatment indicator table: 
   0    1 
1928 1802 

==========================================================================
===========================   Estimation start  ==========================
==========================================================================

--- Split:1 ---

Running BART with binary y

number of trees: 25
number of chains: 1, number of threads 1
tree thinning rate: 1
Prior:
	prior on k: chi with 1.250000 degrees of freedom and inf scale
	power and base for tree prior: 2.000000 0.950000
	use quantiles for rule cut points: false
	proposal probabilities: birth/death 0.50, swap 0.10, change 0.40; birth 0.50
data:
	number of training observations: 2022
	number of test observations: 0
	number of explanatory variables: 15

Cutoff rules c in x<=c vs x>c
Number of cutoffs: (var: number of possible c):
(1: 100) (2: 100) (3: 100) (4: 100) (5: 100) 
(6: 100) (7: 100) (8: 100) (9: 100) (10: 100) 
(11: 100) (12: 100) (13: 100) (14: 100) (15: 100) 


   [*---------] 10% | ET: 8s 
   [**--------] 20% | ET: 16.7s 
   [***-------] 30% | ET: 24.4s 
   [****------] 40% | ET: 32.5s 
   [*****-----] 50% | ET: 40.9s 
   [******----] 60% | ET: 49.6s 
   [*******---] 70% | ET: 58.8s 
   [********--] 80% | ET: 68.6s 
   [*********-] 90% | ET: 77.4s 
   [**********] 100% | ET: 86.4s 

--- Split:2 ---

Running BART with binary y

number of trees: 25
number of chains: 1, number of threads 1
tree thinning rate: 1
Prior:
	prior on k: chi with 1.250000 degrees of freedom and inf scale
	power and base for tree prior: 2.000000 0.950000
	use quantiles for rule cut points: false
	proposal probabilities: birth/death 0.50, swap 0.10, change 0.40; birth 0.50
data:
	number of training observations: 1708
	number of test observations: 0
	number of explanatory variables: 15

Cutoff rules c in x<=c vs x>c
Number of cutoffs: (var: number of possible c):
(1: 100) (2: 100) (3: 100) (4: 100) (5: 100) 
(6: 100) (7: 100) (8: 100) (9: 100) (10: 100) 
(11: 100) (12: 100) (13: 100) (14: 100) (15: 100) 


   [*---------] 10% | ET: 8.9s 
   [**--------] 20% | ET: 17.2s 
   [***-------] 30% | ET: 26.1s 
   [****------] 40% | ET: 36.1s 
   [*****-----] 50% | ET: 44.9s 
   [******----] 60% | ET: 53.6s 
   [*******---] 70% | ET: 62.2s 
   [********--] 80% | ET: 71.5s 
   [*********-] 90% | ET: 80.8s 
   [**********] 100% | ET: 89.2s 

--- IF for proposed nonparametric estimator computed --- ET: 201.2 seconds
--- Estimator computed: mu --- ET: 0.1 seconds --- 
--- Estimator computed: mu_1 --- ET: 0.1 seconds --- 
--- Estimator computed: mu_0 --- ET: 0.1 seconds --- 
--- Estimator computed: de --- ET: 0.1 seconds --- 
--- Estimator computed: oe --- ET: 0.1 seconds --- 
--- Estimator computed: se_1 --- ET: 0.1 seconds --- 
--- Estimator computed: se_0 --- ET: 0.1 seconds --- 
--- Total run time: 203.9 seconds --- 
--- Total run time: 206.9 seconds --- 
###################################################
### Job finished at Thu Jun  5 21:22:45 EDT 2025 ###
###################################################
