
Attaching package: ‘dplyr’

The following objects are masked from ‘package:stats’:

    filter, lag

The following objects are masked from ‘package:base’:

    intersect, setdiff, setequal, union

Loading required package: foreach
Loading required package: iterators
Loading required package: parallel

 randomForestSRC 3.2.2 
 
 Type rfsrc.news() to see new features, changes, and bug fixes. 
 

── Attaching core tidyverse packages ──────────────────────── tidyverse 2.0.0 ──
✔ forcats   1.0.0     ✔ readr     2.1.4
✔ ggplot2   3.3.6     ✔ stringr   1.5.1
✔ lubridate 1.9.3     ✔ tibble    3.2.1
✔ purrr     0.3.5     ✔ tidyr     1.2.1
── Conflicts ────────────────────────────────────────── tidyverse_conflicts() ──
✖ purrr::accumulate() masks foreach::accumulate()
✖ tidyr::extract()    masks dbarts::extract()
✖ dplyr::filter()     masks stats::filter()
✖ dplyr::lag()        masks stats::lag()
✖ purrr::partial()    masks randomForestSRC::partial()
✖ purrr::when()       masks foreach::when()
ℹ Use the [conflicted package](http://conflicted.r-lib.org/) to force all conflicts to become errors
[1] "[Analysis setting]"
[1] "n.cpus: 8"
[1] "method: nonpara"
[1] "taus: 0.1, 0.2, 0.3, 0.4, 0.5"
[1] "thetas: 0.1, 0.2, 0.3, 0.4, 0.5, 0.6, 0.7, 0.8, 0.9"
[1] "r: 20"
[1] "m: 100"
[1] "N_total: 1318"
[1] "cluster size dist'n: "

 5  6  7  8  9 10 11 12 13 14 15 16 17 18 19 20 
 6  6  6  4  4  3  6  9  5  5  9  4 10  8 10  5 
[1] "observed time summary: "
   Min. 1st Qu.  Median    Mean 3rd Qu.    Max. 
0.00000 0.05311 0.38367 0.61416 1.00000 5.00000 
[1] "event indicator table: "

  0   1 
781 537 
[1] "treatment indicator table: "

  0   1 
494 824 
[1] ""
[1] "Estimation start"
[1] "   Split: 1"
Note: Using an external vector in selections is ambiguous.
ℹ Use `all_of(X.T.names)` instead of `X.T.names` to silence this message.
ℹ See <https://tidyselect.r-lib.org/reference/faq-external-vector.html>.
This message is displayed once per session.
Note: Using an external vector in selections is ambiguous.
ℹ Use `all_of(X.C.names)` instead of `X.C.names` to silence this message.
ℹ See <https://tidyselect.r-lib.org/reference/faq-external-vector.html>.
This message is displayed once per session.
Note: Using an external vector in selections is ambiguous.
ℹ Use `all_of(X.A.names)` instead of `X.A.names` to silence this message.
ℹ See <https://tidyselect.r-lib.org/reference/faq-external-vector.html>.
This message is displayed once per session.

Running BART with binary y

number of trees: 25
number of chains: 1, number of threads 1
tree thinning rate: 1
Prior:
	prior on k: chi with 1.250000 degrees of freedom and inf scale
	power and base for tree prior: 2.000000 0.950000
	use quantiles for rule cut points: false
	proposal probabilities: birth/death 0.50, swap 0.10, change 0.40; birth 0.50
data:
	number of training observations: 655
	number of test observations: 0
	number of explanatory variables: 15

Cutoff rules c in x<=c vs x>c
Number of cutoffs: (var: number of possible c):
(1: 100) (2: 100) (3: 100) (4: 100) (5: 100) 
(6: 100) (7: 100) (8: 100) (9: 100) (10: 100) 
(11: 100) (12: 100) (13: 100) (14: 100) (15: 100) 

[1] "     Cluster: 1"
[1] "     Cluster: 2"
[1] "     Cluster: 3"
[1] "     Cluster: 7"
[1] "     Cluster: 8"
[1] "     Cluster: 9"
[1] "     Cluster: 10"
[1] "     Cluster: 12"
[1] "     Cluster: 13"
[1] "     Cluster: 17"
[1] "     Cluster: 18"
[1] "     Cluster: 19"
[1] "     Cluster: 20"
[1] "     Cluster: 27"
[1] "     Cluster: 34"
[1] "     Cluster: 35"
[1] "     Cluster: 36"
[1] "     Cluster: 39"
[1] "     Cluster: 41"
[1] "     Cluster: 42"
[1] "     Cluster: 43"
[1] "     Cluster: 44"
[1] "     Cluster: 45"
[1] "     Cluster: 47"
[1] "     Cluster: 49"
[1] "     Cluster: 52"
[1] "     Cluster: 55"
[1] "     Cluster: 56"
[1] "     Cluster: 57"
[1] "     Cluster: 63"
[1] "     Cluster: 66"
[1] "     Cluster: 67"
[1] "     Cluster: 68"
[1] "     Cluster: 70"
[1] "     Cluster: 73"
[1] "     Cluster: 76"
[1] "     Cluster: 77"
[1] "     Cluster: 79"
[1] "     Cluster: 80"
[1] "     Cluster: 81"
[1] "     Cluster: 82"
[1] "     Cluster: 83"
[1] "     Cluster: 85"
[1] "     Cluster: 86"
[1] "     Cluster: 87"
[1] "     Cluster: 88"
[1] "     Cluster: 89"
[1] "     Cluster: 90"
[1] "     Cluster: 94"
[1] "     Cluster: 96"
[1] "   Split: 2"

Running BART with binary y

number of trees: 25
number of chains: 1, number of threads 1
tree thinning rate: 1
Prior:
	prior on k: chi with 1.250000 degrees of freedom and inf scale
	power and base for tree prior: 2.000000 0.950000
	use quantiles for rule cut points: false
	proposal probabilities: birth/death 0.50, swap 0.10, change 0.40; birth 0.50
data:
	number of training observations: 663
	number of test observations: 0
	number of explanatory variables: 15

Cutoff rules c in x<=c vs x>c
Number of cutoffs: (var: number of possible c):
(1: 100) (2: 100) (3: 100) (4: 100) (5: 100) 
(6: 100) (7: 100) (8: 100) (9: 100) (10: 100) 
(11: 100) (12: 100) (13: 100) (14: 100) (15: 100) 

[1] "     Cluster: 4"
[1] "     Cluster: 5"
[1] "     Cluster: 6"
[1] "     Cluster: 11"
[1] "     Cluster: 14"
[1] "     Cluster: 15"
[1] "     Cluster: 16"
[1] "     Cluster: 21"
[1] "     Cluster: 22"
[1] "     Cluster: 23"
[1] "     Cluster: 24"
[1] "     Cluster: 25"
[1] "     Cluster: 26"
[1] "     Cluster: 28"
[1] "     Cluster: 29"
[1] "     Cluster: 30"
[1] "     Cluster: 31"
[1] "     Cluster: 32"
[1] "     Cluster: 33"
[1] "     Cluster: 37"
[1] "     Cluster: 38"
[1] "     Cluster: 40"
[1] "     Cluster: 46"
[1] "     Cluster: 48"
[1] "     Cluster: 50"
[1] "     Cluster: 51"
[1] "     Cluster: 53"
[1] "     Cluster: 54"
[1] "     Cluster: 58"
[1] "     Cluster: 59"
[1] "     Cluster: 60"
[1] "     Cluster: 61"
[1] "     Cluster: 62"
[1] "     Cluster: 64"
[1] "     Cluster: 65"
[1] "     Cluster: 69"
[1] "     Cluster: 71"
[1] "     Cluster: 72"
[1] "     Cluster: 74"
[1] "     Cluster: 75"
[1] "     Cluster: 78"
[1] "     Cluster: 84"
[1] "     Cluster: 91"
[1] "     Cluster: 92"
[1] "     Cluster: 93"
[1] "     Cluster: 95"
[1] "     Cluster: 97"
[1] "     Cluster: 98"
[1] "     Cluster: 99"
[1] "     Cluster: 100"
[1] ""
[1] "IF for proposed nonparametric estimator computed."
`summarise()` has grouped output by 'theta', 'tau'. You can override using the
`.groups` argument.
`summarise()` has grouped output by 'theta'. You can override using the
`.groups` argument.
`summarise()` has grouped output by 'theta', 'tau'. You can override using the
`.groups` argument.
`summarise()` has grouped output by 'theta'. You can override using the
`.groups` argument.
`summarise()` has grouped output by 'theta', 'tau'. You can override using the
`.groups` argument.
`summarise()` has grouped output by 'theta'. You can override using the
`.groups` argument.
`summarise()` has grouped output by 'theta', 'tau'. You can override using the
`.groups` argument.
`summarise()` has grouped output by 'theta'. You can override using the
`.groups` argument.
`summarise()` has grouped output by 'theta', 'tau'. You can override using the
`.groups` argument.
`summarise()` has grouped output by 'theta'. You can override using the
`.groups` argument.
`summarise()` has grouped output by 'theta', 'tau'. You can override using the
`.groups` argument.
`summarise()` has grouped output by 'theta'. You can override using the
`.groups` argument.
`summarise()` has grouped output by 'theta', 'tau'. You can override using the
`.groups` argument.
`summarise()` has grouped output by 'theta'. You can override using the
`.groups` argument.
`summarise()` has grouped output by 'theta', 'tau'. You can override using the
`.groups` argument.
`summarise()` has grouped output by 'theta'. You can override using the
`.groups` argument.
[1] ""
[1] "Total run time was 97.437 seconds"
[1] "Estimation result: "
# A tibble: 360 × 5
   estimand theta   tau   est     se
   <chr>    <dbl> <dbl> <dbl>  <dbl>
 1 mu         0.1   0.1 0.234 0.0869
 2 mu         0.1   0.2 0.215 0.0786
 3 mu         0.1   0.3 0.181 0.0870
 4 mu         0.1   0.4 0.168 0.0925
 5 mu         0.1   0.5 0.191 0.0942
 6 mu         0.2   0.1 0.269 0.0706
 7 mu         0.2   0.2 0.281 0.0680
 8 mu         0.2   0.3 0.272 0.0784
 9 mu         0.2   0.4 0.269 0.0844
10 mu         0.2   0.5 0.320 0.0837
# ℹ 350 more rows
[1] ""
[1] "OR weights"
`summarise()` has grouped output by 'estimand'. You can override using the
`.groups` argument.
# A tibble: 27 × 6
# Groups:   estimand [3]
   estimand theta mean_value median_value min_value max_value
   <fct>    <dbl>      <dbl>        <dbl>     <dbl>     <dbl>
 1 mu         0.1      0.468       0.0964 0.000104       4.65
 2 mu         0.2      0.744       0.455  0.00903        5.12
 3 mu         0.3      0.908       0.812  0.0820         3.66
 4 mu         0.4      0.973       0.953  0.293          1.96
 5 mu         0.5      0.990       0.975  0.429          1.70
 6 mu         0.6      0.995       0.987  0.608          1.67
 7 mu         0.7      1.02        1.01   0.667          1.51
 8 mu         0.8      1.03        1.04   0.276          2.25
 9 mu         0.9      0.969       0.882  0.0241         3.76
10 mu_1       0.1      0.664       0.325  0.000443       5.24
11 mu_1       0.2      0.870       0.733  0.0202         5.16
12 mu_1       0.3      0.965       0.934  0.132          2.63
13 mu_1       0.4      0.994       0.971  0.381          1.83
14 mu_1       0.5      0.994       0.994  0.453          1.68
15 mu_1       0.6      0.997       0.985  0.612          1.65
16 mu_1       0.7      1.02        1.02   0.626          1.54
17 mu_1       0.8      1.03        1.03   0.230          2.33
18 mu_1       0.9      0.959       0.843  0.0184         3.91
19 mu_0       0.1      0.447       0.0705 0.0000661      5.10
20 mu_0       0.2      0.713       0.384  0.00623        5.11
21 mu_0       0.3      0.884       0.756  0.0607         4.10
22 mu_0       0.4      0.959       0.935  0.218          2.16
23 mu_0       0.5      0.985       0.953  0.398          1.75
24 mu_0       0.6      0.992       0.982  0.511          1.70
25 mu_0       0.7      1.01        0.992  0.635          1.61
26 mu_0       0.8      1.05        1.04   0.463          1.96
27 mu_0       0.9      1.05        1.07   0.0753         2.80
[1] ""
[1] "IPCW weights"
`summarise()` has grouped output by 'estimand'. You can override using the
`.groups` argument.
# A tibble: 27 × 6
# Groups:   estimand [3]
   estimand theta mean_value median_value min_value max_value
   <fct>    <dbl>      <dbl>        <dbl>     <dbl>     <dbl>
 1 mu         0.1       4.17    0.000178   5.25e-18    273.  
 2 mu         0.2       3.18    0.0111     2.75e-12    166.  
 3 mu         0.3       1.89    0.112      6.11e- 9     44.1 
 4 mu         0.4       1.38    0.549      1.44e- 6     13.8 
 5 mu         0.5       1.26    0.969      1.00e- 4      6.24
 6 mu         0.6       1.26    1.10       3.20e- 3      6.94
 7 mu         0.7       1.29    0.993      3.11e- 4      7.85
 8 mu         0.8       1.63    0.620      6.18e- 7     15.2 
 9 mu         0.9       3.60    0.0604     1.19e-11     98.2 
10 mu_1       0.1       3.95    0.000646   0           303.  
11 mu_1       0.2       2.23    0.0345     0            92.2 
12 mu_1       0.3       1.45    0.234      0            19.4 
13 mu_1       0.4       1.24    0.771      0             8.61
14 mu_1       0.5       1.22    0.999      0             4.84
15 mu_1       0.6       1.24    1.00       0             7.71
16 mu_1       0.7       1.30    0.904      0             7.48
17 mu_1       0.8       1.73    0.472      0            18.9 
18 mu_1       0.9       3.85    0.0437     0           109.  
19 mu_0       0.1       4.19    0.0000542  0           270.  
20 mu_0       0.2       3.42    0.00573    0           184.  
21 mu_0       0.3       2.07    0.0523     0            56.0 
22 mu_0       0.4       1.47    0.322      0            17.2 
23 mu_0       0.5       1.30    0.880      0             7.82
24 mu_0       0.6       1.28    1.09       0             5.78
25 mu_0       0.7       1.27    1.05       0             8.72
26 mu_0       0.8       1.24    0.717      0             6.73
27 mu_0       0.9       1.37    0.125      0            23.4 
[1] "Total run time was 101.863 seconds"
