
Attaching package: ‘dplyr’

The following objects are masked from ‘package:stats’:

    filter, lag

The following objects are masked from ‘package:base’:

    intersect, setdiff, setequal, union

Loading required package: foreach
Loading required package: iterators
Loading required package: parallel

 randomForestSRC 3.2.2 
 
 Type rfsrc.news() to see new features, changes, and bug fixes. 
 

── Attaching core tidyverse packages ──────────────────────── tidyverse 2.0.0 ──
✔ forcats   1.0.0     ✔ readr     2.1.4
✔ ggplot2   3.3.6     ✔ stringr   1.5.1
✔ lubridate 1.9.3     ✔ tibble    3.2.1
✔ purrr     0.3.5     ✔ tidyr     1.2.1
── Conflicts ────────────────────────────────────────── tidyverse_conflicts() ──
✖ purrr::accumulate() masks foreach::accumulate()
✖ tidyr::extract()    masks dbarts::extract()
✖ dplyr::filter()     masks stats::filter()
✖ dplyr::lag()        masks stats::lag()
✖ purrr::partial()    masks randomForestSRC::partial()
✖ purrr::when()       masks foreach::when()
ℹ Use the [conflicted package](http://conflicted.r-lib.org/) to force all conflicts to become errors
[1] "[Analysis setting]"
[1] "n.cpus: 8"
[1] "method: nonpara"
[1] "taus: 0.1, 0.2, 0.3, 0.4, 0.5"
[1] "thetas: 0.1, 0.2, 0.3, 0.4, 0.5, 0.6, 0.7, 0.8, 0.9"
[1] "r: 20"
[1] "m: 100"
[1] "N_total: 1355"
[1] "cluster size dist'n: "

 5  6  7  8  9 10 11 12 13 14 15 16 17 18 19 20 
 2  3  4  7  7  5  9  9  3  3  8  5 13  6  7  9 
[1] "observed time summary: "
   Min. 1st Qu.  Median    Mean 3rd Qu.    Max. 
0.00000 0.02081 0.31817 0.57686 0.96249 5.00000 
[1] "event indicator table: "

  0   1 
799 556 
[1] "treatment indicator table: "

  0   1 
511 844 
[1] ""
[1] "Estimation start"
[1] "   Split: 1"
Note: Using an external vector in selections is ambiguous.
ℹ Use `all_of(X.T.names)` instead of `X.T.names` to silence this message.
ℹ See <https://tidyselect.r-lib.org/reference/faq-external-vector.html>.
This message is displayed once per session.
Note: Using an external vector in selections is ambiguous.
ℹ Use `all_of(X.C.names)` instead of `X.C.names` to silence this message.
ℹ See <https://tidyselect.r-lib.org/reference/faq-external-vector.html>.
This message is displayed once per session.
Note: Using an external vector in selections is ambiguous.
ℹ Use `all_of(X.A.names)` instead of `X.A.names` to silence this message.
ℹ See <https://tidyselect.r-lib.org/reference/faq-external-vector.html>.
This message is displayed once per session.

Running BART with binary y

number of trees: 25
number of chains: 1, number of threads 1
tree thinning rate: 1
Prior:
	prior on k: chi with 1.250000 degrees of freedom and inf scale
	power and base for tree prior: 2.000000 0.950000
	use quantiles for rule cut points: false
	proposal probabilities: birth/death 0.50, swap 0.10, change 0.40; birth 0.50
data:
	number of training observations: 671
	number of test observations: 0
	number of explanatory variables: 15

Cutoff rules c in x<=c vs x>c
Number of cutoffs: (var: number of possible c):
(1: 100) (2: 100) (3: 100) (4: 100) (5: 100) 
(6: 100) (7: 100) (8: 100) (9: 100) (10: 100) 
(11: 100) (12: 100) (13: 100) (14: 100) (15: 100) 

[1] "     Cluster: 3"
[1] "     Cluster: 4"
[1] "     Cluster: 5"
[1] "     Cluster: 6"
[1] "     Cluster: 7"
[1] "     Cluster: 8"
[1] "     Cluster: 12"
[1] "     Cluster: 14"
[1] "     Cluster: 18"
[1] "     Cluster: 19"
[1] "     Cluster: 21"
[1] "     Cluster: 22"
[1] "     Cluster: 23"
[1] "     Cluster: 29"
[1] "     Cluster: 30"
[1] "     Cluster: 34"
[1] "     Cluster: 37"
[1] "     Cluster: 41"
[1] "     Cluster: 42"
[1] "     Cluster: 43"
[1] "     Cluster: 44"
[1] "     Cluster: 45"
[1] "     Cluster: 46"
[1] "     Cluster: 47"
[1] "     Cluster: 53"
[1] "     Cluster: 54"
[1] "     Cluster: 56"
[1] "     Cluster: 58"
[1] "     Cluster: 59"
[1] "     Cluster: 60"
[1] "     Cluster: 61"
[1] "     Cluster: 63"
[1] "     Cluster: 65"
[1] "     Cluster: 66"
[1] "     Cluster: 67"
[1] "     Cluster: 68"
[1] "     Cluster: 69"
[1] "     Cluster: 70"
[1] "     Cluster: 73"
[1] "     Cluster: 77"
[1] "     Cluster: 78"
[1] "     Cluster: 82"
[1] "     Cluster: 83"
[1] "     Cluster: 86"
[1] "     Cluster: 90"
[1] "     Cluster: 91"
[1] "     Cluster: 92"
[1] "     Cluster: 93"
[1] "     Cluster: 96"
[1] "     Cluster: 98"
[1] "   Split: 2"

Running BART with binary y

number of trees: 25
number of chains: 1, number of threads 1
tree thinning rate: 1
Prior:
	prior on k: chi with 1.250000 degrees of freedom and inf scale
	power and base for tree prior: 2.000000 0.950000
	use quantiles for rule cut points: false
	proposal probabilities: birth/death 0.50, swap 0.10, change 0.40; birth 0.50
data:
	number of training observations: 684
	number of test observations: 0
	number of explanatory variables: 15

Cutoff rules c in x<=c vs x>c
Number of cutoffs: (var: number of possible c):
(1: 100) (2: 100) (3: 100) (4: 100) (5: 100) 
(6: 100) (7: 100) (8: 100) (9: 100) (10: 100) 
(11: 100) (12: 100) (13: 100) (14: 100) (15: 100) 

[1] "     Cluster: 1"
[1] "     Cluster: 2"
[1] "     Cluster: 9"
[1] "     Cluster: 10"
[1] "     Cluster: 11"
[1] "     Cluster: 13"
[1] "     Cluster: 15"
[1] "     Cluster: 16"
[1] "     Cluster: 17"
[1] "     Cluster: 20"
[1] "     Cluster: 24"
[1] "     Cluster: 25"
[1] "     Cluster: 26"
[1] "     Cluster: 27"
[1] "     Cluster: 28"
[1] "     Cluster: 31"
[1] "     Cluster: 32"
[1] "     Cluster: 33"
[1] "     Cluster: 35"
[1] "     Cluster: 36"
[1] "     Cluster: 38"
[1] "     Cluster: 39"
[1] "     Cluster: 40"
[1] "     Cluster: 48"
[1] "     Cluster: 49"
[1] "     Cluster: 50"
[1] "     Cluster: 51"
[1] "     Cluster: 52"
[1] "     Cluster: 55"
[1] "     Cluster: 57"
[1] "     Cluster: 62"
[1] "     Cluster: 64"
[1] "     Cluster: 71"
[1] "     Cluster: 72"
[1] "     Cluster: 74"
[1] "     Cluster: 75"
[1] "     Cluster: 76"
[1] "     Cluster: 79"
[1] "     Cluster: 80"
[1] "     Cluster: 81"
[1] "     Cluster: 84"
[1] "     Cluster: 85"
[1] "     Cluster: 87"
[1] "     Cluster: 88"
[1] "     Cluster: 89"
[1] "     Cluster: 94"
[1] "     Cluster: 95"
[1] "     Cluster: 97"
[1] "     Cluster: 99"
[1] "     Cluster: 100"
[1] ""
[1] "IF for proposed nonparametric estimator computed."
`summarise()` has grouped output by 'theta', 'tau'. You can override using the
`.groups` argument.
`summarise()` has grouped output by 'theta'. You can override using the
`.groups` argument.
`summarise()` has grouped output by 'theta', 'tau'. You can override using the
`.groups` argument.
`summarise()` has grouped output by 'theta'. You can override using the
`.groups` argument.
`summarise()` has grouped output by 'theta', 'tau'. You can override using the
`.groups` argument.
`summarise()` has grouped output by 'theta'. You can override using the
`.groups` argument.
`summarise()` has grouped output by 'theta', 'tau'. You can override using the
`.groups` argument.
`summarise()` has grouped output by 'theta'. You can override using the
`.groups` argument.
`summarise()` has grouped output by 'theta', 'tau'. You can override using the
`.groups` argument.
`summarise()` has grouped output by 'theta'. You can override using the
`.groups` argument.
`summarise()` has grouped output by 'theta', 'tau'. You can override using the
`.groups` argument.
`summarise()` has grouped output by 'theta'. You can override using the
`.groups` argument.
`summarise()` has grouped output by 'theta', 'tau'. You can override using the
`.groups` argument.
`summarise()` has grouped output by 'theta'. You can override using the
`.groups` argument.
`summarise()` has grouped output by 'theta', 'tau'. You can override using the
`.groups` argument.
`summarise()` has grouped output by 'theta'. You can override using the
`.groups` argument.
[1] ""
[1] "Total run time was 107.269 seconds"
[1] "Estimation result: "
# A tibble: 360 × 5
   estimand theta   tau   est     se
   <chr>    <dbl> <dbl> <dbl>  <dbl>
 1 mu         0.1   0.1 0.262 0.0593
 2 mu         0.1   0.2 0.458 0.106 
 3 mu         0.1   0.3 0.474 0.0936
 4 mu         0.1   0.4 0.481 0.0870
 5 mu         0.1   0.5 0.488 0.0878
 6 mu         0.2   0.1 0.330 0.0604
 7 mu         0.2   0.2 0.482 0.0776
 8 mu         0.2   0.3 0.520 0.0743
 9 mu         0.2   0.4 0.543 0.0732
10 mu         0.2   0.5 0.572 0.0817
# ℹ 350 more rows
[1] ""
[1] "OR weights"
`summarise()` has grouped output by 'estimand'. You can override using the
`.groups` argument.
# A tibble: 27 × 6
# Groups:   estimand [3]
   estimand theta mean_value median_value  min_value max_value
   <fct>    <dbl>      <dbl>        <dbl>      <dbl>     <dbl>
 1 mu         0.1      0.663        0.198 0.00000749      6.05
 2 mu         0.2      0.889        0.682 0.00309         9.42
 3 mu         0.3      0.974        0.872 0.0630          5.39
 4 mu         0.4      0.963        0.918 0.292           2.28
 5 mu         0.5      0.967        0.964 0.462           1.46
 6 mu         0.6      0.993        1.00  0.746           1.20
 7 mu         0.7      1.02         1.02  0.588           1.41
 8 mu         0.8      1.06         1.04  0.455           1.89
 9 mu         0.9      1.04         0.999 0.0895          2.54
10 mu_1       0.1      0.801        0.404 0.0000383      10.7 
11 mu_1       0.2      0.983        0.844 0.00807         8.45
12 mu_1       0.3      0.987        0.908 0.112           3.61
13 mu_1       0.4      0.964        0.949 0.343           1.72
14 mu_1       0.5      0.975        0.995 0.528           1.27
15 mu_1       0.6      1.00         1.00  0.703           1.28
16 mu_1       0.7      1.03         1.03  0.571           1.48
17 mu_1       0.8      1.06         1.04  0.416           1.96
18 mu_1       0.9      1.03         1.02  0.0766          2.70
19 mu_0       0.1      0.647        0.155 0.00000406      5.62
20 mu_0       0.2      0.865        0.618 0.00185         9.66
21 mu_0       0.3      0.968        0.852 0.0420          6.16
22 mu_0       0.4      0.963        0.926 0.257           2.72
23 mu_0       0.5      0.959        0.938 0.397           1.65
24 mu_0       0.6      0.982        0.995 0.631           1.29
25 mu_0       0.7      1.01         1.01  0.628           1.31
26 mu_0       0.8      1.05         1.03  0.489           1.63
27 mu_0       0.9      1.09         1.04  0.133           2.48
[1] ""
[1] "IPCW weights"
`summarise()` has grouped output by 'estimand'. You can override using the
`.groups` argument.
# A tibble: 27 × 6
# Groups:   estimand [3]
   estimand theta mean_value median_value min_value max_value
   <fct>    <dbl>      <dbl>        <dbl>     <dbl>     <dbl>
 1 mu         0.1      0.545     0.000290  3.77e-16     17.0 
 2 mu         0.2      1.30      0.0224    1.75e-10     52.2 
 3 mu         0.3      1.56      0.202     3.40e- 7     40.7 
 4 mu         0.4      1.41      0.588     6.90e- 5     14.9 
 5 mu         0.5      1.13      1.03      3.99e- 3      3.77
 6 mu         0.6      0.951     0.884     5.75e- 2      2.55
 7 mu         0.7      1.05      1.04      8.51e- 3      2.92
 8 mu         0.8      1.67      0.508     4.97e- 5     16.5 
 9 mu         0.9      2.86      0.0558    4.86e- 9     56.5 
10 mu_1       0.1      1.12      0.00165   3.58e-15     37.7 
11 mu_1       0.2      1.60      0.0624    8.34e-10     57.9 
12 mu_1       0.3      1.56      0.398     1.08e- 6     30.2 
13 mu_1       0.4      1.30      0.829     1.64e- 4      8.26
14 mu_1       0.5      1.03      1.07      7.58e- 3      3.24
15 mu_1       0.6      0.913     0.842     3.14e- 2      2.52
16 mu_1       0.7      1.09      0.902     2.70e- 3      3.93
17 mu_1       0.8      1.77      0.358     1.38e- 5     19.4 
18 mu_1       0.9      2.92      0.0391    1.20e- 9     59.7 
19 mu_0       0.1      0.481     0.000128  0            14.7 
20 mu_0       0.2      1.22      0.0132    0            50.7 
21 mu_0       0.3      1.56      0.114     0            45.2 
22 mu_0       0.4      1.48      0.417     0            19.3 
23 mu_0       0.5      1.23      0.857     0             4.53
24 mu_0       0.6      1.01      1.04      0             3.21
25 mu_0       0.7      0.952     0.871     0             2.80
26 mu_0       0.8      1.23      0.975     0             4.85
27 mu_0       0.9      2.37      0.192     0            31.9 
[1] "Total run time was 113.081 seconds"
