
Attaching package: ‘dplyr’

The following objects are masked from ‘package:stats’:

    filter, lag

The following objects are masked from ‘package:base’:

    intersect, setdiff, setequal, union

Loading required package: foreach
Loading required package: iterators
Loading required package: parallel

 randomForestSRC 3.2.2 
 
 Type rfsrc.news() to see new features, changes, and bug fixes. 
 

── Attaching core tidyverse packages ──────────────────────── tidyverse 2.0.0 ──
✔ forcats   1.0.0     ✔ readr     2.1.4
✔ ggplot2   3.3.6     ✔ stringr   1.5.1
✔ lubridate 1.9.3     ✔ tibble    3.2.1
✔ purrr     0.3.5     ✔ tidyr     1.2.1
── Conflicts ────────────────────────────────────────── tidyverse_conflicts() ──
✖ purrr::accumulate() masks foreach::accumulate()
✖ tidyr::extract()    masks dbarts::extract()
✖ dplyr::filter()     masks stats::filter()
✖ dplyr::lag()        masks stats::lag()
✖ purrr::partial()    masks randomForestSRC::partial()
✖ purrr::when()       masks foreach::when()
ℹ Use the [conflicted package](http://conflicted.r-lib.org/) to force all conflicts to become errors
[1] "[Analysis setting]"
[1] "n.cpus: 8"
[1] "method: nonpara"
[1] "taus: 0.1, 0.2, 0.3, 0.4, 0.5"
[1] "thetas: 0.1, 0.2, 0.3, 0.4, 0.5, 0.6, 0.7, 0.8, 0.9"
[1] "r: 20"
[1] "m: 100"
[1] "N_total: 1279"
[1] "cluster size dist'n: "

 5  6  7  8  9 10 11 12 13 14 15 16 17 18 19 20 
 4  9  4  7  4  5  6  6  6  7  6 14  6  5  5  6 
[1] "observed time summary: "
   Min. 1st Qu.  Median    Mean 3rd Qu.    Max. 
0.00000 0.04186 0.35516 0.64591 1.00000 5.00000 
[1] "event indicator table: "

  0   1 
755 524 
[1] "treatment indicator table: "

  0   1 
467 812 
[1] ""
[1] "Estimation start"
[1] "   Split: 1"
Note: Using an external vector in selections is ambiguous.
ℹ Use `all_of(X.T.names)` instead of `X.T.names` to silence this message.
ℹ See <https://tidyselect.r-lib.org/reference/faq-external-vector.html>.
This message is displayed once per session.
Note: Using an external vector in selections is ambiguous.
ℹ Use `all_of(X.C.names)` instead of `X.C.names` to silence this message.
ℹ See <https://tidyselect.r-lib.org/reference/faq-external-vector.html>.
This message is displayed once per session.
Note: Using an external vector in selections is ambiguous.
ℹ Use `all_of(X.A.names)` instead of `X.A.names` to silence this message.
ℹ See <https://tidyselect.r-lib.org/reference/faq-external-vector.html>.
This message is displayed once per session.

Running BART with binary y

number of trees: 25
number of chains: 1, number of threads 1
tree thinning rate: 1
Prior:
	prior on k: chi with 1.250000 degrees of freedom and inf scale
	power and base for tree prior: 2.000000 0.950000
	use quantiles for rule cut points: false
	proposal probabilities: birth/death 0.50, swap 0.10, change 0.40; birth 0.50
data:
	number of training observations: 674
	number of test observations: 0
	number of explanatory variables: 15

Cutoff rules c in x<=c vs x>c
Number of cutoffs: (var: number of possible c):
(1: 100) (2: 100) (3: 100) (4: 100) (5: 100) 
(6: 100) (7: 100) (8: 100) (9: 100) (10: 100) 
(11: 100) (12: 100) (13: 100) (14: 100) (15: 100) 

[1] "     Cluster: 1"
[1] "     Cluster: 2"
[1] "     Cluster: 3"
[1] "     Cluster: 5"
[1] "     Cluster: 8"
[1] "     Cluster: 9"
[1] "     Cluster: 11"
[1] "     Cluster: 12"
[1] "     Cluster: 19"
[1] "     Cluster: 21"
[1] "     Cluster: 22"
[1] "     Cluster: 25"
[1] "     Cluster: 28"
[1] "     Cluster: 32"
[1] "     Cluster: 33"
[1] "     Cluster: 34"
[1] "     Cluster: 35"
[1] "     Cluster: 37"
[1] "     Cluster: 38"
[1] "     Cluster: 41"
[1] "     Cluster: 42"
[1] "     Cluster: 45"
[1] "     Cluster: 46"
[1] "     Cluster: 48"
[1] "     Cluster: 49"
[1] "     Cluster: 50"
[1] "     Cluster: 51"
[1] "     Cluster: 54"
[1] "     Cluster: 56"
[1] "     Cluster: 57"
[1] "     Cluster: 58"
[1] "     Cluster: 60"
[1] "     Cluster: 63"
[1] "     Cluster: 66"
[1] "     Cluster: 67"
[1] "     Cluster: 68"
[1] "     Cluster: 69"
[1] "     Cluster: 70"
[1] "     Cluster: 73"
[1] "     Cluster: 75"
[1] "     Cluster: 76"
[1] "     Cluster: 78"
[1] "     Cluster: 80"
[1] "     Cluster: 87"
[1] "     Cluster: 89"
[1] "     Cluster: 93"
[1] "     Cluster: 94"
[1] "     Cluster: 98"
[1] "     Cluster: 99"
[1] "     Cluster: 100"
[1] "   Split: 2"

Running BART with binary y

number of trees: 25
number of chains: 1, number of threads 1
tree thinning rate: 1
Prior:
	prior on k: chi with 1.250000 degrees of freedom and inf scale
	power and base for tree prior: 2.000000 0.950000
	use quantiles for rule cut points: false
	proposal probabilities: birth/death 0.50, swap 0.10, change 0.40; birth 0.50
data:
	number of training observations: 605
	number of test observations: 0
	number of explanatory variables: 15

Cutoff rules c in x<=c vs x>c
Number of cutoffs: (var: number of possible c):
(1: 100) (2: 100) (3: 100) (4: 100) (5: 100) 
(6: 100) (7: 100) (8: 100) (9: 100) (10: 100) 
(11: 100) (12: 100) (13: 100) (14: 100) (15: 100) 

[1] "     Cluster: 4"
[1] "     Cluster: 6"
[1] "     Cluster: 7"
[1] "     Cluster: 10"
[1] "     Cluster: 13"
[1] "     Cluster: 14"
[1] "     Cluster: 15"
[1] "     Cluster: 16"
[1] "     Cluster: 17"
[1] "     Cluster: 18"
[1] "     Cluster: 20"
[1] "     Cluster: 23"
[1] "     Cluster: 24"
[1] "     Cluster: 26"
[1] "     Cluster: 27"
[1] "     Cluster: 29"
[1] "     Cluster: 30"
[1] "     Cluster: 31"
[1] "     Cluster: 36"
[1] "     Cluster: 39"
[1] "     Cluster: 40"
[1] "     Cluster: 43"
[1] "     Cluster: 44"
[1] "     Cluster: 47"
[1] "     Cluster: 52"
[1] "     Cluster: 53"
[1] "     Cluster: 55"
[1] "     Cluster: 59"
[1] "     Cluster: 61"
[1] "     Cluster: 62"
[1] "     Cluster: 64"
[1] "     Cluster: 65"
[1] "     Cluster: 71"
[1] "     Cluster: 72"
[1] "     Cluster: 74"
[1] "     Cluster: 77"
[1] "     Cluster: 79"
[1] "     Cluster: 81"
[1] "     Cluster: 82"
[1] "     Cluster: 83"
[1] "     Cluster: 84"
[1] "     Cluster: 85"
[1] "     Cluster: 86"
[1] "     Cluster: 88"
[1] "     Cluster: 90"
[1] "     Cluster: 91"
[1] "     Cluster: 92"
[1] "     Cluster: 95"
[1] "     Cluster: 96"
[1] "     Cluster: 97"
[1] ""
[1] "IF for proposed nonparametric estimator computed."
`summarise()` has grouped output by 'theta', 'tau'. You can override using the
`.groups` argument.
`summarise()` has grouped output by 'theta'. You can override using the
`.groups` argument.
`summarise()` has grouped output by 'theta', 'tau'. You can override using the
`.groups` argument.
`summarise()` has grouped output by 'theta'. You can override using the
`.groups` argument.
`summarise()` has grouped output by 'theta', 'tau'. You can override using the
`.groups` argument.
`summarise()` has grouped output by 'theta'. You can override using the
`.groups` argument.
`summarise()` has grouped output by 'theta', 'tau'. You can override using the
`.groups` argument.
`summarise()` has grouped output by 'theta'. You can override using the
`.groups` argument.
`summarise()` has grouped output by 'theta', 'tau'. You can override using the
`.groups` argument.
`summarise()` has grouped output by 'theta'. You can override using the
`.groups` argument.
`summarise()` has grouped output by 'theta', 'tau'. You can override using the
`.groups` argument.
`summarise()` has grouped output by 'theta'. You can override using the
`.groups` argument.
`summarise()` has grouped output by 'theta', 'tau'. You can override using the
`.groups` argument.
`summarise()` has grouped output by 'theta'. You can override using the
`.groups` argument.
`summarise()` has grouped output by 'theta', 'tau'. You can override using the
`.groups` argument.
`summarise()` has grouped output by 'theta'. You can override using the
`.groups` argument.
[1] ""
[1] "Total run time was 116.369 seconds"
[1] "Estimation result: "
# A tibble: 360 × 5
   estimand theta   tau   est    se
   <chr>    <dbl> <dbl> <dbl> <dbl>
 1 mu         0.1   0.1 0.565 0.304
 2 mu         0.1   0.2 0.563 0.286
 3 mu         0.1   0.3 0.567 0.258
 4 mu         0.1   0.4 0.697 0.350
 5 mu         0.1   0.5 0.701 0.355
 6 mu         0.2   0.1 0.490 0.194
 7 mu         0.2   0.2 0.512 0.180
 8 mu         0.2   0.3 0.542 0.158
 9 mu         0.2   0.4 0.639 0.222
10 mu         0.2   0.5 0.645 0.224
# ℹ 350 more rows
[1] ""
[1] "OR weights"
`summarise()` has grouped output by 'estimand'. You can override using the
`.groups` argument.
# A tibble: 27 × 6
# Groups:   estimand [3]
   estimand theta mean_value median_value  min_value max_value
   <fct>    <dbl>      <dbl>        <dbl>      <dbl>     <dbl>
 1 mu         0.1      0.884        0.135 0.00000893     23.8 
 2 mu         0.2      1.02         0.570 0.00212         9.43
 3 mu         0.3      1.07         0.983 0.0353          4.46
 4 mu         0.4      1.06         1.01  0.189           2.36
 5 mu         0.5      1.03         1.01  0.526           1.71
 6 mu         0.6      1.01         1.01  0.561           1.47
 7 mu         0.7      0.996        1.00  0.641           1.40
 8 mu         0.8      0.980        0.987 0.551           1.60
 9 mu         0.9      1.00         0.942 0.173           3.07
10 mu_1       0.1      0.897        0.360 0.0000504       9.75
11 mu_1       0.2      1.03         0.813 0.00605         6.09
12 mu_1       0.3      1.06         1.00  0.0682          3.15
13 mu_1       0.4      1.04         0.994 0.281           1.93
14 mu_1       0.5      1.03         0.988 0.557           1.62
15 mu_1       0.6      1.01         1.03  0.549           1.42
16 mu_1       0.7      0.994        1.00  0.653           1.44
17 mu_1       0.8      0.981        0.965 0.509           1.60
18 mu_1       0.9      1.01         0.932 0.148           3.30
19 mu_0       0.1      0.883        0.105 0.00000431     26.4 
20 mu_0       0.2      1.02         0.492 0.00114        11.7 
21 mu_0       0.3      1.07         0.904 0.0213          5.21
22 mu_0       0.4      1.06         1.01  0.128           2.67
23 mu_0       0.5      1.04         0.981 0.398           1.86
24 mu_0       0.6      1.02         1.03  0.559           1.55
25 mu_0       0.7      1.00         1.01  0.582           1.40
26 mu_0       0.8      0.973        0.966 0.576           1.61
27 mu_0       0.9      0.951        0.927 0.372           2.13
[1] ""
[1] "IPCW weights"
`summarise()` has grouped output by 'estimand'. You can override using the
`.groups` argument.
# A tibble: 27 × 6
# Groups:   estimand [3]
   estimand theta mean_value median_value min_value max_value
   <fct>    <dbl>      <dbl>        <dbl>     <dbl>     <dbl>
 1 mu         0.1      4.93    0.0000267   8.49e-15    397.  
 2 mu         0.2      2.83    0.00310     5.56e-10    172.  
 3 mu         0.3      1.72    0.0481      3.65e- 7     45.4 
 4 mu         0.4      1.33    0.302       3.64e- 5     11.9 
 5 mu         0.5      1.17    0.752       1.29e- 3      6.09
 6 mu         0.6      1.10    1.14        2.39e- 2      2.55
 7 mu         0.7      1.04    1.12        1.74e- 3      2.47
 8 mu         0.8      1.03    0.687       1.02e- 5      6.46
 9 mu         0.9      1.38    0.0872      1.41e- 9     33.6 
10 mu_1       0.1      3.66    0.000131    0           284.  
11 mu_1       0.2      1.78    0.00978     0            61.4 
12 mu_1       0.3      1.38    0.106       0            16.3 
13 mu_1       0.4      1.21    0.439       0            10.5 
14 mu_1       0.5      1.12    0.937       0             4.30
15 mu_1       0.6      1.08    1.07        0             2.60
16 mu_1       0.7      1.04    1.12        0             2.52
17 mu_1       0.8      1.06    0.553       0             8.08
18 mu_1       0.9      1.45    0.0632      0            37.4 
19 mu_0       0.1      5.07    0.00000578  0           410.  
20 mu_0       0.2      3.09    0.00110     0           199.  
21 mu_0       0.3      1.87    0.0226      0            60.3 
22 mu_0       0.4      1.41    0.195       0            14.9 
23 mu_0       0.5      1.21    0.542       0             7.88
24 mu_0       0.6      1.12    1.05        0             3.67
25 mu_0       0.7      1.04    1.16        0             2.41
26 mu_0       0.8      0.922   0.915       0             2.65
27 mu_0       0.9      0.787   0.151       0             5.16
[1] "Total run time was 122.633 seconds"
