
Attaching package: ‘dplyr’

The following objects are masked from ‘package:stats’:

    filter, lag

The following objects are masked from ‘package:base’:

    intersect, setdiff, setequal, union

Loading required package: foreach
Loading required package: iterators
Loading required package: parallel

 randomForestSRC 3.2.2 
 
 Type rfsrc.news() to see new features, changes, and bug fixes. 
 

── Attaching core tidyverse packages ──────────────────────── tidyverse 2.0.0 ──
✔ forcats   1.0.0     ✔ readr     2.1.4
✔ ggplot2   3.3.6     ✔ stringr   1.5.1
✔ lubridate 1.9.3     ✔ tibble    3.2.1
✔ purrr     0.3.5     ✔ tidyr     1.2.1
── Conflicts ────────────────────────────────────────── tidyverse_conflicts() ──
✖ purrr::accumulate() masks foreach::accumulate()
✖ tidyr::extract()    masks dbarts::extract()
✖ dplyr::filter()     masks stats::filter()
✖ dplyr::lag()        masks stats::lag()
✖ purrr::partial()    masks randomForestSRC::partial()
✖ purrr::when()       masks foreach::when()
ℹ Use the [conflicted package](http://conflicted.r-lib.org/) to force all conflicts to become errors
[1] "[Analysis setting]"
[1] "n.cpus: 8"
[1] "method: nonpara"
[1] "taus: 0.1, 0.2, 0.3, 0.4, 0.5"
[1] "thetas: 0.1, 0.2, 0.3, 0.4, 0.5, 0.6, 0.7, 0.8, 0.9"
[1] "r: 20"
[1] "m: 100"
[1] "N_total: 1286"
[1] "cluster size dist'n: "

 5  6  7  8  9 10 11 12 13 14 15 16 17 18 19 20 
 5  8  7  8  1  4  5  6  9  3 10  6  7  7  6  8 
[1] "observed time summary: "
   Min. 1st Qu.  Median    Mean 3rd Qu.    Max. 
0.00000 0.02405 0.31529 0.58946 1.00000 4.39447 
[1] "event indicator table: "

  0   1 
777 509 
[1] "treatment indicator table: "

  0   1 
497 789 
[1] ""
[1] "Estimation start"
[1] "   Split: 1"
Note: Using an external vector in selections is ambiguous.
ℹ Use `all_of(X.T.names)` instead of `X.T.names` to silence this message.
ℹ See <https://tidyselect.r-lib.org/reference/faq-external-vector.html>.
This message is displayed once per session.
Note: Using an external vector in selections is ambiguous.
ℹ Use `all_of(X.C.names)` instead of `X.C.names` to silence this message.
ℹ See <https://tidyselect.r-lib.org/reference/faq-external-vector.html>.
This message is displayed once per session.
Note: Using an external vector in selections is ambiguous.
ℹ Use `all_of(X.A.names)` instead of `X.A.names` to silence this message.
ℹ See <https://tidyselect.r-lib.org/reference/faq-external-vector.html>.
This message is displayed once per session.

Running BART with binary y

number of trees: 25
number of chains: 1, number of threads 1
tree thinning rate: 1
Prior:
	prior on k: chi with 1.250000 degrees of freedom and inf scale
	power and base for tree prior: 2.000000 0.950000
	use quantiles for rule cut points: false
	proposal probabilities: birth/death 0.50, swap 0.10, change 0.40; birth 0.50
data:
	number of training observations: 672
	number of test observations: 0
	number of explanatory variables: 15

Cutoff rules c in x<=c vs x>c
Number of cutoffs: (var: number of possible c):
(1: 100) (2: 100) (3: 100) (4: 100) (5: 100) 
(6: 100) (7: 100) (8: 100) (9: 100) (10: 100) 
(11: 100) (12: 100) (13: 100) (14: 100) (15: 100) 

[1] "     Cluster: 3"
[1] "     Cluster: 5"
[1] "     Cluster: 6"
[1] "     Cluster: 8"
[1] "     Cluster: 9"
[1] "     Cluster: 11"
[1] "     Cluster: 13"
[1] "     Cluster: 17"
[1] "     Cluster: 18"
[1] "     Cluster: 21"
[1] "     Cluster: 23"
[1] "     Cluster: 24"
[1] "     Cluster: 25"
[1] "     Cluster: 26"
[1] "     Cluster: 29"
[1] "     Cluster: 30"
[1] "     Cluster: 31"
[1] "     Cluster: 32"
[1] "     Cluster: 44"
[1] "     Cluster: 45"
[1] "     Cluster: 47"
[1] "     Cluster: 48"
[1] "     Cluster: 49"
[1] "     Cluster: 53"
[1] "     Cluster: 55"
[1] "     Cluster: 57"
[1] "     Cluster: 59"
[1] "     Cluster: 61"
[1] "     Cluster: 62"
[1] "     Cluster: 63"
[1] "     Cluster: 66"
[1] "     Cluster: 69"
[1] "     Cluster: 70"
[1] "     Cluster: 72"
[1] "     Cluster: 73"
[1] "     Cluster: 74"
[1] "     Cluster: 76"
[1] "     Cluster: 77"
[1] "     Cluster: 80"
[1] "     Cluster: 81"
[1] "     Cluster: 83"
[1] "     Cluster: 85"
[1] "     Cluster: 87"
[1] "     Cluster: 89"
[1] "     Cluster: 90"
[1] "     Cluster: 91"
[1] "     Cluster: 92"
[1] "     Cluster: 95"
[1] "     Cluster: 96"
[1] "     Cluster: 97"
[1] "   Split: 2"

Running BART with binary y

number of trees: 25
number of chains: 1, number of threads 1
tree thinning rate: 1
Prior:
	prior on k: chi with 1.250000 degrees of freedom and inf scale
	power and base for tree prior: 2.000000 0.950000
	use quantiles for rule cut points: false
	proposal probabilities: birth/death 0.50, swap 0.10, change 0.40; birth 0.50
data:
	number of training observations: 614
	number of test observations: 0
	number of explanatory variables: 15

Cutoff rules c in x<=c vs x>c
Number of cutoffs: (var: number of possible c):
(1: 100) (2: 100) (3: 100) (4: 100) (5: 100) 
(6: 100) (7: 100) (8: 100) (9: 100) (10: 100) 
(11: 100) (12: 100) (13: 100) (14: 100) (15: 100) 

[1] "     Cluster: 1"
[1] "     Cluster: 2"
[1] "     Cluster: 4"
[1] "     Cluster: 7"
[1] "     Cluster: 10"
[1] "     Cluster: 12"
[1] "     Cluster: 14"
[1] "     Cluster: 15"
[1] "     Cluster: 16"
[1] "     Cluster: 19"
[1] "     Cluster: 20"
[1] "     Cluster: 22"
[1] "     Cluster: 27"
[1] "     Cluster: 28"
[1] "     Cluster: 33"
[1] "     Cluster: 34"
[1] "     Cluster: 35"
[1] "     Cluster: 36"
[1] "     Cluster: 37"
[1] "     Cluster: 38"
[1] "     Cluster: 39"
[1] "     Cluster: 40"
[1] "     Cluster: 41"
[1] "     Cluster: 42"
[1] "     Cluster: 43"
[1] "     Cluster: 46"
[1] "     Cluster: 50"
[1] "     Cluster: 51"
[1] "     Cluster: 52"
[1] "     Cluster: 54"
[1] "     Cluster: 56"
[1] "     Cluster: 58"
[1] "     Cluster: 60"
[1] "     Cluster: 64"
[1] "     Cluster: 65"
[1] "     Cluster: 67"
[1] "     Cluster: 68"
[1] "     Cluster: 71"
[1] "     Cluster: 75"
[1] "     Cluster: 78"
[1] "     Cluster: 79"
[1] "     Cluster: 82"
[1] "     Cluster: 84"
[1] "     Cluster: 86"
[1] "     Cluster: 88"
[1] "     Cluster: 93"
[1] "     Cluster: 94"
[1] "     Cluster: 98"
[1] "     Cluster: 99"
[1] "     Cluster: 100"
[1] ""
[1] "IF for proposed nonparametric estimator computed."
`summarise()` has grouped output by 'theta', 'tau'. You can override using the
`.groups` argument.
`summarise()` has grouped output by 'theta'. You can override using the
`.groups` argument.
`summarise()` has grouped output by 'theta', 'tau'. You can override using the
`.groups` argument.
`summarise()` has grouped output by 'theta'. You can override using the
`.groups` argument.
`summarise()` has grouped output by 'theta', 'tau'. You can override using the
`.groups` argument.
`summarise()` has grouped output by 'theta'. You can override using the
`.groups` argument.
`summarise()` has grouped output by 'theta', 'tau'. You can override using the
`.groups` argument.
`summarise()` has grouped output by 'theta'. You can override using the
`.groups` argument.
`summarise()` has grouped output by 'theta', 'tau'. You can override using the
`.groups` argument.
`summarise()` has grouped output by 'theta'. You can override using the
`.groups` argument.
`summarise()` has grouped output by 'theta', 'tau'. You can override using the
`.groups` argument.
`summarise()` has grouped output by 'theta'. You can override using the
`.groups` argument.
`summarise()` has grouped output by 'theta', 'tau'. You can override using the
`.groups` argument.
`summarise()` has grouped output by 'theta'. You can override using the
`.groups` argument.
`summarise()` has grouped output by 'theta', 'tau'. You can override using the
`.groups` argument.
`summarise()` has grouped output by 'theta'. You can override using the
`.groups` argument.
[1] ""
[1] "Total run time was 87.098 seconds"
[1] "Estimation result: "
# A tibble: 360 × 5
   estimand theta   tau   est     se
   <chr>    <dbl> <dbl> <dbl>  <dbl>
 1 mu         0.1   0.1 0.450 0.0935
 2 mu         0.1   0.2 0.573 0.114 
 3 mu         0.1   0.3 0.651 0.126 
 4 mu         0.1   0.4 0.653 0.126 
 5 mu         0.1   0.5 0.684 0.144 
 6 mu         0.2   0.1 0.356 0.0580
 7 mu         0.2   0.2 0.493 0.0690
 8 mu         0.2   0.3 0.549 0.0745
 9 mu         0.2   0.4 0.558 0.0711
10 mu         0.2   0.5 0.583 0.0826
# ℹ 350 more rows
[1] ""
[1] "OR weights"
`summarise()` has grouped output by 'estimand'. You can override using the
`.groups` argument.
# A tibble: 27 × 6
# Groups:   estimand [3]
   estimand theta mean_value median_value min_value max_value
   <fct>    <dbl>      <dbl>        <dbl>     <dbl>     <dbl>
 1 mu         0.1      1.02         0.492   0.00210      9.54
 2 mu         0.2      0.947        0.820   0.0616       3.38
 3 mu         0.3      0.970        0.926   0.297        1.86
 4 mu         0.4      0.996        0.974   0.438        1.57
 5 mu         0.5      1.01         0.998   0.672        1.48
 6 mu         0.6      1.02         1.04    0.585        1.43
 7 mu         0.7      1.02         1.02    0.626        1.54
 8 mu         0.8      1.01         1.00    0.526        1.62
 9 mu         0.9      1.01         0.914   0.259        2.68
10 mu_1       0.1      0.975        0.824   0.00974      5.76
11 mu_1       0.2      0.951        0.928   0.145        2.13
12 mu_1       0.3      0.985        0.964   0.289        1.81
13 mu_1       0.4      1.01         0.998   0.556        1.47
14 mu_1       0.5      1.02         1.01    0.635        1.52
15 mu_1       0.6      1.03         1.04    0.573        1.39
16 mu_1       0.7      1.02         1.01    0.640        1.57
17 mu_1       0.8      1.01         0.969   0.529        1.72
18 mu_1       0.9      1.01         0.914   0.230        2.80
19 mu_0       0.1      1.02         0.450   0.00125      9.96
20 mu_0       0.2      0.947        0.838   0.0409       3.80
21 mu_0       0.3      0.964        0.918   0.223        2.02
22 mu_0       0.4      0.989        0.978   0.360        1.69
23 mu_0       0.5      1.00         0.999   0.569        1.48
24 mu_0       0.6      1.02         1.02    0.603        1.50
25 mu_0       0.7      1.02         1.03    0.589        1.48
26 mu_0       0.8      1.02         1.01    0.498        1.59
27 mu_0       0.9      0.997        1.01    0.0696       1.76
[1] ""
[1] "IPCW weights"
`summarise()` has grouped output by 'estimand'. You can override using the
`.groups` argument.
# A tibble: 27 × 6
# Groups:   estimand [3]
   estimand theta mean_value median_value min_value max_value
   <fct>    <dbl>      <dbl>        <dbl>     <dbl>     <dbl>
 1 mu         0.1      1.41     0.0000662  4.79e-19     78.3 
 2 mu         0.2      1.22     0.00592    5.03e-13     30.5 
 3 mu         0.3      1.21     0.0902     1.67e- 9     12.9 
 4 mu         0.4      1.12     0.387      5.27e- 7      6.29
 5 mu         0.5      1.01     0.751      4.57e- 5      4.11
 6 mu         0.6      1.02     0.883      1.75e- 3      2.48
 7 mu         0.7      1.15     1.16       1.15e- 4      3.22
 8 mu         0.8      1.24     0.883      5.14e- 7      5.20
 9 mu         0.9      1.23     0.117      3.97e-11     13.3 
10 mu_1       0.1      0.812    0.000353   0            20.8 
11 mu_1       0.2      1.04     0.0194     0            14.5 
12 mu_1       0.3      1.14     0.145      0            11.3 
13 mu_1       0.4      1.06     0.488      0             5.49
14 mu_1       0.5      0.987    0.835      0             3.38
15 mu_1       0.6      1.04     0.979      0             2.48
16 mu_1       0.7      1.18     1.22       0             3.23
17 mu_1       0.8      1.25     0.719      0             5.35
18 mu_1       0.9      1.24     0.0844     0            14.8 
19 mu_0       0.1      1.48     0.0000249  0            87.0 
20 mu_0       0.2      1.27     0.00280    0            38.2 
21 mu_0       0.3      1.25     0.0390     0            15.0 
22 mu_0       0.4      1.17     0.198      0             7.72
23 mu_0       0.5      1.04     0.617      0             4.83
24 mu_0       0.6      0.984    0.867      0             2.80
25 mu_0       0.7      1.07     1.02       0             3.22
26 mu_0       0.8      1.17     1.13       0             4.59
27 mu_0       0.9      1.17     0.269      0             8.00
[1] "Total run time was 91.858 seconds"
