
Attaching package: ‘dplyr’

The following objects are masked from ‘package:stats’:

    filter, lag

The following objects are masked from ‘package:base’:

    intersect, setdiff, setequal, union

Loading required package: foreach
Loading required package: iterators
Loading required package: parallel

 randomForestSRC 3.2.2 
 
 Type rfsrc.news() to see new features, changes, and bug fixes. 
 

── Attaching core tidyverse packages ──────────────────────── tidyverse 2.0.0 ──
✔ forcats   1.0.0     ✔ readr     2.1.4
✔ ggplot2   3.3.6     ✔ stringr   1.5.1
✔ lubridate 1.9.3     ✔ tibble    3.2.1
✔ purrr     0.3.5     ✔ tidyr     1.2.1
── Conflicts ────────────────────────────────────────── tidyverse_conflicts() ──
✖ purrr::accumulate() masks foreach::accumulate()
✖ tidyr::extract()    masks dbarts::extract()
✖ dplyr::filter()     masks stats::filter()
✖ dplyr::lag()        masks stats::lag()
✖ purrr::partial()    masks randomForestSRC::partial()
✖ purrr::when()       masks foreach::when()
ℹ Use the [conflicted package](http://conflicted.r-lib.org/) to force all conflicts to become errors
[1] "[Analysis setting]"
[1] "n.cpus: 8"
[1] "method: nonpara"
[1] "taus: 0.1, 0.2, 0.3, 0.4, 0.5"
[1] "thetas: 0.1, 0.2, 0.3, 0.4, 0.5, 0.6, 0.7, 0.8, 0.9"
[1] "r: 20"
[1] "m: 100"
[1] "N_total: 1229"
[1] "cluster size dist'n: "

 5  6  7  8  9 10 11 12 13 14 15 16 17 18 19 20 
 4  8  8  8  5  7  6  3  8  8  6  3 10  9  2  5 
[1] "observed time summary: "
   Min. 1st Qu.  Median    Mean 3rd Qu.    Max. 
0.00000 0.03583 0.33795 0.59543 1.00000 4.00000 
[1] "event indicator table: "

  0   1 
718 511 
[1] "treatment indicator table: "

  0   1 
444 785 
[1] ""
[1] "Estimation start"
[1] "   Split: 1"
Note: Using an external vector in selections is ambiguous.
ℹ Use `all_of(X.T.names)` instead of `X.T.names` to silence this message.
ℹ See <https://tidyselect.r-lib.org/reference/faq-external-vector.html>.
This message is displayed once per session.
Note: Using an external vector in selections is ambiguous.
ℹ Use `all_of(X.C.names)` instead of `X.C.names` to silence this message.
ℹ See <https://tidyselect.r-lib.org/reference/faq-external-vector.html>.
This message is displayed once per session.
Note: Using an external vector in selections is ambiguous.
ℹ Use `all_of(X.A.names)` instead of `X.A.names` to silence this message.
ℹ See <https://tidyselect.r-lib.org/reference/faq-external-vector.html>.
This message is displayed once per session.

Running BART with binary y

number of trees: 25
number of chains: 1, number of threads 1
tree thinning rate: 1
Prior:
	prior on k: chi with 1.250000 degrees of freedom and inf scale
	power and base for tree prior: 2.000000 0.950000
	use quantiles for rule cut points: false
	proposal probabilities: birth/death 0.50, swap 0.10, change 0.40; birth 0.50
data:
	number of training observations: 628
	number of test observations: 0
	number of explanatory variables: 15

Cutoff rules c in x<=c vs x>c
Number of cutoffs: (var: number of possible c):
(1: 100) (2: 100) (3: 100) (4: 100) (5: 100) 
(6: 100) (7: 100) (8: 100) (9: 100) (10: 100) 
(11: 100) (12: 100) (13: 100) (14: 100) (15: 100) 

[1] "     Cluster: 3"
[1] "     Cluster: 5"
[1] "     Cluster: 6"
[1] "     Cluster: 7"
[1] "     Cluster: 8"
[1] "     Cluster: 10"
[1] "     Cluster: 12"
[1] "     Cluster: 13"
[1] "     Cluster: 15"
[1] "     Cluster: 16"
[1] "     Cluster: 18"
[1] "     Cluster: 22"
[1] "     Cluster: 23"
[1] "     Cluster: 26"
[1] "     Cluster: 28"
[1] "     Cluster: 29"
[1] "     Cluster: 30"
[1] "     Cluster: 33"
[1] "     Cluster: 34"
[1] "     Cluster: 36"
[1] "     Cluster: 39"
[1] "     Cluster: 41"
[1] "     Cluster: 42"
[1] "     Cluster: 45"
[1] "     Cluster: 49"
[1] "     Cluster: 50"
[1] "     Cluster: 51"
[1] "     Cluster: 52"
[1] "     Cluster: 53"
[1] "     Cluster: 55"
[1] "     Cluster: 58"
[1] "     Cluster: 61"
[1] "     Cluster: 66"
[1] "     Cluster: 67"
[1] "     Cluster: 68"
[1] "     Cluster: 70"
[1] "     Cluster: 72"
[1] "     Cluster: 75"
[1] "     Cluster: 77"
[1] "     Cluster: 78"
[1] "     Cluster: 79"
[1] "     Cluster: 81"
[1] "     Cluster: 83"
[1] "     Cluster: 85"
[1] "     Cluster: 87"
[1] "     Cluster: 90"
[1] "     Cluster: 94"
[1] "     Cluster: 96"
[1] "     Cluster: 98"
[1] "     Cluster: 99"
[1] "   Split: 2"

Running BART with binary y

number of trees: 25
number of chains: 1, number of threads 1
tree thinning rate: 1
Prior:
	prior on k: chi with 1.250000 degrees of freedom and inf scale
	power and base for tree prior: 2.000000 0.950000
	use quantiles for rule cut points: false
	proposal probabilities: birth/death 0.50, swap 0.10, change 0.40; birth 0.50
data:
	number of training observations: 601
	number of test observations: 0
	number of explanatory variables: 15

Cutoff rules c in x<=c vs x>c
Number of cutoffs: (var: number of possible c):
(1: 100) (2: 100) (3: 100) (4: 100) (5: 100) 
(6: 100) (7: 100) (8: 100) (9: 100) (10: 100) 
(11: 100) (12: 100) (13: 100) (14: 100) (15: 100) 

[1] "     Cluster: 1"
[1] "     Cluster: 2"
[1] "     Cluster: 4"
[1] "     Cluster: 9"
[1] "     Cluster: 11"
[1] "     Cluster: 14"
[1] "     Cluster: 17"
[1] "     Cluster: 19"
[1] "     Cluster: 20"
[1] "     Cluster: 21"
[1] "     Cluster: 24"
[1] "     Cluster: 25"
[1] "     Cluster: 27"
[1] "     Cluster: 31"
[1] "     Cluster: 32"
[1] "     Cluster: 35"
[1] "     Cluster: 37"
[1] "     Cluster: 38"
[1] "     Cluster: 40"
[1] "     Cluster: 43"
[1] "     Cluster: 44"
[1] "     Cluster: 46"
[1] "     Cluster: 47"
[1] "     Cluster: 48"
[1] "     Cluster: 54"
[1] "     Cluster: 56"
[1] "     Cluster: 57"
[1] "     Cluster: 59"
[1] "     Cluster: 60"
[1] "     Cluster: 62"
[1] "     Cluster: 63"
[1] "     Cluster: 64"
[1] "     Cluster: 65"
[1] "     Cluster: 69"
[1] "     Cluster: 71"
[1] "     Cluster: 73"
[1] "     Cluster: 74"
[1] "     Cluster: 76"
[1] "     Cluster: 80"
[1] "     Cluster: 82"
[1] "     Cluster: 84"
[1] "     Cluster: 86"
[1] "     Cluster: 88"
[1] "     Cluster: 89"
[1] "     Cluster: 91"
[1] "     Cluster: 92"
[1] "     Cluster: 93"
[1] "     Cluster: 95"
[1] "     Cluster: 97"
[1] "     Cluster: 100"
[1] ""
[1] "IF for proposed nonparametric estimator computed."
`summarise()` has grouped output by 'theta', 'tau'. You can override using the
`.groups` argument.
`summarise()` has grouped output by 'theta'. You can override using the
`.groups` argument.
`summarise()` has grouped output by 'theta', 'tau'. You can override using the
`.groups` argument.
`summarise()` has grouped output by 'theta'. You can override using the
`.groups` argument.
`summarise()` has grouped output by 'theta', 'tau'. You can override using the
`.groups` argument.
`summarise()` has grouped output by 'theta'. You can override using the
`.groups` argument.
`summarise()` has grouped output by 'theta', 'tau'. You can override using the
`.groups` argument.
`summarise()` has grouped output by 'theta'. You can override using the
`.groups` argument.
`summarise()` has grouped output by 'theta', 'tau'. You can override using the
`.groups` argument.
`summarise()` has grouped output by 'theta'. You can override using the
`.groups` argument.
`summarise()` has grouped output by 'theta', 'tau'. You can override using the
`.groups` argument.
`summarise()` has grouped output by 'theta'. You can override using the
`.groups` argument.
`summarise()` has grouped output by 'theta', 'tau'. You can override using the
`.groups` argument.
`summarise()` has grouped output by 'theta'. You can override using the
`.groups` argument.
`summarise()` has grouped output by 'theta', 'tau'. You can override using the
`.groups` argument.
`summarise()` has grouped output by 'theta'. You can override using the
`.groups` argument.
[1] ""
[1] "Total run time was 145.615 seconds"
[1] "Estimation result: "
# A tibble: 360 × 5
   estimand theta   tau   est     se
   <chr>    <dbl> <dbl> <dbl>  <dbl>
 1 mu         0.1   0.1 0.524 0.204 
 2 mu         0.1   0.2 0.658 0.249 
 3 mu         0.1   0.3 0.699 0.258 
 4 mu         0.1   0.4 0.756 0.283 
 5 mu         0.1   0.5 0.801 0.294 
 6 mu         0.2   0.1 0.352 0.0920
 7 mu         0.2   0.2 0.439 0.101 
 8 mu         0.2   0.3 0.466 0.100 
 9 mu         0.2   0.4 0.517 0.104 
10 mu         0.2   0.5 0.554 0.105 
# ℹ 350 more rows
[1] ""
[1] "OR weights"
`summarise()` has grouped output by 'estimand'. You can override using the
`.groups` argument.
# A tibble: 27 × 6
# Groups:   estimand [3]
   estimand theta mean_value median_value min_value max_value
   <fct>    <dbl>      <dbl>        <dbl>     <dbl>     <dbl>
 1 mu         0.1      1.27         0.299 0.0000940     49.4 
 2 mu         0.2      0.975        0.746 0.0135        15.1 
 3 mu         0.3      0.940        0.937 0.129          4.29
 4 mu         0.4      1.01         1.01  0.369          2.54
 5 mu         0.5      1.03         1.05  0.509          1.79
 6 mu         0.6      1.02         0.996 0.596          1.47
 7 mu         0.7      0.984        0.963 0.573          1.51
 8 mu         0.8      0.947        0.929 0.279          1.88
 9 mu         0.9      0.916        0.837 0.0374         3.66
10 mu_1       0.1      1.13         0.609 0.000423      29.1 
11 mu_1       0.2      0.919        0.928 0.0307         4.55
12 mu_1       0.3      0.971        0.962 0.200          2.41
13 mu_1       0.4      1.02         1.02  0.446          2.17
14 mu_1       0.5      1.03         1.03  0.591          1.65
15 mu_1       0.6      1.00         0.976 0.593          1.47
16 mu_1       0.7      0.970        0.943 0.543          1.51
17 mu_1       0.8      0.939        0.916 0.234          2.08
18 mu_1       0.9      0.916        0.829 0.0292         3.91
19 mu_0       0.1      1.28         0.251 0.0000574     51.7 
20 mu_0       0.2      0.989        0.686 0.00923       17.7 
21 mu_0       0.3      0.927        0.890 0.0992         5.10
22 mu_0       0.4      0.993        0.993 0.296          3.19
23 mu_0       0.5      1.04         1.05  0.427          1.99
24 mu_0       0.6      1.04         1.04  0.567          1.53
25 mu_0       0.7      1.01         0.991 0.563          1.54
26 mu_0       0.8      0.977        0.963 0.460          1.57
27 mu_0       0.9      0.921        0.919 0.111          1.70
[1] ""
[1] "IPCW weights"
`summarise()` has grouped output by 'estimand'. You can override using the
`.groups` argument.
# A tibble: 27 × 6
# Groups:   estimand [3]
   estimand theta mean_value median_value min_value max_value
   <fct>    <dbl>      <dbl>        <dbl>     <dbl>     <dbl>
 1 mu         0.1      4.12     0.000107   6.49e-16    386.  
 2 mu         0.2      2.03     0.0102     8.51e-11    119.  
 3 mu         0.3      1.82     0.0923     8.38e- 8     55.1 
 4 mu         0.4      1.76     0.414      1.12e- 5     56.8 
 5 mu         0.5      1.45     0.912      4.95e- 4     29.1 
 6 mu         0.6      1.19     0.946      1.10e- 2      7.48
 7 mu         0.7      1.09     0.982      4.48e- 3      3.91
 8 mu         0.8      1.10     0.697      5.15e- 5      6.60
 9 mu         0.9      1.49     0.116      1.79e- 8     29.4 
10 mu_1       0.1      0.598    0.000644   0            13.9 
11 mu_1       0.2      1.30     0.0291     0            37.1 
12 mu_1       0.3      1.78     0.187      0            64.8 
13 mu_1       0.4      1.68     0.643      0            50.1 
14 mu_1       0.5      1.35     0.917      0            20.6 
15 mu_1       0.6      1.14     0.948      0             4.40
16 mu_1       0.7      1.06     0.986      0             4.03
17 mu_1       0.8      1.11     0.572      0             7.66
18 mu_1       0.9      1.53     0.0771     0            32.7 
19 mu_0       0.1      4.51     0.0000394  0           429.  
20 mu_0       0.2      2.22     0.00403    0           149.  
21 mu_0       0.3      1.85     0.0461     0            50.9 
22 mu_0       0.4      1.81     0.258      0            61.2 
23 mu_0       0.5      1.55     0.707      0            37.7 
24 mu_0       0.6      1.28     0.926      0            12.1 
25 mu_0       0.7      1.15     0.923      0             4.90
26 mu_0       0.8      1.07     0.844      0             4.05
27 mu_0       0.9      1.07     0.296      0            10.9 
[1] "Total run time was 150.887 seconds"
