
Attaching package: ‘dplyr’

The following objects are masked from ‘package:stats’:

    filter, lag

The following objects are masked from ‘package:base’:

    intersect, setdiff, setequal, union

Loading required package: foreach
Loading required package: iterators
Loading required package: parallel

 randomForestSRC 3.2.2 
 
 Type rfsrc.news() to see new features, changes, and bug fixes. 
 

── Attaching core tidyverse packages ──────────────────────── tidyverse 2.0.0 ──
✔ forcats   1.0.0     ✔ readr     2.1.4
✔ ggplot2   3.3.6     ✔ stringr   1.5.1
✔ lubridate 1.9.3     ✔ tibble    3.2.1
✔ purrr     0.3.5     ✔ tidyr     1.2.1
── Conflicts ────────────────────────────────────────── tidyverse_conflicts() ──
✖ purrr::accumulate() masks foreach::accumulate()
✖ tidyr::extract()    masks dbarts::extract()
✖ dplyr::filter()     masks stats::filter()
✖ dplyr::lag()        masks stats::lag()
✖ purrr::partial()    masks randomForestSRC::partial()
✖ purrr::when()       masks foreach::when()
ℹ Use the [conflicted package](http://conflicted.r-lib.org/) to force all conflicts to become errors
[1] "[Analysis setting]"
[1] "n.cpus: 8"
[1] "method: nonpara"
[1] "taus: 0.1, 0.2, 0.3, 0.4, 0.5"
[1] "thetas: 0.1, 0.2, 0.3, 0.4, 0.5, 0.6, 0.7, 0.8, 0.9"
[1] "r: 20"
[1] "m: 100"
[1] "N_total: 1246"
[1] "cluster size dist'n: "

 5  6  7  8  9 10 11 12 13 14 15 16 17 18 19 20 
 8  5  6  6  6  9  4  5  5  9  6  6  5  9  6  5 
[1] "observed time summary: "
   Min. 1st Qu.  Median    Mean 3rd Qu.    Max. 
0.00000 0.02624 0.36640 0.62657 1.00000 5.00000 
[1] "event indicator table: "

  0   1 
747 499 
[1] "treatment indicator table: "

  0   1 
454 792 
[1] ""
[1] "Estimation start"
[1] "   Split: 1"
Note: Using an external vector in selections is ambiguous.
ℹ Use `all_of(X.T.names)` instead of `X.T.names` to silence this message.
ℹ See <https://tidyselect.r-lib.org/reference/faq-external-vector.html>.
This message is displayed once per session.
Note: Using an external vector in selections is ambiguous.
ℹ Use `all_of(X.C.names)` instead of `X.C.names` to silence this message.
ℹ See <https://tidyselect.r-lib.org/reference/faq-external-vector.html>.
This message is displayed once per session.
Note: Using an external vector in selections is ambiguous.
ℹ Use `all_of(X.A.names)` instead of `X.A.names` to silence this message.
ℹ See <https://tidyselect.r-lib.org/reference/faq-external-vector.html>.
This message is displayed once per session.

Running BART with binary y

number of trees: 25
number of chains: 1, number of threads 1
tree thinning rate: 1
Prior:
	prior on k: chi with 1.250000 degrees of freedom and inf scale
	power and base for tree prior: 2.000000 0.950000
	use quantiles for rule cut points: false
	proposal probabilities: birth/death 0.50, swap 0.10, change 0.40; birth 0.50
data:
	number of training observations: 659
	number of test observations: 0
	number of explanatory variables: 15

Cutoff rules c in x<=c vs x>c
Number of cutoffs: (var: number of possible c):
(1: 100) (2: 100) (3: 100) (4: 100) (5: 100) 
(6: 100) (7: 100) (8: 100) (9: 100) (10: 100) 
(11: 100) (12: 100) (13: 100) (14: 100) (15: 100) 

[1] "     Cluster: 2"
[1] "     Cluster: 4"
[1] "     Cluster: 5"
[1] "     Cluster: 7"
[1] "     Cluster: 9"
[1] "     Cluster: 11"
[1] "     Cluster: 15"
[1] "     Cluster: 16"
[1] "     Cluster: 17"
[1] "     Cluster: 18"
[1] "     Cluster: 19"
[1] "     Cluster: 21"
[1] "     Cluster: 24"
[1] "     Cluster: 28"
[1] "     Cluster: 31"
[1] "     Cluster: 35"
[1] "     Cluster: 36"
[1] "     Cluster: 37"
[1] "     Cluster: 39"
[1] "     Cluster: 42"
[1] "     Cluster: 43"
[1] "     Cluster: 46"
[1] "     Cluster: 49"
[1] "     Cluster: 52"
[1] "     Cluster: 54"
[1] "     Cluster: 60"
[1] "     Cluster: 61"
[1] "     Cluster: 62"
[1] "     Cluster: 64"
[1] "     Cluster: 65"
[1] "     Cluster: 66"
[1] "     Cluster: 67"
[1] "     Cluster: 70"
[1] "     Cluster: 72"
[1] "     Cluster: 73"
[1] "     Cluster: 76"
[1] "     Cluster: 78"
[1] "     Cluster: 79"
[1] "     Cluster: 83"
[1] "     Cluster: 84"
[1] "     Cluster: 85"
[1] "     Cluster: 89"
[1] "     Cluster: 91"
[1] "     Cluster: 92"
[1] "     Cluster: 93"
[1] "     Cluster: 96"
[1] "     Cluster: 97"
[1] "     Cluster: 98"
[1] "     Cluster: 99"
[1] "     Cluster: 100"
[1] "   Split: 2"

Running BART with binary y

number of trees: 25
number of chains: 1, number of threads 1
tree thinning rate: 1
Prior:
	prior on k: chi with 1.250000 degrees of freedom and inf scale
	power and base for tree prior: 2.000000 0.950000
	use quantiles for rule cut points: false
	proposal probabilities: birth/death 0.50, swap 0.10, change 0.40; birth 0.50
data:
	number of training observations: 587
	number of test observations: 0
	number of explanatory variables: 15

Cutoff rules c in x<=c vs x>c
Number of cutoffs: (var: number of possible c):
(1: 100) (2: 100) (3: 100) (4: 100) (5: 100) 
(6: 100) (7: 100) (8: 100) (9: 100) (10: 100) 
(11: 100) (12: 100) (13: 100) (14: 100) (15: 100) 

[1] "     Cluster: 1"
[1] "     Cluster: 3"
[1] "     Cluster: 6"
[1] "     Cluster: 8"
[1] "     Cluster: 10"
[1] "     Cluster: 12"
[1] "     Cluster: 13"
[1] "     Cluster: 14"
[1] "     Cluster: 20"
[1] "     Cluster: 22"
[1] "     Cluster: 23"
[1] "     Cluster: 25"
[1] "     Cluster: 26"
[1] "     Cluster: 27"
[1] "     Cluster: 29"
[1] "     Cluster: 30"
[1] "     Cluster: 32"
[1] "     Cluster: 33"
[1] "     Cluster: 34"
[1] "     Cluster: 38"
[1] "     Cluster: 40"
[1] "     Cluster: 41"
[1] "     Cluster: 44"
[1] "     Cluster: 45"
[1] "     Cluster: 47"
[1] "     Cluster: 48"
[1] "     Cluster: 50"
[1] "     Cluster: 51"
[1] "     Cluster: 53"
[1] "     Cluster: 55"
[1] "     Cluster: 56"
[1] "     Cluster: 57"
[1] "     Cluster: 58"
[1] "     Cluster: 59"
[1] "     Cluster: 63"
[1] "     Cluster: 68"
[1] "     Cluster: 69"
[1] "     Cluster: 71"
[1] "     Cluster: 74"
[1] "     Cluster: 75"
[1] "     Cluster: 77"
[1] "     Cluster: 80"
[1] "     Cluster: 81"
[1] "     Cluster: 82"
[1] "     Cluster: 86"
[1] "     Cluster: 87"
[1] "     Cluster: 88"
[1] "     Cluster: 90"
[1] "     Cluster: 94"
[1] "     Cluster: 95"
[1] ""
[1] "IF for proposed nonparametric estimator computed."
`summarise()` has grouped output by 'theta', 'tau'. You can override using the
`.groups` argument.
`summarise()` has grouped output by 'theta'. You can override using the
`.groups` argument.
`summarise()` has grouped output by 'theta', 'tau'. You can override using the
`.groups` argument.
`summarise()` has grouped output by 'theta'. You can override using the
`.groups` argument.
`summarise()` has grouped output by 'theta', 'tau'. You can override using the
`.groups` argument.
`summarise()` has grouped output by 'theta'. You can override using the
`.groups` argument.
`summarise()` has grouped output by 'theta', 'tau'. You can override using the
`.groups` argument.
`summarise()` has grouped output by 'theta'. You can override using the
`.groups` argument.
`summarise()` has grouped output by 'theta', 'tau'. You can override using the
`.groups` argument.
`summarise()` has grouped output by 'theta'. You can override using the
`.groups` argument.
`summarise()` has grouped output by 'theta', 'tau'. You can override using the
`.groups` argument.
`summarise()` has grouped output by 'theta'. You can override using the
`.groups` argument.
`summarise()` has grouped output by 'theta', 'tau'. You can override using the
`.groups` argument.
`summarise()` has grouped output by 'theta'. You can override using the
`.groups` argument.
`summarise()` has grouped output by 'theta', 'tau'. You can override using the
`.groups` argument.
`summarise()` has grouped output by 'theta'. You can override using the
`.groups` argument.
[1] ""
[1] "Total run time was 50.521 seconds"
[1] "Estimation result: "
# A tibble: 360 × 5
   estimand theta   tau   est     se
   <chr>    <dbl> <dbl> <dbl>  <dbl>
 1 mu         0.1   0.1 0.181 0.0632
 2 mu         0.1   0.2 0.169 0.0726
 3 mu         0.1   0.3 0.207 0.0546
 4 mu         0.1   0.4 0.242 0.0685
 5 mu         0.1   0.5 0.284 0.0593
 6 mu         0.2   0.1 0.247 0.0556
 7 mu         0.2   0.2 0.254 0.0650
 8 mu         0.2   0.3 0.307 0.0483
 9 mu         0.2   0.4 0.356 0.0678
10 mu         0.2   0.5 0.397 0.0611
# ℹ 350 more rows
[1] ""
[1] "OR weights"
`summarise()` has grouped output by 'estimand'. You can override using the
`.groups` argument.
# A tibble: 27 × 6
# Groups:   estimand [3]
   estimand theta mean_value median_value  min_value max_value
   <fct>    <dbl>      <dbl>        <dbl>      <dbl>     <dbl>
 1 mu         0.1      0.407       0.0990 0.00000408      3.77
 2 mu         0.2      0.693       0.465  0.00150         4.33
 3 mu         0.3      0.885       0.778  0.0283          3.50
 4 mu         0.4      0.983       0.944  0.152           3.34
 5 mu         0.5      1.01        0.984  0.404           2.03
 6 mu         0.6      1.01        1.01   0.710           1.27
 7 mu         0.7      1.03        1.02   0.662           1.62
 8 mu         0.8      1.03        1.01   0.427           2.50
 9 mu         0.9      0.918       0.853  0.0870          3.38
10 mu_1       0.1      0.687       0.307  0.0000215       5.42
11 mu_1       0.2      0.843       0.772  0.00397         4.04
12 mu_1       0.3      0.952       0.905  0.0509          3.87
13 mu_1       0.4      1.00        0.972  0.212           3.00
14 mu_1       0.5      1.01        0.976  0.483           1.74
15 mu_1       0.6      1.01        1.01   0.710           1.34
16 mu_1       0.7      1.03        1.01   0.555           1.68
17 mu_1       0.8      1.03        0.988  0.377           2.66
18 mu_1       0.9      0.904       0.843  0.0719          3.33
19 mu_0       0.1      0.375       0.0714 0.00000215      4.07
20 mu_0       0.2      0.656       0.364  0.000878        4.40
21 mu_0       0.3      0.857       0.729  0.0186          3.51
22 mu_0       0.4      0.971       0.882  0.111           3.56
23 mu_0       0.5      1.00        0.953  0.326           2.33
24 mu_0       0.6      1.01        0.992  0.617           1.55
25 mu_0       0.7      1.02        1.01   0.751           1.47
26 mu_0       0.8      1.05        1.02   0.589           1.89
27 mu_0       0.9      1.04        1.00   0.223           3.85
[1] ""
[1] "IPCW weights"
`summarise()` has grouped output by 'estimand'. You can override using the
`.groups` argument.
# A tibble: 27 × 6
# Groups:   estimand [3]
   estimand theta mean_value median_value min_value max_value
   <fct>    <dbl>      <dbl>        <dbl>     <dbl>     <dbl>
 1 mu         0.1       2.11   0.0000494   1.29e-12     71.3 
 2 mu         0.2       3.78   0.00414     3.17e- 8    136.  
 3 mu         0.3       3.31   0.0591      9.25e- 6     92.1 
 4 mu         0.4       2.00   0.267       5.19e- 4     34.4 
 5 mu         0.5       1.27   0.686       1.18e- 2      7.52
 6 mu         0.6       1.09   1.06        5.49e- 2      3.86
 7 mu         0.7       1.15   1.07        3.69e- 3      5.32
 8 mu         0.8       1.30   0.650       6.36e- 5      8.50
 9 mu         0.9       1.64   0.0799      1.97e- 8     44.2 
10 mu_1       0.1       2.96   0.000264    0           139.  
11 mu_1       0.2       3.85   0.0137      0           136.  
12 mu_1       0.3       2.60   0.0990      0            61.4 
13 mu_1       0.4       1.50   0.422       0            17.6 
14 mu_1       0.5       1.10   0.957       0             5.13
15 mu_1       0.6       1.08   1.04        0             3.21
16 mu_1       0.7       1.18   1.09        0             5.92
17 mu_1       0.8       1.34   0.513       0            10.6 
18 mu_1       0.9       1.70   0.0572      0            49.1 
19 mu_0       0.1       2.02   0.00000735  0            79.2 
20 mu_0       0.2       3.76   0.00170     0           136.  
21 mu_0       0.3       3.61   0.0239      0           105.  
22 mu_0       0.4       2.33   0.148       0            45.8 
23 mu_0       0.5       1.43   0.507       0            12.0 
24 mu_0       0.6       1.11   0.953       0             4.82
25 mu_0       0.7       1.07   1.06        0             3.94
26 mu_0       0.8       1.11   0.979       0             7.58
27 mu_0       0.9       1.07   0.188       0             8.30
[1] "Total run time was 53.419 seconds"
