
Attaching package: ‘dplyr’

The following objects are masked from ‘package:stats’:

    filter, lag

The following objects are masked from ‘package:base’:

    intersect, setdiff, setequal, union

Loading required package: foreach
Loading required package: iterators
Loading required package: parallel

 randomForestSRC 3.2.2 
 
 Type rfsrc.news() to see new features, changes, and bug fixes. 
 

── Attaching core tidyverse packages ──────────────────────── tidyverse 2.0.0 ──
✔ forcats   1.0.0     ✔ readr     2.1.4
✔ ggplot2   3.3.6     ✔ stringr   1.5.1
✔ lubridate 1.9.3     ✔ tibble    3.2.1
✔ purrr     0.3.5     ✔ tidyr     1.2.1
── Conflicts ────────────────────────────────────────── tidyverse_conflicts() ──
✖ purrr::accumulate() masks foreach::accumulate()
✖ tidyr::extract()    masks dbarts::extract()
✖ dplyr::filter()     masks stats::filter()
✖ dplyr::lag()        masks stats::lag()
✖ purrr::partial()    masks randomForestSRC::partial()
✖ purrr::when()       masks foreach::when()
ℹ Use the [conflicted package](http://conflicted.r-lib.org/) to force all conflicts to become errors
[1] "[Analysis setting]"
[1] "n.cpus: 8"
[1] "method: nonpara"
[1] "taus: 0.1, 0.2, 0.3, 0.4, 0.5"
[1] "thetas: 0.1, 0.2, 0.3, 0.4, 0.5, 0.6, 0.7, 0.8, 0.9"
[1] "r: 20"
[1] "m: 100"
[1] "N_total: 1269"
[1] "cluster size dist'n: "

 5  6  7  8  9 10 11 12 13 14 15 16 17 18 19 20 
 4  5 10  5  6  4  6  6  5  8 14  7  3  3  7  7 
[1] "observed time summary: "
   Min. 1st Qu.  Median    Mean 3rd Qu.    Max. 
 0.0000  0.0545  0.3478  0.5841  0.9803  6.0000 
[1] "event indicator table: "

  0   1 
736 533 
[1] "treatment indicator table: "

  0   1 
439 830 
[1] ""
[1] "Estimation start"
[1] "   Split: 1"
Note: Using an external vector in selections is ambiguous.
ℹ Use `all_of(X.T.names)` instead of `X.T.names` to silence this message.
ℹ See <https://tidyselect.r-lib.org/reference/faq-external-vector.html>.
This message is displayed once per session.
Note: Using an external vector in selections is ambiguous.
ℹ Use `all_of(X.C.names)` instead of `X.C.names` to silence this message.
ℹ See <https://tidyselect.r-lib.org/reference/faq-external-vector.html>.
This message is displayed once per session.
Note: Using an external vector in selections is ambiguous.
ℹ Use `all_of(X.A.names)` instead of `X.A.names` to silence this message.
ℹ See <https://tidyselect.r-lib.org/reference/faq-external-vector.html>.
This message is displayed once per session.

Running BART with binary y

number of trees: 25
number of chains: 1, number of threads 1
tree thinning rate: 1
Prior:
	prior on k: chi with 1.250000 degrees of freedom and inf scale
	power and base for tree prior: 2.000000 0.950000
	use quantiles for rule cut points: false
	proposal probabilities: birth/death 0.50, swap 0.10, change 0.40; birth 0.50
data:
	number of training observations: 617
	number of test observations: 0
	number of explanatory variables: 15

Cutoff rules c in x<=c vs x>c
Number of cutoffs: (var: number of possible c):
(1: 100) (2: 100) (3: 100) (4: 100) (5: 100) 
(6: 100) (7: 100) (8: 100) (9: 100) (10: 100) 
(11: 100) (12: 100) (13: 100) (14: 100) (15: 100) 

[1] "     Cluster: 2"
[1] "     Cluster: 3"
[1] "     Cluster: 4"
[1] "     Cluster: 5"
[1] "     Cluster: 6"
[1] "     Cluster: 7"
[1] "     Cluster: 8"
[1] "     Cluster: 10"
[1] "     Cluster: 11"
[1] "     Cluster: 13"
[1] "     Cluster: 14"
[1] "     Cluster: 15"
[1] "     Cluster: 16"
[1] "     Cluster: 17"
[1] "     Cluster: 18"
[1] "     Cluster: 20"
[1] "     Cluster: 29"
[1] "     Cluster: 30"
[1] "     Cluster: 33"
[1] "     Cluster: 34"
[1] "     Cluster: 36"
[1] "     Cluster: 37"
[1] "     Cluster: 39"
[1] "     Cluster: 41"
[1] "     Cluster: 50"
[1] "     Cluster: 54"
[1] "     Cluster: 56"
[1] "     Cluster: 61"
[1] "     Cluster: 62"
[1] "     Cluster: 63"
[1] "     Cluster: 65"
[1] "     Cluster: 67"
[1] "     Cluster: 68"
[1] "     Cluster: 69"
[1] "     Cluster: 71"
[1] "     Cluster: 72"
[1] "     Cluster: 74"
[1] "     Cluster: 75"
[1] "     Cluster: 77"
[1] "     Cluster: 78"
[1] "     Cluster: 80"
[1] "     Cluster: 83"
[1] "     Cluster: 85"
[1] "     Cluster: 87"
[1] "     Cluster: 89"
[1] "     Cluster: 94"
[1] "     Cluster: 95"
[1] "     Cluster: 96"
[1] "     Cluster: 99"
[1] "     Cluster: 100"
[1] "   Split: 2"

Running BART with binary y

number of trees: 25
number of chains: 1, number of threads 1
tree thinning rate: 1
Prior:
	prior on k: chi with 1.250000 degrees of freedom and inf scale
	power and base for tree prior: 2.000000 0.950000
	use quantiles for rule cut points: false
	proposal probabilities: birth/death 0.50, swap 0.10, change 0.40; birth 0.50
data:
	number of training observations: 652
	number of test observations: 0
	number of explanatory variables: 15

Cutoff rules c in x<=c vs x>c
Number of cutoffs: (var: number of possible c):
(1: 100) (2: 100) (3: 100) (4: 100) (5: 100) 
(6: 100) (7: 100) (8: 100) (9: 100) (10: 100) 
(11: 100) (12: 100) (13: 100) (14: 100) (15: 100) 

[1] "     Cluster: 1"
[1] "     Cluster: 9"
[1] "     Cluster: 12"
[1] "     Cluster: 19"
[1] "     Cluster: 21"
[1] "     Cluster: 22"
[1] "     Cluster: 23"
[1] "     Cluster: 24"
[1] "     Cluster: 25"
[1] "     Cluster: 26"
[1] "     Cluster: 27"
[1] "     Cluster: 28"
[1] "     Cluster: 31"
[1] "     Cluster: 32"
[1] "     Cluster: 35"
[1] "     Cluster: 38"
[1] "     Cluster: 40"
[1] "     Cluster: 42"
[1] "     Cluster: 43"
[1] "     Cluster: 44"
[1] "     Cluster: 45"
[1] "     Cluster: 46"
[1] "     Cluster: 47"
[1] "     Cluster: 48"
[1] "     Cluster: 49"
[1] "     Cluster: 51"
[1] "     Cluster: 52"
[1] "     Cluster: 53"
[1] "     Cluster: 55"
[1] "     Cluster: 57"
[1] "     Cluster: 58"
[1] "     Cluster: 59"
[1] "     Cluster: 60"
[1] "     Cluster: 64"
[1] "     Cluster: 66"
[1] "     Cluster: 70"
[1] "     Cluster: 73"
[1] "     Cluster: 76"
[1] "     Cluster: 79"
[1] "     Cluster: 81"
[1] "     Cluster: 82"
[1] "     Cluster: 84"
[1] "     Cluster: 86"
[1] "     Cluster: 88"
[1] "     Cluster: 90"
[1] "     Cluster: 91"
[1] "     Cluster: 92"
[1] "     Cluster: 93"
[1] "     Cluster: 97"
[1] "     Cluster: 98"
[1] ""
[1] "IF for proposed nonparametric estimator computed."
`summarise()` has grouped output by 'theta', 'tau'. You can override using the
`.groups` argument.
`summarise()` has grouped output by 'theta'. You can override using the
`.groups` argument.
`summarise()` has grouped output by 'theta', 'tau'. You can override using the
`.groups` argument.
`summarise()` has grouped output by 'theta'. You can override using the
`.groups` argument.
`summarise()` has grouped output by 'theta', 'tau'. You can override using the
`.groups` argument.
`summarise()` has grouped output by 'theta'. You can override using the
`.groups` argument.
`summarise()` has grouped output by 'theta', 'tau'. You can override using the
`.groups` argument.
`summarise()` has grouped output by 'theta'. You can override using the
`.groups` argument.
`summarise()` has grouped output by 'theta', 'tau'. You can override using the
`.groups` argument.
`summarise()` has grouped output by 'theta'. You can override using the
`.groups` argument.
`summarise()` has grouped output by 'theta', 'tau'. You can override using the
`.groups` argument.
`summarise()` has grouped output by 'theta'. You can override using the
`.groups` argument.
`summarise()` has grouped output by 'theta', 'tau'. You can override using the
`.groups` argument.
`summarise()` has grouped output by 'theta'. You can override using the
`.groups` argument.
`summarise()` has grouped output by 'theta', 'tau'. You can override using the
`.groups` argument.
`summarise()` has grouped output by 'theta'. You can override using the
`.groups` argument.
[1] ""
[1] "Total run time was 55.893 seconds"
[1] "Estimation result: "
# A tibble: 360 × 5
   estimand theta   tau   est     se
   <chr>    <dbl> <dbl> <dbl>  <dbl>
 1 mu         0.1   0.1 0.186 0.0616
 2 mu         0.1   0.2 0.307 0.0696
 3 mu         0.1   0.3 0.328 0.0660
 4 mu         0.1   0.4 0.439 0.0679
 5 mu         0.1   0.5 0.547 0.0886
 6 mu         0.2   0.1 0.214 0.0476
 7 mu         0.2   0.2 0.332 0.0485
 8 mu         0.2   0.3 0.354 0.0519
 9 mu         0.2   0.4 0.468 0.0480
10 mu         0.2   0.5 0.538 0.0577
# ℹ 350 more rows
[1] ""
[1] "OR weights"
`summarise()` has grouped output by 'estimand'. You can override using the
`.groups` argument.
# A tibble: 27 × 6
# Groups:   estimand [3]
   estimand theta mean_value median_value  min_value max_value
   <fct>    <dbl>      <dbl>        <dbl>      <dbl>     <dbl>
 1 mu         0.1      0.775        0.366 0.00000474      5.82
 2 mu         0.2      0.879        0.806 0.00203         3.37
 3 mu         0.3      0.967        0.920 0.0444          2.73
 4 mu         0.4      0.997        0.970 0.263           2.12
 5 mu         0.5      1.00         0.980 0.635           1.60
 6 mu         0.6      1.00         0.996 0.656           1.75
 7 mu         0.7      0.999        1.01  0.724           1.39
 8 mu         0.8      0.994        0.988 0.508           1.64
 9 mu         0.9      0.991        0.935 0.212           3.38
10 mu_1       0.1      0.887        0.746 0.0000243       4.16
11 mu_1       0.2      0.960        0.865 0.00535         3.34
12 mu_1       0.3      0.999        0.965 0.0802          2.49
13 mu_1       0.4      1.00         0.986 0.368           1.92
14 mu_1       0.5      1.00         0.963 0.657           1.68
15 mu_1       0.6      1.00         1.00  0.669           1.72
16 mu_1       0.7      0.998        1.02  0.695           1.42
17 mu_1       0.8      0.992        0.987 0.464           1.73
18 mu_1       0.9      0.988        0.919 0.181           3.56
19 mu_0       0.1      0.763        0.311 0.00000257      6.13
20 mu_0       0.2      0.858        0.749 0.00120         3.42
21 mu_0       0.3      0.953        0.963 0.0291          2.91
22 mu_0       0.4      0.994        0.944 0.193           2.26
23 mu_0       0.5      1.00         0.985 0.555           1.79
24 mu_0       0.6      1.00         0.972 0.636           1.80
25 mu_0       0.7      1.00         0.986 0.675           1.55
26 mu_0       0.8      1.00         1.01  0.591           1.47
27 mu_0       0.9      1.02         0.969 0.324           2.14
[1] ""
[1] "IPCW weights"
`summarise()` has grouped output by 'estimand'. You can override using the
`.groups` argument.
# A tibble: 27 × 6
# Groups:   estimand [3]
   estimand theta mean_value median_value min_value max_value
   <fct>    <dbl>      <dbl>        <dbl>     <dbl>     <dbl>
 1 mu         0.1      1.02     0.0000778  2.01e-17     36.1 
 2 mu         0.2      1.73     0.00647    1.06e-11     70.2 
 3 mu         0.3      1.70     0.0578     2.34e- 8     47.7 
 4 mu         0.4      1.42     0.251      5.53e- 6     17.8 
 5 mu         0.5      1.18     0.806      3.28e- 4      4.48
 6 mu         0.6      1.06     1.07       6.07e- 3      3.43
 7 mu         0.7      1.05     1.05       1.19e- 2      2.87
 8 mu         0.8      1.15     0.845      2.35e- 4      4.45
 9 mu         0.9      1.48     0.152      9.31e- 8     27.2 
10 mu_1       0.1      1.94     0.000546   2.01e-16     72.1 
11 mu_1       0.2      1.89     0.0237     5.28e-11     70.2 
12 mu_1       0.3      1.50     0.138      7.80e- 8     31.8 
13 mu_1       0.4      1.21     0.470      1.38e- 5      8.89
14 mu_1       0.5      1.07     0.978      6.57e- 4      3.78
15 mu_1       0.6      1.04     1.07       1.01e- 2      3.14
16 mu_1       0.7      1.07     1.10       4.53e- 3      3.02
17 mu_1       0.8      1.17     0.745      6.69e- 5      4.97
18 mu_1       0.9      1.52     0.117      2.07e- 8     30.2 
19 mu_0       0.1      0.920    0.0000192  0            32.0 
20 mu_0       0.2      1.69     0.00172    0            70.2 
21 mu_0       0.3      1.79     0.0217     0            54.5 
22 mu_0       0.4      1.55     0.116      0            23.7 
23 mu_0       0.5      1.29     0.483      0             6.73
24 mu_0       0.6      1.10     0.938      0             3.86
25 mu_0       0.7      1.02     0.998      0             2.61
26 mu_0       0.8      1.05     1.12       0             3.31
27 mu_0       0.9      1.16     0.272      0             8.66
[1] "Total run time was 59.042 seconds"
