##############################################################
### Job started at Thu Jun  5 15:29:07 EDT 2025 with p=TypeB, m=200, r=500, s=1 ###
##############################################################

Attaching package: ‘dplyr’

The following objects are masked from ‘package:stats’:

    filter, lag

The following objects are masked from ‘package:base’:

    intersect, setdiff, setequal, union

Loading required package: foreach
Loading required package: iterators
Loading required package: parallel

 randomForestSRC 3.2.2 
 
 Type rfsrc.news() to see new features, changes, and bug fixes. 
 

[conflicted] Will prefer dplyr::select over any other package.
[conflicted] Will prefer dplyr::filter over any other package.
[conflicted] Will prefer reshape2::melt over any other package.
── Attaching core tidyverse packages ──────────────────────── tidyverse 2.0.0 ──
✔ forcats   1.0.0     ✔ readr     2.1.4
✔ ggplot2   3.5.2     ✔ stringr   1.5.1
✔ lubridate 1.9.3     ✔ tibble    3.2.1
✔ purrr     0.3.5     ✔ tidyr     1.2.1
# A tibble: 42 × 4
   theta   tau estimand   truth
   <dbl> <dbl> <chr>      <dbl>
 1  0.3    0.2 de       -0.283 
 2  0.3    0.2 mu        0.442 
 3  0.3    0.2 mu_0      0.526 
 4  0.3    0.2 mu_1      0.244 
 5  0.3    0.2 oe        0.0722
 6  0.3    0.2 se_0      0.0358
 7  0.3    0.2 se_1      0.0225
 8  0.45   0.2 de       -0.270 
 9  0.45   0.2 mu        0.369 
10  0.45   0.2 mu_0      0.491 
11  0.45   0.2 mu_1      0.221 
12  0.45   0.2 oe        0     
13  0.45   0.2 se_0      0     
14  0.45   0.2 se_1      0     
15  0.6    0.2 de       -0.265 
16  0.6    0.2 mu        0.313 
17  0.6    0.2 mu_0      0.472 
18  0.6    0.2 mu_1      0.207 
19  0.6    0.2 oe       -0.0568
20  0.6    0.2 se_0     -0.0191
21  0.6    0.2 se_1     -0.0145
22  0.3    0.4 de       -0.267 
23  0.3    0.4 mu        0.543 
24  0.3    0.4 mu_0      0.623 
25  0.3    0.4 mu_1      0.355 
26  0.3    0.4 oe        0.0714
27  0.3    0.4 se_0      0.0354
28  0.3    0.4 se_1      0.0261
29  0.45   0.4 de       -0.258 
30  0.45   0.4 mu        0.471 
31  0.45   0.4 mu_0      0.588 
32  0.45   0.4 mu_1      0.329 
33  0.45   0.4 oe        0     
34  0.45   0.4 se_0      0     
35  0.45   0.4 se_1      0     
36  0.6    0.4 de       -0.256 
37  0.6    0.4 mu        0.415 
38  0.6    0.4 mu_0      0.569 
39  0.6    0.4 mu_1      0.313 
40  0.6    0.4 oe       -0.0560
41  0.6    0.4 se_0     -0.0185
42  0.6    0.4 se_1     -0.0165
Loading required package: Matrix

Attaching package: ‘Matrix’

The following objects are masked from ‘package:tidyr’:

    expand, pack, unpack


==========================================================================
===========================   Analysis setting  ==========================
==========================================================================

- taus: 0.1, 0.2, 0.3, 0.4, 0.5 

- policy: TypeB 

- thetas: 0.3, 0.31, 0.32, 0.33, 0.34, 0.35, 0.36, 0.37, 0.38, 0.39, 0.4, 0.41, 0.42, 0.43, 0.44, 0.45, 0.46, 0.47, 0.48, 0.49, 0.5, 0.51, 0.52, 0.53, 0.54, 0.55, 0.56, 0.57, 0.58, 0.59, 0.6 

- r: 500 

- K: 2 

- Nuisance estimation method: T nonpara / C nonpara / A nonpara 

- m: 200 

- N_total: 2553 

- cluster size dist'n: 
 5  6  7  8  9 10 11 12 13 14 15 16 17 18 19 20 
10 12  8  9 17 11 19 14  9 15 13 11 14 11 11 16 

 - observed time summary: 
    Min.  1st Qu.   Median     Mean  3rd Qu.     Max. 
 0.00000  0.02712  0.20737  0.62350  0.77804 13.62385 

 - event indicator table: 
   0    1 
1012 1541 

 - event time summary: 
   Min. 1st Qu.  Median    Mean 3rd Qu.    Max. 
 0.0000  0.0156  0.1756  0.5877  0.7241 11.9022 

 - censoring time summary: 
    Min.  1st Qu.   Median     Mean  3rd Qu.     Max. 
 0.00000  0.04607  0.26234  0.67793  0.84973 13.62385 

 - treatment indicator table: 
   0    1 
1315 1238 

==========================================================================
===========================   Estimation start  ==========================
==========================================================================

--- Split:1 ---

Running BART with binary y

number of trees: 25
number of chains: 1, number of threads 1
tree thinning rate: 1
Prior:
	prior on k: chi with 1.250000 degrees of freedom and inf scale
	power and base for tree prior: 2.000000 0.950000
	use quantiles for rule cut points: false
	proposal probabilities: birth/death 0.50, swap 0.10, change 0.40; birth 0.50
data:
	number of training observations: 1251
	number of test observations: 0
	number of explanatory variables: 15

Cutoff rules c in x<=c vs x>c
Number of cutoffs: (var: number of possible c):
(1: 100) (2: 100) (3: 100) (4: 100) (5: 100) 
(6: 100) (7: 100) (8: 100) (9: 100) (10: 100) 
(11: 100) (12: 100) (13: 100) (14: 100) (15: 100) 


   [*---------] 10% | ET: 43.3s 
   [**--------] 20% | ET: 90.6s 
   [***-------] 30% | ET: 142.5s 
   [****------] 40% | ET: 187s 
   [*****-----] 50% | ET: 224.7s 
   [******----] 60% | ET: 278.4s 
   [*******---] 70% | ET: 317.3s 
   [********--] 80% | ET: 364.6s 
   [*********-] 90% | ET: 411.9s 
   [**********] 100% | ET: 451.7s 

--- Split:2 ---

Running BART with binary y

number of trees: 25
number of chains: 1, number of threads 1
tree thinning rate: 1
Prior:
	prior on k: chi with 1.250000 degrees of freedom and inf scale
	power and base for tree prior: 2.000000 0.950000
	use quantiles for rule cut points: false
	proposal probabilities: birth/death 0.50, swap 0.10, change 0.40; birth 0.50
data:
	number of training observations: 1302
	number of test observations: 0
	number of explanatory variables: 15

Cutoff rules c in x<=c vs x>c
Number of cutoffs: (var: number of possible c):
(1: 100) (2: 100) (3: 100) (4: 100) (5: 100) 
(6: 100) (7: 100) (8: 100) (9: 100) (10: 100) 
(11: 100) (12: 100) (13: 100) (14: 100) (15: 100) 


   [*---------] 10% | ET: 40s 
   [**--------] 20% | ET: 85.4s 
   [***-------] 30% | ET: 131.9s 
   [****------] 40% | ET: 179.3s 
   [*****-----] 50% | ET: 223.4s 
   [******----] 60% | ET: 278.8s 
   [*******---] 70% | ET: 327.3s 
   [********--] 80% | ET: 371.7s 
   [*********-] 90% | ET: 426s 
   [**********] 100% | ET: 467.8s 

--- IF for proposed nonparametric estimator computed --- ET: 957 seconds
--- Estimator computed: mu --- ET: 1.2 seconds --- 
--- Estimator computed: mu_1 --- ET: 1.1 seconds --- 
--- Estimator computed: mu_0 --- ET: 1.1 seconds --- 
--- Estimator computed: de --- ET: 1.3 seconds --- 
--- Estimator computed: oe --- ET: 1.1 seconds --- 
--- Estimator computed: se_1 --- ET: 1 seconds --- 
--- Estimator computed: se_0 --- ET: 1 seconds --- 
--- Total run time: 969 seconds --- 
--- Total run time: 994.7 seconds --- ###################################################
### Job finished at Thu Jun  5 15:45:42 EDT 2025 ###
###################################################
