##############################################################
### Job started at Thu Jun  5 18:06:55 EDT 2025 with p=TypeB, m=200, r=500, s=1 ###
##############################################################

Attaching package: ‘dplyr’

The following objects are masked from ‘package:stats’:

    filter, lag

The following objects are masked from ‘package:base’:

    intersect, setdiff, setequal, union

Loading required package: foreach
Loading required package: iterators
Loading required package: parallel

 randomForestSRC 3.2.2 
 
 Type rfsrc.news() to see new features, changes, and bug fixes. 
 

[conflicted] Will prefer dplyr::select over any other package.
[conflicted] Will prefer dplyr::filter over any other package.
[conflicted] Will prefer reshape2::melt over any other package.
── Attaching core tidyverse packages ──────────────────────── tidyverse 2.0.0 ──
✔ forcats   1.0.0     ✔ readr     2.1.4
✔ ggplot2   3.5.2     ✔ stringr   1.5.1
✔ lubridate 1.9.3     ✔ tibble    3.2.1
✔ purrr     0.3.5     ✔ tidyr     1.2.1
# A tibble: 42 × 4
   theta   tau estimand   truth
   <dbl> <dbl> <chr>      <dbl>
 1  0.3    0.2 de       -0.286 
 2  0.3    0.2 mu        0.456 
 3  0.3    0.2 mu_0      0.542 
 4  0.3    0.2 mu_1      0.256 
 5  0.3    0.2 oe        0.0647
 6  0.3    0.2 se_0      0.0233
 7  0.3    0.2 se_1      0.0200
 8  0.45   0.2 de       -0.283 
 9  0.45   0.2 mu        0.391 
10  0.45   0.2 mu_0      0.518 
11  0.45   0.2 mu_1      0.236 
12  0.45   0.2 oe        0     
13  0.45   0.2 se_0      0     
14  0.45   0.2 se_1      0     
15  0.6    0.2 de       -0.283 
16  0.6    0.2 mu        0.324 
17  0.6    0.2 mu_0      0.494 
18  0.6    0.2 mu_1      0.211 
19  0.6    0.2 oe       -0.0668
20  0.6    0.2 se_0     -0.0243
21  0.6    0.2 se_1     -0.0246
22  0.3    0.4 de       -0.268 
23  0.3    0.4 mu        0.560 
24  0.3    0.4 mu_0      0.640 
25  0.3    0.4 mu_1      0.372 
26  0.3    0.4 oe        0.0608
27  0.3    0.4 se_0      0.0196
28  0.3    0.4 se_1      0.0219
29  0.45   0.4 de       -0.270 
30  0.45   0.4 mu        0.499 
31  0.45   0.4 mu_0      0.621 
32  0.45   0.4 mu_1      0.351 
33  0.45   0.4 oe        0     
34  0.45   0.4 se_0      0     
35  0.45   0.4 se_1      0     
36  0.6    0.4 de       -0.277 
37  0.6    0.4 mu        0.430 
38  0.6    0.4 mu_0      0.596 
39  0.6    0.4 mu_1      0.320 
40  0.6    0.4 oe       -0.0689
41  0.6    0.4 se_0     -0.0244
42  0.6    0.4 se_1     -0.0310
Loading required package: Matrix

Attaching package: ‘Matrix’

The following objects are masked from ‘package:tidyr’:

    expand, pack, unpack


==========================================================================
===========================   Analysis setting  ==========================
==========================================================================

- taus: 0.1, 0.2, 0.3, 0.4, 0.5 

- policy: TypeB 

- thetas: 0.3, 0.31, 0.32, 0.33, 0.34, 0.35, 0.36, 0.37, 0.38, 0.39, 0.4, 0.41, 0.42, 0.43, 0.44, 0.45, 0.46, 0.47, 0.48, 0.49, 0.5, 0.51, 0.52, 0.53, 0.54, 0.55, 0.56, 0.57, 0.58, 0.59, 0.6 

- r: 500 

- K: 2 

- Nuisance estimation method: T nonpara / C nonpara / A nonpara 

- m: 200 

- N_total: 2403 

- cluster size dist'n: 
 5  6  7  8  9 10 11 12 13 14 15 16 17 18 19 20 
17 14 12 14 14 11 17 13  6 15 10 12 11 11 16  7 

 - observed time summary: 
   Min. 1st Qu.  Median    Mean 3rd Qu.    Max. 
 0.0000  0.0162  0.1899  0.5925  0.7493  9.0606 

 - event indicator table: 
   0    1 
 931 1472 

 - event time summary: 
   Min. 1st Qu.  Median    Mean 3rd Qu.    Max. 
0.00000 0.01089 0.15192 0.54694 0.67517 7.98341 

 - censoring time summary: 
   Min. 1st Qu.  Median    Mean 3rd Qu.    Max. 
0.00000 0.02461 0.24703 0.66459 0.83281 9.06060 

 - treatment indicator table: 
   0    1 
1266 1137 

==========================================================================
===========================   Estimation start  ==========================
==========================================================================

--- Split:1 ---

Running BART with binary y

number of trees: 25
number of chains: 1, number of threads 1
tree thinning rate: 1
Prior:
	prior on k: chi with 1.250000 degrees of freedom and inf scale
	power and base for tree prior: 2.000000 0.950000
	use quantiles for rule cut points: false
	proposal probabilities: birth/death 0.50, swap 0.10, change 0.40; birth 0.50
data:
	number of training observations: 1155
	number of test observations: 0
	number of explanatory variables: 15

Cutoff rules c in x<=c vs x>c
Number of cutoffs: (var: number of possible c):
(1: 100) (2: 100) (3: 100) (4: 100) (5: 100) 
(6: 100) (7: 100) (8: 100) (9: 100) (10: 100) 
(11: 100) (12: 100) (13: 100) (14: 100) (15: 100) 


   [*---------] 10% | ET: 23.9s 
   [**--------] 20% | ET: 49.1s 
   [***-------] 30% | ET: 70.7s 
   [****------] 40% | ET: 94.7s 
   [*****-----] 50% | ET: 116.7s 
   [******----] 60% | ET: 143.2s 
   [*******---] 70% | ET: 167.2s 
   [********--] 80% | ET: 191s 
   [*********-] 90% | ET: 215.5s 
   [**********] 100% | ET: 233.1s 

--- Split:2 ---

Running BART with binary y

number of trees: 25
number of chains: 1, number of threads 1
tree thinning rate: 1
Prior:
	prior on k: chi with 1.250000 degrees of freedom and inf scale
	power and base for tree prior: 2.000000 0.950000
	use quantiles for rule cut points: false
	proposal probabilities: birth/death 0.50, swap 0.10, change 0.40; birth 0.50
data:
	number of training observations: 1248
	number of test observations: 0
	number of explanatory variables: 15

Cutoff rules c in x<=c vs x>c
Number of cutoffs: (var: number of possible c):
(1: 100) (2: 100) (3: 100) (4: 100) (5: 100) 
(6: 100) (7: 100) (8: 100) (9: 100) (10: 100) 
(11: 100) (12: 100) (13: 100) (14: 100) (15: 100) 


   [*---------] 10% | ET: 16.4s 
   [**--------] 20% | ET: 43.3s 
   [***-------] 30% | ET: 66.4s 
   [****------] 40% | ET: 85.9s 
   [*****-----] 50% | ET: 108.4s 
   [******----] 60% | ET: 130.3s 
   [*******---] 70% | ET: 147.5s 
   [********--] 80% | ET: 169s 
   [*********-] 90% | ET: 188.7s 
   [**********] 100% | ET: 212.2s 

--- IF for proposed nonparametric estimator computed --- ET: 462.3 seconds
--- Estimator computed: mu --- ET: 0.6 seconds --- 
--- Estimator computed: mu_1 --- ET: 0.5 seconds --- 
--- Estimator computed: mu_0 --- ET: 0.6 seconds --- 
--- Estimator computed: de --- ET: 0.5 seconds --- 
--- Estimator computed: oe --- ET: 0.6 seconds --- 
--- Estimator computed: se_1 --- ET: 0.6 seconds --- 
--- Estimator computed: se_0 --- ET: 0.6 seconds --- 
--- Total run time: 468.3 seconds --- 
--- Total run time: 480.6 seconds --- ###################################################
### Job finished at Thu Jun  5 18:14:56 EDT 2025 ###
###################################################
