##############################################################
### Job started at Thu Jun  5 16:17:53 EDT 2025 with p=TypeB, m=200, r=500, s=1 ###
##############################################################

Attaching package: ‘dplyr’

The following objects are masked from ‘package:stats’:

    filter, lag

The following objects are masked from ‘package:base’:

    intersect, setdiff, setequal, union

Loading required package: foreach
Loading required package: iterators
Loading required package: parallel

 randomForestSRC 3.2.2 
 
 Type rfsrc.news() to see new features, changes, and bug fixes. 
 

[conflicted] Will prefer dplyr::select over any other package.
[conflicted] Will prefer dplyr::filter over any other package.
[conflicted] Will prefer reshape2::melt over any other package.
── Attaching core tidyverse packages ──────────────────────── tidyverse 2.0.0 ──
✔ forcats   1.0.0     ✔ readr     2.1.4
✔ ggplot2   3.5.2     ✔ stringr   1.5.1
✔ lubridate 1.9.3     ✔ tibble    3.2.1
✔ purrr     0.3.5     ✔ tidyr     1.2.1
# A tibble: 42 × 4
   theta   tau estimand   truth
   <dbl> <dbl> <chr>      <dbl>
 1  0.3    0.2 de       -0.293 
 2  0.3    0.2 mu        0.465 
 3  0.3    0.2 mu_0      0.552 
 4  0.3    0.2 mu_1      0.259 
 5  0.3    0.2 oe        0.0805
 6  0.3    0.2 se_0      0.0409
 7  0.3    0.2 se_1      0.0312
 8  0.45   0.2 de       -0.283 
 9  0.45   0.2 mu        0.384 
10  0.45   0.2 mu_0      0.512 
11  0.45   0.2 mu_1      0.228 
12  0.45   0.2 oe        0     
13  0.45   0.2 se_0      0     
14  0.45   0.2 se_1      0     
15  0.6    0.2 de       -0.273 
16  0.6    0.2 mu        0.313 
17  0.6    0.2 mu_0      0.476 
18  0.6    0.2 mu_1      0.204 
19  0.6    0.2 oe       -0.0714
20  0.6    0.2 se_0     -0.0352
21  0.6    0.2 se_1     -0.0247
22  0.3    0.4 de       -0.275 
23  0.3    0.4 mu        0.570 
24  0.3    0.4 mu_0      0.652 
25  0.3    0.4 mu_1      0.377 
26  0.3    0.4 oe        0.0810
27  0.3    0.4 se_0      0.0409
28  0.3    0.4 se_1      0.0384
29  0.45   0.4 de       -0.272 
30  0.45   0.4 mu        0.489 
31  0.45   0.4 mu_0      0.611 
32  0.45   0.4 mu_1      0.339 
33  0.45   0.4 oe        0     
34  0.45   0.4 se_0      0     
35  0.45   0.4 se_1      0     
36  0.6    0.4 de       -0.266 
37  0.6    0.4 mu        0.414 
38  0.6    0.4 mu_0      0.574 
39  0.6    0.4 mu_1      0.308 
40  0.6    0.4 oe       -0.0744
41  0.6    0.4 se_0     -0.0373
42  0.6    0.4 se_1     -0.0310
Loading required package: Matrix

Attaching package: ‘Matrix’

The following objects are masked from ‘package:tidyr’:

    expand, pack, unpack


==========================================================================
===========================   Analysis setting  ==========================
==========================================================================

- taus: 0.1, 0.2, 0.3, 0.4, 0.5 

- policy: TypeB 

- thetas: 0.3, 0.31, 0.32, 0.33, 0.34, 0.35, 0.36, 0.37, 0.38, 0.39, 0.4, 0.41, 0.42, 0.43, 0.44, 0.45, 0.46, 0.47, 0.48, 0.49, 0.5, 0.51, 0.52, 0.53, 0.54, 0.55, 0.56, 0.57, 0.58, 0.59, 0.6 

- r: 500 

- K: 2 

- Nuisance estimation method: T nonpara / C nonpara / A nonpara 

- m: 200 

- N_total: 2581 

- cluster size dist'n: 
 5  6  7  8  9 10 11 12 13 14 15 16 17 18 19 20 
14 11  7 13 10 13 15  9 13 13 18  7 14  7 18 18 

 - observed time summary: 
    Min.  1st Qu.   Median     Mean  3rd Qu.     Max. 
 0.00000  0.01767  0.18411  0.58447  0.75064 10.20974 

 - event indicator table: 
   0    1 
1020 1561 

 - event time summary: 
    Min.  1st Qu.   Median     Mean  3rd Qu.     Max. 
 0.00000  0.01144  0.16114  0.55803  0.68333 10.20974 

 - censoring time summary: 
   Min. 1st Qu.  Median    Mean 3rd Qu.    Max. 
0.00000 0.03018 0.21189 0.62494 0.86668 8.11173 

 - treatment indicator table: 
   0    1 
1398 1183 

==========================================================================
===========================   Estimation start  ==========================
==========================================================================

--- Split:1 ---

Running BART with binary y

number of trees: 25
number of chains: 1, number of threads 1
tree thinning rate: 1
Prior:
	prior on k: chi with 1.250000 degrees of freedom and inf scale
	power and base for tree prior: 2.000000 0.950000
	use quantiles for rule cut points: false
	proposal probabilities: birth/death 0.50, swap 0.10, change 0.40; birth 0.50
data:
	number of training observations: 1322
	number of test observations: 0
	number of explanatory variables: 15

Cutoff rules c in x<=c vs x>c
Number of cutoffs: (var: number of possible c):
(1: 100) (2: 100) (3: 100) (4: 100) (5: 100) 
(6: 100) (7: 100) (8: 100) (9: 100) (10: 100) 
(11: 100) (12: 100) (13: 100) (14: 100) (15: 100) 


   [*---------] 10% | ET: 28.9s 
   [**--------] 20% | ET: 68.8s 
   [***-------] 30% | ET: 108.9s 
   [****------] 40% | ET: 137.6s 
   [*****-----] 50% | ET: 177.6s 
   [******----] 60% | ET: 211.6s 
   [*******---] 70% | ET: 247.1s 
   [********--] 80% | ET: 284.5s 
   [*********-] 90% | ET: 321.7s 
   [**********] 100% | ET: 356.8s 

--- Split:2 ---

Running BART with binary y

number of trees: 25
number of chains: 1, number of threads 1
tree thinning rate: 1
Prior:
	prior on k: chi with 1.250000 degrees of freedom and inf scale
	power and base for tree prior: 2.000000 0.950000
	use quantiles for rule cut points: false
	proposal probabilities: birth/death 0.50, swap 0.10, change 0.40; birth 0.50
data:
	number of training observations: 1259
	number of test observations: 0
	number of explanatory variables: 15

Cutoff rules c in x<=c vs x>c
Number of cutoffs: (var: number of possible c):
(1: 100) (2: 100) (3: 100) (4: 100) (5: 100) 
(6: 100) (7: 100) (8: 100) (9: 100) (10: 100) 
(11: 100) (12: 100) (13: 100) (14: 100) (15: 100) 


   [*---------] 10% | ET: 30.9s 
   [**--------] 20% | ET: 73.8s 
   [***-------] 30% | ET: 111.1s 
   [****------] 40% | ET: 152.9s 
   [*****-----] 50% | ET: 188.3s 
   [******----] 60% | ET: 231.1s 
   [*******---] 70% | ET: 269.1s 
   [********--] 80% | ET: 304.1s 
   [*********-] 90% | ET: 348.2s 
   [**********] 100% | ET: 385.1s 

--- IF for proposed nonparametric estimator computed --- ET: 775.2 seconds
--- Estimator computed: mu --- ET: 0.9 seconds --- 
--- Estimator computed: mu_1 --- ET: 0.9 seconds --- 
--- Estimator computed: mu_0 --- ET: 0.9 seconds --- 
--- Estimator computed: de --- ET: 1.1 seconds --- 
--- Estimator computed: oe --- ET: 0.8 seconds --- 
--- Estimator computed: se_1 --- ET: 0.8 seconds --- 
--- Estimator computed: se_0 --- ET: 0.9 seconds --- 
--- Total run time: 784.5 seconds --- 
--- Total run time: 805.8 seconds --- ###################################################
### Job finished at Thu Jun  5 16:31:19 EDT 2025 ###
###################################################
