##############################################################
### Job started at Thu Jun  5 14:38:45 EDT 2025 with p=TypeB, m=200, r=500, s=1 ###
##############################################################

Attaching package: ‘dplyr’

The following objects are masked from ‘package:stats’:

    filter, lag

The following objects are masked from ‘package:base’:

    intersect, setdiff, setequal, union

Loading required package: foreach
Loading required package: iterators
Loading required package: parallel

 randomForestSRC 3.2.2 
 
 Type rfsrc.news() to see new features, changes, and bug fixes. 
 

[conflicted] Will prefer dplyr::select over any other package.
[conflicted] Will prefer dplyr::filter over any other package.
[conflicted] Will prefer reshape2::melt over any other package.
── Attaching core tidyverse packages ──────────────────────── tidyverse 2.0.0 ──
✔ forcats   1.0.0     ✔ readr     2.1.4
✔ ggplot2   3.5.2     ✔ stringr   1.5.1
✔ lubridate 1.9.3     ✔ tibble    3.2.1
✔ purrr     0.3.5     ✔ tidyr     1.2.1
# A tibble: 42 × 4
   theta   tau estimand   truth
   <dbl> <dbl> <chr>      <dbl>
 1  0.3    0.2 de       -0.285 
 2  0.3    0.2 mu        0.449 
 3  0.3    0.2 mu_0      0.535 
 4  0.3    0.2 mu_1      0.250 
 5  0.3    0.2 oe        0.0778
 6  0.3    0.2 se_0      0.0385
 7  0.3    0.2 se_1      0.0307
 8  0.45   0.2 de       -0.277 
 9  0.45   0.2 mu        0.372 
10  0.45   0.2 mu_0      0.496 
11  0.45   0.2 mu_1      0.219 
12  0.45   0.2 oe        0     
13  0.45   0.2 se_0      0     
14  0.45   0.2 se_1      0     
15  0.6    0.2 de       -0.268 
16  0.6    0.2 mu        0.304 
17  0.6    0.2 mu_0      0.464 
18  0.6    0.2 mu_1      0.196 
19  0.6    0.2 oe       -0.0681
20  0.6    0.2 se_0     -0.0323
21  0.6    0.2 se_1     -0.0225
22  0.3    0.4 de       -0.271 
23  0.3    0.4 mu        0.556 
24  0.3    0.4 mu_0      0.637 
25  0.3    0.4 mu_1      0.366 
26  0.3    0.4 oe        0.0791
27  0.3    0.4 se_0      0.0389
28  0.3    0.4 se_1      0.0379
29  0.45   0.4 de       -0.270 
30  0.45   0.4 mu        0.477 
31  0.45   0.4 mu_0      0.598 
32  0.45   0.4 mu_1      0.328 
33  0.45   0.4 oe        0     
34  0.45   0.4 se_0      0     
35  0.45   0.4 se_1      0     
36  0.6    0.4 de       -0.264 
37  0.6    0.4 mu        0.405 
38  0.6    0.4 mu_0      0.563 
39  0.6    0.4 mu_1      0.300 
40  0.6    0.4 oe       -0.0716
41  0.6    0.4 se_0     -0.0349
42  0.6    0.4 se_1     -0.0285
Loading required package: Matrix

Attaching package: ‘Matrix’

The following objects are masked from ‘package:tidyr’:

    expand, pack, unpack


==========================================================================
===========================   Analysis setting  ==========================
==========================================================================

- taus: 0.1, 0.2, 0.3, 0.4, 0.5 

- policy: TypeB 

- thetas: 0.3, 0.31, 0.32, 0.33, 0.34, 0.35, 0.36, 0.37, 0.38, 0.39, 0.4, 0.41, 0.42, 0.43, 0.44, 0.45, 0.46, 0.47, 0.48, 0.49, 0.5, 0.51, 0.52, 0.53, 0.54, 0.55, 0.56, 0.57, 0.58, 0.59, 0.6 

- r: 500 

- K: 2 

- Nuisance estimation method: T nonpara / C nonpara / A nonpara 

- m: 200 

- N_total: 2478 

- cluster size dist'n: 
 5  6  7  8  9 10 11 12 13 14 15 16 17 18 19 20 
13 17 17  9 10 10 12  9  7 22 13 14 12  9 14 12 

 - observed time summary: 
   Min. 1st Qu.  Median    Mean 3rd Qu.    Max. 
0.00000 0.01651 0.18154 0.59030 0.72137 7.11920 

 - event indicator table: 
   0    1 
 958 1520 

 - event time summary: 
    Min.  1st Qu.   Median     Mean  3rd Qu.     Max. 
0.000000 0.009591 0.134192 0.537772 0.622138 7.119195 

 - censoring time summary: 
   Min. 1st Qu.  Median    Mean 3rd Qu.    Max. 
0.00000 0.03803 0.25539 0.67364 0.87749 6.95329 

 - treatment indicator table: 
   0    1 
1366 1112 

==========================================================================
===========================   Estimation start  ==========================
==========================================================================

--- Split:1 ---

Running BART with binary y

number of trees: 25
number of chains: 1, number of threads 1
tree thinning rate: 1
Prior:
	prior on k: chi with 1.250000 degrees of freedom and inf scale
	power and base for tree prior: 2.000000 0.950000
	use quantiles for rule cut points: false
	proposal probabilities: birth/death 0.50, swap 0.10, change 0.40; birth 0.50
data:
	number of training observations: 1251
	number of test observations: 0
	number of explanatory variables: 15

Cutoff rules c in x<=c vs x>c
Number of cutoffs: (var: number of possible c):
(1: 100) (2: 100) (3: 100) (4: 100) (5: 100) 
(6: 100) (7: 100) (8: 100) (9: 100) (10: 100) 
(11: 100) (12: 100) (13: 100) (14: 100) (15: 100) 


   [*---------] 10% | ET: 38.4s 
   [**--------] 20% | ET: 75.8s 
   [***-------] 30% | ET: 120.6s 
   [****------] 40% | ET: 161.6s 
   [*****-----] 50% | ET: 202.1s 
   [******----] 60% | ET: 247s 
   [*******---] 70% | ET: 285.9s 
   [********--] 80% | ET: 324.8s 
   [*********-] 90% | ET: 370.3s 
   [**********] 100% | ET: 420.1s 

--- Split:2 ---

Running BART with binary y

number of trees: 25
number of chains: 1, number of threads 1
tree thinning rate: 1
Prior:
	prior on k: chi with 1.250000 degrees of freedom and inf scale
	power and base for tree prior: 2.000000 0.950000
	use quantiles for rule cut points: false
	proposal probabilities: birth/death 0.50, swap 0.10, change 0.40; birth 0.50
data:
	number of training observations: 1227
	number of test observations: 0
	number of explanatory variables: 15

Cutoff rules c in x<=c vs x>c
Number of cutoffs: (var: number of possible c):
(1: 100) (2: 100) (3: 100) (4: 100) (5: 100) 
(6: 100) (7: 100) (8: 100) (9: 100) (10: 100) 
(11: 100) (12: 100) (13: 100) (14: 100) (15: 100) 


   [*---------] 10% | ET: 42.1s 
   [**--------] 20% | ET: 75.1s 
   [***-------] 30% | ET: 113.1s 
   [****------] 40% | ET: 159.2s 
   [*****-----] 50% | ET: 202.4s 
   [******----] 60% | ET: 246.5s 
   [*******---] 70% | ET: 284s 
   [********--] 80% | ET: 330.3s 
   [*********-] 90% | ET: 382.5s 
   [**********] 100% | ET: 427.8s 

--- IF for proposed nonparametric estimator computed --- ET: 879.6 seconds
--- Estimator computed: mu --- ET: 1.2 seconds --- 
--- Estimator computed: mu_1 --- ET: 1.1 seconds --- 
--- Estimator computed: mu_0 --- ET: 1.1 seconds --- 
--- Estimator computed: de --- ET: 1.1 seconds --- 
--- Estimator computed: oe --- ET: 1.1 seconds --- 
--- Estimator computed: se_1 --- ET: 1.1 seconds --- 
--- Estimator computed: se_0 --- ET: 1.3 seconds --- 
--- Total run time: 891.4 seconds --- 
--- Total run time: 916.1 seconds --- ###################################################
### Job finished at Thu Jun  5 14:54:01 EDT 2025 ###
###################################################
