##############################################################
### Job started at Thu Jun  5 17:31:39 EDT 2025 with p=TypeB, m=200, r=500, s=1 ###
##############################################################

Attaching package: ‘dplyr’

The following objects are masked from ‘package:stats’:

    filter, lag

The following objects are masked from ‘package:base’:

    intersect, setdiff, setequal, union

Loading required package: foreach
Loading required package: iterators
Loading required package: parallel

 randomForestSRC 3.2.2 
 
 Type rfsrc.news() to see new features, changes, and bug fixes. 
 

[conflicted] Will prefer dplyr::select over any other package.
[conflicted] Will prefer dplyr::filter over any other package.
[conflicted] Will prefer reshape2::melt over any other package.
── Attaching core tidyverse packages ──────────────────────── tidyverse 2.0.0 ──
✔ forcats   1.0.0     ✔ readr     2.1.4
✔ ggplot2   3.5.2     ✔ stringr   1.5.1
✔ lubridate 1.9.3     ✔ tibble    3.2.1
✔ purrr     0.3.5     ✔ tidyr     1.2.1
# A tibble: 42 × 4
   theta   tau estimand   truth
   <dbl> <dbl> <chr>      <dbl>
 1  0.3    0.2 de       -0.289 
 2  0.3    0.2 mu        0.458 
 3  0.3    0.2 mu_0      0.545 
 4  0.3    0.2 mu_1      0.256 
 5  0.3    0.2 oe        0.0768
 6  0.3    0.2 se_0      0.0380
 7  0.3    0.2 se_1      0.0279
 8  0.45   0.2 de       -0.279 
 9  0.45   0.2 mu        0.381 
10  0.45   0.2 mu_0      0.507 
11  0.45   0.2 mu_1      0.228 
12  0.45   0.2 oe        0     
13  0.45   0.2 se_0      0     
14  0.45   0.2 se_1      0     
15  0.6    0.2 de       -0.274 
16  0.6    0.2 mu        0.314 
17  0.6    0.2 mu_0      0.479 
18  0.6    0.2 mu_1      0.205 
19  0.6    0.2 oe       -0.0671
20  0.6    0.2 se_0     -0.0283
21  0.6    0.2 se_1     -0.0232
22  0.3    0.4 de       -0.273 
23  0.3    0.4 mu        0.564 
24  0.3    0.4 mu_0      0.646 
25  0.3    0.4 mu_1      0.372 
26  0.3    0.4 oe        0.0767
27  0.3    0.4 se_0      0.0377
28  0.3    0.4 se_1      0.0332
29  0.45   0.4 de       -0.269 
30  0.45   0.4 mu        0.487 
31  0.45   0.4 mu_0      0.608 
32  0.45   0.4 mu_1      0.339 
33  0.45   0.4 oe        0     
34  0.45   0.4 se_0      0     
35  0.45   0.4 se_1      0     
36  0.6    0.4 de       -0.269 
37  0.6    0.4 mu        0.418 
38  0.6    0.4 mu_0      0.579 
39  0.6    0.4 mu_1      0.310 
40  0.6    0.4 oe       -0.0695
41  0.6    0.4 se_0     -0.0293
42  0.6    0.4 se_1     -0.0291
Loading required package: Matrix

Attaching package: ‘Matrix’

The following objects are masked from ‘package:tidyr’:

    expand, pack, unpack


==========================================================================
===========================   Analysis setting  ==========================
==========================================================================

- taus: 0.1, 0.2, 0.3, 0.4, 0.5 

- policy: TypeB 

- thetas: 0.3, 0.31, 0.32, 0.33, 0.34, 0.35, 0.36, 0.37, 0.38, 0.39, 0.4, 0.41, 0.42, 0.43, 0.44, 0.45, 0.46, 0.47, 0.48, 0.49, 0.5, 0.51, 0.52, 0.53, 0.54, 0.55, 0.56, 0.57, 0.58, 0.59, 0.6 

- r: 500 

- K: 2 

- Nuisance estimation method: T nonpara / C nonpara / A nonpara 

- m: 200 

- N_total: 2356 

- cluster size dist'n: 
 5  6  7  8  9 10 11 12 13 14 15 16 17 18 19 20 
14  9 23 18 11 12 12 13 15  9 14 16  7 11  4 12 

 - observed time summary: 
   Min. 1st Qu.  Median    Mean 3rd Qu.    Max. 
0.00000 0.01845 0.17873 0.55723 0.67968 7.54774 

 - event indicator table: 
   0    1 
 913 1443 

 - event time summary: 
    Min.  1st Qu.   Median     Mean  3rd Qu.     Max. 
0.000000 0.008835 0.133767 0.502274 0.595509 7.547737 

 - censoring time summary: 
   Min. 1st Qu.  Median    Mean 3rd Qu.    Max. 
0.00000 0.04495 0.26467 0.64409 0.83793 6.51589 

 - treatment indicator table: 
   0    1 
1284 1072 

==========================================================================
===========================   Estimation start  ==========================
==========================================================================

--- Split:1 ---

Running BART with binary y

number of trees: 25
number of chains: 1, number of threads 1
tree thinning rate: 1
Prior:
	prior on k: chi with 1.250000 degrees of freedom and inf scale
	power and base for tree prior: 2.000000 0.950000
	use quantiles for rule cut points: false
	proposal probabilities: birth/death 0.50, swap 0.10, change 0.40; birth 0.50
data:
	number of training observations: 1208
	number of test observations: 0
	number of explanatory variables: 15

Cutoff rules c in x<=c vs x>c
Number of cutoffs: (var: number of possible c):
(1: 100) (2: 100) (3: 100) (4: 100) (5: 100) 
(6: 100) (7: 100) (8: 100) (9: 100) (10: 100) 
(11: 100) (12: 100) (13: 100) (14: 100) (15: 100) 


   [*---------] 10% | ET: 23.6s 
   [**--------] 20% | ET: 44.1s 
   [***-------] 30% | ET: 66.1s 
   [****------] 40% | ET: 92.8s 
   [*****-----] 50% | ET: 122s 
   [******----] 60% | ET: 143.9s 
   [*******---] 70% | ET: 167.7s 
   [********--] 80% | ET: 198.1s 
   [*********-] 90% | ET: 227.3s 
   [**********] 100% | ET: 246.8s 

--- Split:2 ---

Running BART with binary y

number of trees: 25
number of chains: 1, number of threads 1
tree thinning rate: 1
Prior:
	prior on k: chi with 1.250000 degrees of freedom and inf scale
	power and base for tree prior: 2.000000 0.950000
	use quantiles for rule cut points: false
	proposal probabilities: birth/death 0.50, swap 0.10, change 0.40; birth 0.50
data:
	number of training observations: 1148
	number of test observations: 0
	number of explanatory variables: 15

Cutoff rules c in x<=c vs x>c
Number of cutoffs: (var: number of possible c):
(1: 100) (2: 100) (3: 100) (4: 100) (5: 100) 
(6: 100) (7: 100) (8: 100) (9: 100) (10: 100) 
(11: 100) (12: 100) (13: 100) (14: 100) (15: 100) 


   [*---------] 10% | ET: 27s 
   [**--------] 20% | ET: 51.1s 
   [***-------] 30% | ET: 75.7s 
   [****------] 40% | ET: 104.4s 
   [*****-----] 50% | ET: 132.4s 
   [******----] 60% | ET: 155.9s 
   [*******---] 70% | ET: 184.7s 
   [********--] 80% | ET: 211s 
   [*********-] 90% | ET: 232s 
   [**********] 100% | ET: 254.2s 

--- IF for proposed nonparametric estimator computed --- ET: 522.2 seconds
--- Estimator computed: mu --- ET: 0.6 seconds --- 
--- Estimator computed: mu_1 --- ET: 0.6 seconds --- 
--- Estimator computed: mu_0 --- ET: 0.6 seconds --- 
--- Estimator computed: de --- ET: 0.6 seconds --- 
--- Estimator computed: oe --- ET: 0.6 seconds --- 
--- Estimator computed: se_1 --- ET: 0.6 seconds --- 
--- Estimator computed: se_0 --- ET: 0.7 seconds --- 
--- Total run time: 528.8 seconds --- 
--- Total run time: 541.6 seconds --- ###################################################
### Job finished at Thu Jun  5 17:40:41 EDT 2025 ###
###################################################
