##############################################################
### Job started at Thu Jun  5 17:31:39 EDT 2025 with p=TypeB, m=200, r=500, s=1 ###
##############################################################

Attaching package: ‘dplyr’

The following objects are masked from ‘package:stats’:

    filter, lag

The following objects are masked from ‘package:base’:

    intersect, setdiff, setequal, union

Loading required package: foreach
Loading required package: iterators
Loading required package: parallel

 randomForestSRC 3.2.2 
 
 Type rfsrc.news() to see new features, changes, and bug fixes. 
 

[conflicted] Will prefer dplyr::select over any other package.
[conflicted] Will prefer dplyr::filter over any other package.
[conflicted] Will prefer reshape2::melt over any other package.
── Attaching core tidyverse packages ──────────────────────── tidyverse 2.0.0 ──
✔ forcats   1.0.0     ✔ readr     2.1.4
✔ ggplot2   3.5.2     ✔ stringr   1.5.1
✔ lubridate 1.9.3     ✔ tibble    3.2.1
✔ purrr     0.3.5     ✔ tidyr     1.2.1
# A tibble: 42 × 4
   theta   tau estimand   truth
   <dbl> <dbl> <chr>      <dbl>
 1  0.3    0.2 de       -0.290 
 2  0.3    0.2 mu        0.453 
 3  0.3    0.2 mu_0      0.540 
 4  0.3    0.2 mu_1      0.251 
 5  0.3    0.2 oe        0.0792
 6  0.3    0.2 se_0      0.0418
 7  0.3    0.2 se_1      0.0284
 8  0.45   0.2 de       -0.276 
 9  0.45   0.2 mu        0.374 
10  0.45   0.2 mu_0      0.498 
11  0.45   0.2 mu_1      0.222 
12  0.45   0.2 oe        0     
13  0.45   0.2 se_0      0     
14  0.45   0.2 se_1      0     
15  0.6    0.2 de       -0.267 
16  0.6    0.2 mu        0.307 
17  0.6    0.2 mu_0      0.467 
18  0.6    0.2 mu_1      0.200 
19  0.6    0.2 oe       -0.0674
20  0.6    0.2 se_0     -0.0314
21  0.6    0.2 se_1     -0.0223
22  0.3    0.4 de       -0.275 
23  0.3    0.4 mu        0.559 
24  0.3    0.4 mu_0      0.642 
25  0.3    0.4 mu_1      0.367 
26  0.3    0.4 oe        0.0801
27  0.3    0.4 se_0      0.0421
28  0.3    0.4 se_1      0.0347
29  0.45   0.4 de       -0.268 
30  0.45   0.4 mu        0.479 
31  0.45   0.4 mu_0      0.600 
32  0.45   0.4 mu_1      0.332 
33  0.45   0.4 oe        0     
34  0.45   0.4 se_0      0     
35  0.45   0.4 se_1      0     
36  0.6    0.4 de       -0.263 
37  0.6    0.4 mu        0.409 
38  0.6    0.4 mu_0      0.566 
39  0.6    0.4 mu_1      0.304 
40  0.6    0.4 oe       -0.0705
41  0.6    0.4 se_0     -0.0335
42  0.6    0.4 se_1     -0.0282
Loading required package: Matrix

Attaching package: ‘Matrix’

The following objects are masked from ‘package:tidyr’:

    expand, pack, unpack


==========================================================================
===========================   Analysis setting  ==========================
==========================================================================

- taus: 0.1, 0.2, 0.3, 0.4, 0.5 

- policy: TypeB 

- thetas: 0.3, 0.31, 0.32, 0.33, 0.34, 0.35, 0.36, 0.37, 0.38, 0.39, 0.4, 0.41, 0.42, 0.43, 0.44, 0.45, 0.46, 0.47, 0.48, 0.49, 0.5, 0.51, 0.52, 0.53, 0.54, 0.55, 0.56, 0.57, 0.58, 0.59, 0.6 

- r: 500 

- K: 2 

- Nuisance estimation method: T nonpara / C nonpara / A nonpara 

- m: 200 

- N_total: 2437 

- cluster size dist'n: 
 5  6  7  8  9 10 11 12 13 14 15 16 17 18 19 20 
14 11 10 19 12 13  9 13 20 17 12  5 12 14  8 11 

 - observed time summary: 
   Min. 1st Qu.  Median    Mean 3rd Qu.    Max. 
0.00000 0.01759 0.20335 0.63045 0.83915 8.37959 

 - event indicator table: 
   0    1 
1008 1429 

 - event time summary: 
   Min. 1st Qu.  Median    Mean 3rd Qu.    Max. 
 0.0000  0.0111  0.1586  0.5661  0.7088  8.3796 

 - censoring time summary: 
   Min. 1st Qu.  Median    Mean 3rd Qu.    Max. 
 0.0000  0.0324  0.2932  0.7217  1.0430  8.1246 

 - treatment indicator table: 
   0    1 
1296 1141 

==========================================================================
===========================   Estimation start  ==========================
==========================================================================

--- Split:1 ---

Running BART with binary y

number of trees: 25
number of chains: 1, number of threads 1
tree thinning rate: 1
Prior:
	prior on k: chi with 1.250000 degrees of freedom and inf scale
	power and base for tree prior: 2.000000 0.950000
	use quantiles for rule cut points: false
	proposal probabilities: birth/death 0.50, swap 0.10, change 0.40; birth 0.50
data:
	number of training observations: 1169
	number of test observations: 0
	number of explanatory variables: 15

Cutoff rules c in x<=c vs x>c
Number of cutoffs: (var: number of possible c):
(1: 100) (2: 100) (3: 100) (4: 100) (5: 100) 
(6: 100) (7: 100) (8: 100) (9: 100) (10: 100) 
(11: 100) (12: 100) (13: 100) (14: 100) (15: 100) 


   [*---------] 10% | ET: 25.5s 
   [**--------] 20% | ET: 46.3s 
   [***-------] 30% | ET: 69.7s 
   [****------] 40% | ET: 93.7s 
   [*****-----] 50% | ET: 119s 
   [******----] 60% | ET: 146.1s 
   [*******---] 70% | ET: 173.8s 
   [********--] 80% | ET: 202.3s 
   [*********-] 90% | ET: 231.4s 
   [**********] 100% | ET: 253.3s 

--- Split:2 ---

Running BART with binary y

number of trees: 25
number of chains: 1, number of threads 1
tree thinning rate: 1
Prior:
	prior on k: chi with 1.250000 degrees of freedom and inf scale
	power and base for tree prior: 2.000000 0.950000
	use quantiles for rule cut points: false
	proposal probabilities: birth/death 0.50, swap 0.10, change 0.40; birth 0.50
data:
	number of training observations: 1268
	number of test observations: 0
	number of explanatory variables: 15

Cutoff rules c in x<=c vs x>c
Number of cutoffs: (var: number of possible c):
(1: 100) (2: 100) (3: 100) (4: 100) (5: 100) 
(6: 100) (7: 100) (8: 100) (9: 100) (10: 100) 
(11: 100) (12: 100) (13: 100) (14: 100) (15: 100) 


   [*---------] 10% | ET: 22.5s 
   [**--------] 20% | ET: 47.2s 
   [***-------] 30% | ET: 63.8s 
   [****------] 40% | ET: 93.1s 
   [*****-----] 50% | ET: 118.5s 
   [******----] 60% | ET: 146s 
   [*******---] 70% | ET: 171.4s 
   [********--] 80% | ET: 201.8s 
   [*********-] 90% | ET: 231.5s 
   [**********] 100% | ET: 255.7s 

--- IF for proposed nonparametric estimator computed --- ET: 530.2 seconds
--- Estimator computed: mu --- ET: 0.6 seconds --- 
--- Estimator computed: mu_1 --- ET: 0.5 seconds --- 
--- Estimator computed: mu_0 --- ET: 0.5 seconds --- 
--- Estimator computed: de --- ET: 0.6 seconds --- 
--- Estimator computed: oe --- ET: 0.6 seconds --- 
--- Estimator computed: se_1 --- ET: 0.5 seconds --- 
--- Estimator computed: se_0 --- ET: 0.5 seconds --- 
--- Total run time: 536.2 seconds --- 
--- Total run time: 547.8 seconds --- ###################################################
### Job finished at Thu Jun  5 17:40:47 EDT 2025 ###
###################################################
