##############################################################
### Job started at Thu Jun  5 14:34:12 EDT 2025 with p=TypeB, m=200, r=500, s=1 ###
##############################################################

Attaching package: ‘dplyr’

The following objects are masked from ‘package:stats’:

    filter, lag

The following objects are masked from ‘package:base’:

    intersect, setdiff, setequal, union

Loading required package: foreach
Loading required package: iterators
Loading required package: parallel

 randomForestSRC 3.2.2 
 
 Type rfsrc.news() to see new features, changes, and bug fixes. 
 

[conflicted] Will prefer dplyr::select over any other package.
[conflicted] Will prefer dplyr::filter over any other package.
[conflicted] Will prefer reshape2::melt over any other package.
── Attaching core tidyverse packages ──────────────────────── tidyverse 2.0.0 ──
✔ forcats   1.0.0     ✔ readr     2.1.4
✔ ggplot2   3.5.2     ✔ stringr   1.5.1
✔ lubridate 1.9.3     ✔ tibble    3.2.1
✔ purrr     0.3.5     ✔ tidyr     1.2.1
# A tibble: 42 × 4
   theta   tau estimand   truth
   <dbl> <dbl> <chr>      <dbl>
 1  0.3    0.2 de       -0.283 
 2  0.3    0.2 mu        0.459 
 3  0.3    0.2 mu_0      0.544 
 4  0.3    0.2 mu_1      0.261 
 5  0.3    0.2 oe        0.0682
 6  0.3    0.2 se_0      0.0259
 7  0.3    0.2 se_1      0.0256
 8  0.45   0.2 de       -0.283 
 9  0.45   0.2 mu        0.391 
10  0.45   0.2 mu_0      0.518 
11  0.45   0.2 mu_1      0.235 
12  0.45   0.2 oe        0     
13  0.45   0.2 se_0      0     
14  0.45   0.2 se_1      0     
15  0.6    0.2 de       -0.280 
16  0.6    0.2 mu        0.326 
17  0.6    0.2 mu_0      0.494 
18  0.6    0.2 mu_1      0.214 
19  0.6    0.2 oe       -0.0642
20  0.6    0.2 se_0     -0.0234
21  0.6    0.2 se_1     -0.0207
22  0.3    0.4 de       -0.264 
23  0.3    0.4 mu        0.564 
24  0.3    0.4 mu_0      0.643 
25  0.3    0.4 mu_1      0.379 
26  0.3    0.4 oe        0.0663
27  0.3    0.4 se_0      0.0242
28  0.3    0.4 se_1      0.0299
29  0.45   0.4 de       -0.269 
30  0.45   0.4 mu        0.498 
31  0.45   0.4 mu_0      0.619 
32  0.45   0.4 mu_1      0.349 
33  0.45   0.4 oe        0     
34  0.45   0.4 se_0      0     
35  0.45   0.4 se_1      0     
36  0.6    0.4 de       -0.272 
37  0.6    0.4 mu        0.433 
38  0.6    0.4 mu_0      0.596 
39  0.6    0.4 mu_1      0.324 
40  0.6    0.4 oe       -0.0648
41  0.6    0.4 se_0     -0.0230
42  0.6    0.4 se_1     -0.0252
Loading required package: Matrix

Attaching package: ‘Matrix’

The following objects are masked from ‘package:tidyr’:

    expand, pack, unpack


==========================================================================
===========================   Analysis setting  ==========================
==========================================================================

- taus: 0.1, 0.2, 0.3, 0.4, 0.5 

- policy: TypeB 

- thetas: 0.3, 0.31, 0.32, 0.33, 0.34, 0.35, 0.36, 0.37, 0.38, 0.39, 0.4, 0.41, 0.42, 0.43, 0.44, 0.45, 0.46, 0.47, 0.48, 0.49, 0.5, 0.51, 0.52, 0.53, 0.54, 0.55, 0.56, 0.57, 0.58, 0.59, 0.6 

- r: 500 

- K: 2 

- Nuisance estimation method: T nonpara / C nonpara / A nonpara 

- m: 200 

- N_total: 2501 

- cluster size dist'n: 
 5  6  7  8  9 10 11 12 13 14 15 16 17 18 19 20 
 9  9 14 17 15 16 15 12  8 11 12 12 10 12 12 16 

 - observed time summary: 
    Min.  1st Qu.   Median     Mean  3rd Qu.     Max. 
 0.00000  0.01608  0.18891  0.60372  0.79069 10.23219 

 - event indicator table: 
   0    1 
 979 1522 

 - event time summary: 
     Min.   1st Qu.    Median      Mean   3rd Qu.      Max. 
 0.000000  0.009361  0.152906  0.578237  0.756188 10.232189 

 - censoring time summary: 
   Min. 1st Qu.  Median    Mean 3rd Qu.    Max. 
0.00000 0.03569 0.25029 0.64334 0.88282 8.67075 

 - treatment indicator table: 
   0    1 
1391 1110 

==========================================================================
===========================   Estimation start  ==========================
==========================================================================

--- Split:1 ---

Running BART with binary y

number of trees: 25
number of chains: 1, number of threads 1
tree thinning rate: 1
Prior:
	prior on k: chi with 1.250000 degrees of freedom and inf scale
	power and base for tree prior: 2.000000 0.950000
	use quantiles for rule cut points: false
	proposal probabilities: birth/death 0.50, swap 0.10, change 0.40; birth 0.50
data:
	number of training observations: 1233
	number of test observations: 0
	number of explanatory variables: 15

Cutoff rules c in x<=c vs x>c
Number of cutoffs: (var: number of possible c):
(1: 100) (2: 100) (3: 100) (4: 100) (5: 100) 
(6: 100) (7: 100) (8: 100) (9: 100) (10: 100) 
(11: 100) (12: 100) (13: 100) (14: 100) (15: 100) 


   [*---------] 10% | ET: 40.5s 
   [**--------] 20% | ET: 85.6s 
   [***-------] 30% | ET: 129.4s 
   [****------] 40% | ET: 170.1s 
   [*****-----] 50% | ET: 216.1s 
   [******----] 60% | ET: 265.5s 
   [*******---] 70% | ET: 311.6s 
   [********--] 80% | ET: 357.9s 
   [*********-] 90% | ET: 398.9s 
   [**********] 100% | ET: 448.1s 

--- Split:2 ---

Running BART with binary y

number of trees: 25
number of chains: 1, number of threads 1
tree thinning rate: 1
Prior:
	prior on k: chi with 1.250000 degrees of freedom and inf scale
	power and base for tree prior: 2.000000 0.950000
	use quantiles for rule cut points: false
	proposal probabilities: birth/death 0.50, swap 0.10, change 0.40; birth 0.50
data:
	number of training observations: 1268
	number of test observations: 0
	number of explanatory variables: 15

Cutoff rules c in x<=c vs x>c
Number of cutoffs: (var: number of possible c):
(1: 100) (2: 100) (3: 100) (4: 100) (5: 100) 
(6: 100) (7: 100) (8: 100) (9: 100) (10: 100) 
(11: 100) (12: 100) (13: 100) (14: 100) (15: 100) 


   [*---------] 10% | ET: 42s 
   [**--------] 20% | ET: 87.7s 
   [***-------] 30% | ET: 132.8s 
   [****------] 40% | ET: 174.8s 
   [*****-----] 50% | ET: 218.4s 
   [******----] 60% | ET: 266.1s 
   [*******---] 70% | ET: 311s 
   [********--] 80% | ET: 354.4s 
   [*********-] 90% | ET: 396.9s 
   [**********] 100% | ET: 443.2s 

--- IF for proposed nonparametric estimator computed --- ET: 927.8 seconds
--- Estimator computed: mu --- ET: 1.2 seconds --- 
--- Estimator computed: mu_1 --- ET: 1.1 seconds --- 
--- Estimator computed: mu_0 --- ET: 1.1 seconds --- 
--- Estimator computed: de --- ET: 1.1 seconds --- 
--- Estimator computed: oe --- ET: 1.1 seconds --- 
--- Estimator computed: se_1 --- ET: 1.2 seconds --- 
--- Estimator computed: se_0 --- ET: 1.2 seconds --- 
--- Total run time: 939.6 seconds --- 
--- Total run time: 963.7 seconds --- ###################################################
### Job finished at Thu Jun  5 14:50:16 EDT 2025 ###
###################################################
