
Attaching package: ‘dplyr’

The following objects are masked from ‘package:stats’:

    filter, lag

The following objects are masked from ‘package:base’:

    intersect, setdiff, setequal, union

Loading required package: foreach
Loading required package: iterators
Loading required package: parallel

 randomForestSRC 3.2.2 
 
 Type rfsrc.news() to see new features, changes, and bug fixes. 
 

── Attaching core tidyverse packages ──────────────────────── tidyverse 2.0.0 ──
✔ forcats   1.0.0     ✔ readr     2.1.4
✔ ggplot2   3.3.6     ✔ stringr   1.5.1
✔ lubridate 1.9.3     ✔ tibble    3.2.1
✔ purrr     0.3.5     ✔ tidyr     1.2.1
── Conflicts ────────────────────────────────────────── tidyverse_conflicts() ──
✖ purrr::accumulate() masks foreach::accumulate()
✖ tidyr::extract()    masks dbarts::extract()
✖ dplyr::filter()     masks stats::filter()
✖ dplyr::lag()        masks stats::lag()
✖ purrr::partial()    masks randomForestSRC::partial()
✖ purrr::when()       masks foreach::when()
ℹ Use the [conflicted package](http://conflicted.r-lib.org/) to force all conflicts to become errors
[1] "[Analysis setting]"
[1] "n.cpus: 8"
[1] "method: nonpara"
[1] "taus: 0.1, 0.2, 0.3, 0.4, 0.5"
[1] "thetas: 0.1, 0.2, 0.3, 0.4, 0.5, 0.6, 0.7, 0.8, 0.9"
[1] "r: 100"
[1] "m: 100"
[1] "N_total: 1279"
[1] "cluster size dist'n: "

 5  6  7  8  9 10 11 12 13 14 15 16 17 18 19 20 
 3  7  8  5 10  4  7  6  6  7  1  5  7  8  7  9 
[1] "observed time summary: "
   Min. 1st Qu.  Median    Mean 3rd Qu.    Max. 
0.00000 0.05359 0.40439 0.64457 1.00000 4.40251 
[1] "event indicator table: "

  0   1 
736 543 
[1] "treatment indicator table: "

  0   1 
452 827 
[1] ""
[1] "Estimation start"
[1] "   Split: 1"
Note: Using an external vector in selections is ambiguous.
ℹ Use `all_of(X.T.names)` instead of `X.T.names` to silence this message.
ℹ See <https://tidyselect.r-lib.org/reference/faq-external-vector.html>.
This message is displayed once per session.
Note: Using an external vector in selections is ambiguous.
ℹ Use `all_of(X.C.names)` instead of `X.C.names` to silence this message.
ℹ See <https://tidyselect.r-lib.org/reference/faq-external-vector.html>.
This message is displayed once per session.
Note: Using an external vector in selections is ambiguous.
ℹ Use `all_of(X.A.names)` instead of `X.A.names` to silence this message.
ℹ See <https://tidyselect.r-lib.org/reference/faq-external-vector.html>.
This message is displayed once per session.

Running BART with binary y

number of trees: 25
number of chains: 1, number of threads 1
tree thinning rate: 1
Prior:
	prior on k: chi with 1.250000 degrees of freedom and inf scale
	power and base for tree prior: 2.000000 0.950000
	use quantiles for rule cut points: false
	proposal probabilities: birth/death 0.50, swap 0.10, change 0.40; birth 0.50
data:
	number of training observations: 637
	number of test observations: 0
	number of explanatory variables: 15

Cutoff rules c in x<=c vs x>c
Number of cutoffs: (var: number of possible c):
(1: 100) (2: 100) (3: 100) (4: 100) (5: 100) 
(6: 100) (7: 100) (8: 100) (9: 100) (10: 100) 
(11: 100) (12: 100) (13: 100) (14: 100) (15: 100) 

[1] "     Cluster: 2"
[1] "     Cluster: 6"
[1] "     Cluster: 8"
[1] "     Cluster: 9"
[1] "     Cluster: 12"
[1] "     Cluster: 13"
[1] "     Cluster: 15"
[1] "     Cluster: 16"
[1] "     Cluster: 18"
[1] "     Cluster: 20"
[1] "     Cluster: 21"
[1] "     Cluster: 23"
[1] "     Cluster: 26"
[1] "     Cluster: 30"
[1] "     Cluster: 31"
[1] "     Cluster: 34"
[1] "     Cluster: 35"
[1] "     Cluster: 39"
[1] "     Cluster: 40"
[1] "     Cluster: 41"
[1] "     Cluster: 44"
[1] "     Cluster: 47"
[1] "     Cluster: 49"
[1] "     Cluster: 50"
[1] "     Cluster: 53"
[1] "     Cluster: 54"
[1] "     Cluster: 55"
[1] "     Cluster: 59"
[1] "     Cluster: 60"
[1] "     Cluster: 62"
[1] "     Cluster: 63"
[1] "     Cluster: 64"
[1] "     Cluster: 66"
[1] "     Cluster: 67"
[1] "     Cluster: 68"
[1] "     Cluster: 70"
[1] "     Cluster: 73"
[1] "     Cluster: 74"
[1] "     Cluster: 76"
[1] "     Cluster: 84"
[1] "     Cluster: 85"
[1] "     Cluster: 86"
[1] "     Cluster: 89"
[1] "     Cluster: 92"
[1] "     Cluster: 93"
[1] "     Cluster: 94"
[1] "     Cluster: 96"
[1] "     Cluster: 97"
[1] "     Cluster: 98"
[1] "     Cluster: 100"
[1] "   Split: 2"

Running BART with binary y

number of trees: 25
number of chains: 1, number of threads 1
tree thinning rate: 1
Prior:
	prior on k: chi with 1.250000 degrees of freedom and inf scale
	power and base for tree prior: 2.000000 0.950000
	use quantiles for rule cut points: false
	proposal probabilities: birth/death 0.50, swap 0.10, change 0.40; birth 0.50
data:
	number of training observations: 642
	number of test observations: 0
	number of explanatory variables: 15

Cutoff rules c in x<=c vs x>c
Number of cutoffs: (var: number of possible c):
(1: 100) (2: 100) (3: 100) (4: 100) (5: 100) 
(6: 100) (7: 100) (8: 100) (9: 100) (10: 100) 
(11: 100) (12: 100) (13: 100) (14: 100) (15: 100) 

[1] "     Cluster: 1"
[1] "     Cluster: 3"
[1] "     Cluster: 4"
[1] "     Cluster: 5"
[1] "     Cluster: 7"
[1] "     Cluster: 10"
[1] "     Cluster: 11"
[1] "     Cluster: 14"
[1] "     Cluster: 17"
[1] "     Cluster: 19"
[1] "     Cluster: 22"
[1] "     Cluster: 24"
[1] "     Cluster: 25"
[1] "     Cluster: 27"
[1] "     Cluster: 28"
[1] "     Cluster: 29"
[1] "     Cluster: 32"
[1] "     Cluster: 33"
[1] "     Cluster: 36"
[1] "     Cluster: 37"
[1] "     Cluster: 38"
[1] "     Cluster: 42"
[1] "     Cluster: 43"
[1] "     Cluster: 45"
[1] "     Cluster: 46"
[1] "     Cluster: 48"
[1] "     Cluster: 51"
[1] "     Cluster: 52"
[1] "     Cluster: 56"
[1] "     Cluster: 57"
[1] "     Cluster: 58"
[1] "     Cluster: 61"
[1] "     Cluster: 65"
[1] "     Cluster: 69"
[1] "     Cluster: 71"
[1] "     Cluster: 72"
[1] "     Cluster: 75"
[1] "     Cluster: 77"
[1] "     Cluster: 78"
[1] "     Cluster: 79"
[1] "     Cluster: 80"
[1] "     Cluster: 81"
[1] "     Cluster: 82"
[1] "     Cluster: 83"
[1] "     Cluster: 87"
[1] "     Cluster: 88"
[1] "     Cluster: 90"
[1] "     Cluster: 91"
[1] "     Cluster: 95"
[1] "     Cluster: 99"
[1] ""
[1] "IF for proposed nonparametric estimator computed."
`summarise()` has grouped output by 'theta', 'tau'. You can override using the
`.groups` argument.
`summarise()` has grouped output by 'theta'. You can override using the
`.groups` argument.
`summarise()` has grouped output by 'theta', 'tau'. You can override using the
`.groups` argument.
`summarise()` has grouped output by 'theta'. You can override using the
`.groups` argument.
`summarise()` has grouped output by 'theta', 'tau'. You can override using the
`.groups` argument.
`summarise()` has grouped output by 'theta'. You can override using the
`.groups` argument.
`summarise()` has grouped output by 'theta', 'tau'. You can override using the
`.groups` argument.
`summarise()` has grouped output by 'theta'. You can override using the
`.groups` argument.
`summarise()` has grouped output by 'theta', 'tau'. You can override using the
`.groups` argument.
`summarise()` has grouped output by 'theta'. You can override using the
`.groups` argument.
`summarise()` has grouped output by 'theta', 'tau'. You can override using the
`.groups` argument.
`summarise()` has grouped output by 'theta'. You can override using the
`.groups` argument.
`summarise()` has grouped output by 'theta', 'tau'. You can override using the
`.groups` argument.
`summarise()` has grouped output by 'theta'. You can override using the
`.groups` argument.
`summarise()` has grouped output by 'theta', 'tau'. You can override using the
`.groups` argument.
`summarise()` has grouped output by 'theta'. You can override using the
`.groups` argument.
[1] ""
[1] "Total run time was 141.325 seconds"
[1] "Estimation result: "
# A tibble: 360 × 5
   estimand theta   tau   est     se
   <chr>    <dbl> <dbl> <dbl>  <dbl>
 1 mu         0.1   0.1 0.340 0.0490
 2 mu         0.1   0.2 0.448 0.0480
 3 mu         0.1   0.3 0.491 0.0477
 4 mu         0.1   0.4 0.520 0.0458
 5 mu         0.1   0.5 0.553 0.0510
 6 mu         0.2   0.1 0.306 0.0348
 7 mu         0.2   0.2 0.403 0.0395
 8 mu         0.2   0.3 0.454 0.0428
 9 mu         0.2   0.4 0.497 0.0532
10 mu         0.2   0.5 0.521 0.0545
# ℹ 350 more rows
[1] ""
[1] "OR weights"
`summarise()` has grouped output by 'estimand'. You can override using the
`.groups` argument.
# A tibble: 27 × 6
# Groups:   estimand [3]
   estimand theta mean_value median_value min_value max_value
   <fct>    <dbl>      <dbl>        <dbl>     <dbl>     <dbl>
 1 mu         0.1      1.03         1         0.507      1.62
 2 mu         0.2      1.00         1         0.605      1.44
 3 mu         0.3      0.986        1         0.537      1.42
 4 mu         0.4      0.978        0.995     0.582      1.40
 5 mu         0.5      0.988        0.985     0.629      1.49
 6 mu         0.6      1.01         1         0.566      1.42
 7 mu         0.7      1.02         1         0.597      1.48
 8 mu         0.8      1.02         1         0.709      1.50
 9 mu         0.9      1.01         1         0.671      1.43
10 mu_1       0.1      1.01         1         0.451      1.49
11 mu_1       0.2      0.991        1         0.541      1.54
12 mu_1       0.3      0.979        1         0.536      1.34
13 mu_1       0.4      0.977        0.979     0.612      1.44
14 mu_1       0.5      0.994        1         0.599      1.46
15 mu_1       0.6      1.01         1         0.561      1.41
16 mu_1       0.7      1.02         1         0.616      1.51
17 mu_1       0.8      1.02         1         0.701      1.51
18 mu_1       0.9      1.01         1         0.675      1.44
19 mu_0       0.1      1.03         1.00      0.513      1.64
20 mu_0       0.2      1.00         1         0.607      1.44
21 mu_0       0.3      0.989        1         0.537      1.45
22 mu_0       0.4      0.978        1         0.562      1.38
23 mu_0       0.5      0.983        0.977     0.658      1.53
24 mu_0       0.6      1.00         1         0.574      1.44
25 mu_0       0.7      1.02         1         0.552      1.42
26 mu_0       0.8      1.02         1         0.684      1.60
27 mu_0       0.9      1.03         1.00      0.640      1.62
[1] ""
[1] "IPCW weights"
`summarise()` has grouped output by 'estimand'. You can override using the
`.groups` argument.
# A tibble: 27 × 6
# Groups:   estimand [3]
   estimand theta mean_value median_value min_value max_value
   <fct>    <dbl>      <dbl>        <dbl>     <dbl>     <dbl>
 1 mu         0.1      0.853 0.00000202    4.58e-20     10.0 
 2 mu         0.2      0.707 0.000183      4.80e-14     10.8 
 3 mu         0.3      0.802 0.00546       1.60e-10      5.98
 4 mu         0.4      0.998 0.0169        5.04e- 8     16.8 
 5 mu         0.5      1.06  0.0325        4.37e- 6     20.2 
 6 mu         0.6      0.908 0.0516        1.15e- 7     11.2 
 7 mu         0.7      0.777 0.153         3.65e-10      6.80
 8 mu         0.8      0.857 0.247         1.10e-13      8.99
 9 mu         0.9      1.09  0.672         1.05e-19      9.24
10 mu_1       0.1      0.534 0.0000000314  0            15.0 
11 mu_1       0.2      0.649 0.00000875    0             8.10
12 mu_1       0.3      0.858 0.000525      0             9.29
13 mu_1       0.4      1.04  0.00503       0            19.9 
14 mu_1       0.5      1.03  0.0171        0            19.1 
15 mu_1       0.6      0.865 0.0692        0             8.83
16 mu_1       0.7      0.778 0.197         0             7.07
17 mu_1       0.8      0.884 0.257         0             9.64
18 mu_1       0.9      1.11  0.721         0             8.80
19 mu_0       0.1      0.889 0.0000000674  0             9.44
20 mu_0       0.2      0.721 0.0000312     0            11.5 
21 mu_0       0.3      0.778 0.00190       0             6.17
22 mu_0       0.4      0.969 0.00436       0            14.7 
23 mu_0       0.5      1.08  0.0107        0            21.2 
24 mu_0       0.6      0.972 0.0129        0            14.7 
25 mu_0       0.7      0.775 0.0157        0             6.19
26 mu_0       0.8      0.746 0.000755      0             8.00
27 mu_0       0.9      0.884 0.000000997   0            13.2 
[1] "Total run time was 145.078 seconds"
