
Attaching package: ‘dplyr’

The following objects are masked from ‘package:stats’:

    filter, lag

The following objects are masked from ‘package:base’:

    intersect, setdiff, setequal, union

Loading required package: foreach
Loading required package: iterators
Loading required package: parallel

 randomForestSRC 3.2.2 
 
 Type rfsrc.news() to see new features, changes, and bug fixes. 
 

── Attaching core tidyverse packages ──────────────────────── tidyverse 2.0.0 ──
✔ forcats   1.0.0     ✔ readr     2.1.4
✔ ggplot2   3.3.6     ✔ stringr   1.5.1
✔ lubridate 1.9.3     ✔ tibble    3.2.1
✔ purrr     0.3.5     ✔ tidyr     1.2.1
── Conflicts ────────────────────────────────────────── tidyverse_conflicts() ──
✖ purrr::accumulate() masks foreach::accumulate()
✖ tidyr::extract()    masks dbarts::extract()
✖ dplyr::filter()     masks stats::filter()
✖ dplyr::lag()        masks stats::lag()
✖ purrr::partial()    masks randomForestSRC::partial()
✖ purrr::when()       masks foreach::when()
ℹ Use the [conflicted package](http://conflicted.r-lib.org/) to force all conflicts to become errors
[1] "[Analysis setting]"
[1] "n.cpus: 8"
[1] "method: nonpara"
[1] "taus: 0.1, 0.2, 0.3, 0.4, 0.5"
[1] "thetas: 0.1, 0.2, 0.3, 0.4, 0.5, 0.6, 0.7, 0.8, 0.9"
[1] "r: 100"
[1] "m: 100"
[1] "N_total: 1250"
[1] "cluster size dist'n: "

 5  6  7  8  9 10 11 12 13 14 15 16 17 18 19 20 
 5 10  4  9  7  6  4  4  8  4  4  9  5  7  5  9 
[1] "observed time summary: "
   Min. 1st Qu.  Median    Mean 3rd Qu.    Max. 
0.00000 0.03482 0.36886 0.65512 1.00000 6.00000 
[1] "event indicator table: "

  0   1 
722 528 
[1] "treatment indicator table: "

  0   1 
514 736 
[1] ""
[1] "Estimation start"
[1] "   Split: 1"
Note: Using an external vector in selections is ambiguous.
ℹ Use `all_of(X.T.names)` instead of `X.T.names` to silence this message.
ℹ See <https://tidyselect.r-lib.org/reference/faq-external-vector.html>.
This message is displayed once per session.
Note: Using an external vector in selections is ambiguous.
ℹ Use `all_of(X.C.names)` instead of `X.C.names` to silence this message.
ℹ See <https://tidyselect.r-lib.org/reference/faq-external-vector.html>.
This message is displayed once per session.
Note: Using an external vector in selections is ambiguous.
ℹ Use `all_of(X.A.names)` instead of `X.A.names` to silence this message.
ℹ See <https://tidyselect.r-lib.org/reference/faq-external-vector.html>.
This message is displayed once per session.

Running BART with binary y

number of trees: 25
number of chains: 1, number of threads 1
tree thinning rate: 1
Prior:
	prior on k: chi with 1.250000 degrees of freedom and inf scale
	power and base for tree prior: 2.000000 0.950000
	use quantiles for rule cut points: false
	proposal probabilities: birth/death 0.50, swap 0.10, change 0.40; birth 0.50
data:
	number of training observations: 637
	number of test observations: 0
	number of explanatory variables: 15

Cutoff rules c in x<=c vs x>c
Number of cutoffs: (var: number of possible c):
(1: 100) (2: 100) (3: 100) (4: 100) (5: 100) 
(6: 100) (7: 100) (8: 100) (9: 100) (10: 100) 
(11: 100) (12: 100) (13: 100) (14: 100) (15: 100) 

[1] "     Cluster: 2"
[1] "     Cluster: 4"
[1] "     Cluster: 5"
[1] "     Cluster: 6"
[1] "     Cluster: 10"
[1] "     Cluster: 11"
[1] "     Cluster: 13"
[1] "     Cluster: 15"
[1] "     Cluster: 17"
[1] "     Cluster: 19"
[1] "     Cluster: 22"
[1] "     Cluster: 24"
[1] "     Cluster: 25"
[1] "     Cluster: 27"
[1] "     Cluster: 28"
[1] "     Cluster: 29"
[1] "     Cluster: 31"
[1] "     Cluster: 33"
[1] "     Cluster: 35"
[1] "     Cluster: 37"
[1] "     Cluster: 39"
[1] "     Cluster: 42"
[1] "     Cluster: 43"
[1] "     Cluster: 44"
[1] "     Cluster: 48"
[1] "     Cluster: 49"
[1] "     Cluster: 52"
[1] "     Cluster: 53"
[1] "     Cluster: 58"
[1] "     Cluster: 59"
[1] "     Cluster: 61"
[1] "     Cluster: 63"
[1] "     Cluster: 64"
[1] "     Cluster: 65"
[1] "     Cluster: 66"
[1] "     Cluster: 70"
[1] "     Cluster: 72"
[1] "     Cluster: 73"
[1] "     Cluster: 74"
[1] "     Cluster: 79"
[1] "     Cluster: 81"
[1] "     Cluster: 82"
[1] "     Cluster: 87"
[1] "     Cluster: 89"
[1] "     Cluster: 92"
[1] "     Cluster: 93"
[1] "     Cluster: 94"
[1] "     Cluster: 97"
[1] "     Cluster: 98"
[1] "     Cluster: 100"
[1] "   Split: 2"

Running BART with binary y

number of trees: 25
number of chains: 1, number of threads 1
tree thinning rate: 1
Prior:
	prior on k: chi with 1.250000 degrees of freedom and inf scale
	power and base for tree prior: 2.000000 0.950000
	use quantiles for rule cut points: false
	proposal probabilities: birth/death 0.50, swap 0.10, change 0.40; birth 0.50
data:
	number of training observations: 613
	number of test observations: 0
	number of explanatory variables: 15

Cutoff rules c in x<=c vs x>c
Number of cutoffs: (var: number of possible c):
(1: 100) (2: 100) (3: 100) (4: 100) (5: 100) 
(6: 100) (7: 100) (8: 100) (9: 100) (10: 100) 
(11: 100) (12: 100) (13: 100) (14: 100) (15: 100) 

[1] "     Cluster: 1"
[1] "     Cluster: 3"
[1] "     Cluster: 7"
[1] "     Cluster: 8"
[1] "     Cluster: 9"
[1] "     Cluster: 12"
[1] "     Cluster: 14"
[1] "     Cluster: 16"
[1] "     Cluster: 18"
[1] "     Cluster: 20"
[1] "     Cluster: 21"
[1] "     Cluster: 23"
[1] "     Cluster: 26"
[1] "     Cluster: 30"
[1] "     Cluster: 32"
[1] "     Cluster: 34"
[1] "     Cluster: 36"
[1] "     Cluster: 38"
[1] "     Cluster: 40"
[1] "     Cluster: 41"
[1] "     Cluster: 45"
[1] "     Cluster: 46"
[1] "     Cluster: 47"
[1] "     Cluster: 50"
[1] "     Cluster: 51"
[1] "     Cluster: 54"
[1] "     Cluster: 55"
[1] "     Cluster: 56"
[1] "     Cluster: 57"
[1] "     Cluster: 60"
[1] "     Cluster: 62"
[1] "     Cluster: 67"
[1] "     Cluster: 68"
[1] "     Cluster: 69"
[1] "     Cluster: 71"
[1] "     Cluster: 75"
[1] "     Cluster: 76"
[1] "     Cluster: 77"
[1] "     Cluster: 78"
[1] "     Cluster: 80"
[1] "     Cluster: 83"
[1] "     Cluster: 84"
[1] "     Cluster: 85"
[1] "     Cluster: 86"
[1] "     Cluster: 88"
[1] "     Cluster: 90"
[1] "     Cluster: 91"
[1] "     Cluster: 95"
[1] "     Cluster: 96"
[1] "     Cluster: 99"
[1] ""
[1] "IF for proposed nonparametric estimator computed."
`summarise()` has grouped output by 'theta', 'tau'. You can override using the
`.groups` argument.
`summarise()` has grouped output by 'theta'. You can override using the
`.groups` argument.
`summarise()` has grouped output by 'theta', 'tau'. You can override using the
`.groups` argument.
`summarise()` has grouped output by 'theta'. You can override using the
`.groups` argument.
`summarise()` has grouped output by 'theta', 'tau'. You can override using the
`.groups` argument.
`summarise()` has grouped output by 'theta'. You can override using the
`.groups` argument.
`summarise()` has grouped output by 'theta', 'tau'. You can override using the
`.groups` argument.
`summarise()` has grouped output by 'theta'. You can override using the
`.groups` argument.
`summarise()` has grouped output by 'theta', 'tau'. You can override using the
`.groups` argument.
`summarise()` has grouped output by 'theta'. You can override using the
`.groups` argument.
`summarise()` has grouped output by 'theta', 'tau'. You can override using the
`.groups` argument.
`summarise()` has grouped output by 'theta'. You can override using the
`.groups` argument.
`summarise()` has grouped output by 'theta', 'tau'. You can override using the
`.groups` argument.
`summarise()` has grouped output by 'theta'. You can override using the
`.groups` argument.
`summarise()` has grouped output by 'theta', 'tau'. You can override using the
`.groups` argument.
`summarise()` has grouped output by 'theta'. You can override using the
`.groups` argument.
[1] ""
[1] "Total run time was 155.51 seconds"
[1] "Estimation result: "
# A tibble: 360 × 5
   estimand theta   tau   est     se
   <chr>    <dbl> <dbl> <dbl>  <dbl>
 1 mu         0.1   0.1 0.399 0.0400
 2 mu         0.1   0.2 0.532 0.0531
 3 mu         0.1   0.3 0.562 0.0502
 4 mu         0.1   0.4 0.596 0.0539
 5 mu         0.1   0.5 0.643 0.0592
 6 mu         0.2   0.1 0.347 0.0372
 7 mu         0.2   0.2 0.442 0.0485
 8 mu         0.2   0.3 0.485 0.0453
 9 mu         0.2   0.4 0.523 0.0476
10 mu         0.2   0.5 0.565 0.0530
# ℹ 350 more rows
[1] ""
[1] "OR weights"
`summarise()` has grouped output by 'estimand'. You can override using the
`.groups` argument.
# A tibble: 27 × 6
# Groups:   estimand [3]
   estimand theta mean_value median_value min_value max_value
   <fct>    <dbl>      <dbl>        <dbl>     <dbl>     <dbl>
 1 mu         0.1      0.989        1         0.540      2.05
 2 mu         0.2      0.979        1         0.481      1.60
 3 mu         0.3      0.977        1         0.467      1.78
 4 mu         0.4      0.979        1         0.548      1.52
 5 mu         0.5      0.979        1         0.575      1.40
 6 mu         0.6      0.981        1         0.621      1.40
 7 mu         0.7      0.988        1         0.533      1.47
 8 mu         0.8      0.997        1         0.646      1.34
 9 mu         0.9      1.01         1         0.764      1.28
10 mu_1       0.1      0.982        1         0.477      1.77
11 mu_1       0.2      0.979        0.994     0.417      1.81
12 mu_1       0.3      0.979        1         0.493      1.73
13 mu_1       0.4      0.979        1         0.543      1.51
14 mu_1       0.5      0.978        1         0.607      1.42
15 mu_1       0.6      0.981        1         0.612      1.44
16 mu_1       0.7      0.989        1         0.532      1.46
17 mu_1       0.8      0.998        1         0.668      1.35
18 mu_1       0.9      1.01         1         0.765      1.27
19 mu_0       0.1      0.990        1         0.538      2.11
20 mu_0       0.2      0.979        1         0.497      1.62
21 mu_0       0.3      0.976        1         0.455      1.81
22 mu_0       0.4      0.978        1         0.524      1.54
23 mu_0       0.5      0.981        1         0.541      1.47
24 mu_0       0.6      0.981        1         0.587      1.43
25 mu_0       0.7      0.985        1         0.535      1.49
26 mu_0       0.8      0.994        1         0.554      1.42
27 mu_0       0.9      0.993        1         0.688      1.39
[1] ""
[1] "IPCW weights"
`summarise()` has grouped output by 'estimand'. You can override using the
`.groups` argument.
# A tibble: 27 × 6
# Groups:   estimand [3]
   estimand theta mean_value median_value min_value max_value
   <fct>    <dbl>      <dbl>        <dbl>     <dbl>     <dbl>
 1 mu         0.1      1.79     0.000227   4.42e-20     14.8 
 2 mu         0.2      1.43     0.0141     4.63e-14     12.9 
 3 mu         0.3      1.05     0.0718     1.54e-10      9.15
 4 mu         0.4      0.878    0.123      4.86e- 8      6.58
 5 mu         0.5      0.879    0.120      4.21e- 6      5.09
 6 mu         0.6      0.967    0.125      2.51e- 7      8.26
 7 mu         0.7      1.04     0.200      7.95e-10     12.7 
 8 mu         0.8      1.03     0.297      2.39e-13      7.24
 9 mu         0.9      0.978    0.379      2.28e-19      5.76
10 mu_1       0.1      1.73     0.0000112  0            16.8 
11 mu_1       0.2      1.18     0.00105    0            10.4 
12 mu_1       0.3      0.883    0.0254     0             6.10
13 mu_1       0.4      0.811    0.0920     0             5.76
14 mu_1       0.5      0.871    0.0827     0             5.16
15 mu_1       0.6      0.978    0.144      0             9.63
16 mu_1       0.7      1.04     0.200      0            12.7 
17 mu_1       0.8      1.03     0.264      0             6.33
18 mu_1       0.9      0.974    0.307      0             5.64
19 mu_0       0.1      1.80     0.0000535  0            15.5 
20 mu_0       0.2      1.49     0.00540    0            13.6 
21 mu_0       0.3      1.13     0.0468     0            10.5 
22 mu_0       0.4      0.922    0.0528     0             8.78
23 mu_0       0.5      0.888    0.102      0             6.35
24 mu_0       0.6      0.951    0.106      0             6.19
25 mu_0       0.7      1.02     0.0867     0            12.7 
26 mu_0       0.8      1.03     0.0194     0            10.9 
27 mu_0       0.9      1.02     0.000415   0             8.23
[1] "Total run time was 159.389 seconds"
