
Attaching package: ‘dplyr’

The following objects are masked from ‘package:stats’:

    filter, lag

The following objects are masked from ‘package:base’:

    intersect, setdiff, setequal, union

Loading required package: foreach
Loading required package: iterators
Loading required package: parallel

 randomForestSRC 3.2.2 
 
 Type rfsrc.news() to see new features, changes, and bug fixes. 
 

── Attaching core tidyverse packages ──────────────────────── tidyverse 2.0.0 ──
✔ forcats   1.0.0     ✔ readr     2.1.4
✔ ggplot2   3.3.6     ✔ stringr   1.5.1
✔ lubridate 1.9.3     ✔ tibble    3.2.1
✔ purrr     0.3.5     ✔ tidyr     1.2.1
── Conflicts ────────────────────────────────────────── tidyverse_conflicts() ──
✖ purrr::accumulate() masks foreach::accumulate()
✖ tidyr::extract()    masks dbarts::extract()
✖ dplyr::filter()     masks stats::filter()
✖ dplyr::lag()        masks stats::lag()
✖ purrr::partial()    masks randomForestSRC::partial()
✖ purrr::when()       masks foreach::when()
ℹ Use the [conflicted package](http://conflicted.r-lib.org/) to force all conflicts to become errors
[1] "[Analysis setting]"
[1] "n.cpus: 8"
[1] "method: nonpara"
[1] "taus: 0.1, 0.2, 0.3, 0.4, 0.5"
[1] "thetas: 0.1, 0.2, 0.3, 0.4, 0.5, 0.6, 0.7, 0.8, 0.9"
[1] "r: 100"
[1] "m: 100"
[1] "N_total: 1240"
[1] "cluster size dist'n: "

 5  6  7  8  9 10 11 12 13 14 15 16 17 18 19 20 
 9  8  6  4  2  2 10 11  8  4  7  4  7  5  5  8 
[1] "observed time summary: "
   Min. 1st Qu.  Median    Mean 3rd Qu.    Max. 
0.00000 0.02226 0.30889 0.57612 0.94918 7.00000 
[1] "event indicator table: "

  0   1 
722 518 
[1] "treatment indicator table: "

  0   1 
471 769 
[1] ""
[1] "Estimation start"
[1] "   Split: 1"
Note: Using an external vector in selections is ambiguous.
ℹ Use `all_of(X.T.names)` instead of `X.T.names` to silence this message.
ℹ See <https://tidyselect.r-lib.org/reference/faq-external-vector.html>.
This message is displayed once per session.
Note: Using an external vector in selections is ambiguous.
ℹ Use `all_of(X.C.names)` instead of `X.C.names` to silence this message.
ℹ See <https://tidyselect.r-lib.org/reference/faq-external-vector.html>.
This message is displayed once per session.
Note: Using an external vector in selections is ambiguous.
ℹ Use `all_of(X.A.names)` instead of `X.A.names` to silence this message.
ℹ See <https://tidyselect.r-lib.org/reference/faq-external-vector.html>.
This message is displayed once per session.

Running BART with binary y

number of trees: 25
number of chains: 1, number of threads 1
tree thinning rate: 1
Prior:
	prior on k: chi with 1.250000 degrees of freedom and inf scale
	power and base for tree prior: 2.000000 0.950000
	use quantiles for rule cut points: false
	proposal probabilities: birth/death 0.50, swap 0.10, change 0.40; birth 0.50
data:
	number of training observations: 632
	number of test observations: 0
	number of explanatory variables: 15

Cutoff rules c in x<=c vs x>c
Number of cutoffs: (var: number of possible c):
(1: 100) (2: 100) (3: 100) (4: 100) (5: 100) 
(6: 100) (7: 100) (8: 100) (9: 100) (10: 100) 
(11: 100) (12: 100) (13: 100) (14: 100) (15: 100) 

[1] "     Cluster: 2"
[1] "     Cluster: 3"
[1] "     Cluster: 4"
[1] "     Cluster: 5"
[1] "     Cluster: 6"
[1] "     Cluster: 9"
[1] "     Cluster: 11"
[1] "     Cluster: 12"
[1] "     Cluster: 14"
[1] "     Cluster: 15"
[1] "     Cluster: 18"
[1] "     Cluster: 20"
[1] "     Cluster: 21"
[1] "     Cluster: 23"
[1] "     Cluster: 25"
[1] "     Cluster: 26"
[1] "     Cluster: 31"
[1] "     Cluster: 33"
[1] "     Cluster: 34"
[1] "     Cluster: 35"
[1] "     Cluster: 37"
[1] "     Cluster: 38"
[1] "     Cluster: 40"
[1] "     Cluster: 41"
[1] "     Cluster: 43"
[1] "     Cluster: 44"
[1] "     Cluster: 49"
[1] "     Cluster: 51"
[1] "     Cluster: 52"
[1] "     Cluster: 54"
[1] "     Cluster: 55"
[1] "     Cluster: 56"
[1] "     Cluster: 58"
[1] "     Cluster: 59"
[1] "     Cluster: 63"
[1] "     Cluster: 64"
[1] "     Cluster: 65"
[1] "     Cluster: 67"
[1] "     Cluster: 73"
[1] "     Cluster: 77"
[1] "     Cluster: 78"
[1] "     Cluster: 79"
[1] "     Cluster: 81"
[1] "     Cluster: 82"
[1] "     Cluster: 85"
[1] "     Cluster: 89"
[1] "     Cluster: 90"
[1] "     Cluster: 97"
[1] "     Cluster: 98"
[1] "     Cluster: 100"
[1] "   Split: 2"

Running BART with binary y

number of trees: 25
number of chains: 1, number of threads 1
tree thinning rate: 1
Prior:
	prior on k: chi with 1.250000 degrees of freedom and inf scale
	power and base for tree prior: 2.000000 0.950000
	use quantiles for rule cut points: false
	proposal probabilities: birth/death 0.50, swap 0.10, change 0.40; birth 0.50
data:
	number of training observations: 608
	number of test observations: 0
	number of explanatory variables: 15

Cutoff rules c in x<=c vs x>c
Number of cutoffs: (var: number of possible c):
(1: 100) (2: 100) (3: 100) (4: 100) (5: 100) 
(6: 100) (7: 100) (8: 100) (9: 100) (10: 100) 
(11: 100) (12: 100) (13: 100) (14: 100) (15: 100) 

[1] "     Cluster: 1"
[1] "     Cluster: 7"
[1] "     Cluster: 8"
[1] "     Cluster: 10"
[1] "     Cluster: 13"
[1] "     Cluster: 16"
[1] "     Cluster: 17"
[1] "     Cluster: 19"
[1] "     Cluster: 22"
[1] "     Cluster: 24"
[1] "     Cluster: 27"
[1] "     Cluster: 28"
[1] "     Cluster: 29"
[1] "     Cluster: 30"
[1] "     Cluster: 32"
[1] "     Cluster: 36"
[1] "     Cluster: 39"
[1] "     Cluster: 42"
[1] "     Cluster: 45"
[1] "     Cluster: 46"
[1] "     Cluster: 47"
[1] "     Cluster: 48"
[1] "     Cluster: 50"
[1] "     Cluster: 53"
[1] "     Cluster: 57"
[1] "     Cluster: 60"
[1] "     Cluster: 61"
[1] "     Cluster: 62"
[1] "     Cluster: 66"
[1] "     Cluster: 68"
[1] "     Cluster: 69"
[1] "     Cluster: 70"
[1] "     Cluster: 71"
[1] "     Cluster: 72"
[1] "     Cluster: 74"
[1] "     Cluster: 75"
[1] "     Cluster: 76"
[1] "     Cluster: 80"
[1] "     Cluster: 83"
[1] "     Cluster: 84"
[1] "     Cluster: 86"
[1] "     Cluster: 87"
[1] "     Cluster: 88"
[1] "     Cluster: 91"
[1] "     Cluster: 92"
[1] "     Cluster: 93"
[1] "     Cluster: 94"
[1] "     Cluster: 95"
[1] "     Cluster: 96"
[1] "     Cluster: 99"
[1] ""
[1] "IF for proposed nonparametric estimator computed."
`summarise()` has grouped output by 'theta', 'tau'. You can override using the
`.groups` argument.
`summarise()` has grouped output by 'theta'. You can override using the
`.groups` argument.
`summarise()` has grouped output by 'theta', 'tau'. You can override using the
`.groups` argument.
`summarise()` has grouped output by 'theta'. You can override using the
`.groups` argument.
`summarise()` has grouped output by 'theta', 'tau'. You can override using the
`.groups` argument.
`summarise()` has grouped output by 'theta'. You can override using the
`.groups` argument.
`summarise()` has grouped output by 'theta', 'tau'. You can override using the
`.groups` argument.
`summarise()` has grouped output by 'theta'. You can override using the
`.groups` argument.
`summarise()` has grouped output by 'theta', 'tau'. You can override using the
`.groups` argument.
`summarise()` has grouped output by 'theta'. You can override using the
`.groups` argument.
`summarise()` has grouped output by 'theta', 'tau'. You can override using the
`.groups` argument.
`summarise()` has grouped output by 'theta'. You can override using the
`.groups` argument.
`summarise()` has grouped output by 'theta', 'tau'. You can override using the
`.groups` argument.
`summarise()` has grouped output by 'theta'. You can override using the
`.groups` argument.
`summarise()` has grouped output by 'theta', 'tau'. You can override using the
`.groups` argument.
`summarise()` has grouped output by 'theta'. You can override using the
`.groups` argument.
[1] ""
[1] "Total run time was 129.779 seconds"
[1] "Estimation result: "
# A tibble: 360 × 5
   estimand theta   tau   est     se
   <chr>    <dbl> <dbl> <dbl>  <dbl>
 1 mu         0.1   0.1 0.416 0.0406
 2 mu         0.1   0.2 0.539 0.0367
 3 mu         0.1   0.3 0.588 0.0323
 4 mu         0.1   0.4 0.656 0.0454
 5 mu         0.1   0.5 0.670 0.0396
 6 mu         0.2   0.1 0.337 0.0298
 7 mu         0.2   0.2 0.471 0.0371
 8 mu         0.2   0.3 0.526 0.0344
 9 mu         0.2   0.4 0.582 0.0427
10 mu         0.2   0.5 0.606 0.0378
# ℹ 350 more rows
[1] ""
[1] "OR weights"
`summarise()` has grouped output by 'estimand'. You can override using the
`.groups` argument.
# A tibble: 27 × 6
# Groups:   estimand [3]
   estimand theta mean_value median_value min_value max_value
   <fct>    <dbl>      <dbl>        <dbl>     <dbl>     <dbl>
 1 mu         0.1      1.00         1         0.574      1.53
 2 mu         0.2      1.01         1         0.622      1.50
 3 mu         0.3      0.994        1         0.517      1.47
 4 mu         0.4      0.995        1         0.524      1.37
 5 mu         0.5      1.00         1         0.670      1.29
 6 mu         0.6      1.01         1         0.636      1.43
 7 mu         0.7      1.01         1         0.683      1.34
 8 mu         0.8      1.01         0.998     0.709      1.43
 9 mu         0.9      1.01         1         0.647      1.38
10 mu_1       0.1      1.02         1         0.618      1.64
11 mu_1       0.2      1.00         1         0.539      1.54
12 mu_1       0.3      0.993        1         0.502      1.48
13 mu_1       0.4      0.999        1         0.545      1.30
14 mu_1       0.5      1.01         1         0.652      1.33
15 mu_1       0.6      1.01         1         0.634      1.44
16 mu_1       0.7      1.01         1         0.698      1.34
17 mu_1       0.8      1.01         1         0.699      1.43
18 mu_1       0.9      1.01         1         0.645      1.38
19 mu_0       0.1      1.00         1         0.569      1.51
20 mu_0       0.2      1.01         1         0.634      1.49
21 mu_0       0.3      0.995        1         0.524      1.47
22 mu_0       0.4      0.993        1         0.510      1.42
23 mu_0       0.5      1.00         1         0.605      1.29
24 mu_0       0.6      1.01         1         0.638      1.40
25 mu_0       0.7      1.01         1         0.629      1.43
26 mu_0       0.8      1.01         1         0.713      1.43
27 mu_0       0.9      1.01         1         0.616      1.49
[1] ""
[1] "IPCW weights"
`summarise()` has grouped output by 'estimand'. You can override using the
`.groups` argument.
# A tibble: 27 × 6
# Groups:   estimand [3]
   estimand theta mean_value median_value min_value max_value
   <fct>    <dbl>      <dbl>        <dbl>     <dbl>     <dbl>
 1 mu         0.1      1.10  0.0000302     4.90e-20     11.6 
 2 mu         0.2      0.889 0.00160       5.14e-14      5.58
 3 mu         0.3      0.763 0.0138        1.71e-10      6.78
 4 mu         0.4      0.760 0.0309        5.39e- 8      8.27
 5 mu         0.5      0.764 0.0356        4.67e- 6      8.29
 6 mu         0.6      0.722 0.0537        5.34e- 7      7.07
 7 mu         0.7      0.737 0.0966        3.01e- 9      5.76
 8 mu         0.8      0.944 0.238         2.04e-12      7.58
 9 mu         0.9      1.27  0.771         7.78e-18      9.86
10 mu_1       0.1      0.953 0.0000000584  0            11.6 
11 mu_1       0.2      0.761 0.0000260     0             6.56
12 mu_1       0.3      0.724 0.000854      0             7.54
13 mu_1       0.4      0.762 0.00836       0             9.31
14 mu_1       0.5      0.758 0.0305        0             7.46
15 mu_1       0.6      0.715 0.0539        0             7.25
16 mu_1       0.7      0.758 0.105         0             5.07
17 mu_1       0.8      0.988 0.219         0             8.29
18 mu_1       0.9      1.29  0.745         0             9.58
19 mu_0       0.1      1.11  0.00000224    0            11.6 
20 mu_0       0.2      0.921 0.000319      0             6.28
21 mu_0       0.3      0.779 0.00550       0             6.46
22 mu_0       0.4      0.758 0.0196        0             7.58
23 mu_0       0.5      0.771 0.00920       0             9.12
24 mu_0       0.6      0.733 0.0147        0             6.79
25 mu_0       0.7      0.689 0.00505       0             7.38
26 mu_0       0.8      0.767 0.000112      0             6.24
27 mu_0       0.9      1.08  0.000000119   0            12.3 
[1] "Total run time was 133.457 seconds"
