
Attaching package: ‘dplyr’

The following objects are masked from ‘package:stats’:

    filter, lag

The following objects are masked from ‘package:base’:

    intersect, setdiff, setequal, union

Loading required package: foreach
Loading required package: iterators
Loading required package: parallel

 randomForestSRC 3.2.2 
 
 Type rfsrc.news() to see new features, changes, and bug fixes. 
 

── Attaching core tidyverse packages ──────────────────────── tidyverse 2.0.0 ──
✔ forcats   1.0.0     ✔ readr     2.1.4
✔ ggplot2   3.3.6     ✔ stringr   1.5.1
✔ lubridate 1.9.3     ✔ tibble    3.2.1
✔ purrr     0.3.5     ✔ tidyr     1.2.1
── Conflicts ────────────────────────────────────────── tidyverse_conflicts() ──
✖ purrr::accumulate() masks foreach::accumulate()
✖ tidyr::extract()    masks dbarts::extract()
✖ dplyr::filter()     masks stats::filter()
✖ dplyr::lag()        masks stats::lag()
✖ purrr::partial()    masks randomForestSRC::partial()
✖ purrr::when()       masks foreach::when()
ℹ Use the [conflicted package](http://conflicted.r-lib.org/) to force all conflicts to become errors
[1] "[Analysis setting]"
[1] "n.cpus: 8"
[1] "method: nonpara"
[1] "taus: 0.1, 0.2, 0.3, 0.4, 0.5"
[1] "thetas: 0.1, 0.2, 0.3, 0.4, 0.5, 0.6, 0.7, 0.8, 0.9"
[1] "r: 100"
[1] "m: 100"
[1] "N_total: 1238"
[1] "cluster size dist'n: "

 5  6  7  8  9 10 11 12 13 14 15 17 18 19 20 
 6  5  5  5 11  8  3 10  7  8  6  8  7  4  7 
[1] "observed time summary: "
   Min. 1st Qu.  Median    Mean 3rd Qu.    Max. 
0.00000 0.02871 0.32177 0.59900 0.99768 5.00000 
[1] "event indicator table: "

  0   1 
705 533 
[1] "treatment indicator table: "

  0   1 
522 716 
[1] ""
[1] "Estimation start"
[1] "   Split: 1"
Note: Using an external vector in selections is ambiguous.
ℹ Use `all_of(X.T.names)` instead of `X.T.names` to silence this message.
ℹ See <https://tidyselect.r-lib.org/reference/faq-external-vector.html>.
This message is displayed once per session.
Note: Using an external vector in selections is ambiguous.
ℹ Use `all_of(X.C.names)` instead of `X.C.names` to silence this message.
ℹ See <https://tidyselect.r-lib.org/reference/faq-external-vector.html>.
This message is displayed once per session.
Note: Using an external vector in selections is ambiguous.
ℹ Use `all_of(X.A.names)` instead of `X.A.names` to silence this message.
ℹ See <https://tidyselect.r-lib.org/reference/faq-external-vector.html>.
This message is displayed once per session.

Running BART with binary y

number of trees: 25
number of chains: 1, number of threads 1
tree thinning rate: 1
Prior:
	prior on k: chi with 1.250000 degrees of freedom and inf scale
	power and base for tree prior: 2.000000 0.950000
	use quantiles for rule cut points: false
	proposal probabilities: birth/death 0.50, swap 0.10, change 0.40; birth 0.50
data:
	number of training observations: 620
	number of test observations: 0
	number of explanatory variables: 15

Cutoff rules c in x<=c vs x>c
Number of cutoffs: (var: number of possible c):
(1: 100) (2: 100) (3: 100) (4: 100) (5: 100) 
(6: 100) (7: 100) (8: 100) (9: 100) (10: 100) 
(11: 100) (12: 100) (13: 100) (14: 100) (15: 100) 

[1] "     Cluster: 2"
[1] "     Cluster: 4"
[1] "     Cluster: 5"
[1] "     Cluster: 9"
[1] "     Cluster: 10"
[1] "     Cluster: 11"
[1] "     Cluster: 12"
[1] "     Cluster: 14"
[1] "     Cluster: 16"
[1] "     Cluster: 18"
[1] "     Cluster: 20"
[1] "     Cluster: 22"
[1] "     Cluster: 25"
[1] "     Cluster: 26"
[1] "     Cluster: 27"
[1] "     Cluster: 28"
[1] "     Cluster: 30"
[1] "     Cluster: 32"
[1] "     Cluster: 33"
[1] "     Cluster: 35"
[1] "     Cluster: 36"
[1] "     Cluster: 42"
[1] "     Cluster: 44"
[1] "     Cluster: 48"
[1] "     Cluster: 51"
[1] "     Cluster: 53"
[1] "     Cluster: 56"
[1] "     Cluster: 60"
[1] "     Cluster: 63"
[1] "     Cluster: 65"
[1] "     Cluster: 66"
[1] "     Cluster: 67"
[1] "     Cluster: 68"
[1] "     Cluster: 69"
[1] "     Cluster: 73"
[1] "     Cluster: 74"
[1] "     Cluster: 76"
[1] "     Cluster: 77"
[1] "     Cluster: 83"
[1] "     Cluster: 84"
[1] "     Cluster: 88"
[1] "     Cluster: 89"
[1] "     Cluster: 91"
[1] "     Cluster: 92"
[1] "     Cluster: 93"
[1] "     Cluster: 94"
[1] "     Cluster: 95"
[1] "     Cluster: 96"
[1] "     Cluster: 98"
[1] "     Cluster: 100"
[1] "   Split: 2"

Running BART with binary y

number of trees: 25
number of chains: 1, number of threads 1
tree thinning rate: 1
Prior:
	prior on k: chi with 1.250000 degrees of freedom and inf scale
	power and base for tree prior: 2.000000 0.950000
	use quantiles for rule cut points: false
	proposal probabilities: birth/death 0.50, swap 0.10, change 0.40; birth 0.50
data:
	number of training observations: 618
	number of test observations: 0
	number of explanatory variables: 15

Cutoff rules c in x<=c vs x>c
Number of cutoffs: (var: number of possible c):
(1: 100) (2: 100) (3: 100) (4: 100) (5: 100) 
(6: 100) (7: 100) (8: 100) (9: 100) (10: 100) 
(11: 100) (12: 100) (13: 100) (14: 100) (15: 100) 

[1] "     Cluster: 1"
[1] "     Cluster: 3"
[1] "     Cluster: 6"
[1] "     Cluster: 7"
[1] "     Cluster: 8"
[1] "     Cluster: 13"
[1] "     Cluster: 15"
[1] "     Cluster: 17"
[1] "     Cluster: 19"
[1] "     Cluster: 21"
[1] "     Cluster: 23"
[1] "     Cluster: 24"
[1] "     Cluster: 29"
[1] "     Cluster: 31"
[1] "     Cluster: 34"
[1] "     Cluster: 37"
[1] "     Cluster: 38"
[1] "     Cluster: 39"
[1] "     Cluster: 40"
[1] "     Cluster: 41"
[1] "     Cluster: 43"
[1] "     Cluster: 45"
[1] "     Cluster: 46"
[1] "     Cluster: 47"
[1] "     Cluster: 49"
[1] "     Cluster: 50"
[1] "     Cluster: 52"
[1] "     Cluster: 54"
[1] "     Cluster: 55"
[1] "     Cluster: 57"
[1] "     Cluster: 58"
[1] "     Cluster: 59"
[1] "     Cluster: 61"
[1] "     Cluster: 62"
[1] "     Cluster: 64"
[1] "     Cluster: 70"
[1] "     Cluster: 71"
[1] "     Cluster: 72"
[1] "     Cluster: 75"
[1] "     Cluster: 78"
[1] "     Cluster: 79"
[1] "     Cluster: 80"
[1] "     Cluster: 81"
[1] "     Cluster: 82"
[1] "     Cluster: 85"
[1] "     Cluster: 86"
[1] "     Cluster: 87"
[1] "     Cluster: 90"
[1] "     Cluster: 97"
[1] "     Cluster: 99"
[1] ""
[1] "IF for proposed nonparametric estimator computed."
`summarise()` has grouped output by 'theta', 'tau'. You can override using the
`.groups` argument.
`summarise()` has grouped output by 'theta'. You can override using the
`.groups` argument.
`summarise()` has grouped output by 'theta', 'tau'. You can override using the
`.groups` argument.
`summarise()` has grouped output by 'theta'. You can override using the
`.groups` argument.
`summarise()` has grouped output by 'theta', 'tau'. You can override using the
`.groups` argument.
`summarise()` has grouped output by 'theta'. You can override using the
`.groups` argument.
`summarise()` has grouped output by 'theta', 'tau'. You can override using the
`.groups` argument.
`summarise()` has grouped output by 'theta'. You can override using the
`.groups` argument.
`summarise()` has grouped output by 'theta', 'tau'. You can override using the
`.groups` argument.
`summarise()` has grouped output by 'theta'. You can override using the
`.groups` argument.
`summarise()` has grouped output by 'theta', 'tau'. You can override using the
`.groups` argument.
`summarise()` has grouped output by 'theta'. You can override using the
`.groups` argument.
`summarise()` has grouped output by 'theta', 'tau'. You can override using the
`.groups` argument.
`summarise()` has grouped output by 'theta'. You can override using the
`.groups` argument.
`summarise()` has grouped output by 'theta', 'tau'. You can override using the
`.groups` argument.
`summarise()` has grouped output by 'theta'. You can override using the
`.groups` argument.
[1] ""
[1] "Total run time was 150.719 seconds"
[1] "Estimation result: "
# A tibble: 360 × 5
   estimand theta   tau   est     se
   <chr>    <dbl> <dbl> <dbl>  <dbl>
 1 mu         0.1   0.1 0.361 0.0330
 2 mu         0.1   0.2 0.440 0.0304
 3 mu         0.1   0.3 0.492 0.0299
 4 mu         0.1   0.4 0.534 0.0336
 5 mu         0.1   0.5 0.620 0.0315
 6 mu         0.2   0.1 0.331 0.0288
 7 mu         0.2   0.2 0.410 0.0296
 8 mu         0.2   0.3 0.450 0.0300
 9 mu         0.2   0.4 0.479 0.0318
10 mu         0.2   0.5 0.554 0.0301
# ℹ 350 more rows
[1] ""
[1] "OR weights"
`summarise()` has grouped output by 'estimand'. You can override using the
`.groups` argument.
# A tibble: 27 × 6
# Groups:   estimand [3]
   estimand theta mean_value median_value min_value max_value
   <fct>    <dbl>      <dbl>        <dbl>     <dbl>     <dbl>
 1 mu         0.1      1.01         1         0.661      1.36
 2 mu         0.2      1.02         1         0.701      1.56
 3 mu         0.3      1.00         1         0.694      1.69
 4 mu         0.4      0.987        0.957     0.635      1.71
 5 mu         0.5      0.996        1.00      0.627      1.43
 6 mu         0.6      1.02         1         0.673      1.51
 7 mu         0.7      1.01         1         0.710      1.45
 8 mu         0.8      0.991        1         0.699      1.41
 9 mu         0.9      0.991        1         0.675      1.29
10 mu_1       0.1      1.03         1         0.577      1.62
11 mu_1       0.2      1.01         1         0.705      1.64
12 mu_1       0.3      0.992        0.974     0.661      1.81
13 mu_1       0.4      0.987        0.979     0.602      1.63
14 mu_1       0.5      1.00         1         0.643      1.39
15 mu_1       0.6      1.02         1         0.672      1.52
16 mu_1       0.7      1.01         1         0.704      1.43
17 mu_1       0.8      0.990        1         0.679      1.41
18 mu_1       0.9      0.992        1         0.676      1.29
19 mu_0       0.1      1.00         1         0.670      1.34
20 mu_0       0.2      1.02         1         0.680      1.54
21 mu_0       0.3      1.00         1         0.708      1.63
22 mu_0       0.4      0.988        0.969     0.638      1.76
23 mu_0       0.5      0.989        0.985     0.607      1.48
24 mu_0       0.6      1.01         1         0.674      1.50
25 mu_0       0.7      1.02         1.00      0.665      1.49
26 mu_0       0.8      0.999        1         0.681      1.41
27 mu_0       0.9      0.977        1         0.609      1.42
[1] ""
[1] "IPCW weights"
`summarise()` has grouped output by 'estimand'. You can override using the
`.groups` argument.
# A tibble: 27 × 6
# Groups:   estimand [3]
   estimand theta mean_value  median_value min_value max_value
   <fct>    <dbl>      <dbl>         <dbl>     <dbl>     <dbl>
 1 mu         0.1      1.01  0.00260        5.08e-20      5.58
 2 mu         0.2      0.875 0.0964         5.33e-14      5.72
 3 mu         0.3      0.870 0.0562         1.77e-10      5.60
 4 mu         0.4      0.829 0.0341         5.59e- 8      6.06
 5 mu         0.5      0.750 0.0372         4.85e- 6      5.37
 6 mu         0.6      0.706 0.0381         8.31e- 8      6.73
 7 mu         0.7      0.714 0.0239         2.64e-10      5.47
 8 mu         0.8      0.764 0.0888         7.93e-14      5.84
 9 mu         0.9      0.798 0.164          7.56e-20      4.40
10 mu_1       0.1      0.806 0.0000000405   0             7.69
11 mu_1       0.2      0.797 0.0000104      0             6.60
12 mu_1       0.3      0.848 0.000507       0             6.23
13 mu_1       0.4      0.799 0.00449        0             6.49
14 mu_1       0.5      0.725 0.00639        0             5.76
15 mu_1       0.6      0.699 0.0117         0             6.73
16 mu_1       0.7      0.723 0.0171         0             5.86
17 mu_1       0.8      0.774 0.103          0             6.01
18 mu_1       0.9      0.810 0.107          0             4.30
19 mu_0       0.1      1.03  0.00122        0             5.72
20 mu_0       0.2      0.895 0.0585         0             5.92
21 mu_0       0.3      0.880 0.0361         0             5.58
22 mu_0       0.4      0.849 0.0345         0             5.97
23 mu_0       0.5      0.775 0.0159         0             6.14
24 mu_0       0.6      0.716 0.00410        0             6.73
25 mu_0       0.7      0.691 0.000294       0             6.24
26 mu_0       0.8      0.721 0.00000736     0             6.74
27 mu_0       0.9      0.696 0.00000000934  0             6.70
[1] "Total run time was 154.951 seconds"
