
Attaching package: ‘dplyr’

The following objects are masked from ‘package:stats’:

    filter, lag

The following objects are masked from ‘package:base’:

    intersect, setdiff, setequal, union

Loading required package: foreach
Loading required package: iterators
Loading required package: parallel

 randomForestSRC 3.2.2 
 
 Type rfsrc.news() to see new features, changes, and bug fixes. 
 

── Attaching core tidyverse packages ──────────────────────── tidyverse 2.0.0 ──
✔ forcats   1.0.0     ✔ readr     2.1.4
✔ ggplot2   3.3.6     ✔ stringr   1.5.1
✔ lubridate 1.9.3     ✔ tibble    3.2.1
✔ purrr     0.3.5     ✔ tidyr     1.2.1
── Conflicts ────────────────────────────────────────── tidyverse_conflicts() ──
✖ purrr::accumulate() masks foreach::accumulate()
✖ tidyr::extract()    masks dbarts::extract()
✖ dplyr::filter()     masks stats::filter()
✖ dplyr::lag()        masks stats::lag()
✖ purrr::partial()    masks randomForestSRC::partial()
✖ purrr::when()       masks foreach::when()
ℹ Use the [conflicted package](http://conflicted.r-lib.org/) to force all conflicts to become errors
[1] "[Analysis setting]"
[1] "n.cpus: 8"
[1] "method: nonpara"
[1] "taus: 0.1, 0.2, 0.3, 0.4, 0.5"
[1] "thetas: 0.1, 0.2, 0.3, 0.4, 0.5, 0.6, 0.7, 0.8, 0.9"
[1] "r: 100"
[1] "m: 100"
[1] "N_total: 1251"
[1] "cluster size dist'n: "

 5  6  7  8  9 10 11 12 13 14 15 16 17 18 19 20 
 6  8  2  7  5 10  5  6  9  8  3  6  7  5  8  5 
[1] "observed time summary: "
   Min. 1st Qu.  Median    Mean 3rd Qu.    Max. 
0.00000 0.01473 0.30745 0.58103 0.98333 7.00000 
[1] "event indicator table: "

  0   1 
681 570 
[1] "treatment indicator table: "

  0   1 
581 670 
[1] ""
[1] "Estimation start"
[1] "   Split: 1"
Note: Using an external vector in selections is ambiguous.
ℹ Use `all_of(X.T.names)` instead of `X.T.names` to silence this message.
ℹ See <https://tidyselect.r-lib.org/reference/faq-external-vector.html>.
This message is displayed once per session.
Note: Using an external vector in selections is ambiguous.
ℹ Use `all_of(X.C.names)` instead of `X.C.names` to silence this message.
ℹ See <https://tidyselect.r-lib.org/reference/faq-external-vector.html>.
This message is displayed once per session.
Note: Using an external vector in selections is ambiguous.
ℹ Use `all_of(X.A.names)` instead of `X.A.names` to silence this message.
ℹ See <https://tidyselect.r-lib.org/reference/faq-external-vector.html>.
This message is displayed once per session.

Running BART with binary y

number of trees: 25
number of chains: 1, number of threads 1
tree thinning rate: 1
Prior:
	prior on k: chi with 1.250000 degrees of freedom and inf scale
	power and base for tree prior: 2.000000 0.950000
	use quantiles for rule cut points: false
	proposal probabilities: birth/death 0.50, swap 0.10, change 0.40; birth 0.50
data:
	number of training observations: 644
	number of test observations: 0
	number of explanatory variables: 15

Cutoff rules c in x<=c vs x>c
Number of cutoffs: (var: number of possible c):
(1: 100) (2: 100) (3: 100) (4: 100) (5: 100) 
(6: 100) (7: 100) (8: 100) (9: 100) (10: 100) 
(11: 100) (12: 100) (13: 100) (14: 100) (15: 100) 

[1] "     Cluster: 1"
[1] "     Cluster: 2"
[1] "     Cluster: 3"
[1] "     Cluster: 4"
[1] "     Cluster: 6"
[1] "     Cluster: 7"
[1] "     Cluster: 8"
[1] "     Cluster: 9"
[1] "     Cluster: 10"
[1] "     Cluster: 11"
[1] "     Cluster: 15"
[1] "     Cluster: 16"
[1] "     Cluster: 18"
[1] "     Cluster: 25"
[1] "     Cluster: 26"
[1] "     Cluster: 27"
[1] "     Cluster: 28"
[1] "     Cluster: 29"
[1] "     Cluster: 34"
[1] "     Cluster: 35"
[1] "     Cluster: 37"
[1] "     Cluster: 38"
[1] "     Cluster: 40"
[1] "     Cluster: 43"
[1] "     Cluster: 47"
[1] "     Cluster: 48"
[1] "     Cluster: 51"
[1] "     Cluster: 54"
[1] "     Cluster: 57"
[1] "     Cluster: 58"
[1] "     Cluster: 60"
[1] "     Cluster: 61"
[1] "     Cluster: 63"
[1] "     Cluster: 67"
[1] "     Cluster: 68"
[1] "     Cluster: 70"
[1] "     Cluster: 71"
[1] "     Cluster: 72"
[1] "     Cluster: 73"
[1] "     Cluster: 76"
[1] "     Cluster: 79"
[1] "     Cluster: 80"
[1] "     Cluster: 82"
[1] "     Cluster: 85"
[1] "     Cluster: 86"
[1] "     Cluster: 87"
[1] "     Cluster: 88"
[1] "     Cluster: 89"
[1] "     Cluster: 95"
[1] "     Cluster: 100"
[1] "   Split: 2"

Running BART with binary y

number of trees: 25
number of chains: 1, number of threads 1
tree thinning rate: 1
Prior:
	prior on k: chi with 1.250000 degrees of freedom and inf scale
	power and base for tree prior: 2.000000 0.950000
	use quantiles for rule cut points: false
	proposal probabilities: birth/death 0.50, swap 0.10, change 0.40; birth 0.50
data:
	number of training observations: 607
	number of test observations: 0
	number of explanatory variables: 15

Cutoff rules c in x<=c vs x>c
Number of cutoffs: (var: number of possible c):
(1: 100) (2: 100) (3: 100) (4: 100) (5: 100) 
(6: 100) (7: 100) (8: 100) (9: 100) (10: 100) 
(11: 100) (12: 100) (13: 100) (14: 100) (15: 100) 

[1] "     Cluster: 5"
[1] "     Cluster: 12"
[1] "     Cluster: 13"
[1] "     Cluster: 14"
[1] "     Cluster: 17"
[1] "     Cluster: 19"
[1] "     Cluster: 20"
[1] "     Cluster: 21"
[1] "     Cluster: 22"
[1] "     Cluster: 23"
[1] "     Cluster: 24"
[1] "     Cluster: 30"
[1] "     Cluster: 31"
[1] "     Cluster: 32"
[1] "     Cluster: 33"
[1] "     Cluster: 36"
[1] "     Cluster: 39"
[1] "     Cluster: 41"
[1] "     Cluster: 42"
[1] "     Cluster: 44"
[1] "     Cluster: 45"
[1] "     Cluster: 46"
[1] "     Cluster: 49"
[1] "     Cluster: 50"
[1] "     Cluster: 52"
[1] "     Cluster: 53"
[1] "     Cluster: 55"
[1] "     Cluster: 56"
[1] "     Cluster: 59"
[1] "     Cluster: 62"
[1] "     Cluster: 64"
[1] "     Cluster: 65"
[1] "     Cluster: 66"
[1] "     Cluster: 69"
[1] "     Cluster: 74"
[1] "     Cluster: 75"
[1] "     Cluster: 77"
[1] "     Cluster: 78"
[1] "     Cluster: 81"
[1] "     Cluster: 83"
[1] "     Cluster: 84"
[1] "     Cluster: 90"
[1] "     Cluster: 91"
[1] "     Cluster: 92"
[1] "     Cluster: 93"
[1] "     Cluster: 94"
[1] "     Cluster: 96"
[1] "     Cluster: 97"
[1] "     Cluster: 98"
[1] "     Cluster: 99"
[1] ""
[1] "IF for proposed nonparametric estimator computed."
`summarise()` has grouped output by 'theta', 'tau'. You can override using the
`.groups` argument.
`summarise()` has grouped output by 'theta'. You can override using the
`.groups` argument.
`summarise()` has grouped output by 'theta', 'tau'. You can override using the
`.groups` argument.
`summarise()` has grouped output by 'theta'. You can override using the
`.groups` argument.
`summarise()` has grouped output by 'theta', 'tau'. You can override using the
`.groups` argument.
`summarise()` has grouped output by 'theta'. You can override using the
`.groups` argument.
`summarise()` has grouped output by 'theta', 'tau'. You can override using the
`.groups` argument.
`summarise()` has grouped output by 'theta'. You can override using the
`.groups` argument.
`summarise()` has grouped output by 'theta', 'tau'. You can override using the
`.groups` argument.
`summarise()` has grouped output by 'theta'. You can override using the
`.groups` argument.
`summarise()` has grouped output by 'theta', 'tau'. You can override using the
`.groups` argument.
`summarise()` has grouped output by 'theta'. You can override using the
`.groups` argument.
`summarise()` has grouped output by 'theta', 'tau'. You can override using the
`.groups` argument.
`summarise()` has grouped output by 'theta'. You can override using the
`.groups` argument.
`summarise()` has grouped output by 'theta', 'tau'. You can override using the
`.groups` argument.
`summarise()` has grouped output by 'theta'. You can override using the
`.groups` argument.
[1] ""
[1] "Total run time was 139.689 seconds"
[1] "Estimation result: "
# A tibble: 360 × 5
   estimand theta   tau   est     se
   <chr>    <dbl> <dbl> <dbl>  <dbl>
 1 mu         0.1   0.1 0.396 0.0330
 2 mu         0.1   0.2 0.474 0.0405
 3 mu         0.1   0.3 0.505 0.0428
 4 mu         0.1   0.4 0.539 0.0522
 5 mu         0.1   0.5 0.567 0.0507
 6 mu         0.2   0.1 0.361 0.0333
 7 mu         0.2   0.2 0.412 0.0360
 8 mu         0.2   0.3 0.435 0.0403
 9 mu         0.2   0.4 0.479 0.0487
10 mu         0.2   0.5 0.509 0.0493
# ℹ 350 more rows
[1] ""
[1] "OR weights"
`summarise()` has grouped output by 'estimand'. You can override using the
`.groups` argument.
# A tibble: 27 × 6
# Groups:   estimand [3]
   estimand theta mean_value median_value min_value max_value
   <fct>    <dbl>      <dbl>        <dbl>     <dbl>     <dbl>
 1 mu         0.1      0.996        1         0.450      1.31
 2 mu         0.2      0.970        0.995     0.362      1.29
 3 mu         0.3      0.961        0.984     0.444      1.35
 4 mu         0.4      0.966        0.995     0.535      1.43
 5 mu         0.5      0.984        0.991     0.570      1.38
 6 mu         0.6      1.01         1         0.385      1.41
 7 mu         0.7      1.02         1         0.352      1.51
 8 mu         0.8      1.00         1         0.560      1.49
 9 mu         0.9      0.996        1         0.588      1.51
10 mu_1       0.1      0.974        1         0.325      1.33
11 mu_1       0.2      0.960        0.996     0.356      1.32
12 mu_1       0.3      0.962        1         0.539      1.37
13 mu_1       0.4      0.973        1         0.552      1.45
14 mu_1       0.5      0.994        1         0.535      1.39
15 mu_1       0.6      1.01         1         0.352      1.40
16 mu_1       0.7      1.02         1         0.367      1.51
17 mu_1       0.8      1.00         1         0.590      1.52
18 mu_1       0.9      0.996        1         0.602      1.49
19 mu_0       0.1      0.999        1         0.464      1.34
20 mu_0       0.2      0.973        1         0.364      1.28
21 mu_0       0.3      0.961        0.970     0.398      1.35
22 mu_0       0.4      0.961        1         0.524      1.42
23 mu_0       0.5      0.975        1         0.597      1.42
24 mu_0       0.6      1.00         1         0.435      1.44
25 mu_0       0.7      1.02         1.00      0.319      1.50
26 mu_0       0.8      1.02         1         0.438      1.51
27 mu_0       0.9      0.996        1         0.464      1.66
[1] ""
[1] "IPCW weights"
`summarise()` has grouped output by 'estimand'. You can override using the
`.groups` argument.
# A tibble: 27 × 6
# Groups:   estimand [3]
   estimand theta mean_value median_value min_value max_value
   <fct>    <dbl>      <dbl>        <dbl>     <dbl>     <dbl>
 1 mu         0.1      1.14   0.00257      8.61e-20      8.49
 2 mu         0.2      1.22   0.0858       9.03e-14      9.59
 3 mu         0.3      1.07   0.0616       3.00e-10      8.72
 4 mu         0.4      0.933  0.0768       9.47e- 8      7.01
 5 mu         0.5      0.971  0.0818       8.21e- 6      6.49
 6 mu         0.6      1.17   0.0982       2.20e- 7     14.8 
 7 mu         0.7      1.29   0.0877       9.29e-10     19.5 
 8 mu         0.8      1.17   0.183        4.19e-13      9.74
 9 mu         0.9      1.05   0.167        7.99e-19      8.14
10 mu_1       0.1      1.28   0.00000442   0            11.0 
11 mu_1       0.2      1.19   0.00145      0            11.1 
12 mu_1       0.3      0.985  0.0194       0             9.18
13 mu_1       0.4      0.906  0.0646       0             6.57
14 mu_1       0.5      1.02   0.0500       0             7.22
15 mu_1       0.6      1.23   0.0805       0            16.9 
16 mu_1       0.7      1.30   0.0802       0            19.1 
17 mu_1       0.8      1.15   0.167        0             8.33
18 mu_1       0.9      1.05   0.110        0             8.14
19 mu_0       0.1      1.13   0.000847     0             8.65
20 mu_0       0.2      1.23   0.0421       0             9.22
21 mu_0       0.3      1.11   0.0572       0             9.36
22 mu_0       0.4      0.951  0.0692       0             7.53
23 mu_0       0.5      0.925  0.0734       0             6.88
24 mu_0       0.6      1.08   0.0423       0            11.7 
25 mu_0       0.7      1.27   0.0185       0            20.6 
26 mu_0       0.8      1.25   0.000745     0            15.4 
27 mu_0       0.9      1.10   0.000000591  0             8.14
[1] "Total run time was 143.753 seconds"
