
Attaching package: ‘dplyr’

The following objects are masked from ‘package:stats’:

    filter, lag

The following objects are masked from ‘package:base’:

    intersect, setdiff, setequal, union

Loading required package: foreach
Loading required package: iterators
Loading required package: parallel

 randomForestSRC 3.2.2 
 
 Type rfsrc.news() to see new features, changes, and bug fixes. 
 

── Attaching core tidyverse packages ──────────────────────── tidyverse 2.0.0 ──
✔ forcats   1.0.0     ✔ readr     2.1.4
✔ ggplot2   3.3.6     ✔ stringr   1.5.1
✔ lubridate 1.9.3     ✔ tibble    3.2.1
✔ purrr     0.3.5     ✔ tidyr     1.2.1
── Conflicts ────────────────────────────────────────── tidyverse_conflicts() ──
✖ purrr::accumulate() masks foreach::accumulate()
✖ tidyr::extract()    masks dbarts::extract()
✖ dplyr::filter()     masks stats::filter()
✖ dplyr::lag()        masks stats::lag()
✖ purrr::partial()    masks randomForestSRC::partial()
✖ purrr::when()       masks foreach::when()
ℹ Use the [conflicted package](http://conflicted.r-lib.org/) to force all conflicts to become errors
[1] "[Analysis setting]"
[1] "n.cpus: 8"
[1] "method: nonpara"
[1] "taus: 0.1, 0.2, 0.3, 0.4, 0.5"
[1] "thetas: 0.1, 0.2, 0.3, 0.4, 0.5, 0.6, 0.7, 0.8, 0.9"
[1] "r: 100"
[1] "m: 100"
[1] "N_total: 1254"
[1] "cluster size dist'n: "

 5  6  7  8  9 10 11 12 13 14 15 16 17 18 19 20 
 8  8  4  7  5  6  5  5  6  6  9  8  4  4  3 12 
[1] "observed time summary: "
   Min. 1st Qu.  Median    Mean 3rd Qu.    Max. 
0.00000 0.02922 0.36529 0.62473 1.00000 4.00000 
[1] "event indicator table: "

  0   1 
721 533 
[1] "treatment indicator table: "

  0   1 
494 760 
[1] ""
[1] "Estimation start"
[1] "   Split: 1"
Note: Using an external vector in selections is ambiguous.
ℹ Use `all_of(X.T.names)` instead of `X.T.names` to silence this message.
ℹ See <https://tidyselect.r-lib.org/reference/faq-external-vector.html>.
This message is displayed once per session.
Note: Using an external vector in selections is ambiguous.
ℹ Use `all_of(X.C.names)` instead of `X.C.names` to silence this message.
ℹ See <https://tidyselect.r-lib.org/reference/faq-external-vector.html>.
This message is displayed once per session.
Note: Using an external vector in selections is ambiguous.
ℹ Use `all_of(X.A.names)` instead of `X.A.names` to silence this message.
ℹ See <https://tidyselect.r-lib.org/reference/faq-external-vector.html>.
This message is displayed once per session.

Running BART with binary y

number of trees: 25
number of chains: 1, number of threads 1
tree thinning rate: 1
Prior:
	prior on k: chi with 1.250000 degrees of freedom and inf scale
	power and base for tree prior: 2.000000 0.950000
	use quantiles for rule cut points: false
	proposal probabilities: birth/death 0.50, swap 0.10, change 0.40; birth 0.50
data:
	number of training observations: 612
	number of test observations: 0
	number of explanatory variables: 15

Cutoff rules c in x<=c vs x>c
Number of cutoffs: (var: number of possible c):
(1: 100) (2: 100) (3: 100) (4: 100) (5: 100) 
(6: 100) (7: 100) (8: 100) (9: 100) (10: 100) 
(11: 100) (12: 100) (13: 100) (14: 100) (15: 100) 

[1] "     Cluster: 3"
[1] "     Cluster: 4"
[1] "     Cluster: 5"
[1] "     Cluster: 6"
[1] "     Cluster: 7"
[1] "     Cluster: 9"
[1] "     Cluster: 16"
[1] "     Cluster: 18"
[1] "     Cluster: 19"
[1] "     Cluster: 20"
[1] "     Cluster: 21"
[1] "     Cluster: 22"
[1] "     Cluster: 24"
[1] "     Cluster: 27"
[1] "     Cluster: 30"
[1] "     Cluster: 36"
[1] "     Cluster: 37"
[1] "     Cluster: 38"
[1] "     Cluster: 43"
[1] "     Cluster: 44"
[1] "     Cluster: 46"
[1] "     Cluster: 48"
[1] "     Cluster: 49"
[1] "     Cluster: 51"
[1] "     Cluster: 52"
[1] "     Cluster: 56"
[1] "     Cluster: 58"
[1] "     Cluster: 59"
[1] "     Cluster: 60"
[1] "     Cluster: 61"
[1] "     Cluster: 62"
[1] "     Cluster: 63"
[1] "     Cluster: 67"
[1] "     Cluster: 69"
[1] "     Cluster: 70"
[1] "     Cluster: 71"
[1] "     Cluster: 72"
[1] "     Cluster: 74"
[1] "     Cluster: 80"
[1] "     Cluster: 81"
[1] "     Cluster: 82"
[1] "     Cluster: 86"
[1] "     Cluster: 89"
[1] "     Cluster: 90"
[1] "     Cluster: 91"
[1] "     Cluster: 92"
[1] "     Cluster: 93"
[1] "     Cluster: 94"
[1] "     Cluster: 95"
[1] "     Cluster: 99"
[1] "   Split: 2"

Running BART with binary y

number of trees: 25
number of chains: 1, number of threads 1
tree thinning rate: 1
Prior:
	prior on k: chi with 1.250000 degrees of freedom and inf scale
	power and base for tree prior: 2.000000 0.950000
	use quantiles for rule cut points: false
	proposal probabilities: birth/death 0.50, swap 0.10, change 0.40; birth 0.50
data:
	number of training observations: 642
	number of test observations: 0
	number of explanatory variables: 15

Cutoff rules c in x<=c vs x>c
Number of cutoffs: (var: number of possible c):
(1: 100) (2: 100) (3: 100) (4: 100) (5: 100) 
(6: 100) (7: 100) (8: 100) (9: 100) (10: 100) 
(11: 100) (12: 100) (13: 100) (14: 100) (15: 100) 

[1] "     Cluster: 1"
[1] "     Cluster: 2"
[1] "     Cluster: 8"
[1] "     Cluster: 10"
[1] "     Cluster: 11"
[1] "     Cluster: 12"
[1] "     Cluster: 13"
[1] "     Cluster: 14"
[1] "     Cluster: 15"
[1] "     Cluster: 17"
[1] "     Cluster: 23"
[1] "     Cluster: 25"
[1] "     Cluster: 26"
[1] "     Cluster: 28"
[1] "     Cluster: 29"
[1] "     Cluster: 31"
[1] "     Cluster: 32"
[1] "     Cluster: 33"
[1] "     Cluster: 34"
[1] "     Cluster: 35"
[1] "     Cluster: 39"
[1] "     Cluster: 40"
[1] "     Cluster: 41"
[1] "     Cluster: 42"
[1] "     Cluster: 45"
[1] "     Cluster: 47"
[1] "     Cluster: 50"
[1] "     Cluster: 53"
[1] "     Cluster: 54"
[1] "     Cluster: 55"
[1] "     Cluster: 57"
[1] "     Cluster: 64"
[1] "     Cluster: 65"
[1] "     Cluster: 66"
[1] "     Cluster: 68"
[1] "     Cluster: 73"
[1] "     Cluster: 75"
[1] "     Cluster: 76"
[1] "     Cluster: 77"
[1] "     Cluster: 78"
[1] "     Cluster: 79"
[1] "     Cluster: 83"
[1] "     Cluster: 84"
[1] "     Cluster: 85"
[1] "     Cluster: 87"
[1] "     Cluster: 88"
[1] "     Cluster: 96"
[1] "     Cluster: 97"
[1] "     Cluster: 98"
[1] "     Cluster: 100"
[1] ""
[1] "IF for proposed nonparametric estimator computed."
`summarise()` has grouped output by 'theta', 'tau'. You can override using the
`.groups` argument.
`summarise()` has grouped output by 'theta'. You can override using the
`.groups` argument.
`summarise()` has grouped output by 'theta', 'tau'. You can override using the
`.groups` argument.
`summarise()` has grouped output by 'theta'. You can override using the
`.groups` argument.
`summarise()` has grouped output by 'theta', 'tau'. You can override using the
`.groups` argument.
`summarise()` has grouped output by 'theta'. You can override using the
`.groups` argument.
`summarise()` has grouped output by 'theta', 'tau'. You can override using the
`.groups` argument.
`summarise()` has grouped output by 'theta'. You can override using the
`.groups` argument.
`summarise()` has grouped output by 'theta', 'tau'. You can override using the
`.groups` argument.
`summarise()` has grouped output by 'theta'. You can override using the
`.groups` argument.
`summarise()` has grouped output by 'theta', 'tau'. You can override using the
`.groups` argument.
`summarise()` has grouped output by 'theta'. You can override using the
`.groups` argument.
`summarise()` has grouped output by 'theta', 'tau'. You can override using the
`.groups` argument.
`summarise()` has grouped output by 'theta'. You can override using the
`.groups` argument.
`summarise()` has grouped output by 'theta', 'tau'. You can override using the
`.groups` argument.
`summarise()` has grouped output by 'theta'. You can override using the
`.groups` argument.
[1] ""
[1] "Total run time was 164.494 seconds"
[1] "Estimation result: "
# A tibble: 360 × 5
   estimand theta   tau   est     se
   <chr>    <dbl> <dbl> <dbl>  <dbl>
 1 mu         0.1   0.1 0.396 0.0281
 2 mu         0.1   0.2 0.479 0.0423
 3 mu         0.1   0.3 0.537 0.0446
 4 mu         0.1   0.4 0.600 0.0453
 5 mu         0.1   0.5 0.670 0.0471
 6 mu         0.2   0.1 0.336 0.0286
 7 mu         0.2   0.2 0.412 0.0408
 8 mu         0.2   0.3 0.453 0.0421
 9 mu         0.2   0.4 0.542 0.0465
10 mu         0.2   0.5 0.608 0.0405
# ℹ 350 more rows
[1] ""
[1] "OR weights"
`summarise()` has grouped output by 'estimand'. You can override using the
`.groups` argument.
# A tibble: 27 × 6
# Groups:   estimand [3]
   estimand theta mean_value median_value min_value max_value
   <fct>    <dbl>      <dbl>        <dbl>     <dbl>     <dbl>
 1 mu         0.1      0.991        1         0.548      1.33
 2 mu         0.2      0.996        1         0.541      1.33
 3 mu         0.3      0.993        0.999     0.540      1.36
 4 mu         0.4      1.00         1         0.655      1.32
 5 mu         0.5      1.02         1         0.616      1.41
 6 mu         0.6      1.03         1         0.623      1.61
 7 mu         0.7      1.02         1         0.583      1.67
 8 mu         0.8      1.01         1         0.699      1.47
 9 mu         0.9      1.01         1         0.703      1.38
10 mu_1       0.1      0.999        1         0.418      1.48
11 mu_1       0.2      0.995        1         0.486      1.35
12 mu_1       0.3      0.993        1         0.588      1.39
13 mu_1       0.4      1.01         1         0.618      1.36
14 mu_1       0.5      1.03         1         0.612      1.42
15 mu_1       0.6      1.03         1.00      0.598      1.67
16 mu_1       0.7      1.02         1         0.597      1.64
17 mu_1       0.8      1.01         1         0.697      1.46
18 mu_1       0.9      1.01         1         0.715      1.40
19 mu_0       0.1      0.990        1         0.562      1.31
20 mu_0       0.2      0.996        1         0.555      1.34
21 mu_0       0.3      0.993        1         0.520      1.35
22 mu_0       0.4      0.996        1         0.637      1.36
23 mu_0       0.5      1.01         1         0.619      1.43
24 mu_0       0.6      1.03         1.00      0.648      1.52
25 mu_0       0.7      1.03         1.01      0.552      1.73
26 mu_0       0.8      1.02         1         0.554      1.59
27 mu_0       0.9      1.01         1         0.591      1.47
[1] ""
[1] "IPCW weights"
`summarise()` has grouped output by 'estimand'. You can override using the
`.groups` argument.
# A tibble: 27 × 6
# Groups:   estimand [3]
   estimand theta mean_value  median_value min_value max_value
   <fct>    <dbl>      <dbl>         <dbl>     <dbl>     <dbl>
 1 mu         0.1      0.956 0.0000350      4.39e-20      9.38
 2 mu         0.2      1.01  0.0104         4.60e-14      9.72
 3 mu         0.3      1.07  0.0449         1.53e-10     11.6 
 4 mu         0.4      1.02  0.0231         4.83e- 8     11.7 
 5 mu         0.5      0.902 0.0471         4.19e- 6      8.25
 6 mu         0.6      0.845 0.0685         1.97e- 7      7.63
 7 mu         0.7      0.886 0.0826         8.32e-10      8.13
 8 mu         0.8      1.06  0.142          3.75e-13      8.53
 9 mu         0.9      1.25  0.576          7.16e-19      9.29
10 mu_1       0.1      0.859 0.00000000941  0            12.5 
11 mu_1       0.2      1.04  0.00000816     0             9.72
12 mu_1       0.3      1.07  0.000428       0            13.6 
13 mu_1       0.4      0.963 0.00453        0            10.3 
14 mu_1       0.5      0.859 0.0295         0             7.70
15 mu_1       0.6      0.837 0.0717         0             8.26
16 mu_1       0.7      0.904 0.0812         0             8.04
17 mu_1       0.8      1.09  0.151          0             8.66
18 mu_1       0.9      1.25  0.597          0             9.17
19 mu_0       0.1      0.967 0.0000136      0             9.03
20 mu_0       0.2      1.00  0.00355        0             9.72
21 mu_0       0.3      1.07  0.0438         0            10.8 
22 mu_0       0.4      1.05  0.0106         0            12.7 
23 mu_0       0.5      0.946 0.0239         0             8.80
24 mu_0       0.6      0.858 0.0217         0             6.67
25 mu_0       0.7      0.846 0.0101         0             8.81
26 mu_0       0.8      0.949 0.000366       0             8.22
27 mu_0       0.9      1.20  0.00000120     0            11.1 
[1] "Total run time was 168.621 seconds"
