
Attaching package: ‘dplyr’

The following objects are masked from ‘package:stats’:

    filter, lag

The following objects are masked from ‘package:base’:

    intersect, setdiff, setequal, union

Loading required package: foreach
Loading required package: iterators
Loading required package: parallel

 randomForestSRC 3.2.2 
 
 Type rfsrc.news() to see new features, changes, and bug fixes. 
 

── Attaching core tidyverse packages ──────────────────────── tidyverse 2.0.0 ──
✔ forcats   1.0.0     ✔ readr     2.1.4
✔ ggplot2   3.3.6     ✔ stringr   1.5.1
✔ lubridate 1.9.3     ✔ tibble    3.2.1
✔ purrr     0.3.5     ✔ tidyr     1.2.1
── Conflicts ────────────────────────────────────────── tidyverse_conflicts() ──
✖ purrr::accumulate() masks foreach::accumulate()
✖ tidyr::extract()    masks dbarts::extract()
✖ dplyr::filter()     masks stats::filter()
✖ dplyr::lag()        masks stats::lag()
✖ purrr::partial()    masks randomForestSRC::partial()
✖ purrr::when()       masks foreach::when()
ℹ Use the [conflicted package](http://conflicted.r-lib.org/) to force all conflicts to become errors
[1] "[Analysis setting]"
[1] "n.cpus: 8"
[1] "method: nonpara"
[1] "taus: 0.1, 0.2, 0.3, 0.4, 0.5"
[1] "thetas: 0.1, 0.2, 0.3, 0.4, 0.5, 0.6, 0.7, 0.8, 0.9"
[1] "r: 100"
[1] "m: 100"
[1] "N_total: 1202"
[1] "cluster size dist'n: "

 5  6  7  8  9 10 11 12 13 14 15 16 17 18 19 20 
 9  3 10  7 11  4  5  4  7  6  6  6  5  2 11  4 
[1] "observed time summary: "
    Min.  1st Qu.   Median     Mean  3rd Qu.     Max. 
0.000000 0.006546 0.222055 0.498212 0.809442 6.000000 
[1] "event indicator table: "

  0   1 
675 527 
[1] "treatment indicator table: "

  0   1 
628 574 
[1] ""
[1] "Estimation start"
[1] "   Split: 1"
Note: Using an external vector in selections is ambiguous.
ℹ Use `all_of(X.T.names)` instead of `X.T.names` to silence this message.
ℹ See <https://tidyselect.r-lib.org/reference/faq-external-vector.html>.
This message is displayed once per session.
Note: Using an external vector in selections is ambiguous.
ℹ Use `all_of(X.C.names)` instead of `X.C.names` to silence this message.
ℹ See <https://tidyselect.r-lib.org/reference/faq-external-vector.html>.
This message is displayed once per session.
Note: Using an external vector in selections is ambiguous.
ℹ Use `all_of(X.A.names)` instead of `X.A.names` to silence this message.
ℹ See <https://tidyselect.r-lib.org/reference/faq-external-vector.html>.
This message is displayed once per session.

Running BART with binary y

number of trees: 25
number of chains: 1, number of threads 1
tree thinning rate: 1
Prior:
	prior on k: chi with 1.250000 degrees of freedom and inf scale
	power and base for tree prior: 2.000000 0.950000
	use quantiles for rule cut points: false
	proposal probabilities: birth/death 0.50, swap 0.10, change 0.40; birth 0.50
data:
	number of training observations: 595
	number of test observations: 0
	number of explanatory variables: 15

Cutoff rules c in x<=c vs x>c
Number of cutoffs: (var: number of possible c):
(1: 100) (2: 100) (3: 100) (4: 100) (5: 100) 
(6: 100) (7: 100) (8: 100) (9: 100) (10: 100) 
(11: 100) (12: 100) (13: 100) (14: 100) (15: 100) 

[1] "     Cluster: 4"
[1] "     Cluster: 5"
[1] "     Cluster: 6"
[1] "     Cluster: 7"
[1] "     Cluster: 9"
[1] "     Cluster: 11"
[1] "     Cluster: 14"
[1] "     Cluster: 16"
[1] "     Cluster: 19"
[1] "     Cluster: 22"
[1] "     Cluster: 24"
[1] "     Cluster: 25"
[1] "     Cluster: 27"
[1] "     Cluster: 28"
[1] "     Cluster: 29"
[1] "     Cluster: 30"
[1] "     Cluster: 31"
[1] "     Cluster: 32"
[1] "     Cluster: 33"
[1] "     Cluster: 35"
[1] "     Cluster: 37"
[1] "     Cluster: 39"
[1] "     Cluster: 40"
[1] "     Cluster: 41"
[1] "     Cluster: 44"
[1] "     Cluster: 45"
[1] "     Cluster: 46"
[1] "     Cluster: 47"
[1] "     Cluster: 51"
[1] "     Cluster: 57"
[1] "     Cluster: 58"
[1] "     Cluster: 62"
[1] "     Cluster: 64"
[1] "     Cluster: 66"
[1] "     Cluster: 68"
[1] "     Cluster: 71"
[1] "     Cluster: 72"
[1] "     Cluster: 78"
[1] "     Cluster: 79"
[1] "     Cluster: 80"
[1] "     Cluster: 84"
[1] "     Cluster: 88"
[1] "     Cluster: 89"
[1] "     Cluster: 90"
[1] "     Cluster: 92"
[1] "     Cluster: 94"
[1] "     Cluster: 96"
[1] "     Cluster: 97"
[1] "     Cluster: 98"
[1] "     Cluster: 100"
[1] "   Split: 2"

Running BART with binary y

number of trees: 25
number of chains: 1, number of threads 1
tree thinning rate: 1
Prior:
	prior on k: chi with 1.250000 degrees of freedom and inf scale
	power and base for tree prior: 2.000000 0.950000
	use quantiles for rule cut points: false
	proposal probabilities: birth/death 0.50, swap 0.10, change 0.40; birth 0.50
data:
	number of training observations: 607
	number of test observations: 0
	number of explanatory variables: 15

Cutoff rules c in x<=c vs x>c
Number of cutoffs: (var: number of possible c):
(1: 100) (2: 100) (3: 100) (4: 100) (5: 100) 
(6: 100) (7: 100) (8: 100) (9: 100) (10: 100) 
(11: 100) (12: 100) (13: 100) (14: 100) (15: 100) 

[1] "     Cluster: 1"
[1] "     Cluster: 2"
[1] "     Cluster: 3"
[1] "     Cluster: 8"
[1] "     Cluster: 10"
[1] "     Cluster: 12"
[1] "     Cluster: 13"
[1] "     Cluster: 15"
[1] "     Cluster: 17"
[1] "     Cluster: 18"
[1] "     Cluster: 20"
[1] "     Cluster: 21"
[1] "     Cluster: 23"
[1] "     Cluster: 26"
[1] "     Cluster: 34"
[1] "     Cluster: 36"
[1] "     Cluster: 38"
[1] "     Cluster: 42"
[1] "     Cluster: 43"
[1] "     Cluster: 48"
[1] "     Cluster: 49"
[1] "     Cluster: 50"
[1] "     Cluster: 52"
[1] "     Cluster: 53"
[1] "     Cluster: 54"
[1] "     Cluster: 55"
[1] "     Cluster: 56"
[1] "     Cluster: 59"
[1] "     Cluster: 60"
[1] "     Cluster: 61"
[1] "     Cluster: 63"
[1] "     Cluster: 65"
[1] "     Cluster: 67"
[1] "     Cluster: 69"
[1] "     Cluster: 70"
[1] "     Cluster: 73"
[1] "     Cluster: 74"
[1] "     Cluster: 75"
[1] "     Cluster: 76"
[1] "     Cluster: 77"
[1] "     Cluster: 81"
[1] "     Cluster: 82"
[1] "     Cluster: 83"
[1] "     Cluster: 85"
[1] "     Cluster: 86"
[1] "     Cluster: 87"
[1] "     Cluster: 91"
[1] "     Cluster: 93"
[1] "     Cluster: 95"
[1] "     Cluster: 99"
[1] ""
[1] "IF for proposed nonparametric estimator computed."
`summarise()` has grouped output by 'theta', 'tau'. You can override using the
`.groups` argument.
`summarise()` has grouped output by 'theta'. You can override using the
`.groups` argument.
`summarise()` has grouped output by 'theta', 'tau'. You can override using the
`.groups` argument.
`summarise()` has grouped output by 'theta'. You can override using the
`.groups` argument.
`summarise()` has grouped output by 'theta', 'tau'. You can override using the
`.groups` argument.
`summarise()` has grouped output by 'theta'. You can override using the
`.groups` argument.
`summarise()` has grouped output by 'theta', 'tau'. You can override using the
`.groups` argument.
`summarise()` has grouped output by 'theta'. You can override using the
`.groups` argument.
`summarise()` has grouped output by 'theta', 'tau'. You can override using the
`.groups` argument.
`summarise()` has grouped output by 'theta'. You can override using the
`.groups` argument.
`summarise()` has grouped output by 'theta', 'tau'. You can override using the
`.groups` argument.
`summarise()` has grouped output by 'theta'. You can override using the
`.groups` argument.
`summarise()` has grouped output by 'theta', 'tau'. You can override using the
`.groups` argument.
`summarise()` has grouped output by 'theta'. You can override using the
`.groups` argument.
`summarise()` has grouped output by 'theta', 'tau'. You can override using the
`.groups` argument.
`summarise()` has grouped output by 'theta'. You can override using the
`.groups` argument.
[1] ""
[1] "Total run time was 146.358 seconds"
[1] "Estimation result: "
# A tibble: 360 × 5
   estimand theta   tau   est     se
   <chr>    <dbl> <dbl> <dbl>  <dbl>
 1 mu         0.1   0.1 0.410 0.0279
 2 mu         0.1   0.2 0.502 0.0279
 3 mu         0.1   0.3 0.574 0.0288
 4 mu         0.1   0.4 0.640 0.0370
 5 mu         0.1   0.5 0.677 0.0345
 6 mu         0.2   0.1 0.354 0.0246
 7 mu         0.2   0.2 0.459 0.0224
 8 mu         0.2   0.3 0.530 0.0258
 9 mu         0.2   0.4 0.595 0.0330
10 mu         0.2   0.5 0.629 0.0315
# ℹ 350 more rows
[1] ""
[1] "OR weights"
`summarise()` has grouped output by 'estimand'. You can override using the
`.groups` argument.
# A tibble: 27 × 6
# Groups:   estimand [3]
   estimand theta mean_value median_value min_value max_value
   <fct>    <dbl>      <dbl>        <dbl>     <dbl>     <dbl>
 1 mu         0.1      0.986        0.999     0.585      1.56
 2 mu         0.2      0.988        1         0.601      1.67
 3 mu         0.3      0.990        1         0.649      1.35
 4 mu         0.4      0.996        1         0.711      1.32
 5 mu         0.5      1.01         1         0.680      1.40
 6 mu         0.6      1.01         1         0.688      1.44
 7 mu         0.7      1.01         1         0.658      1.42
 8 mu         0.8      0.993        1         0.550      1.37
 9 mu         0.9      0.994        1         0.636      1.43
10 mu_1       0.1      0.982        0.998     0.540      1.89
11 mu_1       0.2      0.985        1         0.586      1.53
12 mu_1       0.3      0.991        1         0.675      1.34
13 mu_1       0.4      1.00         1         0.695      1.32
14 mu_1       0.5      1.01         1         0.678      1.43
15 mu_1       0.6      1.01         1         0.671      1.46
16 mu_1       0.7      1.00         1         0.663      1.39
17 mu_1       0.8      0.991        1         0.555      1.37
18 mu_1       0.9      0.994        1         0.625      1.44
19 mu_0       0.1      0.986        1         0.586      1.53
20 mu_0       0.2      0.988        1         0.604      1.70
21 mu_0       0.3      0.989        1         0.624      1.38
22 mu_0       0.4      0.992        1         0.700      1.33
23 mu_0       0.5      1.00         0.999     0.676      1.37
24 mu_0       0.6      1.01         1         0.676      1.42
25 mu_0       0.7      1.01         1         0.647      1.50
26 mu_0       0.8      1.00         1         0.532      1.46
27 mu_0       0.9      0.995        0.991     0.633      1.47
[1] ""
[1] "IPCW weights"
`summarise()` has grouped output by 'estimand'. You can override using the
`.groups` argument.
# A tibble: 27 × 6
# Groups:   estimand [3]
   estimand theta mean_value median_value min_value max_value
   <fct>    <dbl>      <dbl>        <dbl>     <dbl>     <dbl>
 1 mu         0.1      1.10   0.0743       8.17e-19      5.13
 2 mu         0.2      0.941  0.287        4.29e-13      4.52
 3 mu         0.3      0.976  0.158        9.50e-10      6.57
 4 mu         0.4      0.945  0.0857       2.25e- 7      6.64
 5 mu         0.5      0.816  0.0613       1.36e- 5      5.89
 6 mu         0.6      0.710  0.0873       1.96e- 7      5.19
 7 mu         0.7      0.731  0.0808       8.29e-10      5.72
 8 mu         0.8      0.841  0.102        3.74e-13      5.70
 9 mu         0.9      0.998  0.00144      7.13e-19      7.68
10 mu_1       0.1      0.902  0.00000624   0             5.64
11 mu_1       0.2      0.904  0.00111      0             5.95
12 mu_1       0.3      0.969  0.0182       0             7.67
13 mu_1       0.4      0.895  0.0200       0             6.47
14 mu_1       0.5      0.757  0.0479       0             5.73
15 mu_1       0.6      0.688  0.0739       0             4.76
16 mu_1       0.7      0.748  0.0659       0             6.03
17 mu_1       0.8      0.870  0.0538       0             5.83
18 mu_1       0.9      1.02   0.000761     0             7.53
19 mu_0       0.1      1.12   0.0527       0             5.34
20 mu_0       0.2      0.950  0.268        0             4.17
21 mu_0       0.3      0.979  0.208        0             6.10
22 mu_0       0.4      0.979  0.0794       0             7.19
23 mu_0       0.5      0.875  0.0363       0             6.24
24 mu_0       0.6      0.745  0.0271       0             5.84
25 mu_0       0.7      0.691  0.00591      0             5.72
26 mu_0       0.8      0.727  0.000258     0             6.43
27 mu_0       0.9      0.757  0.000000909  0             9.04
[1] "Total run time was 150.005 seconds"
