
Attaching package: ‘dplyr’

The following objects are masked from ‘package:stats’:

    filter, lag

The following objects are masked from ‘package:base’:

    intersect, setdiff, setequal, union

Loading required package: foreach
Loading required package: iterators
Loading required package: parallel

 randomForestSRC 3.2.2 
 
 Type rfsrc.news() to see new features, changes, and bug fixes. 
 

── Attaching core tidyverse packages ──────────────────────── tidyverse 2.0.0 ──
✔ forcats   1.0.0     ✔ readr     2.1.4
✔ ggplot2   3.3.6     ✔ stringr   1.5.1
✔ lubridate 1.9.3     ✔ tibble    3.2.1
✔ purrr     0.3.5     ✔ tidyr     1.2.1
── Conflicts ────────────────────────────────────────── tidyverse_conflicts() ──
✖ purrr::accumulate() masks foreach::accumulate()
✖ tidyr::extract()    masks dbarts::extract()
✖ dplyr::filter()     masks stats::filter()
✖ dplyr::lag()        masks stats::lag()
✖ purrr::partial()    masks randomForestSRC::partial()
✖ purrr::when()       masks foreach::when()
ℹ Use the [conflicted package](http://conflicted.r-lib.org/) to force all conflicts to become errors
[1] "[Analysis setting]"
[1] "n.cpus: 8"
[1] "method: nonpara"
[1] "taus: 0.1, 0.2, 0.3, 0.4, 0.5"
[1] "thetas: 0.1, 0.2, 0.3, 0.4, 0.5, 0.6, 0.7, 0.8, 0.9"
[1] "r: 100"
[1] "m: 100"
[1] "N_total: 300"
[1] "cluster size dist'n: "

  3 
100 
[1] "observed time summary: "
   Min. 1st Qu.  Median    Mean 3rd Qu.    Max. 
0.00000 0.01575 0.29564 0.62470 1.00000 6.42655 
[1] "event indicator table: "

  0   1 
180 120 
[1] "treatment indicator table: "

  0   1 
116 184 
[1] ""
[1] "Estimation start"
[1] "   Split: 1"
Note: Using an external vector in selections is ambiguous.
ℹ Use `all_of(X.T.names)` instead of `X.T.names` to silence this message.
ℹ See <https://tidyselect.r-lib.org/reference/faq-external-vector.html>.
This message is displayed once per session.
Note: Using an external vector in selections is ambiguous.
ℹ Use `all_of(X.C.names)` instead of `X.C.names` to silence this message.
ℹ See <https://tidyselect.r-lib.org/reference/faq-external-vector.html>.
This message is displayed once per session.
Note: Using an external vector in selections is ambiguous.
ℹ Use `all_of(X.A.names)` instead of `X.A.names` to silence this message.
ℹ See <https://tidyselect.r-lib.org/reference/faq-external-vector.html>.
This message is displayed once per session.

Running BART with binary y

number of trees: 25
number of chains: 1, number of threads 1
tree thinning rate: 1
Prior:
	prior on k: chi with 1.250000 degrees of freedom and inf scale
	power and base for tree prior: 2.000000 0.950000
	use quantiles for rule cut points: false
	proposal probabilities: birth/death 0.50, swap 0.10, change 0.40; birth 0.50
data:
	number of training observations: 150
	number of test observations: 0
	number of explanatory variables: 15

Cutoff rules c in x<=c vs x>c
Number of cutoffs: (var: number of possible c):
(1: 100) (2: 100) (3: 100) (4: 100) (5: 100) 
(6: 100) (7: 100) (8: 100) (9: 100) (10: 100) 
(11: 100) (12: 100) (13: 100) (14: 100) (15: 100) 

[1] "     Cluster: 1"
[1] "     Cluster: 5"
[1] "     Cluster: 7"
[1] "     Cluster: 8"
[1] "     Cluster: 10"
[1] "     Cluster: 14"
[1] "     Cluster: 19"
[1] "     Cluster: 21"
[1] "     Cluster: 22"
[1] "     Cluster: 24"
[1] "     Cluster: 28"
[1] "     Cluster: 30"
[1] "     Cluster: 31"
[1] "     Cluster: 32"
[1] "     Cluster: 33"
[1] "     Cluster: 34"
[1] "     Cluster: 38"
[1] "     Cluster: 40"
[1] "     Cluster: 41"
[1] "     Cluster: 43"
[1] "     Cluster: 44"
[1] "     Cluster: 45"
[1] "     Cluster: 47"
[1] "     Cluster: 49"
[1] "     Cluster: 52"
[1] "     Cluster: 53"
[1] "     Cluster: 54"
[1] "     Cluster: 56"
[1] "     Cluster: 61"
[1] "     Cluster: 63"
[1] "     Cluster: 66"
[1] "     Cluster: 67"
[1] "     Cluster: 68"
[1] "     Cluster: 69"
[1] "     Cluster: 76"
[1] "     Cluster: 77"
[1] "     Cluster: 79"
[1] "     Cluster: 80"
[1] "     Cluster: 83"
[1] "     Cluster: 85"
[1] "     Cluster: 86"
[1] "     Cluster: 87"
[1] "     Cluster: 89"
[1] "     Cluster: 90"
[1] "     Cluster: 91"
[1] "     Cluster: 92"
[1] "     Cluster: 94"
[1] "     Cluster: 97"
[1] "     Cluster: 98"
[1] "     Cluster: 99"
[1] "   Split: 2"

Running BART with binary y

number of trees: 25
number of chains: 1, number of threads 1
tree thinning rate: 1
Prior:
	prior on k: chi with 1.250000 degrees of freedom and inf scale
	power and base for tree prior: 2.000000 0.950000
	use quantiles for rule cut points: false
	proposal probabilities: birth/death 0.50, swap 0.10, change 0.40; birth 0.50
data:
	number of training observations: 150
	number of test observations: 0
	number of explanatory variables: 15

Cutoff rules c in x<=c vs x>c
Number of cutoffs: (var: number of possible c):
(1: 100) (2: 100) (3: 100) (4: 100) (5: 100) 
(6: 100) (7: 100) (8: 100) (9: 100) (10: 100) 
(11: 100) (12: 100) (13: 100) (14: 100) (15: 100) 

[1] "     Cluster: 2"
[1] "     Cluster: 3"
[1] "     Cluster: 4"
[1] "     Cluster: 6"
[1] "     Cluster: 9"
[1] "     Cluster: 11"
[1] "     Cluster: 12"
[1] "     Cluster: 13"
[1] "     Cluster: 15"
[1] "     Cluster: 16"
[1] "     Cluster: 17"
[1] "     Cluster: 18"
[1] "     Cluster: 20"
[1] "     Cluster: 23"
[1] "     Cluster: 25"
[1] "     Cluster: 26"
[1] "     Cluster: 27"
[1] "     Cluster: 29"
[1] "     Cluster: 35"
[1] "     Cluster: 36"
[1] "     Cluster: 37"
[1] "     Cluster: 39"
[1] "     Cluster: 42"
[1] "     Cluster: 46"
[1] "     Cluster: 48"
[1] "     Cluster: 50"
[1] "     Cluster: 51"
[1] "     Cluster: 55"
[1] "     Cluster: 57"
[1] "     Cluster: 58"
[1] "     Cluster: 59"
[1] "     Cluster: 60"
[1] "     Cluster: 62"
[1] "     Cluster: 64"
[1] "     Cluster: 65"
[1] "     Cluster: 70"
[1] "     Cluster: 71"
[1] "     Cluster: 72"
[1] "     Cluster: 73"
[1] "     Cluster: 74"
[1] "     Cluster: 75"
[1] "     Cluster: 78"
[1] "     Cluster: 81"
[1] "     Cluster: 82"
[1] "     Cluster: 84"
[1] "     Cluster: 88"
[1] "     Cluster: 93"
[1] "     Cluster: 95"
[1] "     Cluster: 96"
[1] "     Cluster: 100"
[1] ""
[1] "IF for proposed nonparametric estimator computed."
`summarise()` has grouped output by 'theta', 'tau'. You can override using the
`.groups` argument.
`summarise()` has grouped output by 'theta'. You can override using the
`.groups` argument.
`summarise()` has grouped output by 'theta', 'tau'. You can override using the
`.groups` argument.
`summarise()` has grouped output by 'theta'. You can override using the
`.groups` argument.
`summarise()` has grouped output by 'theta', 'tau'. You can override using the
`.groups` argument.
`summarise()` has grouped output by 'theta'. You can override using the
`.groups` argument.
`summarise()` has grouped output by 'theta', 'tau'. You can override using the
`.groups` argument.
`summarise()` has grouped output by 'theta'. You can override using the
`.groups` argument.
`summarise()` has grouped output by 'theta', 'tau'. You can override using the
`.groups` argument.
`summarise()` has grouped output by 'theta'. You can override using the
`.groups` argument.
`summarise()` has grouped output by 'theta', 'tau'. You can override using the
`.groups` argument.
`summarise()` has grouped output by 'theta'. You can override using the
`.groups` argument.
`summarise()` has grouped output by 'theta', 'tau'. You can override using the
`.groups` argument.
`summarise()` has grouped output by 'theta'. You can override using the
`.groups` argument.
`summarise()` has grouped output by 'theta', 'tau'. You can override using the
`.groups` argument.
`summarise()` has grouped output by 'theta'. You can override using the
`.groups` argument.
[1] ""
[1] "Total run time was 38.349 seconds"
[1] "Estimation result: "
# A tibble: 360 × 5
   estimand theta   tau   est     se
   <chr>    <dbl> <dbl> <dbl>  <dbl>
 1 mu         0.1   0.1 0.437 0.103 
 2 mu         0.1   0.2 0.575 0.0980
 3 mu         0.1   0.3 0.585 0.0975
 4 mu         0.1   0.4 0.681 0.0950
 5 mu         0.1   0.5 0.685 0.0889
 6 mu         0.2   0.1 0.388 0.0741
 7 mu         0.2   0.2 0.510 0.0693
 8 mu         0.2   0.3 0.526 0.0692
 9 mu         0.2   0.4 0.596 0.0679
10 mu         0.2   0.5 0.606 0.0644
# ℹ 350 more rows
[1] ""
[1] "OR weights"
`summarise()` has grouped output by 'estimand'. You can override using the
`.groups` argument.
# A tibble: 27 × 6
# Groups:   estimand [3]
   estimand theta mean_value median_value min_value max_value
   <fct>    <dbl>      <dbl>        <dbl>     <dbl>     <dbl>
 1 mu         0.1          1            1         1         1
 2 mu         0.2          1            1         1         1
 3 mu         0.3          1            1         1         1
 4 mu         0.4          1            1         1         1
 5 mu         0.5          1            1         1         1
 6 mu         0.6          1            1         1         1
 7 mu         0.7          1            1         1         1
 8 mu         0.8          1            1         1         1
 9 mu         0.9          1            1         1         1
10 mu_1       0.1          1            1         1         1
11 mu_1       0.2          1            1         1         1
12 mu_1       0.3          1            1         1         1
13 mu_1       0.4          1            1         1         1
14 mu_1       0.5          1            1         1         1
15 mu_1       0.6          1            1         1         1
16 mu_1       0.7          1            1         1         1
17 mu_1       0.8          1            1         1         1
18 mu_1       0.9          1            1         1         1
19 mu_0       0.1          1            1         1         1
20 mu_0       0.2          1            1         1         1
21 mu_0       0.3          1            1         1         1
22 mu_0       0.4          1            1         1         1
23 mu_0       0.5          1            1         1         1
24 mu_0       0.6          1            1         1         1
25 mu_0       0.7          1            1         1         1
26 mu_0       0.8          1            1         1         1
27 mu_0       0.9          1            1         1         1
[1] ""
[1] "IPCW weights"
`summarise()` has grouped output by 'estimand'. You can override using the
`.groups` argument.
# A tibble: 27 × 6
# Groups:   estimand [3]
   estimand theta mean_value median_value min_value max_value
   <fct>    <dbl>      <dbl>        <dbl>     <dbl>     <dbl>
 1 mu         0.1      2.79        0.0669   0.00174     60.0 
 2 mu         0.2      2.25        0.238    0.0139      42.2 
 3 mu         0.3      1.84        0.468    0.0470      28.2 
 4 mu         0.4      1.54        0.714    0.111       17.8 
 5 mu         0.5      1.33        0.924    0.217       10.3 
 6 mu         0.6      1.22        1.06     0.376        5.71
 7 mu         0.7      1.18        1.03     0.286        3.74
 8 mu         0.8      1.22        0.913    0.0849       5.32
 9 mu         0.9      1.32        0.578    0.0106       7.57
10 mu_1       0.1      0.998       0.390    0           16.0 
11 mu_1       0.2      0.995       0.693    0           12.7 
12 mu_1       0.3      1.01        0.909    0            9.71
13 mu_1       0.4      1.03        1.01     0            7.13
14 mu_1       0.5      1.07        1.14     0            4.95
15 mu_1       0.6      1.12        1.09     0            3.74
16 mu_1       0.7      1.19        0.995    0            5.09
17 mu_1       0.8      1.27        0.773    0            6.65
18 mu_1       0.9      1.36        0.428    0            8.41
19 mu_0       0.1      2.99        0.0248   0           66.7 
20 mu_0       0.2      2.57        0.0991   0           52.7 
21 mu_0       0.3      2.20        0.223    0           40.3 
22 mu_0       0.4      1.87        0.396    0           29.6 
23 mu_0       0.5      1.59        0.619    0           20.6 
24 mu_0       0.6      1.36        0.887    0           13.2 
25 mu_0       0.7      1.17        1.13     0            8.32
26 mu_0       0.8      1.03        1.08     0            6.34
27 mu_0       0.9      0.941       0.555    0            4.30
[1] "Total run time was 41.734 seconds"
