
Attaching package: ‘dplyr’

The following objects are masked from ‘package:stats’:

    filter, lag

The following objects are masked from ‘package:base’:

    intersect, setdiff, setequal, union

Loading required package: foreach
Loading required package: iterators
Loading required package: parallel

 randomForestSRC 3.2.2 
 
 Type rfsrc.news() to see new features, changes, and bug fixes. 
 

── Attaching core tidyverse packages ──────────────────────── tidyverse 2.0.0 ──
✔ forcats   1.0.0     ✔ readr     2.1.4
✔ ggplot2   3.3.6     ✔ stringr   1.5.1
✔ lubridate 1.9.3     ✔ tibble    3.2.1
✔ purrr     0.3.5     ✔ tidyr     1.2.1
── Conflicts ────────────────────────────────────────── tidyverse_conflicts() ──
✖ purrr::accumulate() masks foreach::accumulate()
✖ tidyr::extract()    masks dbarts::extract()
✖ dplyr::filter()     masks stats::filter()
✖ dplyr::lag()        masks stats::lag()
✖ purrr::partial()    masks randomForestSRC::partial()
✖ purrr::when()       masks foreach::when()
ℹ Use the [conflicted package](http://conflicted.r-lib.org/) to force all conflicts to become errors
[1] "[Analysis setting]"
[1] "n.cpus: 8"
[1] "method: nonpara"
[1] "taus: 0.1, 0.2, 0.3, 0.4, 0.5"
[1] "thetas: 0.1, 0.2, 0.3, 0.4, 0.5, 0.6, 0.7, 0.8, 0.9"
[1] "r: 10"
[1] "m: 100"
[1] "N_total: 1130"
[1] "cluster size dist'n: "

 5  6  7  8  9 10 11 12 13 14 15 16 17 18 19 20 
 8  9  6  5 12  5 10  8  9  2  5  5  6  4  4  2 
[1] "observed time summary: "
   Min. 1st Qu.  Median    Mean 3rd Qu.    Max. 
 0.0000  0.0210  0.2855  0.5469  0.9717  7.9237 
[1] "event indicator table: "

  0   1 
671 459 
[1] "treatment indicator table: "

  0   1 
442 688 
[1] ""
[1] "Estimation start"
[1] "   Split: 1"
Note: Using an external vector in selections is ambiguous.
ℹ Use `all_of(X.T.names)` instead of `X.T.names` to silence this message.
ℹ See <https://tidyselect.r-lib.org/reference/faq-external-vector.html>.
This message is displayed once per session.
Note: Using an external vector in selections is ambiguous.
ℹ Use `all_of(X.C.names)` instead of `X.C.names` to silence this message.
ℹ See <https://tidyselect.r-lib.org/reference/faq-external-vector.html>.
This message is displayed once per session.
Note: Using an external vector in selections is ambiguous.
ℹ Use `all_of(X.A.names)` instead of `X.A.names` to silence this message.
ℹ See <https://tidyselect.r-lib.org/reference/faq-external-vector.html>.
This message is displayed once per session.

Running BART with binary y

number of trees: 25
number of chains: 1, number of threads 1
tree thinning rate: 1
Prior:
	prior on k: chi with 1.250000 degrees of freedom and inf scale
	power and base for tree prior: 2.000000 0.950000
	use quantiles for rule cut points: false
	proposal probabilities: birth/death 0.50, swap 0.10, change 0.40; birth 0.50
data:
	number of training observations: 564
	number of test observations: 0
	number of explanatory variables: 15

Cutoff rules c in x<=c vs x>c
Number of cutoffs: (var: number of possible c):
(1: 100) (2: 100) (3: 100) (4: 100) (5: 100) 
(6: 100) (7: 100) (8: 100) (9: 100) (10: 100) 
(11: 100) (12: 100) (13: 100) (14: 100) (15: 100) 

[1] "     Cluster: 2"
[1] "     Cluster: 3"
[1] "     Cluster: 4"
[1] "     Cluster: 6"
[1] "     Cluster: 7"
[1] "     Cluster: 8"
[1] "     Cluster: 9"
[1] "     Cluster: 12"
[1] "     Cluster: 13"
[1] "     Cluster: 14"
[1] "     Cluster: 16"
[1] "     Cluster: 17"
[1] "     Cluster: 21"
[1] "     Cluster: 22"
[1] "     Cluster: 23"
[1] "     Cluster: 24"
[1] "     Cluster: 26"
[1] "     Cluster: 31"
[1] "     Cluster: 36"
[1] "     Cluster: 38"
[1] "     Cluster: 39"
[1] "     Cluster: 40"
[1] "     Cluster: 42"
[1] "     Cluster: 43"
[1] "     Cluster: 44"
[1] "     Cluster: 45"
[1] "     Cluster: 48"
[1] "     Cluster: 52"
[1] "     Cluster: 53"
[1] "     Cluster: 54"
[1] "     Cluster: 57"
[1] "     Cluster: 58"
[1] "     Cluster: 61"
[1] "     Cluster: 62"
[1] "     Cluster: 63"
[1] "     Cluster: 67"
[1] "     Cluster: 69"
[1] "     Cluster: 73"
[1] "     Cluster: 74"
[1] "     Cluster: 75"
[1] "     Cluster: 79"
[1] "     Cluster: 80"
[1] "     Cluster: 83"
[1] "     Cluster: 84"
[1] "     Cluster: 88"
[1] "     Cluster: 90"
[1] "     Cluster: 96"
[1] "     Cluster: 98"
[1] "     Cluster: 99"
[1] "     Cluster: 100"
[1] "   Split: 2"

Running BART with binary y

number of trees: 25
number of chains: 1, number of threads 1
tree thinning rate: 1
Prior:
	prior on k: chi with 1.250000 degrees of freedom and inf scale
	power and base for tree prior: 2.000000 0.950000
	use quantiles for rule cut points: false
	proposal probabilities: birth/death 0.50, swap 0.10, change 0.40; birth 0.50
data:
	number of training observations: 566
	number of test observations: 0
	number of explanatory variables: 15

Cutoff rules c in x<=c vs x>c
Number of cutoffs: (var: number of possible c):
(1: 100) (2: 100) (3: 100) (4: 100) (5: 100) 
(6: 100) (7: 100) (8: 100) (9: 100) (10: 100) 
(11: 100) (12: 100) (13: 100) (14: 100) (15: 100) 

[1] "     Cluster: 1"
[1] "     Cluster: 5"
[1] "     Cluster: 10"
[1] "     Cluster: 11"
[1] "     Cluster: 15"
[1] "     Cluster: 18"
[1] "     Cluster: 19"
[1] "     Cluster: 20"
[1] "     Cluster: 25"
[1] "     Cluster: 27"
[1] "     Cluster: 28"
[1] "     Cluster: 29"
[1] "     Cluster: 30"
[1] "     Cluster: 32"
[1] "     Cluster: 33"
[1] "     Cluster: 34"
[1] "     Cluster: 35"
[1] "     Cluster: 37"
[1] "     Cluster: 41"
[1] "     Cluster: 46"
[1] "     Cluster: 47"
[1] "     Cluster: 49"
[1] "     Cluster: 50"
[1] "     Cluster: 51"
[1] "     Cluster: 55"
[1] "     Cluster: 56"
[1] "     Cluster: 59"
[1] "     Cluster: 60"
[1] "     Cluster: 64"
[1] "     Cluster: 65"
[1] "     Cluster: 66"
[1] "     Cluster: 68"
[1] "     Cluster: 70"
[1] "     Cluster: 71"
[1] "     Cluster: 72"
[1] "     Cluster: 76"
[1] "     Cluster: 77"
[1] "     Cluster: 78"
[1] "     Cluster: 81"
[1] "     Cluster: 82"
[1] "     Cluster: 85"
[1] "     Cluster: 86"
[1] "     Cluster: 87"
[1] "     Cluster: 89"
[1] "     Cluster: 91"
[1] "     Cluster: 92"
[1] "     Cluster: 93"
[1] "     Cluster: 94"
[1] "     Cluster: 95"
[1] "     Cluster: 97"
[1] ""
[1] "IF for proposed nonparametric estimator computed."
`summarise()` has grouped output by 'theta', 'tau'. You can override using the
`.groups` argument.
`summarise()` has grouped output by 'theta'. You can override using the
`.groups` argument.
`summarise()` has grouped output by 'theta', 'tau'. You can override using the
`.groups` argument.
`summarise()` has grouped output by 'theta'. You can override using the
`.groups` argument.
`summarise()` has grouped output by 'theta', 'tau'. You can override using the
`.groups` argument.
`summarise()` has grouped output by 'theta'. You can override using the
`.groups` argument.
`summarise()` has grouped output by 'theta', 'tau'. You can override using the
`.groups` argument.
`summarise()` has grouped output by 'theta'. You can override using the
`.groups` argument.
`summarise()` has grouped output by 'theta', 'tau'. You can override using the
`.groups` argument.
`summarise()` has grouped output by 'theta'. You can override using the
`.groups` argument.
`summarise()` has grouped output by 'theta', 'tau'. You can override using the
`.groups` argument.
`summarise()` has grouped output by 'theta'. You can override using the
`.groups` argument.
`summarise()` has grouped output by 'theta', 'tau'. You can override using the
`.groups` argument.
`summarise()` has grouped output by 'theta'. You can override using the
`.groups` argument.
`summarise()` has grouped output by 'theta', 'tau'. You can override using the
`.groups` argument.
`summarise()` has grouped output by 'theta'. You can override using the
`.groups` argument.
[1] ""
[1] "Total run time was 90.822 seconds"
[1] "Estimation result: "
# A tibble: 360 × 5
   estimand theta   tau   est     se
   <chr>    <dbl> <dbl> <dbl>  <dbl>
 1 mu         0.1   0.1 0.326 0.0872
 2 mu         0.1   0.2 0.413 0.0819
 3 mu         0.1   0.3 0.432 0.0810
 4 mu         0.1   0.4 0.488 0.0965
 5 mu         0.1   0.5 0.501 0.0972
 6 mu         0.2   0.1 0.303 0.0438
 7 mu         0.2   0.2 0.386 0.0466
 8 mu         0.2   0.3 0.421 0.0474
 9 mu         0.2   0.4 0.483 0.0656
10 mu         0.2   0.5 0.510 0.0673
# ℹ 350 more rows
[1] ""
[1] "OR weights"
`summarise()` has grouped output by 'estimand'. You can override using the
`.groups` argument.
# A tibble: 27 × 6
# Groups:   estimand [3]
   estimand theta mean_value median_value  min_value max_value
   <fct>    <dbl>      <dbl>        <dbl>      <dbl>     <dbl>
 1 mu         0.1      0.782        0.370 0.00000270      4.44
 2 mu         0.2      0.893        0.755 0.00119         2.70
 3 mu         0.3      0.941        0.863 0.0278          2.38
 4 mu         0.4      0.957        0.922 0.189           1.98
 5 mu         0.5      0.979        1.00  0.461           1.60
 6 mu         0.6      1.00         0.999 0.379           1.58
 7 mu         0.7      1.02         1.02  0.573           1.58
 8 mu         0.8      1.03         1.03  0.248           1.92
 9 mu         0.9      1.07         0.992 0.0142          2.91
10 mu_1       0.1      0.832        0.670 0.0000151       3.19
11 mu_1       0.2      0.936        0.870 0.00337         2.84
12 mu_1       0.3      0.955        0.930 0.0537          2.25
13 mu_1       0.4      0.967        0.950 0.283           1.76
14 mu_1       0.5      0.991        0.978 0.387           1.61
15 mu_1       0.6      1.01         1.02  0.405           1.56
16 mu_1       0.7      1.02         1.01  0.512           1.65
17 mu_1       0.8      1.03         1.06  0.206           1.93
18 mu_1       0.9      1.07         0.973 0.0108          2.97
19 mu_0       0.1      0.777        0.318 0.00000132      4.91
20 mu_0       0.2      0.883        0.742 0.000643        2.90
21 mu_0       0.3      0.935        0.824 0.0167          2.44
22 mu_0       0.4      0.951        0.899 0.125           2.27
23 mu_0       0.5      0.967        0.956 0.401           1.72
24 mu_0       0.6      0.990        1.03  0.338           1.62
25 mu_0       0.7      1.00         1.00  0.484           1.58
26 mu_0       0.8      1.00         0.986 0.351           1.84
27 mu_0       0.9      1.01         1.03  0.0444          2.39
[1] ""
[1] "IPCW weights"
`summarise()` has grouped output by 'estimand'. You can override using the
`.groups` argument.
# A tibble: 27 × 6
# Groups:   estimand [3]
   estimand theta mean_value median_value min_value max_value
   <fct>    <dbl>      <dbl>        <dbl>     <dbl>     <dbl>
 1 mu         0.1      1.44      0.000672  4.35e-15     33.6 
 2 mu         0.2      1.18      0.0257    5.07e-10     16.1 
 3 mu         0.3      1.02      0.153     4.37e- 7      4.97
 4 mu         0.4      0.985     0.510     4.98e- 5      4.47
 5 mu         0.5      0.975     0.783     1.84e- 3      3.80
 6 mu         0.6      0.969     0.945     5.54e- 4      3.84
 7 mu         0.7      1.03      1.05      4.25e- 6      3.70
 8 mu         0.8      1.22      0.953     3.76e- 9      5.24
 9 mu         0.9      1.33      0.265     1.81e-14      9.70
10 mu_1       0.1      1.24      0.00259   0            33.6 
11 mu_1       0.2      1.03      0.0579    0             8.07
12 mu_1       0.3      0.979     0.317     0             4.94
13 mu_1       0.4      0.980     0.706     0             4.65
14 mu_1       0.5      0.974     0.864     0             3.26
15 mu_1       0.6      0.983     0.861     0             3.91
16 mu_1       0.7      1.07      1.02      0             3.73
17 mu_1       0.8      1.25      0.795     0             5.86
18 mu_1       0.9      1.33      0.194     0             9.64
19 mu_0       0.1      1.46      0.000249  0            35.1 
20 mu_0       0.2      1.22      0.00856   0            18.2 
21 mu_0       0.3      1.03      0.0732    0             5.38
22 mu_0       0.4      0.989     0.324     0             4.39
23 mu_0       0.5      0.976     0.599     0             4.44
24 mu_0       0.6      0.948     0.777     0             3.74
25 mu_0       0.7      0.957     0.858     0             3.62
26 mu_0       0.8      1.10      0.760     0             3.75
27 mu_0       0.9      1.40      0.315     0            10.2 
[1] "Total run time was 96.505 seconds"
