
Attaching package: ‘dplyr’

The following objects are masked from ‘package:stats’:

    filter, lag

The following objects are masked from ‘package:base’:

    intersect, setdiff, setequal, union

Loading required package: foreach
Loading required package: iterators
Loading required package: parallel

 randomForestSRC 3.2.2 
 
 Type rfsrc.news() to see new features, changes, and bug fixes. 
 

── Attaching core tidyverse packages ──────────────────────── tidyverse 2.0.0 ──
✔ forcats   1.0.0     ✔ readr     2.1.4
✔ ggplot2   3.3.6     ✔ stringr   1.5.1
✔ lubridate 1.9.3     ✔ tibble    3.2.1
✔ purrr     0.3.5     ✔ tidyr     1.2.1
── Conflicts ────────────────────────────────────────── tidyverse_conflicts() ──
✖ purrr::accumulate() masks foreach::accumulate()
✖ tidyr::extract()    masks dbarts::extract()
✖ dplyr::filter()     masks stats::filter()
✖ dplyr::lag()        masks stats::lag()
✖ purrr::partial()    masks randomForestSRC::partial()
✖ purrr::when()       masks foreach::when()
ℹ Use the [conflicted package](http://conflicted.r-lib.org/) to force all conflicts to become errors
[1] "[Analysis setting]"
[1] "n.cpus: 8"
[1] "method: nonpara"
[1] "taus: 0.1, 0.2, 0.3, 0.4, 0.5"
[1] "thetas: 0.1, 0.2, 0.3, 0.4, 0.5, 0.6, 0.7, 0.8, 0.9"
[1] "r: 10"
[1] "m: 100"
[1] "N_total: 1187"
[1] "cluster size dist'n: "

 5  6  7  8  9 10 11 12 13 14 15 16 17 18 19 20 
 6  3  9  8  7  7 11  7  6  5  6  7  8  4  4  2 
[1] "observed time summary: "
   Min. 1st Qu.  Median    Mean 3rd Qu.    Max. 
0.00000 0.01606 0.31659 0.57170 1.00000 4.14708 
[1] "event indicator table: "

  0   1 
710 477 
[1] "treatment indicator table: "

  0   1 
490 697 
[1] ""
[1] "Estimation start"
[1] "   Split: 1"
Note: Using an external vector in selections is ambiguous.
ℹ Use `all_of(X.T.names)` instead of `X.T.names` to silence this message.
ℹ See <https://tidyselect.r-lib.org/reference/faq-external-vector.html>.
This message is displayed once per session.
Note: Using an external vector in selections is ambiguous.
ℹ Use `all_of(X.C.names)` instead of `X.C.names` to silence this message.
ℹ See <https://tidyselect.r-lib.org/reference/faq-external-vector.html>.
This message is displayed once per session.
Note: Using an external vector in selections is ambiguous.
ℹ Use `all_of(X.A.names)` instead of `X.A.names` to silence this message.
ℹ See <https://tidyselect.r-lib.org/reference/faq-external-vector.html>.
This message is displayed once per session.

Running BART with binary y

number of trees: 25
number of chains: 1, number of threads 1
tree thinning rate: 1
Prior:
	prior on k: chi with 1.250000 degrees of freedom and inf scale
	power and base for tree prior: 2.000000 0.950000
	use quantiles for rule cut points: false
	proposal probabilities: birth/death 0.50, swap 0.10, change 0.40; birth 0.50
data:
	number of training observations: 623
	number of test observations: 0
	number of explanatory variables: 15

Cutoff rules c in x<=c vs x>c
Number of cutoffs: (var: number of possible c):
(1: 100) (2: 100) (3: 100) (4: 100) (5: 100) 
(6: 100) (7: 100) (8: 100) (9: 100) (10: 100) 
(11: 100) (12: 100) (13: 100) (14: 100) (15: 100) 

[1] "     Cluster: 2"
[1] "     Cluster: 4"
[1] "     Cluster: 5"
[1] "     Cluster: 9"
[1] "     Cluster: 10"
[1] "     Cluster: 13"
[1] "     Cluster: 14"
[1] "     Cluster: 17"
[1] "     Cluster: 19"
[1] "     Cluster: 20"
[1] "     Cluster: 21"
[1] "     Cluster: 23"
[1] "     Cluster: 24"
[1] "     Cluster: 25"
[1] "     Cluster: 30"
[1] "     Cluster: 31"
[1] "     Cluster: 32"
[1] "     Cluster: 38"
[1] "     Cluster: 39"
[1] "     Cluster: 42"
[1] "     Cluster: 43"
[1] "     Cluster: 44"
[1] "     Cluster: 51"
[1] "     Cluster: 54"
[1] "     Cluster: 56"
[1] "     Cluster: 57"
[1] "     Cluster: 58"
[1] "     Cluster: 59"
[1] "     Cluster: 60"
[1] "     Cluster: 62"
[1] "     Cluster: 64"
[1] "     Cluster: 65"
[1] "     Cluster: 67"
[1] "     Cluster: 69"
[1] "     Cluster: 70"
[1] "     Cluster: 72"
[1] "     Cluster: 73"
[1] "     Cluster: 74"
[1] "     Cluster: 76"
[1] "     Cluster: 78"
[1] "     Cluster: 79"
[1] "     Cluster: 84"
[1] "     Cluster: 85"
[1] "     Cluster: 90"
[1] "     Cluster: 93"
[1] "     Cluster: 94"
[1] "     Cluster: 95"
[1] "     Cluster: 97"
[1] "     Cluster: 98"
[1] "     Cluster: 99"
[1] "   Split: 2"

Running BART with binary y

number of trees: 25
number of chains: 1, number of threads 1
tree thinning rate: 1
Prior:
	prior on k: chi with 1.250000 degrees of freedom and inf scale
	power and base for tree prior: 2.000000 0.950000
	use quantiles for rule cut points: false
	proposal probabilities: birth/death 0.50, swap 0.10, change 0.40; birth 0.50
data:
	number of training observations: 564
	number of test observations: 0
	number of explanatory variables: 15

Cutoff rules c in x<=c vs x>c
Number of cutoffs: (var: number of possible c):
(1: 100) (2: 100) (3: 100) (4: 100) (5: 100) 
(6: 100) (7: 100) (8: 100) (9: 100) (10: 100) 
(11: 100) (12: 100) (13: 100) (14: 100) (15: 100) 

[1] "     Cluster: 1"
[1] "     Cluster: 3"
[1] "     Cluster: 6"
[1] "     Cluster: 7"
[1] "     Cluster: 8"
[1] "     Cluster: 11"
[1] "     Cluster: 12"
[1] "     Cluster: 15"
[1] "     Cluster: 16"
[1] "     Cluster: 18"
[1] "     Cluster: 22"
[1] "     Cluster: 26"
[1] "     Cluster: 27"
[1] "     Cluster: 28"
[1] "     Cluster: 29"
[1] "     Cluster: 33"
[1] "     Cluster: 34"
[1] "     Cluster: 35"
[1] "     Cluster: 36"
[1] "     Cluster: 37"
[1] "     Cluster: 40"
[1] "     Cluster: 41"
[1] "     Cluster: 45"
[1] "     Cluster: 46"
[1] "     Cluster: 47"
[1] "     Cluster: 48"
[1] "     Cluster: 49"
[1] "     Cluster: 50"
[1] "     Cluster: 52"
[1] "     Cluster: 53"
[1] "     Cluster: 55"
[1] "     Cluster: 61"
[1] "     Cluster: 63"
[1] "     Cluster: 66"
[1] "     Cluster: 68"
[1] "     Cluster: 71"
[1] "     Cluster: 75"
[1] "     Cluster: 77"
[1] "     Cluster: 80"
[1] "     Cluster: 81"
[1] "     Cluster: 82"
[1] "     Cluster: 83"
[1] "     Cluster: 86"
[1] "     Cluster: 87"
[1] "     Cluster: 88"
[1] "     Cluster: 89"
[1] "     Cluster: 91"
[1] "     Cluster: 92"
[1] "     Cluster: 96"
[1] "     Cluster: 100"
[1] ""
[1] "IF for proposed nonparametric estimator computed."
`summarise()` has grouped output by 'theta', 'tau'. You can override using the
`.groups` argument.
`summarise()` has grouped output by 'theta'. You can override using the
`.groups` argument.
`summarise()` has grouped output by 'theta', 'tau'. You can override using the
`.groups` argument.
`summarise()` has grouped output by 'theta'. You can override using the
`.groups` argument.
`summarise()` has grouped output by 'theta', 'tau'. You can override using the
`.groups` argument.
`summarise()` has grouped output by 'theta'. You can override using the
`.groups` argument.
`summarise()` has grouped output by 'theta', 'tau'. You can override using the
`.groups` argument.
`summarise()` has grouped output by 'theta'. You can override using the
`.groups` argument.
`summarise()` has grouped output by 'theta', 'tau'. You can override using the
`.groups` argument.
`summarise()` has grouped output by 'theta'. You can override using the
`.groups` argument.
`summarise()` has grouped output by 'theta', 'tau'. You can override using the
`.groups` argument.
`summarise()` has grouped output by 'theta'. You can override using the
`.groups` argument.
`summarise()` has grouped output by 'theta', 'tau'. You can override using the
`.groups` argument.
`summarise()` has grouped output by 'theta'. You can override using the
`.groups` argument.
`summarise()` has grouped output by 'theta', 'tau'. You can override using the
`.groups` argument.
`summarise()` has grouped output by 'theta'. You can override using the
`.groups` argument.
[1] ""
[1] "Total run time was 54.878 seconds"
[1] "Estimation result: "
# A tibble: 360 × 5
   estimand theta   tau   est    se
   <chr>    <dbl> <dbl> <dbl> <dbl>
 1 mu         0.1   0.1 0.509 0.221
 2 mu         0.1   0.2 0.568 0.253
 3 mu         0.1   0.3 0.671 0.231
 4 mu         0.1   0.4 0.684 0.236
 5 mu         0.1   0.5 0.709 0.244
 6 mu         0.2   0.1 0.400 0.108
 7 mu         0.2   0.2 0.456 0.125
 8 mu         0.2   0.3 0.543 0.103
 9 mu         0.2   0.4 0.574 0.105
10 mu         0.2   0.5 0.611 0.109
# ℹ 350 more rows
[1] ""
[1] "OR weights"
`summarise()` has grouped output by 'estimand'. You can override using the
`.groups` argument.
# A tibble: 27 × 6
# Groups:   estimand [3]
   estimand theta mean_value median_value min_value max_value
   <fct>    <dbl>      <dbl>        <dbl>     <dbl>     <dbl>
 1 mu         0.1      1.13         0.282 0.000104      22.4 
 2 mu         0.2      1.09         0.750 0.0133         5.38
 3 mu         0.3      1.10         1.03  0.142          3.13
 4 mu         0.4      1.07         1.05  0.473          1.90
 5 mu         0.5      1.02         1.01  0.487          1.58
 6 mu         0.6      0.965        0.976 0.660          1.31
 7 mu         0.7      0.946        0.941 0.423          1.68
 8 mu         0.8      0.981        0.895 0.133          3.02
 9 mu         0.9      1.07         0.705 0.00853        9.44
10 mu_1       0.1      1.07         0.610 0.000478      10.1 
11 mu_1       0.2      1.12         1.05  0.0331         4.09
12 mu_1       0.3      1.10         1.08  0.243          2.26
13 mu_1       0.4      1.05         1.04  0.494          1.64
14 mu_1       0.5      0.994        0.984 0.510          1.53
15 mu_1       0.6      0.954        0.955 0.579          1.42
16 mu_1       0.7      0.947        0.921 0.267          1.93
17 mu_1       0.8      0.991        0.894 0.0808         3.49
18 mu_1       0.9      1.08         0.669 0.00590        9.87
19 mu_0       0.1      1.14         0.236 0.0000627     24.9 
20 mu_0       0.2      1.08         0.658 0.00838        5.91
21 mu_0       0.3      1.10         1.03  0.0979         3.50
22 mu_0       0.4      1.09         1.09  0.387          2.13
23 mu_0       0.5      1.04         1.03  0.465          1.63
24 mu_0       0.6      0.983        0.975 0.591          1.34
25 mu_0       0.7      0.944        0.962 0.451          1.32
26 mu_0       0.8      0.940        0.955 0.183          1.66
27 mu_0       0.9      0.999        0.850 0.0261         5.58
[1] ""
[1] "IPCW weights"
`summarise()` has grouped output by 'estimand'. You can override using the
`.groups` argument.
# A tibble: 27 × 6
# Groups:   estimand [3]
   estimand theta mean_value median_value min_value max_value
   <fct>    <dbl>      <dbl>        <dbl>     <dbl>     <dbl>
 1 mu         0.1      2.55      0.000341  1.91e-16    115.  
 2 mu         0.2      1.63      0.0296    5.01e-11     31.4 
 3 mu         0.3      1.22      0.238     7.40e- 8     16.1 
 4 mu         0.4      1.06      0.725     1.31e- 5      7.28
 5 mu         0.5      0.957     0.988     7.29e- 4      3.50
 6 mu         0.6      0.935     0.970     2.07e- 3      2.03
 7 mu         0.7      1.08      0.923     2.12e- 5      4.38
 8 mu         0.8      1.41      0.381     2.81e- 8     11.5 
 9 mu         0.9      1.91      0.0420    2.72e-13     28.7 
10 mu_1       0.1      1.56      0.00143   0            58.9 
11 mu_1       0.2      1.14      0.0609    0            17.0 
12 mu_1       0.3      1.03      0.353     0             7.79
13 mu_1       0.4      0.983     0.810     0             6.02
14 mu_1       0.5      0.935     0.957     0             2.47
15 mu_1       0.6      0.963     1.08      0             2.48
16 mu_1       0.7      1.15      0.760     0             6.26
17 mu_1       0.8      1.49      0.272     0            13.9 
18 mu_1       0.9      1.97      0.0255    0            31.9 
19 mu_0       0.1      2.66      0.000163  0           127.  
20 mu_0       0.2      1.76      0.0161    0            39.2 
21 mu_0       0.3      1.30      0.158     0            20.1 
22 mu_0       0.4      1.11      0.500     0            10.6 
23 mu_0       0.5      0.979     0.898     0             4.53
24 mu_0       0.6      0.893     0.966     0             1.93
25 mu_0       0.7      0.915     1.01      0             3.22
26 mu_0       0.8      1.08      0.623     0             6.79
27 mu_0       0.9      1.37      0.104     0            19.9 
[1] "Total run time was 58.521 seconds"
