##############################################################
### Job started at Tue Dec 23 01:44:19 AM EST 2025 ###
##############################################################

Attaching package: ‘dplyr’

The following objects are masked from ‘package:stats’:

    filter, lag

The following objects are masked from ‘package:base’:

    intersect, setdiff, setequal, union

--- Censoring rate: 41.3% --- 
# A tibble: 42 × 4
   theta   tau estimand     truth
   <dbl> <dbl> <chr>        <dbl>
 1  0.3    0.2 de       -0.278   
 2  0.3    0.2 mu        0.451   
 3  0.3    0.2 mu_0      0.535   
 4  0.3    0.2 mu_1      0.257   
 5  0.3    0.2 oe        0.0543  
 6  0.3    0.2 se_0      0.00735 
 7  0.3    0.2 se_1      0.0191  
 8  0.45   0.2 de       -0.289   
 9  0.45   0.2 mu        0.397   
10  0.45   0.2 mu_0      0.527   
11  0.45   0.2 mu_1      0.238   
12  0.45   0.2 oe        0       
13  0.45   0.2 se_0      0       
14  0.45   0.2 se_1      0       
15  0.6    0.2 de       -0.286   
16  0.6    0.2 mu        0.326   
17  0.6    0.2 mu_0      0.497   
18  0.6    0.2 mu_1      0.211   
19  0.6    0.2 oe       -0.0714  
20  0.6    0.2 se_0     -0.0298  
21  0.6    0.2 se_1     -0.0268  
22  0.3    0.4 de       -0.258   
23  0.3    0.4 mu        0.558   
24  0.3    0.4 mu_0      0.636   
25  0.3    0.4 mu_1      0.378   
26  0.3    0.4 oe        0.0479  
27  0.3    0.4 se_0     -0.000393
28  0.3    0.4 se_1      0.0209  
29  0.45   0.4 de       -0.279   
30  0.45   0.4 mu        0.511   
31  0.45   0.4 mu_0      0.636   
32  0.45   0.4 mu_1      0.357   
33  0.45   0.4 oe        0       
34  0.45   0.4 se_0      0       
35  0.45   0.4 se_1      0       
36  0.6    0.4 de       -0.285   
37  0.6    0.4 mu        0.435   
38  0.6    0.4 mu_0      0.606   
39  0.6    0.4 mu_1      0.322   
40  0.6    0.4 oe       -0.0752  
41  0.6    0.4 se_0     -0.0301  
42  0.6    0.4 se_1     -0.0354  

[Simulation setting] 

- M: 1000 

- taus: 0.1, 0.2, 0.3, 0.4, 0.5 

- thetas: 0.3, 0.31, 0.32, 0.33, 0.34, 0.35, 0.36, 0.37, 0.38, 0.39, 0.4, 0.41, 0.42, 0.43, 0.44, 0.45, 0.46, 0.47, 0.48, 0.49, 0.5, 0.51, 0.52, 0.53, 0.54, 0.55, 0.56, 0.57, 0.58, 0.59, 0.6 

- r: 100 

# A tibble: 1,085 × 4
   theta   tau estimand   truth
   <dbl> <dbl> <chr>      <dbl>
 1   0.3   0.1 mu        0.353 
 2   0.3   0.1 mu_1      0.163 
 3   0.3   0.1 mu_0      0.435 
 4   0.3   0.1 de       -0.271 
 5   0.3   0.1 se_1      0.0207
 6   0.3   0.1 se_0      0.0357
 7   0.3   0.1 oe        0.0697
 8   0.3   0.2 mu        0.437 
 9   0.3   0.2 mu_1      0.243 
10   0.3   0.2 mu_0      0.521 
# ℹ 1,075 more rows
[1] "Total run time was 173.075 seconds"
###################################################
### Job finished at Tue Dec 23 01:47:13 AM EST 2025 ###
###################################################
