
Attaching package: ‘dplyr’

The following objects are masked from ‘package:stats’:

    filter, lag

The following objects are masked from ‘package:base’:

    intersect, setdiff, setequal, union

Loading required package: foreach
Loading required package: iterators
Loading required package: parallel

 randomForestSRC 3.2.2 
 
 Type rfsrc.news() to see new features, changes, and bug fixes. 
 

── Attaching core tidyverse packages ──────────────────────── tidyverse 2.0.0 ──
✔ forcats   1.0.0     ✔ readr     2.1.4
✔ ggplot2   3.3.6     ✔ stringr   1.5.1
✔ lubridate 1.9.3     ✔ tibble    3.2.1
✔ purrr     0.3.5     ✔ tidyr     1.2.1
── Conflicts ────────────────────────────────────────── tidyverse_conflicts() ──
✖ purrr::accumulate() masks foreach::accumulate()
✖ tidyr::extract()    masks dbarts::extract()
✖ dplyr::filter()     masks stats::filter()
✖ dplyr::lag()        masks stats::lag()
✖ purrr::partial()    masks randomForestSRC::partial()
✖ purrr::when()       masks foreach::when()
ℹ Use the [conflicted package](http://conflicted.r-lib.org/) to force all conflicts to become errors
[1] "[Analysis setting]"
[1] "n.cpus: 8"
[1] "method: nonpara"
[1] "taus: 0.1, 0.2, 0.3, 0.4, 0.5"
[1] "thetas: 0.1, 0.2, 0.3, 0.4, 0.5, 0.6, 0.7, 0.8, 0.9"
[1] "r: 100"
[1] "m: 100"
[1] "N_total: 1364"
[1] "cluster size dist'n: "

 5  6  7  8  9 10 11 12 13 14 15 16 17 18 19 20 
 2  2  7  4  5  9  7  5  8  9  6  6  4  4  7 15 
[1] "observed time summary: "
   Min. 1st Qu.  Median    Mean 3rd Qu.    Max. 
0.00000 0.03348 0.37327 0.60939 1.00000 4.77149 
[1] "event indicator table: "

  0   1 
788 576 
[1] "treatment indicator table: "

  0   1 
480 884 
[1] ""
[1] "Estimation start"
[1] "   Split: 1"
Note: Using an external vector in selections is ambiguous.
ℹ Use `all_of(X.T.names)` instead of `X.T.names` to silence this message.
ℹ See <https://tidyselect.r-lib.org/reference/faq-external-vector.html>.
This message is displayed once per session.
Note: Using an external vector in selections is ambiguous.
ℹ Use `all_of(X.C.names)` instead of `X.C.names` to silence this message.
ℹ See <https://tidyselect.r-lib.org/reference/faq-external-vector.html>.
This message is displayed once per session.
Note: Using an external vector in selections is ambiguous.
ℹ Use `all_of(X.A.names)` instead of `X.A.names` to silence this message.
ℹ See <https://tidyselect.r-lib.org/reference/faq-external-vector.html>.
This message is displayed once per session.

Running BART with binary y

number of trees: 25
number of chains: 1, number of threads 1
tree thinning rate: 1
Prior:
	prior on k: chi with 1.250000 degrees of freedom and inf scale
	power and base for tree prior: 2.000000 0.950000
	use quantiles for rule cut points: false
	proposal probabilities: birth/death 0.50, swap 0.10, change 0.40; birth 0.50
data:
	number of training observations: 663
	number of test observations: 0
	number of explanatory variables: 15

Cutoff rules c in x<=c vs x>c
Number of cutoffs: (var: number of possible c):
(1: 100) (2: 100) (3: 100) (4: 100) (5: 100) 
(6: 100) (7: 100) (8: 100) (9: 100) (10: 100) 
(11: 100) (12: 100) (13: 100) (14: 100) (15: 100) 

[1] "     Cluster: 1"
[1] "     Cluster: 2"
[1] "     Cluster: 3"
[1] "     Cluster: 6"
[1] "     Cluster: 8"
[1] "     Cluster: 9"
[1] "     Cluster: 13"
[1] "     Cluster: 14"
[1] "     Cluster: 15"
[1] "     Cluster: 17"
[1] "     Cluster: 18"
[1] "     Cluster: 20"
[1] "     Cluster: 24"
[1] "     Cluster: 28"
[1] "     Cluster: 29"
[1] "     Cluster: 30"
[1] "     Cluster: 31"
[1] "     Cluster: 32"
[1] "     Cluster: 33"
[1] "     Cluster: 36"
[1] "     Cluster: 38"
[1] "     Cluster: 41"
[1] "     Cluster: 43"
[1] "     Cluster: 45"
[1] "     Cluster: 46"
[1] "     Cluster: 48"
[1] "     Cluster: 49"
[1] "     Cluster: 50"
[1] "     Cluster: 51"
[1] "     Cluster: 52"
[1] "     Cluster: 54"
[1] "     Cluster: 57"
[1] "     Cluster: 63"
[1] "     Cluster: 65"
[1] "     Cluster: 66"
[1] "     Cluster: 69"
[1] "     Cluster: 72"
[1] "     Cluster: 73"
[1] "     Cluster: 83"
[1] "     Cluster: 84"
[1] "     Cluster: 85"
[1] "     Cluster: 88"
[1] "     Cluster: 89"
[1] "     Cluster: 90"
[1] "     Cluster: 92"
[1] "     Cluster: 93"
[1] "     Cluster: 96"
[1] "     Cluster: 98"
[1] "     Cluster: 99"
[1] "     Cluster: 100"
[1] "   Split: 2"

Running BART with binary y

number of trees: 25
number of chains: 1, number of threads 1
tree thinning rate: 1
Prior:
	prior on k: chi with 1.250000 degrees of freedom and inf scale
	power and base for tree prior: 2.000000 0.950000
	use quantiles for rule cut points: false
	proposal probabilities: birth/death 0.50, swap 0.10, change 0.40; birth 0.50
data:
	number of training observations: 701
	number of test observations: 0
	number of explanatory variables: 15

Cutoff rules c in x<=c vs x>c
Number of cutoffs: (var: number of possible c):
(1: 100) (2: 100) (3: 100) (4: 100) (5: 100) 
(6: 100) (7: 100) (8: 100) (9: 100) (10: 100) 
(11: 100) (12: 100) (13: 100) (14: 100) (15: 100) 

[1] "     Cluster: 4"
[1] "     Cluster: 5"
[1] "     Cluster: 7"
[1] "     Cluster: 10"
[1] "     Cluster: 11"
[1] "     Cluster: 12"
[1] "     Cluster: 16"
[1] "     Cluster: 19"
[1] "     Cluster: 21"
[1] "     Cluster: 22"
[1] "     Cluster: 23"
[1] "     Cluster: 25"
[1] "     Cluster: 26"
[1] "     Cluster: 27"
[1] "     Cluster: 34"
[1] "     Cluster: 35"
[1] "     Cluster: 37"
[1] "     Cluster: 39"
[1] "     Cluster: 40"
[1] "     Cluster: 42"
[1] "     Cluster: 44"
[1] "     Cluster: 47"
[1] "     Cluster: 53"
[1] "     Cluster: 55"
[1] "     Cluster: 56"
[1] "     Cluster: 58"
[1] "     Cluster: 59"
[1] "     Cluster: 60"
[1] "     Cluster: 61"
[1] "     Cluster: 62"
[1] "     Cluster: 64"
[1] "     Cluster: 67"
[1] "     Cluster: 68"
[1] "     Cluster: 70"
[1] "     Cluster: 71"
[1] "     Cluster: 74"
[1] "     Cluster: 75"
[1] "     Cluster: 76"
[1] "     Cluster: 77"
[1] "     Cluster: 78"
[1] "     Cluster: 79"
[1] "     Cluster: 80"
[1] "     Cluster: 81"
[1] "     Cluster: 82"
[1] "     Cluster: 86"
[1] "     Cluster: 87"
[1] "     Cluster: 91"
[1] "     Cluster: 94"
[1] "     Cluster: 95"
[1] "     Cluster: 97"
[1] ""
[1] "IF for proposed nonparametric estimator computed."
`summarise()` has grouped output by 'theta', 'tau'. You can override using the
`.groups` argument.
`summarise()` has grouped output by 'theta'. You can override using the
`.groups` argument.
`summarise()` has grouped output by 'theta', 'tau'. You can override using the
`.groups` argument.
`summarise()` has grouped output by 'theta'. You can override using the
`.groups` argument.
`summarise()` has grouped output by 'theta', 'tau'. You can override using the
`.groups` argument.
`summarise()` has grouped output by 'theta'. You can override using the
`.groups` argument.
`summarise()` has grouped output by 'theta', 'tau'. You can override using the
`.groups` argument.
`summarise()` has grouped output by 'theta'. You can override using the
`.groups` argument.
`summarise()` has grouped output by 'theta', 'tau'. You can override using the
`.groups` argument.
`summarise()` has grouped output by 'theta'. You can override using the
`.groups` argument.
`summarise()` has grouped output by 'theta', 'tau'. You can override using the
`.groups` argument.
`summarise()` has grouped output by 'theta'. You can override using the
`.groups` argument.
`summarise()` has grouped output by 'theta', 'tau'. You can override using the
`.groups` argument.
`summarise()` has grouped output by 'theta'. You can override using the
`.groups` argument.
`summarise()` has grouped output by 'theta', 'tau'. You can override using the
`.groups` argument.
`summarise()` has grouped output by 'theta'. You can override using the
`.groups` argument.
[1] ""
[1] "Total run time was 188.663 seconds"
[1] "Estimation result: "
# A tibble: 360 × 5
   estimand theta   tau   est     se
   <chr>    <dbl> <dbl> <dbl>  <dbl>
 1 mu         0.1   0.1 0.431 0.0578
 2 mu         0.1   0.2 0.487 0.0614
 3 mu         0.1   0.3 0.506 0.0590
 4 mu         0.1   0.4 0.531 0.0558
 5 mu         0.1   0.5 0.590 0.0442
 6 mu         0.2   0.1 0.389 0.0399
 7 mu         0.2   0.2 0.444 0.0422
 8 mu         0.2   0.3 0.476 0.0396
 9 mu         0.2   0.4 0.509 0.0363
10 mu         0.2   0.5 0.548 0.0290
# ℹ 350 more rows
[1] ""
[1] "OR weights"
`summarise()` has grouped output by 'estimand'. You can override using the
`.groups` argument.
# A tibble: 27 × 6
# Groups:   estimand [3]
   estimand theta mean_value median_value min_value max_value
   <fct>    <dbl>      <dbl>        <dbl>     <dbl>     <dbl>
 1 mu         0.1      1.01         0.980    0.0491      3.36
 2 mu         0.2      1.02         1.00     0.381       2.07
 3 mu         0.3      1.02         1.01     0.541       1.68
 4 mu         0.4      1.02         1.01     0.587       1.50
 5 mu         0.5      1.01         1.00     0.718       1.47
 6 mu         0.6      0.997        0.997    0.753       1.28
 7 mu         0.7      0.991        0.991    0.773       1.25
 8 mu         0.8      0.991        0.983    0.759       1.29
 9 mu         0.9      0.990        0.986    0.650       1.28
10 mu_1       0.1      1.02         1        0.128       2.53
11 mu_1       0.2      1.03         1        0.528       1.86
12 mu_1       0.3      1.03         1.02     0.545       1.58
13 mu_1       0.4      1.02         1.00     0.625       1.54
14 mu_1       0.5      1.00         1        0.690       1.43
15 mu_1       0.6      0.994        0.989    0.746       1.25
16 mu_1       0.7      0.991        0.984    0.792       1.26
17 mu_1       0.8      0.991        0.985    0.759       1.30
18 mu_1       0.9      0.990        0.986    0.644       1.28
19 mu_0       0.1      1.01         0.987    0.0403      3.58
20 mu_0       0.2      1.01         1        0.338       2.12
21 mu_0       0.3      1.02         1.02     0.540       1.72
22 mu_0       0.4      1.02         1.01     0.561       1.53
23 mu_0       0.5      1.01         1.01     0.659       1.51
24 mu_0       0.6      1.00         1        0.703       1.33
25 mu_0       0.7      0.992        0.990    0.730       1.24
26 mu_0       0.8      0.988        0.987    0.759       1.23
27 mu_0       0.9      0.989        0.978    0.698       1.43
[1] ""
[1] "IPCW weights"
`summarise()` has grouped output by 'estimand'. You can override using the
`.groups` argument.
# A tibble: 27 × 6
# Groups:   estimand [3]
   estimand theta mean_value median_value min_value max_value
   <fct>    <dbl>      <dbl>        <dbl>     <dbl>     <dbl>
 1 mu         0.1      0.658   0.0000134   1.77e-17     18.4 
 2 mu         0.2      0.992   0.00273     8.25e-12     20.2 
 3 mu         0.3      0.963   0.0507      1.60e- 8     10.5 
 4 mu         0.4      0.905   0.324       2.78e- 6      4.19
 5 mu         0.5      0.915   0.656       1.23e- 4      6.06
 6 mu         0.6      0.941   0.839       2.74e- 3      4.19
 7 mu         0.7      0.962   0.899       2.04e- 4      3.36
 8 mu         0.8      0.980   0.624       5.30e- 7      5.56
 9 mu         0.9      0.973   0.143       1.29e-11      7.01
10 mu_1       0.1      1.15    0.0000789   1.68e-16     28.4 
11 mu_1       0.2      1.07    0.00929     3.92e-11     15.5 
12 mu_1       0.3      0.910   0.104       5.07e- 8      5.36
13 mu_1       0.4      0.874   0.442       6.94e- 6      5.24
14 mu_1       0.5      0.904   0.637       2.47e- 4      6.06
15 mu_1       0.6      0.934   0.766       3.54e- 3      3.82
16 mu_1       0.7      0.956   0.781       5.83e- 5      3.60
17 mu_1       0.8      0.971   0.631       1.32e- 7      5.88
18 mu_1       0.9      0.964   0.110       2.88e-12      7.40
19 mu_0       0.1      0.604   0.00000363  0            17.3 
20 mu_0       0.2      0.972   0.00126     0            21.3 
21 mu_0       0.3      0.985   0.0280      0            12.6 
22 mu_0       0.4      0.925   0.188       0             5.03
23 mu_0       0.5      0.926   0.466       0             6.06
24 mu_0       0.6      0.951   0.724       0             5.24
25 mu_0       0.7      0.977   0.767       0             3.41
26 mu_0       0.8      1.02    0.719       0             4.70
27 mu_0       0.9      1.05    0.203       0             7.81
[1] "Total run time was 192.632 seconds"
