
Attaching package: ‘dplyr’

The following objects are masked from ‘package:stats’:

    filter, lag

The following objects are masked from ‘package:base’:

    intersect, setdiff, setequal, union

Loading required package: foreach
Loading required package: iterators
Loading required package: parallel

 randomForestSRC 3.2.2 
 
 Type rfsrc.news() to see new features, changes, and bug fixes. 
 

── Attaching core tidyverse packages ──────────────────────── tidyverse 2.0.0 ──
✔ forcats   1.0.0     ✔ readr     2.1.4
✔ ggplot2   3.3.6     ✔ stringr   1.5.1
✔ lubridate 1.9.3     ✔ tibble    3.2.1
✔ purrr     0.3.5     ✔ tidyr     1.2.1
── Conflicts ────────────────────────────────────────── tidyverse_conflicts() ──
✖ purrr::accumulate() masks foreach::accumulate()
✖ tidyr::extract()    masks dbarts::extract()
✖ dplyr::filter()     masks stats::filter()
✖ dplyr::lag()        masks stats::lag()
✖ purrr::partial()    masks randomForestSRC::partial()
✖ purrr::when()       masks foreach::when()
ℹ Use the [conflicted package](http://conflicted.r-lib.org/) to force all conflicts to become errors
[1] "[Analysis setting]"
[1] "n.cpus: 8"
[1] "method: nonpara"
[1] "taus: 0.1, 0.2, 0.3, 0.4, 0.5"
[1] "thetas: 0.1, 0.2, 0.3, 0.4, 0.5, 0.6, 0.7, 0.8, 0.9"
[1] "r: 100"
[1] "m: 100"
[1] "N_total: 1317"
[1] "cluster size dist'n: "

 5  6  7  8  9 10 11 12 13 14 15 16 17 18 19 20 
 6  3  6  6  5 10  4  3  5  5 11  8  7  3  7 11 
[1] "observed time summary: "
   Min. 1st Qu.  Median    Mean 3rd Qu.    Max. 
0.00000 0.03064 0.32768 0.61050 1.00000 6.00808 
[1] "event indicator table: "

  0   1 
773 544 
[1] "treatment indicator table: "

  0   1 
499 818 
[1] ""
[1] "Estimation start"
[1] "   Split: 1"
Note: Using an external vector in selections is ambiguous.
ℹ Use `all_of(X.T.names)` instead of `X.T.names` to silence this message.
ℹ See <https://tidyselect.r-lib.org/reference/faq-external-vector.html>.
This message is displayed once per session.
Note: Using an external vector in selections is ambiguous.
ℹ Use `all_of(X.C.names)` instead of `X.C.names` to silence this message.
ℹ See <https://tidyselect.r-lib.org/reference/faq-external-vector.html>.
This message is displayed once per session.
Note: Using an external vector in selections is ambiguous.
ℹ Use `all_of(X.A.names)` instead of `X.A.names` to silence this message.
ℹ See <https://tidyselect.r-lib.org/reference/faq-external-vector.html>.
This message is displayed once per session.

Running BART with binary y

number of trees: 25
number of chains: 1, number of threads 1
tree thinning rate: 1
Prior:
	prior on k: chi with 1.250000 degrees of freedom and inf scale
	power and base for tree prior: 2.000000 0.950000
	use quantiles for rule cut points: false
	proposal probabilities: birth/death 0.50, swap 0.10, change 0.40; birth 0.50
data:
	number of training observations: 628
	number of test observations: 0
	number of explanatory variables: 15

Cutoff rules c in x<=c vs x>c
Number of cutoffs: (var: number of possible c):
(1: 100) (2: 100) (3: 100) (4: 100) (5: 100) 
(6: 100) (7: 100) (8: 100) (9: 100) (10: 100) 
(11: 100) (12: 100) (13: 100) (14: 100) (15: 100) 

[1] "     Cluster: 6"
[1] "     Cluster: 10"
[1] "     Cluster: 11"
[1] "     Cluster: 15"
[1] "     Cluster: 16"
[1] "     Cluster: 17"
[1] "     Cluster: 20"
[1] "     Cluster: 21"
[1] "     Cluster: 23"
[1] "     Cluster: 27"
[1] "     Cluster: 28"
[1] "     Cluster: 30"
[1] "     Cluster: 31"
[1] "     Cluster: 33"
[1] "     Cluster: 35"
[1] "     Cluster: 36"
[1] "     Cluster: 38"
[1] "     Cluster: 43"
[1] "     Cluster: 44"
[1] "     Cluster: 45"
[1] "     Cluster: 46"
[1] "     Cluster: 47"
[1] "     Cluster: 48"
[1] "     Cluster: 49"
[1] "     Cluster: 50"
[1] "     Cluster: 51"
[1] "     Cluster: 52"
[1] "     Cluster: 53"
[1] "     Cluster: 56"
[1] "     Cluster: 57"
[1] "     Cluster: 63"
[1] "     Cluster: 64"
[1] "     Cluster: 66"
[1] "     Cluster: 68"
[1] "     Cluster: 69"
[1] "     Cluster: 74"
[1] "     Cluster: 75"
[1] "     Cluster: 79"
[1] "     Cluster: 80"
[1] "     Cluster: 83"
[1] "     Cluster: 84"
[1] "     Cluster: 87"
[1] "     Cluster: 88"
[1] "     Cluster: 89"
[1] "     Cluster: 91"
[1] "     Cluster: 92"
[1] "     Cluster: 93"
[1] "     Cluster: 95"
[1] "     Cluster: 96"
[1] "     Cluster: 97"
[1] "   Split: 2"

Running BART with binary y

number of trees: 25
number of chains: 1, number of threads 1
tree thinning rate: 1
Prior:
	prior on k: chi with 1.250000 degrees of freedom and inf scale
	power and base for tree prior: 2.000000 0.950000
	use quantiles for rule cut points: false
	proposal probabilities: birth/death 0.50, swap 0.10, change 0.40; birth 0.50
data:
	number of training observations: 689
	number of test observations: 0
	number of explanatory variables: 15

Cutoff rules c in x<=c vs x>c
Number of cutoffs: (var: number of possible c):
(1: 100) (2: 100) (3: 100) (4: 100) (5: 100) 
(6: 100) (7: 100) (8: 100) (9: 100) (10: 100) 
(11: 100) (12: 100) (13: 100) (14: 100) (15: 100) 

[1] "     Cluster: 1"
[1] "     Cluster: 2"
[1] "     Cluster: 3"
[1] "     Cluster: 4"
[1] "     Cluster: 5"
[1] "     Cluster: 7"
[1] "     Cluster: 8"
[1] "     Cluster: 9"
[1] "     Cluster: 12"
[1] "     Cluster: 13"
[1] "     Cluster: 14"
[1] "     Cluster: 18"
[1] "     Cluster: 19"
[1] "     Cluster: 22"
[1] "     Cluster: 24"
[1] "     Cluster: 25"
[1] "     Cluster: 26"
[1] "     Cluster: 29"
[1] "     Cluster: 32"
[1] "     Cluster: 34"
[1] "     Cluster: 37"
[1] "     Cluster: 39"
[1] "     Cluster: 40"
[1] "     Cluster: 41"
[1] "     Cluster: 42"
[1] "     Cluster: 54"
[1] "     Cluster: 55"
[1] "     Cluster: 58"
[1] "     Cluster: 59"
[1] "     Cluster: 60"
[1] "     Cluster: 61"
[1] "     Cluster: 62"
[1] "     Cluster: 65"
[1] "     Cluster: 67"
[1] "     Cluster: 70"
[1] "     Cluster: 71"
[1] "     Cluster: 72"
[1] "     Cluster: 73"
[1] "     Cluster: 76"
[1] "     Cluster: 77"
[1] "     Cluster: 78"
[1] "     Cluster: 81"
[1] "     Cluster: 82"
[1] "     Cluster: 85"
[1] "     Cluster: 86"
[1] "     Cluster: 90"
[1] "     Cluster: 94"
[1] "     Cluster: 98"
[1] "     Cluster: 99"
[1] "     Cluster: 100"
[1] ""
[1] "IF for proposed nonparametric estimator computed."
`summarise()` has grouped output by 'theta', 'tau'. You can override using the
`.groups` argument.
`summarise()` has grouped output by 'theta'. You can override using the
`.groups` argument.
`summarise()` has grouped output by 'theta', 'tau'. You can override using the
`.groups` argument.
`summarise()` has grouped output by 'theta'. You can override using the
`.groups` argument.
`summarise()` has grouped output by 'theta', 'tau'. You can override using the
`.groups` argument.
`summarise()` has grouped output by 'theta'. You can override using the
`.groups` argument.
`summarise()` has grouped output by 'theta', 'tau'. You can override using the
`.groups` argument.
`summarise()` has grouped output by 'theta'. You can override using the
`.groups` argument.
`summarise()` has grouped output by 'theta', 'tau'. You can override using the
`.groups` argument.
`summarise()` has grouped output by 'theta'. You can override using the
`.groups` argument.
`summarise()` has grouped output by 'theta', 'tau'. You can override using the
`.groups` argument.
`summarise()` has grouped output by 'theta'. You can override using the
`.groups` argument.
`summarise()` has grouped output by 'theta', 'tau'. You can override using the
`.groups` argument.
`summarise()` has grouped output by 'theta'. You can override using the
`.groups` argument.
`summarise()` has grouped output by 'theta', 'tau'. You can override using the
`.groups` argument.
`summarise()` has grouped output by 'theta'. You can override using the
`.groups` argument.
[1] ""
[1] "Total run time was 123.793 seconds"
[1] "Estimation result: "
# A tibble: 360 × 5
   estimand theta   tau   est     se
   <chr>    <dbl> <dbl> <dbl>  <dbl>
 1 mu         0.1   0.1 0.535 0.145 
 2 mu         0.1   0.2 0.655 0.174 
 3 mu         0.1   0.3 0.739 0.202 
 4 mu         0.1   0.4 0.813 0.218 
 5 mu         0.1   0.5 0.865 0.232 
 6 mu         0.2   0.1 0.422 0.0695
 7 mu         0.2   0.2 0.518 0.0611
 8 mu         0.2   0.3 0.579 0.0657
 9 mu         0.2   0.4 0.645 0.0882
10 mu         0.2   0.5 0.693 0.0871
# ℹ 350 more rows
[1] ""
[1] "OR weights"
`summarise()` has grouped output by 'estimand'. You can override using the
`.groups` argument.
# A tibble: 27 × 6
# Groups:   estimand [3]
   estimand theta mean_value median_value min_value max_value
   <fct>    <dbl>      <dbl>        <dbl>     <dbl>     <dbl>
 1 mu         0.1      1.29         0.476 0.0000293     25.9 
 2 mu         0.2      1.04         0.808 0.00527        6.51
 3 mu         0.3      0.962        0.927 0.0672         2.49
 4 mu         0.4      0.970        0.985 0.279          1.80
 5 mu         0.5      0.986        1     0.601          1.42
 6 mu         0.6      0.994        1     0.794          1.17
 7 mu         0.7      0.994        0.999 0.770          1.28
 8 mu         0.8      0.993        1     0.594          1.53
 9 mu         0.9      0.988        0.991 0.206          2.76
10 mu_1       0.1      1.25         0.803 0.000135      13.4 
11 mu_1       0.2      0.982        0.921 0.0125         3.82
12 mu_1       0.3      0.960        0.962 0.111          2.03
13 mu_1       0.4      0.976        1     0.367          1.63
14 mu_1       0.5      0.989        0.999 0.678          1.27
15 mu_1       0.6      0.994        1     0.781          1.15
16 mu_1       0.7      0.993        1     0.731          1.33
17 mu_1       0.8      0.992        1     0.552          1.56
18 mu_1       0.9      0.987        0.997 0.181          2.90
19 mu_0       0.1      1.29         0.442 0.0000176     27.2 
20 mu_0       0.2      1.05         0.767 0.00347        7.48
21 mu_0       0.3      0.962        0.925 0.0484         2.93
22 mu_0       0.4      0.965        0.971 0.221          1.92
23 mu_0       0.5      0.983        1     0.524          1.57
24 mu_0       0.6      0.994        0.999 0.766          1.24
25 mu_0       0.7      0.997        1     0.781          1.16
26 mu_0       0.8      0.996        1.00  0.761          1.41
27 mu_0       0.9      0.996        0.997 0.427          1.75
[1] ""
[1] "IPCW weights"
`summarise()` has grouped output by 'estimand'. You can override using the
`.groups` argument.
# A tibble: 27 × 6
# Groups:   estimand [3]
   estimand theta mean_value median_value min_value max_value
   <fct>    <dbl>      <dbl>        <dbl>     <dbl>     <dbl>
 1 mu         0.1      0.479    0.0000458  1.52e-18     18.1 
 2 mu         0.2      0.952    0.00582    1.60e-12     27.0 
 3 mu         0.3      1.12     0.0970     5.30e- 9     20.9 
 4 mu         0.4      1.15     0.391      1.67e- 6     13.3 
 5 mu         0.5      1.16     0.845      1.45e- 4     10.3 
 6 mu         0.6      1.19     1.08       5.56e- 3      3.95
 7 mu         0.7      1.23     1.05       5.55e- 4      8.82
 8 mu         0.8      1.29     0.716      2.16e- 6     25.4 
 9 mu         0.9      2.21     0.103      1.06e-10    105.  
10 mu_1       0.1      0.941    0.000312   1.52e-17     34.6 
11 mu_1       0.2      1.14     0.0175     7.98e-12     27.0 
12 mu_1       0.3      1.16     0.194      1.77e- 8     14.2 
13 mu_1       0.4      1.17     0.576      4.18e- 6     13.7 
14 mu_1       0.5      1.18     0.929      2.90e- 4      8.45
15 mu_1       0.6      1.21     1.15       7.87e- 3      3.35
16 mu_1       0.7      1.23     1.06       1.67e- 4     11.0 
17 mu_1       0.8      1.30     0.589      5.69e- 7     27.8 
18 mu_1       0.9      2.33     0.0782     2.47e-11    117.  
19 mu_0       0.1      0.428    0.0000149  0            17.0 
20 mu_0       0.2      0.907    0.00279    0            27.0 
21 mu_0       0.3      1.11     0.0448     0            23.9 
22 mu_0       0.4      1.13     0.236      0            14.4 
23 mu_0       0.5      1.13     0.613      0            12.1 
24 mu_0       0.6      1.16     0.899      0             5.80
25 mu_0       0.7      1.21     1.13       0             4.20
26 mu_0       0.8      1.23     0.775      0            15.9 
27 mu_0       0.9      1.18     0.210      0            41.3 
[1] "Total run time was 127.203 seconds"
