
Attaching package: ‘dplyr’

The following objects are masked from ‘package:stats’:

    filter, lag

The following objects are masked from ‘package:base’:

    intersect, setdiff, setequal, union

Loading required package: foreach
Loading required package: iterators
Loading required package: parallel

 randomForestSRC 3.2.2 
 
 Type rfsrc.news() to see new features, changes, and bug fixes. 
 

── Attaching core tidyverse packages ──────────────────────── tidyverse 2.0.0 ──
✔ forcats   1.0.0     ✔ readr     2.1.4
✔ ggplot2   3.3.6     ✔ stringr   1.5.1
✔ lubridate 1.9.3     ✔ tibble    3.2.1
✔ purrr     0.3.5     ✔ tidyr     1.2.1
── Conflicts ────────────────────────────────────────── tidyverse_conflicts() ──
✖ purrr::accumulate() masks foreach::accumulate()
✖ tidyr::extract()    masks dbarts::extract()
✖ dplyr::filter()     masks stats::filter()
✖ dplyr::lag()        masks stats::lag()
✖ purrr::partial()    masks randomForestSRC::partial()
✖ purrr::when()       masks foreach::when()
ℹ Use the [conflicted package](http://conflicted.r-lib.org/) to force all conflicts to become errors
[1] "[Analysis setting]"
[1] "n.cpus: 8"
[1] "method: nonpara"
[1] "taus: 0.1, 0.2, 0.3, 0.4, 0.5"
[1] "thetas: 0.1, 0.2, 0.3, 0.4, 0.5, 0.6, 0.7, 0.8, 0.9"
[1] "r: 100"
[1] "m: 100"
[1] "N_total: 1268"
[1] "cluster size dist'n: "

 5  6  7  8  9 10 11 12 13 14 15 16 17 18 19 20 
11  4  3  8  6  1  5  8  8  8  6  6  6  5  5 10 
[1] "observed time summary: "
   Min. 1st Qu.  Median    Mean 3rd Qu.    Max. 
 0.0000  0.0224  0.3132  0.6007  1.0000  5.0000 
[1] "event indicator table: "

  0   1 
735 533 
[1] "treatment indicator table: "

  0   1 
503 765 
[1] ""
[1] "Estimation start"
[1] "   Split: 1"
Note: Using an external vector in selections is ambiguous.
ℹ Use `all_of(X.T.names)` instead of `X.T.names` to silence this message.
ℹ See <https://tidyselect.r-lib.org/reference/faq-external-vector.html>.
This message is displayed once per session.
Note: Using an external vector in selections is ambiguous.
ℹ Use `all_of(X.C.names)` instead of `X.C.names` to silence this message.
ℹ See <https://tidyselect.r-lib.org/reference/faq-external-vector.html>.
This message is displayed once per session.
Note: Using an external vector in selections is ambiguous.
ℹ Use `all_of(X.A.names)` instead of `X.A.names` to silence this message.
ℹ See <https://tidyselect.r-lib.org/reference/faq-external-vector.html>.
This message is displayed once per session.

Running BART with binary y

number of trees: 25
number of chains: 1, number of threads 1
tree thinning rate: 1
Prior:
	prior on k: chi with 1.250000 degrees of freedom and inf scale
	power and base for tree prior: 2.000000 0.950000
	use quantiles for rule cut points: false
	proposal probabilities: birth/death 0.50, swap 0.10, change 0.40; birth 0.50
data:
	number of training observations: 641
	number of test observations: 0
	number of explanatory variables: 15

Cutoff rules c in x<=c vs x>c
Number of cutoffs: (var: number of possible c):
(1: 100) (2: 100) (3: 100) (4: 100) (5: 100) 
(6: 100) (7: 100) (8: 100) (9: 100) (10: 100) 
(11: 100) (12: 100) (13: 100) (14: 100) (15: 100) 

[1] "     Cluster: 1"
[1] "     Cluster: 9"
[1] "     Cluster: 10"
[1] "     Cluster: 12"
[1] "     Cluster: 14"
[1] "     Cluster: 15"
[1] "     Cluster: 17"
[1] "     Cluster: 18"
[1] "     Cluster: 19"
[1] "     Cluster: 24"
[1] "     Cluster: 26"
[1] "     Cluster: 28"
[1] "     Cluster: 29"
[1] "     Cluster: 30"
[1] "     Cluster: 34"
[1] "     Cluster: 35"
[1] "     Cluster: 36"
[1] "     Cluster: 37"
[1] "     Cluster: 39"
[1] "     Cluster: 41"
[1] "     Cluster: 42"
[1] "     Cluster: 43"
[1] "     Cluster: 45"
[1] "     Cluster: 47"
[1] "     Cluster: 50"
[1] "     Cluster: 51"
[1] "     Cluster: 52"
[1] "     Cluster: 53"
[1] "     Cluster: 55"
[1] "     Cluster: 59"
[1] "     Cluster: 60"
[1] "     Cluster: 63"
[1] "     Cluster: 65"
[1] "     Cluster: 67"
[1] "     Cluster: 68"
[1] "     Cluster: 69"
[1] "     Cluster: 70"
[1] "     Cluster: 71"
[1] "     Cluster: 75"
[1] "     Cluster: 78"
[1] "     Cluster: 81"
[1] "     Cluster: 82"
[1] "     Cluster: 86"
[1] "     Cluster: 87"
[1] "     Cluster: 91"
[1] "     Cluster: 92"
[1] "     Cluster: 93"
[1] "     Cluster: 94"
[1] "     Cluster: 96"
[1] "     Cluster: 99"
[1] "   Split: 2"

Running BART with binary y

number of trees: 25
number of chains: 1, number of threads 1
tree thinning rate: 1
Prior:
	prior on k: chi with 1.250000 degrees of freedom and inf scale
	power and base for tree prior: 2.000000 0.950000
	use quantiles for rule cut points: false
	proposal probabilities: birth/death 0.50, swap 0.10, change 0.40; birth 0.50
data:
	number of training observations: 627
	number of test observations: 0
	number of explanatory variables: 15

Cutoff rules c in x<=c vs x>c
Number of cutoffs: (var: number of possible c):
(1: 100) (2: 100) (3: 100) (4: 100) (5: 100) 
(6: 100) (7: 100) (8: 100) (9: 100) (10: 100) 
(11: 100) (12: 100) (13: 100) (14: 100) (15: 100) 

[1] "     Cluster: 2"
[1] "     Cluster: 3"
[1] "     Cluster: 4"
[1] "     Cluster: 5"
[1] "     Cluster: 6"
[1] "     Cluster: 7"
[1] "     Cluster: 8"
[1] "     Cluster: 11"
[1] "     Cluster: 13"
[1] "     Cluster: 16"
[1] "     Cluster: 20"
[1] "     Cluster: 21"
[1] "     Cluster: 22"
[1] "     Cluster: 23"
[1] "     Cluster: 25"
[1] "     Cluster: 27"
[1] "     Cluster: 31"
[1] "     Cluster: 32"
[1] "     Cluster: 33"
[1] "     Cluster: 38"
[1] "     Cluster: 40"
[1] "     Cluster: 44"
[1] "     Cluster: 46"
[1] "     Cluster: 48"
[1] "     Cluster: 49"
[1] "     Cluster: 54"
[1] "     Cluster: 56"
[1] "     Cluster: 57"
[1] "     Cluster: 58"
[1] "     Cluster: 61"
[1] "     Cluster: 62"
[1] "     Cluster: 64"
[1] "     Cluster: 66"
[1] "     Cluster: 72"
[1] "     Cluster: 73"
[1] "     Cluster: 74"
[1] "     Cluster: 76"
[1] "     Cluster: 77"
[1] "     Cluster: 79"
[1] "     Cluster: 80"
[1] "     Cluster: 83"
[1] "     Cluster: 84"
[1] "     Cluster: 85"
[1] "     Cluster: 88"
[1] "     Cluster: 89"
[1] "     Cluster: 90"
[1] "     Cluster: 95"
[1] "     Cluster: 97"
[1] "     Cluster: 98"
[1] "     Cluster: 100"
[1] ""
[1] "IF for proposed nonparametric estimator computed."
`summarise()` has grouped output by 'theta', 'tau'. You can override using the
`.groups` argument.
`summarise()` has grouped output by 'theta'. You can override using the
`.groups` argument.
`summarise()` has grouped output by 'theta', 'tau'. You can override using the
`.groups` argument.
`summarise()` has grouped output by 'theta'. You can override using the
`.groups` argument.
`summarise()` has grouped output by 'theta', 'tau'. You can override using the
`.groups` argument.
`summarise()` has grouped output by 'theta'. You can override using the
`.groups` argument.
`summarise()` has grouped output by 'theta', 'tau'. You can override using the
`.groups` argument.
`summarise()` has grouped output by 'theta'. You can override using the
`.groups` argument.
`summarise()` has grouped output by 'theta', 'tau'. You can override using the
`.groups` argument.
`summarise()` has grouped output by 'theta'. You can override using the
`.groups` argument.
`summarise()` has grouped output by 'theta', 'tau'. You can override using the
`.groups` argument.
`summarise()` has grouped output by 'theta'. You can override using the
`.groups` argument.
`summarise()` has grouped output by 'theta', 'tau'. You can override using the
`.groups` argument.
`summarise()` has grouped output by 'theta'. You can override using the
`.groups` argument.
`summarise()` has grouped output by 'theta', 'tau'. You can override using the
`.groups` argument.
`summarise()` has grouped output by 'theta'. You can override using the
`.groups` argument.
[1] ""
[1] "Total run time was 119.737 seconds"
[1] "Estimation result: "
# A tibble: 360 × 5
   estimand theta   tau   est     se
   <chr>    <dbl> <dbl> <dbl>  <dbl>
 1 mu         0.1   0.1 0.438 0.104 
 2 mu         0.1   0.2 0.495 0.117 
 3 mu         0.1   0.3 0.506 0.121 
 4 mu         0.1   0.4 0.503 0.124 
 5 mu         0.1   0.5 0.502 0.134 
 6 mu         0.2   0.1 0.435 0.0694
 7 mu         0.2   0.2 0.495 0.0748
 8 mu         0.2   0.3 0.539 0.0827
 9 mu         0.2   0.4 0.549 0.0886
10 mu         0.2   0.5 0.564 0.102 
# ℹ 350 more rows
[1] ""
[1] "OR weights"
`summarise()` has grouped output by 'estimand'. You can override using the
`.groups` argument.
# A tibble: 27 × 6
# Groups:   estimand [3]
   estimand theta mean_value median_value min_value max_value
   <fct>    <dbl>      <dbl>        <dbl>     <dbl>     <dbl>
 1 mu         0.1      0.902        0.599 0.0000439     13.6 
 2 mu         0.2      1.08         0.982 0.00880       11.4 
 3 mu         0.3      1.12         0.996 0.118          9.51
 4 mu         0.4      1.08         1     0.482          4.74
 5 mu         0.5      1.03         1     0.617          2.71
 6 mu         0.6      1.01         1     0.728          1.42
 7 mu         0.7      0.995        1     0.681          1.33
 8 mu         0.8      0.984        0.984 0.377          2.35
 9 mu         0.9      0.972        0.967 0.0592         6.20
10 mu_1       0.1      0.996        0.857 0.000222       8.16
11 mu_1       0.2      1.12         0.997 0.0225        12.8 
12 mu_1       0.3      1.11         1     0.205          7.49
13 mu_1       0.4      1.06         1     0.631          4.33
14 mu_1       0.5      1.02         1     0.610          2.19
15 mu_1       0.6      1.00         1     0.774          1.35
16 mu_1       0.7      0.992        1     0.619          1.44
17 mu_1       0.8      0.982        0.970 0.327          2.60
18 mu_1       0.9      0.970        0.956 0.0485         6.45
19 mu_0       0.1      0.891        0.568 0.0000241     15.1 
20 mu_0       0.2      1.07         0.921 0.00537       11.1 
21 mu_0       0.3      1.12         1     0.0811        10.4 
22 mu_0       0.4      1.09         0.998 0.376          5.33
23 mu_0       0.5      1.04         1     0.625          3.22
24 mu_0       0.6      1.02         1     0.654          1.54
25 mu_0       0.7      1.00         1     0.790          1.21
26 mu_0       0.8      0.992        1.00  0.576          1.38
27 mu_0       0.9      0.990        0.982 0.155          3.90
[1] ""
[1] "IPCW weights"
`summarise()` has grouped output by 'estimand'. You can override using the
`.groups` argument.
# A tibble: 27 × 6
# Groups:   estimand [3]
   estimand theta mean_value median_value min_value max_value
   <fct>    <dbl>      <dbl>        <dbl>     <dbl>     <dbl>
 1 mu         0.1       8.53    0.000137   9.56e-16    527.  
 2 mu         0.2       5.79    0.0106     4.45e-10    306.  
 3 mu         0.3       3.99    0.0949     3.13e- 7    181.  
 4 mu         0.4       2.53    0.382      3.12e- 5     69.0 
 5 mu         0.5       1.58    0.783      1.11e- 3     35.7 
 6 mu         0.6       1.20    0.884      6.18e- 3     10.6 
 7 mu         0.7       1.29    1.04       1.10e- 4     16.0 
 8 mu         0.8       1.83    0.526      3.77e- 7     30.6 
 9 mu         0.9       3.33    0.0718     2.30e-11    143.  
10 mu_1       0.1       5.71    0.000755   0           414.  
11 mu_1       0.2       4.59    0.0281     0           255.  
12 mu_1       0.3       2.97    0.190      0           101.  
13 mu_1       0.4       1.95    0.589      0            53.5 
14 mu_1       0.5       1.35    0.849      0            28.6 
15 mu_1       0.6       1.16    0.851      0             9.56
16 mu_1       0.7       1.34    0.977      0            16.8 
17 mu_1       0.8       1.95    0.416      0            36.4 
18 mu_1       0.9       3.48    0.0584     0           151.  
19 mu_0       0.1       8.85    0.0000478  0           585.  
20 mu_0       0.2       6.08    0.00403    0           319.  
21 mu_0       0.3       4.42    0.0407     0           216.  
22 mu_0       0.4       2.91    0.227      0            95.8 
23 mu_0       0.5       1.82    0.644      0            42.9 
24 mu_0       0.6       1.25    0.799      0            15.8 
25 mu_0       0.7       1.17    0.974      0            14.0 
26 mu_0       0.8       1.38    0.833      0            18.0 
27 mu_0       0.9       2.02    0.187      0            71.7 
[1] "Total run time was 123.238 seconds"
