##############################################################
### Job started at Thu Jun  5 05:46:47 EDT 2025 with p=TypeB, m=200, r=100, s=3 ###
##############################################################

Attaching package: ‘dplyr’

The following objects are masked from ‘package:stats’:

    filter, lag

The following objects are masked from ‘package:base’:

    intersect, setdiff, setequal, union

Loading required package: foreach
Loading required package: iterators
Loading required package: parallel

 randomForestSRC 3.2.2 
 
 Type rfsrc.news() to see new features, changes, and bug fixes. 
 

[conflicted] Will prefer dplyr::select over any other package.
[conflicted] Will prefer dplyr::filter over any other package.
[conflicted] Will prefer reshape2::melt over any other package.
── Attaching core tidyverse packages ──────────────────────── tidyverse 2.0.0 ──
✔ forcats   1.0.0     ✔ readr     2.1.4
✔ ggplot2   3.5.2     ✔ stringr   1.5.1
✔ lubridate 1.9.3     ✔ tibble    3.2.1
✔ purrr     0.3.5     ✔ tidyr     1.2.1
# A tibble: 42 × 4
   theta   tau estimand   truth
   <dbl> <dbl> <chr>      <dbl>
 1  0.3    0.2 de       -0.278 
 2  0.3    0.2 mu        0.437 
 3  0.3    0.2 mu_0      0.520 
 4  0.3    0.2 mu_1      0.242 
 5  0.3    0.2 oe        0.0688
 6  0.3    0.2 se_0      0.0316
 7  0.3    0.2 se_1      0.0216
 8  0.45   0.2 de       -0.268 
 9  0.45   0.2 mu        0.368 
10  0.45   0.2 mu_0      0.488 
11  0.45   0.2 mu_1      0.221 
12  0.45   0.2 oe        0     
13  0.45   0.2 se_0      0     
14  0.45   0.2 se_1      0     
15  0.6    0.2 de       -0.265 
16  0.6    0.2 mu        0.304 
17  0.6    0.2 mu_0      0.463 
18  0.6    0.2 mu_1      0.197 
19  0.6    0.2 oe       -0.0645
20  0.6    0.2 se_0     -0.0257
21  0.6    0.2 se_1     -0.0234
22  0.3    0.4 de       -0.263 
23  0.3    0.4 mu        0.538 
24  0.3    0.4 mu_0      0.617 
25  0.3    0.4 mu_1      0.354 
26  0.3    0.4 oe        0.0676
27  0.3    0.4 se_0      0.0307
28  0.3    0.4 se_1      0.0250
29  0.45   0.4 de       -0.257 
30  0.45   0.4 mu        0.470 
31  0.45   0.4 mu_0      0.586 
32  0.45   0.4 mu_1      0.329 
33  0.45   0.4 oe        0     
34  0.45   0.4 se_0      0     
35  0.45   0.4 se_1      0     
36  0.6    0.4 de       -0.260 
37  0.6    0.4 mu        0.403 
38  0.6    0.4 mu_0      0.560 
39  0.6    0.4 mu_1      0.299 
40  0.6    0.4 oe       -0.0667
41  0.6    0.4 se_0     -0.0264
42  0.6    0.4 se_1     -0.0293
Loading required package: Matrix

Attaching package: ‘Matrix’

The following objects are masked from ‘package:tidyr’:

    expand, pack, unpack


==========================================================================
===========================   Analysis setting  ==========================
==========================================================================

- taus: 0.1, 0.2, 0.3, 0.4, 0.5 

- policy: TypeB 

- thetas: 0.3, 0.31, 0.32, 0.33, 0.34, 0.35, 0.36, 0.37, 0.38, 0.39, 0.4, 0.41, 0.42, 0.43, 0.44, 0.45, 0.46, 0.47, 0.48, 0.49, 0.5, 0.51, 0.52, 0.53, 0.54, 0.55, 0.56, 0.57, 0.58, 0.59, 0.6 

- r: 100 

- K: 2 

- Nuisance estimation method: T para / C nonpara / A nonpara 

- m: 200 

- N_total: 2538 

- cluster size dist'n: 
 5  6  7  8  9 10 11 12 13 14 15 16 17 18 19 20 
15  9 10 14 10 15  8 17 15  8  9 19 12  9 17 13 

 - observed time summary: 
    Min.  1st Qu.   Median     Mean  3rd Qu.     Max. 
 0.00000  0.02198  0.20580  0.58809  0.74691 12.64172 

 - event indicator table: 
   0    1 
1015 1523 

 - event time summary: 
    Min.  1st Qu.   Median     Mean  3rd Qu.     Max. 
 0.00000  0.01977  0.18136  0.56784  0.71652 12.23620 

 - censoring time summary: 
   Min. 1st Qu.  Median    Mean 3rd Qu.    Max. 
 0.0000  0.0277  0.2474  0.6185  0.7909 12.6417 

 - treatment indicator table: 
   0    1 
1349 1189 

==========================================================================
===========================   Estimation start  ==========================
==========================================================================

--- Split:1 ---

Running BART with binary y

number of trees: 25
number of chains: 1, number of threads 1
tree thinning rate: 1
Prior:
	prior on k: chi with 1.250000 degrees of freedom and inf scale
	power and base for tree prior: 2.000000 0.950000
	use quantiles for rule cut points: false
	proposal probabilities: birth/death 0.50, swap 0.10, change 0.40; birth 0.50
data:
	number of training observations: 1256
	number of test observations: 0
	number of explanatory variables: 15

Cutoff rules c in x<=c vs x>c
Number of cutoffs: (var: number of possible c):
(1: 100) (2: 100) (3: 100) (4: 100) (5: 100) 
(6: 100) (7: 100) (8: 100) (9: 100) (10: 100) 
(11: 100) (12: 100) (13: 100) (14: 100) (15: 100) 


   [*---------] 10% | ET: 10s 
   [**--------] 20% | ET: 20.2s 
   [***-------] 30% | ET: 31.3s 
   [****------] 40% | ET: 43.1s 
   [*****-----] 50% | ET: 57.6s 
   [******----] 60% | ET: 73.7s 
   [*******---] 70% | ET: 87.9s 
   [********--] 80% | ET: 102.1s 
   [*********-] 90% | ET: 116.4s 
   [**********] 100% | ET: 131.5s 

--- Split:2 ---

Running BART with binary y

number of trees: 25
number of chains: 1, number of threads 1
tree thinning rate: 1
Prior:
	prior on k: chi with 1.250000 degrees of freedom and inf scale
	power and base for tree prior: 2.000000 0.950000
	use quantiles for rule cut points: false
	proposal probabilities: birth/death 0.50, swap 0.10, change 0.40; birth 0.50
data:
	number of training observations: 1282
	number of test observations: 0
	number of explanatory variables: 15

Cutoff rules c in x<=c vs x>c
Number of cutoffs: (var: number of possible c):
(1: 100) (2: 100) (3: 100) (4: 100) (5: 100) 
(6: 100) (7: 100) (8: 100) (9: 100) (10: 100) 
(11: 100) (12: 100) (13: 100) (14: 100) (15: 100) 


   [*---------] 10% | ET: 15.4s 
   [**--------] 20% | ET: 32.4s 
   [***-------] 30% | ET: 52.1s 
   [****------] 40% | ET: 70.7s 
   [*****-----] 50% | ET: 86.8s 
   [******----] 60% | ET: 106.4s 
   [*******---] 70% | ET: 125.3s 
   [********--] 80% | ET: 142.9s 
   [*********-] 90% | ET: 163.6s 
   [**********] 100% | ET: 185.6s 

--- IF for proposed nonparametric estimator computed --- ET: 327.3 seconds
--- Estimator computed: mu --- ET: 0.8 seconds --- 
--- Estimator computed: mu_1 --- ET: 0.6 seconds --- 
--- Estimator computed: mu_0 --- ET: 0.7 seconds --- 
--- Estimator computed: de --- ET: 0.6 seconds --- 
--- Estimator computed: oe --- ET: 0.5 seconds --- 
--- Estimator computed: se_1 --- ET: 0.5 seconds --- 
--- Estimator computed: se_0 --- ET: 0.6 seconds --- 
--- Total run time: 333.8 seconds --- 
--- Total run time: 345.2 seconds --- ###################################################
### Job finished at Thu Jun  5 05:52:33 EDT 2025 ###
###################################################
