##############################################################
### Job started at Fri Jun  6 02:51:08 EDT 2025 with p=TypeB, m=400, r=100, s=1 ###
##############################################################

Attaching package: ‘dplyr’

The following objects are masked from ‘package:stats’:

    filter, lag

The following objects are masked from ‘package:base’:

    intersect, setdiff, setequal, union

Loading required package: foreach
Loading required package: iterators
Loading required package: parallel

 randomForestSRC 3.2.2 
 
 Type rfsrc.news() to see new features, changes, and bug fixes. 
 

[conflicted] Will prefer dplyr::select over any other package.
[conflicted] Will prefer dplyr::filter over any other package.
[conflicted] Will prefer reshape2::melt over any other package.
── Attaching core tidyverse packages ──────────────────────── tidyverse 2.0.0 ──
✔ forcats   1.0.0     ✔ readr     2.1.4
✔ ggplot2   3.5.2     ✔ stringr   1.5.1
✔ lubridate 1.9.3     ✔ tibble    3.2.1
✔ purrr     0.3.5     ✔ tidyr     1.2.1
# A tibble: 42 × 4
   theta   tau estimand   truth
   <dbl> <dbl> <chr>      <dbl>
 1  0.3    0.2 de       -0.285 
 2  0.3    0.2 mu        0.450 
 3  0.3    0.2 mu_0      0.536 
 4  0.3    0.2 mu_1      0.251 
 5  0.3    0.2 oe        0.0697
 6  0.3    0.2 se_0      0.0287
 7  0.3    0.2 se_1      0.0247
 8  0.45   0.2 de       -0.281 
 9  0.45   0.2 mu        0.380 
10  0.45   0.2 mu_0      0.507 
11  0.45   0.2 mu_1      0.226 
12  0.45   0.2 oe        0     
13  0.45   0.2 se_0      0     
14  0.45   0.2 se_1      0     
15  0.6    0.2 de       -0.276 
16  0.6    0.2 mu        0.314 
17  0.6    0.2 mu_0      0.480 
18  0.6    0.2 mu_1      0.204 
19  0.6    0.2 oe       -0.0661
20  0.6    0.2 se_0     -0.0272
21  0.6    0.2 se_1     -0.0218
22  0.3    0.4 de       -0.269 
23  0.3    0.4 mu        0.555 
24  0.3    0.4 mu_0      0.636 
25  0.3    0.4 mu_1      0.367 
26  0.3    0.4 oe        0.0681
27  0.3    0.4 se_0      0.0267
28  0.3    0.4 se_1      0.0290
29  0.45   0.4 de       -0.272 
30  0.45   0.4 mu        0.487 
31  0.45   0.4 mu_0      0.609 
32  0.45   0.4 mu_1      0.338 
33  0.45   0.4 oe        0     
34  0.45   0.4 se_0      0     
35  0.45   0.4 se_1      0     
36  0.6    0.4 de       -0.271 
37  0.6    0.4 mu        0.419 
38  0.6    0.4 mu_0      0.582 
39  0.6    0.4 mu_1      0.311 
40  0.6    0.4 oe       -0.0683
41  0.6    0.4 se_0     -0.0278
42  0.6    0.4 se_1     -0.0273
Loading required package: Matrix

Attaching package: ‘Matrix’

The following objects are masked from ‘package:tidyr’:

    expand, pack, unpack


==========================================================================
===========================   Analysis setting  ==========================
==========================================================================

- taus: 0.1, 0.2, 0.3, 0.4, 0.5 

- policy: TypeB 

- thetas: 0.3, 0.31, 0.32, 0.33, 0.34, 0.35, 0.36, 0.37, 0.38, 0.39, 0.4, 0.41, 0.42, 0.43, 0.44, 0.45, 0.46, 0.47, 0.48, 0.49, 0.5, 0.51, 0.52, 0.53, 0.54, 0.55, 0.56, 0.57, 0.58, 0.59, 0.6 

- r: 100 

- K: 2 

- Nuisance estimation method: T nonpara / C nonpara / A nonpara 

- m: 400 

- N_total: 5033 

- cluster size dist'n: 
 5  6  7  8  9 10 11 12 13 14 15 16 17 18 19 20 
23 35 28 17 19 19 21 28 21 30 35 26 27 23 19 29 

 - observed time summary: 
    Min.  1st Qu.   Median     Mean  3rd Qu.     Max. 
 0.00000  0.01706  0.20453  0.61725  0.81116 10.30617 

 - event indicator table: 
   0    1 
2064 2969 

 - event time summary: 
   Min. 1st Qu.  Median    Mean 3rd Qu.    Max. 
0.00000 0.01001 0.15664 0.55567 0.71995 6.78956 

 - censoring time summary: 
    Min.  1st Qu.   Median     Mean  3rd Qu.     Max. 
 0.00000  0.03207  0.27375  0.70584  0.95832 10.30617 

 - treatment indicator table: 
   0    1 
2694 2339 

==========================================================================
===========================   Estimation start  ==========================
==========================================================================

--- Split:1 ---

Running BART with binary y

number of trees: 25
number of chains: 1, number of threads 1
tree thinning rate: 1
Prior:
	prior on k: chi with 1.250000 degrees of freedom and inf scale
	power and base for tree prior: 2.000000 0.950000
	use quantiles for rule cut points: false
	proposal probabilities: birth/death 0.50, swap 0.10, change 0.40; birth 0.50
data:
	number of training observations: 2516
	number of test observations: 0
	number of explanatory variables: 15

Cutoff rules c in x<=c vs x>c
Number of cutoffs: (var: number of possible c):
(1: 100) (2: 100) (3: 100) (4: 100) (5: 100) 
(6: 100) (7: 100) (8: 100) (9: 100) (10: 100) 
(11: 100) (12: 100) (13: 100) (14: 100) (15: 100) 


   [*---------] 10% | ET: 46.8s 
   [**--------] 20% | ET: 89.7s 
   [***-------] 30% | ET: 132.7s 
   [****------] 40% | ET: 172.6s 
   [*****-----] 50% | ET: 220.4s 
   [******----] 60% | ET: 266.1s 
   [*******---] 70% | ET: 310s 
   [********--] 80% | ET: 355.2s 
   [*********-] 90% | ET: 398.3s 
   [**********] 100% | ET: 443.9s 

--- Split:2 ---

Running BART with binary y

number of trees: 25
number of chains: 1, number of threads 1
tree thinning rate: 1
Prior:
	prior on k: chi with 1.250000 degrees of freedom and inf scale
	power and base for tree prior: 2.000000 0.950000
	use quantiles for rule cut points: false
	proposal probabilities: birth/death 0.50, swap 0.10, change 0.40; birth 0.50
data:
	number of training observations: 2517
	number of test observations: 0
	number of explanatory variables: 15

Cutoff rules c in x<=c vs x>c
Number of cutoffs: (var: number of possible c):
(1: 100) (2: 100) (3: 100) (4: 100) (5: 100) 
(6: 100) (7: 100) (8: 100) (9: 100) (10: 100) 
(11: 100) (12: 100) (13: 100) (14: 100) (15: 100) 


   [*---------] 10% | ET: 43.5s 
   [**--------] 20% | ET: 88.8s 
   [***-------] 30% | ET: 133.2s 
   [****------] 40% | ET: 180s 
   [*****-----] 50% | ET: 220.8s 
   [******----] 60% | ET: 266.8s 
   [*******---] 70% | ET: 310.2s 
   [********--] 80% | ET: 350.9s 
   [*********-] 90% | ET: 398.9s 
   [**********] 100% | ET: 444s 

--- IF for proposed nonparametric estimator computed --- ET: 953.3 seconds
--- Estimator computed: mu --- ET: 2.5 seconds --- 
--- Estimator computed: mu_1 --- ET: 1.6 seconds --- 
--- Estimator computed: mu_0 --- ET: 1.6 seconds --- 
--- Estimator computed: de --- ET: 1.7 seconds --- 
--- Estimator computed: oe --- ET: 1.6 seconds --- 
--- Estimator computed: se_1 --- ET: 1.6 seconds --- 
--- Estimator computed: se_0 --- ET: 1.6 seconds --- 
--- Total run time: 972 seconds --- 
--- Total run time: 992.8 seconds --- ###################################################
### Job finished at Fri Jun  6 03:07:41 EDT 2025 ###
###################################################
