##############################################################
### Job started at Thu Jun  5 22:34:16 EDT 2025 with p=TypeB, m=400, r=100, s=1 ###
##############################################################

Attaching package: ‘dplyr’

The following objects are masked from ‘package:stats’:

    filter, lag

The following objects are masked from ‘package:base’:

    intersect, setdiff, setequal, union

Loading required package: foreach
Loading required package: iterators
Loading required package: parallel

 randomForestSRC 3.2.2 
 
 Type rfsrc.news() to see new features, changes, and bug fixes. 
 

[conflicted] Will prefer dplyr::select over any other package.
[conflicted] Will prefer dplyr::filter over any other package.
[conflicted] Will prefer reshape2::melt over any other package.
── Attaching core tidyverse packages ──────────────────────── tidyverse 2.0.0 ──
✔ forcats   1.0.0     ✔ readr     2.1.4
✔ ggplot2   3.5.2     ✔ stringr   1.5.1
✔ lubridate 1.9.3     ✔ tibble    3.2.1
✔ purrr     0.3.5     ✔ tidyr     1.2.1
# A tibble: 42 × 4
   theta   tau estimand   truth
   <dbl> <dbl> <chr>      <dbl>
 1  0.3    0.2 de       -0.287 
 2  0.3    0.2 mu        0.446 
 3  0.3    0.2 mu_0      0.532 
 4  0.3    0.2 mu_1      0.246 
 5  0.3    0.2 oe        0.0796
 6  0.3    0.2 se_0      0.0435
 7  0.3    0.2 se_1      0.0282
 8  0.45   0.2 de       -0.271 
 9  0.45   0.2 mu        0.367 
10  0.45   0.2 mu_0      0.489 
11  0.45   0.2 mu_1      0.218 
12  0.45   0.2 oe        0     
13  0.45   0.2 se_0      0     
14  0.45   0.2 se_1      0     
15  0.6    0.2 de       -0.264 
16  0.6    0.2 mu        0.306 
17  0.6    0.2 mu_0      0.464 
18  0.6    0.2 mu_1      0.200 
19  0.6    0.2 oe       -0.0609
20  0.6    0.2 se_0     -0.0243
21  0.6    0.2 se_1     -0.0174
22  0.3    0.4 de       -0.273 
23  0.3    0.4 mu        0.551 
24  0.3    0.4 mu_0      0.633 
25  0.3    0.4 mu_1      0.360 
26  0.3    0.4 oe        0.0805
27  0.3    0.4 se_0      0.0441
28  0.3    0.4 se_1      0.0340
29  0.45   0.4 de       -0.263 
30  0.45   0.4 mu        0.470 
31  0.45   0.4 mu_0      0.589 
32  0.45   0.4 mu_1      0.326 
33  0.45   0.4 oe        0     
34  0.45   0.4 se_0      0     
35  0.45   0.4 se_1      0     
36  0.6    0.4 de       -0.259 
37  0.6    0.4 mu        0.409 
38  0.6    0.4 mu_0      0.564 
39  0.6    0.4 mu_1      0.305 
40  0.6    0.4 oe       -0.0617
41  0.6    0.4 se_0     -0.0247
42  0.6    0.4 se_1     -0.0206
Loading required package: Matrix

Attaching package: ‘Matrix’

The following objects are masked from ‘package:tidyr’:

    expand, pack, unpack


==========================================================================
===========================   Analysis setting  ==========================
==========================================================================

- taus: 0.1, 0.2, 0.3, 0.4, 0.5 

- policy: TypeB 

- thetas: 0.3, 0.31, 0.32, 0.33, 0.34, 0.35, 0.36, 0.37, 0.38, 0.39, 0.4, 0.41, 0.42, 0.43, 0.44, 0.45, 0.46, 0.47, 0.48, 0.49, 0.5, 0.51, 0.52, 0.53, 0.54, 0.55, 0.56, 0.57, 0.58, 0.59, 0.6 

- r: 100 

- K: 2 

- Nuisance estimation method: T nonpara / C nonpara / A nonpara 

- m: 400 

- N_total: 4910 

- cluster size dist'n: 
 5  6  7  8  9 10 11 12 13 14 15 16 17 18 19 20 
29 28 27 25 19 29 23 30 26 17 24 28 25 26 23 21 

 - observed time summary: 
   Min. 1st Qu.  Median    Mean 3rd Qu.    Max. 
 0.0000  0.0212  0.1987  0.6140  0.7633 12.2407 

 - event indicator table: 
   0    1 
1939 2971 

 - event time summary: 
    Min.  1st Qu.   Median     Mean  3rd Qu.     Max. 
 0.00000  0.01397  0.16506  0.57662  0.69459 12.24070 

 - censoring time summary: 
    Min.  1st Qu.   Median     Mean  3rd Qu.     Max. 
 0.00000  0.03802  0.27593  0.67136  0.87418 10.88953 

 - treatment indicator table: 
   0    1 
2616 2294 

==========================================================================
===========================   Estimation start  ==========================
==========================================================================

--- Split:1 ---

Running BART with binary y

number of trees: 25
number of chains: 1, number of threads 1
tree thinning rate: 1
Prior:
	prior on k: chi with 1.250000 degrees of freedom and inf scale
	power and base for tree prior: 2.000000 0.950000
	use quantiles for rule cut points: false
	proposal probabilities: birth/death 0.50, swap 0.10, change 0.40; birth 0.50
data:
	number of training observations: 2376
	number of test observations: 0
	number of explanatory variables: 15

Cutoff rules c in x<=c vs x>c
Number of cutoffs: (var: number of possible c):
(1: 100) (2: 100) (3: 100) (4: 100) (5: 100) 
(6: 100) (7: 100) (8: 100) (9: 100) (10: 100) 
(11: 100) (12: 100) (13: 100) (14: 100) (15: 100) 


   [*---------] 10% | ET: 25.1s 
   [**--------] 20% | ET: 51.7s 
   [***-------] 30% | ET: 78.2s 
   [****------] 40% | ET: 102.9s 
   [*****-----] 50% | ET: 128.5s 
   [******----] 60% | ET: 154.7s 
   [*******---] 70% | ET: 181.7s 
   [********--] 80% | ET: 206.6s 
   [*********-] 90% | ET: 230.7s 
   [**********] 100% | ET: 257.3s 

--- Split:2 ---

Running BART with binary y

number of trees: 25
number of chains: 1, number of threads 1
tree thinning rate: 1
Prior:
	prior on k: chi with 1.250000 degrees of freedom and inf scale
	power and base for tree prior: 2.000000 0.950000
	use quantiles for rule cut points: false
	proposal probabilities: birth/death 0.50, swap 0.10, change 0.40; birth 0.50
data:
	number of training observations: 2534
	number of test observations: 0
	number of explanatory variables: 15

Cutoff rules c in x<=c vs x>c
Number of cutoffs: (var: number of possible c):
(1: 100) (2: 100) (3: 100) (4: 100) (5: 100) 
(6: 100) (7: 100) (8: 100) (9: 100) (10: 100) 
(11: 100) (12: 100) (13: 100) (14: 100) (15: 100) 


   [*---------] 10% | ET: 24.5s 
   [**--------] 20% | ET: 51s 
   [***-------] 30% | ET: 75.6s 
   [****------] 40% | ET: 100.5s 
   [*****-----] 50% | ET: 127.6s 
   [******----] 60% | ET: 157s 
   [*******---] 70% | ET: 185.4s 
   [********--] 80% | ET: 218s 
   [*********-] 90% | ET: 245s 
   [**********] 100% | ET: 270.9s 

--- IF for proposed nonparametric estimator computed --- ET: 568.5 seconds
--- Estimator computed: mu --- ET: 1.1 seconds --- 
--- Estimator computed: mu_1 --- ET: 1 seconds --- 
--- Estimator computed: mu_0 --- ET: 0.8 seconds --- 
--- Estimator computed: de --- ET: 0.8 seconds --- 
--- Estimator computed: oe --- ET: 1 seconds --- 
--- Estimator computed: se_1 --- ET: 0.8 seconds --- 
--- Estimator computed: se_0 --- ET: 0.9 seconds --- 
--- Total run time: 579 seconds --- 
--- Total run time: 591.4 seconds --- ###################################################
### Job finished at Thu Jun  5 22:44:08 EDT 2025 ###
###################################################
