##############################################################
### Job started at Fri Jun  6 03:07:00 EDT 2025 with p=TypeB, m=400, r=100, s=1 ###
##############################################################

Attaching package: ‘dplyr’

The following objects are masked from ‘package:stats’:

    filter, lag

The following objects are masked from ‘package:base’:

    intersect, setdiff, setequal, union

Loading required package: foreach
Loading required package: iterators
Loading required package: parallel

 randomForestSRC 3.2.2 
 
 Type rfsrc.news() to see new features, changes, and bug fixes. 
 

[conflicted] Will prefer dplyr::select over any other package.
[conflicted] Will prefer dplyr::filter over any other package.
[conflicted] Will prefer reshape2::melt over any other package.
── Attaching core tidyverse packages ──────────────────────── tidyverse 2.0.0 ──
✔ forcats   1.0.0     ✔ readr     2.1.4
✔ ggplot2   3.5.2     ✔ stringr   1.5.1
✔ lubridate 1.9.3     ✔ tibble    3.2.1
✔ purrr     0.3.5     ✔ tidyr     1.2.1
# A tibble: 42 × 4
   theta   tau estimand   truth
   <dbl> <dbl> <chr>      <dbl>
 1  0.3    0.2 de       -0.287 
 2  0.3    0.2 mu        0.452 
 3  0.3    0.2 mu_0      0.538 
 4  0.3    0.2 mu_1      0.251 
 5  0.3    0.2 oe        0.0761
 6  0.3    0.2 se_0      0.0370
 7  0.3    0.2 se_1      0.0281
 8  0.45   0.2 de       -0.278 
 9  0.45   0.2 mu        0.376 
10  0.45   0.2 mu_0      0.501 
11  0.45   0.2 mu_1      0.223 
12  0.45   0.2 oe        0     
13  0.45   0.2 se_0      0     
14  0.45   0.2 se_1      0     
15  0.6    0.2 de       -0.268 
16  0.6    0.2 mu        0.312 
17  0.6    0.2 mu_0      0.473 
18  0.6    0.2 mu_1      0.204 
19  0.6    0.2 oe       -0.0639
20  0.6    0.2 se_0     -0.0282
21  0.6    0.2 se_1     -0.0181
22  0.3    0.4 de       -0.272 
23  0.3    0.4 mu        0.558 
24  0.3    0.4 mu_0      0.640 
25  0.3    0.4 mu_1      0.367 
26  0.3    0.4 oe        0.0767
27  0.3    0.4 se_0      0.0369
28  0.3    0.4 se_1      0.0345
29  0.45   0.4 de       -0.270 
30  0.45   0.4 mu        0.481 
31  0.45   0.4 mu_0      0.603 
32  0.45   0.4 mu_1      0.333 
33  0.45   0.4 oe        0     
34  0.45   0.4 se_0      0     
35  0.45   0.4 se_1      0     
36  0.6    0.4 de       -0.263 
37  0.6    0.4 mu        0.416 
38  0.6    0.4 mu_0      0.573 
39  0.6    0.4 mu_1      0.311 
40  0.6    0.4 oe       -0.0655
41  0.6    0.4 se_0     -0.0294
42  0.6    0.4 se_1     -0.0221
Loading required package: Matrix

Attaching package: ‘Matrix’

The following objects are masked from ‘package:tidyr’:

    expand, pack, unpack


==========================================================================
===========================   Analysis setting  ==========================
==========================================================================

- taus: 0.1, 0.2, 0.3, 0.4, 0.5 

- policy: TypeB 

- thetas: 0.3, 0.31, 0.32, 0.33, 0.34, 0.35, 0.36, 0.37, 0.38, 0.39, 0.4, 0.41, 0.42, 0.43, 0.44, 0.45, 0.46, 0.47, 0.48, 0.49, 0.5, 0.51, 0.52, 0.53, 0.54, 0.55, 0.56, 0.57, 0.58, 0.59, 0.6 

- r: 100 

- K: 2 

- Nuisance estimation method: T nonpara / C nonpara / A nonpara 

- m: 400 

- N_total: 4986 

- cluster size dist'n: 
 5  6  7  8  9 10 11 12 13 14 15 16 17 18 19 20 
26 29 24 29 24 26 28 17 20 14 28 29 29 27 25 25 

 - observed time summary: 
    Min.  1st Qu.   Median     Mean  3rd Qu.     Max. 
 0.00000  0.01999  0.19802  0.60671  0.76041 14.58261 

 - event indicator table: 
   0    1 
1917 3069 

 - event time summary: 
    Min.  1st Qu.   Median     Mean  3rd Qu.     Max. 
 0.00000  0.01255  0.15549  0.54487  0.65161 14.58261 

 - censoring time summary: 
   Min. 1st Qu.  Median    Mean 3rd Qu.    Max. 
0.00000 0.03632 0.26808 0.70571 0.91740 7.99524 

 - treatment indicator table: 
   0    1 
2677 2309 

==========================================================================
===========================   Estimation start  ==========================
==========================================================================

--- Split:1 ---

Running BART with binary y

number of trees: 25
number of chains: 1, number of threads 1
tree thinning rate: 1
Prior:
	prior on k: chi with 1.250000 degrees of freedom and inf scale
	power and base for tree prior: 2.000000 0.950000
	use quantiles for rule cut points: false
	proposal probabilities: birth/death 0.50, swap 0.10, change 0.40; birth 0.50
data:
	number of training observations: 2556
	number of test observations: 0
	number of explanatory variables: 15

Cutoff rules c in x<=c vs x>c
Number of cutoffs: (var: number of possible c):
(1: 100) (2: 100) (3: 100) (4: 100) (5: 100) 
(6: 100) (7: 100) (8: 100) (9: 100) (10: 100) 
(11: 100) (12: 100) (13: 100) (14: 100) (15: 100) 


   [*---------] 10% | ET: 41.7s 
   [**--------] 20% | ET: 81.9s 
   [***-------] 30% | ET: 123.5s 
   [****------] 40% | ET: 164s 
   [*****-----] 50% | ET: 203.7s 
   [******----] 60% | ET: 245.8s 
   [*******---] 70% | ET: 287s 
   [********--] 80% | ET: 329.4s 
   [*********-] 90% | ET: 371.6s 
   [**********] 100% | ET: 411.9s 

--- Split:2 ---

Running BART with binary y

number of trees: 25
number of chains: 1, number of threads 1
tree thinning rate: 1
Prior:
	prior on k: chi with 1.250000 degrees of freedom and inf scale
	power and base for tree prior: 2.000000 0.950000
	use quantiles for rule cut points: false
	proposal probabilities: birth/death 0.50, swap 0.10, change 0.40; birth 0.50
data:
	number of training observations: 2430
	number of test observations: 0
	number of explanatory variables: 15

Cutoff rules c in x<=c vs x>c
Number of cutoffs: (var: number of possible c):
(1: 100) (2: 100) (3: 100) (4: 100) (5: 100) 
(6: 100) (7: 100) (8: 100) (9: 100) (10: 100) 
(11: 100) (12: 100) (13: 100) (14: 100) (15: 100) 


   [*---------] 10% | ET: 41.8s 
   [**--------] 20% | ET: 83.8s 
   [***-------] 30% | ET: 126.4s 
   [****------] 40% | ET: 169.6s 
   [*****-----] 50% | ET: 212.5s 
   [******----] 60% | ET: 254.2s 
   [*******---] 70% | ET: 296.3s 
   [********--] 80% | ET: 340.2s 
   [*********-] 90% | ET: 383.2s 
   [**********] 100% | ET: 423.8s 

--- IF for proposed nonparametric estimator computed --- ET: 911.9 seconds
--- Estimator computed: mu --- ET: 2.2 seconds --- 
--- Estimator computed: mu_1 --- ET: 1.3 seconds --- 
--- Estimator computed: mu_0 --- ET: 1.3 seconds --- 
--- Estimator computed: de --- ET: 1.3 seconds --- 
--- Estimator computed: oe --- ET: 1.3 seconds --- 
--- Estimator computed: se_1 --- ET: 1.3 seconds --- 
--- Estimator computed: se_0 --- ET: 1.3 seconds --- 
--- Total run time: 930.3 seconds --- 
--- Total run time: 951.8 seconds --- ###################################################
### Job finished at Fri Jun  6 03:22:52 EDT 2025 ###
###################################################
