##############################################################
### Job started at Fri Jun  6 03:28:38 EDT 2025 with p=TypeB, m=400, r=100, s=1 ###
##############################################################

Attaching package: ‘dplyr’

The following objects are masked from ‘package:stats’:

    filter, lag

The following objects are masked from ‘package:base’:

    intersect, setdiff, setequal, union

Loading required package: foreach
Loading required package: iterators
Loading required package: parallel

 randomForestSRC 3.2.2 
 
 Type rfsrc.news() to see new features, changes, and bug fixes. 
 

[conflicted] Will prefer dplyr::select over any other package.
[conflicted] Will prefer dplyr::filter over any other package.
[conflicted] Will prefer reshape2::melt over any other package.
── Attaching core tidyverse packages ──────────────────────── tidyverse 2.0.0 ──
✔ forcats   1.0.0     ✔ readr     2.1.4
✔ ggplot2   3.5.2     ✔ stringr   1.5.1
✔ lubridate 1.9.3     ✔ tibble    3.2.1
✔ purrr     0.3.5     ✔ tidyr     1.2.1
# A tibble: 42 × 4
   theta   tau estimand   truth
   <dbl> <dbl> <chr>      <dbl>
 1  0.3    0.2 de       -0.284 
 2  0.3    0.2 mu        0.449 
 3  0.3    0.2 mu_0      0.534 
 4  0.3    0.2 mu_1      0.251 
 5  0.3    0.2 oe        0.0763
 6  0.3    0.2 se_0      0.0377
 7  0.3    0.2 se_1      0.0288
 8  0.45   0.2 de       -0.275 
 9  0.45   0.2 mu        0.373 
10  0.45   0.2 mu_0      0.497 
11  0.45   0.2 mu_1      0.222 
12  0.45   0.2 oe        0     
13  0.45   0.2 se_0      0     
14  0.45   0.2 se_1      0     
15  0.6    0.2 de       -0.270 
16  0.6    0.2 mu        0.308 
17  0.6    0.2 mu_0      0.471 
18  0.6    0.2 mu_1      0.200 
19  0.6    0.2 oe       -0.0647
20  0.6    0.2 se_0     -0.0261
21  0.6    0.2 se_1     -0.0216
22  0.3    0.4 de       -0.269 
23  0.3    0.4 mu        0.554 
24  0.3    0.4 mu_0      0.635 
25  0.3    0.4 mu_1      0.366 
26  0.3    0.4 oe        0.0766
27  0.3    0.4 se_0      0.0371
28  0.3    0.4 se_1      0.0352
29  0.45   0.4 de       -0.267 
30  0.45   0.4 mu        0.478 
31  0.45   0.4 mu_0      0.598 
32  0.45   0.4 mu_1      0.331 
33  0.45   0.4 oe        0     
34  0.45   0.4 se_0      0     
35  0.45   0.4 se_1      0     
36  0.6    0.4 de       -0.267 
37  0.6    0.4 mu        0.410 
38  0.6    0.4 mu_0      0.570 
39  0.6    0.4 mu_1      0.304 
40  0.6    0.4 oe       -0.0672
41  0.6    0.4 se_0     -0.0272
42  0.6    0.4 se_1     -0.0273
Loading required package: Matrix

Attaching package: ‘Matrix’

The following objects are masked from ‘package:tidyr’:

    expand, pack, unpack


==========================================================================
===========================   Analysis setting  ==========================
==========================================================================

- taus: 0.1, 0.2, 0.3, 0.4, 0.5 

- policy: TypeB 

- thetas: 0.3, 0.31, 0.32, 0.33, 0.34, 0.35, 0.36, 0.37, 0.38, 0.39, 0.4, 0.41, 0.42, 0.43, 0.44, 0.45, 0.46, 0.47, 0.48, 0.49, 0.5, 0.51, 0.52, 0.53, 0.54, 0.55, 0.56, 0.57, 0.58, 0.59, 0.6 

- r: 100 

- K: 2 

- Nuisance estimation method: T nonpara / C nonpara / A nonpara 

- m: 400 

- N_total: 5041 

- cluster size dist'n: 
 5  6  7  8  9 10 11 12 13 14 15 16 17 18 19 20 
24 16 24 32 22 32 30 17 24 29 31 18 25 19 29 28 

 - observed time summary: 
    Min.  1st Qu.   Median     Mean  3rd Qu.     Max. 
 0.00000  0.01971  0.20658  0.63149  0.77689 13.93695 

 - event indicator table: 
   0    1 
1927 3114 

 - event time summary: 
    Min.  1st Qu.   Median     Mean  3rd Qu.     Max. 
 0.00000  0.01212  0.15484  0.56114  0.64152 13.93695 

 - censoring time summary: 
   Min. 1st Qu.  Median    Mean 3rd Qu.    Max. 
0.00000 0.04438 0.28808 0.74518 0.95655 9.67579 

 - treatment indicator table: 
   0    1 
2594 2447 

==========================================================================
===========================   Estimation start  ==========================
==========================================================================

--- Split:1 ---

Running BART with binary y

number of trees: 25
number of chains: 1, number of threads 1
tree thinning rate: 1
Prior:
	prior on k: chi with 1.250000 degrees of freedom and inf scale
	power and base for tree prior: 2.000000 0.950000
	use quantiles for rule cut points: false
	proposal probabilities: birth/death 0.50, swap 0.10, change 0.40; birth 0.50
data:
	number of training observations: 2449
	number of test observations: 0
	number of explanatory variables: 15

Cutoff rules c in x<=c vs x>c
Number of cutoffs: (var: number of possible c):
(1: 100) (2: 100) (3: 100) (4: 100) (5: 100) 
(6: 100) (7: 100) (8: 100) (9: 100) (10: 100) 
(11: 100) (12: 100) (13: 100) (14: 100) (15: 100) 


   [*---------] 10% | ET: 23.9s 
   [**--------] 20% | ET: 50.7s 
   [***-------] 30% | ET: 79.2s 
   [****------] 40% | ET: 110.1s 
   [*****-----] 50% | ET: 143.8s 
   [******----] 60% | ET: 176.2s 
   [*******---] 70% | ET: 208.2s 
   [********--] 80% | ET: 236.2s 
   [*********-] 90% | ET: 262.9s 
   [**********] 100% | ET: 289.6s 

--- Split:2 ---

Running BART with binary y

number of trees: 25
number of chains: 1, number of threads 1
tree thinning rate: 1
Prior:
	prior on k: chi with 1.250000 degrees of freedom and inf scale
	power and base for tree prior: 2.000000 0.950000
	use quantiles for rule cut points: false
	proposal probabilities: birth/death 0.50, swap 0.10, change 0.40; birth 0.50
data:
	number of training observations: 2592
	number of test observations: 0
	number of explanatory variables: 15

Cutoff rules c in x<=c vs x>c
Number of cutoffs: (var: number of possible c):
(1: 100) (2: 100) (3: 100) (4: 100) (5: 100) 
(6: 100) (7: 100) (8: 100) (9: 100) (10: 100) 
(11: 100) (12: 100) (13: 100) (14: 100) (15: 100) 


   [*---------] 10% | ET: 23s 
   [**--------] 20% | ET: 45.7s 
   [***-------] 30% | ET: 71.2s 
   [****------] 40% | ET: 97.5s 
   [*****-----] 50% | ET: 127.2s 
   [******----] 60% | ET: 155.4s 
   [*******---] 70% | ET: 184.1s 
   [********--] 80% | ET: 217.3s 
   [*********-] 90% | ET: 243s 
   [**********] 100% | ET: 269.6s 

--- IF for proposed nonparametric estimator computed --- ET: 602.1 seconds
--- Estimator computed: mu --- ET: 1.2 seconds --- 
--- Estimator computed: mu_1 --- ET: 1.1 seconds --- 
--- Estimator computed: mu_0 --- ET: 0.9 seconds --- 
--- Estimator computed: de --- ET: 0.9 seconds --- 
--- Estimator computed: oe --- ET: 0.9 seconds --- 
--- Estimator computed: se_1 --- ET: 0.9 seconds --- 
--- Estimator computed: se_0 --- ET: 1.3 seconds --- 
--- Total run time: 613.6 seconds --- 
--- Total run time: 626.1 seconds --- ###################################################
### Job finished at Fri Jun  6 03:39:04 EDT 2025 ###
###################################################
