##############################################################
### Job started at Fri Jun  6 03:38:38 EDT 2025 with p=TypeB, m=400, r=100, s=1 ###
##############################################################

Attaching package: ‘dplyr’

The following objects are masked from ‘package:stats’:

    filter, lag

The following objects are masked from ‘package:base’:

    intersect, setdiff, setequal, union

Loading required package: foreach
Loading required package: iterators
Loading required package: parallel

 randomForestSRC 3.2.2 
 
 Type rfsrc.news() to see new features, changes, and bug fixes. 
 

[conflicted] Will prefer dplyr::select over any other package.
[conflicted] Will prefer dplyr::filter over any other package.
[conflicted] Will prefer reshape2::melt over any other package.
── Attaching core tidyverse packages ──────────────────────── tidyverse 2.0.0 ──
✔ forcats   1.0.0     ✔ readr     2.1.4
✔ ggplot2   3.5.2     ✔ stringr   1.5.1
✔ lubridate 1.9.3     ✔ tibble    3.2.1
✔ purrr     0.3.5     ✔ tidyr     1.2.1
# A tibble: 42 × 4
   theta   tau estimand   truth
   <dbl> <dbl> <chr>      <dbl>
 1  0.3    0.2 de       -0.298 
 2  0.3    0.2 mu        0.463 
 3  0.3    0.2 mu_0      0.552 
 4  0.3    0.2 mu_1      0.254 
 5  0.3    0.2 oe        0.0845
 6  0.3    0.2 se_0      0.0462
 7  0.3    0.2 se_1      0.0319
 8  0.45   0.2 de       -0.284 
 9  0.45   0.2 mu        0.378 
10  0.45   0.2 mu_0      0.506 
11  0.45   0.2 mu_1      0.222 
12  0.45   0.2 oe        0     
13  0.45   0.2 se_0      0     
14  0.45   0.2 se_1      0     
15  0.6    0.2 de       -0.269 
16  0.6    0.2 mu        0.306 
17  0.6    0.2 mu_0      0.468 
18  0.6    0.2 mu_1      0.199 
19  0.6    0.2 oe       -0.0718
20  0.6    0.2 se_0     -0.0380
21  0.6    0.2 se_1     -0.0234
22  0.3    0.4 de       -0.283 
23  0.3    0.4 mu        0.567 
24  0.3    0.4 mu_0      0.652 
25  0.3    0.4 mu_1      0.369 
26  0.3    0.4 oe        0.0860
27  0.3    0.4 se_0      0.0470
28  0.3    0.4 se_1      0.0394
29  0.45   0.4 de       -0.275 
30  0.45   0.4 mu        0.481 
31  0.45   0.4 mu_0      0.605 
32  0.45   0.4 mu_1      0.330 
33  0.45   0.4 oe        0     
34  0.45   0.4 se_0      0     
35  0.45   0.4 se_1      0     
36  0.6    0.4 de       -0.264 
37  0.6    0.4 mu        0.406 
38  0.6    0.4 mu_0      0.564 
39  0.6    0.4 mu_1      0.301 
40  0.6    0.4 oe       -0.0751
41  0.6    0.4 se_0     -0.0408
42  0.6    0.4 se_1     -0.0292
Loading required package: Matrix

Attaching package: ‘Matrix’

The following objects are masked from ‘package:tidyr’:

    expand, pack, unpack


==========================================================================
===========================   Analysis setting  ==========================
==========================================================================

- taus: 0.1, 0.2, 0.3, 0.4, 0.5 

- policy: TypeB 

- thetas: 0.3, 0.31, 0.32, 0.33, 0.34, 0.35, 0.36, 0.37, 0.38, 0.39, 0.4, 0.41, 0.42, 0.43, 0.44, 0.45, 0.46, 0.47, 0.48, 0.49, 0.5, 0.51, 0.52, 0.53, 0.54, 0.55, 0.56, 0.57, 0.58, 0.59, 0.6 

- r: 100 

- K: 2 

- Nuisance estimation method: T nonpara / C nonpara / A nonpara 

- m: 400 

- N_total: 5037 

- cluster size dist'n: 
 5  6  7  8  9 10 11 12 13 14 15 16 17 18 19 20 
27 14 22 29 30 30 24 24 28 20 27 22 23 26 30 24 

 - observed time summary: 
    Min.  1st Qu.   Median     Mean  3rd Qu.     Max. 
 0.00000  0.01725  0.19367  0.61133  0.76283 10.26197 

 - event indicator table: 
   0    1 
1976 3061 

 - event time summary: 
    Min.  1st Qu.   Median     Mean  3rd Qu.     Max. 
0.000000 0.009739 0.151514 0.547649 0.650359 8.575944 

 - censoring time summary: 
    Min.  1st Qu.   Median     Mean  3rd Qu.     Max. 
 0.00000  0.03927  0.26990  0.70999  0.90050 10.26197 

 - treatment indicator table: 
   0    1 
2728 2309 

==========================================================================
===========================   Estimation start  ==========================
==========================================================================

--- Split:1 ---

Running BART with binary y

number of trees: 25
number of chains: 1, number of threads 1
tree thinning rate: 1
Prior:
	prior on k: chi with 1.250000 degrees of freedom and inf scale
	power and base for tree prior: 2.000000 0.950000
	use quantiles for rule cut points: false
	proposal probabilities: birth/death 0.50, swap 0.10, change 0.40; birth 0.50
data:
	number of training observations: 2591
	number of test observations: 0
	number of explanatory variables: 15

Cutoff rules c in x<=c vs x>c
Number of cutoffs: (var: number of possible c):
(1: 100) (2: 100) (3: 100) (4: 100) (5: 100) 
(6: 100) (7: 100) (8: 100) (9: 100) (10: 100) 
(11: 100) (12: 100) (13: 100) (14: 100) (15: 100) 


   [*---------] 10% | ET: 27.6s 
   [**--------] 20% | ET: 56.4s 
   [***-------] 30% | ET: 84.9s 
   [****------] 40% | ET: 113.9s 
   [*****-----] 50% | ET: 143.7s 
   [******----] 60% | ET: 171.9s 
   [*******---] 70% | ET: 201.4s 
   [********--] 80% | ET: 232.2s 
   [*********-] 90% | ET: 264.1s 
   [**********] 100% | ET: 295.2s 

--- Split:2 ---

Running BART with binary y

number of trees: 25
number of chains: 1, number of threads 1
tree thinning rate: 1
Prior:
	prior on k: chi with 1.250000 degrees of freedom and inf scale
	power and base for tree prior: 2.000000 0.950000
	use quantiles for rule cut points: false
	proposal probabilities: birth/death 0.50, swap 0.10, change 0.40; birth 0.50
data:
	number of training observations: 2446
	number of test observations: 0
	number of explanatory variables: 15

Cutoff rules c in x<=c vs x>c
Number of cutoffs: (var: number of possible c):
(1: 100) (2: 100) (3: 100) (4: 100) (5: 100) 
(6: 100) (7: 100) (8: 100) (9: 100) (10: 100) 
(11: 100) (12: 100) (13: 100) (14: 100) (15: 100) 


   [*---------] 10% | ET: 29.1s 
   [**--------] 20% | ET: 57.8s 
   [***-------] 30% | ET: 88.8s 
   [****------] 40% | ET: 121.4s 
   [*****-----] 50% | ET: 152.6s 
   [******----] 60% | ET: 183.6s 
   [*******---] 70% | ET: 212.3s 
   [********--] 80% | ET: 243.3s 
   [*********-] 90% | ET: 273.5s 
   [**********] 100% | ET: 304.9s 

--- IF for proposed nonparametric estimator computed --- ET: 668.7 seconds
--- Estimator computed: mu --- ET: 1.6 seconds --- 
--- Estimator computed: mu_1 --- ET: 1.8 seconds --- 
--- Estimator computed: mu_0 --- ET: 1.5 seconds --- 
--- Estimator computed: de --- ET: 1.5 seconds --- 
--- Estimator computed: oe --- ET: 1.5 seconds --- 
--- Estimator computed: se_1 --- ET: 1.8 seconds --- 
--- Estimator computed: se_0 --- ET: 1.5 seconds --- 
--- Total run time: 687.1 seconds --- 
--- Total run time: 706.1 seconds --- ###################################################
### Job finished at Fri Jun  6 03:50:24 EDT 2025 ###
###################################################
