##############################################################
### Job started at Fri Jun  6 03:42:17 EDT 2025 with p=TypeB, m=400, r=100, s=1 ###
##############################################################

Attaching package: ‘dplyr’

The following objects are masked from ‘package:stats’:

    filter, lag

The following objects are masked from ‘package:base’:

    intersect, setdiff, setequal, union

Loading required package: foreach
Loading required package: iterators
Loading required package: parallel

 randomForestSRC 3.2.2 
 
 Type rfsrc.news() to see new features, changes, and bug fixes. 
 

[conflicted] Will prefer dplyr::select over any other package.
[conflicted] Will prefer dplyr::filter over any other package.
[conflicted] Will prefer reshape2::melt over any other package.
── Attaching core tidyverse packages ──────────────────────── tidyverse 2.0.0 ──
✔ forcats   1.0.0     ✔ readr     2.1.4
✔ ggplot2   3.5.2     ✔ stringr   1.5.1
✔ lubridate 1.9.3     ✔ tibble    3.2.1
✔ purrr     0.3.5     ✔ tidyr     1.2.1
# A tibble: 42 × 4
   theta   tau estimand   truth
   <dbl> <dbl> <chr>      <dbl>
 1  0.3    0.2 de       -0.293 
 2  0.3    0.2 mu        0.464 
 3  0.3    0.2 mu_0      0.552 
 4  0.3    0.2 mu_1      0.259 
 5  0.3    0.2 oe        0.0729
 6  0.3    0.2 se_0      0.0340
 7  0.3    0.2 se_1      0.0226
 8  0.45   0.2 de       -0.282 
 9  0.45   0.2 mu        0.391 
10  0.45   0.2 mu_0      0.518 
11  0.45   0.2 mu_1      0.236 
12  0.45   0.2 oe        0     
13  0.45   0.2 se_0      0     
14  0.45   0.2 se_1      0     
15  0.6    0.2 de       -0.280 
16  0.6    0.2 mu        0.325 
17  0.6    0.2 mu_0      0.493 
18  0.6    0.2 mu_1      0.213 
19  0.6    0.2 oe       -0.0659
20  0.6    0.2 se_0     -0.0247
21  0.6    0.2 se_1     -0.0229
22  0.3    0.4 de       -0.277 
23  0.3    0.4 mu        0.570 
24  0.3    0.4 mu_0      0.653 
25  0.3    0.4 mu_1      0.376 
26  0.3    0.4 oe        0.0716
27  0.3    0.4 se_0      0.0334
28  0.3    0.4 se_1      0.0259
29  0.45   0.4 de       -0.270 
30  0.45   0.4 mu        0.499 
31  0.45   0.4 mu_0      0.620 
32  0.45   0.4 mu_1      0.350 
33  0.45   0.4 oe        0     
34  0.45   0.4 se_0      0     
35  0.45   0.4 se_1      0     
36  0.6    0.4 de       -0.273 
37  0.6    0.4 mu        0.431 
38  0.6    0.4 mu_0      0.595 
39  0.6    0.4 mu_1      0.321 
40  0.6    0.4 oe       -0.0680
41  0.6    0.4 se_0     -0.0254
42  0.6    0.4 se_1     -0.0290
Loading required package: Matrix

Attaching package: ‘Matrix’

The following objects are masked from ‘package:tidyr’:

    expand, pack, unpack


==========================================================================
===========================   Analysis setting  ==========================
==========================================================================

- taus: 0.1, 0.2, 0.3, 0.4, 0.5 

- policy: TypeB 

- thetas: 0.3, 0.31, 0.32, 0.33, 0.34, 0.35, 0.36, 0.37, 0.38, 0.39, 0.4, 0.41, 0.42, 0.43, 0.44, 0.45, 0.46, 0.47, 0.48, 0.49, 0.5, 0.51, 0.52, 0.53, 0.54, 0.55, 0.56, 0.57, 0.58, 0.59, 0.6 

- r: 100 

- K: 2 

- Nuisance estimation method: T nonpara / C nonpara / A nonpara 

- m: 400 

- N_total: 5063 

- cluster size dist'n: 
 5  6  7  8  9 10 11 12 13 14 15 16 17 18 19 20 
16 27 25 28 27 27 25 27 25 22 22 23 23 22 28 33 

 - observed time summary: 
   Min. 1st Qu.  Median    Mean 3rd Qu.    Max. 
 0.0000  0.0214  0.1960  0.5932  0.7330  9.2550 

 - event indicator table: 
   0    1 
1999 3064 

 - event time summary: 
   Min. 1st Qu.  Median    Mean 3rd Qu.    Max. 
0.00000 0.01252 0.15402 0.53572 0.65049 9.25501 

 - censoring time summary: 
   Min. 1st Qu.  Median    Mean 3rd Qu.    Max. 
0.00000 0.04219 0.27120 0.68127 0.86710 7.64129 

 - treatment indicator table: 
   0    1 
2690 2373 

==========================================================================
===========================   Estimation start  ==========================
==========================================================================

--- Split:1 ---

Running BART with binary y

number of trees: 25
number of chains: 1, number of threads 1
tree thinning rate: 1
Prior:
	prior on k: chi with 1.250000 degrees of freedom and inf scale
	power and base for tree prior: 2.000000 0.950000
	use quantiles for rule cut points: false
	proposal probabilities: birth/death 0.50, swap 0.10, change 0.40; birth 0.50
data:
	number of training observations: 2577
	number of test observations: 0
	number of explanatory variables: 15

Cutoff rules c in x<=c vs x>c
Number of cutoffs: (var: number of possible c):
(1: 100) (2: 100) (3: 100) (4: 100) (5: 100) 
(6: 100) (7: 100) (8: 100) (9: 100) (10: 100) 
(11: 100) (12: 100) (13: 100) (14: 100) (15: 100) 


   [*---------] 10% | ET: 33s 
   [**--------] 20% | ET: 69s 
   [***-------] 30% | ET: 102.2s 
   [****------] 40% | ET: 134.9s 
   [*****-----] 50% | ET: 170.1s 
   [******----] 60% | ET: 203.5s 
   [*******---] 70% | ET: 236.2s 
   [********--] 80% | ET: 268.1s 
   [*********-] 90% | ET: 302.8s 
   [**********] 100% | ET: 337.7s 

--- Split:2 ---

Running BART with binary y

number of trees: 25
number of chains: 1, number of threads 1
tree thinning rate: 1
Prior:
	prior on k: chi with 1.250000 degrees of freedom and inf scale
	power and base for tree prior: 2.000000 0.950000
	use quantiles for rule cut points: false
	proposal probabilities: birth/death 0.50, swap 0.10, change 0.40; birth 0.50
data:
	number of training observations: 2486
	number of test observations: 0
	number of explanatory variables: 15

Cutoff rules c in x<=c vs x>c
Number of cutoffs: (var: number of possible c):
(1: 100) (2: 100) (3: 100) (4: 100) (5: 100) 
(6: 100) (7: 100) (8: 100) (9: 100) (10: 100) 
(11: 100) (12: 100) (13: 100) (14: 100) (15: 100) 


   [*---------] 10% | ET: 34.2s 
   [**--------] 20% | ET: 68.8s 
   [***-------] 30% | ET: 108.1s 
   [****------] 40% | ET: 143.2s 
   [*****-----] 50% | ET: 178.2s 
   [******----] 60% | ET: 214.6s 
   [*******---] 70% | ET: 249.3s 
   [********--] 80% | ET: 282.2s 
   [*********-] 90% | ET: 313.5s 
   [**********] 100% | ET: 347s 

--- IF for proposed nonparametric estimator computed --- ET: 737.5 seconds
--- Estimator computed: mu --- ET: 1.5 seconds --- 
--- Estimator computed: mu_1 --- ET: 1.1 seconds --- 
--- Estimator computed: mu_0 --- ET: 1.1 seconds --- 
--- Estimator computed: de --- ET: 1.1 seconds --- 
--- Estimator computed: oe --- ET: 1.2 seconds --- 
--- Estimator computed: se_1 --- ET: 1.5 seconds --- 
--- Estimator computed: se_0 --- ET: 1.2 seconds --- 
--- Total run time: 752.2 seconds --- 
--- Total run time: 769.7 seconds --- ###################################################
### Job finished at Fri Jun  6 03:55:07 EDT 2025 ###
###################################################
