##############################################################
### Job started at Fri Jun  6 03:24:56 EDT 2025 with p=TypeB, m=400, r=100, s=1 ###
##############################################################

Attaching package: ‘dplyr’

The following objects are masked from ‘package:stats’:

    filter, lag

The following objects are masked from ‘package:base’:

    intersect, setdiff, setequal, union

Loading required package: foreach
Loading required package: iterators
Loading required package: parallel

 randomForestSRC 3.2.2 
 
 Type rfsrc.news() to see new features, changes, and bug fixes. 
 

[conflicted] Will prefer dplyr::select over any other package.
[conflicted] Will prefer dplyr::filter over any other package.
[conflicted] Will prefer reshape2::melt over any other package.
── Attaching core tidyverse packages ──────────────────────── tidyverse 2.0.0 ──
✔ forcats   1.0.0     ✔ readr     2.1.4
✔ ggplot2   3.5.2     ✔ stringr   1.5.1
✔ lubridate 1.9.3     ✔ tibble    3.2.1
✔ purrr     0.3.5     ✔ tidyr     1.2.1
# A tibble: 42 × 4
   theta   tau estimand   truth
   <dbl> <dbl> <chr>      <dbl>
 1  0.3    0.2 de       -0.287 
 2  0.3    0.2 mu        0.460 
 3  0.3    0.2 mu_0      0.547 
 4  0.3    0.2 mu_1      0.259 
 5  0.3    0.2 oe        0.0696
 6  0.3    0.2 se_0      0.0276
 7  0.3    0.2 se_1      0.0253
 8  0.45   0.2 de       -0.285 
 9  0.45   0.2 mu        0.391 
10  0.45   0.2 mu_0      0.519 
11  0.45   0.2 mu_1      0.234 
12  0.45   0.2 oe        0     
13  0.45   0.2 se_0      0     
14  0.45   0.2 se_1      0     
15  0.6    0.2 de       -0.282 
16  0.6    0.2 mu        0.322 
17  0.6    0.2 mu_0      0.491 
18  0.6    0.2 mu_1      0.209 
19  0.6    0.2 oe       -0.0689
20  0.6    0.2 se_0     -0.0280
21  0.6    0.2 se_1     -0.0249
22  0.3    0.4 de       -0.269 
23  0.3    0.4 mu        0.565 
24  0.3    0.4 mu_0      0.646 
25  0.3    0.4 mu_1      0.377 
26  0.3    0.4 oe        0.0687
27  0.3    0.4 se_0      0.0267
28  0.3    0.4 se_1      0.0304
29  0.45   0.4 de       -0.273 
30  0.45   0.4 mu        0.496 
31  0.45   0.4 mu_0      0.619 
32  0.45   0.4 mu_1      0.347 
33  0.45   0.4 oe        0     
34  0.45   0.4 se_0      0     
35  0.45   0.4 se_1      0     
36  0.6    0.4 de       -0.274 
37  0.6    0.4 mu        0.424 
38  0.6    0.4 mu_0      0.589 
39  0.6    0.4 mu_1      0.315 
40  0.6    0.4 oe       -0.0721
41  0.6    0.4 se_0     -0.0300
42  0.6    0.4 se_1     -0.0319
Loading required package: Matrix

Attaching package: ‘Matrix’

The following objects are masked from ‘package:tidyr’:

    expand, pack, unpack


==========================================================================
===========================   Analysis setting  ==========================
==========================================================================

- taus: 0.1, 0.2, 0.3, 0.4, 0.5 

- policy: TypeB 

- thetas: 0.3, 0.31, 0.32, 0.33, 0.34, 0.35, 0.36, 0.37, 0.38, 0.39, 0.4, 0.41, 0.42, 0.43, 0.44, 0.45, 0.46, 0.47, 0.48, 0.49, 0.5, 0.51, 0.52, 0.53, 0.54, 0.55, 0.56, 0.57, 0.58, 0.59, 0.6 

- r: 100 

- K: 2 

- Nuisance estimation method: T nonpara / C nonpara / A nonpara 

- m: 400 

- N_total: 5047 

- cluster size dist'n: 
 5  6  7  8  9 10 11 12 13 14 15 16 17 18 19 20 
32 24 21 31 25 13 22 26 24 29 22 21 23 27 22 38 

 - observed time summary: 
    Min.  1st Qu.   Median     Mean  3rd Qu.     Max. 
 0.00000  0.01455  0.18172  0.57859  0.72255 11.41031 

 - event indicator table: 
   0    1 
2045 3002 

 - event time summary: 
     Min.   1st Qu.    Median      Mean   3rd Qu.      Max. 
 0.000000  0.008054  0.138003  0.525627  0.627539 11.410310 

 - censoring time summary: 
   Min. 1st Qu.  Median    Mean 3rd Qu.    Max. 
0.00000 0.03194 0.26309 0.65635 0.82982 9.23317 

 - treatment indicator table: 
   0    1 
2755 2292 

==========================================================================
===========================   Estimation start  ==========================
==========================================================================

--- Split:1 ---

Running BART with binary y

number of trees: 25
number of chains: 1, number of threads 1
tree thinning rate: 1
Prior:
	prior on k: chi with 1.250000 degrees of freedom and inf scale
	power and base for tree prior: 2.000000 0.950000
	use quantiles for rule cut points: false
	proposal probabilities: birth/death 0.50, swap 0.10, change 0.40; birth 0.50
data:
	number of training observations: 2462
	number of test observations: 0
	number of explanatory variables: 15

Cutoff rules c in x<=c vs x>c
Number of cutoffs: (var: number of possible c):
(1: 100) (2: 100) (3: 100) (4: 100) (5: 100) 
(6: 100) (7: 100) (8: 100) (9: 100) (10: 100) 
(11: 100) (12: 100) (13: 100) (14: 100) (15: 100) 


   [*---------] 10% | ET: 36.5s 
   [**--------] 20% | ET: 76s 
   [***-------] 30% | ET: 114.6s 
   [****------] 40% | ET: 152.9s 
   [*****-----] 50% | ET: 192.6s 
   [******----] 60% | ET: 228.8s 
   [*******---] 70% | ET: 266s 
   [********--] 80% | ET: 303.5s 
   [*********-] 90% | ET: 338.9s 
   [**********] 100% | ET: 381.4s 

--- Split:2 ---

Running BART with binary y

number of trees: 25
number of chains: 1, number of threads 1
tree thinning rate: 1
Prior:
	prior on k: chi with 1.250000 degrees of freedom and inf scale
	power and base for tree prior: 2.000000 0.950000
	use quantiles for rule cut points: false
	proposal probabilities: birth/death 0.50, swap 0.10, change 0.40; birth 0.50
data:
	number of training observations: 2585
	number of test observations: 0
	number of explanatory variables: 15

Cutoff rules c in x<=c vs x>c
Number of cutoffs: (var: number of possible c):
(1: 100) (2: 100) (3: 100) (4: 100) (5: 100) 
(6: 100) (7: 100) (8: 100) (9: 100) (10: 100) 
(11: 100) (12: 100) (13: 100) (14: 100) (15: 100) 


   [*---------] 10% | ET: 41.1s 
   [**--------] 20% | ET: 82.5s 
   [***-------] 30% | ET: 119.5s 
   [****------] 40% | ET: 158.7s 
   [*****-----] 50% | ET: 195.3s 
   [******----] 60% | ET: 231.9s 
   [*******---] 70% | ET: 273s 
   [********--] 80% | ET: 314s 
   [*********-] 90% | ET: 348.7s 
   [**********] 100% | ET: 384.9s 

--- IF for proposed nonparametric estimator computed --- ET: 844.3 seconds
--- Estimator computed: mu --- ET: 1.7 seconds --- 
--- Estimator computed: mu_1 --- ET: 1.6 seconds --- 
--- Estimator computed: mu_0 --- ET: 1.5 seconds --- 
--- Estimator computed: de --- ET: 1.6 seconds --- 
--- Estimator computed: oe --- ET: 1.6 seconds --- 
--- Estimator computed: se_1 --- ET: 1.6 seconds --- 
--- Estimator computed: se_0 --- ET: 1.6 seconds --- 
--- Total run time: 861.9 seconds --- 
--- Total run time: 885.9 seconds --- ###################################################
### Job finished at Fri Jun  6 03:39:43 EDT 2025 ###
###################################################
