##############################################################
### Job started at Thu Jun  5 18:39:51 EDT 2025 with m=200, r=100, n=2 ###
##############################################################

Attaching package: ‘dplyr’

The following objects are masked from ‘package:stats’:

    filter, lag

The following objects are masked from ‘package:base’:

    intersect, setdiff, setequal, union

Loading required package: foreach
Loading required package: iterators
Loading required package: parallel

 randomForestSRC 3.2.2 
 
 Type rfsrc.news() to see new features, changes, and bug fixes. 
 

[conflicted] Will prefer dplyr::select over any other package.
[conflicted] Will prefer dplyr::filter over any other package.
[conflicted] Will prefer reshape2::melt over any other package.
── Attaching core tidyverse packages ──────────────────────── tidyverse 2.0.0 ──
✔ forcats   1.0.0     ✔ readr     2.1.4
✔ ggplot2   3.5.2     ✔ stringr   1.5.1
✔ lubridate 1.9.3     ✔ tibble    3.2.1
✔ purrr     0.3.5     ✔ tidyr     1.2.1
Loading required package: Matrix

Attaching package: ‘Matrix’

The following objects are masked from ‘package:tidyr’:

    expand, pack, unpack


==========================================================================
===========================   Analysis setting  ==========================
==========================================================================

- taus: 0.2 

- policy: TypeB 

- thetas: 0.3, 0.4, 0.5, 0.6, 0.7 

- r: 100 

- K: 2 

- Nuisance estimation method: T nonpara / C nonpara / A nonpara 

- m: 200 

- N_total: 2460 

- cluster size dist'n: 
 5  6  7  8  9 10 11 12 13 14 15 16 17 18 19 20 
12 14  8 16 14 14 16 14 12 14  9  8 15 10  8 16 

 - observed time summary: 
    Min.  1st Qu.   Median     Mean  3rd Qu.     Max. 
 0.00000  0.01929  0.19001  0.56234  0.73633 10.37361 

 - event indicator table: 
   0    1 
 997 1463 

 - event time summary: 
    Min.  1st Qu.   Median     Mean  3rd Qu.     Max. 
 0.00000  0.01447  0.16497  0.52149  0.66800 10.37361 

 - censoring time summary: 
   Min. 1st Qu.  Median    Mean 3rd Qu.    Max. 
0.00000 0.03326 0.22954 0.62229 0.85161 6.67004 

 - treatment indicator table: 
   0    1 
1333 1127 

==========================================================================
===========================   Estimation start  ==========================
==========================================================================

--- Split:1 ---

Running BART with binary y

number of trees: 25
number of chains: 1, number of threads 1
tree thinning rate: 1
Prior:
	prior on k: chi with 1.250000 degrees of freedom and inf scale
	power and base for tree prior: 2.000000 0.950000
	use quantiles for rule cut points: false
	proposal probabilities: birth/death 0.50, swap 0.10, change 0.40; birth 0.50
data:
	number of training observations: 1197
	number of test observations: 0
	number of explanatory variables: 15

Cutoff rules c in x<=c vs x>c
Number of cutoffs: (var: number of possible c):
(1: 100) (2: 100) (3: 100) (4: 100) (5: 100) 
(6: 100) (7: 100) (8: 100) (9: 100) (10: 100) 
(11: 100) (12: 100) (13: 100) (14: 100) (15: 100) 


   [*---------] 10% | ET: 9.5s 
   [**--------] 20% | ET: 19.8s 
   [***-------] 30% | ET: 30.7s 
   [****------] 40% | ET: 41.1s 
   [*****-----] 50% | ET: 51.6s 
   [******----] 60% | ET: 62.8s 
   [*******---] 70% | ET: 72.9s 
   [********--] 80% | ET: 83.3s 
   [*********-] 90% | ET: 93.9s 
   [**********] 100% | ET: 105.3s 

--- Split:2 ---

Running BART with binary y

number of trees: 25
number of chains: 1, number of threads 1
tree thinning rate: 1
Prior:
	prior on k: chi with 1.250000 degrees of freedom and inf scale
	power and base for tree prior: 2.000000 0.950000
	use quantiles for rule cut points: false
	proposal probabilities: birth/death 0.50, swap 0.10, change 0.40; birth 0.50
data:
	number of training observations: 1263
	number of test observations: 0
	number of explanatory variables: 15

Cutoff rules c in x<=c vs x>c
Number of cutoffs: (var: number of possible c):
(1: 100) (2: 100) (3: 100) (4: 100) (5: 100) 
(6: 100) (7: 100) (8: 100) (9: 100) (10: 100) 
(11: 100) (12: 100) (13: 100) (14: 100) (15: 100) 


   [*---------] 10% | ET: 11.7s 
   [**--------] 20% | ET: 23.5s 
   [***-------] 30% | ET: 35.1s 
   [****------] 40% | ET: 46s 
   [*****-----] 50% | ET: 57.7s 
   [******----] 60% | ET: 69.2s 
   [*******---] 70% | ET: 81.1s 
   [********--] 80% | ET: 92.1s 
   [*********-] 90% | ET: 103s 
   [**********] 100% | ET: 113.9s 

--- IF for proposed nonparametric estimator computed --- ET: 241.3 seconds
--- Estimator computed: mu --- ET: 0.2 seconds --- 
--- Estimator computed: mu_1 --- ET: 0.2 seconds --- 
--- Estimator computed: mu_0 --- ET: 0.2 seconds --- 
--- Estimator computed: de --- ET: 0.2 seconds --- 
--- Estimator computed: oe --- ET: 0.2 seconds --- 
--- Estimator computed: se_1 --- ET: 0.2 seconds --- 
--- Estimator computed: se_0 --- ET: 0.2 seconds --- 
--- Total run time: 245.4 seconds --- 
--- Total run time: 249.4 seconds --- 
###################################################
### Job finished at Thu Jun  5 18:44:01 EDT 2025 ###
###################################################
