##############################################################
### Job started at Thu Jun  5 18:42:23 EDT 2025 with m=200, r=100, n=2 ###
##############################################################

Attaching package: ‘dplyr’

The following objects are masked from ‘package:stats’:

    filter, lag

The following objects are masked from ‘package:base’:

    intersect, setdiff, setequal, union

Loading required package: foreach
Loading required package: iterators
Loading required package: parallel

 randomForestSRC 3.2.2 
 
 Type rfsrc.news() to see new features, changes, and bug fixes. 
 

[conflicted] Will prefer dplyr::select over any other package.
[conflicted] Will prefer dplyr::filter over any other package.
[conflicted] Will prefer reshape2::melt over any other package.
── Attaching core tidyverse packages ──────────────────────── tidyverse 2.0.0 ──
✔ forcats   1.0.0     ✔ readr     2.1.4
✔ ggplot2   3.5.2     ✔ stringr   1.5.1
✔ lubridate 1.9.3     ✔ tibble    3.2.1
✔ purrr     0.3.5     ✔ tidyr     1.2.1
Loading required package: Matrix

Attaching package: ‘Matrix’

The following objects are masked from ‘package:tidyr’:

    expand, pack, unpack


==========================================================================
===========================   Analysis setting  ==========================
==========================================================================

- taus: 0.2 

- policy: TypeB 

- thetas: 0.3, 0.4, 0.5, 0.6, 0.7 

- r: 100 

- K: 2 

- Nuisance estimation method: T nonpara / C nonpara / A nonpara 

- m: 200 

- N_total: 2491 

- cluster size dist'n: 
 5  6  7  8  9 10 11 12 13 14 15 16 17 18 19 20 
11 18 13  9 16 13 16  6  7  8 14 16 13 16 15  9 

 - observed time summary: 
   Min. 1st Qu.  Median    Mean 3rd Qu.    Max. 
 0.0000  0.0212  0.2147  0.5909  0.7733  7.2857 

 - event indicator table: 
   0    1 
 980 1511 

 - event time summary: 
   Min. 1st Qu.  Median    Mean 3rd Qu.    Max. 
0.00000 0.01672 0.18730 0.54229 0.69999 6.98479 

 - censoring time summary: 
   Min. 1st Qu.  Median    Mean 3rd Qu.    Max. 
0.00000 0.03168 0.25365 0.66576 0.88326 7.28566 

 - treatment indicator table: 
   0    1 
1328 1163 

==========================================================================
===========================   Estimation start  ==========================
==========================================================================

--- Split:1 ---

Running BART with binary y

number of trees: 25
number of chains: 1, number of threads 1
tree thinning rate: 1
Prior:
	prior on k: chi with 1.250000 degrees of freedom and inf scale
	power and base for tree prior: 2.000000 0.950000
	use quantiles for rule cut points: false
	proposal probabilities: birth/death 0.50, swap 0.10, change 0.40; birth 0.50
data:
	number of training observations: 1290
	number of test observations: 0
	number of explanatory variables: 15

Cutoff rules c in x<=c vs x>c
Number of cutoffs: (var: number of possible c):
(1: 100) (2: 100) (3: 100) (4: 100) (5: 100) 
(6: 100) (7: 100) (8: 100) (9: 100) (10: 100) 
(11: 100) (12: 100) (13: 100) (14: 100) (15: 100) 


   [*---------] 10% | ET: 7.6s 
   [**--------] 20% | ET: 15.8s 
   [***-------] 30% | ET: 24.6s 
   [****------] 40% | ET: 33.2s 
   [*****-----] 50% | ET: 42.2s 
   [******----] 60% | ET: 50.2s 
   [*******---] 70% | ET: 59.1s 
   [********--] 80% | ET: 68s 
   [*********-] 90% | ET: 76.1s 
   [**********] 100% | ET: 85s 

--- Split:2 ---

Running BART with binary y

number of trees: 25
number of chains: 1, number of threads 1
tree thinning rate: 1
Prior:
	prior on k: chi with 1.250000 degrees of freedom and inf scale
	power and base for tree prior: 2.000000 0.950000
	use quantiles for rule cut points: false
	proposal probabilities: birth/death 0.50, swap 0.10, change 0.40; birth 0.50
data:
	number of training observations: 1201
	number of test observations: 0
	number of explanatory variables: 15

Cutoff rules c in x<=c vs x>c
Number of cutoffs: (var: number of possible c):
(1: 100) (2: 100) (3: 100) (4: 100) (5: 100) 
(6: 100) (7: 100) (8: 100) (9: 100) (10: 100) 
(11: 100) (12: 100) (13: 100) (14: 100) (15: 100) 


   [*---------] 10% | ET: 9s 
   [**--------] 20% | ET: 17.4s 
   [***-------] 30% | ET: 25.6s 
   [****------] 40% | ET: 34.8s 
   [*****-----] 50% | ET: 43.8s 
   [******----] 60% | ET: 52.8s 
   [*******---] 70% | ET: 61.3s 
   [********--] 80% | ET: 69.8s 
   [*********-] 90% | ET: 79s 
   [**********] 100% | ET: 87.3s 

--- IF for proposed nonparametric estimator computed --- ET: 187.3 seconds
--- Estimator computed: mu --- ET: 0.1 seconds --- 
--- Estimator computed: mu_1 --- ET: 0.1 seconds --- 
--- Estimator computed: mu_0 --- ET: 0.1 seconds --- 
--- Estimator computed: de --- ET: 0.1 seconds --- 
--- Estimator computed: oe --- ET: 0.1 seconds --- 
--- Estimator computed: se_1 --- ET: 0.1 seconds --- 
--- Estimator computed: se_0 --- ET: 0.1 seconds --- 
--- Total run time: 189.9 seconds --- 
--- Total run time: 193 seconds --- 
###################################################
### Job finished at Thu Jun  5 18:45:36 EDT 2025 ###
###################################################
