##############################################################
### Job started at Thu Jun  5 18:45:26 EDT 2025 with m=200, r=100, n=2 ###
##############################################################

Attaching package: ‘dplyr’

The following objects are masked from ‘package:stats’:

    filter, lag

The following objects are masked from ‘package:base’:

    intersect, setdiff, setequal, union

Loading required package: foreach
Loading required package: iterators
Loading required package: parallel

 randomForestSRC 3.2.2 
 
 Type rfsrc.news() to see new features, changes, and bug fixes. 
 

[conflicted] Will prefer dplyr::select over any other package.
[conflicted] Will prefer dplyr::filter over any other package.
[conflicted] Will prefer reshape2::melt over any other package.
── Attaching core tidyverse packages ──────────────────────── tidyverse 2.0.0 ──
✔ forcats   1.0.0     ✔ readr     2.1.4
✔ ggplot2   3.5.2     ✔ stringr   1.5.1
✔ lubridate 1.9.3     ✔ tibble    3.2.1
✔ purrr     0.3.5     ✔ tidyr     1.2.1
Loading required package: Matrix

Attaching package: ‘Matrix’

The following objects are masked from ‘package:tidyr’:

    expand, pack, unpack


==========================================================================
===========================   Analysis setting  ==========================
==========================================================================

- taus: 0.2 

- policy: TypeB 

- thetas: 0.3, 0.4, 0.5, 0.6, 0.7 

- r: 100 

- K: 2 

- Nuisance estimation method: T nonpara / C nonpara / A nonpara 

- m: 200 

- N_total: 2493 

- cluster size dist'n: 
 5  6  7  8  9 10 11 12 13 14 15 16 17 18 19 20 
13 15  9 11 13 11 14 11 13 15 12 17 14 13  9 10 

 - observed time summary: 
   Min. 1st Qu.  Median    Mean 3rd Qu.    Max. 
0.00000 0.02003 0.19057 0.55349 0.72328 6.46701 

 - event indicator table: 
   0    1 
1009 1484 

 - event time summary: 
   Min. 1st Qu.  Median    Mean 3rd Qu.    Max. 
 0.0000  0.0142  0.1506  0.5011  0.6543  6.4670 

 - censoring time summary: 
   Min. 1st Qu.  Median    Mean 3rd Qu.    Max. 
0.00000 0.03268 0.24982 0.63050 0.79955 6.07282 

 - treatment indicator table: 
   0    1 
1306 1187 

==========================================================================
===========================   Estimation start  ==========================
==========================================================================

--- Split:1 ---

Running BART with binary y

number of trees: 25
number of chains: 1, number of threads 1
tree thinning rate: 1
Prior:
	prior on k: chi with 1.250000 degrees of freedom and inf scale
	power and base for tree prior: 2.000000 0.950000
	use quantiles for rule cut points: false
	proposal probabilities: birth/death 0.50, swap 0.10, change 0.40; birth 0.50
data:
	number of training observations: 1265
	number of test observations: 0
	number of explanatory variables: 15

Cutoff rules c in x<=c vs x>c
Number of cutoffs: (var: number of possible c):
(1: 100) (2: 100) (3: 100) (4: 100) (5: 100) 
(6: 100) (7: 100) (8: 100) (9: 100) (10: 100) 
(11: 100) (12: 100) (13: 100) (14: 100) (15: 100) 


   [*---------] 10% | ET: 8.4s 
   [**--------] 20% | ET: 16.5s 
   [***-------] 30% | ET: 26.3s 
   [****------] 40% | ET: 35.4s 
   [*****-----] 50% | ET: 45.1s 
   [******----] 60% | ET: 55.4s 
   [*******---] 70% | ET: 65.2s 
   [********--] 80% | ET: 75s 
   [*********-] 90% | ET: 84.3s 
   [**********] 100% | ET: 93.9s 

--- Split:2 ---

Running BART with binary y

number of trees: 25
number of chains: 1, number of threads 1
tree thinning rate: 1
Prior:
	prior on k: chi with 1.250000 degrees of freedom and inf scale
	power and base for tree prior: 2.000000 0.950000
	use quantiles for rule cut points: false
	proposal probabilities: birth/death 0.50, swap 0.10, change 0.40; birth 0.50
data:
	number of training observations: 1228
	number of test observations: 0
	number of explanatory variables: 15

Cutoff rules c in x<=c vs x>c
Number of cutoffs: (var: number of possible c):
(1: 100) (2: 100) (3: 100) (4: 100) (5: 100) 
(6: 100) (7: 100) (8: 100) (9: 100) (10: 100) 
(11: 100) (12: 100) (13: 100) (14: 100) (15: 100) 


   [*---------] 10% | ET: 9.1s 
   [**--------] 20% | ET: 17.7s 
   [***-------] 30% | ET: 26.6s 
   [****------] 40% | ET: 36.5s 
   [*****-----] 50% | ET: 46.2s 
   [******----] 60% | ET: 56.2s 
   [*******---] 70% | ET: 66.1s 
   [********--] 80% | ET: 76.3s 
   [*********-] 90% | ET: 86.9s 
   [**********] 100% | ET: 96.8s 

--- IF for proposed nonparametric estimator computed --- ET: 208.8 seconds
--- Estimator computed: mu --- ET: 0.1 seconds --- 
--- Estimator computed: mu_1 --- ET: 0.1 seconds --- 
--- Estimator computed: mu_0 --- ET: 0.1 seconds --- 
--- Estimator computed: de --- ET: 0.1 seconds --- 
--- Estimator computed: oe --- ET: 0.2 seconds --- 
--- Estimator computed: se_1 --- ET: 0.1 seconds --- 
--- Estimator computed: se_0 --- ET: 0.1 seconds --- 
--- Total run time: 212.1 seconds --- 
--- Total run time: 215.1 seconds --- 
###################################################
### Job finished at Thu Jun  5 18:49:01 EDT 2025 ###
###################################################
