##############################################################
### Job started at Thu Jun  5 06:19:48 EDT 2025 with p=TypeB, m=200, r=100, s=41 ###
##############################################################

Attaching package: ‘dplyr’

The following objects are masked from ‘package:stats’:

    filter, lag

The following objects are masked from ‘package:base’:

    intersect, setdiff, setequal, union

Loading required package: foreach
Loading required package: iterators
Loading required package: parallel

 randomForestSRC 3.2.2 
 
 Type rfsrc.news() to see new features, changes, and bug fixes. 
 

[conflicted] Will prefer dplyr::select over any other package.
[conflicted] Will prefer dplyr::filter over any other package.
[conflicted] Will prefer reshape2::melt over any other package.
── Attaching core tidyverse packages ──────────────────────── tidyverse 2.0.0 ──
✔ forcats   1.0.0     ✔ readr     2.1.4
✔ ggplot2   3.5.2     ✔ stringr   1.5.1
✔ lubridate 1.9.3     ✔ tibble    3.2.1
✔ purrr     0.3.5     ✔ tidyr     1.2.1
# A tibble: 42 × 4
   theta   tau estimand   truth
   <dbl> <dbl> <chr>      <dbl>
 1  0.3    0.2 de       -0.299 
 2  0.3    0.2 mu        0.470 
 3  0.3    0.2 mu_0      0.560 
 4  0.3    0.2 mu_1      0.261 
 5  0.3    0.2 oe        0.0777
 6  0.3    0.2 se_0      0.0373
 7  0.3    0.2 se_1      0.0275
 8  0.45   0.2 de       -0.289 
 9  0.45   0.2 mu        0.393 
10  0.45   0.2 mu_0      0.523 
11  0.45   0.2 mu_1      0.234 
12  0.45   0.2 oe        0     
13  0.45   0.2 se_0      0     
14  0.45   0.2 se_1      0     
15  0.6    0.2 de       -0.279 
16  0.6    0.2 mu        0.322 
17  0.6    0.2 mu_0      0.489 
18  0.6    0.2 mu_1      0.210 
19  0.6    0.2 oe       -0.0709
20  0.6    0.2 se_0     -0.0333
21  0.6    0.2 se_1     -0.0238
22  0.3    0.4 de       -0.281 
23  0.3    0.4 mu        0.576 
24  0.3    0.4 mu_0      0.660 
25  0.3    0.4 mu_1      0.379 
26  0.3    0.4 oe        0.0770
27  0.3    0.4 se_0      0.0368
28  0.3    0.4 se_1      0.0326
29  0.45   0.4 de       -0.277 
30  0.45   0.4 mu        0.499 
31  0.45   0.4 mu_0      0.623 
32  0.45   0.4 mu_1      0.347 
33  0.45   0.4 oe        0     
34  0.45   0.4 se_0      0     
35  0.45   0.4 se_1      0     
36  0.6    0.4 de       -0.271 
37  0.6    0.4 mu        0.425 
38  0.6    0.4 mu_0      0.588 
39  0.6    0.4 mu_1      0.317 
40  0.6    0.4 oe       -0.0735
41  0.6    0.4 se_0     -0.0354
42  0.6    0.4 se_1     -0.0298
Loading required package: Matrix

Attaching package: ‘Matrix’

The following objects are masked from ‘package:tidyr’:

    expand, pack, unpack


==========================================================================
===========================   Analysis setting  ==========================
==========================================================================

- taus: 0.1, 0.2, 0.3, 0.4, 0.5 

- policy: TypeB 

- thetas: 0.3, 0.31, 0.32, 0.33, 0.34, 0.35, 0.36, 0.37, 0.38, 0.39, 0.4, 0.41, 0.42, 0.43, 0.44, 0.45, 0.46, 0.47, 0.48, 0.49, 0.5, 0.51, 0.52, 0.53, 0.54, 0.55, 0.56, 0.57, 0.58, 0.59, 0.6 

- r: 100 

- K: 2 

- Nuisance estimation method: T para / C nonpara / A para 

- m: 200 

- N_total: 2454 

- cluster size dist'n: 
 5  6  7  8  9 10 11 12 13 14 15 16 17 18 19 20 
16 14 12 13 13  7  7 21 15 13 13  8 14 10 12 12 

 - observed time summary: 
    Min.  1st Qu.   Median     Mean  3rd Qu.     Max. 
 0.00000  0.02323  0.22401  0.62321  0.78358 10.81723 

 - event indicator table: 
   0    1 
 992 1462 

 - event time summary: 
    Min.  1st Qu.   Median     Mean  3rd Qu.     Max. 
 0.00000  0.01507  0.18056  0.57298  0.71069 10.81723 

 - censoring time summary: 
   Min. 1st Qu.  Median    Mean 3rd Qu.    Max. 
 0.0000  0.0443  0.2967  0.6972  0.8683  8.7643 

 - treatment indicator table: 
   0    1 
1219 1235 

==========================================================================
===========================   Estimation start  ==========================
==========================================================================

--- Split:1 ---

   [*---------] 10% | ET: 11.6s 
   [**--------] 20% | ET: 20.8s 
   [***-------] 30% | ET: 31.4s 
   [****------] 40% | ET: 42.3s 
   [*****-----] 50% | ET: 53.7s 
   [******----] 60% | ET: 64s 
   [*******---] 70% | ET: 75.1s 
   [********--] 80% | ET: 88.2s 
   [*********-] 90% | ET: 108.8s 
   [**********] 100% | ET: 123.4s 

--- Split:2 ---

   [*---------] 10% | ET: 20.4s 
   [**--------] 20% | ET: 52.1s 
   [***-------] 30% | ET: 80.2s 
   [****------] 40% | ET: 113.2s 
   [*****-----] 50% | ET: 144s 
   [******----] 60% | ET: 178.5s 
   [*******---] 70% | ET: 214.2s 
   [********--] 80% | ET: 253.6s 
   [*********-] 90% | ET: 298.7s 
   [**********] 100% | ET: 342.5s 

--- IF for proposed nonparametric estimator computed --- ET: 481.2 seconds
--- Estimator computed: mu --- ET: 0.8 seconds --- 
--- Estimator computed: mu_1 --- ET: 0.5 seconds --- 
--- Estimator computed: mu_0 --- ET: 0.9 seconds --- 
--- Estimator computed: de --- ET: 0.7 seconds --- 
--- Estimator computed: oe --- ET: 2.1 seconds --- 
--- Estimator computed: se_1 --- ET: 0.6 seconds --- 
--- Estimator computed: se_0 --- ET: 1.2 seconds --- 
--- Total run time: 491.4 seconds --- 
--- Total run time: 503 seconds --- ###################################################
### Job finished at Thu Jun  5 06:28:13 EDT 2025 ###
###################################################
