##############################################################
### Job started at Thu Jun  5 06:49:48 EDT 2025 with p=TypeB, m=200, r=100, s=41 ###
##############################################################

Attaching package: ‘dplyr’

The following objects are masked from ‘package:stats’:

    filter, lag

The following objects are masked from ‘package:base’:

    intersect, setdiff, setequal, union

Loading required package: foreach
Loading required package: iterators
Loading required package: parallel

 randomForestSRC 3.2.2 
 
 Type rfsrc.news() to see new features, changes, and bug fixes. 
 

[conflicted] Will prefer dplyr::select over any other package.
[conflicted] Will prefer dplyr::filter over any other package.
[conflicted] Will prefer reshape2::melt over any other package.
── Attaching core tidyverse packages ──────────────────────── tidyverse 2.0.0 ──
✔ forcats   1.0.0     ✔ readr     2.1.4
✔ ggplot2   3.5.2     ✔ stringr   1.5.1
✔ lubridate 1.9.3     ✔ tibble    3.2.1
✔ purrr     0.3.5     ✔ tidyr     1.2.1
# A tibble: 42 × 4
   theta   tau estimand   truth
   <dbl> <dbl> <chr>      <dbl>
 1  0.3    0.2 de       -0.283 
 2  0.3    0.2 mu        0.446 
 3  0.3    0.2 mu_0      0.530 
 4  0.3    0.2 mu_1      0.247 
 5  0.3    0.2 oe        0.0785
 6  0.3    0.2 se_0      0.0400
 7  0.3    0.2 se_1      0.0313
 8  0.45   0.2 de       -0.274 
 9  0.45   0.2 mu        0.367 
10  0.45   0.2 mu_0      0.490 
11  0.45   0.2 mu_1      0.216 
12  0.45   0.2 oe        0     
13  0.45   0.2 se_0      0     
14  0.45   0.2 se_1      0     
15  0.6    0.2 de       -0.265 
16  0.6    0.2 mu        0.300 
17  0.6    0.2 mu_0      0.459 
18  0.6    0.2 mu_1      0.194 
19  0.6    0.2 oe       -0.0670
20  0.6    0.2 se_0     -0.0317
21  0.6    0.2 se_1     -0.0219
22  0.3    0.4 de       -0.267 
23  0.3    0.4 mu        0.547 
24  0.3    0.4 mu_0      0.628 
25  0.3    0.4 mu_1      0.361 
26  0.3    0.4 oe        0.0796
27  0.3    0.4 se_0      0.0404
28  0.3    0.4 se_1      0.0386
29  0.45   0.4 de       -0.265 
30  0.45   0.4 mu        0.468 
31  0.45   0.4 mu_0      0.587 
32  0.45   0.4 mu_1      0.322 
33  0.45   0.4 oe        0     
34  0.45   0.4 se_0      0     
35  0.45   0.4 se_1      0     
36  0.6    0.4 de       -0.259 
37  0.6    0.4 mu        0.398 
38  0.6    0.4 mu_0      0.554 
39  0.6    0.4 mu_1      0.295 
40  0.6    0.4 oe       -0.0695
41  0.6    0.4 se_0     -0.0334
42  0.6    0.4 se_1     -0.0273
Loading required package: Matrix

Attaching package: ‘Matrix’

The following objects are masked from ‘package:tidyr’:

    expand, pack, unpack


==========================================================================
===========================   Analysis setting  ==========================
==========================================================================

- taus: 0.1, 0.2, 0.3, 0.4, 0.5 

- policy: TypeB 

- thetas: 0.3, 0.31, 0.32, 0.33, 0.34, 0.35, 0.36, 0.37, 0.38, 0.39, 0.4, 0.41, 0.42, 0.43, 0.44, 0.45, 0.46, 0.47, 0.48, 0.49, 0.5, 0.51, 0.52, 0.53, 0.54, 0.55, 0.56, 0.57, 0.58, 0.59, 0.6 

- r: 100 

- K: 2 

- Nuisance estimation method: T para / C nonpara / A para 

- m: 200 

- N_total: 2574 

- cluster size dist'n: 
 5  6  7  8  9 10 11 12 13 14 15 16 17 18 19 20 
 9 12 12  7 10 14 16  9 17 12 22 13 12  8 12 15 

 - observed time summary: 
   Min. 1st Qu.  Median    Mean 3rd Qu.    Max. 
0.00000 0.02468 0.21589 0.62487 0.80035 7.43416 

 - event indicator table: 
   0    1 
 985 1589 

 - event time summary: 
   Min. 1st Qu.  Median    Mean 3rd Qu.    Max. 
0.00000 0.01588 0.16799 0.55681 0.70725 7.43416 

 - censoring time summary: 
   Min. 1st Qu.  Median    Mean 3rd Qu.    Max. 
0.00000 0.05466 0.30148 0.73468 0.97807 7.11681 

 - treatment indicator table: 
   0    1 
1328 1246 

==========================================================================
===========================   Estimation start  ==========================
==========================================================================

--- Split:1 ---

   [*---------] 10% | ET: 31.3s 
   [**--------] 20% | ET: 64.2s 
   [***-------] 30% | ET: 93.5s 
   [****------] 40% | ET: 135.4s 
   [*****-----] 50% | ET: 178.3s 
   [******----] 60% | ET: 219.5s 
   [*******---] 70% | ET: 287.2s 
   [********--] 80% | ET: 367.1s 
   [*********-] 90% | ET: 432.9s 
   [**********] 100% | ET: 515.5s 

--- Split:2 ---

   [*---------] 10% | ET: 76.9s 
   [**--------] 20% | ET: 154.2s 
   [***-------] 30% | ET: 231.8s 
   [****------] 40% | ET: 321.6s 
   [*****-----] 50% | ET: 406.4s 
   [******----] 60% | ET: 480.8s 
   [*******---] 70% | ET: 560.3s 
   [********--] 80% | ET: 652.3s 
   [*********-] 90% | ET: 746.9s 
   [**********] 100% | ET: 844.3s 

--- IF for proposed nonparametric estimator computed --- ET: 1389.2 seconds
--- Estimator computed: mu --- ET: 0.8 seconds --- 
--- Estimator computed: mu_1 --- ET: 0.6 seconds --- 
--- Estimator computed: mu_0 --- ET: 0.6 seconds --- 
--- Estimator computed: de --- ET: 0.7 seconds --- 
--- Estimator computed: oe --- ET: 0.6 seconds --- 
--- Estimator computed: se_1 --- ET: 0.6 seconds --- 
--- Estimator computed: se_0 --- ET: 1.2 seconds --- 
--- Total run time: 1398.8 seconds --- 
--- Total run time: 1411.8 seconds --- ###################################################
### Job finished at Thu Jun  5 07:13:27 EDT 2025 ###
###################################################
