##############################################################
### Job started at Thu Jun  5 06:22:10 EDT 2025 with p=TypeB, m=200, r=100, s=41 ###
##############################################################

Attaching package: ‘dplyr’

The following objects are masked from ‘package:stats’:

    filter, lag

The following objects are masked from ‘package:base’:

    intersect, setdiff, setequal, union

Loading required package: foreach
Loading required package: iterators
Loading required package: parallel

 randomForestSRC 3.2.2 
 
 Type rfsrc.news() to see new features, changes, and bug fixes. 
 

[conflicted] Will prefer dplyr::select over any other package.
[conflicted] Will prefer dplyr::filter over any other package.
[conflicted] Will prefer reshape2::melt over any other package.
── Attaching core tidyverse packages ──────────────────────── tidyverse 2.0.0 ──
✔ forcats   1.0.0     ✔ readr     2.1.4
✔ ggplot2   3.5.2     ✔ stringr   1.5.1
✔ lubridate 1.9.3     ✔ tibble    3.2.1
✔ purrr     0.3.5     ✔ tidyr     1.2.1
# A tibble: 42 × 4
   theta   tau estimand   truth
   <dbl> <dbl> <chr>      <dbl>
 1  0.3    0.2 de       -0.293 
 2  0.3    0.2 mu        0.456 
 3  0.3    0.2 mu_0      0.544 
 4  0.3    0.2 mu_1      0.251 
 5  0.3    0.2 oe        0.0829
 6  0.3    0.2 se_0      0.0467
 7  0.3    0.2 se_1      0.0294
 8  0.45   0.2 de       -0.276 
 9  0.45   0.2 mu        0.373 
10  0.45   0.2 mu_0      0.498 
11  0.45   0.2 mu_1      0.222 
12  0.45   0.2 oe        0     
13  0.45   0.2 se_0      0     
14  0.45   0.2 se_1      0     
15  0.6    0.2 de       -0.269 
16  0.6    0.2 mu        0.312 
17  0.6    0.2 mu_0      0.473 
18  0.6    0.2 mu_1      0.205 
19  0.6    0.2 oe       -0.0612
20  0.6    0.2 se_0     -0.0241
21  0.6    0.2 se_1     -0.0170
22  0.3    0.4 de       -0.279 
23  0.3    0.4 mu        0.561 
24  0.3    0.4 mu_0      0.644 
25  0.3    0.4 mu_1      0.366 
26  0.3    0.4 oe        0.0844
27  0.3    0.4 se_0      0.0484
28  0.3    0.4 se_1      0.0356
29  0.45   0.4 de       -0.266 
30  0.45   0.4 mu        0.476 
31  0.45   0.4 mu_0      0.596 
32  0.45   0.4 mu_1      0.330 
33  0.45   0.4 oe        0     
34  0.45   0.4 se_0      0     
35  0.45   0.4 se_1      0     
36  0.6    0.4 de       -0.262 
37  0.6    0.4 mu        0.415 
38  0.6    0.4 mu_0      0.571 
39  0.6    0.4 mu_1      0.310 
40  0.6    0.4 oe       -0.0617
41  0.6    0.4 se_0     -0.0243
42  0.6    0.4 se_1     -0.0201
Loading required package: Matrix

Attaching package: ‘Matrix’

The following objects are masked from ‘package:tidyr’:

    expand, pack, unpack


==========================================================================
===========================   Analysis setting  ==========================
==========================================================================

- taus: 0.1, 0.2, 0.3, 0.4, 0.5 

- policy: TypeB 

- thetas: 0.3, 0.31, 0.32, 0.33, 0.34, 0.35, 0.36, 0.37, 0.38, 0.39, 0.4, 0.41, 0.42, 0.43, 0.44, 0.45, 0.46, 0.47, 0.48, 0.49, 0.5, 0.51, 0.52, 0.53, 0.54, 0.55, 0.56, 0.57, 0.58, 0.59, 0.6 

- r: 100 

- K: 2 

- Nuisance estimation method: T para / C nonpara / A para 

- m: 200 

- N_total: 2524 

- cluster size dist'n: 
 5  6  7  8  9 10 11 12 13 14 15 16 17 18 19 20 
20  6  9 12 15 11  9 11 12 18 12 13 14 12 17  9 

 - observed time summary: 
   Min. 1st Qu.  Median    Mean 3rd Qu.    Max. 
 0.0000  0.0242  0.2244  0.6368  0.8377 12.4178 

 - event indicator table: 
   0    1 
1014 1510 

 - event time summary: 
   Min. 1st Qu.  Median    Mean 3rd Qu.    Max. 
0.00000 0.01481 0.18490 0.58750 0.75964 8.49735 

 - censoring time summary: 
    Min.  1st Qu.   Median     Mean  3rd Qu.     Max. 
 0.00000  0.04214  0.29606  0.71028  0.95385 12.41777 

 - treatment indicator table: 
   0    1 
1322 1202 

==========================================================================
===========================   Estimation start  ==========================
==========================================================================

--- Split:1 ---

   [*---------] 10% | ET: 36.1s 
   [**--------] 20% | ET: 71.4s 
   [***-------] 30% | ET: 106.9s 
   [****------] 40% | ET: 148.3s 
   [*****-----] 50% | ET: 190.2s 
   [******----] 60% | ET: 238.2s 
   [*******---] 70% | ET: 300.3s 
   [********--] 80% | ET: 361.1s 
   [*********-] 90% | ET: 396.7s 
   [**********] 100% | ET: 423.7s 

--- Split:2 ---

   [*---------] 10% | ET: 42.1s 
   [**--------] 20% | ET: 73.4s 
   [***-------] 30% | ET: 107.9s 
   [****------] 40% | ET: 154.5s 
   [*****-----] 50% | ET: 212s 
   [******----] 60% | ET: 271.3s 
   [*******---] 70% | ET: 328.8s 
   [********--] 80% | ET: 403.9s 
   [*********-] 90% | ET: 473.1s 
   [**********] 100% | ET: 549.5s 

--- IF for proposed nonparametric estimator computed --- ET: 994.5 seconds
--- Estimator computed: mu --- ET: 1.3 seconds --- 
--- Estimator computed: mu_1 --- ET: 0.6 seconds --- 
--- Estimator computed: mu_0 --- ET: 0.5 seconds --- 
--- Estimator computed: de --- ET: 1.1 seconds --- 
--- Estimator computed: oe --- ET: 0.6 seconds --- 
--- Estimator computed: se_1 --- ET: 0.6 seconds --- 
--- Estimator computed: se_0 --- ET: 0.6 seconds --- 
--- Total run time: 1002.6 seconds --- 
--- Total run time: 1016.1 seconds --- ###################################################
### Job finished at Thu Jun  5 06:39:13 EDT 2025 ###
###################################################
