##############################################################
### Job started at Thu Jun  5 06:54:41 EDT 2025 with p=TypeB, m=200, r=100, s=41 ###
##############################################################

Attaching package: ‘dplyr’

The following objects are masked from ‘package:stats’:

    filter, lag

The following objects are masked from ‘package:base’:

    intersect, setdiff, setequal, union

Loading required package: foreach
Loading required package: iterators
Loading required package: parallel

 randomForestSRC 3.2.2 
 
 Type rfsrc.news() to see new features, changes, and bug fixes. 
 

[conflicted] Will prefer dplyr::select over any other package.
[conflicted] Will prefer dplyr::filter over any other package.
[conflicted] Will prefer reshape2::melt over any other package.
── Attaching core tidyverse packages ──────────────────────── tidyverse 2.0.0 ──
✔ forcats   1.0.0     ✔ readr     2.1.4
✔ ggplot2   3.5.2     ✔ stringr   1.5.1
✔ lubridate 1.9.3     ✔ tibble    3.2.1
✔ purrr     0.3.5     ✔ tidyr     1.2.1
# A tibble: 42 × 4
   theta   tau estimand   truth
   <dbl> <dbl> <chr>      <dbl>
 1  0.3    0.2 de       -0.290 
 2  0.3    0.2 mu        0.460 
 3  0.3    0.2 mu_0      0.547 
 4  0.3    0.2 mu_1      0.256 
 5  0.3    0.2 oe        0.0687
 6  0.3    0.2 se_0      0.0277
 7  0.3    0.2 se_1      0.0219
 8  0.45   0.2 de       -0.284 
 9  0.45   0.2 mu        0.391 
10  0.45   0.2 mu_0      0.519 
11  0.45   0.2 mu_1      0.235 
12  0.45   0.2 oe        0     
13  0.45   0.2 se_0      0     
14  0.45   0.2 se_1      0     
15  0.6    0.2 de       -0.284 
16  0.6    0.2 mu        0.328 
17  0.6    0.2 mu_0      0.498 
18  0.6    0.2 mu_1      0.215 
19  0.6    0.2 oe       -0.0629
20  0.6    0.2 se_0     -0.0207
21  0.6    0.2 se_1     -0.0199
22  0.3    0.4 de       -0.272 
23  0.3    0.4 mu        0.563 
24  0.3    0.4 mu_0      0.645 
25  0.3    0.4 mu_1      0.372 
26  0.3    0.4 oe        0.0657
27  0.3    0.4 se_0      0.0252
28  0.3    0.4 se_1      0.0244
29  0.45   0.4 de       -0.271 
30  0.45   0.4 mu        0.497 
31  0.45   0.4 mu_0      0.619 
32  0.45   0.4 mu_1      0.348 
33  0.45   0.4 oe        0     
34  0.45   0.4 se_0      0     
35  0.45   0.4 se_1      0     
36  0.6    0.4 de       -0.276 
37  0.6    0.4 mu        0.435 
38  0.6    0.4 mu_0      0.600 
39  0.6    0.4 mu_1      0.324 
40  0.6    0.4 oe       -0.0628
41  0.6    0.4 se_0     -0.0194
42  0.6    0.4 se_1     -0.0238
Loading required package: Matrix

Attaching package: ‘Matrix’

The following objects are masked from ‘package:tidyr’:

    expand, pack, unpack


==========================================================================
===========================   Analysis setting  ==========================
==========================================================================

- taus: 0.1, 0.2, 0.3, 0.4, 0.5 

- policy: TypeB 

- thetas: 0.3, 0.31, 0.32, 0.33, 0.34, 0.35, 0.36, 0.37, 0.38, 0.39, 0.4, 0.41, 0.42, 0.43, 0.44, 0.45, 0.46, 0.47, 0.48, 0.49, 0.5, 0.51, 0.52, 0.53, 0.54, 0.55, 0.56, 0.57, 0.58, 0.59, 0.6 

- r: 100 

- K: 2 

- Nuisance estimation method: T para / C nonpara / A para 

- m: 200 

- N_total: 2413 

- cluster size dist'n: 
 5  6  7  8  9 10 11 12 13 14 15 16 17 18 19 20 
 7 18 20 10 17 12 13  7 15 14 12 13 13 11  8 10 

 - observed time summary: 
   Min. 1st Qu.  Median    Mean 3rd Qu.    Max. 
 0.0000  0.0170  0.1989  0.5942  0.7398  9.1177 

 - event indicator table: 
   0    1 
 955 1458 

 - event time summary: 
    Min.  1st Qu.   Median     Mean  3rd Qu.     Max. 
0.000000 0.008938 0.157906 0.529166 0.686330 7.626855 

 - censoring time summary: 
   Min. 1st Qu.  Median    Mean 3rd Qu.    Max. 
0.00000 0.03301 0.27977 0.69343 0.83903 9.11770 

 - treatment indicator table: 
   0    1 
1255 1158 

==========================================================================
===========================   Estimation start  ==========================
==========================================================================

--- Split:1 ---

   [*---------] 10% | ET: 14.8s 
   [**--------] 20% | ET: 30s 
   [***-------] 30% | ET: 44.2s 
   [****------] 40% | ET: 59.2s 
   [*****-----] 50% | ET: 71.7s 
   [******----] 60% | ET: 84.2s 
   [*******---] 70% | ET: 97.9s 
   [********--] 80% | ET: 109.8s 
   [*********-] 90% | ET: 120.1s 
   [**********] 100% | ET: 130.7s 

--- Split:2 ---

   [*---------] 10% | ET: 10.6s 
   [**--------] 20% | ET: 21.8s 
   [***-------] 30% | ET: 32.1s 
   [****------] 40% | ET: 43.1s 
   [*****-----] 50% | ET: 54s 
   [******----] 60% | ET: 64.1s 
   [*******---] 70% | ET: 75s 
   [********--] 80% | ET: 85.1s 
   [*********-] 90% | ET: 96.3s 
   [**********] 100% | ET: 107.5s 

--- IF for proposed nonparametric estimator computed --- ET: 249.7 seconds
--- Estimator computed: mu --- ET: 0.6 seconds --- 
--- Estimator computed: mu_1 --- ET: 0.5 seconds --- 
--- Estimator computed: mu_0 --- ET: 0.5 seconds --- 
--- Estimator computed: de --- ET: 0.6 seconds --- 
--- Estimator computed: oe --- ET: 0.6 seconds --- 
--- Estimator computed: se_1 --- ET: 0.8 seconds --- 
--- Estimator computed: se_0 --- ET: 0.5 seconds --- 
--- Total run time: 255.6 seconds --- 
--- Total run time: 267.2 seconds --- ###################################################
### Job finished at Thu Jun  5 06:59:09 EDT 2025 ###
###################################################
