##############################################################
### Job started at Thu Jun  5 07:01:36 EDT 2025 with p=TypeB, m=200, r=100, s=41 ###
##############################################################

Attaching package: ‘dplyr’

The following objects are masked from ‘package:stats’:

    filter, lag

The following objects are masked from ‘package:base’:

    intersect, setdiff, setequal, union

Loading required package: foreach
Loading required package: iterators
Loading required package: parallel

 randomForestSRC 3.2.2 
 
 Type rfsrc.news() to see new features, changes, and bug fixes. 
 

[conflicted] Will prefer dplyr::select over any other package.
[conflicted] Will prefer dplyr::filter over any other package.
[conflicted] Will prefer reshape2::melt over any other package.
── Attaching core tidyverse packages ──────────────────────── tidyverse 2.0.0 ──
✔ forcats   1.0.0     ✔ readr     2.1.4
✔ ggplot2   3.5.2     ✔ stringr   1.5.1
✔ lubridate 1.9.3     ✔ tibble    3.2.1
✔ purrr     0.3.5     ✔ tidyr     1.2.1
# A tibble: 42 × 4
   theta   tau estimand   truth
   <dbl> <dbl> <chr>      <dbl>
 1  0.3    0.2 de       -0.285 
 2  0.3    0.2 mu        0.444 
 3  0.3    0.2 mu_0      0.529 
 4  0.3    0.2 mu_1      0.244 
 5  0.3    0.2 oe        0.0749
 6  0.3    0.2 se_0      0.0385
 7  0.3    0.2 se_1      0.0245
 8  0.45   0.2 de       -0.271 
 9  0.45   0.2 mu        0.369 
10  0.45   0.2 mu_0      0.490 
11  0.45   0.2 mu_1      0.220 
12  0.45   0.2 oe        0     
13  0.45   0.2 se_0      0     
14  0.45   0.2 se_1      0     
15  0.6    0.2 de       -0.265 
16  0.6    0.2 mu        0.307 
17  0.6    0.2 mu_0      0.466 
18  0.6    0.2 mu_1      0.201 
19  0.6    0.2 oe       -0.0617
20  0.6    0.2 se_0     -0.0246
21  0.6    0.2 se_1     -0.0188
22  0.3    0.4 de       -0.269 
23  0.3    0.4 mu        0.545 
24  0.3    0.4 mu_0      0.626 
25  0.3    0.4 mu_1      0.356 
26  0.3    0.4 oe        0.0746
27  0.3    0.4 se_0      0.0384
28  0.3    0.4 se_1      0.0289
29  0.45   0.4 de       -0.260 
30  0.45   0.4 mu        0.470 
31  0.45   0.4 mu_0      0.587 
32  0.45   0.4 mu_1      0.327 
33  0.45   0.4 oe        0     
34  0.45   0.4 se_0      0     
35  0.45   0.4 se_1      0     
36  0.6    0.4 de       -0.258 
37  0.6    0.4 mu        0.408 
38  0.6    0.4 mu_0      0.562 
39  0.6    0.4 mu_1      0.305 
40  0.6    0.4 oe       -0.0627
41  0.6    0.4 se_0     -0.0251
42  0.6    0.4 se_1     -0.0228
Loading required package: Matrix

Attaching package: ‘Matrix’

The following objects are masked from ‘package:tidyr’:

    expand, pack, unpack


==========================================================================
===========================   Analysis setting  ==========================
==========================================================================

- taus: 0.1, 0.2, 0.3, 0.4, 0.5 

- policy: TypeB 

- thetas: 0.3, 0.31, 0.32, 0.33, 0.34, 0.35, 0.36, 0.37, 0.38, 0.39, 0.4, 0.41, 0.42, 0.43, 0.44, 0.45, 0.46, 0.47, 0.48, 0.49, 0.5, 0.51, 0.52, 0.53, 0.54, 0.55, 0.56, 0.57, 0.58, 0.59, 0.6 

- r: 100 

- K: 2 

- Nuisance estimation method: T para / C nonpara / A para 

- m: 200 

- N_total: 2506 

- cluster size dist'n: 
 5  6  7  8  9 10 11 12 13 14 15 16 17 18 19 20 
11 13 16 10  9 14 10 12 15 12 20  9 12 18  9 10 

 - observed time summary: 
   Min. 1st Qu.  Median    Mean 3rd Qu.    Max. 
0.00000 0.01827 0.19056 0.60520 0.78159 9.95887 

 - event indicator table: 
   0    1 
 954 1552 

 - event time summary: 
   Min. 1st Qu.  Median    Mean 3rd Qu.    Max. 
 0.0000  0.0103  0.1434  0.5422  0.6599  9.9589 

 - censoring time summary: 
   Min. 1st Qu.  Median    Mean 3rd Qu.    Max. 
0.00000 0.04826 0.28008 0.70761 0.96530 8.83852 

 - treatment indicator table: 
   0    1 
1303 1203 

==========================================================================
===========================   Estimation start  ==========================
==========================================================================

--- Split:1 ---

   [*---------] 10% | ET: 36.5s 
   [**--------] 20% | ET: 71.1s 
   [***-------] 30% | ET: 103.6s 
   [****------] 40% | ET: 129.3s 
   [*****-----] 50% | ET: 150s 
   [******----] 60% | ET: 179.9s 
   [*******---] 70% | ET: 212.1s 
   [********--] 80% | ET: 228.6s 
   [*********-] 90% | ET: 245.5s 
   [**********] 100% | ET: 268.2s 

--- Split:2 ---

   [*---------] 10% | ET: 39.9s 
   [**--------] 20% | ET: 79.1s 
   [***-------] 30% | ET: 108.8s 
   [****------] 40% | ET: 146.1s 
   [*****-----] 50% | ET: 196.3s 
   [******----] 60% | ET: 242s 
   [*******---] 70% | ET: 298s 
   [********--] 80% | ET: 356s 
   [*********-] 90% | ET: 415.7s 
   [**********] 100% | ET: 456.1s 

--- IF for proposed nonparametric estimator computed --- ET: 741.7 seconds
--- Estimator computed: mu --- ET: 1 seconds --- 
--- Estimator computed: mu_1 --- ET: 0.6 seconds --- 
--- Estimator computed: mu_0 --- ET: 0.7 seconds --- 
--- Estimator computed: de --- ET: 0.6 seconds --- 
--- Estimator computed: oe --- ET: 1 seconds --- 
--- Estimator computed: se_1 --- ET: 0.7 seconds --- 
--- Estimator computed: se_0 --- ET: 0.7 seconds --- 
--- Total run time: 750 seconds --- 
--- Total run time: 765.4 seconds --- ###################################################
### Job finished at Thu Jun  5 07:14:25 EDT 2025 ###
###################################################
