##############################################################
### Job started at Thu Jun  5 06:49:28 EDT 2025 with p=TypeB, m=200, r=100, s=41 ###
##############################################################

Attaching package: ‘dplyr’

The following objects are masked from ‘package:stats’:

    filter, lag

The following objects are masked from ‘package:base’:

    intersect, setdiff, setequal, union

Loading required package: foreach
Loading required package: iterators
Loading required package: parallel

 randomForestSRC 3.2.2 
 
 Type rfsrc.news() to see new features, changes, and bug fixes. 
 

[conflicted] Will prefer dplyr::select over any other package.
[conflicted] Will prefer dplyr::filter over any other package.
[conflicted] Will prefer reshape2::melt over any other package.
── Attaching core tidyverse packages ──────────────────────── tidyverse 2.0.0 ──
✔ forcats   1.0.0     ✔ readr     2.1.4
✔ ggplot2   3.5.2     ✔ stringr   1.5.1
✔ lubridate 1.9.3     ✔ tibble    3.2.1
✔ purrr     0.3.5     ✔ tidyr     1.2.1
# A tibble: 42 × 4
   theta   tau estimand   truth
   <dbl> <dbl> <chr>      <dbl>
 1  0.3    0.2 de       -0.285 
 2  0.3    0.2 mu        0.452 
 3  0.3    0.2 mu_0      0.538 
 4  0.3    0.2 mu_1      0.253 
 5  0.3    0.2 oe        0.0809
 6  0.3    0.2 se_0      0.0426
 7  0.3    0.2 se_1      0.0326
 8  0.45   0.2 de       -0.275 
 9  0.45   0.2 mu        0.372 
10  0.45   0.2 mu_0      0.495 
11  0.45   0.2 mu_1      0.220 
12  0.45   0.2 oe        0     
13  0.45   0.2 se_0      0     
14  0.45   0.2 se_1      0     
15  0.6    0.2 de       -0.260 
16  0.6    0.2 mu        0.300 
17  0.6    0.2 mu_0      0.455 
18  0.6    0.2 mu_1      0.196 
19  0.6    0.2 oe       -0.0719
20  0.6    0.2 se_0     -0.0399
21  0.6    0.2 se_1     -0.0245
22  0.3    0.4 de       -0.270 
23  0.3    0.4 mu        0.558 
24  0.3    0.4 mu_0      0.638 
25  0.3    0.4 mu_1      0.369 
26  0.3    0.4 oe        0.0831
27  0.3    0.4 se_0      0.0440
28  0.3    0.4 se_1      0.0410
29  0.45   0.4 de       -0.267 
30  0.45   0.4 mu        0.474 
31  0.45   0.4 mu_0      0.594 
32  0.45   0.4 mu_1      0.328 
33  0.45   0.4 oe        0     
34  0.45   0.4 se_0      0     
35  0.45   0.4 se_1      0     
36  0.6    0.4 de       -0.255 
37  0.6    0.4 mu        0.399 
38  0.6    0.4 mu_0      0.551 
39  0.6    0.4 mu_1      0.297 
40  0.6    0.4 oe       -0.0759
41  0.6    0.4 se_0     -0.0430
42  0.6    0.4 se_1     -0.0311
Loading required package: Matrix

Attaching package: ‘Matrix’

The following objects are masked from ‘package:tidyr’:

    expand, pack, unpack


==========================================================================
===========================   Analysis setting  ==========================
==========================================================================

- taus: 0.1, 0.2, 0.3, 0.4, 0.5 

- policy: TypeB 

- thetas: 0.3, 0.31, 0.32, 0.33, 0.34, 0.35, 0.36, 0.37, 0.38, 0.39, 0.4, 0.41, 0.42, 0.43, 0.44, 0.45, 0.46, 0.47, 0.48, 0.49, 0.5, 0.51, 0.52, 0.53, 0.54, 0.55, 0.56, 0.57, 0.58, 0.59, 0.6 

- r: 100 

- K: 2 

- Nuisance estimation method: T para / C nonpara / A para 

- m: 200 

- N_total: 2459 

- cluster size dist'n: 
 5  6  7  8  9 10 11 12 13 14 15 16 17 18 19 20 
13 12 11 14 15 19  9 14 16  7  8 11 12 16 13 10 

 - observed time summary: 
    Min.  1st Qu.   Median     Mean  3rd Qu.     Max. 
 0.00000  0.01642  0.17665  0.60822  0.71785 12.04432 

 - event indicator table: 
   0    1 
 949 1510 

 - event time summary: 
   Min. 1st Qu.  Median    Mean 3rd Qu.    Max. 
0.00000 0.01103 0.13549 0.54192 0.60032 9.86124 

 - censoring time summary: 
    Min.  1st Qu.   Median     Mean  3rd Qu.     Max. 
 0.00000  0.03354  0.27887  0.71369  0.91220 12.04432 

 - treatment indicator table: 
   0    1 
1303 1156 

==========================================================================
===========================   Estimation start  ==========================
==========================================================================

--- Split:1 ---

   [*---------] 10% | ET: 11.1s 
   [**--------] 20% | ET: 22.8s 
   [***-------] 30% | ET: 33.9s 
   [****------] 40% | ET: 44.1s 
   [*****-----] 50% | ET: 54.9s 
   [******----] 60% | ET: 65.3s 
   [*******---] 70% | ET: 77.1s 
   [********--] 80% | ET: 87.9s 
   [*********-] 90% | ET: 98.4s 
   [**********] 100% | ET: 109.7s 

--- Split:2 ---

   [*---------] 10% | ET: 10.4s 
   [**--------] 20% | ET: 22.3s 
   [***-------] 30% | ET: 35.7s 
   [****------] 40% | ET: 49.8s 
   [*****-----] 50% | ET: 61.3s 
   [******----] 60% | ET: 72.6s 
   [*******---] 70% | ET: 83.9s 
   [********--] 80% | ET: 96.1s 
   [*********-] 90% | ET: 107.8s 
   [**********] 100% | ET: 119.8s 

--- IF for proposed nonparametric estimator computed --- ET: 242 seconds
--- Estimator computed: mu --- ET: 0.6 seconds --- 
--- Estimator computed: mu_1 --- ET: 0.6 seconds --- 
--- Estimator computed: mu_0 --- ET: 0.8 seconds --- 
--- Estimator computed: de --- ET: 0.5 seconds --- 
--- Estimator computed: oe --- ET: 0.5 seconds --- 
--- Estimator computed: se_1 --- ET: 0.5 seconds --- 
--- Estimator computed: se_0 --- ET: 0.7 seconds --- 
--- Total run time: 248.2 seconds --- 
Warning message:
In checkConv(attr(opt, "derivs"), opt$par, ctrl = control$checkConv,  :
  Model failed to converge with max|grad| = 0.00243792 (tol = 0.002, component 1)
--- Total run time: 260.3 seconds --- ###################################################
### Job finished at Thu Jun  5 06:53:49 EDT 2025 ###
###################################################
