##############################################################
### Job started at Thu Jun  5 06:33:17 EDT 2025 with p=TypeB, m=200, r=100, s=41 ###
##############################################################

Attaching package: ‘dplyr’

The following objects are masked from ‘package:stats’:

    filter, lag

The following objects are masked from ‘package:base’:

    intersect, setdiff, setequal, union

Loading required package: foreach
Loading required package: iterators
Loading required package: parallel

 randomForestSRC 3.2.2 
 
 Type rfsrc.news() to see new features, changes, and bug fixes. 
 

[conflicted] Will prefer dplyr::select over any other package.
[conflicted] Will prefer dplyr::filter over any other package.
[conflicted] Will prefer reshape2::melt over any other package.
── Attaching core tidyverse packages ──────────────────────── tidyverse 2.0.0 ──
✔ forcats   1.0.0     ✔ readr     2.1.4
✔ ggplot2   3.5.2     ✔ stringr   1.5.1
✔ lubridate 1.9.3     ✔ tibble    3.2.1
✔ purrr     0.3.5     ✔ tidyr     1.2.1
# A tibble: 42 × 4
   theta   tau estimand   truth
   <dbl> <dbl> <chr>      <dbl>
 1  0.3    0.2 de       -0.294 
 2  0.3    0.2 mu        0.468 
 3  0.3    0.2 mu_0      0.556 
 4  0.3    0.2 mu_1      0.262 
 5  0.3    0.2 oe        0.0824
 6  0.3    0.2 se_0      0.0436
 7  0.3    0.2 se_1      0.0317
 8  0.45   0.2 de       -0.283 
 9  0.45   0.2 mu        0.386 
10  0.45   0.2 mu_0      0.513 
11  0.45   0.2 mu_1      0.230 
12  0.45   0.2 oe        0     
13  0.45   0.2 se_0      0     
14  0.45   0.2 se_1      0     
15  0.6    0.2 de       -0.275 
16  0.6    0.2 mu        0.322 
17  0.6    0.2 mu_0      0.487 
18  0.6    0.2 mu_1      0.212 
19  0.6    0.2 oe       -0.0634
20  0.6    0.2 se_0     -0.0254
21  0.6    0.2 se_1     -0.0181
22  0.3    0.4 de       -0.278 
23  0.3    0.4 mu        0.575 
24  0.3    0.4 mu_0      0.658 
25  0.3    0.4 mu_1      0.380 
26  0.3    0.4 oe        0.0837
27  0.3    0.4 se_0      0.0449
28  0.3    0.4 se_1      0.0387
29  0.45   0.4 de       -0.272 
30  0.45   0.4 mu        0.491 
31  0.45   0.4 mu_0      0.613 
32  0.45   0.4 mu_1      0.342 
33  0.45   0.4 oe        0     
34  0.45   0.4 se_0      0     
35  0.45   0.4 se_1      0     
36  0.6    0.4 de       -0.267 
37  0.6    0.4 mu        0.427 
38  0.6    0.4 mu_0      0.587 
39  0.6    0.4 mu_1      0.320 
40  0.6    0.4 oe       -0.0642
41  0.6    0.4 se_0     -0.0262
42  0.6    0.4 se_1     -0.0217
Loading required package: Matrix

Attaching package: ‘Matrix’

The following objects are masked from ‘package:tidyr’:

    expand, pack, unpack


==========================================================================
===========================   Analysis setting  ==========================
==========================================================================

- taus: 0.1, 0.2, 0.3, 0.4, 0.5 

- policy: TypeB 

- thetas: 0.3, 0.31, 0.32, 0.33, 0.34, 0.35, 0.36, 0.37, 0.38, 0.39, 0.4, 0.41, 0.42, 0.43, 0.44, 0.45, 0.46, 0.47, 0.48, 0.49, 0.5, 0.51, 0.52, 0.53, 0.54, 0.55, 0.56, 0.57, 0.58, 0.59, 0.6 

- r: 100 

- K: 2 

- Nuisance estimation method: T para / C nonpara / A para 

- m: 200 

- N_total: 2478 

- cluster size dist'n: 
 5  6  7  8  9 10 11 12 13 14 15 16 17 18 19 20 
13 10  7 12 11 16 18 14 15 18 18 12 10  4  8 14 

 - observed time summary: 
    Min.  1st Qu.   Median     Mean  3rd Qu.     Max. 
 0.00000  0.01892  0.19312  0.60725  0.74681 14.30435 

 - event indicator table: 
   0    1 
1038 1440 

 - event time summary: 
    Min.  1st Qu.   Median     Mean  3rd Qu.     Max. 
 0.00000  0.01243  0.15109  0.54946  0.64697 14.30435 

 - censoring time summary: 
   Min. 1st Qu.  Median    Mean 3rd Qu.    Max. 
0.00000 0.03479 0.25900 0.68741 0.93579 7.70561 

 - treatment indicator table: 
   0    1 
1330 1148 

==========================================================================
===========================   Estimation start  ==========================
==========================================================================

--- Split:1 ---

   [*---------] 10% | ET: 10.4s 
   [**--------] 20% | ET: 20.3s 
   [***-------] 30% | ET: 29.9s 
   [****------] 40% | ET: 39.4s 
   [*****-----] 50% | ET: 49.3s 
   [******----] 60% | ET: 59.3s 
   [*******---] 70% | ET: 70.8s 
   [********--] 80% | ET: 80.5s 
   [*********-] 90% | ET: 90s 
   [**********] 100% | ET: 100.6s 

--- Split:2 ---

   [*---------] 10% | ET: 12.6s 
   [**--------] 20% | ET: 25.7s 
   [***-------] 30% | ET: 40.4s 
   [****------] 40% | ET: 55.5s 
   [*****-----] 50% | ET: 68.7s 
   [******----] 60% | ET: 82.4s 
   [*******---] 70% | ET: 95.8s 
   [********--] 80% | ET: 109.5s 
   [*********-] 90% | ET: 124s 
   [**********] 100% | ET: 135.5s 

--- IF for proposed nonparametric estimator computed --- ET: 248.7 seconds
--- Estimator computed: mu --- ET: 0.6 seconds --- 
--- Estimator computed: mu_1 --- ET: 0.6 seconds --- 
--- Estimator computed: mu_0 --- ET: 0.6 seconds --- 
--- Estimator computed: de --- ET: 0.7 seconds --- 
--- Estimator computed: oe --- ET: 0.5 seconds --- 
--- Estimator computed: se_1 --- ET: 0.6 seconds --- 
--- Estimator computed: se_0 --- ET: 0.5 seconds --- 
--- Total run time: 255 seconds --- 
--- Total run time: 266.2 seconds --- ###################################################
### Job finished at Thu Jun  5 06:37:44 EDT 2025 ###
###################################################
