##############################################################
### Job started at Thu Jun  5 07:09:20 EDT 2025 with p=TypeB, m=200, r=100, s=41 ###
##############################################################

Attaching package: ‘dplyr’

The following objects are masked from ‘package:stats’:

    filter, lag

The following objects are masked from ‘package:base’:

    intersect, setdiff, setequal, union

Loading required package: foreach
Loading required package: iterators
Loading required package: parallel

 randomForestSRC 3.2.2 
 
 Type rfsrc.news() to see new features, changes, and bug fixes. 
 

[conflicted] Will prefer dplyr::select over any other package.
[conflicted] Will prefer dplyr::filter over any other package.
[conflicted] Will prefer reshape2::melt over any other package.
── Attaching core tidyverse packages ──────────────────────── tidyverse 2.0.0 ──
✔ forcats   1.0.0     ✔ readr     2.1.4
✔ ggplot2   3.5.2     ✔ stringr   1.5.1
✔ lubridate 1.9.3     ✔ tibble    3.2.1
✔ purrr     0.3.5     ✔ tidyr     1.2.1
# A tibble: 42 × 4
   theta   tau estimand   truth
   <dbl> <dbl> <chr>      <dbl>
 1  0.3    0.2 de       -0.282 
 2  0.3    0.2 mu        0.441 
 3  0.3    0.2 mu_0      0.526 
 4  0.3    0.2 mu_1      0.244 
 5  0.3    0.2 oe        0.0747
 6  0.3    0.2 se_0      0.0386
 7  0.3    0.2 se_1      0.0247
 8  0.45   0.2 de       -0.268 
 9  0.45   0.2 mu        0.366 
10  0.45   0.2 mu_0      0.487 
11  0.45   0.2 mu_1      0.219 
12  0.45   0.2 oe        0     
13  0.45   0.2 se_0      0     
14  0.45   0.2 se_1      0     
15  0.6    0.2 de       -0.263 
16  0.6    0.2 mu        0.305 
17  0.6    0.2 mu_0      0.463 
18  0.6    0.2 mu_1      0.200 
19  0.6    0.2 oe       -0.0610
20  0.6    0.2 se_0     -0.0238
21  0.6    0.2 se_1     -0.0187
22  0.3    0.4 de       -0.266 
23  0.3    0.4 mu        0.540 
24  0.3    0.4 mu_0      0.620 
25  0.3    0.4 mu_1      0.354 
26  0.3    0.4 oe        0.0741
27  0.3    0.4 se_0      0.0383
28  0.3    0.4 se_1      0.0291
29  0.45   0.4 de       -0.257 
30  0.45   0.4 mu        0.466 
31  0.45   0.4 mu_0      0.582 
32  0.45   0.4 mu_1      0.325 
33  0.45   0.4 oe        0     
34  0.45   0.4 se_0      0     
35  0.45   0.4 se_1      0     
36  0.6    0.4 de       -0.255 
37  0.6    0.4 mu        0.404 
38  0.6    0.4 mu_0      0.558 
39  0.6    0.4 mu_1      0.302 
40  0.6    0.4 oe       -0.0619
41  0.6    0.4 se_0     -0.0243
42  0.6    0.4 se_1     -0.0228
Loading required package: Matrix

Attaching package: ‘Matrix’

The following objects are masked from ‘package:tidyr’:

    expand, pack, unpack


==========================================================================
===========================   Analysis setting  ==========================
==========================================================================

- taus: 0.1, 0.2, 0.3, 0.4, 0.5 

- policy: TypeB 

- thetas: 0.3, 0.31, 0.32, 0.33, 0.34, 0.35, 0.36, 0.37, 0.38, 0.39, 0.4, 0.41, 0.42, 0.43, 0.44, 0.45, 0.46, 0.47, 0.48, 0.49, 0.5, 0.51, 0.52, 0.53, 0.54, 0.55, 0.56, 0.57, 0.58, 0.59, 0.6 

- r: 100 

- K: 2 

- Nuisance estimation method: T para / C nonpara / A para 

- m: 200 

- N_total: 2617 

- cluster size dist'n: 
 5  6  7  8  9 10 11 12 13 14 15 16 17 18 19 20 
12 12  9 13  7 11 15 11 11 10 18 11  9 16 22 13 

 - observed time summary: 
    Min.  1st Qu.   Median     Mean  3rd Qu.     Max. 
 0.00000  0.02394  0.21263  0.63113  0.78984 20.43906 

 - event indicator table: 
   0    1 
1047 1570 

 - event time summary: 
    Min.  1st Qu.   Median     Mean  3rd Qu.     Max. 
 0.00000  0.01419  0.17061  0.57133  0.66066 20.43906 

 - censoring time summary: 
   Min. 1st Qu.  Median    Mean 3rd Qu.    Max. 
0.00000 0.04724 0.29648 0.72081 0.94670 7.57486 

 - treatment indicator table: 
   0    1 
1368 1249 

==========================================================================
===========================   Estimation start  ==========================
==========================================================================

--- Split:1 ---

   [*---------] 10% | ET: 13.9s 
   [**--------] 20% | ET: 28.8s 
   [***-------] 30% | ET: 46.4s 
   [****------] 40% | ET: 61.4s 
   [*****-----] 50% | ET: 72.6s 
   [******----] 60% | ET: 83.1s 
   [*******---] 70% | ET: 99.2s 
   [********--] 80% | ET: 111.7s 
   [*********-] 90% | ET: 125.6s 
   [**********] 100% | ET: 137.7s 

--- Split:2 ---

   [*---------] 10% | ET: 15.9s 
   [**--------] 20% | ET: 33.2s 
   [***-------] 30% | ET: 51.9s 
   [****------] 40% | ET: 67.4s 
   [*****-----] 50% | ET: 83.9s 
   [******----] 60% | ET: 99.8s 
   [*******---] 70% | ET: 116.4s 
   [********--] 80% | ET: 132.5s 
   [*********-] 90% | ET: 146.7s 
   [**********] 100% | ET: 159.4s 

--- IF for proposed nonparametric estimator computed --- ET: 311.4 seconds
--- Estimator computed: mu --- ET: 0.6 seconds --- 
--- Estimator computed: mu_1 --- ET: 0.5 seconds --- 
--- Estimator computed: mu_0 --- ET: 0.6 seconds --- 
--- Estimator computed: de --- ET: 0.6 seconds --- 
--- Estimator computed: oe --- ET: 0.5 seconds --- 
--- Estimator computed: se_1 --- ET: 0.6 seconds --- 
--- Estimator computed: se_0 --- ET: 0.6 seconds --- 
--- Total run time: 317.5 seconds --- 
--- Total run time: 328.6 seconds --- ###################################################
### Job finished at Thu Jun  5 07:14:49 EDT 2025 ###
###################################################
