##############################################################
### Job started at Thu Jun  5 06:32:37 EDT 2025 with p=TypeB, m=200, r=100, s=41 ###
##############################################################

Attaching package: ‘dplyr’

The following objects are masked from ‘package:stats’:

    filter, lag

The following objects are masked from ‘package:base’:

    intersect, setdiff, setequal, union

Loading required package: foreach
Loading required package: iterators
Loading required package: parallel

 randomForestSRC 3.2.2 
 
 Type rfsrc.news() to see new features, changes, and bug fixes. 
 

[conflicted] Will prefer dplyr::select over any other package.
[conflicted] Will prefer dplyr::filter over any other package.
[conflicted] Will prefer reshape2::melt over any other package.
── Attaching core tidyverse packages ──────────────────────── tidyverse 2.0.0 ──
✔ forcats   1.0.0     ✔ readr     2.1.4
✔ ggplot2   3.5.2     ✔ stringr   1.5.1
✔ lubridate 1.9.3     ✔ tibble    3.2.1
✔ purrr     0.3.5     ✔ tidyr     1.2.1
# A tibble: 42 × 4
   theta   tau estimand   truth
   <dbl> <dbl> <chr>      <dbl>
 1  0.3    0.2 de       -0.286 
 2  0.3    0.2 mu        0.442 
 3  0.3    0.2 mu_0      0.528 
 4  0.3    0.2 mu_1      0.241 
 5  0.3    0.2 oe        0.0817
 6  0.3    0.2 se_0      0.0475
 7  0.3    0.2 se_1      0.0282
 8  0.45   0.2 de       -0.267 
 9  0.45   0.2 mu        0.360 
10  0.45   0.2 mu_0      0.480 
11  0.45   0.2 mu_1      0.213 
12  0.45   0.2 oe        0     
13  0.45   0.2 se_0      0     
14  0.45   0.2 se_1      0     
15  0.6    0.2 de       -0.256 
16  0.6    0.2 mu        0.297 
17  0.6    0.2 mu_0      0.451 
18  0.6    0.2 mu_1      0.195 
19  0.6    0.2 oe       -0.0629
20  0.6    0.2 se_0     -0.0296
21  0.6    0.2 se_1     -0.0184
22  0.3    0.4 de       -0.274 
23  0.3    0.4 mu        0.546 
24  0.3    0.4 mu_0      0.628 
25  0.3    0.4 mu_1      0.354 
26  0.3    0.4 oe        0.0831
27  0.3    0.4 se_0      0.0484
28  0.3    0.4 se_1      0.0343
29  0.45   0.4 de       -0.260 
30  0.45   0.4 mu        0.463 
31  0.45   0.4 mu_0      0.580 
32  0.45   0.4 mu_1      0.320 
33  0.45   0.4 oe        0     
34  0.45   0.4 se_0      0     
35  0.45   0.4 se_1      0     
36  0.6    0.4 de       -0.252 
37  0.6    0.4 mu        0.398 
38  0.6    0.4 mu_0      0.549 
39  0.6    0.4 mu_1      0.297 
40  0.6    0.4 oe       -0.0646
41  0.6    0.4 se_0     -0.0304
42  0.6    0.4 se_1     -0.0224
Loading required package: Matrix

Attaching package: ‘Matrix’

The following objects are masked from ‘package:tidyr’:

    expand, pack, unpack


==========================================================================
===========================   Analysis setting  ==========================
==========================================================================

- taus: 0.1, 0.2, 0.3, 0.4, 0.5 

- policy: TypeB 

- thetas: 0.3, 0.31, 0.32, 0.33, 0.34, 0.35, 0.36, 0.37, 0.38, 0.39, 0.4, 0.41, 0.42, 0.43, 0.44, 0.45, 0.46, 0.47, 0.48, 0.49, 0.5, 0.51, 0.52, 0.53, 0.54, 0.55, 0.56, 0.57, 0.58, 0.59, 0.6 

- r: 100 

- K: 2 

- Nuisance estimation method: T para / C nonpara / A para 

- m: 200 

- N_total: 2530 

- cluster size dist'n: 
 5  6  7  8  9 10 11 12 13 14 15 16 17 18 19 20 
17  9 10 16 10 12 12 10 14 10 11 11 16 14 16 12 

 - observed time summary: 
    Min.  1st Qu.   Median     Mean  3rd Qu.     Max. 
 0.00000  0.01949  0.20118  0.59598  0.75519 10.42298 

 - event indicator table: 
   0    1 
 982 1548 

 - event time summary: 
    Min.  1st Qu.   Median     Mean  3rd Qu.     Max. 
 0.00000  0.01105  0.14862  0.54519  0.69304 10.42298 

 - censoring time summary: 
   Min. 1st Qu.  Median    Mean 3rd Qu.    Max. 
0.00000 0.04519 0.28638 0.67604 0.89438 7.28558 

 - treatment indicator table: 
   0    1 
1374 1156 

==========================================================================
===========================   Estimation start  ==========================
==========================================================================

--- Split:1 ---

   [*---------] 10% | ET: 15.8s 
   [**--------] 20% | ET: 27.6s 
   [***-------] 30% | ET: 39.9s 
   [****------] 40% | ET: 54s 
   [*****-----] 50% | ET: 69.3s 
   [******----] 60% | ET: 82.5s 
   [*******---] 70% | ET: 103s 
   [********--] 80% | ET: 122.4s 
   [*********-] 90% | ET: 134.9s 
   [**********] 100% | ET: 151.8s 

--- Split:2 ---

   [*---------] 10% | ET: 28.9s 
   [**--------] 20% | ET: 52s 
   [***-------] 30% | ET: 82.6s 
   [****------] 40% | ET: 115.4s 
   [*****-----] 50% | ET: 148.8s 
   [******----] 60% | ET: 181.1s 
   [*******---] 70% | ET: 213.5s 
   [********--] 80% | ET: 237.4s 
   [*********-] 90% | ET: 264.7s 
   [**********] 100% | ET: 294.9s 

--- IF for proposed nonparametric estimator computed --- ET: 464.8 seconds
--- Estimator computed: mu --- ET: 0.6 seconds --- 
--- Estimator computed: mu_1 --- ET: 0.5 seconds --- 
--- Estimator computed: mu_0 --- ET: 0.5 seconds --- 
--- Estimator computed: de --- ET: 0.6 seconds --- 
--- Estimator computed: oe --- ET: 0.6 seconds --- 
--- Estimator computed: se_1 --- ET: 0.8 seconds --- 
--- Estimator computed: se_0 --- ET: 0.5 seconds --- 
--- Total run time: 472 seconds --- 
Warning message:
In checkConv(attr(opt, "derivs"), opt$par, ctrl = control$checkConv,  :
  Model failed to converge with max|grad| = 0.00221225 (tol = 0.002, component 1)
--- Total run time: 484 seconds --- ###################################################
### Job finished at Thu Jun  5 06:40:42 EDT 2025 ###
###################################################
