##############################################################
### Job started at Thu Jun  5 06:30:15 EDT 2025 with p=TypeB, m=200, r=100, s=41 ###
##############################################################

Attaching package: ‘dplyr’

The following objects are masked from ‘package:stats’:

    filter, lag

The following objects are masked from ‘package:base’:

    intersect, setdiff, setequal, union

Loading required package: foreach
Loading required package: iterators
Loading required package: parallel

 randomForestSRC 3.2.2 
 
 Type rfsrc.news() to see new features, changes, and bug fixes. 
 

[conflicted] Will prefer dplyr::select over any other package.
[conflicted] Will prefer dplyr::filter over any other package.
[conflicted] Will prefer reshape2::melt over any other package.
── Attaching core tidyverse packages ──────────────────────── tidyverse 2.0.0 ──
✔ forcats   1.0.0     ✔ readr     2.1.4
✔ ggplot2   3.5.2     ✔ stringr   1.5.1
✔ lubridate 1.9.3     ✔ tibble    3.2.1
✔ purrr     0.3.5     ✔ tidyr     1.2.1
# A tibble: 42 × 4
   theta   tau estimand   truth
   <dbl> <dbl> <chr>      <dbl>
 1  0.3    0.2 de       -0.282 
 2  0.3    0.2 mu        0.440 
 3  0.3    0.2 mu_0      0.525 
 4  0.3    0.2 mu_1      0.243 
 5  0.3    0.2 oe        0.0770
 6  0.3    0.2 se_0      0.0388
 7  0.3    0.2 se_1      0.0298
 8  0.45   0.2 de       -0.273 
 9  0.45   0.2 mu        0.363 
10  0.45   0.2 mu_0      0.486 
11  0.45   0.2 mu_1      0.213 
12  0.45   0.2 oe        0     
13  0.45   0.2 se_0      0     
14  0.45   0.2 se_1      0     
15  0.6    0.2 de       -0.261 
16  0.6    0.2 mu        0.294 
17  0.6    0.2 mu_0      0.451 
18  0.6    0.2 mu_1      0.189 
19  0.6    0.2 oe       -0.0694
20  0.6    0.2 se_0     -0.0353
21  0.6    0.2 se_1     -0.0240
22  0.3    0.4 de       -0.268 
23  0.3    0.4 mu        0.545 
24  0.3    0.4 mu_0      0.626 
25  0.3    0.4 mu_1      0.358 
26  0.3    0.4 oe        0.0786
27  0.3    0.4 se_0      0.0390
28  0.3    0.4 se_1      0.0375
29  0.45   0.4 de       -0.267 
30  0.45   0.4 mu        0.467 
31  0.45   0.4 mu_0      0.587 
32  0.45   0.4 mu_1      0.320 
33  0.45   0.4 oe        0     
34  0.45   0.4 se_0      0     
35  0.45   0.4 se_1      0     
36  0.6    0.4 de       -0.259 
37  0.6    0.4 mu        0.392 
38  0.6    0.4 mu_0      0.548 
39  0.6    0.4 mu_1      0.289 
40  0.6    0.4 oe       -0.0742
41  0.6    0.4 se_0     -0.0388
42  0.6    0.4 se_1     -0.0312
Loading required package: Matrix

Attaching package: ‘Matrix’

The following objects are masked from ‘package:tidyr’:

    expand, pack, unpack


==========================================================================
===========================   Analysis setting  ==========================
==========================================================================

- taus: 0.1, 0.2, 0.3, 0.4, 0.5 

- policy: TypeB 

- thetas: 0.3, 0.31, 0.32, 0.33, 0.34, 0.35, 0.36, 0.37, 0.38, 0.39, 0.4, 0.41, 0.42, 0.43, 0.44, 0.45, 0.46, 0.47, 0.48, 0.49, 0.5, 0.51, 0.52, 0.53, 0.54, 0.55, 0.56, 0.57, 0.58, 0.59, 0.6 

- r: 100 

- K: 2 

- Nuisance estimation method: T para / C nonpara / A para 

- m: 200 

- N_total: 2594 

- cluster size dist'n: 
 5  6  7  8  9 10 11 12 13 14 15 16 17 18 19 20 
12 11  7 12 14  7 10 14 14 19 14 13 11 15 14 13 

 - observed time summary: 
    Min.  1st Qu.   Median     Mean  3rd Qu.     Max. 
 0.00000  0.02154  0.23451  0.64010  0.83447 10.04690 

 - event indicator table: 
   0    1 
1053 1541 

 - event time summary: 
   Min. 1st Qu.  Median    Mean 3rd Qu.    Max. 
0.00000 0.01187 0.17778 0.59401 0.79081 7.98355 

 - censoring time summary: 
    Min.  1st Qu.   Median     Mean  3rd Qu.     Max. 
 0.00000  0.04833  0.32243  0.70757  0.90913 10.04690 

 - treatment indicator table: 
   0    1 
1356 1238 

==========================================================================
===========================   Estimation start  ==========================
==========================================================================

--- Split:1 ---

   [*---------] 10% | ET: 14.4s 
   [**--------] 20% | ET: 28.1s 
   [***-------] 30% | ET: 42.6s 
   [****------] 40% | ET: 58s 
   [*****-----] 50% | ET: 72.2s 
   [******----] 60% | ET: 88.1s 
   [*******---] 70% | ET: 103s 
   [********--] 80% | ET: 118.7s 
   [*********-] 90% | ET: 133.8s 
   [**********] 100% | ET: 149.3s 

--- Split:2 ---

   [*---------] 10% | ET: 13.7s 
   [**--------] 20% | ET: 29.9s 
   [***-------] 30% | ET: 46.3s 
   [****------] 40% | ET: 63.4s 
   [*****-----] 50% | ET: 79.7s 
   [******----] 60% | ET: 95.5s 
   [*******---] 70% | ET: 111.7s 
   [********--] 80% | ET: 127.7s 
   [*********-] 90% | ET: 144.2s 
   [**********] 100% | ET: 159.5s 

--- IF for proposed nonparametric estimator computed --- ET: 327.2 seconds
--- Estimator computed: mu --- ET: 0.9 seconds --- 
--- Estimator computed: mu_1 --- ET: 0.9 seconds --- 
--- Estimator computed: mu_0 --- ET: 0.9 seconds --- 
--- Estimator computed: de --- ET: 0.9 seconds --- 
--- Estimator computed: oe --- ET: 0.9 seconds --- 
--- Estimator computed: se_1 --- ET: 0.9 seconds --- 
--- Estimator computed: se_0 --- ET: 0.9 seconds --- 
--- Total run time: 336.1 seconds --- 
--- Total run time: 356.8 seconds --- ###################################################
### Job finished at Thu Jun  5 06:36:12 EDT 2025 ###
###################################################
