##############################################################
### Job started at Thu Jun  5 06:57:43 EDT 2025 with p=TypeB, m=200, r=100, s=41 ###
##############################################################

Attaching package: ‘dplyr’

The following objects are masked from ‘package:stats’:

    filter, lag

The following objects are masked from ‘package:base’:

    intersect, setdiff, setequal, union

Loading required package: foreach
Loading required package: iterators
Loading required package: parallel

 randomForestSRC 3.2.2 
 
 Type rfsrc.news() to see new features, changes, and bug fixes. 
 

[conflicted] Will prefer dplyr::select over any other package.
[conflicted] Will prefer dplyr::filter over any other package.
[conflicted] Will prefer reshape2::melt over any other package.
── Attaching core tidyverse packages ──────────────────────── tidyverse 2.0.0 ──
✔ forcats   1.0.0     ✔ readr     2.1.4
✔ ggplot2   3.5.2     ✔ stringr   1.5.1
✔ lubridate 1.9.3     ✔ tibble    3.2.1
✔ purrr     0.3.5     ✔ tidyr     1.2.1
# A tibble: 42 × 4
   theta   tau estimand   truth
   <dbl> <dbl> <chr>      <dbl>
 1  0.3    0.2 de       -0.296 
 2  0.3    0.2 mu        0.463 
 3  0.3    0.2 mu_0      0.552 
 4  0.3    0.2 mu_1      0.256 
 5  0.3    0.2 oe        0.0804
 6  0.3    0.2 se_0      0.0429
 7  0.3    0.2 se_1      0.0277
 8  0.45   0.2 de       -0.281 
 9  0.45   0.2 mu        0.382 
10  0.45   0.2 mu_0      0.509 
11  0.45   0.2 mu_1      0.228 
12  0.45   0.2 oe        0     
13  0.45   0.2 se_0      0     
14  0.45   0.2 se_1      0     
15  0.6    0.2 de       -0.273 
16  0.6    0.2 mu        0.317 
17  0.6    0.2 mu_0      0.481 
18  0.6    0.2 mu_1      0.208 
19  0.6    0.2 oe       -0.0655
20  0.6    0.2 se_0     -0.0278
21  0.6    0.2 se_1     -0.0204
22  0.3    0.4 de       -0.280 
23  0.3    0.4 mu        0.568 
24  0.3    0.4 mu_0      0.652 
25  0.3    0.4 mu_1      0.372 
26  0.3    0.4 oe        0.0814
27  0.3    0.4 se_0      0.0440
28  0.3    0.4 se_1      0.0338
29  0.45   0.4 de       -0.270 
30  0.45   0.4 mu        0.487 
31  0.45   0.4 mu_0      0.608 
32  0.45   0.4 mu_1      0.339 
33  0.45   0.4 oe        0     
34  0.45   0.4 se_0      0     
35  0.45   0.4 se_1      0     
36  0.6    0.4 de       -0.266 
37  0.6    0.4 mu        0.420 
38  0.6    0.4 mu_0      0.579 
39  0.6    0.4 mu_1      0.314 
40  0.6    0.4 oe       -0.0671
41  0.6    0.4 se_0     -0.0290
42  0.6    0.4 se_1     -0.0251
Loading required package: Matrix

Attaching package: ‘Matrix’

The following objects are masked from ‘package:tidyr’:

    expand, pack, unpack


==========================================================================
===========================   Analysis setting  ==========================
==========================================================================

- taus: 0.1, 0.2, 0.3, 0.4, 0.5 

- policy: TypeB 

- thetas: 0.3, 0.31, 0.32, 0.33, 0.34, 0.35, 0.36, 0.37, 0.38, 0.39, 0.4, 0.41, 0.42, 0.43, 0.44, 0.45, 0.46, 0.47, 0.48, 0.49, 0.5, 0.51, 0.52, 0.53, 0.54, 0.55, 0.56, 0.57, 0.58, 0.59, 0.6 

- r: 100 

- K: 2 

- Nuisance estimation method: T para / C nonpara / A para 

- m: 200 

- N_total: 2447 

- cluster size dist'n: 
 5  6  7  8  9 10 11 12 13 14 15 16 17 18 19 20 
14 14 13  9 11 13 17 12 13 13 14 18 11  9  8 11 

 - observed time summary: 
   Min. 1st Qu.  Median    Mean 3rd Qu.    Max. 
0.00000 0.01773 0.17802 0.60011 0.75224 9.63695 

 - event indicator table: 
   0    1 
 968 1479 

 - event time summary: 
   Min. 1st Qu.  Median    Mean 3rd Qu.    Max. 
0.00000 0.01109 0.14519 0.54039 0.62270 9.63695 

 - censoring time summary: 
   Min. 1st Qu.  Median    Mean 3rd Qu.    Max. 
0.00000 0.02881 0.22965 0.69134 0.93450 8.55353 

 - treatment indicator table: 
   0    1 
1306 1141 

==========================================================================
===========================   Estimation start  ==========================
==========================================================================

--- Split:1 ---

   [*---------] 10% | ET: 10.2s 
   [**--------] 20% | ET: 19.7s 
   [***-------] 30% | ET: 28.6s 
   [****------] 40% | ET: 38s 
   [*****-----] 50% | ET: 47.3s 
   [******----] 60% | ET: 56s 
   [*******---] 70% | ET: 65.3s 
   [********--] 80% | ET: 75.8s 
   [*********-] 90% | ET: 87.2s 
   [**********] 100% | ET: 96.4s 

--- Split:2 ---

   [*---------] 10% | ET: 9.9s 
   [**--------] 20% | ET: 18.6s 
   [***-------] 30% | ET: 28.7s 
   [****------] 40% | ET: 40s 
   [*****-----] 50% | ET: 51.2s 
   [******----] 60% | ET: 61.7s 
   [*******---] 70% | ET: 72.6s 
   [********--] 80% | ET: 83.2s 
   [*********-] 90% | ET: 94.7s 
   [**********] 100% | ET: 105.4s 

--- IF for proposed nonparametric estimator computed --- ET: 214.4 seconds
--- Estimator computed: mu --- ET: 0.6 seconds --- 
--- Estimator computed: mu_1 --- ET: 0.6 seconds --- 
--- Estimator computed: mu_0 --- ET: 0.8 seconds --- 
--- Estimator computed: de --- ET: 0.5 seconds --- 
--- Estimator computed: oe --- ET: 0.5 seconds --- 
--- Estimator computed: se_1 --- ET: 0.5 seconds --- 
--- Estimator computed: se_0 --- ET: 0.5 seconds --- 
--- Total run time: 220.5 seconds --- 
--- Total run time: 232.4 seconds --- ###################################################
### Job finished at Thu Jun  5 07:01:36 EDT 2025 ###
###################################################
