##############################################################
### Job started at Thu Jun  5 06:33:58 EDT 2025 with p=TypeB, m=200, r=100, s=41 ###
##############################################################

Attaching package: ‘dplyr’

The following objects are masked from ‘package:stats’:

    filter, lag

The following objects are masked from ‘package:base’:

    intersect, setdiff, setequal, union

Loading required package: foreach
Loading required package: iterators
Loading required package: parallel

 randomForestSRC 3.2.2 
 
 Type rfsrc.news() to see new features, changes, and bug fixes. 
 

[conflicted] Will prefer dplyr::select over any other package.
[conflicted] Will prefer dplyr::filter over any other package.
[conflicted] Will prefer reshape2::melt over any other package.
── Attaching core tidyverse packages ──────────────────────── tidyverse 2.0.0 ──
✔ forcats   1.0.0     ✔ readr     2.1.4
✔ ggplot2   3.5.2     ✔ stringr   1.5.1
✔ lubridate 1.9.3     ✔ tibble    3.2.1
✔ purrr     0.3.5     ✔ tidyr     1.2.1
# A tibble: 42 × 4
   theta   tau estimand    truth
   <dbl> <dbl> <chr>       <dbl>
 1  0.3    0.2 de       -0.286  
 2  0.3    0.2 mu        0.452  
 3  0.3    0.2 mu_0      0.537  
 4  0.3    0.2 mu_1      0.251  
 5  0.3    0.2 oe        0.0660 
 6  0.3    0.2 se_0      0.0280 
 7  0.3    0.2 se_1      0.0172 
 8  0.45   0.2 de       -0.275  
 9  0.45   0.2 mu        0.386  
10  0.45   0.2 mu_0      0.509  
11  0.45   0.2 mu_1      0.234  
12  0.45   0.2 oe        0      
13  0.45   0.2 se_0      0      
14  0.45   0.2 se_1      0      
15  0.6    0.2 de       -0.280  
16  0.6    0.2 mu        0.331  
17  0.6    0.2 mu_0      0.499  
18  0.6    0.2 mu_1      0.219  
19  0.6    0.2 oe       -0.0546 
20  0.6    0.2 se_0     -0.0106 
21  0.6    0.2 se_1     -0.0151 
22  0.3    0.4 de       -0.268  
23  0.3    0.4 mu        0.554  
24  0.3    0.4 mu_0      0.634  
25  0.3    0.4 mu_1      0.366  
26  0.3    0.4 oe        0.0622 
27  0.3    0.4 se_0      0.0253 
28  0.3    0.4 se_1      0.0179 
29  0.45   0.4 de       -0.261  
30  0.45   0.4 mu        0.491  
31  0.45   0.4 mu_0      0.609  
32  0.45   0.4 mu_1      0.348  
33  0.45   0.4 oe        0      
34  0.45   0.4 se_0      0      
35  0.45   0.4 se_1      0      
36  0.6    0.4 de       -0.271  
37  0.6    0.4 mu        0.439  
38  0.6    0.4 mu_0      0.602  
39  0.6    0.4 mu_1      0.331  
40  0.6    0.4 oe       -0.0519 
41  0.6    0.4 se_0     -0.00686
42  0.6    0.4 se_1     -0.0167 
Loading required package: Matrix

Attaching package: ‘Matrix’

The following objects are masked from ‘package:tidyr’:

    expand, pack, unpack


==========================================================================
===========================   Analysis setting  ==========================
==========================================================================

- taus: 0.1, 0.2, 0.3, 0.4, 0.5 

- policy: TypeB 

- thetas: 0.3, 0.31, 0.32, 0.33, 0.34, 0.35, 0.36, 0.37, 0.38, 0.39, 0.4, 0.41, 0.42, 0.43, 0.44, 0.45, 0.46, 0.47, 0.48, 0.49, 0.5, 0.51, 0.52, 0.53, 0.54, 0.55, 0.56, 0.57, 0.58, 0.59, 0.6 

- r: 100 

- K: 2 

- Nuisance estimation method: T para / C nonpara / A para 

- m: 200 

- N_total: 2505 

- cluster size dist'n: 
 5  6  7  8  9 10 11 12 13 14 15 16 17 18 19 20 
16  6 15  7 14 14 16 14 15 13  8  8 17 13 10 14 

 - observed time summary: 
   Min. 1st Qu.  Median    Mean 3rd Qu.    Max. 
0.00000 0.02124 0.19462 0.60457 0.74571 9.80355 

 - event indicator table: 
   0    1 
1033 1472 

 - event time summary: 
   Min. 1st Qu.  Median    Mean 3rd Qu.    Max. 
0.00000 0.01208 0.15063 0.54998 0.68357 9.80355 

 - censoring time summary: 
   Min. 1st Qu.  Median    Mean 3rd Qu.    Max. 
0.00000 0.04095 0.26465 0.68236 0.83744 7.92245 

 - treatment indicator table: 
   0    1 
1304 1201 

==========================================================================
===========================   Estimation start  ==========================
==========================================================================

--- Split:1 ---

   [*---------] 10% | ET: 17.3s 
   [**--------] 20% | ET: 35.8s 
   [***-------] 30% | ET: 51.8s 
   [****------] 40% | ET: 67.2s 
   [*****-----] 50% | ET: 82s 
   [******----] 60% | ET: 94.9s 
   [*******---] 70% | ET: 110.3s 
   [********--] 80% | ET: 125s 
   [*********-] 90% | ET: 141.7s 
   [**********] 100% | ET: 161.9s 

--- Split:2 ---

   [*---------] 10% | ET: 19.6s 
   [**--------] 20% | ET: 37.2s 
   [***-------] 30% | ET: 57.5s 
   [****------] 40% | ET: 77s 
   [*****-----] 50% | ET: 93.1s 
   [******----] 60% | ET: 108.3s 
   [*******---] 70% | ET: 123.8s 
   [********--] 80% | ET: 140.3s 
   [*********-] 90% | ET: 158.2s 
   [**********] 100% | ET: 178.7s 

--- IF for proposed nonparametric estimator computed --- ET: 355.8 seconds
--- Estimator computed: mu --- ET: 0.6 seconds --- 
--- Estimator computed: mu_1 --- ET: 0.7 seconds --- 
--- Estimator computed: mu_0 --- ET: 0.8 seconds --- 
--- Estimator computed: de --- ET: 0.6 seconds --- 
--- Estimator computed: oe --- ET: 0.6 seconds --- 
--- Estimator computed: se_1 --- ET: 0.6 seconds --- 
--- Estimator computed: se_0 --- ET: 0.6 seconds --- 
--- Total run time: 363.1 seconds --- 
--- Total run time: 375.2 seconds --- ###################################################
### Job finished at Thu Jun  5 06:40:14 EDT 2025 ###
###################################################
