##############################################################
### Job started at Thu Jun  5 06:45:35 EDT 2025 with p=TypeB, m=200, r=100, s=41 ###
##############################################################

Attaching package: ‘dplyr’

The following objects are masked from ‘package:stats’:

    filter, lag

The following objects are masked from ‘package:base’:

    intersect, setdiff, setequal, union

Loading required package: foreach
Loading required package: iterators
Loading required package: parallel

 randomForestSRC 3.2.2 
 
 Type rfsrc.news() to see new features, changes, and bug fixes. 
 

[conflicted] Will prefer dplyr::select over any other package.
[conflicted] Will prefer dplyr::filter over any other package.
[conflicted] Will prefer reshape2::melt over any other package.
── Attaching core tidyverse packages ──────────────────────── tidyverse 2.0.0 ──
✔ forcats   1.0.0     ✔ readr     2.1.4
✔ ggplot2   3.5.2     ✔ stringr   1.5.1
✔ lubridate 1.9.3     ✔ tibble    3.2.1
✔ purrr     0.3.5     ✔ tidyr     1.2.1
# A tibble: 42 × 4
   theta   tau estimand   truth
   <dbl> <dbl> <chr>      <dbl>
 1  0.3    0.2 de       -0.289 
 2  0.3    0.2 mu        0.460 
 3  0.3    0.2 mu_0      0.547 
 4  0.3    0.2 mu_1      0.257 
 5  0.3    0.2 oe        0.0793
 6  0.3    0.2 se_0      0.0423
 7  0.3    0.2 se_1      0.0279
 8  0.45   0.2 de       -0.275 
 9  0.45   0.2 mu        0.381 
10  0.45   0.2 mu_0      0.504 
11  0.45   0.2 mu_1      0.229 
12  0.45   0.2 oe        0     
13  0.45   0.2 se_0      0     
14  0.45   0.2 se_1      0     
15  0.6    0.2 de       -0.271 
16  0.6    0.2 mu        0.319 
17  0.6    0.2 mu_0      0.482 
18  0.6    0.2 mu_1      0.211 
19  0.6    0.2 oe       -0.0614
20  0.6    0.2 se_0     -0.0227
21  0.6    0.2 se_1     -0.0185
22  0.3    0.4 de       -0.272 
23  0.3    0.4 mu        0.563 
24  0.3    0.4 mu_0      0.645 
25  0.3    0.4 mu_1      0.373 
26  0.3    0.4 oe        0.0791
27  0.3    0.4 se_0      0.0423
28  0.3    0.4 se_1      0.0335
29  0.45   0.4 de       -0.263 
30  0.45   0.4 mu        0.484 
31  0.45   0.4 mu_0      0.603 
32  0.45   0.4 mu_1      0.340 
33  0.45   0.4 oe        0     
34  0.45   0.4 se_0      0     
35  0.45   0.4 se_1      0     
36  0.6    0.4 de       -0.262 
37  0.6    0.4 mu        0.423 
38  0.6    0.4 mu_0      0.580 
39  0.6    0.4 mu_1      0.318 
40  0.6    0.4 oe       -0.0619
41  0.6    0.4 se_0     -0.0228
42  0.6    0.4 se_1     -0.0222
Loading required package: Matrix

Attaching package: ‘Matrix’

The following objects are masked from ‘package:tidyr’:

    expand, pack, unpack


==========================================================================
===========================   Analysis setting  ==========================
==========================================================================

- taus: 0.1, 0.2, 0.3, 0.4, 0.5 

- policy: TypeB 

- thetas: 0.3, 0.31, 0.32, 0.33, 0.34, 0.35, 0.36, 0.37, 0.38, 0.39, 0.4, 0.41, 0.42, 0.43, 0.44, 0.45, 0.46, 0.47, 0.48, 0.49, 0.5, 0.51, 0.52, 0.53, 0.54, 0.55, 0.56, 0.57, 0.58, 0.59, 0.6 

- r: 100 

- K: 2 

- Nuisance estimation method: T para / C nonpara / A para 

- m: 200 

- N_total: 2609 

- cluster size dist'n: 
 5  6  7  8  9 10 11 12 13 14 15 16 17 18 19 20 
16 12 10 10  6 10 12  9 14 15 15 10 16  9 18 18 

 - observed time summary: 
   Min. 1st Qu.  Median    Mean 3rd Qu.    Max. 
 0.0000  0.0215  0.1989  0.6069  0.7775 11.1294 

 - event indicator table: 
   0    1 
 993 1616 

 - event time summary: 
    Min.  1st Qu.   Median     Mean  3rd Qu.     Max. 
 0.00000  0.01234  0.16799  0.58499  0.72436 11.12937 

 - censoring time summary: 
   Min. 1st Qu.  Median    Mean 3rd Qu.    Max. 
0.00000 0.03719 0.26172 0.64268 0.83387 6.91074 

 - treatment indicator table: 
   0    1 
1353 1256 

==========================================================================
===========================   Estimation start  ==========================
==========================================================================

--- Split:1 ---

   [*---------] 10% | ET: 10.9s 
   [**--------] 20% | ET: 19.6s 
   [***-------] 30% | ET: 28.9s 
   [****------] 40% | ET: 39s 
   [*****-----] 50% | ET: 49.7s 
   [******----] 60% | ET: 59.2s 
   [*******---] 70% | ET: 69s 
   [********--] 80% | ET: 78.6s 
   [*********-] 90% | ET: 88.7s 
   [**********] 100% | ET: 98.9s 

--- Split:2 ---

   [*---------] 10% | ET: 9.8s 
   [**--------] 20% | ET: 20.4s 
   [***-------] 30% | ET: 31s 
   [****------] 40% | ET: 42.5s 
   [*****-----] 50% | ET: 53.9s 
   [******----] 60% | ET: 65.5s 
   [*******---] 70% | ET: 76.7s 
   [********--] 80% | ET: 88s 
   [*********-] 90% | ET: 99.5s 
   [**********] 100% | ET: 110s 

--- IF for proposed nonparametric estimator computed --- ET: 222.1 seconds
--- Estimator computed: mu --- ET: 0.6 seconds --- 
--- Estimator computed: mu_1 --- ET: 0.6 seconds --- 
--- Estimator computed: mu_0 --- ET: 0.6 seconds --- 
--- Estimator computed: de --- ET: 0.5 seconds --- 
--- Estimator computed: oe --- ET: 0.8 seconds --- 
--- Estimator computed: se_1 --- ET: 0.5 seconds --- 
--- Estimator computed: se_0 --- ET: 0.5 seconds --- 
--- Total run time: 228.3 seconds --- 
--- Total run time: 239.8 seconds --- ###################################################
### Job finished at Thu Jun  5 06:49:35 EDT 2025 ###
###################################################
