##############################################################
### Job started at Tue Dec 23 05:02:28 AM EST 2025 with m=200, r=100, CensoringRate=0.6 ###
##############################################################

Attaching package: ‘dplyr’

The following objects are masked from ‘package:stats’:

    filter, lag

The following objects are masked from ‘package:base’:

    intersect, setdiff, setequal, union

Warning message:
package ‘dplyr’ was built under R version 4.5.0 
Loading required package: foreach
Loading required package: iterators
Loading required package: parallel

 randomForestSRC 3.4.5 
 
 Type rfsrc.news() to see new features, changes, and bug fixes. 
 

[conflicted] Will prefer dplyr::select over any other package.
[conflicted] Will prefer dplyr::filter over any other package.
[conflicted] Will prefer reshape2::melt over any other package.
--- Target Censoring rate: 0.6 || Censoring factor: 0.51 --- 
Loading required package: Matrix

Attaching package: ‘Matrix’

The following objects are masked from ‘package:tidyr’:

    expand, pack, unpack

--- Censoring rate: 58.7% --- 
--- Desired censoring rate: 60% --- 

==========================================================================
===========================   Analysis setting  ==========================
==========================================================================

- taus: 0.2, 0.4 

- policy: TypeB 

- thetas: 0.3, 0.31, 0.32, 0.33, 0.34, 0.35, 0.36, 0.37, 0.38, 0.39, 0.4, 0.41, 0.42, 0.43, 0.44, 0.45, 0.46, 0.47, 0.48, 0.49, 0.5, 0.51, 0.52, 0.53, 0.54, 0.55, 0.56, 0.57, 0.58, 0.59, 0.6 

- r: 100 

- K: 2 

- Nuisance estimation method: T nonpara / C nonpara / A nonpara 

- m: 200 

- N_total: 2653 

- cluster size dist'n: 
 5  6  7  8  9 10 11 12 13 14 15 16 17 18 19 20 
10 15  6  5 10 14  9 12 16 13 16 13 15 21 13 12 

 - observed time summary: 
    Min.  1st Qu.   Median     Mean  3rd Qu.     Max. 
0.000000 0.002136 0.058466 0.316862 0.354435 7.589417 

 - event indicator table: 
   0    1 
1557 1096 

 - event time summary: 
    Min.  1st Qu.   Median     Mean  3rd Qu.     Max. 
0.000000 0.003221 0.077429 0.333860 0.407708 5.371006 

 - censoring time summary: 
    Min.  1st Qu.   Median     Mean  3rd Qu.     Max. 
0.000000 0.001617 0.046620 0.304897 0.320116 7.589417 

 - treatment indicator table: 
   0    1 
1528 1125 

==========================================================================
===========================   Estimation start  ==========================
==========================================================================

--- Split:1 ---

Running BART with binary y

number of trees: 25
number of chains: 1, default number of threads 1
tree thinning rate: 1
Prior:
	prior on k: chi with 1.250000 degrees of freedom and inf scale
	power and base for tree prior: 2.000000 0.950000
	use quantiles for rule cut points: false
	proposal probabilities: birth/death 0.50, swap 0.10, change 0.40; birth 0.50
data:
	number of training observations: 1349
	number of test observations: 0
	number of explanatory variables: 15

Cutoff rules c in x<=c vs x>c
Number of cutoffs: (var: number of possible c):
(1: 100) (2: 100) (3: 100) (4: 100) (5: 100) 
(6: 100) (7: 100) (8: 100) (9: 100) (10: 100) 
(11: 100) (12: 100) (13: 100) (14: 100) (15: 100) 


   [*---------] 10% | ET: 9.2s 
   [**--------] 20% | ET: 19.4s 
   [***-------] 30% | ET: 29.8s 
   [****------] 40% | ET: 41s 
   [*****-----] 50% | ET: 52.2s 
   [******----] 60% | ET: 63.4s 
   [*******---] 70% | ET: 74.5s 
   [********--] 80% | ET: 85.7s 
   [*********-] 90% | ET: 95.4s 
   [**********] 100% | ET: 105.9s 

--- Split:2 ---

Running BART with binary y

number of trees: 25
number of chains: 1, default number of threads 1
tree thinning rate: 1
Prior:
	prior on k: chi with 1.250000 degrees of freedom and inf scale
	power and base for tree prior: 2.000000 0.950000
	use quantiles for rule cut points: false
	proposal probabilities: birth/death 0.50, swap 0.10, change 0.40; birth 0.50
data:
	number of training observations: 1304
	number of test observations: 0
	number of explanatory variables: 15

Cutoff rules c in x<=c vs x>c
Number of cutoffs: (var: number of possible c):
(1: 100) (2: 100) (3: 100) (4: 100) (5: 100) 
(6: 100) (7: 100) (8: 100) (9: 100) (10: 100) 
(11: 100) (12: 100) (13: 100) (14: 100) (15: 100) 


   [*---------] 10% | ET: 11s 
   [**--------] 20% | ET: 22.5s 
   [***-------] 30% | ET: 33.8s 
   [****------] 40% | ET: 45.6s 
   [*****-----] 50% | ET: 57.4s 
   [******----] 60% | ET: 69.2s 
   [*******---] 70% | ET: 79.1s 
   [********--] 80% | ET: 90.9s 
   [*********-] 90% | ET: 102.1s 
   [**********] 100% | ET: 113.7s 

--- IF for proposed nonparametric estimator computed --- ET: 244.7 seconds
--- Estimator computed: mu --- ET: 0.3 seconds --- 
--- Estimator computed: mu_1 --- ET: 0.3 seconds --- 
--- Estimator computed: mu_0 --- ET: 0.3 seconds --- 
--- Estimator computed: de --- ET: 0.3 seconds --- 
--- Estimator computed: oe --- ET: 0.3 seconds --- 
--- Estimator computed: se_1 --- ET: 0.3 seconds --- 
--- Estimator computed: se_0 --- ET: 0.3 seconds --- 
--- Total run time: 247.7 seconds --- 
--- Total run time: 251.1 seconds --- 
\n###################################################
### Job finished at Tue Dec 23 05:06:39 AM EST 2025 ###
###################################################
