##############################################################
### Job started at Thu Jun  5 04:55:23 EDT 2025 with p=TypeB, m=200, r=100, s=23 ###
##############################################################

Attaching package: ‘dplyr’

The following objects are masked from ‘package:stats’:

    filter, lag

The following objects are masked from ‘package:base’:

    intersect, setdiff, setequal, union

Loading required package: foreach
Loading required package: iterators
Loading required package: parallel

 randomForestSRC 3.2.2 
 
 Type rfsrc.news() to see new features, changes, and bug fixes. 
 

[conflicted] Will prefer dplyr::select over any other package.
[conflicted] Will prefer dplyr::filter over any other package.
[conflicted] Will prefer reshape2::melt over any other package.
── Attaching core tidyverse packages ──────────────────────── tidyverse 2.0.0 ──
✔ forcats   1.0.0     ✔ readr     2.1.4
✔ ggplot2   3.5.2     ✔ stringr   1.5.1
✔ lubridate 1.9.3     ✔ tibble    3.2.1
✔ purrr     0.3.5     ✔ tidyr     1.2.1
# A tibble: 42 × 4
   theta   tau estimand   truth
   <dbl> <dbl> <chr>      <dbl>
 1  0.3    0.2 de       -0.284 
 2  0.3    0.2 mu        0.440 
 3  0.3    0.2 mu_0      0.525 
 4  0.3    0.2 mu_1      0.241 
 5  0.3    0.2 oe        0.0739
 6  0.3    0.2 se_0      0.0381
 7  0.3    0.2 se_1      0.0229
 8  0.45   0.2 de       -0.269 
 9  0.45   0.2 mu        0.366 
10  0.45   0.2 mu_0      0.487 
11  0.45   0.2 mu_1      0.218 
12  0.45   0.2 oe        0     
13  0.45   0.2 se_0      0     
14  0.45   0.2 se_1      0     
15  0.6    0.2 de       -0.266 
16  0.6    0.2 mu        0.309 
17  0.6    0.2 mu_0      0.469 
18  0.6    0.2 mu_1      0.203 
19  0.6    0.2 oe       -0.0569
20  0.6    0.2 se_0     -0.0181
21  0.6    0.2 se_1     -0.0155
22  0.3    0.4 de       -0.271 
23  0.3    0.4 mu        0.543 
24  0.3    0.4 mu_0      0.624 
25  0.3    0.4 mu_1      0.353 
26  0.3    0.4 oe        0.0739
27  0.3    0.4 se_0      0.0385
28  0.3    0.4 se_1      0.0267
29  0.45   0.4 de       -0.259 
30  0.45   0.4 mu        0.469 
31  0.45   0.4 mu_0      0.586 
32  0.45   0.4 mu_1      0.326 
33  0.45   0.4 oe        0     
34  0.45   0.4 se_0      0     
35  0.45   0.4 se_1      0     
36  0.6    0.4 de       -0.260 
37  0.6    0.4 mu        0.412 
38  0.6    0.4 mu_0      0.569 
39  0.6    0.4 mu_1      0.308 
40  0.6    0.4 oe       -0.0563
41  0.6    0.4 se_0     -0.0169
42  0.6    0.4 se_1     -0.0178
Loading required package: Matrix

Attaching package: ‘Matrix’

The following objects are masked from ‘package:tidyr’:

    expand, pack, unpack


==========================================================================
===========================   Analysis setting  ==========================
==========================================================================

- taus: 0.1, 0.2, 0.3, 0.4, 0.5 

- policy: TypeB 

- thetas: 0.3, 0.31, 0.32, 0.33, 0.34, 0.35, 0.36, 0.37, 0.38, 0.39, 0.4, 0.41, 0.42, 0.43, 0.44, 0.45, 0.46, 0.47, 0.48, 0.49, 0.5, 0.51, 0.52, 0.53, 0.54, 0.55, 0.56, 0.57, 0.58, 0.59, 0.6 

- r: 100 

- K: 2 

- Nuisance estimation method: T nonpara / C para / A para 

- m: 200 

- N_total: 2427 

- cluster size dist'n: 
 5  6  7  8  9 10 11 12 13 14 15 16 17 18 19 20 
16 15  9 14 12 15 12 11  9 19  8 13 17 18  4  8 

 - observed time summary: 
   Min. 1st Qu.  Median    Mean 3rd Qu.    Max. 
0.00000 0.01872 0.17728 0.56514 0.73029 8.35390 

 - event indicator table: 
   0    1 
 947 1480 

 - event time summary: 
    Min.  1st Qu.   Median     Mean  3rd Qu.     Max. 
0.000000 0.009442 0.124854 0.497253 0.629622 8.353904 

 - censoring time summary: 
   Min. 1st Qu.  Median    Mean 3rd Qu.    Max. 
0.00000 0.04432 0.26328 0.67124 0.94846 5.89042 

 - treatment indicator table: 
   0    1 
1318 1109 

==========================================================================
===========================   Estimation start  ==========================
==========================================================================

--- Split:1 ---

   [*---------] 10% | ET: 9.8s 
   [**--------] 20% | ET: 18.1s 
   [***-------] 30% | ET: 26.3s 
   [****------] 40% | ET: 34s 
   [*****-----] 50% | ET: 41.6s 
   [******----] 60% | ET: 48.9s 
   [*******---] 70% | ET: 56.8s 
   [********--] 80% | ET: 65.6s 
   [*********-] 90% | ET: 74.5s 
   [**********] 100% | ET: 82.3s 

--- Split:2 ---

   [*---------] 10% | ET: 6.8s 
   [**--------] 20% | ET: 15.4s 
   [***-------] 30% | ET: 23.4s 
   [****------] 40% | ET: 32.5s 
   [*****-----] 50% | ET: 42.4s 
   [******----] 60% | ET: 53.2s 
   [*******---] 70% | ET: 63.5s 
   [********--] 80% | ET: 73.6s 
   [*********-] 90% | ET: 83.7s 
   [**********] 100% | ET: 91.9s 

--- IF for proposed nonparametric estimator computed --- ET: 185.7 seconds
--- Estimator computed: mu --- ET: 0.6 seconds --- 
--- Estimator computed: mu_1 --- ET: 0.6 seconds --- 
--- Estimator computed: mu_0 --- ET: 0.5 seconds --- 
--- Estimator computed: de --- ET: 0.5 seconds --- 
--- Estimator computed: oe --- ET: 0.5 seconds --- 
--- Estimator computed: se_1 --- ET: 0.7 seconds --- 
--- Estimator computed: se_0 --- ET: 0.5 seconds --- 
--- Total run time: 191.7 seconds --- 
--- Total run time: 202.9 seconds --- ###################################################
### Job finished at Thu Jun  5 04:58:46 EDT 2025 ###
###################################################
