##############################################################
### Job started at Thu Jun  5 04:50:19 EDT 2025 with p=TypeB, m=200, r=100, s=23 ###
##############################################################

Attaching package: ‘dplyr’

The following objects are masked from ‘package:stats’:

    filter, lag

The following objects are masked from ‘package:base’:

    intersect, setdiff, setequal, union

Loading required package: foreach
Loading required package: iterators
Loading required package: parallel

 randomForestSRC 3.2.2 
 
 Type rfsrc.news() to see new features, changes, and bug fixes. 
 

[conflicted] Will prefer dplyr::select over any other package.
[conflicted] Will prefer dplyr::filter over any other package.
[conflicted] Will prefer reshape2::melt over any other package.
── Attaching core tidyverse packages ──────────────────────── tidyverse 2.0.0 ──
✔ forcats   1.0.0     ✔ readr     2.1.4
✔ ggplot2   3.5.2     ✔ stringr   1.5.1
✔ lubridate 1.9.3     ✔ tibble    3.2.1
✔ purrr     0.3.5     ✔ tidyr     1.2.1
# A tibble: 42 × 4
   theta   tau estimand   truth
   <dbl> <dbl> <chr>      <dbl>
 1  0.3    0.2 de       -0.295 
 2  0.3    0.2 mu        0.471 
 3  0.3    0.2 mu_0      0.559 
 4  0.3    0.2 mu_1      0.264 
 5  0.3    0.2 oe        0.0737
 6  0.3    0.2 se_0      0.0330
 7  0.3    0.2 se_1      0.0252
 8  0.45   0.2 de       -0.287 
 9  0.45   0.2 mu        0.397 
10  0.45   0.2 mu_0      0.526 
11  0.45   0.2 mu_1      0.239 
12  0.45   0.2 oe        0     
13  0.45   0.2 se_0      0     
14  0.45   0.2 se_1      0     
15  0.6    0.2 de       -0.286 
16  0.6    0.2 mu        0.328 
17  0.6    0.2 mu_0      0.500 
18  0.6    0.2 mu_1      0.214 
19  0.6    0.2 oe       -0.0690
20  0.6    0.2 se_0     -0.0267
21  0.6    0.2 se_1     -0.0254
22  0.3    0.4 de       -0.276 
23  0.3    0.4 mu        0.576 
24  0.3    0.4 mu_0      0.659 
25  0.3    0.4 mu_1      0.383 
26  0.3    0.4 oe        0.0714
27  0.3    0.4 se_0      0.0307
28  0.3    0.4 se_1      0.0291
29  0.45   0.4 de       -0.274 
30  0.45   0.4 mu        0.505 
31  0.45   0.4 mu_0      0.628 
32  0.45   0.4 mu_1      0.354 
33  0.45   0.4 oe        0     
34  0.45   0.4 se_0      0     
35  0.45   0.4 se_1      0     
36  0.6    0.4 de       -0.279 
37  0.6    0.4 mu        0.434 
38  0.6    0.4 mu_0      0.601 
39  0.6    0.4 mu_1      0.322 
40  0.6    0.4 oe       -0.0710
41  0.6    0.4 se_0     -0.0270
42  0.6    0.4 se_1     -0.0317
Loading required package: Matrix

Attaching package: ‘Matrix’

The following objects are masked from ‘package:tidyr’:

    expand, pack, unpack


==========================================================================
===========================   Analysis setting  ==========================
==========================================================================

- taus: 0.1, 0.2, 0.3, 0.4, 0.5 

- policy: TypeB 

- thetas: 0.3, 0.31, 0.32, 0.33, 0.34, 0.35, 0.36, 0.37, 0.38, 0.39, 0.4, 0.41, 0.42, 0.43, 0.44, 0.45, 0.46, 0.47, 0.48, 0.49, 0.5, 0.51, 0.52, 0.53, 0.54, 0.55, 0.56, 0.57, 0.58, 0.59, 0.6 

- r: 100 

- K: 2 

- Nuisance estimation method: T nonpara / C para / A para 

- m: 200 

- N_total: 2573 

- cluster size dist'n: 
 5  6  7  8  9 10 11 12 13 14 15 16 17 18 19 20 
 8 13  7 12 14 13 15 10 18  7 13 19 15 11 15 10 

 - observed time summary: 
    Min.  1st Qu.   Median     Mean  3rd Qu.     Max. 
 0.00000  0.01405  0.17154  0.59932  0.71272 17.54375 

 - event indicator table: 
   0    1 
1005 1568 

 - event time summary: 
     Min.   1st Qu.    Median      Mean   3rd Qu.      Max. 
 0.000000  0.007936  0.132527  0.575227  0.679456 17.543745 

 - censoring time summary: 
   Min. 1st Qu.  Median    Mean 3rd Qu.    Max. 
0.00000 0.03408 0.21916 0.63691 0.74009 8.17395 

 - treatment indicator table: 
   0    1 
1409 1164 

==========================================================================
===========================   Estimation start  ==========================
==========================================================================

--- Split:1 ---

   [*---------] 10% | ET: 10.5s 
   [**--------] 20% | ET: 20.5s 
   [***-------] 30% | ET: 30.8s 
   [****------] 40% | ET: 40.3s 
   [*****-----] 50% | ET: 49.6s 
   [******----] 60% | ET: 58.3s 
   [*******---] 70% | ET: 66.2s 
   [********--] 80% | ET: 74.6s 
   [*********-] 90% | ET: 83.9s 
   [**********] 100% | ET: 93.5s 

--- Split:2 ---

   [*---------] 10% | ET: 11.8s 
   [**--------] 20% | ET: 23.6s 
   [***-------] 30% | ET: 34.8s 
   [****------] 40% | ET: 45.5s 
   [*****-----] 50% | ET: 55.9s 
   [******----] 60% | ET: 65.4s 
   [*******---] 70% | ET: 75.1s 
   [********--] 80% | ET: 85s 
   [*********-] 90% | ET: 94.6s 
   [**********] 100% | ET: 102.9s 

--- IF for proposed nonparametric estimator computed --- ET: 210.6 seconds
--- Estimator computed: mu --- ET: 0.6 seconds --- 
--- Estimator computed: mu_1 --- ET: 0.6 seconds --- 
--- Estimator computed: mu_0 --- ET: 0.6 seconds --- 
--- Estimator computed: de --- ET: 0.8 seconds --- 
--- Estimator computed: oe --- ET: 0.6 seconds --- 
--- Estimator computed: se_1 --- ET: 0.5 seconds --- 
--- Estimator computed: se_0 --- ET: 0.6 seconds --- 
--- Total run time: 217 seconds --- 
--- Total run time: 229.5 seconds --- ###################################################
### Job finished at Thu Jun  5 04:54:09 EDT 2025 ###
###################################################
