##############################################################
### Job started at Thu Jun  5 04:55:53 EDT 2025 with p=TypeB, m=200, r=100, s=23 ###
##############################################################

Attaching package: ‘dplyr’

The following objects are masked from ‘package:stats’:

    filter, lag

The following objects are masked from ‘package:base’:

    intersect, setdiff, setequal, union

Loading required package: foreach
Loading required package: iterators
Loading required package: parallel

 randomForestSRC 3.2.2 
 
 Type rfsrc.news() to see new features, changes, and bug fixes. 
 

[conflicted] Will prefer dplyr::select over any other package.
[conflicted] Will prefer dplyr::filter over any other package.
[conflicted] Will prefer reshape2::melt over any other package.
── Attaching core tidyverse packages ──────────────────────── tidyverse 2.0.0 ──
✔ forcats   1.0.0     ✔ readr     2.1.4
✔ ggplot2   3.5.2     ✔ stringr   1.5.1
✔ lubridate 1.9.3     ✔ tibble    3.2.1
✔ purrr     0.3.5     ✔ tidyr     1.2.1
# A tibble: 42 × 4
   theta   tau estimand   truth
   <dbl> <dbl> <chr>      <dbl>
 1  0.3    0.2 de       -0.278 
 2  0.3    0.2 mu        0.441 
 3  0.3    0.2 mu_0      0.525 
 4  0.3    0.2 mu_1      0.247 
 5  0.3    0.2 oe        0.0640
 6  0.3    0.2 se_0      0.0224
 7  0.3    0.2 se_1      0.0222
 8  0.45   0.2 de       -0.278 
 9  0.45   0.2 mu        0.377 
10  0.45   0.2 mu_0      0.502 
11  0.45   0.2 mu_1      0.225 
12  0.45   0.2 oe        0     
13  0.45   0.2 se_0      0     
14  0.45   0.2 se_1      0     
15  0.6    0.2 de       -0.274 
16  0.6    0.2 mu        0.311 
17  0.6    0.2 mu_0      0.475 
18  0.6    0.2 mu_1      0.201 
19  0.6    0.2 oe       -0.0662
20  0.6    0.2 se_0     -0.0269
21  0.6    0.2 se_1     -0.0230
22  0.3    0.4 de       -0.260 
23  0.3    0.4 mu        0.542 
24  0.3    0.4 mu_0      0.620 
25  0.3    0.4 mu_1      0.360 
26  0.3    0.4 oe        0.0614
27  0.3    0.4 se_0      0.0194
28  0.3    0.4 se_1      0.0258
29  0.45   0.4 de       -0.267 
30  0.45   0.4 mu        0.481 
31  0.45   0.4 mu_0      0.601 
32  0.45   0.4 mu_1      0.334 
33  0.45   0.4 oe        0     
34  0.45   0.4 se_0      0     
35  0.45   0.4 se_1      0     
36  0.6    0.4 de       -0.268 
37  0.6    0.4 mu        0.412 
38  0.6    0.4 mu_0      0.573 
39  0.6    0.4 mu_1      0.305 
40  0.6    0.4 oe       -0.0689
41  0.6    0.4 se_0     -0.0285
42  0.6    0.4 se_1     -0.0292
Loading required package: Matrix

Attaching package: ‘Matrix’

The following objects are masked from ‘package:tidyr’:

    expand, pack, unpack


==========================================================================
===========================   Analysis setting  ==========================
==========================================================================

- taus: 0.1, 0.2, 0.3, 0.4, 0.5 

- policy: TypeB 

- thetas: 0.3, 0.31, 0.32, 0.33, 0.34, 0.35, 0.36, 0.37, 0.38, 0.39, 0.4, 0.41, 0.42, 0.43, 0.44, 0.45, 0.46, 0.47, 0.48, 0.49, 0.5, 0.51, 0.52, 0.53, 0.54, 0.55, 0.56, 0.57, 0.58, 0.59, 0.6 

- r: 100 

- K: 2 

- Nuisance estimation method: T nonpara / C para / A para 

- m: 200 

- N_total: 2538 

- cluster size dist'n: 
 5  6  7  8  9 10 11 12 13 14 15 16 17 18 19 20 
13  8 14 10 14 17 14 13  8 10 12 13 11 13 12 18 

 - observed time summary: 
    Min.  1st Qu.   Median     Mean  3rd Qu.     Max. 
 0.00000  0.02203  0.22919  0.60940  0.76687 12.11758 

 - event indicator table: 
   0    1 
1044 1494 

 - event time summary: 
   Min. 1st Qu.  Median    Mean 3rd Qu.    Max. 
0.00000 0.01316 0.17215 0.54890 0.70370 8.05219 

 - censoring time summary: 
    Min.  1st Qu.   Median     Mean  3rd Qu.     Max. 
 0.00000  0.04147  0.28977  0.69597  0.85383 12.11758 

 - treatment indicator table: 
   0    1 
1312 1226 

==========================================================================
===========================   Estimation start  ==========================
==========================================================================

--- Split:1 ---

   [*---------] 10% | ET: 8.8s 
   [**--------] 20% | ET: 20.5s 
   [***-------] 30% | ET: 32.5s 
   [****------] 40% | ET: 43.9s 
   [*****-----] 50% | ET: 55.1s 
   [******----] 60% | ET: 65.7s 
   [*******---] 70% | ET: 78.6s 
   [********--] 80% | ET: 88.9s 
   [*********-] 90% | ET: 99.2s 
   [**********] 100% | ET: 109.8s 

--- Split:2 ---

   [*---------] 10% | ET: 6.8s 
   [**--------] 20% | ET: 14.8s 
   [***-------] 30% | ET: 23.1s 
   [****------] 40% | ET: 33.2s 
   [*****-----] 50% | ET: 44.3s 
   [******----] 60% | ET: 55.3s 
   [*******---] 70% | ET: 64.5s 
   [********--] 80% | ET: 74s 
   [*********-] 90% | ET: 83.9s 
   [**********] 100% | ET: 97.1s 

--- IF for proposed nonparametric estimator computed --- ET: 221.1 seconds
--- Estimator computed: mu --- ET: 0.7 seconds --- 
--- Estimator computed: mu_1 --- ET: 0.8 seconds --- 
--- Estimator computed: mu_0 --- ET: 0.6 seconds --- 
--- Estimator computed: de --- ET: 0.5 seconds --- 
--- Estimator computed: oe --- ET: 0.6 seconds --- 
--- Estimator computed: se_1 --- ET: 0.6 seconds --- 
--- Estimator computed: se_0 --- ET: 0.8 seconds --- 
--- Total run time: 228.2 seconds --- 
--- Total run time: 240.3 seconds --- ###################################################
### Job finished at Thu Jun  5 04:59:54 EDT 2025 ###
###################################################
