##############################################################
### Job started at Thu Jun  5 04:55:54 EDT 2025 with p=TypeB, m=200, r=100, s=23 ###
##############################################################

Attaching package: ‘dplyr’

The following objects are masked from ‘package:stats’:

    filter, lag

The following objects are masked from ‘package:base’:

    intersect, setdiff, setequal, union

Loading required package: foreach
Loading required package: iterators
Loading required package: parallel

 randomForestSRC 3.2.2 
 
 Type rfsrc.news() to see new features, changes, and bug fixes. 
 

[conflicted] Will prefer dplyr::select over any other package.
[conflicted] Will prefer dplyr::filter over any other package.
[conflicted] Will prefer reshape2::melt over any other package.
── Attaching core tidyverse packages ──────────────────────── tidyverse 2.0.0 ──
✔ forcats   1.0.0     ✔ readr     2.1.4
✔ ggplot2   3.5.2     ✔ stringr   1.5.1
✔ lubridate 1.9.3     ✔ tibble    3.2.1
✔ purrr     0.3.5     ✔ tidyr     1.2.1
# A tibble: 42 × 4
   theta   tau estimand   truth
   <dbl> <dbl> <chr>      <dbl>
 1  0.3    0.2 de       -0.280 
 2  0.3    0.2 mu        0.437 
 3  0.3    0.2 mu_0      0.521 
 4  0.3    0.2 mu_1      0.241 
 5  0.3    0.2 oe        0.0711
 6  0.3    0.2 se_0      0.0332
 7  0.3    0.2 se_1      0.0241
 8  0.45   0.2 de       -0.271 
 9  0.45   0.2 mu        0.366 
10  0.45   0.2 mu_0      0.488 
11  0.45   0.2 mu_1      0.217 
12  0.45   0.2 oe        0     
13  0.45   0.2 se_0      0     
14  0.45   0.2 se_1      0     
15  0.6    0.2 de       -0.262 
16  0.6    0.2 mu        0.304 
17  0.6    0.2 mu_0      0.461 
18  0.6    0.2 mu_1      0.200 
19  0.6    0.2 oe       -0.0616
20  0.6    0.2 se_0     -0.0265
21  0.6    0.2 se_1     -0.0173
22  0.3    0.4 de       -0.264 
23  0.3    0.4 mu        0.537 
24  0.3    0.4 mu_0      0.616 
25  0.3    0.4 mu_1      0.351 
26  0.3    0.4 oe        0.0705
27  0.3    0.4 se_0      0.0326
28  0.3    0.4 se_1      0.0287
29  0.45   0.4 de       -0.261 
30  0.45   0.4 mu        0.466 
31  0.45   0.4 mu_0      0.583 
32  0.45   0.4 mu_1      0.323 
33  0.45   0.4 oe        0     
34  0.45   0.4 se_0      0     
35  0.45   0.4 se_1      0     
36  0.6    0.4 de       -0.254 
37  0.6    0.4 mu        0.404 
38  0.6    0.4 mu_0      0.556 
39  0.6    0.4 mu_1      0.302 
40  0.6    0.4 oe       -0.0621
41  0.6    0.4 se_0     -0.0270
42  0.6    0.4 se_1     -0.0204
Loading required package: Matrix

Attaching package: ‘Matrix’

The following objects are masked from ‘package:tidyr’:

    expand, pack, unpack


==========================================================================
===========================   Analysis setting  ==========================
==========================================================================

- taus: 0.1, 0.2, 0.3, 0.4, 0.5 

- policy: TypeB 

- thetas: 0.3, 0.31, 0.32, 0.33, 0.34, 0.35, 0.36, 0.37, 0.38, 0.39, 0.4, 0.41, 0.42, 0.43, 0.44, 0.45, 0.46, 0.47, 0.48, 0.49, 0.5, 0.51, 0.52, 0.53, 0.54, 0.55, 0.56, 0.57, 0.58, 0.59, 0.6 

- r: 100 

- K: 2 

- Nuisance estimation method: T nonpara / C para / A para 

- m: 200 

- N_total: 2567 

- cluster size dist'n: 
 5  6  7  8  9 10 11 12 13 14 15 16 17 18 19 20 
10 15 15  7 13 10 11 12  9 11 15 17 15 10 19 11 

 - observed time summary: 
    Min.  1st Qu.   Median     Mean  3rd Qu.     Max. 
 0.00000  0.01926  0.19758  0.59962  0.77730 13.06091 

 - event indicator table: 
   0    1 
1059 1508 

 - event time summary: 
    Min.  1st Qu.   Median     Mean  3rd Qu.     Max. 
 0.00000  0.01198  0.15215  0.57346  0.70647 13.06091 

 - censoring time summary: 
   Min. 1st Qu.  Median    Mean 3rd Qu.    Max. 
0.00000 0.03771 0.24484 0.63686 0.86898 8.48500 

 - treatment indicator table: 
   0    1 
1391 1176 

==========================================================================
===========================   Estimation start  ==========================
==========================================================================

--- Split:1 ---

   [*---------] 10% | ET: 11.4s 
   [**--------] 20% | ET: 24.7s 
   [***-------] 30% | ET: 37s 
   [****------] 40% | ET: 47.3s 
   [*****-----] 50% | ET: 56.9s 
   [******----] 60% | ET: 67.3s 
   [*******---] 70% | ET: 77s 
   [********--] 80% | ET: 86.6s 
   [*********-] 90% | ET: 97.4s 
   [**********] 100% | ET: 108.2s 

--- Split:2 ---

   [*---------] 10% | ET: 8.6s 
   [**--------] 20% | ET: 19.6s 
   [***-------] 30% | ET: 30.2s 
   [****------] 40% | ET: 41.8s 
   [*****-----] 50% | ET: 52.6s 
   [******----] 60% | ET: 64.8s 
   [*******---] 70% | ET: 76.9s 
   [********--] 80% | ET: 87.1s 
   [*********-] 90% | ET: 98.4s 
   [**********] 100% | ET: 108.2s 

--- IF for proposed nonparametric estimator computed --- ET: 231.4 seconds
--- Estimator computed: mu --- ET: 0.7 seconds --- 
--- Estimator computed: mu_1 --- ET: 0.7 seconds --- 
--- Estimator computed: mu_0 --- ET: 0.6 seconds --- 
--- Estimator computed: de --- ET: 0.7 seconds --- 
--- Estimator computed: oe --- ET: 0.6 seconds --- 
--- Estimator computed: se_1 --- ET: 0.6 seconds --- 
--- Estimator computed: se_0 --- ET: 0.8 seconds --- 
--- Total run time: 239.4 seconds --- 
Warning message:
In checkConv(attr(opt, "derivs"), opt$par, ctrl = control$checkConv,  :
  Model failed to converge with max|grad| = 0.00220754 (tol = 0.002, component 1)
--- Total run time: 252.5 seconds --- ###################################################
### Job finished at Thu Jun  5 05:00:08 EDT 2025 ###
###################################################
