##############################################################
### Job started at Thu Jun  5 04:56:24 EDT 2025 with p=TypeB, m=200, r=100, s=23 ###
##############################################################

Attaching package: ‘dplyr’

The following objects are masked from ‘package:stats’:

    filter, lag

The following objects are masked from ‘package:base’:

    intersect, setdiff, setequal, union

Loading required package: foreach
Loading required package: iterators
Loading required package: parallel

 randomForestSRC 3.2.2 
 
 Type rfsrc.news() to see new features, changes, and bug fixes. 
 

[conflicted] Will prefer dplyr::select over any other package.
[conflicted] Will prefer dplyr::filter over any other package.
[conflicted] Will prefer reshape2::melt over any other package.
── Attaching core tidyverse packages ──────────────────────── tidyverse 2.0.0 ──
✔ forcats   1.0.0     ✔ readr     2.1.4
✔ ggplot2   3.5.2     ✔ stringr   1.5.1
✔ lubridate 1.9.3     ✔ tibble    3.2.1
✔ purrr     0.3.5     ✔ tidyr     1.2.1
# A tibble: 42 × 4
   theta   tau estimand   truth
   <dbl> <dbl> <chr>      <dbl>
 1  0.3    0.2 de       -0.280 
 2  0.3    0.2 mu        0.442 
 3  0.3    0.2 mu_0      0.526 
 4  0.3    0.2 mu_1      0.246 
 5  0.3    0.2 oe        0.0668
 6  0.3    0.2 se_0      0.0248
 7  0.3    0.2 se_1      0.0247
 8  0.45   0.2 de       -0.280 
 9  0.45   0.2 mu        0.376 
10  0.45   0.2 mu_0      0.501 
11  0.45   0.2 mu_1      0.222 
12  0.45   0.2 oe        0     
13  0.45   0.2 se_0      0     
14  0.45   0.2 se_1      0     
15  0.6    0.2 de       -0.271 
16  0.6    0.2 mu        0.306 
17  0.6    0.2 mu_0      0.469 
18  0.6    0.2 mu_1      0.198 
19  0.6    0.2 oe       -0.0693
20  0.6    0.2 se_0     -0.0325
21  0.6    0.2 se_1     -0.0238
22  0.3    0.4 de       -0.264 
23  0.3    0.4 mu        0.546 
24  0.3    0.4 mu_0      0.625 
25  0.3    0.4 mu_1      0.361 
26  0.3    0.4 oe        0.0651
27  0.3    0.4 se_0      0.0224
28  0.3    0.4 se_1      0.0292
29  0.45   0.4 de       -0.271 
30  0.45   0.4 mu        0.480 
31  0.45   0.4 mu_0      0.602 
32  0.45   0.4 mu_1      0.331 
33  0.45   0.4 oe        0     
34  0.45   0.4 se_0      0     
35  0.45   0.4 se_1      0     
36  0.6    0.4 de       -0.267 
37  0.6    0.4 mu        0.407 
38  0.6    0.4 mu_0      0.568 
39  0.6    0.4 mu_1      0.301 
40  0.6    0.4 oe       -0.0729
41  0.6    0.4 se_0     -0.0347
42  0.6    0.4 se_1     -0.0307
Loading required package: Matrix

Attaching package: ‘Matrix’

The following objects are masked from ‘package:tidyr’:

    expand, pack, unpack


==========================================================================
===========================   Analysis setting  ==========================
==========================================================================

- taus: 0.1, 0.2, 0.3, 0.4, 0.5 

- policy: TypeB 

- thetas: 0.3, 0.31, 0.32, 0.33, 0.34, 0.35, 0.36, 0.37, 0.38, 0.39, 0.4, 0.41, 0.42, 0.43, 0.44, 0.45, 0.46, 0.47, 0.48, 0.49, 0.5, 0.51, 0.52, 0.53, 0.54, 0.55, 0.56, 0.57, 0.58, 0.59, 0.6 

- r: 100 

- K: 2 

- Nuisance estimation method: T nonpara / C para / A para 

- m: 200 

- N_total: 2416 

- cluster size dist'n: 
 5  6  7  8  9 10 11 12 13 14 15 16 17 18 19 20 
14 15 11 17 14 14  8 16 10 17 10 11 11  6 12 14 

 - observed time summary: 
    Min.  1st Qu.   Median     Mean  3rd Qu.     Max. 
 0.00000  0.01608  0.17881  0.59835  0.74483 11.44871 

 - event indicator table: 
   0    1 
 975 1441 

 - event time summary: 
     Min.   1st Qu.    Median      Mean   3rd Qu.      Max. 
 0.000000  0.008411  0.116046  0.561345  0.649091 11.448709 

 - censoring time summary: 
   Min. 1st Qu.  Median    Mean 3rd Qu.    Max. 
0.00000 0.04762 0.29149 0.65304 0.85528 9.32106 

 - treatment indicator table: 
   0    1 
1322 1094 

==========================================================================
===========================   Estimation start  ==========================
==========================================================================

--- Split:1 ---

   [*---------] 10% | ET: 12.6s 
   [**--------] 20% | ET: 28.2s 
   [***-------] 30% | ET: 42.1s 
   [****------] 40% | ET: 57.6s 
   [*****-----] 50% | ET: 72.4s 
   [******----] 60% | ET: 86.3s 
   [*******---] 70% | ET: 99.1s 
   [********--] 80% | ET: 111.8s 
   [*********-] 90% | ET: 124.5s 
   [**********] 100% | ET: 137.7s 

--- Split:2 ---

   [*---------] 10% | ET: 10.2s 
   [**--------] 20% | ET: 20.2s 
   [***-------] 30% | ET: 32.1s 
   [****------] 40% | ET: 46.3s 
   [*****-----] 50% | ET: 60.2s 
   [******----] 60% | ET: 75.9s 
   [*******---] 70% | ET: 94s 
   [********--] 80% | ET: 109.2s 
   [*********-] 90% | ET: 125.8s 
   [**********] 100% | ET: 141.9s 

--- IF for proposed nonparametric estimator computed --- ET: 293.9 seconds
--- Estimator computed: mu --- ET: 0.6 seconds --- 
--- Estimator computed: mu_1 --- ET: 0.5 seconds --- 
--- Estimator computed: mu_0 --- ET: 0.8 seconds --- 
--- Estimator computed: de --- ET: 0.5 seconds --- 
--- Estimator computed: oe --- ET: 0.5 seconds --- 
--- Estimator computed: se_1 --- ET: 0.6 seconds --- 
--- Estimator computed: se_0 --- ET: 0.6 seconds --- 
--- Total run time: 300 seconds --- 
--- Total run time: 312.3 seconds --- ###################################################
### Job finished at Thu Jun  5 05:01:36 EDT 2025 ###
###################################################
