##############################################################
### Job started at Thu Jun  5 05:03:29 EDT 2025 with p=TypeB, m=200, r=100, s=23 ###
##############################################################

Attaching package: ‘dplyr’

The following objects are masked from ‘package:stats’:

    filter, lag

The following objects are masked from ‘package:base’:

    intersect, setdiff, setequal, union

Loading required package: foreach
Loading required package: iterators
Loading required package: parallel

 randomForestSRC 3.2.2 
 
 Type rfsrc.news() to see new features, changes, and bug fixes. 
 

[conflicted] Will prefer dplyr::select over any other package.
[conflicted] Will prefer dplyr::filter over any other package.
[conflicted] Will prefer reshape2::melt over any other package.
── Attaching core tidyverse packages ──────────────────────── tidyverse 2.0.0 ──
✔ forcats   1.0.0     ✔ readr     2.1.4
✔ ggplot2   3.5.2     ✔ stringr   1.5.1
✔ lubridate 1.9.3     ✔ tibble    3.2.1
✔ purrr     0.3.5     ✔ tidyr     1.2.1
# A tibble: 42 × 4
   theta   tau estimand   truth
   <dbl> <dbl> <chr>      <dbl>
 1  0.3    0.2 de       -0.293 
 2  0.3    0.2 mu        0.460 
 3  0.3    0.2 mu_0      0.548 
 4  0.3    0.2 mu_1      0.255 
 5  0.3    0.2 oe        0.0747
 6  0.3    0.2 se_0      0.0348
 7  0.3    0.2 se_1      0.0257
 8  0.45   0.2 de       -0.284 
 9  0.45   0.2 mu        0.386 
10  0.45   0.2 mu_0      0.514 
11  0.45   0.2 mu_1      0.229 
12  0.45   0.2 oe        0     
13  0.45   0.2 se_0      0     
14  0.45   0.2 se_1      0     
15  0.6    0.2 de       -0.279 
16  0.6    0.2 mu        0.319 
17  0.6    0.2 mu_0      0.486 
18  0.6    0.2 mu_1      0.207 
19  0.6    0.2 oe       -0.0669
20  0.6    0.2 se_0     -0.0275
21  0.6    0.2 se_1     -0.0221
22  0.3    0.4 de       -0.277 
23  0.3    0.4 mu        0.565 
24  0.3    0.4 mu_0      0.648 
25  0.3    0.4 mu_1      0.371 
26  0.3    0.4 oe        0.0742
27  0.3    0.4 se_0      0.0342
28  0.3    0.4 se_1      0.0307
29  0.45   0.4 de       -0.274 
30  0.45   0.4 mu        0.491 
31  0.45   0.4 mu_0      0.614 
32  0.45   0.4 mu_1      0.341 
33  0.45   0.4 oe        0     
34  0.45   0.4 se_0      0     
35  0.45   0.4 se_1      0     
36  0.6    0.4 de       -0.273 
37  0.6    0.4 mu        0.422 
38  0.6    0.4 mu_0      0.586 
39  0.6    0.4 mu_1      0.313 
40  0.6    0.4 oe       -0.0687
41  0.6    0.4 se_0     -0.0283
42  0.6    0.4 se_1     -0.0273
Loading required package: Matrix

Attaching package: ‘Matrix’

The following objects are masked from ‘package:tidyr’:

    expand, pack, unpack


==========================================================================
===========================   Analysis setting  ==========================
==========================================================================

- taus: 0.1, 0.2, 0.3, 0.4, 0.5 

- policy: TypeB 

- thetas: 0.3, 0.31, 0.32, 0.33, 0.34, 0.35, 0.36, 0.37, 0.38, 0.39, 0.4, 0.41, 0.42, 0.43, 0.44, 0.45, 0.46, 0.47, 0.48, 0.49, 0.5, 0.51, 0.52, 0.53, 0.54, 0.55, 0.56, 0.57, 0.58, 0.59, 0.6 

- r: 100 

- K: 2 

- Nuisance estimation method: T nonpara / C para / A para 

- m: 200 

- N_total: 2338 

- cluster size dist'n: 
 5  6  7  8  9 10 11 12 13 14 15 16 17 18 19 20 
17  9 14 18 21 10 16 10 22 13  2  7 10  7 14 10 

 - observed time summary: 
   Min. 1st Qu.  Median    Mean 3rd Qu.    Max. 
0.00000 0.01777 0.18181 0.58350 0.75218 8.77220 

 - event indicator table: 
   0    1 
 892 1446 

 - event time summary: 
   Min. 1st Qu.  Median    Mean 3rd Qu.    Max. 
0.00000 0.01145 0.13683 0.53265 0.64562 8.77220 

 - censoring time summary: 
   Min. 1st Qu.  Median    Mean 3rd Qu.    Max. 
0.00000 0.03633 0.24674 0.66594 0.89941 7.46600 

 - treatment indicator table: 
   0    1 
1229 1109 

==========================================================================
===========================   Estimation start  ==========================
==========================================================================

--- Split:1 ---

   [*---------] 10% | ET: 9.4s 
   [**--------] 20% | ET: 19.5s 
   [***-------] 30% | ET: 27.8s 
   [****------] 40% | ET: 36.5s 
   [*****-----] 50% | ET: 44.3s 
   [******----] 60% | ET: 53.2s 
   [*******---] 70% | ET: 62.7s 
   [********--] 80% | ET: 73.2s 
   [*********-] 90% | ET: 84.6s 
   [**********] 100% | ET: 99.2s 

--- Split:2 ---

   [*---------] 10% | ET: 14.1s 
   [**--------] 20% | ET: 31.1s 
   [***-------] 30% | ET: 43.6s 
   [****------] 40% | ET: 57s 
   [*****-----] 50% | ET: 68.5s 
   [******----] 60% | ET: 77.4s 
   [*******---] 70% | ET: 86s 
   [********--] 80% | ET: 95.9s 
   [*********-] 90% | ET: 104s 
   [**********] 100% | ET: 113s 

--- IF for proposed nonparametric estimator computed --- ET: 225.3 seconds
--- Estimator computed: mu --- ET: 0.6 seconds --- 
--- Estimator computed: mu_1 --- ET: 0.6 seconds --- 
--- Estimator computed: mu_0 --- ET: 0.6 seconds --- 
--- Estimator computed: de --- ET: 0.6 seconds --- 
--- Estimator computed: oe --- ET: 0.7 seconds --- 
--- Estimator computed: se_1 --- ET: 0.6 seconds --- 
--- Estimator computed: se_0 --- ET: 0.9 seconds --- 
--- Total run time: 231.8 seconds --- 
--- Total run time: 243.8 seconds --- ###################################################
### Job finished at Thu Jun  5 05:07:34 EDT 2025 ###
###################################################
