##############################################################
### Job started at Thu Jun  5 05:10:24 EDT 2025 with p=TypeB, m=200, r=100, s=23 ###
##############################################################

Attaching package: ‘dplyr’

The following objects are masked from ‘package:stats’:

    filter, lag

The following objects are masked from ‘package:base’:

    intersect, setdiff, setequal, union

Loading required package: foreach
Loading required package: iterators
Loading required package: parallel

 randomForestSRC 3.2.2 
 
 Type rfsrc.news() to see new features, changes, and bug fixes. 
 

[conflicted] Will prefer dplyr::select over any other package.
[conflicted] Will prefer dplyr::filter over any other package.
[conflicted] Will prefer reshape2::melt over any other package.
── Attaching core tidyverse packages ──────────────────────── tidyverse 2.0.0 ──
✔ forcats   1.0.0     ✔ readr     2.1.4
✔ ggplot2   3.5.2     ✔ stringr   1.5.1
✔ lubridate 1.9.3     ✔ tibble    3.2.1
✔ purrr     0.3.5     ✔ tidyr     1.2.1
# A tibble: 42 × 4
   theta   tau estimand   truth
   <dbl> <dbl> <chr>      <dbl>
 1  0.3    0.2 de       -0.285 
 2  0.3    0.2 mu        0.443 
 3  0.3    0.2 mu_0      0.529 
 4  0.3    0.2 mu_1      0.244 
 5  0.3    0.2 oe        0.0753
 6  0.3    0.2 se_0      0.0403
 7  0.3    0.2 se_1      0.0231
 8  0.45   0.2 de       -0.268 
 9  0.45   0.2 mu        0.368 
10  0.45   0.2 mu_0      0.489 
11  0.45   0.2 mu_1      0.221 
12  0.45   0.2 oe        0     
13  0.45   0.2 se_0      0     
14  0.45   0.2 se_1      0     
15  0.6    0.2 de       -0.264 
16  0.6    0.2 mu        0.307 
17  0.6    0.2 mu_0      0.466 
18  0.6    0.2 mu_1      0.202 
19  0.6    0.2 oe       -0.0608
20  0.6    0.2 se_0     -0.0231
21  0.6    0.2 se_1     -0.0189
22  0.3    0.4 de       -0.272 
23  0.3    0.4 mu        0.546 
24  0.3    0.4 mu_0      0.628 
25  0.3    0.4 mu_1      0.356 
26  0.3    0.4 oe        0.0749
27  0.3    0.4 se_0      0.0405
28  0.3    0.4 se_1      0.0265
29  0.45   0.4 de       -0.258 
30  0.45   0.4 mu        0.471 
31  0.45   0.4 mu_0      0.587 
32  0.45   0.4 mu_1      0.329 
33  0.45   0.4 oe        0     
34  0.45   0.4 se_0      0     
35  0.45   0.4 se_1      0     
36  0.6    0.4 de       -0.258 
37  0.6    0.4 mu        0.410 
38  0.6    0.4 mu_0      0.564 
39  0.6    0.4 mu_1      0.306 
40  0.6    0.4 oe       -0.0614
41  0.6    0.4 se_0     -0.0226
42  0.6    0.4 se_1     -0.0228
Loading required package: Matrix

Attaching package: ‘Matrix’

The following objects are masked from ‘package:tidyr’:

    expand, pack, unpack


==========================================================================
===========================   Analysis setting  ==========================
==========================================================================

- taus: 0.1, 0.2, 0.3, 0.4, 0.5 

- policy: TypeB 

- thetas: 0.3, 0.31, 0.32, 0.33, 0.34, 0.35, 0.36, 0.37, 0.38, 0.39, 0.4, 0.41, 0.42, 0.43, 0.44, 0.45, 0.46, 0.47, 0.48, 0.49, 0.5, 0.51, 0.52, 0.53, 0.54, 0.55, 0.56, 0.57, 0.58, 0.59, 0.6 

- r: 100 

- K: 2 

- Nuisance estimation method: T nonpara / C para / A para 

- m: 200 

- N_total: 2513 

- cluster size dist'n: 
 5  6  7  8  9 10 11 12 13 14 15 16 17 18 19 20 
11  9 13 10 20 17 12 10 10 12 10 14 15 13 10 14 

 - observed time summary: 
   Min. 1st Qu.  Median    Mean 3rd Qu.    Max. 
 0.0000  0.0215  0.1825  0.5836  0.7368  7.9631 

 - event indicator table: 
   0    1 
 988 1525 

 - event time summary: 
   Min. 1st Qu.  Median    Mean 3rd Qu.    Max. 
0.00000 0.01473 0.14675 0.52097 0.64209 6.26769 

 - censoring time summary: 
   Min. 1st Qu.  Median    Mean 3rd Qu.    Max. 
0.00000 0.03888 0.25593 0.68038 0.88729 7.96311 

 - treatment indicator table: 
   0    1 
1343 1170 

==========================================================================
===========================   Estimation start  ==========================
==========================================================================

--- Split:1 ---

   [*---------] 10% | ET: 9.7s 
   [**--------] 20% | ET: 20.3s 
   [***-------] 30% | ET: 31.1s 
   [****------] 40% | ET: 42.3s 
   [*****-----] 50% | ET: 53.6s 
   [******----] 60% | ET: 66.8s 
   [*******---] 70% | ET: 78.6s 
   [********--] 80% | ET: 92s 
   [*********-] 90% | ET: 105.3s 
   [**********] 100% | ET: 115.6s 

--- Split:2 ---

   [*---------] 10% | ET: 9.8s 
   [**--------] 20% | ET: 21.9s 
   [***-------] 30% | ET: 34.4s 
   [****------] 40% | ET: 46.3s 
   [*****-----] 50% | ET: 56s 
   [******----] 60% | ET: 67.4s 
   [*******---] 70% | ET: 78.4s 
   [********--] 80% | ET: 89.2s 
   [*********-] 90% | ET: 98.8s 
   [**********] 100% | ET: 107.9s 

--- IF for proposed nonparametric estimator computed --- ET: 235.8 seconds
--- Estimator computed: mu --- ET: 0.6 seconds --- 
--- Estimator computed: mu_1 --- ET: 0.6 seconds --- 
--- Estimator computed: mu_0 --- ET: 0.6 seconds --- 
--- Estimator computed: de --- ET: 0.6 seconds --- 
--- Estimator computed: oe --- ET: 0.6 seconds --- 
--- Estimator computed: se_1 --- ET: 0.9 seconds --- 
--- Estimator computed: se_0 --- ET: 0.6 seconds --- 
--- Total run time: 242.5 seconds --- 
--- Total run time: 255.1 seconds --- ###################################################
### Job finished at Thu Jun  5 05:14:39 EDT 2025 ###
###################################################
