##############################################################
### Job started at Thu Jun  5 04:59:36 EDT 2025 with p=TypeB, m=200, r=100, s=23 ###
##############################################################

Attaching package: ‘dplyr’

The following objects are masked from ‘package:stats’:

    filter, lag

The following objects are masked from ‘package:base’:

    intersect, setdiff, setequal, union

Loading required package: foreach
Loading required package: iterators
Loading required package: parallel

 randomForestSRC 3.2.2 
 
 Type rfsrc.news() to see new features, changes, and bug fixes. 
 

[conflicted] Will prefer dplyr::select over any other package.
[conflicted] Will prefer dplyr::filter over any other package.
[conflicted] Will prefer reshape2::melt over any other package.
── Attaching core tidyverse packages ──────────────────────── tidyverse 2.0.0 ──
✔ forcats   1.0.0     ✔ readr     2.1.4
✔ ggplot2   3.5.2     ✔ stringr   1.5.1
✔ lubridate 1.9.3     ✔ tibble    3.2.1
✔ purrr     0.3.5     ✔ tidyr     1.2.1
# A tibble: 42 × 4
   theta   tau estimand   truth
   <dbl> <dbl> <chr>      <dbl>
 1  0.3    0.2 de       -0.284 
 2  0.3    0.2 mu        0.456 
 3  0.3    0.2 mu_0      0.541 
 4  0.3    0.2 mu_1      0.257 
 5  0.3    0.2 oe        0.0676
 6  0.3    0.2 se_0      0.0266
 7  0.3    0.2 se_1      0.0231
 8  0.45   0.2 de       -0.280 
 9  0.45   0.2 mu        0.388 
10  0.45   0.2 mu_0      0.514 
11  0.45   0.2 mu_1      0.234 
12  0.45   0.2 oe        0     
13  0.45   0.2 se_0      0     
14  0.45   0.2 se_1      0     
15  0.6    0.2 de       -0.284 
16  0.6    0.2 mu        0.327 
17  0.6    0.2 mu_0      0.497 
18  0.6    0.2 mu_1      0.213 
19  0.6    0.2 oe       -0.0613
20  0.6    0.2 se_0     -0.0171
21  0.6    0.2 se_1     -0.0208
22  0.3    0.4 de       -0.265 
23  0.3    0.4 mu        0.559 
24  0.3    0.4 mu_0      0.638 
25  0.3    0.4 mu_1      0.373 
26  0.3    0.4 oe        0.0645
27  0.3    0.4 se_0      0.0239
28  0.3    0.4 se_1      0.0258
29  0.45   0.4 de       -0.267 
30  0.45   0.4 mu        0.494 
31  0.45   0.4 mu_0      0.614 
32  0.45   0.4 mu_1      0.347 
33  0.45   0.4 oe        0     
34  0.45   0.4 se_0      0     
35  0.45   0.4 se_1      0     
36  0.6    0.4 de       -0.277 
37  0.6    0.4 mu        0.432 
38  0.6    0.4 mu_0      0.598 
39  0.6    0.4 mu_1      0.322 
40  0.6    0.4 oe       -0.0618
41  0.6    0.4 se_0     -0.0160
42  0.6    0.4 se_1     -0.0256
Loading required package: Matrix

Attaching package: ‘Matrix’

The following objects are masked from ‘package:tidyr’:

    expand, pack, unpack


==========================================================================
===========================   Analysis setting  ==========================
==========================================================================

- taus: 0.1, 0.2, 0.3, 0.4, 0.5 

- policy: TypeB 

- thetas: 0.3, 0.31, 0.32, 0.33, 0.34, 0.35, 0.36, 0.37, 0.38, 0.39, 0.4, 0.41, 0.42, 0.43, 0.44, 0.45, 0.46, 0.47, 0.48, 0.49, 0.5, 0.51, 0.52, 0.53, 0.54, 0.55, 0.56, 0.57, 0.58, 0.59, 0.6 

- r: 100 

- K: 2 

- Nuisance estimation method: T nonpara / C para / A para 

- m: 200 

- N_total: 2493 

- cluster size dist'n: 
 5  6  7  8  9 10 11 12 13 14 15 16 17 18 19 20 
18 13 16 15  7  6  8 12 10 15 11 17 10 19 11 12 

 - observed time summary: 
    Min.  1st Qu.   Median     Mean  3rd Qu.     Max. 
 0.00000  0.02353  0.23142  0.65239  0.82950 13.11072 

 - event indicator table: 
   0    1 
 950 1543 

 - event time summary: 
    Min.  1st Qu.   Median     Mean  3rd Qu.     Max. 
 0.00000  0.01469  0.19351  0.59794  0.74353 13.11072 

 - censoring time summary: 
   Min. 1st Qu.  Median    Mean 3rd Qu.    Max. 
0.00000 0.03568 0.28438 0.74084 0.93362 8.88051 

 - treatment indicator table: 
   0    1 
1259 1234 

==========================================================================
===========================   Estimation start  ==========================
==========================================================================

--- Split:1 ---

   [*---------] 10% | ET: 7.6s 
   [**--------] 20% | ET: 16.5s 
   [***-------] 30% | ET: 26.5s 
   [****------] 40% | ET: 36.5s 
   [*****-----] 50% | ET: 45.9s 
   [******----] 60% | ET: 55.8s 
   [*******---] 70% | ET: 64s 
   [********--] 80% | ET: 72.9s 
   [*********-] 90% | ET: 80.8s 
   [**********] 100% | ET: 88.9s 

--- Split:2 ---

   [*---------] 10% | ET: 7.2s 
   [**--------] 20% | ET: 14.9s 
   [***-------] 30% | ET: 23.1s 
   [****------] 40% | ET: 31.5s 
   [*****-----] 50% | ET: 39.6s 
   [******----] 60% | ET: 46.4s 
   [*******---] 70% | ET: 55.1s 
   [********--] 80% | ET: 63.7s 
   [*********-] 90% | ET: 72.4s 
   [**********] 100% | ET: 80.8s 

--- IF for proposed nonparametric estimator computed --- ET: 182.7 seconds
--- Estimator computed: mu --- ET: 0.6 seconds --- 
--- Estimator computed: mu_1 --- ET: 0.5 seconds --- 
--- Estimator computed: mu_0 --- ET: 0.6 seconds --- 
--- Estimator computed: de --- ET: 0.6 seconds --- 
--- Estimator computed: oe --- ET: 0.5 seconds --- 
--- Estimator computed: se_1 --- ET: 0.8 seconds --- 
--- Estimator computed: se_0 --- ET: 0.5 seconds --- 
--- Total run time: 189 seconds --- 
--- Total run time: 200.8 seconds --- ###################################################
### Job finished at Thu Jun  5 05:02:57 EDT 2025 ###
###################################################
