##############################################################
### Job started at Thu Jun  5 04:57:34 EDT 2025 with p=TypeB, m=200, r=100, s=23 ###
##############################################################

Attaching package: ‘dplyr’

The following objects are masked from ‘package:stats’:

    filter, lag

The following objects are masked from ‘package:base’:

    intersect, setdiff, setequal, union

Loading required package: foreach
Loading required package: iterators
Loading required package: parallel

 randomForestSRC 3.2.2 
 
 Type rfsrc.news() to see new features, changes, and bug fixes. 
 

[conflicted] Will prefer dplyr::select over any other package.
[conflicted] Will prefer dplyr::filter over any other package.
[conflicted] Will prefer reshape2::melt over any other package.
── Attaching core tidyverse packages ──────────────────────── tidyverse 2.0.0 ──
✔ forcats   1.0.0     ✔ readr     2.1.4
✔ ggplot2   3.5.2     ✔ stringr   1.5.1
✔ lubridate 1.9.3     ✔ tibble    3.2.1
✔ purrr     0.3.5     ✔ tidyr     1.2.1
# A tibble: 42 × 4
   theta   tau estimand   truth
   <dbl> <dbl> <chr>      <dbl>
 1  0.3    0.2 de       -0.286 
 2  0.3    0.2 mu        0.449 
 3  0.3    0.2 mu_0      0.535 
 4  0.3    0.2 mu_1      0.249 
 5  0.3    0.2 oe        0.0705
 6  0.3    0.2 se_0      0.0310
 7  0.3    0.2 se_1      0.0234
 8  0.45   0.2 de       -0.278 
 9  0.45   0.2 mu        0.379 
10  0.45   0.2 mu_0      0.504 
11  0.45   0.2 mu_1      0.226 
12  0.45   0.2 oe        0     
13  0.45   0.2 se_0      0     
14  0.45   0.2 se_1      0     
15  0.6    0.2 de       -0.277 
16  0.6    0.2 mu        0.315 
17  0.6    0.2 mu_0      0.481 
18  0.6    0.2 mu_1      0.204 
19  0.6    0.2 oe       -0.0639
20  0.6    0.2 se_0     -0.0228
21  0.6    0.2 se_1     -0.0217
22  0.3    0.4 de       -0.270 
23  0.3    0.4 mu        0.552 
24  0.3    0.4 mu_0      0.633 
25  0.3    0.4 mu_1      0.363 
26  0.3    0.4 oe        0.0699
27  0.3    0.4 se_0      0.0306
28  0.3    0.4 se_1      0.0278
29  0.45   0.4 de       -0.268 
30  0.45   0.4 mu        0.482 
31  0.45   0.4 mu_0      0.603 
32  0.45   0.4 mu_1      0.335 
33  0.45   0.4 oe        0     
34  0.45   0.4 se_0      0     
35  0.45   0.4 se_1      0     
36  0.6    0.4 de       -0.271 
37  0.6    0.4 mu        0.416 
38  0.6    0.4 mu_0      0.579 
39  0.6    0.4 mu_1      0.308 
40  0.6    0.4 oe       -0.0660
41  0.6    0.4 se_0     -0.0235
42  0.6    0.4 se_1     -0.0274
Loading required package: Matrix

Attaching package: ‘Matrix’

The following objects are masked from ‘package:tidyr’:

    expand, pack, unpack


==========================================================================
===========================   Analysis setting  ==========================
==========================================================================

- taus: 0.1, 0.2, 0.3, 0.4, 0.5 

- policy: TypeB 

- thetas: 0.3, 0.31, 0.32, 0.33, 0.34, 0.35, 0.36, 0.37, 0.38, 0.39, 0.4, 0.41, 0.42, 0.43, 0.44, 0.45, 0.46, 0.47, 0.48, 0.49, 0.5, 0.51, 0.52, 0.53, 0.54, 0.55, 0.56, 0.57, 0.58, 0.59, 0.6 

- r: 100 

- K: 2 

- Nuisance estimation method: T nonpara / C para / A para 

- m: 200 

- N_total: 2432 

- cluster size dist'n: 
 5  6  7  8  9 10 11 12 13 14 15 16 17 18 19 20 
11 13 12 17 16 11 16 13 17  6 13  7 12 16 11  9 

 - observed time summary: 
   Min. 1st Qu.  Median    Mean 3rd Qu.    Max. 
0.00000 0.02435 0.22817 0.61117 0.80468 9.03100 

 - event indicator table: 
   0    1 
 994 1438 

 - event time summary: 
   Min. 1st Qu.  Median    Mean 3rd Qu.    Max. 
0.00000 0.01823 0.17567 0.53349 0.69995 9.03100 

 - censoring time summary: 
   Min. 1st Qu.  Median    Mean 3rd Qu.    Max. 
0.00000 0.04061 0.30797 0.72356 0.97942 7.26849 

 - treatment indicator table: 
   0    1 
1267 1165 

==========================================================================
===========================   Estimation start  ==========================
==========================================================================

--- Split:1 ---

   [*---------] 10% | ET: 9.5s 
   [**--------] 20% | ET: 19s 
   [***-------] 30% | ET: 29.1s 
   [****------] 40% | ET: 40.2s 
   [*****-----] 50% | ET: 51.3s 
   [******----] 60% | ET: 64.2s 
   [*******---] 70% | ET: 74.9s 
   [********--] 80% | ET: 84.3s 
   [*********-] 90% | ET: 95.3s 
   [**********] 100% | ET: 110.5s 

--- Split:2 ---

   [*---------] 10% | ET: 10.2s 
   [**--------] 20% | ET: 24.3s 
   [***-------] 30% | ET: 38.6s 
   [****------] 40% | ET: 52.3s 
   [*****-----] 50% | ET: 64.9s 
   [******----] 60% | ET: 78.2s 
   [*******---] 70% | ET: 90.8s 
   [********--] 80% | ET: 101.2s 
   [*********-] 90% | ET: 114.3s 
   [**********] 100% | ET: 128.1s 

--- IF for proposed nonparametric estimator computed --- ET: 254.8 seconds
--- Estimator computed: mu --- ET: 0.6 seconds --- 
--- Estimator computed: mu_1 --- ET: 0.6 seconds --- 
--- Estimator computed: mu_0 --- ET: 0.8 seconds --- 
--- Estimator computed: de --- ET: 0.5 seconds --- 
--- Estimator computed: oe --- ET: 0.6 seconds --- 
--- Estimator computed: se_1 --- ET: 0.6 seconds --- 
--- Estimator computed: se_0 --- ET: 0.5 seconds --- 
--- Total run time: 261.4 seconds --- 
Warning message:
In checkConv(attr(opt, "derivs"), opt$par, ctrl = control$checkConv,  :
  Model failed to converge with max|grad| = 0.00311087 (tol = 0.002, component 1)
--- Total run time: 273.9 seconds --- ###################################################
### Job finished at Thu Jun  5 05:02:09 EDT 2025 ###
###################################################
