##############################################################
### Job started at Thu Jun  5 05:02:59 EDT 2025 with p=TypeB, m=200, r=100, s=23 ###
##############################################################

Attaching package: ‘dplyr’

The following objects are masked from ‘package:stats’:

    filter, lag

The following objects are masked from ‘package:base’:

    intersect, setdiff, setequal, union

Loading required package: foreach
Loading required package: iterators
Loading required package: parallel

 randomForestSRC 3.2.2 
 
 Type rfsrc.news() to see new features, changes, and bug fixes. 
 

[conflicted] Will prefer dplyr::select over any other package.
[conflicted] Will prefer dplyr::filter over any other package.
[conflicted] Will prefer reshape2::melt over any other package.
── Attaching core tidyverse packages ──────────────────────── tidyverse 2.0.0 ──
✔ forcats   1.0.0     ✔ readr     2.1.4
✔ ggplot2   3.5.2     ✔ stringr   1.5.1
✔ lubridate 1.9.3     ✔ tibble    3.2.1
✔ purrr     0.3.5     ✔ tidyr     1.2.1
# A tibble: 42 × 4
   theta   tau estimand   truth
   <dbl> <dbl> <chr>      <dbl>
 1  0.3    0.2 de       -0.288 
 2  0.3    0.2 mu        0.458 
 3  0.3    0.2 mu_0      0.544 
 4  0.3    0.2 mu_1      0.256 
 5  0.3    0.2 oe        0.0720
 6  0.3    0.2 se_0      0.0311
 7  0.3    0.2 se_1      0.0260
 8  0.45   0.2 de       -0.283 
 9  0.45   0.2 mu        0.386 
10  0.45   0.2 mu_0      0.513 
11  0.45   0.2 mu_1      0.230 
12  0.45   0.2 oe        0     
13  0.45   0.2 se_0      0     
14  0.45   0.2 se_1      0     
15  0.6    0.2 de       -0.272 
16  0.6    0.2 mu        0.315 
17  0.6    0.2 mu_0      0.478 
18  0.6    0.2 mu_1      0.206 
19  0.6    0.2 oe       -0.0708
20  0.6    0.2 se_0     -0.0345
21  0.6    0.2 se_1     -0.0242
22  0.3    0.4 de       -0.271 
23  0.3    0.4 mu        0.562 
24  0.3    0.4 mu_0      0.643 
25  0.3    0.4 mu_1      0.372 
26  0.3    0.4 oe        0.0708
27  0.3    0.4 se_0      0.0296
28  0.3    0.4 se_1      0.0310
29  0.45   0.4 de       -0.272 
30  0.45   0.4 mu        0.491 
31  0.45   0.4 mu_0      0.613 
32  0.45   0.4 mu_1      0.341 
33  0.45   0.4 oe        0     
34  0.45   0.4 se_0      0     
35  0.45   0.4 se_1      0     
36  0.6    0.4 de       -0.266 
37  0.6    0.4 mu        0.417 
38  0.6    0.4 mu_0      0.576 
39  0.6    0.4 mu_1      0.310 
40  0.6    0.4 oe       -0.0742
41  0.6    0.4 se_0     -0.0372
42  0.6    0.4 se_1     -0.0309
Loading required package: Matrix

Attaching package: ‘Matrix’

The following objects are masked from ‘package:tidyr’:

    expand, pack, unpack


==========================================================================
===========================   Analysis setting  ==========================
==========================================================================

- taus: 0.1, 0.2, 0.3, 0.4, 0.5 

- policy: TypeB 

- thetas: 0.3, 0.31, 0.32, 0.33, 0.34, 0.35, 0.36, 0.37, 0.38, 0.39, 0.4, 0.41, 0.42, 0.43, 0.44, 0.45, 0.46, 0.47, 0.48, 0.49, 0.5, 0.51, 0.52, 0.53, 0.54, 0.55, 0.56, 0.57, 0.58, 0.59, 0.6 

- r: 100 

- K: 2 

- Nuisance estimation method: T nonpara / C para / A para 

- m: 200 

- N_total: 2516 

- cluster size dist'n: 
 5  6  7  8  9 10 11 12 13 14 15 16 17 18 19 20 
16 12  7 13 10 13 17 11  9 12 10 21 14 14  9 12 

 - observed time summary: 
    Min.  1st Qu.   Median     Mean  3rd Qu.     Max. 
 0.00000  0.01658  0.16775  0.57619  0.71374 10.31031 

 - event indicator table: 
   0    1 
 980 1536 

 - event time summary: 
   Min. 1st Qu.  Median    Mean 3rd Qu.    Max. 
0.00000 0.01015 0.14825 0.53311 0.65932 7.39258 

 - censoring time summary: 
    Min.  1st Qu.   Median     Mean  3rd Qu.     Max. 
 0.00000  0.03116  0.19490  0.64371  0.83038 10.31031 

 - treatment indicator table: 
   0    1 
1412 1104 

==========================================================================
===========================   Estimation start  ==========================
==========================================================================

--- Split:1 ---

   [*---------] 10% | ET: 7s 
   [**--------] 20% | ET: 14.9s 
   [***-------] 30% | ET: 22.8s 
   [****------] 40% | ET: 30.5s 
   [*****-----] 50% | ET: 38.5s 
   [******----] 60% | ET: 47.1s 
   [*******---] 70% | ET: 56.7s 
   [********--] 80% | ET: 66.2s 
   [*********-] 90% | ET: 75.1s 
   [**********] 100% | ET: 83.9s 

--- Split:2 ---

   [*---------] 10% | ET: 8s 
   [**--------] 20% | ET: 17.1s 
   [***-------] 30% | ET: 25.2s 
   [****------] 40% | ET: 33.8s 
   [*****-----] 50% | ET: 42s 
   [******----] 60% | ET: 50.7s 
   [*******---] 70% | ET: 58.8s 
   [********--] 80% | ET: 67.2s 
   [*********-] 90% | ET: 75.6s 
   [**********] 100% | ET: 84.2s 

--- IF for proposed nonparametric estimator computed --- ET: 182.1 seconds
--- Estimator computed: mu --- ET: 0.7 seconds --- 
--- Estimator computed: mu_1 --- ET: 0.6 seconds --- 
--- Estimator computed: mu_0 --- ET: 0.6 seconds --- 
--- Estimator computed: de --- ET: 0.6 seconds --- 
--- Estimator computed: oe --- ET: 0.5 seconds --- 
--- Estimator computed: se_1 --- ET: 0.8 seconds --- 
--- Estimator computed: se_0 --- ET: 0.6 seconds --- 
--- Total run time: 188.6 seconds --- 
--- Total run time: 200.4 seconds --- ###################################################
### Job finished at Thu Jun  5 05:06:20 EDT 2025 ###
###################################################
