##############################################################
### Job started at Thu Jun  5 04:53:12 EDT 2025 with p=TypeB, m=200, r=100, s=23 ###
##############################################################

Attaching package: ‘dplyr’

The following objects are masked from ‘package:stats’:

    filter, lag

The following objects are masked from ‘package:base’:

    intersect, setdiff, setequal, union

Loading required package: foreach
Loading required package: iterators
Loading required package: parallel

 randomForestSRC 3.2.2 
 
 Type rfsrc.news() to see new features, changes, and bug fixes. 
 

[conflicted] Will prefer dplyr::select over any other package.
[conflicted] Will prefer dplyr::filter over any other package.
[conflicted] Will prefer reshape2::melt over any other package.
── Attaching core tidyverse packages ──────────────────────── tidyverse 2.0.0 ──
✔ forcats   1.0.0     ✔ readr     2.1.4
✔ ggplot2   3.5.2     ✔ stringr   1.5.1
✔ lubridate 1.9.3     ✔ tibble    3.2.1
✔ purrr     0.3.5     ✔ tidyr     1.2.1
# A tibble: 42 × 4
   theta   tau estimand      truth
   <dbl> <dbl> <chr>         <dbl>
 1  0.3    0.2 de       -0.279    
 2  0.3    0.2 mu        0.445    
 3  0.3    0.2 mu_0      0.529    
 4  0.3    0.2 mu_1      0.250    
 5  0.3    0.2 oe        0.0466   
 6  0.3    0.2 se_0      0.00879  
 7  0.3    0.2 se_1      0.0000269
 8  0.45   0.2 de       -0.270    
 9  0.45   0.2 mu        0.398    
10  0.45   0.2 mu_0      0.520    
11  0.45   0.2 mu_1      0.250    
12  0.45   0.2 oe        0        
13  0.45   0.2 se_0      0        
14  0.45   0.2 se_1      0        
15  0.6    0.2 de       -0.302    
16  0.6    0.2 mu        0.370    
17  0.6    0.2 mu_0      0.552    
18  0.6    0.2 mu_1      0.250    
19  0.6    0.2 oe       -0.0280   
20  0.6    0.2 se_0      0.0318   
21  0.6    0.2 se_1     -0.000466 
22  0.3    0.4 de       -0.262    
23  0.3    0.4 mu        0.548    
24  0.3    0.4 mu_0      0.627    
25  0.3    0.4 mu_1      0.364    
26  0.3    0.4 oe        0.0389   
27  0.3    0.4 se_0      0.00394  
28  0.3    0.4 se_1     -0.00586  
29  0.45   0.4 de       -0.252    
30  0.45   0.4 mu        0.509    
31  0.45   0.4 mu_0      0.623    
32  0.45   0.4 mu_1      0.370    
33  0.45   0.4 oe        0        
34  0.45   0.4 se_0      0        
35  0.45   0.4 se_1      0        
36  0.6    0.4 de       -0.290    
37  0.6    0.4 mu        0.490    
38  0.6    0.4 mu_0      0.664    
39  0.6    0.4 mu_1      0.374    
40  0.6    0.4 oe       -0.0192   
41  0.6    0.4 se_0      0.0411   
42  0.6    0.4 se_1      0.00363  
Loading required package: Matrix

Attaching package: ‘Matrix’

The following objects are masked from ‘package:tidyr’:

    expand, pack, unpack


==========================================================================
===========================   Analysis setting  ==========================
==========================================================================

- taus: 0.1, 0.2, 0.3, 0.4, 0.5 

- policy: TypeB 

- thetas: 0.3, 0.31, 0.32, 0.33, 0.34, 0.35, 0.36, 0.37, 0.38, 0.39, 0.4, 0.41, 0.42, 0.43, 0.44, 0.45, 0.46, 0.47, 0.48, 0.49, 0.5, 0.51, 0.52, 0.53, 0.54, 0.55, 0.56, 0.57, 0.58, 0.59, 0.6 

- r: 100 

- K: 2 

- Nuisance estimation method: T nonpara / C para / A para 

- m: 200 

- N_total: 2532 

- cluster size dist'n: 
 5  6  7  8  9 10 11 12 13 14 15 16 17 18 19 20 
13 12  8 19 11  9 13  8 12 13 24 10  5 16 12 15 

 - observed time summary: 
   Min. 1st Qu.  Median    Mean 3rd Qu.    Max. 
 0.0000  0.0169  0.1756  0.5679  0.6809  8.8311 

 - event indicator table: 
   0    1 
 990 1542 

 - event time summary: 
   Min. 1st Qu.  Median    Mean 3rd Qu.    Max. 
0.00000 0.01023 0.15110 0.53061 0.60447 8.83111 

 - censoring time summary: 
   Min. 1st Qu.  Median    Mean 3rd Qu.    Max. 
0.00000 0.03177 0.22933 0.62591 0.77784 6.79851 

 - treatment indicator table: 
   0    1 
1431 1101 

==========================================================================
===========================   Estimation start  ==========================
==========================================================================

--- Split:1 ---

   [*---------] 10% | ET: 6.9s 
   [**--------] 20% | ET: 13.5s 
   [***-------] 30% | ET: 21.2s 
   [****------] 40% | ET: 28.6s 
   [*****-----] 50% | ET: 36.3s 
   [******----] 60% | ET: 43.8s 
   [*******---] 70% | ET: 51.2s 
   [********--] 80% | ET: 58.1s 
   [*********-] 90% | ET: 65.8s 
   [**********] 100% | ET: 73.5s 

--- Split:2 ---

   [*---------] 10% | ET: 6.7s 
   [**--------] 20% | ET: 14.7s 
   [***-------] 30% | ET: 22.4s 
   [****------] 40% | ET: 31.1s 
   [*****-----] 50% | ET: 39.2s 
   [******----] 60% | ET: 47s 
   [*******---] 70% | ET: 55.5s 
   [********--] 80% | ET: 63.6s 
   [*********-] 90% | ET: 71.9s 
   [**********] 100% | ET: 80.4s 

--- IF for proposed nonparametric estimator computed --- ET: 167.5 seconds
--- Estimator computed: mu --- ET: 0.6 seconds --- 
--- Estimator computed: mu_1 --- ET: 0.6 seconds --- 
--- Estimator computed: mu_0 --- ET: 0.6 seconds --- 
--- Estimator computed: de --- ET: 0.5 seconds --- 
--- Estimator computed: oe --- ET: 0.8 seconds --- 
--- Estimator computed: se_1 --- ET: 0.5 seconds --- 
--- Estimator computed: se_0 --- ET: 0.5 seconds --- 
--- Total run time: 173.7 seconds --- 
Warning message:
In checkConv(attr(opt, "derivs"), opt$par, ctrl = control$checkConv,  :
  Model failed to converge with max|grad| = 0.00395145 (tol = 0.002, component 1)
--- Total run time: 185.7 seconds --- ###################################################
### Job finished at Thu Jun  5 04:56:17 EDT 2025 ###
###################################################
