##############################################################
### Job started at Thu Jun  5 12:58:09 EDT 2025 with p=TypeB, m=200, r=20, s=1 ###
##############################################################

Attaching package: ‘dplyr’

The following objects are masked from ‘package:stats’:

    filter, lag

The following objects are masked from ‘package:base’:

    intersect, setdiff, setequal, union

Loading required package: foreach
Loading required package: iterators
Loading required package: parallel

 randomForestSRC 3.2.2 
 
 Type rfsrc.news() to see new features, changes, and bug fixes. 
 

[conflicted] Will prefer dplyr::select over any other package.
[conflicted] Will prefer dplyr::filter over any other package.
[conflicted] Will prefer reshape2::melt over any other package.
── Attaching core tidyverse packages ──────────────────────── tidyverse 2.0.0 ──
✔ forcats   1.0.0     ✔ readr     2.1.4
✔ ggplot2   3.5.2     ✔ stringr   1.5.1
✔ lubridate 1.9.3     ✔ tibble    3.2.1
✔ purrr     0.3.5     ✔ tidyr     1.2.1
# A tibble: 42 × 4
   theta   tau estimand   truth
   <dbl> <dbl> <chr>      <dbl>
 1  0.3    0.2 de       -0.291 
 2  0.3    0.2 mu        0.466 
 3  0.3    0.2 mu_0      0.554 
 4  0.3    0.2 mu_1      0.263 
 5  0.3    0.2 oe        0.0711
 6  0.3    0.2 se_0      0.0299
 7  0.3    0.2 se_1      0.0244
 8  0.45   0.2 de       -0.285 
 9  0.45   0.2 mu        0.395 
10  0.45   0.2 mu_0      0.524 
11  0.45   0.2 mu_1      0.238 
12  0.45   0.2 oe        0     
13  0.45   0.2 se_0      0     
14  0.45   0.2 se_1      0     
15  0.6    0.2 de       -0.280 
16  0.6    0.2 mu        0.326 
17  0.6    0.2 mu_0      0.494 
18  0.6    0.2 mu_1      0.214 
19  0.6    0.2 oe       -0.0692
20  0.6    0.2 se_0     -0.0296
21  0.6    0.2 se_1     -0.0242
22  0.3    0.4 de       -0.270 
23  0.3    0.4 mu        0.570 
24  0.3    0.4 mu_0      0.651 
25  0.3    0.4 mu_1      0.380 
26  0.3    0.4 oe        0.0682
27  0.3    0.4 se_0      0.0274
28  0.3    0.4 se_1      0.0280
29  0.45   0.4 de       -0.271 
30  0.45   0.4 mu        0.501 
31  0.45   0.4 mu_0      0.623 
32  0.45   0.4 mu_1      0.352 
33  0.45   0.4 oe        0     
34  0.45   0.4 se_0      0     
35  0.45   0.4 se_1      0     
36  0.6    0.4 de       -0.271 
37  0.6    0.4 mu        0.430 
38  0.6    0.4 mu_0      0.593 
39  0.6    0.4 mu_1      0.322 
40  0.6    0.4 oe       -0.0710
41  0.6    0.4 se_0     -0.0304
42  0.6    0.4 se_1     -0.0303
Loading required package: Matrix

Attaching package: ‘Matrix’

The following objects are masked from ‘package:tidyr’:

    expand, pack, unpack


==========================================================================
===========================   Analysis setting  ==========================
==========================================================================

- taus: 0.1, 0.2, 0.3, 0.4, 0.5 

- policy: TypeB 

- thetas: 0.3, 0.31, 0.32, 0.33, 0.34, 0.35, 0.36, 0.37, 0.38, 0.39, 0.4, 0.41, 0.42, 0.43, 0.44, 0.45, 0.46, 0.47, 0.48, 0.49, 0.5, 0.51, 0.52, 0.53, 0.54, 0.55, 0.56, 0.57, 0.58, 0.59, 0.6 

- r: 20 

- K: 2 

- Nuisance estimation method: T nonpara / C nonpara / A nonpara 

- m: 200 

- N_total: 2501 

- cluster size dist'n: 
 5  6  7  8  9 10 11 12 13 14 15 16 17 18 19 20 
11 13 15 13 13 11 10 16 15  8 10 14 12 12 11 16 

 - observed time summary: 
    Min.  1st Qu.   Median     Mean  3rd Qu.     Max. 
 0.00000  0.02567  0.21163  0.63718  0.79974 12.45651 

 - event indicator table: 
   0    1 
 986 1515 

 - event time summary: 
    Min.  1st Qu.   Median     Mean  3rd Qu.     Max. 
 0.00000  0.01732  0.18527  0.57544  0.71752 12.45651 

 - censoring time summary: 
   Min. 1st Qu.  Median    Mean 3rd Qu.    Max. 
0.00000 0.04133 0.29323 0.73205 0.98003 7.30116 

 - treatment indicator table: 
   0    1 
1308 1193 

==========================================================================
===========================   Estimation start  ==========================
==========================================================================

--- Split:1 ---

Running BART with binary y

number of trees: 25
number of chains: 1, number of threads 1
tree thinning rate: 1
Prior:
	prior on k: chi with 1.250000 degrees of freedom and inf scale
	power and base for tree prior: 2.000000 0.950000
	use quantiles for rule cut points: false
	proposal probabilities: birth/death 0.50, swap 0.10, change 0.40; birth 0.50
data:
	number of training observations: 1237
	number of test observations: 0
	number of explanatory variables: 15

Cutoff rules c in x<=c vs x>c
Number of cutoffs: (var: number of possible c):
(1: 100) (2: 100) (3: 100) (4: 100) (5: 100) 
(6: 100) (7: 100) (8: 100) (9: 100) (10: 100) 
(11: 100) (12: 100) (13: 100) (14: 100) (15: 100) 


   [*---------] 10% | ET: 4.3s 
   [**--------] 20% | ET: 8.5s 
   [***-------] 30% | ET: 12.9s 
   [****------] 40% | ET: 17.2s 
   [*****-----] 50% | ET: 21.7s 
   [******----] 60% | ET: 26.1s 
   [*******---] 70% | ET: 30.3s 
   [********--] 80% | ET: 34.7s 
   [*********-] 90% | ET: 39.1s 
   [**********] 100% | ET: 43.5s 

--- Split:2 ---

Running BART with binary y

number of trees: 25
number of chains: 1, number of threads 1
tree thinning rate: 1
Prior:
	prior on k: chi with 1.250000 degrees of freedom and inf scale
	power and base for tree prior: 2.000000 0.950000
	use quantiles for rule cut points: false
	proposal probabilities: birth/death 0.50, swap 0.10, change 0.40; birth 0.50
data:
	number of training observations: 1264
	number of test observations: 0
	number of explanatory variables: 15

Cutoff rules c in x<=c vs x>c
Number of cutoffs: (var: number of possible c):
(1: 100) (2: 100) (3: 100) (4: 100) (5: 100) 
(6: 100) (7: 100) (8: 100) (9: 100) (10: 100) 
(11: 100) (12: 100) (13: 100) (14: 100) (15: 100) 


   [*---------] 10% | ET: 4.5s 
   [**--------] 20% | ET: 9.7s 
   [***-------] 30% | ET: 14.8s 
   [****------] 40% | ET: 20.1s 
   [*****-----] 50% | ET: 25.4s 
   [******----] 60% | ET: 30.4s 
   [*******---] 70% | ET: 35.5s 
   [********--] 80% | ET: 40.4s 
   [*********-] 90% | ET: 46.1s 
   [**********] 100% | ET: 50.9s 

--- IF for proposed nonparametric estimator computed --- ET: 109.8 seconds
--- Estimator computed: mu --- ET: 0.7 seconds --- 
--- Estimator computed: mu_1 --- ET: 0.5 seconds --- 
--- Estimator computed: mu_0 --- ET: 0.6 seconds --- 
--- Estimator computed: de --- ET: 0.6 seconds --- 
--- Estimator computed: oe --- ET: 0.6 seconds --- 
--- Estimator computed: se_1 --- ET: 0.6 seconds --- 
--- Estimator computed: se_0 --- ET: 0.6 seconds --- 
--- Total run time: 116.1 seconds --- 
--- Total run time: 128.9 seconds --- ###################################################
### Job finished at Thu Jun  5 13:00:18 EDT 2025 ###
###################################################
