##############################################################
### Job started at Thu Jun  5 13:03:53 EDT 2025 with p=TypeB, m=200, r=20, s=1 ###
##############################################################

Attaching package: ‘dplyr’

The following objects are masked from ‘package:stats’:

    filter, lag

The following objects are masked from ‘package:base’:

    intersect, setdiff, setequal, union

Loading required package: foreach
Loading required package: iterators
Loading required package: parallel

 randomForestSRC 3.2.2 
 
 Type rfsrc.news() to see new features, changes, and bug fixes. 
 

[conflicted] Will prefer dplyr::select over any other package.
[conflicted] Will prefer dplyr::filter over any other package.
[conflicted] Will prefer reshape2::melt over any other package.
── Attaching core tidyverse packages ──────────────────────── tidyverse 2.0.0 ──
✔ forcats   1.0.0     ✔ readr     2.1.4
✔ ggplot2   3.5.2     ✔ stringr   1.5.1
✔ lubridate 1.9.3     ✔ tibble    3.2.1
✔ purrr     0.3.5     ✔ tidyr     1.2.1
# A tibble: 42 × 4
   theta   tau estimand   truth
   <dbl> <dbl> <chr>      <dbl>
 1  0.3    0.2 de       -0.290 
 2  0.3    0.2 mu        0.464 
 3  0.3    0.2 mu_0      0.551 
 4  0.3    0.2 mu_1      0.261 
 5  0.3    0.2 oe        0.0686
 6  0.3    0.2 se_0      0.0273
 7  0.3    0.2 se_1      0.0222
 8  0.45   0.2 de       -0.285 
 9  0.45   0.2 mu        0.396 
10  0.45   0.2 mu_0      0.524 
11  0.45   0.2 mu_1      0.239 
12  0.45   0.2 oe        0     
13  0.45   0.2 se_0      0     
14  0.45   0.2 se_1      0     
15  0.6    0.2 de       -0.284 
16  0.6    0.2 mu        0.332 
17  0.6    0.2 mu_0      0.502 
18  0.6    0.2 mu_1      0.218 
19  0.6    0.2 oe       -0.0638
20  0.6    0.2 se_0     -0.0218
21  0.6    0.2 se_1     -0.0204
22  0.3    0.4 de       -0.272 
23  0.3    0.4 mu        0.569 
24  0.3    0.4 mu_0      0.650 
25  0.3    0.4 mu_1      0.379 
26  0.3    0.4 oe        0.0653
27  0.3    0.4 se_0      0.0245
28  0.3    0.4 se_1      0.0246
29  0.45   0.4 de       -0.272 
30  0.45   0.4 mu        0.503 
31  0.45   0.4 mu_0      0.626 
32  0.45   0.4 mu_1      0.354 
33  0.45   0.4 oe        0     
34  0.45   0.4 se_0      0     
35  0.45   0.4 se_1      0     
36  0.6    0.4 de       -0.276 
37  0.6    0.4 mu        0.440 
38  0.6    0.4 mu_0      0.605 
39  0.6    0.4 mu_1      0.329 
40  0.6    0.4 oe       -0.0638
41  0.6    0.4 se_0     -0.0207
42  0.6    0.4 se_1     -0.0245
Loading required package: Matrix

Attaching package: ‘Matrix’

The following objects are masked from ‘package:tidyr’:

    expand, pack, unpack


==========================================================================
===========================   Analysis setting  ==========================
==========================================================================

- taus: 0.1, 0.2, 0.3, 0.4, 0.5 

- policy: TypeB 

- thetas: 0.3, 0.31, 0.32, 0.33, 0.34, 0.35, 0.36, 0.37, 0.38, 0.39, 0.4, 0.41, 0.42, 0.43, 0.44, 0.45, 0.46, 0.47, 0.48, 0.49, 0.5, 0.51, 0.52, 0.53, 0.54, 0.55, 0.56, 0.57, 0.58, 0.59, 0.6 

- r: 20 

- K: 2 

- Nuisance estimation method: T nonpara / C nonpara / A nonpara 

- m: 200 

- N_total: 2476 

- cluster size dist'n: 
 5  6  7  8  9 10 11 12 13 14 15 16 17 18 19 20 
16 11 13 12  7 14 15 16  9 14 15  9 12 16 11 10 

 - observed time summary: 
    Min.  1st Qu.   Median     Mean  3rd Qu.     Max. 
 0.00000  0.02019  0.19408  0.60256  0.77479 12.59211 

 - event indicator table: 
   0    1 
1007 1469 

 - event time summary: 
    Min.  1st Qu.   Median     Mean  3rd Qu.     Max. 
 0.00000  0.01137  0.15322  0.55959  0.69000 12.59211 

 - censoring time summary: 
   Min. 1st Qu.  Median    Mean 3rd Qu.    Max. 
0.00000 0.03946 0.23989 0.66524 0.89620 7.30590 

 - treatment indicator table: 
   0    1 
1326 1150 

==========================================================================
===========================   Estimation start  ==========================
==========================================================================

--- Split:1 ---

Running BART with binary y

number of trees: 25
number of chains: 1, number of threads 1
tree thinning rate: 1
Prior:
	prior on k: chi with 1.250000 degrees of freedom and inf scale
	power and base for tree prior: 2.000000 0.950000
	use quantiles for rule cut points: false
	proposal probabilities: birth/death 0.50, swap 0.10, change 0.40; birth 0.50
data:
	number of training observations: 1169
	number of test observations: 0
	number of explanatory variables: 15

Cutoff rules c in x<=c vs x>c
Number of cutoffs: (var: number of possible c):
(1: 100) (2: 100) (3: 100) (4: 100) (5: 100) 
(6: 100) (7: 100) (8: 100) (9: 100) (10: 100) 
(11: 100) (12: 100) (13: 100) (14: 100) (15: 100) 


   [*---------] 10% | ET: 4.3s 
   [**--------] 20% | ET: 8.6s 
   [***-------] 30% | ET: 13.1s 
   [****------] 40% | ET: 17.2s 
   [*****-----] 50% | ET: 20.9s 
   [******----] 60% | ET: 24.8s 
   [*******---] 70% | ET: 29.4s 
   [********--] 80% | ET: 34.1s 
   [*********-] 90% | ET: 39.1s 
   [**********] 100% | ET: 44.2s 

--- Split:2 ---

Running BART with binary y

number of trees: 25
number of chains: 1, number of threads 1
tree thinning rate: 1
Prior:
	prior on k: chi with 1.250000 degrees of freedom and inf scale
	power and base for tree prior: 2.000000 0.950000
	use quantiles for rule cut points: false
	proposal probabilities: birth/death 0.50, swap 0.10, change 0.40; birth 0.50
data:
	number of training observations: 1307
	number of test observations: 0
	number of explanatory variables: 15

Cutoff rules c in x<=c vs x>c
Number of cutoffs: (var: number of possible c):
(1: 100) (2: 100) (3: 100) (4: 100) (5: 100) 
(6: 100) (7: 100) (8: 100) (9: 100) (10: 100) 
(11: 100) (12: 100) (13: 100) (14: 100) (15: 100) 


   [*---------] 10% | ET: 4.8s 
   [**--------] 20% | ET: 10.2s 
   [***-------] 30% | ET: 15.5s 
   [****------] 40% | ET: 20.6s 
   [*****-----] 50% | ET: 25.4s 
   [******----] 60% | ET: 29.6s 
   [*******---] 70% | ET: 33.8s 
   [********--] 80% | ET: 38s 
   [*********-] 90% | ET: 42.1s 
   [**********] 100% | ET: 46.2s 

--- IF for proposed nonparametric estimator computed --- ET: 104.6 seconds
--- Estimator computed: mu --- ET: 0.6 seconds --- 
--- Estimator computed: mu_1 --- ET: 0.7 seconds --- 
--- Estimator computed: mu_0 --- ET: 0.5 seconds --- 
--- Estimator computed: de --- ET: 0.5 seconds --- 
--- Estimator computed: oe --- ET: 0.5 seconds --- 
--- Estimator computed: se_1 --- ET: 0.5 seconds --- 
--- Estimator computed: se_0 --- ET: 0.6 seconds --- 
--- Total run time: 110.5 seconds --- 
--- Total run time: 122.1 seconds --- ###################################################
### Job finished at Thu Jun  5 13:05:55 EDT 2025 ###
###################################################
