##############################################################
### Job started at Thu Jun  5 13:24:07 EDT 2025 with p=TypeB, m=200, r=50, s=1 ###
##############################################################

Attaching package: ‘dplyr’

The following objects are masked from ‘package:stats’:

    filter, lag

The following objects are masked from ‘package:base’:

    intersect, setdiff, setequal, union

Loading required package: foreach
Loading required package: iterators
Loading required package: parallel

 randomForestSRC 3.2.2 
 
 Type rfsrc.news() to see new features, changes, and bug fixes. 
 

[conflicted] Will prefer dplyr::select over any other package.
[conflicted] Will prefer dplyr::filter over any other package.
[conflicted] Will prefer reshape2::melt over any other package.
── Attaching core tidyverse packages ──────────────────────── tidyverse 2.0.0 ──
✔ forcats   1.0.0     ✔ readr     2.1.4
✔ ggplot2   3.5.2     ✔ stringr   1.5.1
✔ lubridate 1.9.3     ✔ tibble    3.2.1
✔ purrr     0.3.5     ✔ tidyr     1.2.1
# A tibble: 42 × 4
   theta   tau estimand   truth
   <dbl> <dbl> <chr>      <dbl>
 1  0.3    0.2 de       -0.281 
 2  0.3    0.2 mu        0.439 
 3  0.3    0.2 mu_0      0.523 
 4  0.3    0.2 mu_1      0.242 
 5  0.3    0.2 oe        0.0773
 6  0.3    0.2 se_0      0.0407
 7  0.3    0.2 se_1      0.0283
 8  0.45   0.2 de       -0.268 
 9  0.45   0.2 mu        0.362 
10  0.45   0.2 mu_0      0.482 
11  0.45   0.2 mu_1      0.214 
12  0.45   0.2 oe        0     
13  0.45   0.2 se_0      0     
14  0.45   0.2 se_1      0     
15  0.6    0.2 de       -0.260 
16  0.6    0.2 mu        0.298 
17  0.6    0.2 mu_0      0.454 
18  0.6    0.2 mu_1      0.194 
19  0.6    0.2 oe       -0.0633
20  0.6    0.2 se_0     -0.0278
21  0.6    0.2 se_1     -0.0199
22  0.3    0.4 de       -0.268 
23  0.3    0.4 mu        0.543 
24  0.3    0.4 mu_0      0.623 
25  0.3    0.4 mu_1      0.355 
26  0.3    0.4 oe        0.0791
27  0.3    0.4 se_0      0.0421
28  0.3    0.4 se_1      0.0351
29  0.45   0.4 de       -0.261 
30  0.45   0.4 mu        0.463 
31  0.45   0.4 mu_0      0.581 
32  0.45   0.4 mu_1      0.320 
33  0.45   0.4 oe        0     
34  0.45   0.4 se_0      0     
35  0.45   0.4 se_1      0     
36  0.6    0.4 de       -0.256 
37  0.6    0.4 mu        0.398 
38  0.6    0.4 mu_0      0.551 
39  0.6    0.4 mu_1      0.295 
40  0.6    0.4 oe       -0.0657
41  0.6    0.4 se_0     -0.0296
42  0.6    0.4 se_1     -0.0246
Loading required package: Matrix

Attaching package: ‘Matrix’

The following objects are masked from ‘package:tidyr’:

    expand, pack, unpack


==========================================================================
===========================   Analysis setting  ==========================
==========================================================================

- taus: 0.1, 0.2, 0.3, 0.4, 0.5 

- policy: TypeB 

- thetas: 0.3, 0.31, 0.32, 0.33, 0.34, 0.35, 0.36, 0.37, 0.38, 0.39, 0.4, 0.41, 0.42, 0.43, 0.44, 0.45, 0.46, 0.47, 0.48, 0.49, 0.5, 0.51, 0.52, 0.53, 0.54, 0.55, 0.56, 0.57, 0.58, 0.59, 0.6 

- r: 50 

- K: 2 

- Nuisance estimation method: T nonpara / C nonpara / A nonpara 

- m: 200 

- N_total: 2487 

- cluster size dist'n: 
 5  6  7  8  9 10 11 12 13 14 15 16 17 18 19 20 
12 15 12 14 14 12 13  6 13 11 16 12 15  8 14 13 

 - observed time summary: 
    Min.  1st Qu.   Median     Mean  3rd Qu.     Max. 
 0.00000  0.02198  0.22842  0.62582  0.84141 14.22319 

 - event indicator table: 
   0    1 
 965 1522 

 - event time summary: 
    Min.  1st Qu.   Median     Mean  3rd Qu.     Max. 
 0.00000  0.01656  0.18129  0.59180  0.77260 14.22319 

 - censoring time summary: 
   Min. 1st Qu.  Median    Mean 3rd Qu.    Max. 
0.00000 0.03988 0.29242 0.67949 0.93485 6.58888 

 - treatment indicator table: 
   0    1 
1306 1181 

==========================================================================
===========================   Estimation start  ==========================
==========================================================================

--- Split:1 ---

Running BART with binary y

number of trees: 25
number of chains: 1, number of threads 1
tree thinning rate: 1
Prior:
	prior on k: chi with 1.250000 degrees of freedom and inf scale
	power and base for tree prior: 2.000000 0.950000
	use quantiles for rule cut points: false
	proposal probabilities: birth/death 0.50, swap 0.10, change 0.40; birth 0.50
data:
	number of training observations: 1246
	number of test observations: 0
	number of explanatory variables: 15

Cutoff rules c in x<=c vs x>c
Number of cutoffs: (var: number of possible c):
(1: 100) (2: 100) (3: 100) (4: 100) (5: 100) 
(6: 100) (7: 100) (8: 100) (9: 100) (10: 100) 
(11: 100) (12: 100) (13: 100) (14: 100) (15: 100) 


   [*---------] 10% | ET: 6s 
   [**--------] 20% | ET: 12.7s 
   [***-------] 30% | ET: 19.2s 
   [****------] 40% | ET: 25.7s 
   [*****-----] 50% | ET: 32.2s 
   [******----] 60% | ET: 39.1s 
   [*******---] 70% | ET: 46.1s 
   [********--] 80% | ET: 53.2s 
   [*********-] 90% | ET: 60s 
   [**********] 100% | ET: 65.7s 

--- Split:2 ---

Running BART with binary y

number of trees: 25
number of chains: 1, number of threads 1
tree thinning rate: 1
Prior:
	prior on k: chi with 1.250000 degrees of freedom and inf scale
	power and base for tree prior: 2.000000 0.950000
	use quantiles for rule cut points: false
	proposal probabilities: birth/death 0.50, swap 0.10, change 0.40; birth 0.50
data:
	number of training observations: 1241
	number of test observations: 0
	number of explanatory variables: 15

Cutoff rules c in x<=c vs x>c
Number of cutoffs: (var: number of possible c):
(1: 100) (2: 100) (3: 100) (4: 100) (5: 100) 
(6: 100) (7: 100) (8: 100) (9: 100) (10: 100) 
(11: 100) (12: 100) (13: 100) (14: 100) (15: 100) 


   [*---------] 10% | ET: 6.4s 
   [**--------] 20% | ET: 13.6s 
   [***-------] 30% | ET: 20.7s 
   [****------] 40% | ET: 27.6s 
   [*****-----] 50% | ET: 34.8s 
   [******----] 60% | ET: 42.6s 
   [*******---] 70% | ET: 49.8s 
   [********--] 80% | ET: 56.9s 
   [*********-] 90% | ET: 63.1s 
   [**********] 100% | ET: 69.4s 

--- IF for proposed nonparametric estimator computed --- ET: 150.5 seconds
--- Estimator computed: mu --- ET: 0.6 seconds --- 
--- Estimator computed: mu_1 --- ET: 0.5 seconds --- 
--- Estimator computed: mu_0 --- ET: 0.8 seconds --- 
--- Estimator computed: de --- ET: 0.5 seconds --- 
--- Estimator computed: oe --- ET: 0.5 seconds --- 
--- Estimator computed: se_1 --- ET: 0.5 seconds --- 
--- Estimator computed: se_0 --- ET: 0.5 seconds --- 
--- Total run time: 156.3 seconds --- 
--- Total run time: 167.9 seconds --- ###################################################
### Job finished at Thu Jun  5 13:26:55 EDT 2025 ###
###################################################
