##############################################################
### Job started at Thu Jun  5 13:42:52 EDT 2025 with p=TypeB, m=200, r=50, s=1 ###
##############################################################

Attaching package: ‘dplyr’

The following objects are masked from ‘package:stats’:

    filter, lag

The following objects are masked from ‘package:base’:

    intersect, setdiff, setequal, union

Loading required package: foreach
Loading required package: iterators
Loading required package: parallel

 randomForestSRC 3.2.2 
 
 Type rfsrc.news() to see new features, changes, and bug fixes. 
 

[conflicted] Will prefer dplyr::select over any other package.
[conflicted] Will prefer dplyr::filter over any other package.
[conflicted] Will prefer reshape2::melt over any other package.
── Attaching core tidyverse packages ──────────────────────── tidyverse 2.0.0 ──
✔ forcats   1.0.0     ✔ readr     2.1.4
✔ ggplot2   3.5.2     ✔ stringr   1.5.1
✔ lubridate 1.9.3     ✔ tibble    3.2.1
✔ purrr     0.3.5     ✔ tidyr     1.2.1
# A tibble: 42 × 4
   theta   tau estimand   truth
   <dbl> <dbl> <chr>      <dbl>
 1  0.3    0.2 de       -0.270 
 2  0.3    0.2 mu        0.431 
 3  0.3    0.2 mu_0      0.512 
 4  0.3    0.2 mu_1      0.242 
 5  0.3    0.2 oe        0.0604
 6  0.3    0.2 se_0      0.0208
 7  0.3    0.2 se_1      0.0190
 8  0.45   0.2 de       -0.268 
 9  0.45   0.2 mu        0.370 
10  0.45   0.2 mu_0      0.491 
11  0.45   0.2 mu_1      0.223 
12  0.45   0.2 oe        0     
13  0.45   0.2 se_0      0     
14  0.45   0.2 se_1      0     
15  0.6    0.2 de       -0.272 
16  0.6    0.2 mu        0.311 
17  0.6    0.2 mu_0      0.474 
18  0.6    0.2 mu_1      0.202 
19  0.6    0.2 oe       -0.0600
20  0.6    0.2 se_0     -0.0171
21  0.6    0.2 se_1     -0.0216
22  0.3    0.4 de       -0.254 
23  0.3    0.4 mu        0.532 
24  0.3    0.4 mu_0      0.608 
25  0.3    0.4 mu_1      0.354 
26  0.3    0.4 oe        0.0573
27  0.3    0.4 se_0      0.0177
28  0.3    0.4 se_1      0.0212
29  0.45   0.4 de       -0.257 
30  0.45   0.4 mu        0.475 
31  0.45   0.4 mu_0      0.590 
32  0.45   0.4 mu_1      0.333 
33  0.45   0.4 oe        0     
34  0.45   0.4 se_0      0     
35  0.45   0.4 se_1      0     
36  0.6    0.4 de       -0.268 
37  0.6    0.4 mu        0.413 
38  0.6    0.4 mu_0      0.574 
39  0.6    0.4 mu_1      0.306 
40  0.6    0.4 oe       -0.0616
41  0.6    0.4 se_0     -0.0166
42  0.6    0.4 se_1     -0.0273
Loading required package: Matrix

Attaching package: ‘Matrix’

The following objects are masked from ‘package:tidyr’:

    expand, pack, unpack


==========================================================================
===========================   Analysis setting  ==========================
==========================================================================

- taus: 0.1, 0.2, 0.3, 0.4, 0.5 

- policy: TypeB 

- thetas: 0.3, 0.31, 0.32, 0.33, 0.34, 0.35, 0.36, 0.37, 0.38, 0.39, 0.4, 0.41, 0.42, 0.43, 0.44, 0.45, 0.46, 0.47, 0.48, 0.49, 0.5, 0.51, 0.52, 0.53, 0.54, 0.55, 0.56, 0.57, 0.58, 0.59, 0.6 

- r: 50 

- K: 2 

- Nuisance estimation method: T nonpara / C nonpara / A nonpara 

- m: 200 

- N_total: 2403 

- cluster size dist'n: 
 5  6  7  8  9 10 11 12 13 14 15 16 17 18 19 20 
17 14 12 14 14 11 17 13  6 15 10 12 11 11 16  7 

 - observed time summary: 
   Min. 1st Qu.  Median    Mean 3rd Qu.    Max. 
 0.0000  0.0162  0.1899  0.5925  0.7493  9.0606 

 - event indicator table: 
   0    1 
 931 1472 

 - event time summary: 
   Min. 1st Qu.  Median    Mean 3rd Qu.    Max. 
0.00000 0.01089 0.15192 0.54694 0.67517 7.98341 

 - censoring time summary: 
   Min. 1st Qu.  Median    Mean 3rd Qu.    Max. 
0.00000 0.02461 0.24703 0.66459 0.83281 9.06060 

 - treatment indicator table: 
   0    1 
1266 1137 

==========================================================================
===========================   Estimation start  ==========================
==========================================================================

--- Split:1 ---

Running BART with binary y

number of trees: 25
number of chains: 1, number of threads 1
tree thinning rate: 1
Prior:
	prior on k: chi with 1.250000 degrees of freedom and inf scale
	power and base for tree prior: 2.000000 0.950000
	use quantiles for rule cut points: false
	proposal probabilities: birth/death 0.50, swap 0.10, change 0.40; birth 0.50
data:
	number of training observations: 1212
	number of test observations: 0
	number of explanatory variables: 15

Cutoff rules c in x<=c vs x>c
Number of cutoffs: (var: number of possible c):
(1: 100) (2: 100) (3: 100) (4: 100) (5: 100) 
(6: 100) (7: 100) (8: 100) (9: 100) (10: 100) 
(11: 100) (12: 100) (13: 100) (14: 100) (15: 100) 


   [*---------] 10% | ET: 5.8s 
   [**--------] 20% | ET: 12s 
   [***-------] 30% | ET: 18.2s 
   [****------] 40% | ET: 25.5s 
   [*****-----] 50% | ET: 33.8s 
   [******----] 60% | ET: 41.6s 
   [*******---] 70% | ET: 50s 
   [********--] 80% | ET: 59.1s 
   [*********-] 90% | ET: 69.4s 
   [**********] 100% | ET: 80s 

--- Split:2 ---

Running BART with binary y

number of trees: 25
number of chains: 1, number of threads 1
tree thinning rate: 1
Prior:
	prior on k: chi with 1.250000 degrees of freedom and inf scale
	power and base for tree prior: 2.000000 0.950000
	use quantiles for rule cut points: false
	proposal probabilities: birth/death 0.50, swap 0.10, change 0.40; birth 0.50
data:
	number of training observations: 1191
	number of test observations: 0
	number of explanatory variables: 15

Cutoff rules c in x<=c vs x>c
Number of cutoffs: (var: number of possible c):
(1: 100) (2: 100) (3: 100) (4: 100) (5: 100) 
(6: 100) (7: 100) (8: 100) (9: 100) (10: 100) 
(11: 100) (12: 100) (13: 100) (14: 100) (15: 100) 


   [*---------] 10% | ET: 12s 
   [**--------] 20% | ET: 26s 
   [***-------] 30% | ET: 36s 
   [****------] 40% | ET: 46.3s 
   [*****-----] 50% | ET: 56.6s 
   [******----] 60% | ET: 66.7s 
   [*******---] 70% | ET: 77.2s 
   [********--] 80% | ET: 88s 
   [*********-] 90% | ET: 95.4s 
   [**********] 100% | ET: 102.1s 

--- IF for proposed nonparametric estimator computed --- ET: 197.3 seconds
--- Estimator computed: mu --- ET: 0.6 seconds --- 
--- Estimator computed: mu_1 --- ET: 0.6 seconds --- 
--- Estimator computed: mu_0 --- ET: 0.6 seconds --- 
--- Estimator computed: de --- ET: 0.6 seconds --- 
--- Estimator computed: oe --- ET: 0.6 seconds --- 
--- Estimator computed: se_1 --- ET: 0.6 seconds --- 
--- Estimator computed: se_0 --- ET: 0.6 seconds --- 
--- Total run time: 203.3 seconds --- 
--- Total run time: 214.9 seconds --- ###################################################
### Job finished at Thu Jun  5 13:46:27 EDT 2025 ###
###################################################
