
Attaching package: ‘dplyr’

The following objects are masked from ‘package:stats’:

    filter, lag

The following objects are masked from ‘package:base’:

    intersect, setdiff, setequal, union

Loading required package: foreach
Loading required package: iterators
Loading required package: parallel

 randomForestSRC 3.2.2 
 
 Type rfsrc.news() to see new features, changes, and bug fixes. 
 

── Attaching core tidyverse packages ──────────────────────── tidyverse 2.0.0 ──
✔ forcats   1.0.0     ✔ readr     2.1.4
✔ ggplot2   3.3.6     ✔ stringr   1.5.1
✔ lubridate 1.9.3     ✔ tibble    3.2.1
✔ purrr     0.3.5     ✔ tidyr     1.2.1
── Conflicts ────────────────────────────────────────── tidyverse_conflicts() ──
✖ purrr::accumulate() masks foreach::accumulate()
✖ tidyr::extract()    masks dbarts::extract()
✖ dplyr::filter()     masks stats::filter()
✖ dplyr::lag()        masks stats::lag()
✖ purrr::partial()    masks randomForestSRC::partial()
✖ purrr::when()       masks foreach::when()
ℹ Use the [conflicted package](http://conflicted.r-lib.org/) to force all conflicts to become errors
[1] "[Analysis setting]"
[1] "n.cpus: 8"
[1] "method: nonpara"
[1] "taus: 0.1, 0.2, 0.3, 0.4, 0.5"
[1] "thetas: 0.1, 0.2, 0.3, 0.4, 0.5, 0.6, 0.7, 0.8, 0.9"
[1] "r: 100"
[1] "sigma.b: 1"
[1] "m: 100"
[1] "N_total: 1281"
[1] "cluster size dist'n: "

 5  6  7  8  9 10 11 12 13 14 15 16 17 18 19 20 
 6  4  9  6  6  8  4  4  6  6  5  8  6  5  7 10 
[1] "observed time summary: "
   Min. 1st Qu.  Median    Mean 3rd Qu.    Max. 
0.00000 0.03165 0.34721 0.59623 1.00000 5.00000 
[1] "event indicator table: "

  0   1 
759 522 
[1] "treatment indicator table: "

  0   1 
450 831 
[1] ""
[1] "Estimation start"
[1] "   Split: 1"
Note: Using an external vector in selections is ambiguous.
ℹ Use `all_of(X.T.names)` instead of `X.T.names` to silence this message.
ℹ See <https://tidyselect.r-lib.org/reference/faq-external-vector.html>.
This message is displayed once per session.
Note: Using an external vector in selections is ambiguous.
ℹ Use `all_of(X.C.names)` instead of `X.C.names` to silence this message.
ℹ See <https://tidyselect.r-lib.org/reference/faq-external-vector.html>.
This message is displayed once per session.
Note: Using an external vector in selections is ambiguous.
ℹ Use `all_of(X.A.names)` instead of `X.A.names` to silence this message.
ℹ See <https://tidyselect.r-lib.org/reference/faq-external-vector.html>.
This message is displayed once per session.

Running BART with binary y

number of trees: 25
number of chains: 1, number of threads 1
tree thinning rate: 1
Prior:
	prior on k: chi with 1.250000 degrees of freedom and inf scale
	power and base for tree prior: 2.000000 0.950000
	use quantiles for rule cut points: false
	proposal probabilities: birth/death 0.50, swap 0.10, change 0.40; birth 0.50
data:
	number of training observations: 632
	number of test observations: 0
	number of explanatory variables: 15

Cutoff rules c in x<=c vs x>c
Number of cutoffs: (var: number of possible c):
(1: 100) (2: 100) (3: 100) (4: 100) (5: 100) 
(6: 100) (7: 100) (8: 100) (9: 100) (10: 100) 
(11: 100) (12: 100) (13: 100) (14: 100) (15: 100) 

[1] "     Cluster: 2"
[1] "     Cluster: 4"
[1] "     Cluster: 5"
[1] "     Cluster: 8"
[1] "     Cluster: 9"
[1] "     Cluster: 12"
[1] "     Cluster: 16"
[1] "     Cluster: 17"
[1] "     Cluster: 18"
[1] "     Cluster: 19"
[1] "     Cluster: 20"
[1] "     Cluster: 21"
[1] "     Cluster: 22"
[1] "     Cluster: 24"
[1] "     Cluster: 26"
[1] "     Cluster: 27"
[1] "     Cluster: 32"
[1] "     Cluster: 33"
[1] "     Cluster: 34"
[1] "     Cluster: 35"
[1] "     Cluster: 36"
[1] "     Cluster: 40"
[1] "     Cluster: 41"
[1] "     Cluster: 43"
[1] "     Cluster: 44"
[1] "     Cluster: 46"
[1] "     Cluster: 47"
[1] "     Cluster: 49"
[1] "     Cluster: 51"
[1] "     Cluster: 52"
[1] "     Cluster: 53"
[1] "     Cluster: 54"
[1] "     Cluster: 56"
[1] "     Cluster: 60"
[1] "     Cluster: 61"
[1] "     Cluster: 62"
[1] "     Cluster: 63"
[1] "     Cluster: 66"
[1] "     Cluster: 70"
[1] "     Cluster: 71"
[1] "     Cluster: 73"
[1] "     Cluster: 76"
[1] "     Cluster: 77"
[1] "     Cluster: 82"
[1] "     Cluster: 83"
[1] "     Cluster: 91"
[1] "     Cluster: 93"
[1] "     Cluster: 94"
[1] "     Cluster: 95"
[1] "     Cluster: 100"
[1] "   Split: 2"

Running BART with binary y

number of trees: 25
number of chains: 1, number of threads 1
tree thinning rate: 1
Prior:
	prior on k: chi with 1.250000 degrees of freedom and inf scale
	power and base for tree prior: 2.000000 0.950000
	use quantiles for rule cut points: false
	proposal probabilities: birth/death 0.50, swap 0.10, change 0.40; birth 0.50
data:
	number of training observations: 649
	number of test observations: 0
	number of explanatory variables: 15

Cutoff rules c in x<=c vs x>c
Number of cutoffs: (var: number of possible c):
(1: 100) (2: 100) (3: 100) (4: 100) (5: 100) 
(6: 100) (7: 100) (8: 100) (9: 100) (10: 100) 
(11: 100) (12: 100) (13: 100) (14: 100) (15: 100) 

[1] "     Cluster: 1"
[1] "     Cluster: 3"
[1] "     Cluster: 6"
[1] "     Cluster: 7"
[1] "     Cluster: 10"
[1] "     Cluster: 11"
[1] "     Cluster: 13"
[1] "     Cluster: 14"
[1] "     Cluster: 15"
[1] "     Cluster: 23"
[1] "     Cluster: 25"
[1] "     Cluster: 28"
[1] "     Cluster: 29"
[1] "     Cluster: 30"
[1] "     Cluster: 31"
[1] "     Cluster: 37"
[1] "     Cluster: 38"
[1] "     Cluster: 39"
[1] "     Cluster: 42"
[1] "     Cluster: 45"
[1] "     Cluster: 48"
[1] "     Cluster: 50"
[1] "     Cluster: 55"
[1] "     Cluster: 57"
[1] "     Cluster: 58"
[1] "     Cluster: 59"
[1] "     Cluster: 64"
[1] "     Cluster: 65"
[1] "     Cluster: 67"
[1] "     Cluster: 68"
[1] "     Cluster: 69"
[1] "     Cluster: 72"
[1] "     Cluster: 74"
[1] "     Cluster: 75"
[1] "     Cluster: 78"
[1] "     Cluster: 79"
[1] "     Cluster: 80"
[1] "     Cluster: 81"
[1] "     Cluster: 84"
[1] "     Cluster: 85"
[1] "     Cluster: 86"
[1] "     Cluster: 87"
[1] "     Cluster: 88"
[1] "     Cluster: 89"
[1] "     Cluster: 90"
[1] "     Cluster: 92"
[1] "     Cluster: 96"
[1] "     Cluster: 97"
[1] "     Cluster: 98"
[1] "     Cluster: 99"
[1] ""
[1] "IF for proposed nonparametric estimator computed."
`summarise()` has grouped output by 'theta', 'tau'. You can override using the
`.groups` argument.
`summarise()` has grouped output by 'theta'. You can override using the
`.groups` argument.
`summarise()` has grouped output by 'theta', 'tau'. You can override using the
`.groups` argument.
`summarise()` has grouped output by 'theta'. You can override using the
`.groups` argument.
`summarise()` has grouped output by 'theta', 'tau'. You can override using the
`.groups` argument.
`summarise()` has grouped output by 'theta'. You can override using the
`.groups` argument.
`summarise()` has grouped output by 'theta', 'tau'. You can override using the
`.groups` argument.
`summarise()` has grouped output by 'theta'. You can override using the
`.groups` argument.
`summarise()` has grouped output by 'theta', 'tau'. You can override using the
`.groups` argument.
`summarise()` has grouped output by 'theta'. You can override using the
`.groups` argument.
`summarise()` has grouped output by 'theta', 'tau'. You can override using the
`.groups` argument.
`summarise()` has grouped output by 'theta'. You can override using the
`.groups` argument.
`summarise()` has grouped output by 'theta', 'tau'. You can override using the
`.groups` argument.
`summarise()` has grouped output by 'theta'. You can override using the
`.groups` argument.
`summarise()` has grouped output by 'theta', 'tau'. You can override using the
`.groups` argument.
`summarise()` has grouped output by 'theta'. You can override using the
`.groups` argument.
[1] ""
[1] "Total run time was 118.14 seconds"
[1] "Estimation result: "
# A tibble: 360 × 5
   estimand theta   tau   est     se
   <chr>    <dbl> <dbl> <dbl>  <dbl>
 1 mu         0.1   0.1 0.428 0.126 
 2 mu         0.1   0.2 0.521 0.105 
 3 mu         0.1   0.3 0.586 0.0808
 4 mu         0.1   0.4 0.638 0.0652
 5 mu         0.1   0.5 0.666 0.0645
 6 mu         0.2   0.1 0.287 0.0461
 7 mu         0.2   0.2 0.420 0.0577
 8 mu         0.2   0.3 0.505 0.0559
 9 mu         0.2   0.4 0.572 0.0461
10 mu         0.2   0.5 0.601 0.0440
# ℹ 350 more rows
[1] ""
[1] "OR weights"
`summarise()` has grouped output by 'estimand'. You can override using the
`.groups` argument.
# A tibble: 27 × 6
# Groups:   estimand [3]
   estimand theta mean_value median_value min_value max_value
   <fct>    <dbl>      <dbl>        <dbl>     <dbl>     <dbl>
 1 mu         0.1      0.953        0.979    0.0825      2.02
 2 mu         0.2      0.980        0.999    0.395       1.65
 3 mu         0.3      0.994        0.989    0.467       1.49
 4 mu         0.4      1.00         1        0.698       1.47
 5 mu         0.5      1.02         1.01     0.768       1.41
 6 mu         0.6      1.03         1.01     0.714       1.42
 7 mu         0.7      1.03         1.00     0.788       1.50
 8 mu         0.8      1.01         1        0.727       1.34
 9 mu         0.9      0.994        1        0.688       1.32
10 mu_1       0.1      0.959        0.999    0.202       1.77
11 mu_1       0.2      0.990        0.979    0.312       1.62
12 mu_1       0.3      1.00         0.995    0.574       1.46
13 mu_1       0.4      1.01         1        0.747       1.50
14 mu_1       0.5      1.02         1.01     0.719       1.39
15 mu_1       0.6      1.03         1.01     0.729       1.47
16 mu_1       0.7      1.03         1.01     0.814       1.49
17 mu_1       0.8      1.01         1        0.719       1.33
18 mu_1       0.9      0.993        1        0.679       1.31
19 mu_0       0.1      0.952        0.984    0.0692      2.11
20 mu_0       0.2      0.977        1        0.415       1.66
21 mu_0       0.3      0.992        0.972    0.421       1.50
22 mu_0       0.4      0.999        1        0.658       1.45
23 mu_0       0.5      1.01         1        0.761       1.44
24 mu_0       0.6      1.03         1.00     0.692       1.37
25 mu_0       0.7      1.04         1.00     0.726       1.53
26 mu_0       0.8      1.03         1        0.759       1.42
27 mu_0       0.9      1.00         1        0.701       1.43
[1] ""
[1] "IPCW weights"
`summarise()` has grouped output by 'estimand'. You can override using the
`.groups` argument.
# A tibble: 27 × 6
# Groups:   estimand [3]
   estimand theta mean_value median_value min_value max_value
   <fct>    <dbl>      <dbl>        <dbl>     <dbl>     <dbl>
 1 mu         0.1       1.87    0.0000595  1.17e-19     50.3 
 2 mu         0.2       1.38    0.0128     1.22e-13     34.9 
 3 mu         0.3       1.22    0.190      4.07e-10     15.7 
 4 mu         0.4       1.41    0.322      1.28e- 7     15.3 
 5 mu         0.5       1.54    0.644      1.11e- 5     15.4 
 6 mu         0.6       1.50    0.967      3.77e- 5      9.84
 7 mu         0.7       1.40    0.591      2.48e- 7      8.91
 8 mu         0.8       1.22    0.702      1.92e-10      8.70
 9 mu         0.9       1.10    0.261      8.23e-16      6.57
10 mu_1       0.1       1.67    0.000343   0            50.3 
11 mu_1       0.2       1.05    0.0387     0            17.4 
12 mu_1       0.3       1.19    0.199      0             9.42
13 mu_1       0.4       1.47    0.359      0            17.3 
14 mu_1       0.5       1.54    0.634      0            13.8 
15 mu_1       0.6       1.47    0.870      0            10.3 
16 mu_1       0.7       1.37    0.692      0             9.55
17 mu_1       0.8       1.19    0.654      0             8.15
18 mu_1       0.9       1.10    0.205      0             6.57
19 mu_0       0.1       1.89    0.0000280  0            50.3 
20 mu_0       0.2       1.46    0.00651    0            39.2 
21 mu_0       0.3       1.23    0.0544     0            20.2 
22 mu_0       0.4       1.37    0.164      0            14.1 
23 mu_0       0.5       1.53    0.395      0            16.9 
24 mu_0       0.6       1.54    0.715      0             9.38
25 mu_0       0.7       1.48    0.749      0            10.2 
26 mu_0       0.8       1.34    0.429      0            10.9 
27 mu_0       0.9       1.03    0.0542     0             7.96
[1] "Total run time was 121.201 seconds"
