
Attaching package: ‘dplyr’

The following objects are masked from ‘package:stats’:

    filter, lag

The following objects are masked from ‘package:base’:

    intersect, setdiff, setequal, union

Loading required package: foreach
Loading required package: iterators
Loading required package: parallel

 randomForestSRC 3.2.2 
 
 Type rfsrc.news() to see new features, changes, and bug fixes. 
 

── Attaching core tidyverse packages ──────────────────────── tidyverse 2.0.0 ──
✔ forcats   1.0.0     ✔ readr     2.1.4
✔ ggplot2   3.3.6     ✔ stringr   1.5.1
✔ lubridate 1.9.3     ✔ tibble    3.2.1
✔ purrr     0.3.5     ✔ tidyr     1.2.1
── Conflicts ────────────────────────────────────────── tidyverse_conflicts() ──
✖ purrr::accumulate() masks foreach::accumulate()
✖ tidyr::extract()    masks dbarts::extract()
✖ dplyr::filter()     masks stats::filter()
✖ dplyr::lag()        masks stats::lag()
✖ purrr::partial()    masks randomForestSRC::partial()
✖ purrr::when()       masks foreach::when()
ℹ Use the [conflicted package](http://conflicted.r-lib.org/) to force all conflicts to become errors
[1] "[Analysis setting]"
[1] "n.cpus: 8"
[1] "method: nonpara"
[1] "taus: 0.1, 0.2, 0.3, 0.4, 0.5"
[1] "thetas: 0.1, 0.2, 0.3, 0.4, 0.5, 0.6, 0.7, 0.8, 0.9"
[1] "r: 100"
[1] "sigma.b: 1"
[1] "m: 100"
[1] "N_total: 1338"
[1] "cluster size dist'n: "

 5  6  7  8  9 10 11 12 13 14 15 16 17 18 19 20 
 4  4 11  3  3  5  4  5  4  8 11  7  8  7 11  5 
[1] "observed time summary: "
   Min. 1st Qu.  Median    Mean 3rd Qu.    Max. 
 0.0000  0.0334  0.3291  0.6091  1.0000  5.0000 
[1] "event indicator table: "

  0   1 
794 544 
[1] "treatment indicator table: "

  0   1 
502 836 
[1] ""
[1] "Estimation start"
[1] "   Split: 1"
Note: Using an external vector in selections is ambiguous.
ℹ Use `all_of(X.T.names)` instead of `X.T.names` to silence this message.
ℹ See <https://tidyselect.r-lib.org/reference/faq-external-vector.html>.
This message is displayed once per session.
Note: Using an external vector in selections is ambiguous.
ℹ Use `all_of(X.C.names)` instead of `X.C.names` to silence this message.
ℹ See <https://tidyselect.r-lib.org/reference/faq-external-vector.html>.
This message is displayed once per session.
Note: Using an external vector in selections is ambiguous.
ℹ Use `all_of(X.A.names)` instead of `X.A.names` to silence this message.
ℹ See <https://tidyselect.r-lib.org/reference/faq-external-vector.html>.
This message is displayed once per session.

Running BART with binary y

number of trees: 25
number of chains: 1, number of threads 1
tree thinning rate: 1
Prior:
	prior on k: chi with 1.250000 degrees of freedom and inf scale
	power and base for tree prior: 2.000000 0.950000
	use quantiles for rule cut points: false
	proposal probabilities: birth/death 0.50, swap 0.10, change 0.40; birth 0.50
data:
	number of training observations: 622
	number of test observations: 0
	number of explanatory variables: 15

Cutoff rules c in x<=c vs x>c
Number of cutoffs: (var: number of possible c):
(1: 100) (2: 100) (3: 100) (4: 100) (5: 100) 
(6: 100) (7: 100) (8: 100) (9: 100) (10: 100) 
(11: 100) (12: 100) (13: 100) (14: 100) (15: 100) 

[1] "     Cluster: 4"
[1] "     Cluster: 5"
[1] "     Cluster: 7"
[1] "     Cluster: 8"
[1] "     Cluster: 12"
[1] "     Cluster: 16"
[1] "     Cluster: 18"
[1] "     Cluster: 19"
[1] "     Cluster: 22"
[1] "     Cluster: 25"
[1] "     Cluster: 26"
[1] "     Cluster: 27"
[1] "     Cluster: 32"
[1] "     Cluster: 33"
[1] "     Cluster: 37"
[1] "     Cluster: 40"
[1] "     Cluster: 42"
[1] "     Cluster: 43"
[1] "     Cluster: 44"
[1] "     Cluster: 45"
[1] "     Cluster: 46"
[1] "     Cluster: 47"
[1] "     Cluster: 49"
[1] "     Cluster: 50"
[1] "     Cluster: 52"
[1] "     Cluster: 54"
[1] "     Cluster: 56"
[1] "     Cluster: 57"
[1] "     Cluster: 58"
[1] "     Cluster: 59"
[1] "     Cluster: 60"
[1] "     Cluster: 62"
[1] "     Cluster: 63"
[1] "     Cluster: 66"
[1] "     Cluster: 69"
[1] "     Cluster: 71"
[1] "     Cluster: 73"
[1] "     Cluster: 77"
[1] "     Cluster: 80"
[1] "     Cluster: 83"
[1] "     Cluster: 86"
[1] "     Cluster: 87"
[1] "     Cluster: 89"
[1] "     Cluster: 90"
[1] "     Cluster: 92"
[1] "     Cluster: 93"
[1] "     Cluster: 94"
[1] "     Cluster: 96"
[1] "     Cluster: 98"
[1] "     Cluster: 100"
[1] "   Split: 2"

Running BART with binary y

number of trees: 25
number of chains: 1, number of threads 1
tree thinning rate: 1
Prior:
	prior on k: chi with 1.250000 degrees of freedom and inf scale
	power and base for tree prior: 2.000000 0.950000
	use quantiles for rule cut points: false
	proposal probabilities: birth/death 0.50, swap 0.10, change 0.40; birth 0.50
data:
	number of training observations: 716
	number of test observations: 0
	number of explanatory variables: 15

Cutoff rules c in x<=c vs x>c
Number of cutoffs: (var: number of possible c):
(1: 100) (2: 100) (3: 100) (4: 100) (5: 100) 
(6: 100) (7: 100) (8: 100) (9: 100) (10: 100) 
(11: 100) (12: 100) (13: 100) (14: 100) (15: 100) 

[1] "     Cluster: 1"
[1] "     Cluster: 2"
[1] "     Cluster: 3"
[1] "     Cluster: 6"
[1] "     Cluster: 9"
[1] "     Cluster: 10"
[1] "     Cluster: 11"
[1] "     Cluster: 13"
[1] "     Cluster: 14"
[1] "     Cluster: 15"
[1] "     Cluster: 17"
[1] "     Cluster: 20"
[1] "     Cluster: 21"
[1] "     Cluster: 23"
[1] "     Cluster: 24"
[1] "     Cluster: 28"
[1] "     Cluster: 29"
[1] "     Cluster: 30"
[1] "     Cluster: 31"
[1] "     Cluster: 34"
[1] "     Cluster: 35"
[1] "     Cluster: 36"
[1] "     Cluster: 38"
[1] "     Cluster: 39"
[1] "     Cluster: 41"
[1] "     Cluster: 48"
[1] "     Cluster: 51"
[1] "     Cluster: 53"
[1] "     Cluster: 55"
[1] "     Cluster: 61"
[1] "     Cluster: 64"
[1] "     Cluster: 65"
[1] "     Cluster: 67"
[1] "     Cluster: 68"
[1] "     Cluster: 70"
[1] "     Cluster: 72"
[1] "     Cluster: 74"
[1] "     Cluster: 75"
[1] "     Cluster: 76"
[1] "     Cluster: 78"
[1] "     Cluster: 79"
[1] "     Cluster: 81"
[1] "     Cluster: 82"
[1] "     Cluster: 84"
[1] "     Cluster: 85"
[1] "     Cluster: 88"
[1] "     Cluster: 91"
[1] "     Cluster: 95"
[1] "     Cluster: 97"
[1] "     Cluster: 99"
[1] ""
[1] "IF for proposed nonparametric estimator computed."
`summarise()` has grouped output by 'theta', 'tau'. You can override using the
`.groups` argument.
`summarise()` has grouped output by 'theta'. You can override using the
`.groups` argument.
`summarise()` has grouped output by 'theta', 'tau'. You can override using the
`.groups` argument.
`summarise()` has grouped output by 'theta'. You can override using the
`.groups` argument.
`summarise()` has grouped output by 'theta', 'tau'. You can override using the
`.groups` argument.
`summarise()` has grouped output by 'theta'. You can override using the
`.groups` argument.
`summarise()` has grouped output by 'theta', 'tau'. You can override using the
`.groups` argument.
`summarise()` has grouped output by 'theta'. You can override using the
`.groups` argument.
`summarise()` has grouped output by 'theta', 'tau'. You can override using the
`.groups` argument.
`summarise()` has grouped output by 'theta'. You can override using the
`.groups` argument.
`summarise()` has grouped output by 'theta', 'tau'. You can override using the
`.groups` argument.
`summarise()` has grouped output by 'theta'. You can override using the
`.groups` argument.
`summarise()` has grouped output by 'theta', 'tau'. You can override using the
`.groups` argument.
`summarise()` has grouped output by 'theta'. You can override using the
`.groups` argument.
`summarise()` has grouped output by 'theta', 'tau'. You can override using the
`.groups` argument.
`summarise()` has grouped output by 'theta'. You can override using the
`.groups` argument.
[1] ""
[1] "Total run time was 220.964 seconds"
[1] "Estimation result: "
# A tibble: 360 × 5
   estimand theta   tau   est     se
   <chr>    <dbl> <dbl> <dbl>  <dbl>
 1 mu         0.1   0.1 0.496 0.0583
 2 mu         0.1   0.2 0.570 0.0568
 3 mu         0.1   0.3 0.593 0.0589
 4 mu         0.1   0.4 0.662 0.0586
 5 mu         0.1   0.5 0.715 0.0689
 6 mu         0.2   0.1 0.448 0.0382
 7 mu         0.2   0.2 0.521 0.0424
 8 mu         0.2   0.3 0.567 0.0428
 9 mu         0.2   0.4 0.616 0.0494
10 mu         0.2   0.5 0.654 0.0549
# ℹ 350 more rows
[1] ""
[1] "OR weights"
`summarise()` has grouped output by 'estimand'. You can override using the
`.groups` argument.
# A tibble: 27 × 6
# Groups:   estimand [3]
   estimand theta mean_value median_value min_value max_value
   <fct>    <dbl>      <dbl>        <dbl>     <dbl>     <dbl>
 1 mu         0.1      0.984        1         0.265      1.80
 2 mu         0.2      0.983        1         0.572      1.50
 3 mu         0.3      0.975        0.982     0.669      1.26
 4 mu         0.4      0.982        0.995     0.696      1.25
 5 mu         0.5      0.991        0.991     0.675      1.25
 6 mu         0.6      0.994        1         0.676      1.37
 7 mu         0.7      0.995        1         0.768      1.31
 8 mu         0.8      1.00         1         0.756      1.32
 9 mu         0.9      1.01         1.00      0.580      1.53
10 mu_1       0.1      0.991        1         0.387      1.74
11 mu_1       0.2      0.975        1         0.564      1.41
12 mu_1       0.3      0.974        0.978     0.739      1.27
13 mu_1       0.4      0.985        1         0.662      1.22
14 mu_1       0.5      0.993        0.999     0.658      1.28
15 mu_1       0.6      0.995        1         0.689      1.38
16 mu_1       0.7      0.996        1         0.789      1.35
17 mu_1       0.8      1.00         1         0.745      1.29
18 mu_1       0.9      1.01         1.00      0.568      1.54
19 mu_0       0.1      0.983        1         0.238      1.88
20 mu_0       0.2      0.986        1.00      0.527      1.55
21 mu_0       0.3      0.976        0.985     0.639      1.30
22 mu_0       0.4      0.979        0.991     0.719      1.26
23 mu_0       0.5      0.989        0.989     0.664      1.24
24 mu_0       0.6      0.993        1         0.656      1.35
25 mu_0       0.7      0.993        1         0.716      1.37
26 mu_0       0.8      0.996        1         0.784      1.41
27 mu_0       0.9      1.01         1         0.636      1.49
[1] ""
[1] "IPCW weights"
`summarise()` has grouped output by 'estimand'. You can override using the
`.groups` argument.
# A tibble: 27 × 6
# Groups:   estimand [3]
   estimand theta mean_value median_value min_value max_value
   <fct>    <dbl>      <dbl>        <dbl>     <dbl>     <dbl>
 1 mu         0.1      1.20     0.0000902  1.64e-18     30.3 
 2 mu         0.2      0.991    0.0140     8.60e-13     13.3 
 3 mu         0.3      1.03     0.138      1.91e- 9      9.07
 4 mu         0.4      1.11     0.411      4.51e- 7      6.87
 5 mu         0.5      1.17     0.689      3.13e- 5      8.44
 6 mu         0.6      1.18     0.675      3.69e- 5      8.76
 7 mu         0.7      1.17     0.548      4.94e- 7      5.03
 8 mu         0.8      1.24     0.818      4.23e-10      5.78
 9 mu         0.9      1.39     0.172      1.81e-15      7.22
10 mu_1       0.1      1.04     0.000197   0            21.6 
11 mu_1       0.2      0.939    0.0284     0             8.30
12 mu_1       0.3      1.04     0.201      0             9.55
13 mu_1       0.4      1.13     0.554      0             7.20
14 mu_1       0.5      1.19     0.496      0             9.37
15 mu_1       0.6      1.19     0.523      0             8.11
16 mu_1       0.7      1.18     0.578      0             5.13
17 mu_1       0.8      1.25     0.794      0             5.78
18 mu_1       0.9      1.40     0.125      0             7.55
19 mu_0       0.1      1.22     0.0000458  0            31.9 
20 mu_0       0.2      1.00     0.00588    0            14.5 
21 mu_0       0.3      1.02     0.0717     0             8.87
22 mu_0       0.4      1.09     0.277      0             7.84
23 mu_0       0.5      1.15     0.668      0             7.50
24 mu_0       0.6      1.18     0.525      0             9.74
25 mu_0       0.7      1.17     0.716      0             6.68
26 mu_0       0.8      1.21     0.426      0             5.78
27 mu_0       0.9      1.29     0.0455     0             7.90
[1] "Total run time was 225.984 seconds"
