
Attaching package: ‘dplyr’

The following objects are masked from ‘package:stats’:

    filter, lag

The following objects are masked from ‘package:base’:

    intersect, setdiff, setequal, union

Loading required package: foreach
Loading required package: iterators
Loading required package: parallel

 randomForestSRC 3.2.2 
 
 Type rfsrc.news() to see new features, changes, and bug fixes. 
 

── Attaching core tidyverse packages ──────────────────────── tidyverse 2.0.0 ──
✔ forcats   1.0.0     ✔ readr     2.1.4
✔ ggplot2   3.3.6     ✔ stringr   1.5.1
✔ lubridate 1.9.3     ✔ tibble    3.2.1
✔ purrr     0.3.5     ✔ tidyr     1.2.1
── Conflicts ────────────────────────────────────────── tidyverse_conflicts() ──
✖ purrr::accumulate() masks foreach::accumulate()
✖ tidyr::extract()    masks dbarts::extract()
✖ dplyr::filter()     masks stats::filter()
✖ dplyr::lag()        masks stats::lag()
✖ purrr::partial()    masks randomForestSRC::partial()
✖ purrr::when()       masks foreach::when()
ℹ Use the [conflicted package](http://conflicted.r-lib.org/) to force all conflicts to become errors
[1] "[Analysis setting]"
[1] "n.cpus: 8"
[1] "method: nonpara"
[1] "taus: 0.1, 0.2, 0.3, 0.4, 0.5"
[1] "thetas: 0.1, 0.2, 0.3, 0.4, 0.5, 0.6, 0.7, 0.8, 0.9"
[1] "r: 100"
[1] "sigma.b: 1"
[1] "m: 100"
[1] "N_total: 1179"
[1] "cluster size dist'n: "

 5  6  7  8  9 10 11 12 13 14 15 16 17 18 19 20 
 8 10  5  6 10  6  3  5  6  9  8  5  6  5  3  5 
[1] "observed time summary: "
   Min. 1st Qu.  Median    Mean 3rd Qu.    Max. 
0.00000 0.02797 0.32383 0.58242 0.92557 5.00000 
[1] "event indicator table: "

  0   1 
693 486 
[1] "treatment indicator table: "

  0   1 
518 661 
[1] ""
[1] "Estimation start"
[1] "   Split: 1"
Note: Using an external vector in selections is ambiguous.
ℹ Use `all_of(X.T.names)` instead of `X.T.names` to silence this message.
ℹ See <https://tidyselect.r-lib.org/reference/faq-external-vector.html>.
This message is displayed once per session.
Note: Using an external vector in selections is ambiguous.
ℹ Use `all_of(X.C.names)` instead of `X.C.names` to silence this message.
ℹ See <https://tidyselect.r-lib.org/reference/faq-external-vector.html>.
This message is displayed once per session.
Note: Using an external vector in selections is ambiguous.
ℹ Use `all_of(X.A.names)` instead of `X.A.names` to silence this message.
ℹ See <https://tidyselect.r-lib.org/reference/faq-external-vector.html>.
This message is displayed once per session.

Running BART with binary y

number of trees: 25
number of chains: 1, number of threads 1
tree thinning rate: 1
Prior:
	prior on k: chi with 1.250000 degrees of freedom and inf scale
	power and base for tree prior: 2.000000 0.950000
	use quantiles for rule cut points: false
	proposal probabilities: birth/death 0.50, swap 0.10, change 0.40; birth 0.50
data:
	number of training observations: 599
	number of test observations: 0
	number of explanatory variables: 15

Cutoff rules c in x<=c vs x>c
Number of cutoffs: (var: number of possible c):
(1: 100) (2: 100) (3: 100) (4: 100) (5: 100) 
(6: 100) (7: 100) (8: 100) (9: 100) (10: 100) 
(11: 100) (12: 100) (13: 100) (14: 100) (15: 100) 

[1] "     Cluster: 1"
[1] "     Cluster: 2"
[1] "     Cluster: 3"
[1] "     Cluster: 4"
[1] "     Cluster: 6"
[1] "     Cluster: 7"
[1] "     Cluster: 8"
[1] "     Cluster: 9"
[1] "     Cluster: 10"
[1] "     Cluster: 12"
[1] "     Cluster: 13"
[1] "     Cluster: 14"
[1] "     Cluster: 15"
[1] "     Cluster: 17"
[1] "     Cluster: 19"
[1] "     Cluster: 22"
[1] "     Cluster: 29"
[1] "     Cluster: 30"
[1] "     Cluster: 33"
[1] "     Cluster: 37"
[1] "     Cluster: 38"
[1] "     Cluster: 39"
[1] "     Cluster: 40"
[1] "     Cluster: 44"
[1] "     Cluster: 49"
[1] "     Cluster: 50"
[1] "     Cluster: 51"
[1] "     Cluster: 52"
[1] "     Cluster: 53"
[1] "     Cluster: 55"
[1] "     Cluster: 56"
[1] "     Cluster: 58"
[1] "     Cluster: 59"
[1] "     Cluster: 63"
[1] "     Cluster: 66"
[1] "     Cluster: 67"
[1] "     Cluster: 69"
[1] "     Cluster: 74"
[1] "     Cluster: 76"
[1] "     Cluster: 77"
[1] "     Cluster: 78"
[1] "     Cluster: 80"
[1] "     Cluster: 81"
[1] "     Cluster: 86"
[1] "     Cluster: 87"
[1] "     Cluster: 90"
[1] "     Cluster: 92"
[1] "     Cluster: 97"
[1] "     Cluster: 98"
[1] "     Cluster: 99"
[1] "   Split: 2"

Running BART with binary y

number of trees: 25
number of chains: 1, number of threads 1
tree thinning rate: 1
Prior:
	prior on k: chi with 1.250000 degrees of freedom and inf scale
	power and base for tree prior: 2.000000 0.950000
	use quantiles for rule cut points: false
	proposal probabilities: birth/death 0.50, swap 0.10, change 0.40; birth 0.50
data:
	number of training observations: 580
	number of test observations: 0
	number of explanatory variables: 15

Cutoff rules c in x<=c vs x>c
Number of cutoffs: (var: number of possible c):
(1: 100) (2: 100) (3: 100) (4: 100) (5: 100) 
(6: 100) (7: 100) (8: 100) (9: 100) (10: 100) 
(11: 100) (12: 100) (13: 100) (14: 100) (15: 100) 

[1] "     Cluster: 5"
[1] "     Cluster: 11"
[1] "     Cluster: 16"
[1] "     Cluster: 18"
[1] "     Cluster: 20"
[1] "     Cluster: 21"
[1] "     Cluster: 23"
[1] "     Cluster: 24"
[1] "     Cluster: 25"
[1] "     Cluster: 26"
[1] "     Cluster: 27"
[1] "     Cluster: 28"
[1] "     Cluster: 31"
[1] "     Cluster: 32"
[1] "     Cluster: 34"
[1] "     Cluster: 35"
[1] "     Cluster: 36"
[1] "     Cluster: 41"
[1] "     Cluster: 42"
[1] "     Cluster: 43"
[1] "     Cluster: 45"
[1] "     Cluster: 46"
[1] "     Cluster: 47"
[1] "     Cluster: 48"
[1] "     Cluster: 54"
[1] "     Cluster: 57"
[1] "     Cluster: 60"
[1] "     Cluster: 61"
[1] "     Cluster: 62"
[1] "     Cluster: 64"
[1] "     Cluster: 65"
[1] "     Cluster: 68"
[1] "     Cluster: 70"
[1] "     Cluster: 71"
[1] "     Cluster: 72"
[1] "     Cluster: 73"
[1] "     Cluster: 75"
[1] "     Cluster: 79"
[1] "     Cluster: 82"
[1] "     Cluster: 83"
[1] "     Cluster: 84"
[1] "     Cluster: 85"
[1] "     Cluster: 88"
[1] "     Cluster: 89"
[1] "     Cluster: 91"
[1] "     Cluster: 93"
[1] "     Cluster: 94"
[1] "     Cluster: 95"
[1] "     Cluster: 96"
[1] "     Cluster: 100"
[1] ""
[1] "IF for proposed nonparametric estimator computed."
`summarise()` has grouped output by 'theta', 'tau'. You can override using the
`.groups` argument.
`summarise()` has grouped output by 'theta'. You can override using the
`.groups` argument.
`summarise()` has grouped output by 'theta', 'tau'. You can override using the
`.groups` argument.
`summarise()` has grouped output by 'theta'. You can override using the
`.groups` argument.
`summarise()` has grouped output by 'theta', 'tau'. You can override using the
`.groups` argument.
`summarise()` has grouped output by 'theta'. You can override using the
`.groups` argument.
`summarise()` has grouped output by 'theta', 'tau'. You can override using the
`.groups` argument.
`summarise()` has grouped output by 'theta'. You can override using the
`.groups` argument.
`summarise()` has grouped output by 'theta', 'tau'. You can override using the
`.groups` argument.
`summarise()` has grouped output by 'theta'. You can override using the
`.groups` argument.
`summarise()` has grouped output by 'theta', 'tau'. You can override using the
`.groups` argument.
`summarise()` has grouped output by 'theta'. You can override using the
`.groups` argument.
`summarise()` has grouped output by 'theta', 'tau'. You can override using the
`.groups` argument.
`summarise()` has grouped output by 'theta'. You can override using the
`.groups` argument.
`summarise()` has grouped output by 'theta', 'tau'. You can override using the
`.groups` argument.
`summarise()` has grouped output by 'theta'. You can override using the
`.groups` argument.
[1] ""
[1] "Total run time was 243.027 seconds"
[1] "Estimation result: "
# A tibble: 360 × 5
   estimand theta   tau   est     se
   <chr>    <dbl> <dbl> <dbl>  <dbl>
 1 mu         0.1   0.1 0.433 0.0443
 2 mu         0.1   0.2 0.469 0.0461
 3 mu         0.1   0.3 0.515 0.0426
 4 mu         0.1   0.4 0.544 0.0466
 5 mu         0.1   0.5 0.611 0.0393
 6 mu         0.2   0.1 0.351 0.0341
 7 mu         0.2   0.2 0.413 0.0326
 8 mu         0.2   0.3 0.458 0.0313
 9 mu         0.2   0.4 0.514 0.0378
10 mu         0.2   0.5 0.564 0.0390
# ℹ 350 more rows
[1] ""
[1] "OR weights"
`summarise()` has grouped output by 'estimand'. You can override using the
`.groups` argument.
# A tibble: 27 × 6
# Groups:   estimand [3]
   estimand theta mean_value median_value min_value max_value
   <fct>    <dbl>      <dbl>        <dbl>     <dbl>     <dbl>
 1 mu         0.1      1.05             1     0.532      2.62
 2 mu         0.2      1.01             1     0.653      1.56
 3 mu         0.3      1.00             1     0.608      1.39
 4 mu         0.4      1.00             1     0.673      1.30
 5 mu         0.5      1.01             1     0.793      1.33
 6 mu         0.6      1.01             1     0.690      1.25
 7 mu         0.7      0.999            1     0.770      1.34
 8 mu         0.8      0.998            1     0.687      1.27
 9 mu         0.9      0.996            1     0.474      1.37
10 mu_1       0.1      1.01             1     0.594      1.69
11 mu_1       0.2      1.00             1     0.585      1.43
12 mu_1       0.3      1.00             1     0.619      1.37
13 mu_1       0.4      1.00             1     0.704      1.33
14 mu_1       0.5      1.01             1     0.744      1.32
15 mu_1       0.6      1.00             1     0.690      1.29
16 mu_1       0.7      0.999            1     0.755      1.34
17 mu_1       0.8      0.999            1     0.655      1.27
18 mu_1       0.9      0.996            1     0.463      1.39
19 mu_0       0.1      1.05             1     0.525      2.72
20 mu_0       0.2      1.02             1     0.653      1.61
21 mu_0       0.3      1.00             1     0.603      1.40
22 mu_0       0.4      1.00             1     0.653      1.33
23 mu_0       0.5      1.01             1     0.776      1.34
24 mu_0       0.6      1.01             1     0.691      1.29
25 mu_0       0.7      0.999            1     0.719      1.34
26 mu_0       0.8      0.996            1     0.712      1.36
27 mu_0       0.9      1.00             1     0.557      1.44
[1] ""
[1] "IPCW weights"
`summarise()` has grouped output by 'estimand'. You can override using the
`.groups` argument.
# A tibble: 27 × 6
# Groups:   estimand [3]
   estimand theta mean_value median_value min_value max_value
   <fct>    <dbl>      <dbl>        <dbl>     <dbl>     <dbl>
 1 mu         0.1      1.05       0.00417  2.95e-19     18.2 
 2 mu         0.2      1.15       0.104    3.09e-13      6.87
 3 mu         0.3      1.15       0.419    1.03e- 9      7.51
 4 mu         0.4      1.09       0.726    3.24e- 7      6.83
 5 mu         0.5      1.05       0.742    2.81e- 5      4.85
 6 mu         0.6      1.04       0.622    9.75e- 5      4.43
 7 mu         0.7      1.02       0.686    1.14e- 6      4.92
 8 mu         0.8      1.05       0.581    1.98e- 9      6.19
 9 mu         0.9      1.31       0.0684   3.41e-14      7.60
10 mu_1       0.1      1.07       0.00877  0             7.48
11 mu_1       0.2      1.17       0.122    0             8.05
12 mu_1       0.3      1.13       0.510    0             7.36
13 mu_1       0.4      1.07       0.668    0             6.57
14 mu_1       0.5      1.05       0.554    0             4.74
15 mu_1       0.6      1.03       0.678    0             4.34
16 mu_1       0.7      1.02       0.743    0             4.92
17 mu_1       0.8      1.07       0.404    0             6.37
18 mu_1       0.9      1.35       0.0422   0             7.88
19 mu_0       0.1      1.04       0.00223  0            20.2 
20 mu_0       0.2      1.14       0.0518   0             7.87
21 mu_0       0.3      1.16       0.293    0             7.66
22 mu_0       0.4      1.11       0.606    0             7.01
23 mu_0       0.5      1.06       0.816    0             5.97
24 mu_0       0.6      1.05       0.631    0             4.84
25 mu_0       0.7      1.03       0.377    0             4.92
26 mu_0       0.8      0.966      0.192    0             5.46
27 mu_0       0.9      0.912      0.00580  0             8.38
[1] "Total run time was 247.627 seconds"
