
Attaching package: ‘dplyr’

The following objects are masked from ‘package:stats’:

    filter, lag

The following objects are masked from ‘package:base’:

    intersect, setdiff, setequal, union

Loading required package: foreach
Loading required package: iterators
Loading required package: parallel

 randomForestSRC 3.2.2 
 
 Type rfsrc.news() to see new features, changes, and bug fixes. 
 

── Attaching core tidyverse packages ──────────────────────── tidyverse 2.0.0 ──
✔ forcats   1.0.0     ✔ readr     2.1.4
✔ ggplot2   3.3.6     ✔ stringr   1.5.1
✔ lubridate 1.9.3     ✔ tibble    3.2.1
✔ purrr     0.3.5     ✔ tidyr     1.2.1
── Conflicts ────────────────────────────────────────── tidyverse_conflicts() ──
✖ purrr::accumulate() masks foreach::accumulate()
✖ tidyr::extract()    masks dbarts::extract()
✖ dplyr::filter()     masks stats::filter()
✖ dplyr::lag()        masks stats::lag()
✖ purrr::partial()    masks randomForestSRC::partial()
✖ purrr::when()       masks foreach::when()
ℹ Use the [conflicted package](http://conflicted.r-lib.org/) to force all conflicts to become errors
[1] "[Analysis setting]"
[1] "n.cpus: 8"
[1] "method: nonpara"
[1] "taus: 0.1, 0.2, 0.3, 0.4, 0.5"
[1] "thetas: 0.1, 0.2, 0.3, 0.4, 0.5, 0.6, 0.7, 0.8, 0.9"
[1] "r: 100"
[1] "sigma.b: 1"
[1] "m: 100"
[1] "N_total: 1254"
[1] "cluster size dist'n: "

 5  6  7  8  9 10 11 12 13 14 15 16 17 18 19 20 
 6  4  5  5  8 10  7  4 10  8  5  5  5  4  6  8 
[1] "observed time summary: "
   Min. 1st Qu.  Median    Mean 3rd Qu.    Max. 
0.00000 0.03411 0.35820 0.61642 1.00000 6.52972 
[1] "event indicator table: "

  0   1 
732 522 
[1] "treatment indicator table: "

  0   1 
515 739 
[1] ""
[1] "Estimation start"
[1] "   Split: 1"
Note: Using an external vector in selections is ambiguous.
ℹ Use `all_of(X.T.names)` instead of `X.T.names` to silence this message.
ℹ See <https://tidyselect.r-lib.org/reference/faq-external-vector.html>.
This message is displayed once per session.
Note: Using an external vector in selections is ambiguous.
ℹ Use `all_of(X.C.names)` instead of `X.C.names` to silence this message.
ℹ See <https://tidyselect.r-lib.org/reference/faq-external-vector.html>.
This message is displayed once per session.
Note: Using an external vector in selections is ambiguous.
ℹ Use `all_of(X.A.names)` instead of `X.A.names` to silence this message.
ℹ See <https://tidyselect.r-lib.org/reference/faq-external-vector.html>.
This message is displayed once per session.

Running BART with binary y

number of trees: 25
number of chains: 1, number of threads 1
tree thinning rate: 1
Prior:
	prior on k: chi with 1.250000 degrees of freedom and inf scale
	power and base for tree prior: 2.000000 0.950000
	use quantiles for rule cut points: false
	proposal probabilities: birth/death 0.50, swap 0.10, change 0.40; birth 0.50
data:
	number of training observations: 615
	number of test observations: 0
	number of explanatory variables: 15

Cutoff rules c in x<=c vs x>c
Number of cutoffs: (var: number of possible c):
(1: 100) (2: 100) (3: 100) (4: 100) (5: 100) 
(6: 100) (7: 100) (8: 100) (9: 100) (10: 100) 
(11: 100) (12: 100) (13: 100) (14: 100) (15: 100) 

[1] "     Cluster: 1"
[1] "     Cluster: 2"
[1] "     Cluster: 5"
[1] "     Cluster: 10"
[1] "     Cluster: 11"
[1] "     Cluster: 13"
[1] "     Cluster: 18"
[1] "     Cluster: 19"
[1] "     Cluster: 21"
[1] "     Cluster: 23"
[1] "     Cluster: 24"
[1] "     Cluster: 25"
[1] "     Cluster: 26"
[1] "     Cluster: 28"
[1] "     Cluster: 32"
[1] "     Cluster: 36"
[1] "     Cluster: 37"
[1] "     Cluster: 39"
[1] "     Cluster: 42"
[1] "     Cluster: 45"
[1] "     Cluster: 46"
[1] "     Cluster: 47"
[1] "     Cluster: 51"
[1] "     Cluster: 53"
[1] "     Cluster: 54"
[1] "     Cluster: 56"
[1] "     Cluster: 57"
[1] "     Cluster: 59"
[1] "     Cluster: 60"
[1] "     Cluster: 65"
[1] "     Cluster: 67"
[1] "     Cluster: 68"
[1] "     Cluster: 70"
[1] "     Cluster: 73"
[1] "     Cluster: 75"
[1] "     Cluster: 78"
[1] "     Cluster: 79"
[1] "     Cluster: 80"
[1] "     Cluster: 82"
[1] "     Cluster: 83"
[1] "     Cluster: 85"
[1] "     Cluster: 86"
[1] "     Cluster: 89"
[1] "     Cluster: 90"
[1] "     Cluster: 91"
[1] "     Cluster: 94"
[1] "     Cluster: 96"
[1] "     Cluster: 97"
[1] "     Cluster: 98"
[1] "     Cluster: 100"
[1] "   Split: 2"

Running BART with binary y

number of trees: 25
number of chains: 1, number of threads 1
tree thinning rate: 1
Prior:
	prior on k: chi with 1.250000 degrees of freedom and inf scale
	power and base for tree prior: 2.000000 0.950000
	use quantiles for rule cut points: false
	proposal probabilities: birth/death 0.50, swap 0.10, change 0.40; birth 0.50
data:
	number of training observations: 639
	number of test observations: 0
	number of explanatory variables: 15

Cutoff rules c in x<=c vs x>c
Number of cutoffs: (var: number of possible c):
(1: 100) (2: 100) (3: 100) (4: 100) (5: 100) 
(6: 100) (7: 100) (8: 100) (9: 100) (10: 100) 
(11: 100) (12: 100) (13: 100) (14: 100) (15: 100) 

[1] "     Cluster: 3"
[1] "     Cluster: 4"
[1] "     Cluster: 6"
[1] "     Cluster: 7"
[1] "     Cluster: 8"
[1] "     Cluster: 9"
[1] "     Cluster: 12"
[1] "     Cluster: 14"
[1] "     Cluster: 15"
[1] "     Cluster: 16"
[1] "     Cluster: 17"
[1] "     Cluster: 20"
[1] "     Cluster: 22"
[1] "     Cluster: 27"
[1] "     Cluster: 29"
[1] "     Cluster: 30"
[1] "     Cluster: 31"
[1] "     Cluster: 33"
[1] "     Cluster: 34"
[1] "     Cluster: 35"
[1] "     Cluster: 38"
[1] "     Cluster: 40"
[1] "     Cluster: 41"
[1] "     Cluster: 43"
[1] "     Cluster: 44"
[1] "     Cluster: 48"
[1] "     Cluster: 49"
[1] "     Cluster: 50"
[1] "     Cluster: 52"
[1] "     Cluster: 55"
[1] "     Cluster: 58"
[1] "     Cluster: 61"
[1] "     Cluster: 62"
[1] "     Cluster: 63"
[1] "     Cluster: 64"
[1] "     Cluster: 66"
[1] "     Cluster: 69"
[1] "     Cluster: 71"
[1] "     Cluster: 72"
[1] "     Cluster: 74"
[1] "     Cluster: 76"
[1] "     Cluster: 77"
[1] "     Cluster: 81"
[1] "     Cluster: 84"
[1] "     Cluster: 87"
[1] "     Cluster: 88"
[1] "     Cluster: 92"
[1] "     Cluster: 93"
[1] "     Cluster: 95"
[1] "     Cluster: 99"
[1] ""
[1] "IF for proposed nonparametric estimator computed."
`summarise()` has grouped output by 'theta', 'tau'. You can override using the
`.groups` argument.
`summarise()` has grouped output by 'theta'. You can override using the
`.groups` argument.
`summarise()` has grouped output by 'theta', 'tau'. You can override using the
`.groups` argument.
`summarise()` has grouped output by 'theta'. You can override using the
`.groups` argument.
`summarise()` has grouped output by 'theta', 'tau'. You can override using the
`.groups` argument.
`summarise()` has grouped output by 'theta'. You can override using the
`.groups` argument.
`summarise()` has grouped output by 'theta', 'tau'. You can override using the
`.groups` argument.
`summarise()` has grouped output by 'theta'. You can override using the
`.groups` argument.
`summarise()` has grouped output by 'theta', 'tau'. You can override using the
`.groups` argument.
`summarise()` has grouped output by 'theta'. You can override using the
`.groups` argument.
`summarise()` has grouped output by 'theta', 'tau'. You can override using the
`.groups` argument.
`summarise()` has grouped output by 'theta'. You can override using the
`.groups` argument.
`summarise()` has grouped output by 'theta', 'tau'. You can override using the
`.groups` argument.
`summarise()` has grouped output by 'theta'. You can override using the
`.groups` argument.
`summarise()` has grouped output by 'theta', 'tau'. You can override using the
`.groups` argument.
`summarise()` has grouped output by 'theta'. You can override using the
`.groups` argument.
[1] ""
[1] "Total run time was 170.917 seconds"
[1] "Estimation result: "
# A tibble: 360 × 5
   estimand theta   tau   est     se
   <chr>    <dbl> <dbl> <dbl>  <dbl>
 1 mu         0.1   0.1 0.375 0.0349
 2 mu         0.1   0.2 0.490 0.0493
 3 mu         0.1   0.3 0.574 0.0409
 4 mu         0.1   0.4 0.575 0.0405
 5 mu         0.1   0.5 0.597 0.0377
 6 mu         0.2   0.1 0.322 0.0346
 7 mu         0.2   0.2 0.413 0.0375
 8 mu         0.2   0.3 0.491 0.0379
 9 mu         0.2   0.4 0.493 0.0373
10 mu         0.2   0.5 0.527 0.0390
# ℹ 350 more rows
[1] ""
[1] "OR weights"
`summarise()` has grouped output by 'estimand'. You can override using the
`.groups` argument.
# A tibble: 27 × 6
# Groups:   estimand [3]
   estimand theta mean_value median_value min_value max_value
   <fct>    <dbl>      <dbl>        <dbl>     <dbl>     <dbl>
 1 mu         0.1      1.02         1.00      0.418      1.44
 2 mu         0.2      0.997        0.999     0.692      1.33
 3 mu         0.3      0.988        1         0.725      1.26
 4 mu         0.4      1.00         1         0.743      1.25
 5 mu         0.5      1.01         1         0.755      1.45
 6 mu         0.6      1.01         1         0.758      1.57
 7 mu         0.7      1.00         1         0.714      1.37
 8 mu         0.8      0.998        1.00      0.723      1.31
 9 mu         0.9      1.00         1         0.627      1.46
10 mu_1       0.1      1.02         1         0.543      1.51
11 mu_1       0.2      0.989        1         0.701      1.30
12 mu_1       0.3      0.991        1         0.724      1.27
13 mu_1       0.4      1.00         1         0.748      1.27
14 mu_1       0.5      1.01         1         0.753      1.51
15 mu_1       0.6      1.00         1         0.738      1.56
16 mu_1       0.7      1.00         1         0.714      1.32
17 mu_1       0.8      0.999        1         0.713      1.34
18 mu_1       0.9      1.00         1         0.605      1.45
19 mu_0       0.1      1.02         1.00      0.390      1.43
20 mu_0       0.2      0.999        1         0.640      1.34
21 mu_0       0.3      0.987        0.999     0.719      1.25
22 mu_0       0.4      0.996        1         0.735      1.26
23 mu_0       0.5      1.01         1         0.753      1.40
24 mu_0       0.6      1.01         1         0.753      1.57
25 mu_0       0.7      1.00         1         0.715      1.51
26 mu_0       0.8      0.996        1         0.732      1.35
27 mu_0       0.9      0.988        1         0.619      1.52
[1] ""
[1] "IPCW weights"
`summarise()` has grouped output by 'estimand'. You can override using the
`.groups` argument.
# A tibble: 27 × 6
# Groups:   estimand [3]
   estimand theta mean_value median_value min_value max_value
   <fct>    <dbl>      <dbl>        <dbl>     <dbl>     <dbl>
 1 mu         0.1      0.854    0.000293   2.18e-19      8.72
 2 mu         0.2      0.867    0.0228     2.29e-13      4.66
 3 mu         0.3      0.853    0.164      7.61e-10      4.77
 4 mu         0.4      0.928    0.518      2.40e- 7      3.76
 5 mu         0.5      1.07     0.723      2.08e- 5      4.44
 6 mu         0.6      1.17     0.792      4.20e- 7      6.03
 7 mu         0.7      1.16     0.675      1.33e- 9     10.4 
 8 mu         0.8      1.11     0.480      4.00e-13      8.93
 9 mu         0.9      1.11     0.0717     3.82e-19      7.23
10 mu_1       0.1      0.992    0.000723   0             7.56
11 mu_1       0.2      0.876    0.0430     0             5.82
12 mu_1       0.3      0.856    0.293      0             4.89
13 mu_1       0.4      0.964    0.578      0             4.11
14 mu_1       0.5      1.12     0.794      0             5.14
15 mu_1       0.6      1.19     0.767      0             7.37
16 mu_1       0.7      1.16     0.684      0            10.9 
17 mu_1       0.8      1.10     0.462      0             8.18
18 mu_1       0.9      1.11     0.0494     0             7.23
19 mu_0       0.1      0.839    0.0000731  0             8.95
20 mu_0       0.2      0.865    0.00760    0             4.90
21 mu_0       0.3      0.852    0.0834     0             5.04
22 mu_0       0.4      0.904    0.374      0             4.34
23 mu_0       0.5      1.03     0.558      0             4.38
24 mu_0       0.6      1.14     0.724      0             5.82
25 mu_0       0.7      1.16     0.587      0             9.25
26 mu_0       0.8      1.13     0.309      0            11.9 
27 mu_0       0.9      1.14     0.0263     0             7.23
[1] "Total run time was 174.935 seconds"
