
Attaching package: ‘dplyr’

The following objects are masked from ‘package:stats’:

    filter, lag

The following objects are masked from ‘package:base’:

    intersect, setdiff, setequal, union

Loading required package: foreach
Loading required package: iterators
Loading required package: parallel

 randomForestSRC 3.2.2 
 
 Type rfsrc.news() to see new features, changes, and bug fixes. 
 

── Attaching core tidyverse packages ──────────────────────── tidyverse 2.0.0 ──
✔ forcats   1.0.0     ✔ readr     2.1.4
✔ ggplot2   3.3.6     ✔ stringr   1.5.1
✔ lubridate 1.9.3     ✔ tibble    3.2.1
✔ purrr     0.3.5     ✔ tidyr     1.2.1
── Conflicts ────────────────────────────────────────── tidyverse_conflicts() ──
✖ purrr::accumulate() masks foreach::accumulate()
✖ tidyr::extract()    masks dbarts::extract()
✖ dplyr::filter()     masks stats::filter()
✖ dplyr::lag()        masks stats::lag()
✖ purrr::partial()    masks randomForestSRC::partial()
✖ purrr::when()       masks foreach::when()
ℹ Use the [conflicted package](http://conflicted.r-lib.org/) to force all conflicts to become errors
[1] "[Analysis setting]"
[1] "n.cpus: 8"
[1] "method: nonpara"
[1] "taus: 0.1, 0.2, 0.3, 0.4, 0.5"
[1] "thetas: 0.1, 0.2, 0.3, 0.4, 0.5, 0.6, 0.7, 0.8, 0.9"
[1] "r: 100"
[1] "sigma.b: 1"
[1] "m: 100"
[1] "N_total: 1194"
[1] "cluster size dist'n: "

 5  6  7  8  9 10 11 12 13 14 15 16 17 18 19 20 
 7  9  7 11  3  6  6  3  3 10  7  9  6  4  3  6 
[1] "observed time summary: "
   Min. 1st Qu.  Median    Mean 3rd Qu.    Max. 
0.00000 0.04222 0.33464 0.56403 0.99748 4.59932 
[1] "event indicator table: "

  0   1 
673 521 
[1] "treatment indicator table: "

  0   1 
494 700 
[1] ""
[1] "Estimation start"
[1] "   Split: 1"
Note: Using an external vector in selections is ambiguous.
ℹ Use `all_of(X.T.names)` instead of `X.T.names` to silence this message.
ℹ See <https://tidyselect.r-lib.org/reference/faq-external-vector.html>.
This message is displayed once per session.
Note: Using an external vector in selections is ambiguous.
ℹ Use `all_of(X.C.names)` instead of `X.C.names` to silence this message.
ℹ See <https://tidyselect.r-lib.org/reference/faq-external-vector.html>.
This message is displayed once per session.
Note: Using an external vector in selections is ambiguous.
ℹ Use `all_of(X.A.names)` instead of `X.A.names` to silence this message.
ℹ See <https://tidyselect.r-lib.org/reference/faq-external-vector.html>.
This message is displayed once per session.

Running BART with binary y

number of trees: 25
number of chains: 1, number of threads 1
tree thinning rate: 1
Prior:
	prior on k: chi with 1.250000 degrees of freedom and inf scale
	power and base for tree prior: 2.000000 0.950000
	use quantiles for rule cut points: false
	proposal probabilities: birth/death 0.50, swap 0.10, change 0.40; birth 0.50
data:
	number of training observations: 620
	number of test observations: 0
	number of explanatory variables: 15

Cutoff rules c in x<=c vs x>c
Number of cutoffs: (var: number of possible c):
(1: 100) (2: 100) (3: 100) (4: 100) (5: 100) 
(6: 100) (7: 100) (8: 100) (9: 100) (10: 100) 
(11: 100) (12: 100) (13: 100) (14: 100) (15: 100) 

[1] "     Cluster: 5"
[1] "     Cluster: 8"
[1] "     Cluster: 11"
[1] "     Cluster: 14"
[1] "     Cluster: 15"
[1] "     Cluster: 18"
[1] "     Cluster: 19"
[1] "     Cluster: 21"
[1] "     Cluster: 23"
[1] "     Cluster: 25"
[1] "     Cluster: 26"
[1] "     Cluster: 27"
[1] "     Cluster: 28"
[1] "     Cluster: 32"
[1] "     Cluster: 34"
[1] "     Cluster: 35"
[1] "     Cluster: 36"
[1] "     Cluster: 40"
[1] "     Cluster: 41"
[1] "     Cluster: 43"
[1] "     Cluster: 44"
[1] "     Cluster: 45"
[1] "     Cluster: 46"
[1] "     Cluster: 47"
[1] "     Cluster: 51"
[1] "     Cluster: 53"
[1] "     Cluster: 54"
[1] "     Cluster: 57"
[1] "     Cluster: 58"
[1] "     Cluster: 63"
[1] "     Cluster: 64"
[1] "     Cluster: 65"
[1] "     Cluster: 66"
[1] "     Cluster: 69"
[1] "     Cluster: 70"
[1] "     Cluster: 72"
[1] "     Cluster: 75"
[1] "     Cluster: 76"
[1] "     Cluster: 78"
[1] "     Cluster: 80"
[1] "     Cluster: 85"
[1] "     Cluster: 86"
[1] "     Cluster: 89"
[1] "     Cluster: 90"
[1] "     Cluster: 91"
[1] "     Cluster: 92"
[1] "     Cluster: 93"
[1] "     Cluster: 96"
[1] "     Cluster: 99"
[1] "     Cluster: 100"
[1] "   Split: 2"

Running BART with binary y

number of trees: 25
number of chains: 1, number of threads 1
tree thinning rate: 1
Prior:
	prior on k: chi with 1.250000 degrees of freedom and inf scale
	power and base for tree prior: 2.000000 0.950000
	use quantiles for rule cut points: false
	proposal probabilities: birth/death 0.50, swap 0.10, change 0.40; birth 0.50
data:
	number of training observations: 574
	number of test observations: 0
	number of explanatory variables: 15

Cutoff rules c in x<=c vs x>c
Number of cutoffs: (var: number of possible c):
(1: 100) (2: 100) (3: 100) (4: 100) (5: 100) 
(6: 100) (7: 100) (8: 100) (9: 100) (10: 100) 
(11: 100) (12: 100) (13: 100) (14: 100) (15: 100) 

[1] "     Cluster: 1"
[1] "     Cluster: 2"
[1] "     Cluster: 3"
[1] "     Cluster: 4"
[1] "     Cluster: 6"
[1] "     Cluster: 7"
[1] "     Cluster: 9"
[1] "     Cluster: 10"
[1] "     Cluster: 12"
[1] "     Cluster: 13"
[1] "     Cluster: 16"
[1] "     Cluster: 17"
[1] "     Cluster: 20"
[1] "     Cluster: 22"
[1] "     Cluster: 24"
[1] "     Cluster: 29"
[1] "     Cluster: 30"
[1] "     Cluster: 31"
[1] "     Cluster: 33"
[1] "     Cluster: 37"
[1] "     Cluster: 38"
[1] "     Cluster: 39"
[1] "     Cluster: 42"
[1] "     Cluster: 48"
[1] "     Cluster: 49"
[1] "     Cluster: 50"
[1] "     Cluster: 52"
[1] "     Cluster: 55"
[1] "     Cluster: 56"
[1] "     Cluster: 59"
[1] "     Cluster: 60"
[1] "     Cluster: 61"
[1] "     Cluster: 62"
[1] "     Cluster: 67"
[1] "     Cluster: 68"
[1] "     Cluster: 71"
[1] "     Cluster: 73"
[1] "     Cluster: 74"
[1] "     Cluster: 77"
[1] "     Cluster: 79"
[1] "     Cluster: 81"
[1] "     Cluster: 82"
[1] "     Cluster: 83"
[1] "     Cluster: 84"
[1] "     Cluster: 87"
[1] "     Cluster: 88"
[1] "     Cluster: 94"
[1] "     Cluster: 95"
[1] "     Cluster: 97"
[1] "     Cluster: 98"
[1] ""
[1] "IF for proposed nonparametric estimator computed."
`summarise()` has grouped output by 'theta', 'tau'. You can override using the
`.groups` argument.
`summarise()` has grouped output by 'theta'. You can override using the
`.groups` argument.
`summarise()` has grouped output by 'theta', 'tau'. You can override using the
`.groups` argument.
`summarise()` has grouped output by 'theta'. You can override using the
`.groups` argument.
`summarise()` has grouped output by 'theta', 'tau'. You can override using the
`.groups` argument.
`summarise()` has grouped output by 'theta'. You can override using the
`.groups` argument.
`summarise()` has grouped output by 'theta', 'tau'. You can override using the
`.groups` argument.
`summarise()` has grouped output by 'theta'. You can override using the
`.groups` argument.
`summarise()` has grouped output by 'theta', 'tau'. You can override using the
`.groups` argument.
`summarise()` has grouped output by 'theta'. You can override using the
`.groups` argument.
`summarise()` has grouped output by 'theta', 'tau'. You can override using the
`.groups` argument.
`summarise()` has grouped output by 'theta'. You can override using the
`.groups` argument.
`summarise()` has grouped output by 'theta', 'tau'. You can override using the
`.groups` argument.
`summarise()` has grouped output by 'theta'. You can override using the
`.groups` argument.
`summarise()` has grouped output by 'theta', 'tau'. You can override using the
`.groups` argument.
`summarise()` has grouped output by 'theta'. You can override using the
`.groups` argument.
[1] ""
[1] "Total run time was 133.232 seconds"
[1] "Estimation result: "
# A tibble: 360 × 5
   estimand theta   tau   est     se
   <chr>    <dbl> <dbl> <dbl>  <dbl>
 1 mu         0.1   0.1 0.334 0.0287
 2 mu         0.1   0.2 0.420 0.0433
 3 mu         0.1   0.3 0.473 0.0440
 4 mu         0.1   0.4 0.563 0.0603
 5 mu         0.1   0.5 0.595 0.0537
 6 mu         0.2   0.1 0.282 0.0264
 7 mu         0.2   0.2 0.374 0.0363
 8 mu         0.2   0.3 0.429 0.0424
 9 mu         0.2   0.4 0.508 0.0480
10 mu         0.2   0.5 0.557 0.0433
# ℹ 350 more rows
[1] ""
[1] "OR weights"
`summarise()` has grouped output by 'estimand'. You can override using the
`.groups` argument.
# A tibble: 27 × 6
# Groups:   estimand [3]
   estimand theta mean_value median_value min_value max_value
   <fct>    <dbl>      <dbl>        <dbl>     <dbl>     <dbl>
 1 mu         0.1      1.01             1     0.440      1.60
 2 mu         0.2      1.00             1     0.640      1.72
 3 mu         0.3      0.998            1     0.706      1.56
 4 mu         0.4      1.00             1     0.712      1.42
 5 mu         0.5      1.00             1     0.688      1.57
 6 mu         0.6      1.00             1     0.713      1.45
 7 mu         0.7      1.01             1     0.759      1.26
 8 mu         0.8      1.00             1     0.705      1.30
 9 mu         0.9      0.995            1     0.552      1.30
10 mu_1       0.1      1.01             1     0.603      1.85
11 mu_1       0.2      0.995            1     0.650      1.69
12 mu_1       0.3      0.997            1     0.672      1.44
13 mu_1       0.4      1.00             1     0.678      1.49
14 mu_1       0.5      1.00             1     0.685      1.58
15 mu_1       0.6      1.00             1     0.730      1.40
16 mu_1       0.7      1.01             1     0.759      1.30
17 mu_1       0.8      1.00             1     0.698      1.30
18 mu_1       0.9      0.995            1     0.544      1.32
19 mu_0       0.1      1.01             1     0.415      1.61
20 mu_0       0.2      1.00             1     0.614      1.73
21 mu_0       0.3      0.999            1     0.675      1.61
22 mu_0       0.4      1.00             1     0.695      1.42
23 mu_0       0.5      1.00             1     0.688      1.56
24 mu_0       0.6      1.00             1     0.687      1.54
25 mu_0       0.7      1.00             1     0.750      1.32
26 mu_0       0.8      1.01             1     0.727      1.37
27 mu_0       0.9      0.997            1     0.623      1.38
[1] ""
[1] "IPCW weights"
`summarise()` has grouped output by 'estimand'. You can override using the
`.groups` argument.
# A tibble: 27 × 6
# Groups:   estimand [3]
   estimand theta mean_value median_value min_value max_value
   <fct>    <dbl>      <dbl>        <dbl>     <dbl>     <dbl>
 1 mu         0.1      1.08     0.000233   1.21e-19      9.86
 2 mu         0.2      1.14     0.0112     1.27e-13      8.00
 3 mu         0.3      1.13     0.118      4.22e-10     13.9 
 4 mu         0.4      0.982    0.276      1.33e- 7     10.5 
 5 mu         0.5      0.901    0.318      1.15e- 5      4.80
 6 mu         0.6      0.993    0.403      5.92e- 6      7.02
 7 mu         0.7      1.20     0.703      2.92e- 8     10.3 
 8 mu         0.8      1.38     0.629      1.51e-11     17.3 
 9 mu         0.9      1.25     0.230      3.23e-17      7.76
10 mu_1       0.1      1.08     0.000415   0            11.7 
11 mu_1       0.2      1.15     0.0170     0            10.9 
12 mu_1       0.3      1.08     0.143      0            14.6 
13 mu_1       0.4      0.928    0.261      0             8.32
14 mu_1       0.5      0.906    0.337      0             5.34
15 mu_1       0.6      1.03     0.417      0             7.53
16 mu_1       0.7      1.24     0.708      0            11.8 
17 mu_1       0.8      1.40     0.571      0            17.3 
18 mu_1       0.9      1.25     0.167      0             8.08
19 mu_0       0.1      1.08     0.0000648  0            10.3 
20 mu_0       0.2      1.14     0.00452    0             8.57
21 mu_0       0.3      1.15     0.0553     0            13.6 
22 mu_0       0.4      1.02     0.161      0            12.0 
23 mu_0       0.5      0.897    0.272      0             5.48
24 mu_0       0.6      0.932    0.316      0             6.27
25 mu_0       0.7      1.10     0.374      0             7.95
26 mu_0       0.8      1.32     0.217      0            17.3 
27 mu_0       0.9      1.32     0.00573    0            14.2 
[1] "Total run time was 136.561 seconds"
