
Attaching package: ‘dplyr’

The following objects are masked from ‘package:stats’:

    filter, lag

The following objects are masked from ‘package:base’:

    intersect, setdiff, setequal, union

Loading required package: foreach
Loading required package: iterators
Loading required package: parallel

 randomForestSRC 3.2.2 
 
 Type rfsrc.news() to see new features, changes, and bug fixes. 
 

── Attaching core tidyverse packages ──────────────────────── tidyverse 2.0.0 ──
✔ forcats   1.0.0     ✔ readr     2.1.4
✔ ggplot2   3.3.6     ✔ stringr   1.5.1
✔ lubridate 1.9.3     ✔ tibble    3.2.1
✔ purrr     0.3.5     ✔ tidyr     1.2.1
── Conflicts ────────────────────────────────────────── tidyverse_conflicts() ──
✖ purrr::accumulate() masks foreach::accumulate()
✖ tidyr::extract()    masks dbarts::extract()
✖ dplyr::filter()     masks stats::filter()
✖ dplyr::lag()        masks stats::lag()
✖ purrr::partial()    masks randomForestSRC::partial()
✖ purrr::when()       masks foreach::when()
ℹ Use the [conflicted package](http://conflicted.r-lib.org/) to force all conflicts to become errors
[1] "[Analysis setting]"
[1] "n.cpus: 8"
[1] "method: nonpara"
[1] "taus: 0.1, 0.2, 0.3, 0.4, 0.5"
[1] "thetas: 0.1, 0.2, 0.3, 0.4, 0.5, 0.6, 0.7, 0.8, 0.9"
[1] "r: 100"
[1] "sigma.b: 1"
[1] "m: 100"
[1] "N_total: 1227"
[1] "cluster size dist'n: "

 5  6  7  8  9 10 11 12 13 14 15 16 17 18 19 20 
 6  5  9  7  3  5 10  8  6 11  4  4  5  4  8  5 
[1] "observed time summary: "
   Min. 1st Qu.  Median    Mean 3rd Qu.    Max. 
0.00000 0.02802 0.32462 0.62119 1.00000 5.81283 
[1] "event indicator table: "

  0   1 
733 494 
[1] "treatment indicator table: "

  0   1 
500 727 
[1] ""
[1] "Estimation start"
[1] "   Split: 1"
Note: Using an external vector in selections is ambiguous.
ℹ Use `all_of(X.T.names)` instead of `X.T.names` to silence this message.
ℹ See <https://tidyselect.r-lib.org/reference/faq-external-vector.html>.
This message is displayed once per session.
Note: Using an external vector in selections is ambiguous.
ℹ Use `all_of(X.C.names)` instead of `X.C.names` to silence this message.
ℹ See <https://tidyselect.r-lib.org/reference/faq-external-vector.html>.
This message is displayed once per session.
Note: Using an external vector in selections is ambiguous.
ℹ Use `all_of(X.A.names)` instead of `X.A.names` to silence this message.
ℹ See <https://tidyselect.r-lib.org/reference/faq-external-vector.html>.
This message is displayed once per session.

Running BART with binary y

number of trees: 25
number of chains: 1, number of threads 1
tree thinning rate: 1
Prior:
	prior on k: chi with 1.250000 degrees of freedom and inf scale
	power and base for tree prior: 2.000000 0.950000
	use quantiles for rule cut points: false
	proposal probabilities: birth/death 0.50, swap 0.10, change 0.40; birth 0.50
data:
	number of training observations: 578
	number of test observations: 0
	number of explanatory variables: 15

Cutoff rules c in x<=c vs x>c
Number of cutoffs: (var: number of possible c):
(1: 100) (2: 100) (3: 100) (4: 100) (5: 100) 
(6: 100) (7: 100) (8: 100) (9: 100) (10: 100) 
(11: 100) (12: 100) (13: 100) (14: 100) (15: 100) 

[1] "     Cluster: 1"
[1] "     Cluster: 2"
[1] "     Cluster: 5"
[1] "     Cluster: 6"
[1] "     Cluster: 9"
[1] "     Cluster: 10"
[1] "     Cluster: 12"
[1] "     Cluster: 18"
[1] "     Cluster: 20"
[1] "     Cluster: 21"
[1] "     Cluster: 24"
[1] "     Cluster: 27"
[1] "     Cluster: 28"
[1] "     Cluster: 31"
[1] "     Cluster: 33"
[1] "     Cluster: 34"
[1] "     Cluster: 35"
[1] "     Cluster: 36"
[1] "     Cluster: 37"
[1] "     Cluster: 41"
[1] "     Cluster: 44"
[1] "     Cluster: 46"
[1] "     Cluster: 48"
[1] "     Cluster: 49"
[1] "     Cluster: 50"
[1] "     Cluster: 52"
[1] "     Cluster: 53"
[1] "     Cluster: 55"
[1] "     Cluster: 56"
[1] "     Cluster: 59"
[1] "     Cluster: 62"
[1] "     Cluster: 68"
[1] "     Cluster: 71"
[1] "     Cluster: 73"
[1] "     Cluster: 77"
[1] "     Cluster: 78"
[1] "     Cluster: 80"
[1] "     Cluster: 81"
[1] "     Cluster: 82"
[1] "     Cluster: 85"
[1] "     Cluster: 87"
[1] "     Cluster: 88"
[1] "     Cluster: 90"
[1] "     Cluster: 91"
[1] "     Cluster: 92"
[1] "     Cluster: 93"
[1] "     Cluster: 94"
[1] "     Cluster: 95"
[1] "     Cluster: 96"
[1] "     Cluster: 99"
[1] "   Split: 2"

Running BART with binary y

number of trees: 25
number of chains: 1, number of threads 1
tree thinning rate: 1
Prior:
	prior on k: chi with 1.250000 degrees of freedom and inf scale
	power and base for tree prior: 2.000000 0.950000
	use quantiles for rule cut points: false
	proposal probabilities: birth/death 0.50, swap 0.10, change 0.40; birth 0.50
data:
	number of training observations: 649
	number of test observations: 0
	number of explanatory variables: 15

Cutoff rules c in x<=c vs x>c
Number of cutoffs: (var: number of possible c):
(1: 100) (2: 100) (3: 100) (4: 100) (5: 100) 
(6: 100) (7: 100) (8: 100) (9: 100) (10: 100) 
(11: 100) (12: 100) (13: 100) (14: 100) (15: 100) 

[1] "     Cluster: 3"
[1] "     Cluster: 4"
[1] "     Cluster: 7"
[1] "     Cluster: 8"
[1] "     Cluster: 11"
[1] "     Cluster: 13"
[1] "     Cluster: 14"
[1] "     Cluster: 15"
[1] "     Cluster: 16"
[1] "     Cluster: 17"
[1] "     Cluster: 19"
[1] "     Cluster: 22"
[1] "     Cluster: 23"
[1] "     Cluster: 25"
[1] "     Cluster: 26"
[1] "     Cluster: 29"
[1] "     Cluster: 30"
[1] "     Cluster: 32"
[1] "     Cluster: 38"
[1] "     Cluster: 39"
[1] "     Cluster: 40"
[1] "     Cluster: 42"
[1] "     Cluster: 43"
[1] "     Cluster: 45"
[1] "     Cluster: 47"
[1] "     Cluster: 51"
[1] "     Cluster: 54"
[1] "     Cluster: 57"
[1] "     Cluster: 58"
[1] "     Cluster: 60"
[1] "     Cluster: 61"
[1] "     Cluster: 63"
[1] "     Cluster: 64"
[1] "     Cluster: 65"
[1] "     Cluster: 66"
[1] "     Cluster: 67"
[1] "     Cluster: 69"
[1] "     Cluster: 70"
[1] "     Cluster: 72"
[1] "     Cluster: 74"
[1] "     Cluster: 75"
[1] "     Cluster: 76"
[1] "     Cluster: 79"
[1] "     Cluster: 83"
[1] "     Cluster: 84"
[1] "     Cluster: 86"
[1] "     Cluster: 89"
[1] "     Cluster: 97"
[1] "     Cluster: 98"
[1] "     Cluster: 100"
[1] ""
[1] "IF for proposed nonparametric estimator computed."
`summarise()` has grouped output by 'theta', 'tau'. You can override using the
`.groups` argument.
`summarise()` has grouped output by 'theta'. You can override using the
`.groups` argument.
`summarise()` has grouped output by 'theta', 'tau'. You can override using the
`.groups` argument.
`summarise()` has grouped output by 'theta'. You can override using the
`.groups` argument.
`summarise()` has grouped output by 'theta', 'tau'. You can override using the
`.groups` argument.
`summarise()` has grouped output by 'theta'. You can override using the
`.groups` argument.
`summarise()` has grouped output by 'theta', 'tau'. You can override using the
`.groups` argument.
`summarise()` has grouped output by 'theta'. You can override using the
`.groups` argument.
`summarise()` has grouped output by 'theta', 'tau'. You can override using the
`.groups` argument.
`summarise()` has grouped output by 'theta'. You can override using the
`.groups` argument.
`summarise()` has grouped output by 'theta', 'tau'. You can override using the
`.groups` argument.
`summarise()` has grouped output by 'theta'. You can override using the
`.groups` argument.
`summarise()` has grouped output by 'theta', 'tau'. You can override using the
`.groups` argument.
`summarise()` has grouped output by 'theta'. You can override using the
`.groups` argument.
`summarise()` has grouped output by 'theta', 'tau'. You can override using the
`.groups` argument.
`summarise()` has grouped output by 'theta'. You can override using the
`.groups` argument.
[1] ""
[1] "Total run time was 143.979 seconds"
[1] "Estimation result: "
# A tibble: 360 × 5
   estimand theta   tau   est     se
   <chr>    <dbl> <dbl> <dbl>  <dbl>
 1 mu         0.1   0.1 0.387 0.0406
 2 mu         0.1   0.2 0.519 0.0474
 3 mu         0.1   0.3 0.577 0.0485
 4 mu         0.1   0.4 0.611 0.0542
 5 mu         0.1   0.5 0.646 0.0434
 6 mu         0.2   0.1 0.373 0.0369
 7 mu         0.2   0.2 0.463 0.0365
 8 mu         0.2   0.3 0.499 0.0336
 9 mu         0.2   0.4 0.522 0.0353
10 mu         0.2   0.5 0.556 0.0291
# ℹ 350 more rows
[1] ""
[1] "OR weights"
`summarise()` has grouped output by 'estimand'. You can override using the
`.groups` argument.
# A tibble: 27 × 6
# Groups:   estimand [3]
   estimand theta mean_value median_value min_value max_value
   <fct>    <dbl>      <dbl>        <dbl>     <dbl>     <dbl>
 1 mu         0.1      1.04         1         0.539      1.71
 2 mu         0.2      1.05         1         0.575      1.85
 3 mu         0.3      1.03         1         0.633      1.74
 4 mu         0.4      1.00         1         0.628      1.42
 5 mu         0.5      0.994        1         0.643      1.34
 6 mu         0.6      0.993        1         0.669      1.29
 7 mu         0.7      0.991        0.999     0.596      1.33
 8 mu         0.8      0.987        0.989     0.682      1.41
 9 mu         0.9      0.987        0.986     0.677      1.34
10 mu_1       0.1      1.05         1         0.582      1.82
11 mu_1       0.2      1.04         1         0.623      1.85
12 mu_1       0.3      1.02         1         0.661      1.65
13 mu_1       0.4      0.999        1         0.607      1.42
14 mu_1       0.5      0.993        1         0.668      1.35
15 mu_1       0.6      0.993        1         0.641      1.31
16 mu_1       0.7      0.990        0.996     0.600      1.33
17 mu_1       0.8      0.986        0.980     0.677      1.43
18 mu_1       0.9      0.987        0.990     0.653      1.32
19 mu_0       0.1      1.03         1         0.534      1.71
20 mu_0       0.2      1.05         1         0.564      1.85
21 mu_0       0.3      1.03         1         0.600      1.77
22 mu_0       0.4      1.01         1         0.642      1.44
23 mu_0       0.5      0.994        1         0.619      1.39
24 mu_0       0.6      0.994        1         0.687      1.36
25 mu_0       0.7      0.995        1         0.587      1.33
26 mu_0       0.8      0.992        1         0.617      1.40
27 mu_0       0.9      0.987        0.987     0.662      1.53
[1] ""
[1] "IPCW weights"
`summarise()` has grouped output by 'estimand'. You can override using the
`.groups` argument.
# A tibble: 27 × 6
# Groups:   estimand [3]
   estimand theta mean_value median_value min_value max_value
   <fct>    <dbl>      <dbl>        <dbl>     <dbl>     <dbl>
 1 mu         0.1      1.27     0.0000624  1.64e-19     13.9 
 2 mu         0.2      1.28     0.00482    1.72e-13     11.9 
 3 mu         0.3      1.08     0.0588     5.73e-10      8.13
 4 mu         0.4      0.860    0.198      1.81e- 7      5.51
 5 mu         0.5      0.770    0.220      1.57e- 5      4.94
 6 mu         0.6      0.812    0.269      1.51e- 6      4.43
 7 mu         0.7      0.966    0.458      8.50e- 9      6.42
 8 mu         0.8      1.22     0.829      5.75e-12      6.33
 9 mu         0.9      1.48     0.570      2.20e-17      9.54
10 mu_1       0.1      1.41     0.000408   0            14.6 
11 mu_1       0.2      1.23     0.0106     0            12.5 
12 mu_1       0.3      0.981    0.102      0             6.27
13 mu_1       0.4      0.809    0.145      0             5.16
14 mu_1       0.5      0.774    0.197      0             5.23
15 mu_1       0.6      0.850    0.279      0             5.05
16 mu_1       0.7      1.02     0.491      0             6.88
17 mu_1       0.8      1.27     0.919      0             5.93
18 mu_1       0.9      1.50     0.438      0             9.85
19 mu_0       0.1      1.26     0.0000149  0            13.8 
20 mu_0       0.2      1.29     0.00162    0            11.8 
21 mu_0       0.3      1.12     0.0210     0             9.17
22 mu_0       0.4      0.894    0.116      0             5.73
23 mu_0       0.5      0.766    0.115      0             5.40
24 mu_0       0.6      0.754    0.114      0             5.03
25 mu_0       0.7      0.835    0.164      0             6.15
26 mu_0       0.8      1.01     0.166      0             7.91
27 mu_0       0.9      1.27     0.00701    0             6.82
[1] "Total run time was 147.791 seconds"
