
Attaching package: ‘dplyr’

The following objects are masked from ‘package:stats’:

    filter, lag

The following objects are masked from ‘package:base’:

    intersect, setdiff, setequal, union

Loading required package: foreach
Loading required package: iterators
Loading required package: parallel

 randomForestSRC 3.2.2 
 
 Type rfsrc.news() to see new features, changes, and bug fixes. 
 

── Attaching core tidyverse packages ──────────────────────── tidyverse 2.0.0 ──
✔ forcats   1.0.0     ✔ readr     2.1.4
✔ ggplot2   3.3.6     ✔ stringr   1.5.1
✔ lubridate 1.9.3     ✔ tibble    3.2.1
✔ purrr     0.3.5     ✔ tidyr     1.2.1
── Conflicts ────────────────────────────────────────── tidyverse_conflicts() ──
✖ purrr::accumulate() masks foreach::accumulate()
✖ tidyr::extract()    masks dbarts::extract()
✖ dplyr::filter()     masks stats::filter()
✖ dplyr::lag()        masks stats::lag()
✖ purrr::partial()    masks randomForestSRC::partial()
✖ purrr::when()       masks foreach::when()
ℹ Use the [conflicted package](http://conflicted.r-lib.org/) to force all conflicts to become errors
[1] "[Analysis setting]"
[1] "n.cpus: 8"
[1] "method: nonpara"
[1] "taus: 0.1, 0.2, 0.3, 0.4, 0.5"
[1] "thetas: 0.1, 0.2, 0.3, 0.4, 0.5, 0.6, 0.7, 0.8, 0.9"
[1] "r: 100"
[1] "m: 100"
[1] "N_total: 412"
[1] "cluster size dist'n: "

 3  4  5 
25 38 37 
[1] "observed time summary: "
   Min. 1st Qu.  Median    Mean 3rd Qu.    Max. 
0.00000 0.07313 0.39156 0.62792 1.00000 3.10188 
[1] "event indicator table: "

  0   1 
239 173 
[1] "treatment indicator table: "

  0   1 
125 287 
[1] ""
[1] "Estimation start"
[1] "   Split: 1"
Note: Using an external vector in selections is ambiguous.
ℹ Use `all_of(X.T.names)` instead of `X.T.names` to silence this message.
ℹ See <https://tidyselect.r-lib.org/reference/faq-external-vector.html>.
This message is displayed once per session.
Note: Using an external vector in selections is ambiguous.
ℹ Use `all_of(X.C.names)` instead of `X.C.names` to silence this message.
ℹ See <https://tidyselect.r-lib.org/reference/faq-external-vector.html>.
This message is displayed once per session.
Note: Using an external vector in selections is ambiguous.
ℹ Use `all_of(X.A.names)` instead of `X.A.names` to silence this message.
ℹ See <https://tidyselect.r-lib.org/reference/faq-external-vector.html>.
This message is displayed once per session.

Running BART with binary y

number of trees: 25
number of chains: 1, number of threads 1
tree thinning rate: 1
Prior:
	prior on k: chi with 1.250000 degrees of freedom and inf scale
	power and base for tree prior: 2.000000 0.950000
	use quantiles for rule cut points: false
	proposal probabilities: birth/death 0.50, swap 0.10, change 0.40; birth 0.50
data:
	number of training observations: 204
	number of test observations: 0
	number of explanatory variables: 15

Cutoff rules c in x<=c vs x>c
Number of cutoffs: (var: number of possible c):
(1: 100) (2: 100) (3: 100) (4: 100) (5: 100) 
(6: 100) (7: 100) (8: 100) (9: 100) (10: 100) 
(11: 100) (12: 100) (13: 100) (14: 100) (15: 100) 

[1] "     Cluster: 3"
[1] "     Cluster: 4"
[1] "     Cluster: 6"
[1] "     Cluster: 8"
[1] "     Cluster: 9"
[1] "     Cluster: 11"
[1] "     Cluster: 13"
[1] "     Cluster: 17"
[1] "     Cluster: 18"
[1] "     Cluster: 19"
[1] "     Cluster: 20"
[1] "     Cluster: 23"
[1] "     Cluster: 24"
[1] "     Cluster: 25"
[1] "     Cluster: 26"
[1] "     Cluster: 28"
[1] "     Cluster: 29"
[1] "     Cluster: 30"
[1] "     Cluster: 31"
[1] "     Cluster: 34"
[1] "     Cluster: 37"
[1] "     Cluster: 40"
[1] "     Cluster: 42"
[1] "     Cluster: 43"
[1] "     Cluster: 44"
[1] "     Cluster: 48"
[1] "     Cluster: 52"
[1] "     Cluster: 55"
[1] "     Cluster: 56"
[1] "     Cluster: 57"
[1] "     Cluster: 58"
[1] "     Cluster: 61"
[1] "     Cluster: 62"
[1] "     Cluster: 63"
[1] "     Cluster: 65"
[1] "     Cluster: 66"
[1] "     Cluster: 69"
[1] "     Cluster: 75"
[1] "     Cluster: 78"
[1] "     Cluster: 79"
[1] "     Cluster: 80"
[1] "     Cluster: 83"
[1] "     Cluster: 86"
[1] "     Cluster: 87"
[1] "     Cluster: 88"
[1] "     Cluster: 90"
[1] "     Cluster: 93"
[1] "     Cluster: 94"
[1] "     Cluster: 96"
[1] "     Cluster: 98"
[1] "   Split: 2"

Running BART with binary y

number of trees: 25
number of chains: 1, number of threads 1
tree thinning rate: 1
Prior:
	prior on k: chi with 1.250000 degrees of freedom and inf scale
	power and base for tree prior: 2.000000 0.950000
	use quantiles for rule cut points: false
	proposal probabilities: birth/death 0.50, swap 0.10, change 0.40; birth 0.50
data:
	number of training observations: 208
	number of test observations: 0
	number of explanatory variables: 15

Cutoff rules c in x<=c vs x>c
Number of cutoffs: (var: number of possible c):
(1: 100) (2: 100) (3: 100) (4: 100) (5: 100) 
(6: 100) (7: 100) (8: 100) (9: 100) (10: 100) 
(11: 100) (12: 100) (13: 100) (14: 100) (15: 100) 

[1] "     Cluster: 1"
[1] "     Cluster: 2"
[1] "     Cluster: 5"
[1] "     Cluster: 7"
[1] "     Cluster: 10"
[1] "     Cluster: 12"
[1] "     Cluster: 14"
[1] "     Cluster: 15"
[1] "     Cluster: 16"
[1] "     Cluster: 21"
[1] "     Cluster: 22"
[1] "     Cluster: 27"
[1] "     Cluster: 32"
[1] "     Cluster: 33"
[1] "     Cluster: 35"
[1] "     Cluster: 36"
[1] "     Cluster: 38"
[1] "     Cluster: 39"
[1] "     Cluster: 41"
[1] "     Cluster: 45"
[1] "     Cluster: 46"
[1] "     Cluster: 47"
[1] "     Cluster: 49"
[1] "     Cluster: 50"
[1] "     Cluster: 51"
[1] "     Cluster: 53"
[1] "     Cluster: 54"
[1] "     Cluster: 59"
[1] "     Cluster: 60"
[1] "     Cluster: 64"
[1] "     Cluster: 67"
[1] "     Cluster: 68"
[1] "     Cluster: 70"
[1] "     Cluster: 71"
[1] "     Cluster: 72"
[1] "     Cluster: 73"
[1] "     Cluster: 74"
[1] "     Cluster: 76"
[1] "     Cluster: 77"
[1] "     Cluster: 81"
[1] "     Cluster: 82"
[1] "     Cluster: 84"
[1] "     Cluster: 85"
[1] "     Cluster: 89"
[1] "     Cluster: 91"
[1] "     Cluster: 92"
[1] "     Cluster: 95"
[1] "     Cluster: 97"
[1] "     Cluster: 99"
[1] "     Cluster: 100"
[1] ""
[1] "IF for proposed nonparametric estimator computed."
`summarise()` has grouped output by 'theta', 'tau'. You can override using the
`.groups` argument.
`summarise()` has grouped output by 'theta'. You can override using the
`.groups` argument.
`summarise()` has grouped output by 'theta', 'tau'. You can override using the
`.groups` argument.
`summarise()` has grouped output by 'theta'. You can override using the
`.groups` argument.
`summarise()` has grouped output by 'theta', 'tau'. You can override using the
`.groups` argument.
`summarise()` has grouped output by 'theta'. You can override using the
`.groups` argument.
`summarise()` has grouped output by 'theta', 'tau'. You can override using the
`.groups` argument.
`summarise()` has grouped output by 'theta'. You can override using the
`.groups` argument.
`summarise()` has grouped output by 'theta', 'tau'. You can override using the
`.groups` argument.
`summarise()` has grouped output by 'theta'. You can override using the
`.groups` argument.
`summarise()` has grouped output by 'theta', 'tau'. You can override using the
`.groups` argument.
`summarise()` has grouped output by 'theta'. You can override using the
`.groups` argument.
`summarise()` has grouped output by 'theta', 'tau'. You can override using the
`.groups` argument.
`summarise()` has grouped output by 'theta'. You can override using the
`.groups` argument.
`summarise()` has grouped output by 'theta', 'tau'. You can override using the
`.groups` argument.
`summarise()` has grouped output by 'theta'. You can override using the
`.groups` argument.
[1] ""
[1] "Total run time was 68.217 seconds"
[1] "Estimation result: "
# A tibble: 360 × 5
   estimand theta   tau   est     se
   <chr>    <dbl> <dbl> <dbl>  <dbl>
 1 mu         0.1   0.1 0.413 0.116 
 2 mu         0.1   0.2 0.428 0.111 
 3 mu         0.1   0.3 0.481 0.109 
 4 mu         0.1   0.4 0.492 0.107 
 5 mu         0.1   0.5 0.502 0.106 
 6 mu         0.2   0.1 0.390 0.0958
 7 mu         0.2   0.2 0.413 0.0912
 8 mu         0.2   0.3 0.471 0.0900
 9 mu         0.2   0.4 0.483 0.0875
10 mu         0.2   0.5 0.498 0.0857
# ℹ 350 more rows
[1] ""
[1] "OR weights"
`summarise()` has grouped output by 'estimand'. You can override using the
`.groups` argument.
# A tibble: 27 × 6
# Groups:   estimand [3]
   estimand theta mean_value median_value min_value max_value
   <fct>    <dbl>      <dbl>        <dbl>     <dbl>     <dbl>
 1 mu         0.1          1            1         1         1
 2 mu         0.2          1            1         1         1
 3 mu         0.3          1            1         1         1
 4 mu         0.4          1            1         1         1
 5 mu         0.5          1            1         1         1
 6 mu         0.6          1            1         1         1
 7 mu         0.7          1            1         1         1
 8 mu         0.8          1            1         1         1
 9 mu         0.9          1            1         1         1
10 mu_1       0.1          1            1         1         1
11 mu_1       0.2          1            1         1         1
12 mu_1       0.3          1            1         1         1
13 mu_1       0.4          1            1         1         1
14 mu_1       0.5          1            1         1         1
15 mu_1       0.6          1            1         1         1
16 mu_1       0.7          1            1         1         1
17 mu_1       0.8          1            1         1         1
18 mu_1       0.9          1            1         1         1
19 mu_0       0.1          1            1         1         1
20 mu_0       0.2          1            1         1         1
21 mu_0       0.3          1            1         1         1
22 mu_0       0.4          1            1         1         1
23 mu_0       0.5          1            1         1         1
24 mu_0       0.6          1            1         1         1
25 mu_0       0.7          1            1         1         1
26 mu_0       0.8          1            1         1         1
27 mu_0       0.9          1            1         1         1
[1] ""
[1] "IPCW weights"
`summarise()` has grouped output by 'estimand'. You can override using the
`.groups` argument.
# A tibble: 27 × 6
# Groups:   estimand [3]
   estimand theta mean_value median_value min_value max_value
   <fct>    <dbl>      <dbl>        <dbl>     <dbl>     <dbl>
 1 mu         0.1      2.79       0.00847 0.0000354    135.  
 2 mu         0.2      2.26       0.0602  0.00113       74.9 
 3 mu         0.3      1.81       0.178   0.00859       38.4 
 4 mu         0.4      1.46       0.368   0.0362        17.8 
 5 mu         0.5      1.22       0.604   0.111         10.2 
 6 mu         0.6      1.08       0.871   0.275          5.03
 7 mu         0.7      1.04       1.02    0.427          1.86
 8 mu         0.8      1.08       1.01    0.0731         2.70
 9 mu         0.9      1.18       0.708   0.00229        4.87
10 mu_1       0.1      1.83       0.0599  0             42.9 
11 mu_1       0.2      1.48       0.213   0             26.8 
12 mu_1       0.3      1.25       0.419   0             15.7 
13 mu_1       0.4      1.10       0.677   0              8.48
14 mu_1       0.5      1.02       0.882   0              4.09
15 mu_1       0.6      1.01       1.00    0              1.95
16 mu_1       0.7      1.04       1.07    0              2.13
17 mu_1       0.8      1.11       0.932   0              3.38
18 mu_1       0.9      1.20       0.590   0              5.41
19 mu_0       0.1      2.89       0.00235 0            150.  
20 mu_0       0.2      2.46       0.0188  0             93.6 
21 mu_0       0.3      2.06       0.0635  0             54.9 
22 mu_0       0.4      1.71       0.151   0             29.6 
23 mu_0       0.5      1.42       0.299   0             16.4 
24 mu_0       0.6      1.19       0.522   0             10.1 
25 mu_0       0.7      1.04       0.831   0              4.95
26 mu_0       0.8      0.966      1.11    0              2.99
27 mu_0       0.9      0.959      0.936   0              3.29
[1] "Total run time was 72.639 seconds"
