##############################################################
### Job started at Thu Jun  5 00:29:13 EDT 2025 with p=TPB, m=200, r=100, s=1 ###
##############################################################

Attaching package: ‘dplyr’

The following objects are masked from ‘package:stats’:

    filter, lag

The following objects are masked from ‘package:base’:

    intersect, setdiff, setequal, union

Loading required package: foreach
Loading required package: iterators
Loading required package: parallel

 randomForestSRC 3.2.2 
 
 Type rfsrc.news() to see new features, changes, and bug fixes. 
 

[conflicted] Will prefer dplyr::select over any other package.
[conflicted] Will prefer dplyr::filter over any other package.
[conflicted] Will prefer reshape2::melt over any other package.
── Attaching core tidyverse packages ──────────────────────── tidyverse 2.0.0 ──
✔ forcats   1.0.0     ✔ readr     2.1.4
✔ ggplot2   3.5.2     ✔ stringr   1.5.1
✔ lubridate 1.9.3     ✔ tibble    3.2.1
✔ purrr     0.3.5     ✔ tidyr     1.2.1
# A tibble: 42 × 4
   theta   tau estimand   truth
   <dbl> <dbl> <chr>      <dbl>
 1  0.3    0.2 de       -0.288 
 2  0.3    0.2 mu        0.455 
 3  0.3    0.2 mu_0      0.542 
 4  0.3    0.2 mu_1      0.253 
 5  0.3    0.2 oe        0.0785
 6  0.3    0.2 se_0      0.0413
 7  0.3    0.2 se_1      0.0278
 8  0.45   0.2 de       -0.275 
 9  0.45   0.2 mu        0.377 
10  0.45   0.2 mu_0      0.501 
11  0.45   0.2 mu_1      0.226 
12  0.45   0.2 oe        0     
13  0.45   0.2 se_0      0     
14  0.45   0.2 se_1      0     
15  0.6    0.2 de       -0.265 
16  0.6    0.2 mu        0.309 
17  0.6    0.2 mu_0      0.468 
18  0.6    0.2 mu_1      0.203 
19  0.6    0.2 oe       -0.0681
20  0.6    0.2 se_0     -0.0330
21  0.6    0.2 se_1     -0.0227
22  0.3    0.4 de       -0.273 
23  0.3    0.4 mu        0.562 
24  0.3    0.4 mu_0      0.644 
25  0.3    0.4 mu_1      0.370 
26  0.3    0.4 oe        0.0792
27  0.3    0.4 se_0      0.0417
28  0.3    0.4 se_1      0.0338
29  0.45   0.4 de       -0.265 
30  0.45   0.4 mu        0.483 
31  0.45   0.4 mu_0      0.602 
32  0.45   0.4 mu_1      0.337 
33  0.45   0.4 oe        0     
34  0.45   0.4 se_0      0     
35  0.45   0.4 se_1      0     
36  0.6    0.4 de       -0.259 
37  0.6    0.4 mu        0.412 
38  0.6    0.4 mu_0      0.567 
39  0.6    0.4 mu_1      0.308 
40  0.6    0.4 oe       -0.0709
41  0.6    0.4 se_0     -0.0350
42  0.6    0.4 se_1     -0.0285
Loading required package: Matrix

Attaching package: ‘Matrix’

The following objects are masked from ‘package:tidyr’:

    expand, pack, unpack


==========================================================================
===========================   Analysis setting  ==========================
==========================================================================

- taus: 0.1, 0.2, 0.3, 0.4, 0.5 

- policy: TPB 

- thetas: 0, 0.025, 0.05, 0.075, 0.1, 0.125, 0.15, 0.175, 0.2, 0.225, 0.25, 0.275, 0.3, 0.325, 0.35, 0.375, 0.4, 0.425, 0.45, 0.475, 0.5 

- r: 100 

- K: 2 

- Nuisance estimation method: T nonpara / C nonpara / A nonpara 

- m: 200 

- N_total: 2467 

- cluster size dist'n: 
 5  6  7  8  9 10 11 12 13 14 15 16 17 18 19 20 
17 12 18  9 13  9 18 11  6 12 15  8  8 13 14 17 

 - observed time summary: 
   Min. 1st Qu.  Median    Mean 3rd Qu.    Max. 
 0.0000  0.0229  0.2307  0.6256  0.7899 12.8737 

 - event indicator table: 
   0    1 
 999 1468 

 - event time summary: 
    Min.  1st Qu.   Median     Mean  3rd Qu.     Max. 
 0.00000  0.01437  0.18042  0.59749  0.76823 12.87374 

 - censoring time summary: 
   Min. 1st Qu.  Median    Mean 3rd Qu.    Max. 
0.00000 0.04483 0.30678 0.66688 0.84384 7.94968 

 - treatment indicator table: 
   0    1 
1287 1180 

==========================================================================
===========================   Estimation start  ==========================
==========================================================================

--- Split:1 ---

Running BART with binary y

number of trees: 25
number of chains: 1, number of threads 1
tree thinning rate: 1
Prior:
	prior on k: chi with 1.250000 degrees of freedom and inf scale
	power and base for tree prior: 2.000000 0.950000
	use quantiles for rule cut points: false
	proposal probabilities: birth/death 0.50, swap 0.10, change 0.40; birth 0.50
data:
	number of training observations: 1268
	number of test observations: 0
	number of explanatory variables: 15

Cutoff rules c in x<=c vs x>c
Number of cutoffs: (var: number of possible c):
(1: 100) (2: 100) (3: 100) (4: 100) (5: 100) 
(6: 100) (7: 100) (8: 100) (9: 100) (10: 100) 
(11: 100) (12: 100) (13: 100) (14: 100) (15: 100) 


   [*---------] 10% | ET: 63.1s 
   [**--------] 20% | ET: 129s 
   [***-------] 30% | ET: 202.7s 
   [****------] 40% | ET: 285.2s 
   [*****-----] 50% | ET: 355.6s 
   [******----] 60% | ET: 421.3s 
   [*******---] 70% | ET: 500.5s 
   [********--] 80% | ET: 583.9s 
   [*********-] 90% | ET: 658s 
   [**********] 100% | ET: 722.4s 

--- Split:2 ---

Running BART with binary y

number of trees: 25
number of chains: 1, number of threads 1
tree thinning rate: 1
Prior:
	prior on k: chi with 1.250000 degrees of freedom and inf scale
	power and base for tree prior: 2.000000 0.950000
	use quantiles for rule cut points: false
	proposal probabilities: birth/death 0.50, swap 0.10, change 0.40; birth 0.50
data:
	number of training observations: 1199
	number of test observations: 0
	number of explanatory variables: 15

Cutoff rules c in x<=c vs x>c
Number of cutoffs: (var: number of possible c):
(1: 100) (2: 100) (3: 100) (4: 100) (5: 100) 
(6: 100) (7: 100) (8: 100) (9: 100) (10: 100) 
(11: 100) (12: 100) (13: 100) (14: 100) (15: 100) 


   [*---------] 10% | ET: 77.1s 
   [**--------] 20% | ET: 137.3s 
   [***-------] 30% | ET: 224.1s 
   [****------] 40% | ET: 296s 
   [*****-----] 50% | ET: 379.7s 
   [******----] 60% | ET: 452.4s 
   [*******---] 70% | ET: 528.1s 
   [********--] 80% | ET: 608.1s 
   [*********-] 90% | ET: 690.4s 
   [**********] 100% | ET: 766.2s 

--- IF for proposed nonparametric estimator computed --- ET: 1531.6 seconds
--- Estimator computed: mu --- ET: 1.2 seconds --- 
--- Estimator computed: mu_1 --- ET: 1.1 seconds --- 
--- Estimator computed: mu_0 --- ET: 1.1 seconds --- 
--- Estimator computed: de --- ET: 1.4 seconds --- 
--- Estimator computed: oe --- ET: 1 seconds --- 
--- Estimator computed: se_1 --- ET: 1.1 seconds --- 
--- Estimator computed: se_0 --- ET: 1.1 seconds --- 
--- Total run time: 1543.4 seconds --- 
--- Total run time: 1570 seconds --- ###################################################
### Job finished at Thu Jun  5 00:55:23 EDT 2025 ###
###################################################
