##############################################################
### Job started at Thu Jun  5 02:32:46 EDT 2025 with p=TPB, m=200, r=100, s=1 ###
##############################################################

Attaching package: ‘dplyr’

The following objects are masked from ‘package:stats’:

    filter, lag

The following objects are masked from ‘package:base’:

    intersect, setdiff, setequal, union

Loading required package: foreach
Loading required package: iterators
Loading required package: parallel

 randomForestSRC 3.2.2 
 
 Type rfsrc.news() to see new features, changes, and bug fixes. 
 

[conflicted] Will prefer dplyr::select over any other package.
[conflicted] Will prefer dplyr::filter over any other package.
[conflicted] Will prefer reshape2::melt over any other package.
── Attaching core tidyverse packages ──────────────────────── tidyverse 2.0.0 ──
✔ forcats   1.0.0     ✔ readr     2.1.4
✔ ggplot2   3.5.2     ✔ stringr   1.5.1
✔ lubridate 1.9.3     ✔ tibble    3.2.1
✔ purrr     0.3.5     ✔ tidyr     1.2.1
# A tibble: 42 × 4
   theta   tau estimand   truth
   <dbl> <dbl> <chr>      <dbl>
 1  0.3    0.2 de       -0.277 
 2  0.3    0.2 mu        0.450 
 3  0.3    0.2 mu_0      0.533 
 4  0.3    0.2 mu_1      0.256 
 5  0.3    0.2 oe        0.0690
 6  0.3    0.2 se_0      0.0268
 7  0.3    0.2 se_1      0.0282
 8  0.45   0.2 de       -0.278 
 9  0.45   0.2 mu        0.381 
10  0.45   0.2 mu_0      0.507 
11  0.45   0.2 mu_1      0.228 
12  0.45   0.2 oe        0     
13  0.45   0.2 se_0      0     
14  0.45   0.2 se_1      0     
15  0.6    0.2 de       -0.272 
16  0.6    0.2 mu        0.313 
17  0.6    0.2 mu_0      0.476 
18  0.6    0.2 mu_1      0.204 
19  0.6    0.2 oe       -0.0689
20  0.6    0.2 se_0     -0.0311
21  0.6    0.2 se_1     -0.0244
22  0.3    0.4 de       -0.260 
23  0.3    0.4 mu        0.557 
24  0.3    0.4 mu_0      0.635 
25  0.3    0.4 mu_1      0.375 
26  0.3    0.4 oe        0.0681
27  0.3    0.4 se_0      0.0249
28  0.3    0.4 se_1      0.0343
29  0.45   0.4 de       -0.269 
30  0.45   0.4 mu        0.489 
31  0.45   0.4 mu_0      0.610 
32  0.45   0.4 mu_1      0.341 
33  0.45   0.4 oe        0     
34  0.45   0.4 se_0      0     
35  0.45   0.4 se_1      0     
36  0.6    0.4 de       -0.267 
37  0.6    0.4 mu        0.417 
38  0.6    0.4 mu_0      0.577 
39  0.6    0.4 mu_1      0.310 
40  0.6    0.4 oe       -0.0719
41  0.6    0.4 se_0     -0.0325
42  0.6    0.4 se_1     -0.0310
Loading required package: Matrix

Attaching package: ‘Matrix’

The following objects are masked from ‘package:tidyr’:

    expand, pack, unpack


==========================================================================
===========================   Analysis setting  ==========================
==========================================================================

- taus: 0.1, 0.2, 0.3, 0.4, 0.5 

- policy: TPB 

- thetas: 0, 0.025, 0.05, 0.075, 0.1, 0.125, 0.15, 0.175, 0.2, 0.225, 0.25, 0.275, 0.3, 0.325, 0.35, 0.375, 0.4, 0.425, 0.45, 0.475, 0.5 

- r: 100 

- K: 2 

- Nuisance estimation method: T nonpara / C nonpara / A nonpara 

- m: 200 

- N_total: 2594 

- cluster size dist'n: 
 5  6  7  8  9 10 11 12 13 14 15 16 17 18 19 20 
 9 10 10 11 12 11 11 14 11 21 18 13 14  7 15 13 

 - observed time summary: 
   Min. 1st Qu.  Median    Mean 3rd Qu.    Max. 
0.00000 0.02204 0.23273 0.63843 0.81663 8.07212 

 - event indicator table: 
   0    1 
1017 1577 

 - event time summary: 
   Min. 1st Qu.  Median    Mean 3rd Qu.    Max. 
0.00000 0.01472 0.17623 0.59414 0.75993 8.07212 

 - censoring time summary: 
   Min. 1st Qu.  Median    Mean 3rd Qu.    Max. 
 0.0000  0.0395  0.3097  0.7071  0.9077  7.6741 

 - treatment indicator table: 
   0    1 
1285 1309 

==========================================================================
===========================   Estimation start  ==========================
==========================================================================

--- Split:1 ---

Running BART with binary y

number of trees: 25
number of chains: 1, number of threads 1
tree thinning rate: 1
Prior:
	prior on k: chi with 1.250000 degrees of freedom and inf scale
	power and base for tree prior: 2.000000 0.950000
	use quantiles for rule cut points: false
	proposal probabilities: birth/death 0.50, swap 0.10, change 0.40; birth 0.50
data:
	number of training observations: 1325
	number of test observations: 0
	number of explanatory variables: 15

Cutoff rules c in x<=c vs x>c
Number of cutoffs: (var: number of possible c):
(1: 100) (2: 100) (3: 100) (4: 100) (5: 100) 
(6: 100) (7: 100) (8: 100) (9: 100) (10: 100) 
(11: 100) (12: 100) (13: 100) (14: 100) (15: 100) 


   [*---------] 10% | ET: 69.3s 
   [**--------] 20% | ET: 144.1s 
   [***-------] 30% | ET: 218.8s 
   [****------] 40% | ET: 277.4s 
   [*****-----] 50% | ET: 353.2s 
   [******----] 60% | ET: 421.4s 
   [*******---] 70% | ET: 481.5s 
   [********--] 80% | ET: 544.8s 
   [*********-] 90% | ET: 624.5s 
   [**********] 100% | ET: 695.9s 

--- Split:2 ---

Running BART with binary y

number of trees: 25
number of chains: 1, number of threads 1
tree thinning rate: 1
Prior:
	prior on k: chi with 1.250000 degrees of freedom and inf scale
	power and base for tree prior: 2.000000 0.950000
	use quantiles for rule cut points: false
	proposal probabilities: birth/death 0.50, swap 0.10, change 0.40; birth 0.50
data:
	number of training observations: 1269
	number of test observations: 0
	number of explanatory variables: 15

Cutoff rules c in x<=c vs x>c
Number of cutoffs: (var: number of possible c):
(1: 100) (2: 100) (3: 100) (4: 100) (5: 100) 
(6: 100) (7: 100) (8: 100) (9: 100) (10: 100) 
(11: 100) (12: 100) (13: 100) (14: 100) (15: 100) 


   [*---------] 10% | ET: 64.2s 
   [**--------] 20% | ET: 135.7s 
   [***-------] 30% | ET: 208.5s 
   [****------] 40% | ET: 289.2s 
   [*****-----] 50% | ET: 359s 
   [******----] 60% | ET: 439.4s 
   [*******---] 70% | ET: 514.4s 
   [********--] 80% | ET: 596s 
   [*********-] 90% | ET: 675.8s 
   [**********] 100% | ET: 748.6s 

--- IF for proposed nonparametric estimator computed --- ET: 1486.3 seconds
--- Estimator computed: mu --- ET: 1.1 seconds --- 
--- Estimator computed: mu_1 --- ET: 1 seconds --- 
--- Estimator computed: mu_0 --- ET: 1 seconds --- 
--- Estimator computed: de --- ET: 1 seconds --- 
--- Estimator computed: oe --- ET: 1.3 seconds --- 
--- Estimator computed: se_1 --- ET: 1 seconds --- 
--- Estimator computed: se_0 --- ET: 1 seconds --- 
--- Total run time: 1497.1 seconds --- 
--- Total run time: 1523.2 seconds --- ###################################################
### Job finished at Thu Jun  5 02:58:10 EDT 2025 ###
###################################################
