##############################################################
### Job started at Thu Jun  5 03:10:47 EDT 2025 with p=TPB, m=200, r=100, s=1 ###
##############################################################

Attaching package: ‘dplyr’

The following objects are masked from ‘package:stats’:

    filter, lag

The following objects are masked from ‘package:base’:

    intersect, setdiff, setequal, union

Loading required package: foreach
Loading required package: iterators
Loading required package: parallel

 randomForestSRC 3.2.2 
 
 Type rfsrc.news() to see new features, changes, and bug fixes. 
 

[conflicted] Will prefer dplyr::select over any other package.
[conflicted] Will prefer dplyr::filter over any other package.
[conflicted] Will prefer reshape2::melt over any other package.
── Attaching core tidyverse packages ──────────────────────── tidyverse 2.0.0 ──
✔ forcats   1.0.0     ✔ readr     2.1.4
✔ ggplot2   3.5.2     ✔ stringr   1.5.1
✔ lubridate 1.9.3     ✔ tibble    3.2.1
✔ purrr     0.3.5     ✔ tidyr     1.2.1
# A tibble: 42 × 4
   theta   tau estimand   truth
   <dbl> <dbl> <chr>      <dbl>
 1  0.3    0.2 de       -0.293 
 2  0.3    0.2 mu        0.453 
 3  0.3    0.2 mu_0      0.541 
 4  0.3    0.2 mu_1      0.248 
 5  0.3    0.2 oe        0.0851
 6  0.3    0.2 se_0      0.0501
 7  0.3    0.2 se_1      0.0302
 8  0.45   0.2 de       -0.273 
 9  0.45   0.2 mu        0.368 
10  0.45   0.2 mu_0      0.491 
11  0.45   0.2 mu_1      0.218 
12  0.45   0.2 oe        0     
13  0.45   0.2 se_0      0     
14  0.45   0.2 se_1      0     
15  0.6    0.2 de       -0.266 
16  0.6    0.2 mu        0.305 
17  0.6    0.2 mu_0      0.464 
18  0.6    0.2 mu_1      0.199 
19  0.6    0.2 oe       -0.0629
20  0.6    0.2 se_0     -0.0263
21  0.6    0.2 se_1     -0.0191
22  0.3    0.4 de       -0.278 
23  0.3    0.4 mu        0.555 
24  0.3    0.4 mu_0      0.638 
25  0.3    0.4 mu_1      0.361 
26  0.3    0.4 oe        0.0865
27  0.3    0.4 se_0      0.0515
28  0.3    0.4 se_1      0.0368
29  0.45   0.4 de       -0.263 
30  0.45   0.4 mu        0.469 
31  0.45   0.4 mu_0      0.587 
32  0.45   0.4 mu_1      0.324 
33  0.45   0.4 oe        0     
34  0.45   0.4 se_0      0     
35  0.45   0.4 se_1      0     
36  0.6    0.4 de       -0.260 
37  0.6    0.4 mu        0.405 
38  0.6    0.4 mu_0      0.561 
39  0.6    0.4 mu_1      0.301 
40  0.6    0.4 oe       -0.0638
41  0.6    0.4 se_0     -0.0264
42  0.6    0.4 se_1     -0.0231
Loading required package: Matrix

Attaching package: ‘Matrix’

The following objects are masked from ‘package:tidyr’:

    expand, pack, unpack


==========================================================================
===========================   Analysis setting  ==========================
==========================================================================

- taus: 0.1, 0.2, 0.3, 0.4, 0.5 

- policy: TPB 

- thetas: 0, 0.025, 0.05, 0.075, 0.1, 0.125, 0.15, 0.175, 0.2, 0.225, 0.25, 0.275, 0.3, 0.325, 0.35, 0.375, 0.4, 0.425, 0.45, 0.475, 0.5 

- r: 100 

- K: 2 

- Nuisance estimation method: T nonpara / C nonpara / A nonpara 

- m: 200 

- N_total: 2355 

- cluster size dist'n: 
 5  6  7  8  9 10 11 12 13 14 15 16 17 18 19 20 
15 12 21 16 12  9 11 18 12 14 11 12  8  8 11 10 

 - observed time summary: 
    Min.  1st Qu.   Median     Mean  3rd Qu.     Max. 
 0.00000  0.01637  0.17725  0.58089  0.68421 12.12757 

 - event indicator table: 
   0    1 
 930 1425 

 - event time summary: 
    Min.  1st Qu.   Median     Mean  3rd Qu.     Max. 
0.000000 0.008325 0.123470 0.521245 0.615317 7.919075 

 - censoring time summary: 
    Min.  1st Qu.   Median     Mean  3rd Qu.     Max. 
 0.00000  0.03965  0.25209  0.67229  0.83023 12.12757 

 - treatment indicator table: 
   0    1 
1332 1023 

==========================================================================
===========================   Estimation start  ==========================
==========================================================================

--- Split:1 ---

Running BART with binary y

number of trees: 25
number of chains: 1, number of threads 1
tree thinning rate: 1
Prior:
	prior on k: chi with 1.250000 degrees of freedom and inf scale
	power and base for tree prior: 2.000000 0.950000
	use quantiles for rule cut points: false
	proposal probabilities: birth/death 0.50, swap 0.10, change 0.40; birth 0.50
data:
	number of training observations: 1254
	number of test observations: 0
	number of explanatory variables: 15

Cutoff rules c in x<=c vs x>c
Number of cutoffs: (var: number of possible c):
(1: 100) (2: 100) (3: 100) (4: 100) (5: 100) 
(6: 100) (7: 100) (8: 100) (9: 100) (10: 100) 
(11: 100) (12: 100) (13: 100) (14: 100) (15: 100) 


   [*---------] 10% | ET: 53.2s 
   [**--------] 20% | ET: 114.5s 
   [***-------] 30% | ET: 170.2s 
   [****------] 40% | ET: 226.2s 
   [*****-----] 50% | ET: 284.4s 
   [******----] 60% | ET: 343.5s 
   [*******---] 70% | ET: 409.5s 
   [********--] 80% | ET: 467.1s 
   [*********-] 90% | ET: 535.8s 
   [**********] 100% | ET: 595.3s 

--- Split:2 ---

Running BART with binary y

number of trees: 25
number of chains: 1, number of threads 1
tree thinning rate: 1
Prior:
	prior on k: chi with 1.250000 degrees of freedom and inf scale
	power and base for tree prior: 2.000000 0.950000
	use quantiles for rule cut points: false
	proposal probabilities: birth/death 0.50, swap 0.10, change 0.40; birth 0.50
data:
	number of training observations: 1101
	number of test observations: 0
	number of explanatory variables: 15

Cutoff rules c in x<=c vs x>c
Number of cutoffs: (var: number of possible c):
(1: 100) (2: 100) (3: 100) (4: 100) (5: 100) 
(6: 100) (7: 100) (8: 100) (9: 100) (10: 100) 
(11: 100) (12: 100) (13: 100) (14: 100) (15: 100) 


   [*---------] 10% | ET: 48.4s 
   [**--------] 20% | ET: 107.2s 
   [***-------] 30% | ET: 162.4s 
   [****------] 40% | ET: 224.4s 
   [*****-----] 50% | ET: 290.4s 
   [******----] 60% | ET: 349.3s 
   [*******---] 70% | ET: 424s 
   [********--] 80% | ET: 495s 
   [*********-] 90% | ET: 557.5s 
   [**********] 100% | ET: 618.2s 

--- IF for proposed nonparametric estimator computed --- ET: 1247.3 seconds
--- Estimator computed: mu --- ET: 1.1 seconds --- 
--- Estimator computed: mu_1 --- ET: 1.1 seconds --- 
--- Estimator computed: mu_0 --- ET: 1 seconds --- 
--- Estimator computed: de --- ET: 1 seconds --- 
--- Estimator computed: oe --- ET: 1.1 seconds --- 
--- Estimator computed: se_1 --- ET: 1 seconds --- 
--- Estimator computed: se_0 --- ET: 1 seconds --- 
--- Total run time: 1258.3 seconds --- 
--- Total run time: 1283.9 seconds --- ###################################################
### Job finished at Thu Jun  5 03:32:11 EDT 2025 ###
###################################################
