##############################################################
### Job started at Thu Jun  5 02:49:27 EDT 2025 with p=TPB, m=200, r=100, s=1 ###
##############################################################

Attaching package: ‘dplyr’

The following objects are masked from ‘package:stats’:

    filter, lag

The following objects are masked from ‘package:base’:

    intersect, setdiff, setequal, union

Loading required package: foreach
Loading required package: iterators
Loading required package: parallel

 randomForestSRC 3.2.2 
 
 Type rfsrc.news() to see new features, changes, and bug fixes. 
 

[conflicted] Will prefer dplyr::select over any other package.
[conflicted] Will prefer dplyr::filter over any other package.
[conflicted] Will prefer reshape2::melt over any other package.
── Attaching core tidyverse packages ──────────────────────── tidyverse 2.0.0 ──
✔ forcats   1.0.0     ✔ readr     2.1.4
✔ ggplot2   3.5.2     ✔ stringr   1.5.1
✔ lubridate 1.9.3     ✔ tibble    3.2.1
✔ purrr     0.3.5     ✔ tidyr     1.2.1
# A tibble: 42 × 4
   theta   tau estimand   truth
   <dbl> <dbl> <chr>      <dbl>
 1  0.3    0.2 de       -0.295 
 2  0.3    0.2 mu        0.470 
 3  0.3    0.2 mu_0      0.559 
 4  0.3    0.2 mu_1      0.264 
 5  0.3    0.2 oe        0.0809
 6  0.3    0.2 se_0      0.0417
 7  0.3    0.2 se_1      0.0306
 8  0.45   0.2 de       -0.284 
 9  0.45   0.2 mu        0.390 
10  0.45   0.2 mu_0      0.517 
11  0.45   0.2 mu_1      0.233 
12  0.45   0.2 oe        0     
13  0.45   0.2 se_0      0     
14  0.45   0.2 se_1      0     
15  0.6    0.2 de       -0.272 
16  0.6    0.2 mu        0.320 
17  0.6    0.2 mu_0      0.483 
18  0.6    0.2 mu_1      0.211 
19  0.6    0.2 oe       -0.0697
20  0.6    0.2 se_0     -0.0345
21  0.6    0.2 se_1     -0.0222
22  0.3    0.4 de       -0.277 
23  0.3    0.4 mu        0.577 
24  0.3    0.4 mu_0      0.660 
25  0.3    0.4 mu_1      0.383 
26  0.3    0.4 oe        0.0814
27  0.3    0.4 se_0      0.0420
28  0.3    0.4 se_1      0.0373
29  0.45   0.4 de       -0.272 
30  0.45   0.4 mu        0.495 
31  0.45   0.4 mu_0      0.618 
32  0.45   0.4 mu_1      0.345 
33  0.45   0.4 oe        0     
34  0.45   0.4 se_0      0     
35  0.45   0.4 se_1      0     
36  0.6    0.4 de       -0.263 
37  0.6    0.4 mu        0.423 
38  0.6    0.4 mu_0      0.581 
39  0.6    0.4 mu_1      0.318 
40  0.6    0.4 oe       -0.0720
41  0.6    0.4 se_0     -0.0368
42  0.6    0.4 se_1     -0.0275
Loading required package: Matrix

Attaching package: ‘Matrix’

The following objects are masked from ‘package:tidyr’:

    expand, pack, unpack


==========================================================================
===========================   Analysis setting  ==========================
==========================================================================

- taus: 0.1, 0.2, 0.3, 0.4, 0.5 

- policy: TPB 

- thetas: 0, 0.025, 0.05, 0.075, 0.1, 0.125, 0.15, 0.175, 0.2, 0.225, 0.25, 0.275, 0.3, 0.325, 0.35, 0.375, 0.4, 0.425, 0.45, 0.475, 0.5 

- r: 100 

- K: 2 

- Nuisance estimation method: T nonpara / C nonpara / A nonpara 

- m: 200 

- N_total: 2549 

- cluster size dist'n: 
 5  6  7  8  9 10 11 12 13 14 15 16 17 18 19 20 
10 15 11 12 11 12  8 12 16 15 13 15  9 13 15 13 

 - observed time summary: 
   Min. 1st Qu.  Median    Mean 3rd Qu.    Max. 
 0.0000  0.0174  0.1922  0.6052  0.7279 15.2389 

 - event indicator table: 
   0    1 
1016 1533 

 - event time summary: 
   Min. 1st Qu.  Median    Mean 3rd Qu.    Max. 
0.00000 0.01263 0.14222 0.53930 0.59980 8.70845 

 - censoring time summary: 
    Min.  1st Qu.   Median     Mean  3rd Qu.     Max. 
 0.00000  0.03428  0.26679  0.70455  0.91551 15.23890 

 - treatment indicator table: 
   0    1 
1328 1221 

==========================================================================
===========================   Estimation start  ==========================
==========================================================================

--- Split:1 ---

Running BART with binary y

number of trees: 25
number of chains: 1, number of threads 1
tree thinning rate: 1
Prior:
	prior on k: chi with 1.250000 degrees of freedom and inf scale
	power and base for tree prior: 2.000000 0.950000
	use quantiles for rule cut points: false
	proposal probabilities: birth/death 0.50, swap 0.10, change 0.40; birth 0.50
data:
	number of training observations: 1310
	number of test observations: 0
	number of explanatory variables: 15

Cutoff rules c in x<=c vs x>c
Number of cutoffs: (var: number of possible c):
(1: 100) (2: 100) (3: 100) (4: 100) (5: 100) 
(6: 100) (7: 100) (8: 100) (9: 100) (10: 100) 
(11: 100) (12: 100) (13: 100) (14: 100) (15: 100) 


   [*---------] 10% | ET: 58.9s 
   [**--------] 20% | ET: 127s 
   [***-------] 30% | ET: 199s 
   [****------] 40% | ET: 294.7s 
   [*****-----] 50% | ET: 370.5s 
   [******----] 60% | ET: 446.1s 
   [*******---] 70% | ET: 520.3s 
   [********--] 80% | ET: 602.1s 
   [*********-] 90% | ET: 682.4s 
   [**********] 100% | ET: 756.6s 

--- Split:2 ---

Running BART with binary y

number of trees: 25
number of chains: 1, number of threads 1
tree thinning rate: 1
Prior:
	prior on k: chi with 1.250000 degrees of freedom and inf scale
	power and base for tree prior: 2.000000 0.950000
	use quantiles for rule cut points: false
	proposal probabilities: birth/death 0.50, swap 0.10, change 0.40; birth 0.50
data:
	number of training observations: 1239
	number of test observations: 0
	number of explanatory variables: 15

Cutoff rules c in x<=c vs x>c
Number of cutoffs: (var: number of possible c):
(1: 100) (2: 100) (3: 100) (4: 100) (5: 100) 
(6: 100) (7: 100) (8: 100) (9: 100) (10: 100) 
(11: 100) (12: 100) (13: 100) (14: 100) (15: 100) 


   [*---------] 10% | ET: 60.9s 
   [**--------] 20% | ET: 149s 
   [***-------] 30% | ET: 233.6s 
   [****------] 40% | ET: 327.7s 
   [*****-----] 50% | ET: 404.1s 
   [******----] 60% | ET: 491.5s 
   [*******---] 70% | ET: 569.8s 
   [********--] 80% | ET: 653.4s 
   [*********-] 90% | ET: 737.9s 
   [**********] 100% | ET: 812.7s 

--- IF for proposed nonparametric estimator computed --- ET: 1620.1 seconds
--- Estimator computed: mu --- ET: 1.2 seconds --- 
--- Estimator computed: mu_1 --- ET: 1.1 seconds --- 
--- Estimator computed: mu_0 --- ET: 1.1 seconds --- 
--- Estimator computed: de --- ET: 1 seconds --- 
--- Estimator computed: oe --- ET: 1 seconds --- 
--- Estimator computed: se_1 --- ET: 1 seconds --- 
--- Estimator computed: se_0 --- ET: 1.1 seconds --- 
--- Total run time: 1631 seconds --- 
--- Total run time: 1657 seconds --- ###################################################
### Job finished at Thu Jun  5 03:17:05 EDT 2025 ###
###################################################
