##############################################################
### Job started at Thu Jun  5 00:21:04 EDT 2025 with p=TPB, m=200, r=100, s=1 ###
##############################################################

Attaching package: ‘dplyr’

The following objects are masked from ‘package:stats’:

    filter, lag

The following objects are masked from ‘package:base’:

    intersect, setdiff, setequal, union

Loading required package: foreach
Loading required package: iterators
Loading required package: parallel

 randomForestSRC 3.2.2 
 
 Type rfsrc.news() to see new features, changes, and bug fixes. 
 

[conflicted] Will prefer dplyr::select over any other package.
[conflicted] Will prefer dplyr::filter over any other package.
[conflicted] Will prefer reshape2::melt over any other package.
── Attaching core tidyverse packages ──────────────────────── tidyverse 2.0.0 ──
✔ forcats   1.0.0     ✔ readr     2.1.4
✔ ggplot2   3.5.2     ✔ stringr   1.5.1
✔ lubridate 1.9.3     ✔ tibble    3.2.1
✔ purrr     0.3.5     ✔ tidyr     1.2.1
# A tibble: 42 × 4
   theta   tau estimand   truth
   <dbl> <dbl> <chr>      <dbl>
 1  0.3    0.2 de       -0.296 
 2  0.3    0.2 mu        0.479 
 3  0.3    0.2 mu_0      0.567 
 4  0.3    0.2 mu_1      0.272 
 5  0.3    0.2 oe        0.0844
 6  0.3    0.2 se_0      0.0419
 7  0.3    0.2 se_1      0.0377
 8  0.45   0.2 de       -0.291 
 9  0.45   0.2 mu        0.394 
10  0.45   0.2 mu_0      0.525 
11  0.45   0.2 mu_1      0.234 
12  0.45   0.2 oe        0     
13  0.45   0.2 se_0      0     
14  0.45   0.2 se_1      0     
15  0.6    0.2 de       -0.276 
16  0.6    0.2 mu        0.320 
17  0.6    0.2 mu_0      0.485 
18  0.6    0.2 mu_1      0.209 
19  0.6    0.2 oe       -0.0747
20  0.6    0.2 se_0     -0.0400
21  0.6    0.2 se_1     -0.0250
22  0.3    0.4 de       -0.276 
23  0.3    0.4 mu        0.587 
24  0.3    0.4 mu_0      0.669 
25  0.3    0.4 mu_1      0.393 
26  0.3    0.4 oe        0.0861
27  0.3    0.4 se_0      0.0425
28  0.3    0.4 se_1      0.0473
29  0.45   0.4 de       -0.281 
30  0.45   0.4 mu        0.500 
31  0.45   0.4 mu_0      0.627 
32  0.45   0.4 mu_1      0.346 
33  0.45   0.4 oe        0     
34  0.45   0.4 se_0      0     
35  0.45   0.4 se_1      0     
36  0.6    0.4 de       -0.269 
37  0.6    0.4 mu        0.422 
38  0.6    0.4 mu_0      0.584 
39  0.6    0.4 mu_1      0.315 
40  0.6    0.4 oe       -0.0783
41  0.6    0.4 se_0     -0.0432
42  0.6    0.4 se_1     -0.0314
Loading required package: Matrix

Attaching package: ‘Matrix’

The following objects are masked from ‘package:tidyr’:

    expand, pack, unpack


==========================================================================
===========================   Analysis setting  ==========================
==========================================================================

- taus: 0.1, 0.2, 0.3, 0.4, 0.5 

- policy: TPB 

- thetas: 0, 0.025, 0.05, 0.075, 0.1, 0.125, 0.15, 0.175, 0.2, 0.225, 0.25, 0.275, 0.3, 0.325, 0.35, 0.375, 0.4, 0.425, 0.45, 0.475, 0.5 

- r: 100 

- K: 2 

- Nuisance estimation method: T nonpara / C nonpara / A nonpara 

- m: 200 

- N_total: 2489 

- cluster size dist'n: 
 5  6  7  8  9 10 11 12 13 14 15 16 17 18 19 20 
12 19 14 14 10 11  7  9 11 16  9 14 17 11 13 13 

 - observed time summary: 
   Min. 1st Qu.  Median    Mean 3rd Qu.    Max. 
0.00000 0.01519 0.18281 0.57524 0.70941 9.24792 

 - event indicator table: 
   0    1 
1006 1483 

 - event time summary: 
   Min. 1st Qu.  Median    Mean 3rd Qu.    Max. 
0.00000 0.00859 0.11928 0.53056 0.62878 9.24792 

 - censoring time summary: 
   Min. 1st Qu.  Median    Mean 3rd Qu.    Max. 
0.00000 0.03545 0.26356 0.64112 0.81222 6.63769 

 - treatment indicator table: 
   0    1 
1337 1152 

==========================================================================
===========================   Estimation start  ==========================
==========================================================================

--- Split:1 ---

Running BART with binary y

number of trees: 25
number of chains: 1, number of threads 1
tree thinning rate: 1
Prior:
	prior on k: chi with 1.250000 degrees of freedom and inf scale
	power and base for tree prior: 2.000000 0.950000
	use quantiles for rule cut points: false
	proposal probabilities: birth/death 0.50, swap 0.10, change 0.40; birth 0.50
data:
	number of training observations: 1218
	number of test observations: 0
	number of explanatory variables: 15

Cutoff rules c in x<=c vs x>c
Number of cutoffs: (var: number of possible c):
(1: 100) (2: 100) (3: 100) (4: 100) (5: 100) 
(6: 100) (7: 100) (8: 100) (9: 100) (10: 100) 
(11: 100) (12: 100) (13: 100) (14: 100) (15: 100) 


   [*---------] 10% | ET: 45.1s 
   [**--------] 20% | ET: 122.2s 
   [***-------] 30% | ET: 193.7s 
   [****------] 40% | ET: 264.2s 
   [*****-----] 50% | ET: 321.9s 
   [******----] 60% | ET: 395.6s 
   [*******---] 70% | ET: 472.4s 
   [********--] 80% | ET: 539.6s 
   [*********-] 90% | ET: 608.5s 
   [**********] 100% | ET: 668.6s 

--- Split:2 ---

Running BART with binary y

number of trees: 25
number of chains: 1, number of threads 1
tree thinning rate: 1
Prior:
	prior on k: chi with 1.250000 degrees of freedom and inf scale
	power and base for tree prior: 2.000000 0.950000
	use quantiles for rule cut points: false
	proposal probabilities: birth/death 0.50, swap 0.10, change 0.40; birth 0.50
data:
	number of training observations: 1271
	number of test observations: 0
	number of explanatory variables: 15

Cutoff rules c in x<=c vs x>c
Number of cutoffs: (var: number of possible c):
(1: 100) (2: 100) (3: 100) (4: 100) (5: 100) 
(6: 100) (7: 100) (8: 100) (9: 100) (10: 100) 
(11: 100) (12: 100) (13: 100) (14: 100) (15: 100) 


   [*---------] 10% | ET: 48.1s 
   [**--------] 20% | ET: 121.1s 
   [***-------] 30% | ET: 187.8s 
   [****------] 40% | ET: 263.3s 
   [*****-----] 50% | ET: 319.6s 
   [******----] 60% | ET: 367.2s 
   [*******---] 70% | ET: 424.3s 
   [********--] 80% | ET: 496.2s 
   [*********-] 90% | ET: 560s 
   [**********] 100% | ET: 627.4s 

--- IF for proposed nonparametric estimator computed --- ET: 1333.8 seconds
--- Estimator computed: mu --- ET: 1.1 seconds --- 
--- Estimator computed: mu_1 --- ET: 1.1 seconds --- 
--- Estimator computed: mu_0 --- ET: 1.1 seconds --- 
--- Estimator computed: de --- ET: 1 seconds --- 
--- Estimator computed: oe --- ET: 1 seconds --- 
--- Estimator computed: se_1 --- ET: 1 seconds --- 
--- Estimator computed: se_0 --- ET: 1 seconds --- 
--- Total run time: 1344.4 seconds --- 
--- Total run time: 1368.8 seconds --- ###################################################
### Job finished at Thu Jun  5 00:43:54 EDT 2025 ###
###################################################
