##############################################################
### Job started at Thu Jun  5 00:45:10 EDT 2025 with p=TPB, m=200, r=100, s=1 ###
##############################################################

Attaching package: ‘dplyr’

The following objects are masked from ‘package:stats’:

    filter, lag

The following objects are masked from ‘package:base’:

    intersect, setdiff, setequal, union

Loading required package: foreach
Loading required package: iterators
Loading required package: parallel

 randomForestSRC 3.2.2 
 
 Type rfsrc.news() to see new features, changes, and bug fixes. 
 

[conflicted] Will prefer dplyr::select over any other package.
[conflicted] Will prefer dplyr::filter over any other package.
[conflicted] Will prefer reshape2::melt over any other package.
── Attaching core tidyverse packages ──────────────────────── tidyverse 2.0.0 ──
✔ forcats   1.0.0     ✔ readr     2.1.4
✔ ggplot2   3.5.2     ✔ stringr   1.5.1
✔ lubridate 1.9.3     ✔ tibble    3.2.1
✔ purrr     0.3.5     ✔ tidyr     1.2.1
# A tibble: 42 × 4
   theta   tau estimand   truth
   <dbl> <dbl> <chr>      <dbl>
 1  0.3    0.2 de       -0.298 
 2  0.3    0.2 mu        0.469 
 3  0.3    0.2 mu_0      0.558 
 4  0.3    0.2 mu_1      0.260 
 5  0.3    0.2 oe        0.0822
 6  0.3    0.2 se_0      0.0461
 7  0.3    0.2 se_1      0.0269
 8  0.45   0.2 de       -0.279 
 9  0.45   0.2 mu        0.386 
10  0.45   0.2 mu_0      0.512 
11  0.45   0.2 mu_1      0.233 
12  0.45   0.2 oe        0     
13  0.45   0.2 se_0      0     
14  0.45   0.2 se_1      0     
15  0.6    0.2 de       -0.275 
16  0.6    0.2 mu        0.327 
17  0.6    0.2 mu_0      0.492 
18  0.6    0.2 mu_1      0.217 
19  0.6    0.2 oe       -0.0597
20  0.6    0.2 se_0     -0.0200
21  0.6    0.2 se_1     -0.0164
22  0.3    0.4 de       -0.283 
23  0.3    0.4 mu        0.575 
24  0.3    0.4 mu_0      0.660 
25  0.3    0.4 mu_1      0.377 
26  0.3    0.4 oe        0.0823
27  0.3    0.4 se_0      0.0467
28  0.3    0.4 se_1      0.0316
29  0.45   0.4 de       -0.267 
30  0.45   0.4 mu        0.493 
31  0.45   0.4 mu_0      0.613 
32  0.45   0.4 mu_1      0.346 
33  0.45   0.4 oe        0     
34  0.45   0.4 se_0      0     
35  0.45   0.4 se_1      0     
36  0.6    0.4 de       -0.267 
37  0.6    0.4 mu        0.434 
38  0.6    0.4 mu_0      0.594 
39  0.6    0.4 mu_1      0.327 
40  0.6    0.4 oe       -0.0590
41  0.6    0.4 se_0     -0.0191
42  0.6    0.4 se_1     -0.0186
Loading required package: Matrix

Attaching package: ‘Matrix’

The following objects are masked from ‘package:tidyr’:

    expand, pack, unpack


==========================================================================
===========================   Analysis setting  ==========================
==========================================================================

- taus: 0.1, 0.2, 0.3, 0.4, 0.5 

- policy: TPB 

- thetas: 0, 0.025, 0.05, 0.075, 0.1, 0.125, 0.15, 0.175, 0.2, 0.225, 0.25, 0.275, 0.3, 0.325, 0.35, 0.375, 0.4, 0.425, 0.45, 0.475, 0.5 

- r: 100 

- K: 2 

- Nuisance estimation method: T nonpara / C nonpara / A nonpara 

- m: 200 

- N_total: 2594 

- cluster size dist'n: 
 5  6  7  8  9 10 11 12 13 14 15 16 17 18 19 20 
12 11  7 12 14  7 10 14 14 19 14 13 11 15 14 13 

 - observed time summary: 
    Min.  1st Qu.   Median     Mean  3rd Qu.     Max. 
 0.00000  0.02154  0.23451  0.64010  0.83447 10.04690 

 - event indicator table: 
   0    1 
1053 1541 

 - event time summary: 
   Min. 1st Qu.  Median    Mean 3rd Qu.    Max. 
0.00000 0.01187 0.17778 0.59401 0.79081 7.98355 

 - censoring time summary: 
    Min.  1st Qu.   Median     Mean  3rd Qu.     Max. 
 0.00000  0.04833  0.32243  0.70757  0.90913 10.04690 

 - treatment indicator table: 
   0    1 
1356 1238 

==========================================================================
===========================   Estimation start  ==========================
==========================================================================

--- Split:1 ---

Running BART with binary y

number of trees: 25
number of chains: 1, number of threads 1
tree thinning rate: 1
Prior:
	prior on k: chi with 1.250000 degrees of freedom and inf scale
	power and base for tree prior: 2.000000 0.950000
	use quantiles for rule cut points: false
	proposal probabilities: birth/death 0.50, swap 0.10, change 0.40; birth 0.50
data:
	number of training observations: 1264
	number of test observations: 0
	number of explanatory variables: 15

Cutoff rules c in x<=c vs x>c
Number of cutoffs: (var: number of possible c):
(1: 100) (2: 100) (3: 100) (4: 100) (5: 100) 
(6: 100) (7: 100) (8: 100) (9: 100) (10: 100) 
(11: 100) (12: 100) (13: 100) (14: 100) (15: 100) 


   [*---------] 10% | ET: 65.9s 
   [**--------] 20% | ET: 132.6s 
   [***-------] 30% | ET: 194.6s 
   [****------] 40% | ET: 267.6s 
   [*****-----] 50% | ET: 338s 
   [******----] 60% | ET: 415.8s 
   [*******---] 70% | ET: 477.6s 
   [********--] 80% | ET: 546.4s 
   [*********-] 90% | ET: 614.7s 
   [**********] 100% | ET: 672.1s 

--- Split:2 ---

Running BART with binary y

number of trees: 25
number of chains: 1, number of threads 1
tree thinning rate: 1
Prior:
	prior on k: chi with 1.250000 degrees of freedom and inf scale
	power and base for tree prior: 2.000000 0.950000
	use quantiles for rule cut points: false
	proposal probabilities: birth/death 0.50, swap 0.10, change 0.40; birth 0.50
data:
	number of training observations: 1330
	number of test observations: 0
	number of explanatory variables: 15

Cutoff rules c in x<=c vs x>c
Number of cutoffs: (var: number of possible c):
(1: 100) (2: 100) (3: 100) (4: 100) (5: 100) 
(6: 100) (7: 100) (8: 100) (9: 100) (10: 100) 
(11: 100) (12: 100) (13: 100) (14: 100) (15: 100) 


   [*---------] 10% | ET: 47.5s 
   [**--------] 20% | ET: 109.5s 
   [***-------] 30% | ET: 174.3s 
   [****------] 40% | ET: 243.5s 
   [*****-----] 50% | ET: 318.1s 
   [******----] 60% | ET: 385.7s 
   [*******---] 70% | ET: 445.4s 
   [********--] 80% | ET: 515s 
   [*********-] 90% | ET: 577.9s 
   [**********] 100% | ET: 645.5s 

--- IF for proposed nonparametric estimator computed --- ET: 1352 seconds
--- Estimator computed: mu --- ET: 1.1 seconds --- 
--- Estimator computed: mu_1 --- ET: 1 seconds --- 
--- Estimator computed: mu_0 --- ET: 1 seconds --- 
--- Estimator computed: de --- ET: 1 seconds --- 
--- Estimator computed: oe --- ET: 1 seconds --- 
--- Estimator computed: se_1 --- ET: 1 seconds --- 
--- Estimator computed: se_0 --- ET: 1 seconds --- 
--- Total run time: 1362.5 seconds --- 
--- Total run time: 1387.1 seconds --- ###################################################
### Job finished at Thu Jun  5 01:08:17 EDT 2025 ###
###################################################
