##############################################################
### Job started at Thu Jun  5 00:17:41 EDT 2025 with p=TPB, m=200, r=100, s=1 ###
##############################################################

Attaching package: ‘dplyr’

The following objects are masked from ‘package:stats’:

    filter, lag

The following objects are masked from ‘package:base’:

    intersect, setdiff, setequal, union

Loading required package: foreach
Loading required package: iterators
Loading required package: parallel

 randomForestSRC 3.2.2 
 
 Type rfsrc.news() to see new features, changes, and bug fixes. 
 

[conflicted] Will prefer dplyr::select over any other package.
[conflicted] Will prefer dplyr::filter over any other package.
[conflicted] Will prefer reshape2::melt over any other package.
── Attaching core tidyverse packages ──────────────────────── tidyverse 2.0.0 ──
✔ forcats   1.0.0     ✔ readr     2.1.4
✔ ggplot2   3.5.2     ✔ stringr   1.5.1
✔ lubridate 1.9.3     ✔ tibble    3.2.1
✔ purrr     0.3.5     ✔ tidyr     1.2.1
# A tibble: 42 × 4
   theta   tau estimand   truth
   <dbl> <dbl> <chr>      <dbl>
 1  0.3    0.2 de       -0.287 
 2  0.3    0.2 mu        0.454 
 3  0.3    0.2 mu_0      0.541 
 4  0.3    0.2 mu_1      0.254 
 5  0.3    0.2 oe        0.0829
 6  0.3    0.2 se_0      0.0439
 7  0.3    0.2 se_1      0.0350
 8  0.45   0.2 de       -0.278 
 9  0.45   0.2 mu        0.372 
10  0.45   0.2 mu_0      0.497 
11  0.45   0.2 mu_1      0.219 
12  0.45   0.2 oe        0     
13  0.45   0.2 se_0      0     
14  0.45   0.2 se_1      0     
15  0.6    0.2 de       -0.261 
16  0.6    0.2 mu        0.297 
17  0.6    0.2 mu_0      0.454 
18  0.6    0.2 mu_1      0.192 
19  0.6    0.2 oe       -0.0748
20  0.6    0.2 se_0     -0.0432
21  0.6    0.2 se_1     -0.0264
22  0.3    0.4 de       -0.272 
23  0.3    0.4 mu        0.559 
24  0.3    0.4 mu_0      0.641 
25  0.3    0.4 mu_1      0.369 
26  0.3    0.4 oe        0.0856
27  0.3    0.4 se_0      0.0454
28  0.3    0.4 se_1      0.0442
29  0.45   0.4 de       -0.270 
30  0.45   0.4 mu        0.474 
31  0.45   0.4 mu_0      0.595 
32  0.45   0.4 mu_1      0.325 
33  0.45   0.4 oe        0     
34  0.45   0.4 se_0      0     
35  0.45   0.4 se_1      0     
36  0.6    0.4 de       -0.257 
37  0.6    0.4 mu        0.394 
38  0.6    0.4 mu_0      0.548 
39  0.6    0.4 mu_1      0.291 
40  0.6    0.4 oe       -0.0799
41  0.6    0.4 se_0     -0.0474
42  0.6    0.4 se_1     -0.0340
Loading required package: Matrix

Attaching package: ‘Matrix’

The following objects are masked from ‘package:tidyr’:

    expand, pack, unpack


==========================================================================
===========================   Analysis setting  ==========================
==========================================================================

- taus: 0.1, 0.2, 0.3, 0.4, 0.5 

- policy: TPB 

- thetas: 0, 0.025, 0.05, 0.075, 0.1, 0.125, 0.15, 0.175, 0.2, 0.225, 0.25, 0.275, 0.3, 0.325, 0.35, 0.375, 0.4, 0.425, 0.45, 0.475, 0.5 

- r: 100 

- K: 2 

- Nuisance estimation method: T nonpara / C nonpara / A nonpara 

- m: 200 

- N_total: 2489 

- cluster size dist'n: 
 5  6  7  8  9 10 11 12 13 14 15 16 17 18 19 20 
15  9 11 12  9 13 19 13 12 12 14 16 11 18 10  6 

 - observed time summary: 
   Min. 1st Qu.  Median    Mean 3rd Qu.    Max. 
0.00000 0.01994 0.21154 0.61506 0.79398 9.59826 

 - event indicator table: 
   0    1 
 984 1505 

 - event time summary: 
   Min. 1st Qu.  Median    Mean 3rd Qu.    Max. 
 0.0000  0.0130  0.1738  0.5687  0.7265  8.0932 

 - censoring time summary: 
   Min. 1st Qu.  Median    Mean 3rd Qu.    Max. 
0.00000 0.03476 0.28192 0.68593 0.91628 9.59826 

 - treatment indicator table: 
   0    1 
1306 1183 

==========================================================================
===========================   Estimation start  ==========================
==========================================================================

--- Split:1 ---

Running BART with binary y

number of trees: 25
number of chains: 1, number of threads 1
tree thinning rate: 1
Prior:
	prior on k: chi with 1.250000 degrees of freedom and inf scale
	power and base for tree prior: 2.000000 0.950000
	use quantiles for rule cut points: false
	proposal probabilities: birth/death 0.50, swap 0.10, change 0.40; birth 0.50
data:
	number of training observations: 1234
	number of test observations: 0
	number of explanatory variables: 15

Cutoff rules c in x<=c vs x>c
Number of cutoffs: (var: number of possible c):
(1: 100) (2: 100) (3: 100) (4: 100) (5: 100) 
(6: 100) (7: 100) (8: 100) (9: 100) (10: 100) 
(11: 100) (12: 100) (13: 100) (14: 100) (15: 100) 


   [*---------] 10% | ET: 54.2s 
   [**--------] 20% | ET: 125.6s 
   [***-------] 30% | ET: 200.6s 
   [****------] 40% | ET: 267.7s 
   [*****-----] 50% | ET: 338.3s 
   [******----] 60% | ET: 414.2s 
   [*******---] 70% | ET: 487.2s 
   [********--] 80% | ET: 555.9s 
   [*********-] 90% | ET: 620.5s 
   [**********] 100% | ET: 702.3s 

--- Split:2 ---

Running BART with binary y

number of trees: 25
number of chains: 1, number of threads 1
tree thinning rate: 1
Prior:
	prior on k: chi with 1.250000 degrees of freedom and inf scale
	power and base for tree prior: 2.000000 0.950000
	use quantiles for rule cut points: false
	proposal probabilities: birth/death 0.50, swap 0.10, change 0.40; birth 0.50
data:
	number of training observations: 1255
	number of test observations: 0
	number of explanatory variables: 15

Cutoff rules c in x<=c vs x>c
Number of cutoffs: (var: number of possible c):
(1: 100) (2: 100) (3: 100) (4: 100) (5: 100) 
(6: 100) (7: 100) (8: 100) (9: 100) (10: 100) 
(11: 100) (12: 100) (13: 100) (14: 100) (15: 100) 


   [*---------] 10% | ET: 71.3s 
   [**--------] 20% | ET: 142.7s 
   [***-------] 30% | ET: 213.2s 
   [****------] 40% | ET: 299.1s 
   [*****-----] 50% | ET: 351.7s 
   [******----] 60% | ET: 413.1s 
   [*******---] 70% | ET: 482s 
   [********--] 80% | ET: 557.7s 
   [*********-] 90% | ET: 620.2s 
   [**********] 100% | ET: 690.1s 

--- IF for proposed nonparametric estimator computed --- ET: 1439.9 seconds
--- Estimator computed: mu --- ET: 1.1 seconds --- 
--- Estimator computed: mu_1 --- ET: 1 seconds --- 
--- Estimator computed: mu_0 --- ET: 1.1 seconds --- 
--- Estimator computed: de --- ET: 1 seconds --- 
--- Estimator computed: oe --- ET: 1.1 seconds --- 
--- Estimator computed: se_1 --- ET: 1 seconds --- 
--- Estimator computed: se_0 --- ET: 1.1 seconds --- 
--- Total run time: 1450.6 seconds --- 
--- Total run time: 1475.8 seconds --- ###################################################
### Job finished at Thu Jun  5 00:42:17 EDT 2025 ###
###################################################
