##############################################################
### Job started at Thu Jun  5 03:24:30 EDT 2025 with p=TPB, m=200, r=100, s=1 ###
##############################################################

Attaching package: ‘dplyr’

The following objects are masked from ‘package:stats’:

    filter, lag

The following objects are masked from ‘package:base’:

    intersect, setdiff, setequal, union

Loading required package: foreach
Loading required package: iterators
Loading required package: parallel

 randomForestSRC 3.2.2 
 
 Type rfsrc.news() to see new features, changes, and bug fixes. 
 

[conflicted] Will prefer dplyr::select over any other package.
[conflicted] Will prefer dplyr::filter over any other package.
[conflicted] Will prefer reshape2::melt over any other package.
── Attaching core tidyverse packages ──────────────────────── tidyverse 2.0.0 ──
✔ forcats   1.0.0     ✔ readr     2.1.4
✔ ggplot2   3.5.2     ✔ stringr   1.5.1
✔ lubridate 1.9.3     ✔ tibble    3.2.1
✔ purrr     0.3.5     ✔ tidyr     1.2.1
# A tibble: 42 × 4
   theta   tau estimand   truth
   <dbl> <dbl> <chr>      <dbl>
 1  0.3    0.2 de       -0.283 
 2  0.3    0.2 mu        0.444 
 3  0.3    0.2 mu_0      0.529 
 4  0.3    0.2 mu_1      0.246 
 5  0.3    0.2 oe        0.0832
 6  0.3    0.2 se_0      0.0490
 7  0.3    0.2 se_1      0.0307
 8  0.45   0.2 de       -0.265 
 9  0.45   0.2 mu        0.361 
10  0.45   0.2 mu_0      0.480 
11  0.45   0.2 mu_1      0.215 
12  0.45   0.2 oe        0     
13  0.45   0.2 se_0      0     
14  0.45   0.2 se_1      0     
15  0.6    0.2 de       -0.255 
16  0.6    0.2 mu        0.303 
17  0.6    0.2 mu_0      0.456 
18  0.6    0.2 mu_1      0.201 
19  0.6    0.2 oe       -0.0579
20  0.6    0.2 se_0     -0.0239
21  0.6    0.2 se_1     -0.0144
22  0.3    0.4 de       -0.270 
23  0.3    0.4 mu        0.550 
24  0.3    0.4 mu_0      0.631 
25  0.3    0.4 mu_1      0.360 
26  0.3    0.4 oe        0.0853
27  0.3    0.4 se_0      0.0505
28  0.3    0.4 se_1      0.0377
29  0.45   0.4 de       -0.257 
30  0.45   0.4 mu        0.464 
31  0.45   0.4 mu_0      0.580 
32  0.45   0.4 mu_1      0.323 
33  0.45   0.4 oe        0     
34  0.45   0.4 se_0      0     
35  0.45   0.4 se_1      0     
36  0.6    0.4 de       -0.250 
37  0.6    0.4 mu        0.406 
38  0.6    0.4 mu_0      0.557 
39  0.6    0.4 mu_1      0.306 
40  0.6    0.4 oe       -0.0579
41  0.6    0.4 se_0     -0.0236
42  0.6    0.4 se_1     -0.0164
Loading required package: Matrix

Attaching package: ‘Matrix’

The following objects are masked from ‘package:tidyr’:

    expand, pack, unpack


==========================================================================
===========================   Analysis setting  ==========================
==========================================================================

- taus: 0.1, 0.2, 0.3, 0.4, 0.5 

- policy: TPB 

- thetas: 0, 0.025, 0.05, 0.075, 0.1, 0.125, 0.15, 0.175, 0.2, 0.225, 0.25, 0.275, 0.3, 0.325, 0.35, 0.375, 0.4, 0.425, 0.45, 0.475, 0.5 

- r: 100 

- K: 2 

- Nuisance estimation method: T nonpara / C nonpara / A nonpara 

- m: 200 

- N_total: 2505 

- cluster size dist'n: 
 5  6  7  8  9 10 11 12 13 14 15 16 17 18 19 20 
17  8 13 14 12 12 11 14 13 10 10 12  8 19 17 10 

 - observed time summary: 
    Min.  1st Qu.   Median     Mean  3rd Qu.     Max. 
 0.00000  0.02656  0.24499  0.66050  0.86856 11.96045 

 - event indicator table: 
   0    1 
 977 1528 

 - event time summary: 
    Min.  1st Qu.   Median     Mean  3rd Qu.     Max. 
 0.00000  0.01371  0.18066  0.61654  0.81415 11.96045 

 - censoring time summary: 
   Min. 1st Qu.  Median    Mean 3rd Qu.    Max. 
 0.0000  0.0681  0.3172  0.7292  0.9436 11.4674 

 - treatment indicator table: 
   0    1 
1218 1287 

==========================================================================
===========================   Estimation start  ==========================
==========================================================================

--- Split:1 ---

Running BART with binary y

number of trees: 25
number of chains: 1, number of threads 1
tree thinning rate: 1
Prior:
	prior on k: chi with 1.250000 degrees of freedom and inf scale
	power and base for tree prior: 2.000000 0.950000
	use quantiles for rule cut points: false
	proposal probabilities: birth/death 0.50, swap 0.10, change 0.40; birth 0.50
data:
	number of training observations: 1190
	number of test observations: 0
	number of explanatory variables: 15

Cutoff rules c in x<=c vs x>c
Number of cutoffs: (var: number of possible c):
(1: 100) (2: 100) (3: 100) (4: 100) (5: 100) 
(6: 100) (7: 100) (8: 100) (9: 100) (10: 100) 
(11: 100) (12: 100) (13: 100) (14: 100) (15: 100) 


   [*---------] 10% | ET: 32.6s 
   [**--------] 20% | ET: 66.4s 
   [***-------] 30% | ET: 102.3s 
   [****------] 40% | ET: 139.6s 
   [*****-----] 50% | ET: 170.4s 
   [******----] 60% | ET: 204.4s 
   [*******---] 70% | ET: 246.9s 
   [********--] 80% | ET: 280.6s 
   [*********-] 90% | ET: 312.8s 
   [**********] 100% | ET: 344.4s 

--- Split:2 ---

Running BART with binary y

number of trees: 25
number of chains: 1, number of threads 1
tree thinning rate: 1
Prior:
	prior on k: chi with 1.250000 degrees of freedom and inf scale
	power and base for tree prior: 2.000000 0.950000
	use quantiles for rule cut points: false
	proposal probabilities: birth/death 0.50, swap 0.10, change 0.40; birth 0.50
data:
	number of training observations: 1315
	number of test observations: 0
	number of explanatory variables: 15

Cutoff rules c in x<=c vs x>c
Number of cutoffs: (var: number of possible c):
(1: 100) (2: 100) (3: 100) (4: 100) (5: 100) 
(6: 100) (7: 100) (8: 100) (9: 100) (10: 100) 
(11: 100) (12: 100) (13: 100) (14: 100) (15: 100) 


   [*---------] 10% | ET: 30.3s 
   [**--------] 20% | ET: 67.9s 
   [***-------] 30% | ET: 103.5s 
   [****------] 40% | ET: 134.6s 
   [*****-----] 50% | ET: 164.1s 
   [******----] 60% | ET: 194.7s 
   [*******---] 70% | ET: 226.5s 
   [********--] 80% | ET: 258.7s 
   [*********-] 90% | ET: 305s 
   [**********] 100% | ET: 341.9s 

--- IF for proposed nonparametric estimator computed --- ET: 709.5 seconds
--- Estimator computed: mu --- ET: 0.6 seconds --- 
--- Estimator computed: mu_1 --- ET: 0.6 seconds --- 
--- Estimator computed: mu_0 --- ET: 0.5 seconds --- 
--- Estimator computed: de --- ET: 0.6 seconds --- 
--- Estimator computed: oe --- ET: 0.5 seconds --- 
--- Estimator computed: se_1 --- ET: 0.6 seconds --- 
--- Estimator computed: se_0 --- ET: 0.6 seconds --- 
--- Total run time: 715.5 seconds --- 
--- Total run time: 726.5 seconds --- ###################################################
### Job finished at Thu Jun  5 03:36:37 EDT 2025 ###
###################################################
