##############################################################
### Job started at Thu Jun  5 01:40:49 EDT 2025 with p=TPB, m=200, r=100, s=1 ###
##############################################################

Attaching package: ‘dplyr’

The following objects are masked from ‘package:stats’:

    filter, lag

The following objects are masked from ‘package:base’:

    intersect, setdiff, setequal, union

Loading required package: foreach
Loading required package: iterators
Loading required package: parallel

 randomForestSRC 3.2.2 
 
 Type rfsrc.news() to see new features, changes, and bug fixes. 
 

[conflicted] Will prefer dplyr::select over any other package.
[conflicted] Will prefer dplyr::filter over any other package.
[conflicted] Will prefer reshape2::melt over any other package.
── Attaching core tidyverse packages ──────────────────────── tidyverse 2.0.0 ──
✔ forcats   1.0.0     ✔ readr     2.1.4
✔ ggplot2   3.5.2     ✔ stringr   1.5.1
✔ lubridate 1.9.3     ✔ tibble    3.2.1
✔ purrr     0.3.5     ✔ tidyr     1.2.1
# A tibble: 42 × 4
   theta   tau estimand   truth
   <dbl> <dbl> <chr>      <dbl>
 1  0.3    0.2 de       -0.282 
 2  0.3    0.2 mu        0.448 
 3  0.3    0.2 mu_0      0.533 
 4  0.3    0.2 mu_1      0.251 
 5  0.3    0.2 oe        0.0686
 6  0.3    0.2 se_0      0.0292
 7  0.3    0.2 se_1      0.0229
 8  0.45   0.2 de       -0.275 
 9  0.45   0.2 mu        0.380 
10  0.45   0.2 mu_0      0.503 
11  0.45   0.2 mu_1      0.228 
12  0.45   0.2 oe        0     
13  0.45   0.2 se_0      0     
14  0.45   0.2 se_1      0     
15  0.6    0.2 de       -0.270 
16  0.6    0.2 mu        0.314 
17  0.6    0.2 mu_0      0.476 
18  0.6    0.2 mu_1      0.206 
19  0.6    0.2 oe       -0.0655
20  0.6    0.2 se_0     -0.0273
21  0.6    0.2 se_1     -0.0222
22  0.3    0.4 de       -0.264 
23  0.3    0.4 mu        0.549 
24  0.3    0.4 mu_0      0.628 
25  0.3    0.4 mu_1      0.364 
26  0.3    0.4 oe        0.0662
27  0.3    0.4 se_0      0.0269
28  0.3    0.4 se_1      0.0262
29  0.45   0.4 de       -0.263 
30  0.45   0.4 mu        0.483 
31  0.45   0.4 mu_0      0.601 
32  0.45   0.4 mu_1      0.338 
33  0.45   0.4 oe        0     
34  0.45   0.4 se_0      0     
35  0.45   0.4 se_1      0     
36  0.6    0.4 de       -0.263 
37  0.6    0.4 mu        0.416 
38  0.6    0.4 mu_0      0.574 
39  0.6    0.4 mu_1      0.311 
40  0.6    0.4 oe       -0.0671
41  0.6    0.4 se_0     -0.0279
42  0.6    0.4 se_1     -0.0274
Loading required package: Matrix

Attaching package: ‘Matrix’

The following objects are masked from ‘package:tidyr’:

    expand, pack, unpack


==========================================================================
===========================   Analysis setting  ==========================
==========================================================================

- taus: 0.1, 0.2, 0.3, 0.4, 0.5 

- policy: TPB 

- thetas: 0, 0.025, 0.05, 0.075, 0.1, 0.125, 0.15, 0.175, 0.2, 0.225, 0.25, 0.275, 0.3, 0.325, 0.35, 0.375, 0.4, 0.425, 0.45, 0.475, 0.5 

- r: 100 

- K: 2 

- Nuisance estimation method: T nonpara / C nonpara / A nonpara 

- m: 200 

- N_total: 2560 

- cluster size dist'n: 
 5  6  7  8  9 10 11 12 13 14 15 16 17 18 19 20 
 9 10 14 10 14 13  9 13 15 12 16 18 11  8 16 12 

 - observed time summary: 
   Min. 1st Qu.  Median    Mean 3rd Qu.    Max. 
0.00000 0.02056 0.20264 0.60545 0.77011 9.64066 

 - event indicator table: 
   0    1 
1043 1517 

 - event time summary: 
   Min. 1st Qu.  Median    Mean 3rd Qu.    Max. 
0.00000 0.01354 0.17504 0.57672 0.72838 9.64066 

 - censoring time summary: 
   Min. 1st Qu.  Median    Mean 3rd Qu.    Max. 
0.00000 0.03644 0.24034 0.64722 0.83104 7.85176 

 - treatment indicator table: 
   0    1 
1412 1148 

==========================================================================
===========================   Estimation start  ==========================
==========================================================================

--- Split:1 ---

Running BART with binary y

number of trees: 25
number of chains: 1, number of threads 1
tree thinning rate: 1
Prior:
	prior on k: chi with 1.250000 degrees of freedom and inf scale
	power and base for tree prior: 2.000000 0.950000
	use quantiles for rule cut points: false
	proposal probabilities: birth/death 0.50, swap 0.10, change 0.40; birth 0.50
data:
	number of training observations: 1304
	number of test observations: 0
	number of explanatory variables: 15

Cutoff rules c in x<=c vs x>c
Number of cutoffs: (var: number of possible c):
(1: 100) (2: 100) (3: 100) (4: 100) (5: 100) 
(6: 100) (7: 100) (8: 100) (9: 100) (10: 100) 
(11: 100) (12: 100) (13: 100) (14: 100) (15: 100) 


   [*---------] 10% | ET: 66.4s 
   [**--------] 20% | ET: 143.7s 
   [***-------] 30% | ET: 210.7s 
   [****------] 40% | ET: 276.8s 
   [*****-----] 50% | ET: 355.1s 
   [******----] 60% | ET: 429.6s 
   [*******---] 70% | ET: 490s 
   [********--] 80% | ET: 565.2s 
   [*********-] 90% | ET: 624.9s 
   [**********] 100% | ET: 698s 

--- Split:2 ---

Running BART with binary y

number of trees: 25
number of chains: 1, number of threads 1
tree thinning rate: 1
Prior:
	prior on k: chi with 1.250000 degrees of freedom and inf scale
	power and base for tree prior: 2.000000 0.950000
	use quantiles for rule cut points: false
	proposal probabilities: birth/death 0.50, swap 0.10, change 0.40; birth 0.50
data:
	number of training observations: 1256
	number of test observations: 0
	number of explanatory variables: 15

Cutoff rules c in x<=c vs x>c
Number of cutoffs: (var: number of possible c):
(1: 100) (2: 100) (3: 100) (4: 100) (5: 100) 
(6: 100) (7: 100) (8: 100) (9: 100) (10: 100) 
(11: 100) (12: 100) (13: 100) (14: 100) (15: 100) 


   [*---------] 10% | ET: 68.8s 
   [**--------] 20% | ET: 144s 
   [***-------] 30% | ET: 205.9s 
   [****------] 40% | ET: 274.4s 
   [*****-----] 50% | ET: 363.1s 
   [******----] 60% | ET: 432.8s 
   [*******---] 70% | ET: 510.1s 
   [********--] 80% | ET: 587.7s 
   [*********-] 90% | ET: 662.3s 
   [**********] 100% | ET: 745s 

--- IF for proposed nonparametric estimator computed --- ET: 1487.5 seconds
--- Estimator computed: mu --- ET: 1.1 seconds --- 
--- Estimator computed: mu_1 --- ET: 1 seconds --- 
--- Estimator computed: mu_0 --- ET: 1 seconds --- 
--- Estimator computed: de --- ET: 1 seconds --- 
--- Estimator computed: oe --- ET: 1.3 seconds --- 
--- Estimator computed: se_1 --- ET: 1 seconds --- 
--- Estimator computed: se_0 --- ET: 1 seconds --- 
--- Total run time: 1498.4 seconds --- 
--- Total run time: 1523.8 seconds --- ###################################################
### Job finished at Thu Jun  5 02:06:13 EDT 2025 ###
###################################################
