
Attaching package: ‘dplyr’

The following objects are masked from ‘package:stats’:

    filter, lag

The following objects are masked from ‘package:base’:

    intersect, setdiff, setequal, union

Loading required package: foreach
Loading required package: iterators
Loading required package: parallel

 randomForestSRC 3.2.2 
 
 Type rfsrc.news() to see new features, changes, and bug fixes. 
 

── Attaching core tidyverse packages ──────────────────────── tidyverse 2.0.0 ──
✔ forcats   1.0.0     ✔ readr     2.1.4
✔ ggplot2   3.3.6     ✔ stringr   1.5.1
✔ lubridate 1.9.3     ✔ tibble    3.2.1
✔ purrr     0.3.5     ✔ tidyr     1.2.1
── Conflicts ────────────────────────────────────────── tidyverse_conflicts() ──
✖ purrr::accumulate() masks foreach::accumulate()
✖ tidyr::extract()    masks dbarts::extract()
✖ dplyr::filter()     masks stats::filter()
✖ dplyr::lag()        masks stats::lag()
✖ purrr::partial()    masks randomForestSRC::partial()
✖ purrr::when()       masks foreach::when()
ℹ Use the [conflicted package](http://conflicted.r-lib.org/) to force all conflicts to become errors
[1] "[Analysis setting]"
[1] "n.cpus: 8"
[1] "method: nonpara"
[1] "taus: 0.1, 0.2, 0.3, 0.4, 0.5"
[1] "thetas: 0.1, 0.2, 0.3, 0.4, 0.5, 0.6, 0.7, 0.8, 0.9"
[1] "r: 100"
[1] "m: 100"
[1] "N_total: 2000"
[1] "cluster size dist'n: "

 20 
100 
[1] "observed time summary: "
   Min. 1st Qu.  Median    Mean 3rd Qu.    Max. 
0.00000 0.04954 0.41563 0.67284 1.00000 4.75556 
[1] "event indicator table: "

   0    1 
1241  759 
[1] "treatment indicator table: "

   0    1 
 659 1341 
[1] ""
[1] "Estimation start"
[1] "   Split: 1"
Note: Using an external vector in selections is ambiguous.
ℹ Use `all_of(X.T.names)` instead of `X.T.names` to silence this message.
ℹ See <https://tidyselect.r-lib.org/reference/faq-external-vector.html>.
This message is displayed once per session.
Note: Using an external vector in selections is ambiguous.
ℹ Use `all_of(X.C.names)` instead of `X.C.names` to silence this message.
ℹ See <https://tidyselect.r-lib.org/reference/faq-external-vector.html>.
This message is displayed once per session.
Note: Using an external vector in selections is ambiguous.
ℹ Use `all_of(X.A.names)` instead of `X.A.names` to silence this message.
ℹ See <https://tidyselect.r-lib.org/reference/faq-external-vector.html>.
This message is displayed once per session.

Running BART with binary y

number of trees: 25
number of chains: 1, number of threads 1
tree thinning rate: 1
Prior:
	prior on k: chi with 1.250000 degrees of freedom and inf scale
	power and base for tree prior: 2.000000 0.950000
	use quantiles for rule cut points: false
	proposal probabilities: birth/death 0.50, swap 0.10, change 0.40; birth 0.50
data:
	number of training observations: 1000
	number of test observations: 0
	number of explanatory variables: 15

Cutoff rules c in x<=c vs x>c
Number of cutoffs: (var: number of possible c):
(1: 100) (2: 100) (3: 100) (4: 100) (5: 100) 
(6: 100) (7: 100) (8: 100) (9: 100) (10: 100) 
(11: 100) (12: 100) (13: 100) (14: 100) (15: 100) 

[1] "     Cluster: 1"
[1] "     Cluster: 3"
[1] "     Cluster: 5"
[1] "     Cluster: 6"
[1] "     Cluster: 10"
[1] "     Cluster: 11"
[1] "     Cluster: 12"
[1] "     Cluster: 13"
[1] "     Cluster: 14"
[1] "     Cluster: 15"
[1] "     Cluster: 18"
[1] "     Cluster: 19"
[1] "     Cluster: 21"
[1] "     Cluster: 22"
[1] "     Cluster: 23"
[1] "     Cluster: 26"
[1] "     Cluster: 29"
[1] "     Cluster: 31"
[1] "     Cluster: 34"
[1] "     Cluster: 35"
[1] "     Cluster: 38"
[1] "     Cluster: 39"
[1] "     Cluster: 42"
[1] "     Cluster: 43"
[1] "     Cluster: 44"
[1] "     Cluster: 47"
[1] "     Cluster: 53"
[1] "     Cluster: 54"
[1] "     Cluster: 56"
[1] "     Cluster: 58"
[1] "     Cluster: 61"
[1] "     Cluster: 62"
[1] "     Cluster: 66"
[1] "     Cluster: 68"
[1] "     Cluster: 69"
[1] "     Cluster: 70"
[1] "     Cluster: 71"
[1] "     Cluster: 76"
[1] "     Cluster: 77"
[1] "     Cluster: 81"
[1] "     Cluster: 83"
[1] "     Cluster: 84"
[1] "     Cluster: 86"
[1] "     Cluster: 87"
[1] "     Cluster: 89"
[1] "     Cluster: 92"
[1] "     Cluster: 95"
[1] "     Cluster: 97"
[1] "     Cluster: 98"
[1] "     Cluster: 100"
[1] "   Split: 2"

Running BART with binary y

number of trees: 25
number of chains: 1, number of threads 1
tree thinning rate: 1
Prior:
	prior on k: chi with 1.250000 degrees of freedom and inf scale
	power and base for tree prior: 2.000000 0.950000
	use quantiles for rule cut points: false
	proposal probabilities: birth/death 0.50, swap 0.10, change 0.40; birth 0.50
data:
	number of training observations: 1000
	number of test observations: 0
	number of explanatory variables: 15

Cutoff rules c in x<=c vs x>c
Number of cutoffs: (var: number of possible c):
(1: 100) (2: 100) (3: 100) (4: 100) (5: 100) 
(6: 100) (7: 100) (8: 100) (9: 100) (10: 100) 
(11: 100) (12: 100) (13: 100) (14: 100) (15: 100) 

[1] "     Cluster: 2"
[1] "     Cluster: 4"
[1] "     Cluster: 7"
[1] "     Cluster: 8"
[1] "     Cluster: 9"
[1] "     Cluster: 16"
[1] "     Cluster: 17"
[1] "     Cluster: 20"
[1] "     Cluster: 24"
[1] "     Cluster: 25"
[1] "     Cluster: 27"
[1] "     Cluster: 28"
[1] "     Cluster: 30"
[1] "     Cluster: 32"
[1] "     Cluster: 33"
[1] "     Cluster: 36"
[1] "     Cluster: 37"
[1] "     Cluster: 40"
[1] "     Cluster: 41"
[1] "     Cluster: 45"
[1] "     Cluster: 46"
[1] "     Cluster: 48"
[1] "     Cluster: 49"
[1] "     Cluster: 50"
[1] "     Cluster: 51"
[1] "     Cluster: 52"
[1] "     Cluster: 55"
[1] "     Cluster: 57"
[1] "     Cluster: 59"
[1] "     Cluster: 60"
[1] "     Cluster: 63"
[1] "     Cluster: 64"
[1] "     Cluster: 65"
[1] "     Cluster: 67"
[1] "     Cluster: 72"
[1] "     Cluster: 73"
[1] "     Cluster: 74"
[1] "     Cluster: 75"
[1] "     Cluster: 78"
[1] "     Cluster: 79"
[1] "     Cluster: 80"
[1] "     Cluster: 82"
[1] "     Cluster: 85"
[1] "     Cluster: 88"
[1] "     Cluster: 90"
[1] "     Cluster: 91"
[1] "     Cluster: 93"
[1] "     Cluster: 94"
[1] "     Cluster: 96"
[1] "     Cluster: 99"
[1] ""
[1] "IF for proposed nonparametric estimator computed."
`summarise()` has grouped output by 'theta', 'tau'. You can override using the
`.groups` argument.
`summarise()` has grouped output by 'theta'. You can override using the
`.groups` argument.
`summarise()` has grouped output by 'theta', 'tau'. You can override using the
`.groups` argument.
`summarise()` has grouped output by 'theta'. You can override using the
`.groups` argument.
`summarise()` has grouped output by 'theta', 'tau'. You can override using the
`.groups` argument.
`summarise()` has grouped output by 'theta'. You can override using the
`.groups` argument.
`summarise()` has grouped output by 'theta', 'tau'. You can override using the
`.groups` argument.
`summarise()` has grouped output by 'theta'. You can override using the
`.groups` argument.
`summarise()` has grouped output by 'theta', 'tau'. You can override using the
`.groups` argument.
`summarise()` has grouped output by 'theta'. You can override using the
`.groups` argument.
`summarise()` has grouped output by 'theta', 'tau'. You can override using the
`.groups` argument.
`summarise()` has grouped output by 'theta'. You can override using the
`.groups` argument.
`summarise()` has grouped output by 'theta', 'tau'. You can override using the
`.groups` argument.
`summarise()` has grouped output by 'theta'. You can override using the
`.groups` argument.
`summarise()` has grouped output by 'theta', 'tau'. You can override using the
`.groups` argument.
`summarise()` has grouped output by 'theta'. You can override using the
`.groups` argument.
[1] ""
[1] "Total run time was 197.736 seconds"
[1] "Estimation result: "
# A tibble: 360 × 5
   estimand theta   tau   est     se
   <chr>    <dbl> <dbl> <dbl>  <dbl>
 1 mu         0.1   0.1 0.382 0.115 
 2 mu         0.1   0.2 0.474 0.130 
 3 mu         0.1   0.3 0.546 0.116 
 4 mu         0.1   0.4 0.576 0.112 
 5 mu         0.1   0.5 0.567 0.110 
 6 mu         0.2   0.1 0.354 0.0832
 7 mu         0.2   0.2 0.439 0.0936
 8 mu         0.2   0.3 0.511 0.0770
 9 mu         0.2   0.4 0.563 0.0724
10 mu         0.2   0.5 0.561 0.0712
# ℹ 350 more rows
[1] ""
[1] "OR weights"
`summarise()` has grouped output by 'estimand'. You can override using the
`.groups` argument.
# A tibble: 27 × 6
# Groups:   estimand [3]
   estimand theta mean_value median_value min_value max_value
   <fct>    <dbl>      <dbl>        <dbl>     <dbl>     <dbl>
 1 mu         0.1      0.915        0.454  0.00126       7.71
 2 mu         0.2      0.998        0.841  0.0490        3.86
 3 mu         0.3      1.01         0.995  0.260         2.40
 4 mu         0.4      1.01         0.994  0.459         2.21
 5 mu         0.5      1.00         1.01   0.587         1.76
 6 mu         0.6      0.994        0.988  0.711         1.35
 7 mu         0.7      0.989        0.982  0.794         1.27
 8 mu         0.8      0.995        0.972  0.719         1.38
 9 mu         0.9      0.986        0.981  0.576         1.74
10 mu_1       0.1      1.00         0.701  0.00454       5.48
11 mu_1       0.2      1.01         0.972  0.0945        2.95
12 mu_1       0.3      1.01         1.01   0.365         2.42
13 mu_1       0.4      1.01         1.01   0.479         2.09
14 mu_1       0.5      1.00         0.997  0.630         1.65
15 mu_1       0.6      0.992        0.980  0.720         1.31
16 mu_1       0.7      0.990        0.982  0.773         1.29
17 mu_1       0.8      0.995        0.969  0.709         1.38
18 mu_1       0.9      0.985        0.983  0.562         1.76
19 mu_0       0.1      0.906        0.415  0.000895      8.08
20 mu_0       0.2      0.995        0.817  0.0376        4.08
21 mu_0       0.3      1.01         0.977  0.215         2.40
22 mu_0       0.4      1.01         1.02   0.446         2.29
23 mu_0       0.5      1.00         0.995  0.543         1.88
24 mu_0       0.6      0.996        0.989  0.692         1.46
25 mu_0       0.7      0.989        0.978  0.764         1.32
26 mu_0       0.8      0.994        0.974  0.736         1.35
27 mu_0       0.9      0.995        0.980  0.565         1.54
[1] ""
[1] "IPCW weights"
`summarise()` has grouped output by 'estimand'. You can override using the
`.groups` argument.
# A tibble: 27 × 6
# Groups:   estimand [3]
   estimand theta mean_value  median_value min_value max_value
   <fct>    <dbl>      <dbl>         <dbl>     <dbl>     <dbl>
 1 mu         0.1      0.186 0.00000000589  2.09e-19     16.0 
 2 mu         0.2      0.848 0.0000476      2.19e-13     38.8 
 3 mu         0.3      1.53  0.00520        7.29e-10     23.2 
 4 mu         0.4      1.72  0.0911         2.30e- 7     31.5 
 5 mu         0.5      1.53  0.605          1.99e- 5     21.1 
 6 mu         0.6      1.53  0.935          7.65e- 4     10.7 
 7 mu         0.7      1.66  0.987          8.90e- 4     13.7 
 8 mu         0.8      1.52  0.836          2.31e- 6      7.94
 9 mu         0.9      1.39  0.102          5.65e-11     15.0 
10 mu_1       0.1      0.401 0.0000000412   2.09e-18     31.9 
11 mu_1       0.2      1.15  0.000167       1.10e-12     38.8 
12 mu_1       0.3      1.71  0.0116         2.43e- 9     26.7 
13 mu_1       0.4      1.70  0.156          5.75e- 7     31.5 
14 mu_1       0.5      1.49  0.742          3.99e- 5     16.8 
15 mu_1       0.6      1.56  0.835          1.27e- 3     10.4 
16 mu_1       0.7      1.66  0.952          2.54e- 4     13.7 
17 mu_1       0.8      1.49  0.802          5.78e- 7      8.11
18 mu_1       0.9      1.39  0.0794         1.26e-11     15.0 
19 mu_0       0.1      0.162 0.00000000196  0            14.2 
20 mu_0       0.2      0.771 0.0000178      0            38.8 
21 mu_0       0.3      1.46  0.00243        0            26.5 
22 mu_0       0.4      1.74  0.0494         0            31.5 
23 mu_0       0.5      1.57  0.387          0            25.3 
24 mu_0       0.6      1.49  0.863          0            12.1 
25 mu_0       0.7      1.65  0.890          0            13.7 
26 mu_0       0.8      1.60  0.826          0            11.7 
27 mu_0       0.9      1.41  0.198          0            15.0 
[1] "Total run time was 201.64 seconds"
