
Attaching package: ‘dplyr’

The following objects are masked from ‘package:stats’:

    filter, lag

The following objects are masked from ‘package:base’:

    intersect, setdiff, setequal, union

Loading required package: foreach
Loading required package: iterators
Loading required package: parallel

 randomForestSRC 3.2.2 
 
 Type rfsrc.news() to see new features, changes, and bug fixes. 
 

── Attaching core tidyverse packages ──────────────────────── tidyverse 2.0.0 ──
✔ forcats   1.0.0     ✔ readr     2.1.4
✔ ggplot2   3.3.6     ✔ stringr   1.5.1
✔ lubridate 1.9.3     ✔ tibble    3.2.1
✔ purrr     0.3.5     ✔ tidyr     1.2.1
── Conflicts ────────────────────────────────────────── tidyverse_conflicts() ──
✖ purrr::accumulate() masks foreach::accumulate()
✖ tidyr::extract()    masks dbarts::extract()
✖ dplyr::filter()     masks stats::filter()
✖ dplyr::lag()        masks stats::lag()
✖ purrr::partial()    masks randomForestSRC::partial()
✖ purrr::when()       masks foreach::when()
ℹ Use the [conflicted package](http://conflicted.r-lib.org/) to force all conflicts to become errors
[1] "[Analysis setting]"
[1] "n.cpus: 8"
[1] "method: nonpara"
[1] "taus: 0.1, 0.2, 0.3, 0.4, 0.5"
[1] "thetas: 0.1, 0.2, 0.3, 0.4, 0.5, 0.6, 0.7, 0.8, 0.9"
[1] "r: 100"
[1] "m: 100"
[1] "N_total: 2000"
[1] "cluster size dist'n: "

 20 
100 
[1] "observed time summary: "
   Min. 1st Qu.  Median    Mean 3rd Qu.    Max. 
0.00000 0.04115 0.38470 0.64353 1.00000 7.00000 
[1] "event indicator table: "

   0    1 
1169  831 
[1] "treatment indicator table: "

   0    1 
 723 1277 
[1] ""
[1] "Estimation start"
[1] "   Split: 1"
Note: Using an external vector in selections is ambiguous.
ℹ Use `all_of(X.T.names)` instead of `X.T.names` to silence this message.
ℹ See <https://tidyselect.r-lib.org/reference/faq-external-vector.html>.
This message is displayed once per session.
Note: Using an external vector in selections is ambiguous.
ℹ Use `all_of(X.C.names)` instead of `X.C.names` to silence this message.
ℹ See <https://tidyselect.r-lib.org/reference/faq-external-vector.html>.
This message is displayed once per session.
Note: Using an external vector in selections is ambiguous.
ℹ Use `all_of(X.A.names)` instead of `X.A.names` to silence this message.
ℹ See <https://tidyselect.r-lib.org/reference/faq-external-vector.html>.
This message is displayed once per session.

Running BART with binary y

number of trees: 25
number of chains: 1, number of threads 1
tree thinning rate: 1
Prior:
	prior on k: chi with 1.250000 degrees of freedom and inf scale
	power and base for tree prior: 2.000000 0.950000
	use quantiles for rule cut points: false
	proposal probabilities: birth/death 0.50, swap 0.10, change 0.40; birth 0.50
data:
	number of training observations: 1000
	number of test observations: 0
	number of explanatory variables: 15

Cutoff rules c in x<=c vs x>c
Number of cutoffs: (var: number of possible c):
(1: 100) (2: 100) (3: 100) (4: 100) (5: 100) 
(6: 100) (7: 100) (8: 100) (9: 100) (10: 100) 
(11: 100) (12: 100) (13: 100) (14: 100) (15: 100) 

[1] "     Cluster: 1"
[1] "     Cluster: 4"
[1] "     Cluster: 7"
[1] "     Cluster: 8"
[1] "     Cluster: 9"
[1] "     Cluster: 10"
[1] "     Cluster: 11"
[1] "     Cluster: 14"
[1] "     Cluster: 15"
[1] "     Cluster: 16"
[1] "     Cluster: 17"
[1] "     Cluster: 18"
[1] "     Cluster: 19"
[1] "     Cluster: 20"
[1] "     Cluster: 23"
[1] "     Cluster: 25"
[1] "     Cluster: 27"
[1] "     Cluster: 30"
[1] "     Cluster: 31"
[1] "     Cluster: 33"
[1] "     Cluster: 35"
[1] "     Cluster: 37"
[1] "     Cluster: 42"
[1] "     Cluster: 43"
[1] "     Cluster: 47"
[1] "     Cluster: 48"
[1] "     Cluster: 49"
[1] "     Cluster: 50"
[1] "     Cluster: 53"
[1] "     Cluster: 54"
[1] "     Cluster: 57"
[1] "     Cluster: 58"
[1] "     Cluster: 59"
[1] "     Cluster: 62"
[1] "     Cluster: 63"
[1] "     Cluster: 68"
[1] "     Cluster: 69"
[1] "     Cluster: 71"
[1] "     Cluster: 72"
[1] "     Cluster: 75"
[1] "     Cluster: 78"
[1] "     Cluster: 81"
[1] "     Cluster: 82"
[1] "     Cluster: 84"
[1] "     Cluster: 86"
[1] "     Cluster: 91"
[1] "     Cluster: 92"
[1] "     Cluster: 93"
[1] "     Cluster: 96"
[1] "     Cluster: 99"
[1] "   Split: 2"

Running BART with binary y

number of trees: 25
number of chains: 1, number of threads 1
tree thinning rate: 1
Prior:
	prior on k: chi with 1.250000 degrees of freedom and inf scale
	power and base for tree prior: 2.000000 0.950000
	use quantiles for rule cut points: false
	proposal probabilities: birth/death 0.50, swap 0.10, change 0.40; birth 0.50
data:
	number of training observations: 1000
	number of test observations: 0
	number of explanatory variables: 15

Cutoff rules c in x<=c vs x>c
Number of cutoffs: (var: number of possible c):
(1: 100) (2: 100) (3: 100) (4: 100) (5: 100) 
(6: 100) (7: 100) (8: 100) (9: 100) (10: 100) 
(11: 100) (12: 100) (13: 100) (14: 100) (15: 100) 

[1] "     Cluster: 2"
[1] "     Cluster: 3"
[1] "     Cluster: 5"
[1] "     Cluster: 6"
[1] "     Cluster: 12"
[1] "     Cluster: 13"
[1] "     Cluster: 21"
[1] "     Cluster: 22"
[1] "     Cluster: 24"
[1] "     Cluster: 26"
[1] "     Cluster: 28"
[1] "     Cluster: 29"
[1] "     Cluster: 32"
[1] "     Cluster: 34"
[1] "     Cluster: 36"
[1] "     Cluster: 38"
[1] "     Cluster: 39"
[1] "     Cluster: 40"
[1] "     Cluster: 41"
[1] "     Cluster: 44"
[1] "     Cluster: 45"
[1] "     Cluster: 46"
[1] "     Cluster: 51"
[1] "     Cluster: 52"
[1] "     Cluster: 55"
[1] "     Cluster: 56"
[1] "     Cluster: 60"
[1] "     Cluster: 61"
[1] "     Cluster: 64"
[1] "     Cluster: 65"
[1] "     Cluster: 66"
[1] "     Cluster: 67"
[1] "     Cluster: 70"
[1] "     Cluster: 73"
[1] "     Cluster: 74"
[1] "     Cluster: 76"
[1] "     Cluster: 77"
[1] "     Cluster: 79"
[1] "     Cluster: 80"
[1] "     Cluster: 83"
[1] "     Cluster: 85"
[1] "     Cluster: 87"
[1] "     Cluster: 88"
[1] "     Cluster: 89"
[1] "     Cluster: 90"
[1] "     Cluster: 94"
[1] "     Cluster: 95"
[1] "     Cluster: 97"
[1] "     Cluster: 98"
[1] "     Cluster: 100"
[1] ""
[1] "IF for proposed nonparametric estimator computed."
`summarise()` has grouped output by 'theta', 'tau'. You can override using the
`.groups` argument.
`summarise()` has grouped output by 'theta'. You can override using the
`.groups` argument.
`summarise()` has grouped output by 'theta', 'tau'. You can override using the
`.groups` argument.
`summarise()` has grouped output by 'theta'. You can override using the
`.groups` argument.
`summarise()` has grouped output by 'theta', 'tau'. You can override using the
`.groups` argument.
`summarise()` has grouped output by 'theta'. You can override using the
`.groups` argument.
`summarise()` has grouped output by 'theta', 'tau'. You can override using the
`.groups` argument.
`summarise()` has grouped output by 'theta'. You can override using the
`.groups` argument.
`summarise()` has grouped output by 'theta', 'tau'. You can override using the
`.groups` argument.
`summarise()` has grouped output by 'theta'. You can override using the
`.groups` argument.
`summarise()` has grouped output by 'theta', 'tau'. You can override using the
`.groups` argument.
`summarise()` has grouped output by 'theta'. You can override using the
`.groups` argument.
`summarise()` has grouped output by 'theta', 'tau'. You can override using the
`.groups` argument.
`summarise()` has grouped output by 'theta'. You can override using the
`.groups` argument.
`summarise()` has grouped output by 'theta', 'tau'. You can override using the
`.groups` argument.
`summarise()` has grouped output by 'theta'. You can override using the
`.groups` argument.
[1] ""
[1] "Total run time was 151.815 seconds"
[1] "Estimation result: "
# A tibble: 360 × 5
   estimand theta   tau   est     se
   <chr>    <dbl> <dbl> <dbl>  <dbl>
 1 mu         0.1   0.1 0.377 0.0571
 2 mu         0.1   0.2 0.461 0.0575
 3 mu         0.1   0.3 0.481 0.0463
 4 mu         0.1   0.4 0.506 0.0454
 5 mu         0.1   0.5 0.521 0.0544
 6 mu         0.2   0.1 0.324 0.0372
 7 mu         0.2   0.2 0.400 0.0381
 8 mu         0.2   0.3 0.444 0.0340
 9 mu         0.2   0.4 0.474 0.0320
10 mu         0.2   0.5 0.502 0.0412
# ℹ 350 more rows
[1] ""
[1] "OR weights"
`summarise()` has grouped output by 'estimand'. You can override using the
`.groups` argument.
# A tibble: 27 × 6
# Groups:   estimand [3]
   estimand theta mean_value median_value min_value max_value
   <fct>    <dbl>      <dbl>        <dbl>     <dbl>     <dbl>
 1 mu         0.1      1.02         0.836    0.0571      3.03
 2 mu         0.2      1.00         0.968    0.321       1.90
 3 mu         0.3      0.987        0.973    0.292       1.46
 4 mu         0.4      0.993        0.995    0.471       1.34
 5 mu         0.5      1.01         1.01     0.757       1.29
 6 mu         0.6      1.02         1.03     0.746       1.25
 7 mu         0.7      1.01         1.00     0.798       1.27
 8 mu         0.8      1.01         1.01     0.773       1.42
 9 mu         0.9      0.986        0.975    0.558       1.56
10 mu_1       0.1      1.03         0.905    0.132       2.77
11 mu_1       0.2      0.989        0.962    0.306       1.66
12 mu_1       0.3      0.987        0.972    0.310       1.51
13 mu_1       0.4      0.996        1.01     0.557       1.27
14 mu_1       0.5      1.01         0.994    0.782       1.29
15 mu_1       0.6      1.02         1.02     0.749       1.25
16 mu_1       0.7      1.01         1.00     0.803       1.27
17 mu_1       0.8      1.01         1.00     0.775       1.43
18 mu_1       0.9      0.984        0.977    0.538       1.57
19 mu_0       0.1      1.01         0.810    0.0488      3.16
20 mu_0       0.2      1.00         0.945    0.290       1.96
21 mu_0       0.3      0.987        0.972    0.284       1.44
22 mu_0       0.4      0.991        0.985    0.414       1.39
23 mu_0       0.5      1.00         1.01     0.716       1.28
24 mu_0       0.6      1.01         1.02     0.743       1.26
25 mu_0       0.7      1.02         1.02     0.784       1.27
26 mu_0       0.8      1.01         1.01     0.752       1.36
27 mu_0       0.9      1.00         0.988    0.680       1.47
[1] ""
[1] "IPCW weights"
`summarise()` has grouped output by 'estimand'. You can override using the
`.groups` argument.
# A tibble: 27 × 6
# Groups:   estimand [3]
   estimand theta mean_value median_value min_value max_value
   <fct>    <dbl>      <dbl>        <dbl>     <dbl>     <dbl>
 1 mu         0.1      0.359 0.0000000499  5.09e-19     21.7 
 2 mu         0.2      0.824 0.000179      5.34e-13     23.4 
 3 mu         0.3      1.02  0.0137        1.77e- 9     13.7 
 4 mu         0.4      1.10  0.196         5.60e- 7      7.07
 5 mu         0.5      1.07  0.770         4.85e- 5      4.29
 6 mu         0.6      1.02  0.976         1.86e- 3      3.38
 7 mu         0.7      0.979 0.650         5.76e- 5      3.70
 8 mu         0.8      0.981 0.625         8.73e- 8      4.98
 9 mu         0.9      1.16  0.0244        9.48e-13      8.45
10 mu_1       0.1      0.631 0.000000324   5.09e-18     32.5 
11 mu_1       0.2      0.942 0.000583      2.67e-12     22.9 
12 mu_1       0.3      1.07  0.0297        5.91e- 9     10.9 
13 mu_1       0.4      1.10  0.319         1.40e- 6      5.72
14 mu_1       0.5      1.06  0.740         9.71e- 5      3.87
15 mu_1       0.6      1.01  0.816         1.21e- 3      3.38
16 mu_1       0.7      0.974 0.732         1.23e- 5      3.96
17 mu_1       0.8      0.988 0.548         1.64e- 8      4.98
18 mu_1       0.9      1.18  0.0176        1.58e-13      9.23
19 mu_0       0.1      0.329 0.0000000194  0            20.5 
20 mu_0       0.2      0.795 0.0000784     0            24.9 
21 mu_0       0.3      1.00  0.00685       0            15.6 
22 mu_0       0.4      1.09  0.114         0             8.25
23 mu_0       0.5      1.08  0.640         0             4.72
24 mu_0       0.6      1.03  0.937         0             3.38
25 mu_0       0.7      0.991 0.608         0             3.08
26 mu_0       0.8      0.955 0.498         0             4.98
27 mu_0       0.9      1.02  0.0640        0             5.86
[1] "Total run time was 159.352 seconds"
