
Attaching package: ‘dplyr’

The following objects are masked from ‘package:stats’:

    filter, lag

The following objects are masked from ‘package:base’:

    intersect, setdiff, setequal, union

Loading required package: foreach
Loading required package: iterators
Loading required package: parallel

 randomForestSRC 3.2.2 
 
 Type rfsrc.news() to see new features, changes, and bug fixes. 
 

── Attaching core tidyverse packages ──────────────────────── tidyverse 2.0.0 ──
✔ forcats   1.0.0     ✔ readr     2.1.4
✔ ggplot2   3.3.6     ✔ stringr   1.5.1
✔ lubridate 1.9.3     ✔ tibble    3.2.1
✔ purrr     0.3.5     ✔ tidyr     1.2.1
── Conflicts ────────────────────────────────────────── tidyverse_conflicts() ──
✖ purrr::accumulate() masks foreach::accumulate()
✖ tidyr::extract()    masks dbarts::extract()
✖ dplyr::filter()     masks stats::filter()
✖ dplyr::lag()        masks stats::lag()
✖ purrr::partial()    masks randomForestSRC::partial()
✖ purrr::when()       masks foreach::when()
ℹ Use the [conflicted package](http://conflicted.r-lib.org/) to force all conflicts to become errors
[1] "[Analysis setting]"
[1] "n.cpus: 8"
[1] "method: nonpara"
[1] "taus: 0.1, 0.2, 0.3, 0.4, 0.5"
[1] "thetas: 0.1, 0.2, 0.3, 0.4, 0.5, 0.6, 0.7, 0.8, 0.9"
[1] "r: 100"
[1] "m: 100"
[1] "N_total: 2000"
[1] "cluster size dist'n: "

 20 
100 
[1] "observed time summary: "
   Min. 1st Qu.  Median    Mean 3rd Qu.    Max. 
0.00000 0.02586 0.29328 0.56044 0.95668 6.00000 
[1] "event indicator table: "

   0    1 
1206  794 
[1] "treatment indicator table: "

   0    1 
 780 1220 
[1] ""
[1] "Estimation start"
[1] "   Split: 1"
Note: Using an external vector in selections is ambiguous.
ℹ Use `all_of(X.T.names)` instead of `X.T.names` to silence this message.
ℹ See <https://tidyselect.r-lib.org/reference/faq-external-vector.html>.
This message is displayed once per session.
Note: Using an external vector in selections is ambiguous.
ℹ Use `all_of(X.C.names)` instead of `X.C.names` to silence this message.
ℹ See <https://tidyselect.r-lib.org/reference/faq-external-vector.html>.
This message is displayed once per session.
Note: Using an external vector in selections is ambiguous.
ℹ Use `all_of(X.A.names)` instead of `X.A.names` to silence this message.
ℹ See <https://tidyselect.r-lib.org/reference/faq-external-vector.html>.
This message is displayed once per session.

Running BART with binary y

number of trees: 25
number of chains: 1, number of threads 1
tree thinning rate: 1
Prior:
	prior on k: chi with 1.250000 degrees of freedom and inf scale
	power and base for tree prior: 2.000000 0.950000
	use quantiles for rule cut points: false
	proposal probabilities: birth/death 0.50, swap 0.10, change 0.40; birth 0.50
data:
	number of training observations: 1000
	number of test observations: 0
	number of explanatory variables: 15

Cutoff rules c in x<=c vs x>c
Number of cutoffs: (var: number of possible c):
(1: 100) (2: 100) (3: 100) (4: 100) (5: 100) 
(6: 100) (7: 100) (8: 100) (9: 100) (10: 100) 
(11: 100) (12: 100) (13: 100) (14: 100) (15: 100) 

[1] "     Cluster: 3"
[1] "     Cluster: 5"
[1] "     Cluster: 6"
[1] "     Cluster: 11"
[1] "     Cluster: 12"
[1] "     Cluster: 13"
[1] "     Cluster: 16"
[1] "     Cluster: 19"
[1] "     Cluster: 22"
[1] "     Cluster: 23"
[1] "     Cluster: 25"
[1] "     Cluster: 28"
[1] "     Cluster: 30"
[1] "     Cluster: 32"
[1] "     Cluster: 33"
[1] "     Cluster: 34"
[1] "     Cluster: 39"
[1] "     Cluster: 40"
[1] "     Cluster: 41"
[1] "     Cluster: 42"
[1] "     Cluster: 43"
[1] "     Cluster: 45"
[1] "     Cluster: 46"
[1] "     Cluster: 47"
[1] "     Cluster: 52"
[1] "     Cluster: 53"
[1] "     Cluster: 57"
[1] "     Cluster: 58"
[1] "     Cluster: 61"
[1] "     Cluster: 62"
[1] "     Cluster: 64"
[1] "     Cluster: 65"
[1] "     Cluster: 66"
[1] "     Cluster: 67"
[1] "     Cluster: 68"
[1] "     Cluster: 69"
[1] "     Cluster: 70"
[1] "     Cluster: 71"
[1] "     Cluster: 72"
[1] "     Cluster: 76"
[1] "     Cluster: 78"
[1] "     Cluster: 81"
[1] "     Cluster: 83"
[1] "     Cluster: 84"
[1] "     Cluster: 85"
[1] "     Cluster: 93"
[1] "     Cluster: 94"
[1] "     Cluster: 97"
[1] "     Cluster: 99"
[1] "     Cluster: 100"
[1] "   Split: 2"

Running BART with binary y

number of trees: 25
number of chains: 1, number of threads 1
tree thinning rate: 1
Prior:
	prior on k: chi with 1.250000 degrees of freedom and inf scale
	power and base for tree prior: 2.000000 0.950000
	use quantiles for rule cut points: false
	proposal probabilities: birth/death 0.50, swap 0.10, change 0.40; birth 0.50
data:
	number of training observations: 1000
	number of test observations: 0
	number of explanatory variables: 15

Cutoff rules c in x<=c vs x>c
Number of cutoffs: (var: number of possible c):
(1: 100) (2: 100) (3: 100) (4: 100) (5: 100) 
(6: 100) (7: 100) (8: 100) (9: 100) (10: 100) 
(11: 100) (12: 100) (13: 100) (14: 100) (15: 100) 

[1] "     Cluster: 1"
[1] "     Cluster: 2"
[1] "     Cluster: 4"
[1] "     Cluster: 7"
[1] "     Cluster: 8"
[1] "     Cluster: 9"
[1] "     Cluster: 10"
[1] "     Cluster: 14"
[1] "     Cluster: 15"
[1] "     Cluster: 17"
[1] "     Cluster: 18"
[1] "     Cluster: 20"
[1] "     Cluster: 21"
[1] "     Cluster: 24"
[1] "     Cluster: 26"
[1] "     Cluster: 27"
[1] "     Cluster: 29"
[1] "     Cluster: 31"
[1] "     Cluster: 35"
[1] "     Cluster: 36"
[1] "     Cluster: 37"
[1] "     Cluster: 38"
[1] "     Cluster: 44"
[1] "     Cluster: 48"
[1] "     Cluster: 49"
[1] "     Cluster: 50"
[1] "     Cluster: 51"
[1] "     Cluster: 54"
[1] "     Cluster: 55"
[1] "     Cluster: 56"
[1] "     Cluster: 59"
[1] "     Cluster: 60"
[1] "     Cluster: 63"
[1] "     Cluster: 73"
[1] "     Cluster: 74"
[1] "     Cluster: 75"
[1] "     Cluster: 77"
[1] "     Cluster: 79"
[1] "     Cluster: 80"
[1] "     Cluster: 82"
[1] "     Cluster: 86"
[1] "     Cluster: 87"
[1] "     Cluster: 88"
[1] "     Cluster: 89"
[1] "     Cluster: 90"
[1] "     Cluster: 91"
[1] "     Cluster: 92"
[1] "     Cluster: 95"
[1] "     Cluster: 96"
[1] "     Cluster: 98"
[1] ""
[1] "IF for proposed nonparametric estimator computed."
`summarise()` has grouped output by 'theta', 'tau'. You can override using the
`.groups` argument.
`summarise()` has grouped output by 'theta'. You can override using the
`.groups` argument.
`summarise()` has grouped output by 'theta', 'tau'. You can override using the
`.groups` argument.
`summarise()` has grouped output by 'theta'. You can override using the
`.groups` argument.
`summarise()` has grouped output by 'theta', 'tau'. You can override using the
`.groups` argument.
`summarise()` has grouped output by 'theta'. You can override using the
`.groups` argument.
`summarise()` has grouped output by 'theta', 'tau'. You can override using the
`.groups` argument.
`summarise()` has grouped output by 'theta'. You can override using the
`.groups` argument.
`summarise()` has grouped output by 'theta', 'tau'. You can override using the
`.groups` argument.
`summarise()` has grouped output by 'theta'. You can override using the
`.groups` argument.
`summarise()` has grouped output by 'theta', 'tau'. You can override using the
`.groups` argument.
`summarise()` has grouped output by 'theta'. You can override using the
`.groups` argument.
`summarise()` has grouped output by 'theta', 'tau'. You can override using the
`.groups` argument.
`summarise()` has grouped output by 'theta'. You can override using the
`.groups` argument.
`summarise()` has grouped output by 'theta', 'tau'. You can override using the
`.groups` argument.
`summarise()` has grouped output by 'theta'. You can override using the
`.groups` argument.
[1] ""
[1] "Total run time was 141.303 seconds"
[1] "Estimation result: "
# A tibble: 360 × 5
   estimand theta   tau   est     se
   <chr>    <dbl> <dbl> <dbl>  <dbl>
 1 mu         0.1   0.1 0.259 0.0717
 2 mu         0.1   0.2 0.248 0.0771
 3 mu         0.1   0.3 0.282 0.101 
 4 mu         0.1   0.4 0.275 0.110 
 5 mu         0.1   0.5 0.259 0.127 
 6 mu         0.2   0.1 0.312 0.0640
 7 mu         0.2   0.2 0.334 0.0536
 8 mu         0.2   0.3 0.407 0.0659
 9 mu         0.2   0.4 0.433 0.0685
10 mu         0.2   0.5 0.438 0.0769
# ℹ 350 more rows
[1] ""
[1] "OR weights"
`summarise()` has grouped output by 'estimand'. You can override using the
`.groups` argument.
# A tibble: 27 × 6
# Groups:   estimand [3]
   estimand theta mean_value median_value min_value max_value
   <fct>    <dbl>      <dbl>        <dbl>     <dbl>     <dbl>
 1 mu         0.1      0.639        0.565  0.00121       2.38
 2 mu         0.2      0.862        0.893  0.0481        3.36
 3 mu         0.3      0.971        0.918  0.237         2.24
 4 mu         0.4      1.00         0.975  0.504         1.64
 5 mu         0.5      1.00         0.994  0.725         1.28
 6 mu         0.6      0.992        0.999  0.779         1.17
 7 mu         0.7      0.980        0.984  0.812         1.20
 8 mu         0.8      0.978        0.961  0.633         1.40
 9 mu         0.9      1.01         0.974  0.169         3.26
10 mu_1       0.1      0.759        0.722  0.00442       3.76
11 mu_1       0.2      0.928        0.873  0.0921        3.05
12 mu_1       0.3      0.992        0.971  0.326         2.11
13 mu_1       0.4      1.00         0.991  0.580         1.46
14 mu_1       0.5      0.999        0.997  0.773         1.26
15 mu_1       0.6      0.990        1.01   0.766         1.18
16 mu_1       0.7      0.979        0.981  0.798         1.22
17 mu_1       0.8      0.979        0.962  0.594         1.46
18 mu_1       0.9      1.01         0.976  0.148         3.47
19 mu_0       0.1      0.626        0.547  0.000858      2.23
20 mu_0       0.2      0.845        0.879  0.0371        3.43
21 mu_0       0.3      0.962        0.907  0.199         2.40
22 mu_0       0.4      0.999        0.974  0.453         1.77
23 mu_0       0.5      1.00         0.989  0.678         1.29
24 mu_0       0.6      0.996        1.00   0.799         1.20
25 mu_0       0.7      0.984        0.998  0.765         1.16
26 mu_0       0.8      0.975        0.963  0.704         1.30
27 mu_0       0.9      0.984        0.989  0.355         1.75
[1] ""
[1] "IPCW weights"
`summarise()` has grouped output by 'estimand'. You can override using the
`.groups` argument.
# A tibble: 27 × 6
# Groups:   estimand [3]
   estimand theta mean_value median_value min_value max_value
   <fct>    <dbl>      <dbl>        <dbl>     <dbl>     <dbl>
 1 mu         0.1      25.5   0.000000311  2.00e-16   2372.  
 2 mu         0.2      13.9   0.000496     9.31e-11   1139.  
 3 mu         0.3       4.23  0.0221       1.81e- 7    232.  
 4 mu         0.4       1.68  0.256        3.66e- 5     25.7 
 5 mu         0.5       1.19  0.837        2.12e- 3      6.61
 6 mu         0.6       1.16  1.00         1.75e- 3      3.62
 7 mu         0.7       1.33  1.15         2.09e- 5      5.31
 8 mu         0.8       1.81  0.431        3.16e- 8     18.5 
 9 mu         0.9       3.33  0.00693      3.43e-13     75.5 
10 mu_1       0.1      26.5   0.00000186   1.90e-15   2372.  
11 mu_1       0.2       8.07  0.00149      4.42e-10    569.  
12 mu_1       0.3       2.47  0.0442       5.72e- 7     77.2 
13 mu_1       0.4       1.38  0.385        8.70e- 5      9.93
14 mu_1       0.5       1.15  0.851        4.02e- 3      5.29
15 mu_1       0.6       1.18  1.01         4.37e- 4      3.62
16 mu_1       0.7       1.37  1.03         4.47e- 6      6.07
17 mu_1       0.8       1.90  0.324        5.93e- 9     20.8 
18 mu_1       0.9       3.42  0.00462      5.72e-14     79.7 
19 mu_0       0.1      25.4   0.000000138  1.11e-17   2372.  
20 mu_0       0.2      15.4   0.000248     5.82e-12   1281.  
21 mu_0       0.3       4.99  0.0126       1.29e- 8    298.  
22 mu_0       0.4       1.88  0.151        3.05e- 6     38.5 
23 mu_0       0.5       1.23  0.636        2.12e- 4      7.93
24 mu_0       0.6       1.14  0.953        3.71e- 3      3.62
25 mu_0       0.7       1.24  1.18         5.91e- 5      3.54
26 mu_0       0.8       1.47  0.852        1.34e- 7      9.26
27 mu_0       0.9       2.49  0.0277       2.92e-12     38.6 
[1] "Total run time was 144.444 seconds"
