
Attaching package: ‘dplyr’

The following objects are masked from ‘package:stats’:

    filter, lag

The following objects are masked from ‘package:base’:

    intersect, setdiff, setequal, union

Loading required package: foreach
Loading required package: iterators
Loading required package: parallel

 randomForestSRC 3.2.2 
 
 Type rfsrc.news() to see new features, changes, and bug fixes. 
 

── Attaching core tidyverse packages ──────────────────────── tidyverse 2.0.0 ──
✔ forcats   1.0.0     ✔ readr     2.1.4
✔ ggplot2   3.3.6     ✔ stringr   1.5.1
✔ lubridate 1.9.3     ✔ tibble    3.2.1
✔ purrr     0.3.5     ✔ tidyr     1.2.1
── Conflicts ────────────────────────────────────────── tidyverse_conflicts() ──
✖ purrr::accumulate() masks foreach::accumulate()
✖ tidyr::extract()    masks dbarts::extract()
✖ dplyr::filter()     masks stats::filter()
✖ dplyr::lag()        masks stats::lag()
✖ purrr::partial()    masks randomForestSRC::partial()
✖ purrr::when()       masks foreach::when()
ℹ Use the [conflicted package](http://conflicted.r-lib.org/) to force all conflicts to become errors
[1] "[Analysis setting]"
[1] "n.cpus: 8"
[1] "method: nonpara"
[1] "taus: 0.1, 0.2, 0.3, 0.4, 0.5"
[1] "thetas: 0.1, 0.2, 0.3, 0.4, 0.5, 0.6, 0.7, 0.8, 0.9"
[1] "r: 100"
[1] "m: 100"
[1] "N_total: 2000"
[1] "cluster size dist'n: "

 20 
100 
[1] "observed time summary: "
   Min. 1st Qu.  Median    Mean 3rd Qu.    Max. 
0.00000 0.03956 0.38999 0.63783 1.00000 5.43180 
[1] "event indicator table: "

   0    1 
1154  846 
[1] "treatment indicator table: "

   0    1 
 756 1244 
[1] ""
[1] "Estimation start"
[1] "   Split: 1"
Note: Using an external vector in selections is ambiguous.
ℹ Use `all_of(X.T.names)` instead of `X.T.names` to silence this message.
ℹ See <https://tidyselect.r-lib.org/reference/faq-external-vector.html>.
This message is displayed once per session.
Note: Using an external vector in selections is ambiguous.
ℹ Use `all_of(X.C.names)` instead of `X.C.names` to silence this message.
ℹ See <https://tidyselect.r-lib.org/reference/faq-external-vector.html>.
This message is displayed once per session.
Note: Using an external vector in selections is ambiguous.
ℹ Use `all_of(X.A.names)` instead of `X.A.names` to silence this message.
ℹ See <https://tidyselect.r-lib.org/reference/faq-external-vector.html>.
This message is displayed once per session.

Running BART with binary y

number of trees: 25
number of chains: 1, number of threads 1
tree thinning rate: 1
Prior:
	prior on k: chi with 1.250000 degrees of freedom and inf scale
	power and base for tree prior: 2.000000 0.950000
	use quantiles for rule cut points: false
	proposal probabilities: birth/death 0.50, swap 0.10, change 0.40; birth 0.50
data:
	number of training observations: 1000
	number of test observations: 0
	number of explanatory variables: 15

Cutoff rules c in x<=c vs x>c
Number of cutoffs: (var: number of possible c):
(1: 100) (2: 100) (3: 100) (4: 100) (5: 100) 
(6: 100) (7: 100) (8: 100) (9: 100) (10: 100) 
(11: 100) (12: 100) (13: 100) (14: 100) (15: 100) 

[1] "     Cluster: 2"
[1] "     Cluster: 3"
[1] "     Cluster: 4"
[1] "     Cluster: 5"
[1] "     Cluster: 6"
[1] "     Cluster: 9"
[1] "     Cluster: 10"
[1] "     Cluster: 11"
[1] "     Cluster: 12"
[1] "     Cluster: 16"
[1] "     Cluster: 17"
[1] "     Cluster: 18"
[1] "     Cluster: 20"
[1] "     Cluster: 21"
[1] "     Cluster: 23"
[1] "     Cluster: 24"
[1] "     Cluster: 26"
[1] "     Cluster: 28"
[1] "     Cluster: 31"
[1] "     Cluster: 33"
[1] "     Cluster: 36"
[1] "     Cluster: 37"
[1] "     Cluster: 39"
[1] "     Cluster: 40"
[1] "     Cluster: 43"
[1] "     Cluster: 44"
[1] "     Cluster: 47"
[1] "     Cluster: 56"
[1] "     Cluster: 58"
[1] "     Cluster: 59"
[1] "     Cluster: 61"
[1] "     Cluster: 62"
[1] "     Cluster: 64"
[1] "     Cluster: 66"
[1] "     Cluster: 69"
[1] "     Cluster: 70"
[1] "     Cluster: 73"
[1] "     Cluster: 75"
[1] "     Cluster: 79"
[1] "     Cluster: 80"
[1] "     Cluster: 85"
[1] "     Cluster: 86"
[1] "     Cluster: 87"
[1] "     Cluster: 88"
[1] "     Cluster: 89"
[1] "     Cluster: 90"
[1] "     Cluster: 91"
[1] "     Cluster: 95"
[1] "     Cluster: 98"
[1] "     Cluster: 100"
[1] "   Split: 2"

Running BART with binary y

number of trees: 25
number of chains: 1, number of threads 1
tree thinning rate: 1
Prior:
	prior on k: chi with 1.250000 degrees of freedom and inf scale
	power and base for tree prior: 2.000000 0.950000
	use quantiles for rule cut points: false
	proposal probabilities: birth/death 0.50, swap 0.10, change 0.40; birth 0.50
data:
	number of training observations: 1000
	number of test observations: 0
	number of explanatory variables: 15

Cutoff rules c in x<=c vs x>c
Number of cutoffs: (var: number of possible c):
(1: 100) (2: 100) (3: 100) (4: 100) (5: 100) 
(6: 100) (7: 100) (8: 100) (9: 100) (10: 100) 
(11: 100) (12: 100) (13: 100) (14: 100) (15: 100) 

[1] "     Cluster: 1"
[1] "     Cluster: 7"
[1] "     Cluster: 8"
[1] "     Cluster: 13"
[1] "     Cluster: 14"
[1] "     Cluster: 15"
[1] "     Cluster: 19"
[1] "     Cluster: 22"
[1] "     Cluster: 25"
[1] "     Cluster: 27"
[1] "     Cluster: 29"
[1] "     Cluster: 30"
[1] "     Cluster: 32"
[1] "     Cluster: 34"
[1] "     Cluster: 35"
[1] "     Cluster: 38"
[1] "     Cluster: 41"
[1] "     Cluster: 42"
[1] "     Cluster: 45"
[1] "     Cluster: 46"
[1] "     Cluster: 48"
[1] "     Cluster: 49"
[1] "     Cluster: 50"
[1] "     Cluster: 51"
[1] "     Cluster: 52"
[1] "     Cluster: 53"
[1] "     Cluster: 54"
[1] "     Cluster: 55"
[1] "     Cluster: 57"
[1] "     Cluster: 60"
[1] "     Cluster: 63"
[1] "     Cluster: 65"
[1] "     Cluster: 67"
[1] "     Cluster: 68"
[1] "     Cluster: 71"
[1] "     Cluster: 72"
[1] "     Cluster: 74"
[1] "     Cluster: 76"
[1] "     Cluster: 77"
[1] "     Cluster: 78"
[1] "     Cluster: 81"
[1] "     Cluster: 82"
[1] "     Cluster: 83"
[1] "     Cluster: 84"
[1] "     Cluster: 92"
[1] "     Cluster: 93"
[1] "     Cluster: 94"
[1] "     Cluster: 96"
[1] "     Cluster: 97"
[1] "     Cluster: 99"
[1] ""
[1] "IF for proposed nonparametric estimator computed."
`summarise()` has grouped output by 'theta', 'tau'. You can override using the
`.groups` argument.
`summarise()` has grouped output by 'theta'. You can override using the
`.groups` argument.
`summarise()` has grouped output by 'theta', 'tau'. You can override using the
`.groups` argument.
`summarise()` has grouped output by 'theta'. You can override using the
`.groups` argument.
`summarise()` has grouped output by 'theta', 'tau'. You can override using the
`.groups` argument.
`summarise()` has grouped output by 'theta'. You can override using the
`.groups` argument.
`summarise()` has grouped output by 'theta', 'tau'. You can override using the
`.groups` argument.
`summarise()` has grouped output by 'theta'. You can override using the
`.groups` argument.
`summarise()` has grouped output by 'theta', 'tau'. You can override using the
`.groups` argument.
`summarise()` has grouped output by 'theta'. You can override using the
`.groups` argument.
`summarise()` has grouped output by 'theta', 'tau'. You can override using the
`.groups` argument.
`summarise()` has grouped output by 'theta'. You can override using the
`.groups` argument.
`summarise()` has grouped output by 'theta', 'tau'. You can override using the
`.groups` argument.
`summarise()` has grouped output by 'theta'. You can override using the
`.groups` argument.
`summarise()` has grouped output by 'theta', 'tau'. You can override using the
`.groups` argument.
`summarise()` has grouped output by 'theta'. You can override using the
`.groups` argument.
[1] ""
[1] "Total run time was 143.635 seconds"
[1] "Estimation result: "
# A tibble: 360 × 5
   estimand theta   tau   est     se
   <chr>    <dbl> <dbl> <dbl>  <dbl>
 1 mu         0.1   0.1 0.504 0.106 
 2 mu         0.1   0.2 0.617 0.144 
 3 mu         0.1   0.3 0.637 0.149 
 4 mu         0.1   0.4 0.655 0.134 
 5 mu         0.1   0.5 0.647 0.118 
 6 mu         0.2   0.1 0.444 0.0790
 7 mu         0.2   0.2 0.534 0.113 
 8 mu         0.2   0.3 0.565 0.117 
 9 mu         0.2   0.4 0.593 0.106 
10 mu         0.2   0.5 0.599 0.0910
# ℹ 350 more rows
[1] ""
[1] "OR weights"
`summarise()` has grouped output by 'estimand'. You can override using the
`.groups` argument.
# A tibble: 27 × 6
# Groups:   estimand [3]
   estimand theta mean_value median_value min_value max_value
   <fct>    <dbl>      <dbl>        <dbl>     <dbl>     <dbl>
 1 mu         0.1      0.941        0.753   0.00818      3.14
 2 mu         0.2      0.984        0.966   0.135        1.77
 3 mu         0.3      0.980        0.966   0.387        1.47
 4 mu         0.4      0.965        0.966   0.610        1.31
 5 mu         0.5      0.970        0.968   0.756        1.36
 6 mu         0.6      0.993        0.992   0.753        1.27
 7 mu         0.7      1.01         1.00    0.798        1.22
 8 mu         0.8      1.01         1.02    0.770        1.27
 9 mu         0.9      0.983        1.01    0.523        1.34
10 mu_1       0.1      0.968        0.867   0.0254       2.31
11 mu_1       0.2      0.990        0.958   0.223        1.61
12 mu_1       0.3      0.974        0.976   0.475        1.42
13 mu_1       0.4      0.963        0.964   0.671        1.36
14 mu_1       0.5      0.975        0.973   0.767        1.34
15 mu_1       0.6      0.997        0.998   0.752        1.27
16 mu_1       0.7      1.01         0.999   0.785        1.24
17 mu_1       0.8      1.01         1.01    0.755        1.26
18 mu_1       0.9      0.982        1.01    0.506        1.35
19 mu_0       0.1      0.938        0.735   0.00626      3.32
20 mu_0       0.2      0.982        0.962   0.114        1.88
21 mu_0       0.3      0.982        0.973   0.350        1.49
22 mu_0       0.4      0.966        0.968   0.570        1.35
23 mu_0       0.5      0.966        0.959   0.736        1.38
24 mu_0       0.6      0.986        0.993   0.754        1.26
25 mu_0       0.7      1.01         1.00    0.782        1.24
26 mu_0       0.8      1.01         1.01    0.773        1.31
27 mu_0       0.9      0.999        1.00    0.625        1.29
[1] ""
[1] "IPCW weights"
`summarise()` has grouped output by 'estimand'. You can override using the
`.groups` argument.
# A tibble: 27 × 6
# Groups:   estimand [3]
   estimand theta mean_value median_value min_value max_value
   <fct>    <dbl>      <dbl>        <dbl>     <dbl>     <dbl>
 1 mu         0.1      0.908  0.000000280  2.66e-19     35.2 
 2 mu         0.2      1.02   0.000507     2.79e-13     38.1 
 3 mu         0.3      0.922  0.0260       9.29e-10     13.3 
 4 mu         0.4      1.09   0.282        2.93e- 7      6.54
 5 mu         0.5      1.17   0.942        2.54e- 5      4.38
 6 mu         0.6      1.12   1.04         5.52e- 4      3.69
 7 mu         0.7      1.07   0.961        4.23e- 6      3.73
 8 mu         0.8      1.00   0.318        3.74e- 9      5.24
 9 mu         0.9      0.780  0.0114       1.81e-14      7.04
10 mu_1       0.1      1.24   0.00000169   2.66e-18     52.8 
11 mu_1       0.2      0.933  0.00155      1.40e-12     28.5 
12 mu_1       0.3      0.951  0.0534       3.10e- 9      7.26
13 mu_1       0.4      1.14   0.376        7.32e- 7      6.54
14 mu_1       0.5      1.16   0.912        5.08e- 5      4.07
15 mu_1       0.6      1.11   0.917        9.19e- 5      3.38
16 mu_1       0.7      1.07   0.841        6.05e- 7      3.73
17 mu_1       0.8      0.988  0.316        4.68e-10      5.38
18 mu_1       0.9      0.775  0.00809      2.01e-15      7.83
19 mu_0       0.1      0.872  0.000000123  0            33.5 
20 mu_0       0.2      1.04   0.000247     0            40.4 
21 mu_0       0.3      0.910  0.0143       0            16.1 
22 mu_0       0.4      1.05   0.178        0             6.54
23 mu_0       0.5      1.17   0.706        0             5.25
24 mu_0       0.6      1.14   0.848        0             4.15
25 mu_0       0.7      1.08   0.911        0             3.73
26 mu_0       0.8      1.06   0.459        0             5.24
27 mu_0       0.9      0.825  0.0181       0             7.03
[1] "Total run time was 147.139 seconds"
