
Attaching package: ‘dplyr’

The following objects are masked from ‘package:stats’:

    filter, lag

The following objects are masked from ‘package:base’:

    intersect, setdiff, setequal, union

Loading required package: foreach
Loading required package: iterators
Loading required package: parallel

 randomForestSRC 3.2.2 
 
 Type rfsrc.news() to see new features, changes, and bug fixes. 
 

── Attaching core tidyverse packages ──────────────────────── tidyverse 2.0.0 ──
✔ forcats   1.0.0     ✔ readr     2.1.4
✔ ggplot2   3.3.6     ✔ stringr   1.5.1
✔ lubridate 1.9.3     ✔ tibble    3.2.1
✔ purrr     0.3.5     ✔ tidyr     1.2.1
── Conflicts ────────────────────────────────────────── tidyverse_conflicts() ──
✖ purrr::accumulate() masks foreach::accumulate()
✖ tidyr::extract()    masks dbarts::extract()
✖ dplyr::filter()     masks stats::filter()
✖ dplyr::lag()        masks stats::lag()
✖ purrr::partial()    masks randomForestSRC::partial()
✖ purrr::when()       masks foreach::when()
ℹ Use the [conflicted package](http://conflicted.r-lib.org/) to force all conflicts to become errors
[1] "[Analysis setting]"
[1] "n.cpus: 8"
[1] "method: nonpara"
[1] "taus: 0.1, 0.2, 0.3, 0.4, 0.5"
[1] "thetas: 0.1, 0.2, 0.3, 0.4, 0.5, 0.6, 0.7, 0.8, 0.9"
[1] "r: 100"
[1] "m: 100"
[1] "N_total: 2000"
[1] "cluster size dist'n: "

 20 
100 
[1] "observed time summary: "
   Min. 1st Qu.  Median    Mean 3rd Qu.    Max. 
0.00000 0.04203 0.38608 0.61596 1.00000 4.49907 
[1] "event indicator table: "

   0    1 
1207  793 
[1] "treatment indicator table: "

   0    1 
 714 1286 
[1] ""
[1] "Estimation start"
[1] "   Split: 1"
Note: Using an external vector in selections is ambiguous.
ℹ Use `all_of(X.T.names)` instead of `X.T.names` to silence this message.
ℹ See <https://tidyselect.r-lib.org/reference/faq-external-vector.html>.
This message is displayed once per session.
Note: Using an external vector in selections is ambiguous.
ℹ Use `all_of(X.C.names)` instead of `X.C.names` to silence this message.
ℹ See <https://tidyselect.r-lib.org/reference/faq-external-vector.html>.
This message is displayed once per session.
Note: Using an external vector in selections is ambiguous.
ℹ Use `all_of(X.A.names)` instead of `X.A.names` to silence this message.
ℹ See <https://tidyselect.r-lib.org/reference/faq-external-vector.html>.
This message is displayed once per session.

Running BART with binary y

number of trees: 25
number of chains: 1, number of threads 1
tree thinning rate: 1
Prior:
	prior on k: chi with 1.250000 degrees of freedom and inf scale
	power and base for tree prior: 2.000000 0.950000
	use quantiles for rule cut points: false
	proposal probabilities: birth/death 0.50, swap 0.10, change 0.40; birth 0.50
data:
	number of training observations: 1000
	number of test observations: 0
	number of explanatory variables: 15

Cutoff rules c in x<=c vs x>c
Number of cutoffs: (var: number of possible c):
(1: 100) (2: 100) (3: 100) (4: 100) (5: 100) 
(6: 100) (7: 100) (8: 100) (9: 100) (10: 100) 
(11: 100) (12: 100) (13: 100) (14: 100) (15: 100) 

[1] "     Cluster: 1"
[1] "     Cluster: 5"
[1] "     Cluster: 6"
[1] "     Cluster: 8"
[1] "     Cluster: 11"
[1] "     Cluster: 14"
[1] "     Cluster: 15"
[1] "     Cluster: 16"
[1] "     Cluster: 17"
[1] "     Cluster: 18"
[1] "     Cluster: 19"
[1] "     Cluster: 21"
[1] "     Cluster: 22"
[1] "     Cluster: 23"
[1] "     Cluster: 25"
[1] "     Cluster: 26"
[1] "     Cluster: 28"
[1] "     Cluster: 30"
[1] "     Cluster: 32"
[1] "     Cluster: 33"
[1] "     Cluster: 34"
[1] "     Cluster: 35"
[1] "     Cluster: 37"
[1] "     Cluster: 43"
[1] "     Cluster: 44"
[1] "     Cluster: 49"
[1] "     Cluster: 50"
[1] "     Cluster: 52"
[1] "     Cluster: 53"
[1] "     Cluster: 54"
[1] "     Cluster: 55"
[1] "     Cluster: 56"
[1] "     Cluster: 57"
[1] "     Cluster: 59"
[1] "     Cluster: 60"
[1] "     Cluster: 61"
[1] "     Cluster: 63"
[1] "     Cluster: 67"
[1] "     Cluster: 71"
[1] "     Cluster: 73"
[1] "     Cluster: 74"
[1] "     Cluster: 75"
[1] "     Cluster: 77"
[1] "     Cluster: 86"
[1] "     Cluster: 87"
[1] "     Cluster: 89"
[1] "     Cluster: 91"
[1] "     Cluster: 92"
[1] "     Cluster: 93"
[1] "     Cluster: 100"
[1] "   Split: 2"

Running BART with binary y

number of trees: 25
number of chains: 1, number of threads 1
tree thinning rate: 1
Prior:
	prior on k: chi with 1.250000 degrees of freedom and inf scale
	power and base for tree prior: 2.000000 0.950000
	use quantiles for rule cut points: false
	proposal probabilities: birth/death 0.50, swap 0.10, change 0.40; birth 0.50
data:
	number of training observations: 1000
	number of test observations: 0
	number of explanatory variables: 15

Cutoff rules c in x<=c vs x>c
Number of cutoffs: (var: number of possible c):
(1: 100) (2: 100) (3: 100) (4: 100) (5: 100) 
(6: 100) (7: 100) (8: 100) (9: 100) (10: 100) 
(11: 100) (12: 100) (13: 100) (14: 100) (15: 100) 

[1] "     Cluster: 2"
[1] "     Cluster: 3"
[1] "     Cluster: 4"
[1] "     Cluster: 7"
[1] "     Cluster: 9"
[1] "     Cluster: 10"
[1] "     Cluster: 12"
[1] "     Cluster: 13"
[1] "     Cluster: 20"
[1] "     Cluster: 24"
[1] "     Cluster: 27"
[1] "     Cluster: 29"
[1] "     Cluster: 31"
[1] "     Cluster: 36"
[1] "     Cluster: 38"
[1] "     Cluster: 39"
[1] "     Cluster: 40"
[1] "     Cluster: 41"
[1] "     Cluster: 42"
[1] "     Cluster: 45"
[1] "     Cluster: 46"
[1] "     Cluster: 47"
[1] "     Cluster: 48"
[1] "     Cluster: 51"
[1] "     Cluster: 58"
[1] "     Cluster: 62"
[1] "     Cluster: 64"
[1] "     Cluster: 65"
[1] "     Cluster: 66"
[1] "     Cluster: 68"
[1] "     Cluster: 69"
[1] "     Cluster: 70"
[1] "     Cluster: 72"
[1] "     Cluster: 76"
[1] "     Cluster: 78"
[1] "     Cluster: 79"
[1] "     Cluster: 80"
[1] "     Cluster: 81"
[1] "     Cluster: 82"
[1] "     Cluster: 83"
[1] "     Cluster: 84"
[1] "     Cluster: 85"
[1] "     Cluster: 88"
[1] "     Cluster: 90"
[1] "     Cluster: 94"
[1] "     Cluster: 95"
[1] "     Cluster: 96"
[1] "     Cluster: 97"
[1] "     Cluster: 98"
[1] "     Cluster: 99"
[1] ""
[1] "IF for proposed nonparametric estimator computed."
`summarise()` has grouped output by 'theta', 'tau'. You can override using the
`.groups` argument.
`summarise()` has grouped output by 'theta'. You can override using the
`.groups` argument.
`summarise()` has grouped output by 'theta', 'tau'. You can override using the
`.groups` argument.
`summarise()` has grouped output by 'theta'. You can override using the
`.groups` argument.
`summarise()` has grouped output by 'theta', 'tau'. You can override using the
`.groups` argument.
`summarise()` has grouped output by 'theta'. You can override using the
`.groups` argument.
`summarise()` has grouped output by 'theta', 'tau'. You can override using the
`.groups` argument.
`summarise()` has grouped output by 'theta'. You can override using the
`.groups` argument.
`summarise()` has grouped output by 'theta', 'tau'. You can override using the
`.groups` argument.
`summarise()` has grouped output by 'theta'. You can override using the
`.groups` argument.
`summarise()` has grouped output by 'theta', 'tau'. You can override using the
`.groups` argument.
`summarise()` has grouped output by 'theta'. You can override using the
`.groups` argument.
`summarise()` has grouped output by 'theta', 'tau'. You can override using the
`.groups` argument.
`summarise()` has grouped output by 'theta'. You can override using the
`.groups` argument.
`summarise()` has grouped output by 'theta', 'tau'. You can override using the
`.groups` argument.
`summarise()` has grouped output by 'theta'. You can override using the
`.groups` argument.
[1] ""
[1] "Total run time was 306.897 seconds"
[1] "Estimation result: "
# A tibble: 360 × 5
   estimand theta   tau   est     se
   <chr>    <dbl> <dbl> <dbl>  <dbl>
 1 mu         0.1   0.1 0.520 0.0999
 2 mu         0.1   0.2 0.577 0.0848
 3 mu         0.1   0.3 0.634 0.0785
 4 mu         0.1   0.4 0.646 0.0787
 5 mu         0.1   0.5 0.721 0.0795
 6 mu         0.2   0.1 0.405 0.0641
 7 mu         0.2   0.2 0.462 0.0526
 8 mu         0.2   0.3 0.514 0.0481
 9 mu         0.2   0.4 0.536 0.0468
10 mu         0.2   0.5 0.610 0.0455
# ℹ 350 more rows
[1] ""
[1] "OR weights"
`summarise()` has grouped output by 'estimand'. You can override using the
`.groups` argument.
# A tibble: 27 × 6
# Groups:   estimand [3]
   estimand theta mean_value median_value min_value max_value
   <fct>    <dbl>      <dbl>        <dbl>     <dbl>     <dbl>
 1 mu         0.1      1.12         0.899   0.0115       4.93
 2 mu         0.2      1.03         0.976   0.181        2.52
 3 mu         0.3      0.993        0.948   0.523        1.50
 4 mu         0.4      0.988        0.990   0.697        1.48
 5 mu         0.5      0.988        0.982   0.709        1.32
 6 mu         0.6      0.985        0.999   0.749        1.19
 7 mu         0.7      0.993        0.989   0.770        1.16
 8 mu         0.8      1.02         1.01    0.775        1.34
 9 mu         0.9      1.02         1.04    0.613        1.41
10 mu_1       0.1      1.09         0.951   0.0353       3.79
11 mu_1       0.2      1.00         0.946   0.296        1.87
12 mu_1       0.3      0.988        0.936   0.648        1.48
13 mu_1       0.4      0.988        0.996   0.683        1.44
14 mu_1       0.5      0.988        0.982   0.691        1.30
15 mu_1       0.6      0.985        0.998   0.749        1.19
16 mu_1       0.7      0.995        0.997   0.788        1.19
17 mu_1       0.8      1.02         1.01    0.767        1.35
18 mu_1       0.9      1.02         1.04    0.605        1.43
19 mu_0       0.1      1.13         0.880   0.00884      5.08
20 mu_0       0.2      1.04         0.975   0.152        2.69
21 mu_0       0.3      0.995        0.964   0.470        1.59
22 mu_0       0.4      0.988        0.981   0.686        1.52
23 mu_0       0.5      0.989        0.975   0.705        1.35
24 mu_0       0.6      0.985        0.995   0.696        1.23
25 mu_0       0.7      0.986        0.988   0.728        1.15
26 mu_0       0.8      1.01         1.01    0.741        1.28
27 mu_0       0.9      1.03         1.02    0.631        1.45
[1] ""
[1] "IPCW weights"
`summarise()` has grouped output by 'estimand'. You can override using the
`.groups` argument.
# A tibble: 27 × 6
# Groups:   estimand [3]
   estimand theta mean_value  median_value min_value max_value
   <fct>    <dbl>      <dbl>         <dbl>     <dbl>     <dbl>
 1 mu         0.1      0.525 0.00000000365  6.22e-19     26.7 
 2 mu         0.2      0.977 0.0000295      6.52e-13     28.8 
 3 mu         0.3      1.13  0.00387        2.17e- 9     10.0 
 4 mu         0.4      1.13  0.0861         6.83e- 7      5.65
 5 mu         0.5      1.07  0.453          5.93e- 5      4.58
 6 mu         0.6      1.03  0.684          2.27e- 3      3.74
 7 mu         0.7      1.04  0.915          5.57e- 5      3.70
 8 mu         0.8      1.17  0.943          8.44e- 8      4.36
 9 mu         0.9      1.25  0.0924         9.17e-13      9.25
10 mu_1       0.1      0.847 0.0000000256   6.22e-18     40.0 
11 mu_1       0.2      1.08  0.000103       3.26e-12     21.6 
12 mu_1       0.3      1.15  0.00902        7.22e- 9      8.61
13 mu_1       0.4      1.11  0.151          1.71e- 6      5.14
14 mu_1       0.5      1.06  0.628          1.19e- 4      4.12
15 mu_1       0.6      1.02  0.574          1.17e- 3      4.05
16 mu_1       0.7      1.06  0.927          1.19e- 5      3.49
17 mu_1       0.8      1.18  0.921          1.58e- 8      4.90
18 mu_1       0.9      1.24  0.0719         1.53e-13      9.77
19 mu_0       0.1      0.489 0.00000000122  0            25.2 
20 mu_0       0.2      0.953 0.0000111      0            30.6 
21 mu_0       0.3      1.12  0.00166        0            12.2 
22 mu_0       0.4      1.13  0.0430         0             6.52
23 mu_0       0.5      1.09  0.294          0             5.04
24 mu_0       0.6      1.04  0.654          0             3.72
25 mu_0       0.7      1.02  0.789          0             4.32
26 mu_0       0.8      1.10  0.789          0             3.98
27 mu_0       0.9      1.30  0.210          0             9.08
[1] "Total run time was 315.234 seconds"
