
Attaching package: ‘dplyr’

The following objects are masked from ‘package:stats’:

    filter, lag

The following objects are masked from ‘package:base’:

    intersect, setdiff, setequal, union

Loading required package: foreach
Loading required package: iterators
Loading required package: parallel

 randomForestSRC 3.2.2 
 
 Type rfsrc.news() to see new features, changes, and bug fixes. 
 

── Attaching core tidyverse packages ──────────────────────── tidyverse 2.0.0 ──
✔ forcats   1.0.0     ✔ readr     2.1.4
✔ ggplot2   3.3.6     ✔ stringr   1.5.1
✔ lubridate 1.9.3     ✔ tibble    3.2.1
✔ purrr     0.3.5     ✔ tidyr     1.2.1
── Conflicts ────────────────────────────────────────── tidyverse_conflicts() ──
✖ purrr::accumulate() masks foreach::accumulate()
✖ tidyr::extract()    masks dbarts::extract()
✖ dplyr::filter()     masks stats::filter()
✖ dplyr::lag()        masks stats::lag()
✖ purrr::partial()    masks randomForestSRC::partial()
✖ purrr::when()       masks foreach::when()
ℹ Use the [conflicted package](http://conflicted.r-lib.org/) to force all conflicts to become errors
[1] "[Analysis setting]"
[1] "n.cpus: 8"
[1] "method: nonpara"
[1] "taus: 0.1, 0.2, 0.3, 0.4, 0.5"
[1] "thetas: 0.1, 0.2, 0.3, 0.4, 0.5, 0.6, 0.7, 0.8, 0.9"
[1] "r: 100"
[1] "m: 100"
[1] "N_total: 2000"
[1] "cluster size dist'n: "

 20 
100 
[1] "observed time summary: "
   Min. 1st Qu.  Median    Mean 3rd Qu.    Max. 
0.00000 0.02623 0.33661 0.60333 1.00000 4.31698 
[1] "event indicator table: "

   0    1 
1213  787 
[1] "treatment indicator table: "

   0    1 
 744 1256 
[1] ""
[1] "Estimation start"
[1] "   Split: 1"
Note: Using an external vector in selections is ambiguous.
ℹ Use `all_of(X.T.names)` instead of `X.T.names` to silence this message.
ℹ See <https://tidyselect.r-lib.org/reference/faq-external-vector.html>.
This message is displayed once per session.
Note: Using an external vector in selections is ambiguous.
ℹ Use `all_of(X.C.names)` instead of `X.C.names` to silence this message.
ℹ See <https://tidyselect.r-lib.org/reference/faq-external-vector.html>.
This message is displayed once per session.
Note: Using an external vector in selections is ambiguous.
ℹ Use `all_of(X.A.names)` instead of `X.A.names` to silence this message.
ℹ See <https://tidyselect.r-lib.org/reference/faq-external-vector.html>.
This message is displayed once per session.

Running BART with binary y

number of trees: 25
number of chains: 1, number of threads 1
tree thinning rate: 1
Prior:
	prior on k: chi with 1.250000 degrees of freedom and inf scale
	power and base for tree prior: 2.000000 0.950000
	use quantiles for rule cut points: false
	proposal probabilities: birth/death 0.50, swap 0.10, change 0.40; birth 0.50
data:
	number of training observations: 1000
	number of test observations: 0
	number of explanatory variables: 15

Cutoff rules c in x<=c vs x>c
Number of cutoffs: (var: number of possible c):
(1: 100) (2: 100) (3: 100) (4: 100) (5: 100) 
(6: 100) (7: 100) (8: 100) (9: 100) (10: 100) 
(11: 100) (12: 100) (13: 100) (14: 100) (15: 100) 

[1] "     Cluster: 2"
[1] "     Cluster: 3"
[1] "     Cluster: 5"
[1] "     Cluster: 8"
[1] "     Cluster: 10"
[1] "     Cluster: 13"
[1] "     Cluster: 15"
[1] "     Cluster: 23"
[1] "     Cluster: 25"
[1] "     Cluster: 26"
[1] "     Cluster: 27"
[1] "     Cluster: 28"
[1] "     Cluster: 29"
[1] "     Cluster: 30"
[1] "     Cluster: 32"
[1] "     Cluster: 33"
[1] "     Cluster: 35"
[1] "     Cluster: 36"
[1] "     Cluster: 37"
[1] "     Cluster: 38"
[1] "     Cluster: 39"
[1] "     Cluster: 41"
[1] "     Cluster: 42"
[1] "     Cluster: 43"
[1] "     Cluster: 45"
[1] "     Cluster: 47"
[1] "     Cluster: 48"
[1] "     Cluster: 50"
[1] "     Cluster: 51"
[1] "     Cluster: 52"
[1] "     Cluster: 53"
[1] "     Cluster: 59"
[1] "     Cluster: 60"
[1] "     Cluster: 64"
[1] "     Cluster: 67"
[1] "     Cluster: 69"
[1] "     Cluster: 70"
[1] "     Cluster: 73"
[1] "     Cluster: 75"
[1] "     Cluster: 76"
[1] "     Cluster: 77"
[1] "     Cluster: 80"
[1] "     Cluster: 82"
[1] "     Cluster: 84"
[1] "     Cluster: 88"
[1] "     Cluster: 90"
[1] "     Cluster: 91"
[1] "     Cluster: 94"
[1] "     Cluster: 97"
[1] "     Cluster: 98"
[1] "   Split: 2"

Running BART with binary y

number of trees: 25
number of chains: 1, number of threads 1
tree thinning rate: 1
Prior:
	prior on k: chi with 1.250000 degrees of freedom and inf scale
	power and base for tree prior: 2.000000 0.950000
	use quantiles for rule cut points: false
	proposal probabilities: birth/death 0.50, swap 0.10, change 0.40; birth 0.50
data:
	number of training observations: 1000
	number of test observations: 0
	number of explanatory variables: 15

Cutoff rules c in x<=c vs x>c
Number of cutoffs: (var: number of possible c):
(1: 100) (2: 100) (3: 100) (4: 100) (5: 100) 
(6: 100) (7: 100) (8: 100) (9: 100) (10: 100) 
(11: 100) (12: 100) (13: 100) (14: 100) (15: 100) 

[1] "     Cluster: 1"
[1] "     Cluster: 4"
[1] "     Cluster: 6"
[1] "     Cluster: 7"
[1] "     Cluster: 9"
[1] "     Cluster: 11"
[1] "     Cluster: 12"
[1] "     Cluster: 14"
[1] "     Cluster: 16"
[1] "     Cluster: 17"
[1] "     Cluster: 18"
[1] "     Cluster: 19"
[1] "     Cluster: 20"
[1] "     Cluster: 21"
[1] "     Cluster: 22"
[1] "     Cluster: 24"
[1] "     Cluster: 31"
[1] "     Cluster: 34"
[1] "     Cluster: 40"
[1] "     Cluster: 44"
[1] "     Cluster: 46"
[1] "     Cluster: 49"
[1] "     Cluster: 54"
[1] "     Cluster: 55"
[1] "     Cluster: 56"
[1] "     Cluster: 57"
[1] "     Cluster: 58"
[1] "     Cluster: 61"
[1] "     Cluster: 62"
[1] "     Cluster: 63"
[1] "     Cluster: 65"
[1] "     Cluster: 66"
[1] "     Cluster: 68"
[1] "     Cluster: 71"
[1] "     Cluster: 72"
[1] "     Cluster: 74"
[1] "     Cluster: 78"
[1] "     Cluster: 79"
[1] "     Cluster: 81"
[1] "     Cluster: 83"
[1] "     Cluster: 85"
[1] "     Cluster: 86"
[1] "     Cluster: 87"
[1] "     Cluster: 89"
[1] "     Cluster: 92"
[1] "     Cluster: 93"
[1] "     Cluster: 95"
[1] "     Cluster: 96"
[1] "     Cluster: 99"
[1] "     Cluster: 100"
[1] ""
[1] "IF for proposed nonparametric estimator computed."
`summarise()` has grouped output by 'theta', 'tau'. You can override using the
`.groups` argument.
`summarise()` has grouped output by 'theta'. You can override using the
`.groups` argument.
`summarise()` has grouped output by 'theta', 'tau'. You can override using the
`.groups` argument.
`summarise()` has grouped output by 'theta'. You can override using the
`.groups` argument.
`summarise()` has grouped output by 'theta', 'tau'. You can override using the
`.groups` argument.
`summarise()` has grouped output by 'theta'. You can override using the
`.groups` argument.
`summarise()` has grouped output by 'theta', 'tau'. You can override using the
`.groups` argument.
`summarise()` has grouped output by 'theta'. You can override using the
`.groups` argument.
`summarise()` has grouped output by 'theta', 'tau'. You can override using the
`.groups` argument.
`summarise()` has grouped output by 'theta'. You can override using the
`.groups` argument.
`summarise()` has grouped output by 'theta', 'tau'. You can override using the
`.groups` argument.
`summarise()` has grouped output by 'theta'. You can override using the
`.groups` argument.
`summarise()` has grouped output by 'theta', 'tau'. You can override using the
`.groups` argument.
`summarise()` has grouped output by 'theta'. You can override using the
`.groups` argument.
`summarise()` has grouped output by 'theta', 'tau'. You can override using the
`.groups` argument.
`summarise()` has grouped output by 'theta'. You can override using the
`.groups` argument.
[1] ""
[1] "Total run time was 163.714 seconds"
[1] "Estimation result: "
# A tibble: 360 × 5
   estimand theta   tau   est     se
   <chr>    <dbl> <dbl> <dbl>  <dbl>
 1 mu         0.1   0.1 0.354 0.114 
 2 mu         0.1   0.2 0.450 0.139 
 3 mu         0.1   0.3 0.469 0.159 
 4 mu         0.1   0.4 0.520 0.138 
 5 mu         0.1   0.5 0.581 0.121 
 6 mu         0.2   0.1 0.333 0.0636
 7 mu         0.2   0.2 0.425 0.0754
 8 mu         0.2   0.3 0.460 0.0839
 9 mu         0.2   0.4 0.500 0.0741
10 mu         0.2   0.5 0.555 0.0668
# ℹ 350 more rows
[1] ""
[1] "OR weights"
`summarise()` has grouped output by 'estimand'. You can override using the
`.groups` argument.
# A tibble: 27 × 6
# Groups:   estimand [3]
   estimand theta mean_value median_value min_value max_value
   <fct>    <dbl>      <dbl>        <dbl>     <dbl>     <dbl>
 1 mu         0.1      0.958        0.799    0.0213      3.58
 2 mu         0.2      0.966        0.924    0.221       2.08
 3 mu         0.3      0.992        0.962    0.497       1.65
 4 mu         0.4      1.00         0.984    0.614       1.46
 5 mu         0.5      1.00         0.994    0.759       1.41
 6 mu         0.6      1.00         0.998    0.803       1.31
 7 mu         0.7      1.00         1.00     0.773       1.19
 8 mu         0.8      0.987        0.988    0.708       1.32
 9 mu         0.9      0.981        0.973    0.515       1.56
10 mu_1       0.1      0.932        0.822    0.0599      3.14
11 mu_1       0.2      0.979        0.946    0.323       1.87
12 mu_1       0.3      0.998        0.973    0.497       1.58
13 mu_1       0.4      1.00         0.991    0.672       1.53
14 mu_1       0.5      1.00         0.999    0.775       1.34
15 mu_1       0.6      1.00         1.00     0.785       1.32
16 mu_1       0.7      0.999        1.00     0.776       1.21
17 mu_1       0.8      0.986        0.983    0.687       1.35
18 mu_1       0.9      0.981        0.980    0.494       1.60
19 mu_0       0.1      0.960        0.772    0.0171      3.95
20 mu_0       0.2      0.963        0.923    0.195       2.20
21 mu_0       0.3      0.989        0.956    0.468       1.68
22 mu_0       0.4      1.00         0.986    0.572       1.45
23 mu_0       0.5      1.00         0.994    0.718       1.48
24 mu_0       0.6      1.00         1.00     0.803       1.31
25 mu_0       0.7      1.00         1.00     0.767       1.27
26 mu_0       0.8      0.993        1.00     0.754       1.26
27 mu_0       0.9      0.979        0.970    0.474       1.55
[1] ""
[1] "IPCW weights"
`summarise()` has grouped output by 'estimand'. You can override using the
`.groups` argument.
# A tibble: 27 × 6
# Groups:   estimand [3]
   estimand theta mean_value median_value min_value max_value
   <fct>    <dbl>      <dbl>        <dbl>     <dbl>     <dbl>
 1 mu         0.1      0.318  0.000000674  3.44e-19     17.3 
 2 mu         0.2      0.867  0.00108      3.61e-13     18.7 
 3 mu         0.3      1.09   0.0480       1.20e- 9     13.6 
 4 mu         0.4      1.17   0.441        3.78e- 7      6.99
 5 mu         0.5      1.26   0.818        3.28e- 5      4.04
 6 mu         0.6      1.24   1.03         1.26e- 3      4.75
 7 mu         0.7      1.08   0.922        4.59e- 5      5.71
 8 mu         0.8      1.03   0.397        6.96e- 8      3.84
 9 mu         0.9      1.22   0.00779      7.56e-13     11.8 
10 mu_1       0.1      0.587  0.00000404   3.44e-18     25.9 
11 mu_1       0.2      1.03   0.00323      1.80e-12     16.6 
12 mu_1       0.3      1.12   0.0960       4.00e- 9     11.4 
13 mu_1       0.4      1.19   0.646        9.46e- 7      6.05
14 mu_1       0.5      1.28   0.711        6.56e- 5      3.99
15 mu_1       0.6      1.22   0.907        9.62e- 4      4.75
16 mu_1       0.7      1.06   0.881        9.84e- 6      5.71
17 mu_1       0.8      1.04   0.330        1.30e- 8      4.32
18 mu_1       0.9      1.23   0.00520      1.26e-13     12.5 
19 mu_0       0.1      0.288  0.000000300  0            16.3 
20 mu_0       0.2      0.827  0.000538     0            19.9 
21 mu_0       0.3      1.08   0.0274       0            14.6 
22 mu_0       0.4      1.15   0.294        0             8.15
23 mu_0       0.5      1.25   0.677        0             4.85
24 mu_0       0.6      1.28   1.11         0             4.75
25 mu_0       0.7      1.14   0.901        0             5.71
26 mu_0       0.8      0.998  0.537        0             4.87
27 mu_0       0.9      1.11   0.0211       0             8.00
[1] "Total run time was 167.518 seconds"
