
Attaching package: ‘dplyr’

The following objects are masked from ‘package:stats’:

    filter, lag

The following objects are masked from ‘package:base’:

    intersect, setdiff, setequal, union

Loading required package: foreach
Loading required package: iterators
Loading required package: parallel

 randomForestSRC 3.2.2 
 
 Type rfsrc.news() to see new features, changes, and bug fixes. 
 

── Attaching core tidyverse packages ──────────────────────── tidyverse 2.0.0 ──
✔ forcats   1.0.0     ✔ readr     2.1.4
✔ ggplot2   3.3.6     ✔ stringr   1.5.1
✔ lubridate 1.9.3     ✔ tibble    3.2.1
✔ purrr     0.3.5     ✔ tidyr     1.2.1
── Conflicts ────────────────────────────────────────── tidyverse_conflicts() ──
✖ purrr::accumulate() masks foreach::accumulate()
✖ tidyr::extract()    masks dbarts::extract()
✖ dplyr::filter()     masks stats::filter()
✖ dplyr::lag()        masks stats::lag()
✖ purrr::partial()    masks randomForestSRC::partial()
✖ purrr::when()       masks foreach::when()
ℹ Use the [conflicted package](http://conflicted.r-lib.org/) to force all conflicts to become errors
[1] "[Analysis setting]"
[1] "n.cpus: 8"
[1] "method: nonpara"
[1] "taus: 0.1, 0.2, 0.3, 0.4, 0.5"
[1] "thetas: 0.1, 0.2, 0.3, 0.4, 0.5, 0.6, 0.7, 0.8, 0.9"
[1] "r: 100"
[1] "m: 100"
[1] "N_total: 2000"
[1] "cluster size dist'n: "

 20 
100 
[1] "observed time summary: "
   Min. 1st Qu.  Median    Mean 3rd Qu.    Max. 
0.00000 0.02779 0.35065 0.63300 1.00000 6.00000 
[1] "event indicator table: "

   0    1 
1182  818 
[1] "treatment indicator table: "

   0    1 
 738 1262 
[1] ""
[1] "Estimation start"
[1] "   Split: 1"
Note: Using an external vector in selections is ambiguous.
ℹ Use `all_of(X.T.names)` instead of `X.T.names` to silence this message.
ℹ See <https://tidyselect.r-lib.org/reference/faq-external-vector.html>.
This message is displayed once per session.
Note: Using an external vector in selections is ambiguous.
ℹ Use `all_of(X.C.names)` instead of `X.C.names` to silence this message.
ℹ See <https://tidyselect.r-lib.org/reference/faq-external-vector.html>.
This message is displayed once per session.
Note: Using an external vector in selections is ambiguous.
ℹ Use `all_of(X.A.names)` instead of `X.A.names` to silence this message.
ℹ See <https://tidyselect.r-lib.org/reference/faq-external-vector.html>.
This message is displayed once per session.

Running BART with binary y

number of trees: 25
number of chains: 1, number of threads 1
tree thinning rate: 1
Prior:
	prior on k: chi with 1.250000 degrees of freedom and inf scale
	power and base for tree prior: 2.000000 0.950000
	use quantiles for rule cut points: false
	proposal probabilities: birth/death 0.50, swap 0.10, change 0.40; birth 0.50
data:
	number of training observations: 1000
	number of test observations: 0
	number of explanatory variables: 15

Cutoff rules c in x<=c vs x>c
Number of cutoffs: (var: number of possible c):
(1: 100) (2: 100) (3: 100) (4: 100) (5: 100) 
(6: 100) (7: 100) (8: 100) (9: 100) (10: 100) 
(11: 100) (12: 100) (13: 100) (14: 100) (15: 100) 

[1] "     Cluster: 2"
[1] "     Cluster: 5"
[1] "     Cluster: 6"
[1] "     Cluster: 7"
[1] "     Cluster: 8"
[1] "     Cluster: 9"
[1] "     Cluster: 12"
[1] "     Cluster: 13"
[1] "     Cluster: 14"
[1] "     Cluster: 18"
[1] "     Cluster: 19"
[1] "     Cluster: 20"
[1] "     Cluster: 22"
[1] "     Cluster: 23"
[1] "     Cluster: 24"
[1] "     Cluster: 25"
[1] "     Cluster: 26"
[1] "     Cluster: 27"
[1] "     Cluster: 28"
[1] "     Cluster: 31"
[1] "     Cluster: 33"
[1] "     Cluster: 37"
[1] "     Cluster: 40"
[1] "     Cluster: 41"
[1] "     Cluster: 44"
[1] "     Cluster: 46"
[1] "     Cluster: 47"
[1] "     Cluster: 54"
[1] "     Cluster: 59"
[1] "     Cluster: 61"
[1] "     Cluster: 64"
[1] "     Cluster: 66"
[1] "     Cluster: 68"
[1] "     Cluster: 70"
[1] "     Cluster: 72"
[1] "     Cluster: 73"
[1] "     Cluster: 74"
[1] "     Cluster: 75"
[1] "     Cluster: 77"
[1] "     Cluster: 80"
[1] "     Cluster: 82"
[1] "     Cluster: 83"
[1] "     Cluster: 85"
[1] "     Cluster: 90"
[1] "     Cluster: 91"
[1] "     Cluster: 93"
[1] "     Cluster: 95"
[1] "     Cluster: 96"
[1] "     Cluster: 97"
[1] "     Cluster: 98"
[1] "   Split: 2"

Running BART with binary y

number of trees: 25
number of chains: 1, number of threads 1
tree thinning rate: 1
Prior:
	prior on k: chi with 1.250000 degrees of freedom and inf scale
	power and base for tree prior: 2.000000 0.950000
	use quantiles for rule cut points: false
	proposal probabilities: birth/death 0.50, swap 0.10, change 0.40; birth 0.50
data:
	number of training observations: 1000
	number of test observations: 0
	number of explanatory variables: 15

Cutoff rules c in x<=c vs x>c
Number of cutoffs: (var: number of possible c):
(1: 100) (2: 100) (3: 100) (4: 100) (5: 100) 
(6: 100) (7: 100) (8: 100) (9: 100) (10: 100) 
(11: 100) (12: 100) (13: 100) (14: 100) (15: 100) 

[1] "     Cluster: 1"
[1] "     Cluster: 3"
[1] "     Cluster: 4"
[1] "     Cluster: 10"
[1] "     Cluster: 11"
[1] "     Cluster: 15"
[1] "     Cluster: 16"
[1] "     Cluster: 17"
[1] "     Cluster: 21"
[1] "     Cluster: 29"
[1] "     Cluster: 30"
[1] "     Cluster: 32"
[1] "     Cluster: 34"
[1] "     Cluster: 35"
[1] "     Cluster: 36"
[1] "     Cluster: 38"
[1] "     Cluster: 39"
[1] "     Cluster: 42"
[1] "     Cluster: 43"
[1] "     Cluster: 45"
[1] "     Cluster: 48"
[1] "     Cluster: 49"
[1] "     Cluster: 50"
[1] "     Cluster: 51"
[1] "     Cluster: 52"
[1] "     Cluster: 53"
[1] "     Cluster: 55"
[1] "     Cluster: 56"
[1] "     Cluster: 57"
[1] "     Cluster: 58"
[1] "     Cluster: 60"
[1] "     Cluster: 62"
[1] "     Cluster: 63"
[1] "     Cluster: 65"
[1] "     Cluster: 67"
[1] "     Cluster: 69"
[1] "     Cluster: 71"
[1] "     Cluster: 76"
[1] "     Cluster: 78"
[1] "     Cluster: 79"
[1] "     Cluster: 81"
[1] "     Cluster: 84"
[1] "     Cluster: 86"
[1] "     Cluster: 87"
[1] "     Cluster: 88"
[1] "     Cluster: 89"
[1] "     Cluster: 92"
[1] "     Cluster: 94"
[1] "     Cluster: 99"
[1] "     Cluster: 100"
[1] ""
[1] "IF for proposed nonparametric estimator computed."
`summarise()` has grouped output by 'theta', 'tau'. You can override using the
`.groups` argument.
`summarise()` has grouped output by 'theta'. You can override using the
`.groups` argument.
`summarise()` has grouped output by 'theta', 'tau'. You can override using the
`.groups` argument.
`summarise()` has grouped output by 'theta'. You can override using the
`.groups` argument.
`summarise()` has grouped output by 'theta', 'tau'. You can override using the
`.groups` argument.
`summarise()` has grouped output by 'theta'. You can override using the
`.groups` argument.
`summarise()` has grouped output by 'theta', 'tau'. You can override using the
`.groups` argument.
`summarise()` has grouped output by 'theta'. You can override using the
`.groups` argument.
`summarise()` has grouped output by 'theta', 'tau'. You can override using the
`.groups` argument.
`summarise()` has grouped output by 'theta'. You can override using the
`.groups` argument.
`summarise()` has grouped output by 'theta', 'tau'. You can override using the
`.groups` argument.
`summarise()` has grouped output by 'theta'. You can override using the
`.groups` argument.
`summarise()` has grouped output by 'theta', 'tau'. You can override using the
`.groups` argument.
`summarise()` has grouped output by 'theta'. You can override using the
`.groups` argument.
`summarise()` has grouped output by 'theta', 'tau'. You can override using the
`.groups` argument.
`summarise()` has grouped output by 'theta'. You can override using the
`.groups` argument.
[1] ""
[1] "Total run time was 203.356 seconds"
[1] "Estimation result: "
# A tibble: 360 × 5
   estimand theta   tau   est    se
   <chr>    <dbl> <dbl> <dbl> <dbl>
 1 mu         0.1   0.1 0.238 0.115
 2 mu         0.1   0.2 0.259 0.143
 3 mu         0.1   0.3 0.295 0.152
 4 mu         0.1   0.4 0.316 0.162
 5 mu         0.1   0.5 0.346 0.175
 6 mu         0.2   0.1 0.340 0.114
 7 mu         0.2   0.2 0.387 0.139
 8 mu         0.2   0.3 0.443 0.157
 9 mu         0.2   0.4 0.482 0.169
10 mu         0.2   0.5 0.531 0.181
# ℹ 350 more rows
[1] ""
[1] "OR weights"
`summarise()` has grouped output by 'estimand'. You can override using the
`.groups` argument.
# A tibble: 27 × 6
# Groups:   estimand [3]
   estimand theta mean_value median_value  min_value max_value
   <fct>    <dbl>      <dbl>        <dbl>      <dbl>     <dbl>
 1 mu         0.1      0.797       0.110  0.0000126      31.3 
 2 mu         0.2      1.08        0.659  0.00473        35.2 
 3 mu         0.3      1.03        0.883  0.0886         13.9 
 4 mu         0.4      0.998       0.961  0.372           3.76
 5 mu         0.5      0.995       0.992  0.668           1.60
 6 mu         0.6      0.992       0.989  0.782           1.30
 7 mu         0.7      0.988       0.982  0.812           1.19
 8 mu         0.8      0.989       0.990  0.465           1.89
 9 mu         0.9      0.967       0.971  0.0964          3.65
10 mu_1       0.1      1.05        0.285  0.0000637      47.3 
11 mu_1       0.2      1.09        0.802  0.0122         27.3 
12 mu_1       0.3      1.01        0.911  0.149           7.99
13 mu_1       0.4      0.994       0.976  0.487           2.52
14 mu_1       0.5      0.995       0.999  0.686           1.35
15 mu_1       0.6      0.991       0.989  0.770           1.29
16 mu_1       0.7      0.988       0.980  0.782           1.21
17 mu_1       0.8      0.989       0.986  0.423           2.01
18 mu_1       0.9      0.963       0.963  0.0835          3.74
19 mu_0       0.1      0.769       0.0908 0.00000687     29.6 
20 mu_0       0.2      1.08        0.617  0.00287        37.2 
21 mu_0       0.3      1.04        0.882  0.0602         16.4 
22 mu_0       0.4      1.00        0.952  0.295           4.71
23 mu_0       0.5      0.995       0.987  0.634           1.85
24 mu_0       0.6      0.993       0.988  0.739           1.31
25 mu_0       0.7      0.988       0.988  0.760           1.25
26 mu_0       0.8      0.989       0.971  0.631           1.39
27 mu_0       0.9      1.00        0.996  0.213           2.87
[1] ""
[1] "IPCW weights"
`summarise()` has grouped output by 'estimand'. You can override using the
`.groups` argument.
# A tibble: 27 × 6
# Groups:   estimand [3]
   estimand theta mean_value median_value min_value max_value
   <fct>    <dbl>      <dbl>        <dbl>     <dbl>     <dbl>
 1 mu         0.1      3.24  0.000000196   2.74e-17    224.  
 2 mu         0.2     11.0   0.000363      1.28e-11    545.  
 3 mu         0.3      9.54  0.0190        2.47e- 8    503.  
 4 mu         0.4      4.33  0.209         5.01e- 6    210.  
 5 mu         0.5      1.73  0.750         2.90e- 4     41.5 
 6 mu         0.6      1.10  1.06          7.41e- 3      4.19
 7 mu         0.7      1.15  0.801         3.34e- 4     15.4 
 8 mu         0.8      2.68  0.341         8.69e- 7    130.  
 9 mu         0.9      8.92  0.00879       2.12e-11    608.  
10 mu_1       0.1      6.96  0.00000119    2.60e-16    448.  
11 mu_1       0.2     12.5   0.00111       6.06e-11    613.  
12 mu_1       0.3      7.74  0.0391        7.83e- 8    419.  
13 mu_1       0.4      3.07  0.326         1.19e- 5    131.  
14 mu_1       0.5      1.41  0.941         5.51e- 4     20.8 
15 mu_1       0.6      1.05  0.987         6.00e- 3      3.49
16 mu_1       0.7      1.22  0.818         9.56e- 5     20.9 
17 mu_1       0.8      3.01  0.266         2.17e- 7    154.  
18 mu_1       0.9      9.35  0.00619       4.72e-12    642.  
19 mu_0       0.1      2.83  0.0000000858  1.52e-18    199.  
20 mu_0       0.2     10.6   0.000176      7.97e-13    545.  
21 mu_0       0.3     10.3   0.0104        1.77e- 9    539.  
22 mu_0       0.4      5.16  0.131         4.18e- 7    262.  
23 mu_0       0.5      2.05  0.582         2.90e- 5     62.3 
24 mu_0       0.6      1.16  1.05          9.26e- 4      6.82
25 mu_0       0.7      0.993 0.918         8.92e- 4      3.74
26 mu_0       0.8      1.38  0.603         3.47e- 6     32.4 
27 mu_0       0.9      5.02  0.0322        1.70e-10    304.  
[1] "Total run time was 207.551 seconds"
