
Attaching package: ‘dplyr’

The following objects are masked from ‘package:stats’:

    filter, lag

The following objects are masked from ‘package:base’:

    intersect, setdiff, setequal, union

Loading required package: foreach
Loading required package: iterators
Loading required package: parallel

 randomForestSRC 3.2.2 
 
 Type rfsrc.news() to see new features, changes, and bug fixes. 
 

── Attaching core tidyverse packages ──────────────────────── tidyverse 2.0.0 ──
✔ forcats   1.0.0     ✔ readr     2.1.4
✔ ggplot2   3.3.6     ✔ stringr   1.5.1
✔ lubridate 1.9.3     ✔ tibble    3.2.1
✔ purrr     0.3.5     ✔ tidyr     1.2.1
── Conflicts ────────────────────────────────────────── tidyverse_conflicts() ──
✖ purrr::accumulate() masks foreach::accumulate()
✖ tidyr::extract()    masks dbarts::extract()
✖ dplyr::filter()     masks stats::filter()
✖ dplyr::lag()        masks stats::lag()
✖ purrr::partial()    masks randomForestSRC::partial()
✖ purrr::when()       masks foreach::when()
ℹ Use the [conflicted package](http://conflicted.r-lib.org/) to force all conflicts to become errors
[1] "[Analysis setting]"
[1] "n.cpus: 8"
[1] "method: nonpara"
[1] "taus: 0.1, 0.2, 0.3, 0.4, 0.5"
[1] "thetas: 0.1, 0.2, 0.3, 0.4, 0.5, 0.6, 0.7, 0.8, 0.9"
[1] "r: 100"
[1] "m: 100"
[1] "N_total: 2000"
[1] "cluster size dist'n: "

 20 
100 
[1] "observed time summary: "
   Min. 1st Qu.  Median    Mean 3rd Qu.    Max. 
0.00000 0.04449 0.33654 0.60232 1.00000 5.10843 
[1] "event indicator table: "

   0    1 
1207  793 
[1] "treatment indicator table: "

   0    1 
 745 1255 
[1] ""
[1] "Estimation start"
[1] "   Split: 1"
Note: Using an external vector in selections is ambiguous.
ℹ Use `all_of(X.T.names)` instead of `X.T.names` to silence this message.
ℹ See <https://tidyselect.r-lib.org/reference/faq-external-vector.html>.
This message is displayed once per session.
Note: Using an external vector in selections is ambiguous.
ℹ Use `all_of(X.C.names)` instead of `X.C.names` to silence this message.
ℹ See <https://tidyselect.r-lib.org/reference/faq-external-vector.html>.
This message is displayed once per session.
Note: Using an external vector in selections is ambiguous.
ℹ Use `all_of(X.A.names)` instead of `X.A.names` to silence this message.
ℹ See <https://tidyselect.r-lib.org/reference/faq-external-vector.html>.
This message is displayed once per session.

Running BART with binary y

number of trees: 25
number of chains: 1, number of threads 1
tree thinning rate: 1
Prior:
	prior on k: chi with 1.250000 degrees of freedom and inf scale
	power and base for tree prior: 2.000000 0.950000
	use quantiles for rule cut points: false
	proposal probabilities: birth/death 0.50, swap 0.10, change 0.40; birth 0.50
data:
	number of training observations: 1000
	number of test observations: 0
	number of explanatory variables: 15

Cutoff rules c in x<=c vs x>c
Number of cutoffs: (var: number of possible c):
(1: 100) (2: 100) (3: 100) (4: 100) (5: 100) 
(6: 100) (7: 100) (8: 100) (9: 100) (10: 100) 
(11: 100) (12: 100) (13: 100) (14: 100) (15: 100) 

[1] "     Cluster: 2"
[1] "     Cluster: 5"
[1] "     Cluster: 6"
[1] "     Cluster: 7"
[1] "     Cluster: 11"
[1] "     Cluster: 12"
[1] "     Cluster: 13"
[1] "     Cluster: 15"
[1] "     Cluster: 16"
[1] "     Cluster: 17"
[1] "     Cluster: 18"
[1] "     Cluster: 24"
[1] "     Cluster: 25"
[1] "     Cluster: 28"
[1] "     Cluster: 29"
[1] "     Cluster: 30"
[1] "     Cluster: 31"
[1] "     Cluster: 33"
[1] "     Cluster: 34"
[1] "     Cluster: 35"
[1] "     Cluster: 37"
[1] "     Cluster: 43"
[1] "     Cluster: 46"
[1] "     Cluster: 47"
[1] "     Cluster: 51"
[1] "     Cluster: 52"
[1] "     Cluster: 53"
[1] "     Cluster: 54"
[1] "     Cluster: 55"
[1] "     Cluster: 56"
[1] "     Cluster: 63"
[1] "     Cluster: 64"
[1] "     Cluster: 69"
[1] "     Cluster: 71"
[1] "     Cluster: 72"
[1] "     Cluster: 73"
[1] "     Cluster: 76"
[1] "     Cluster: 78"
[1] "     Cluster: 79"
[1] "     Cluster: 83"
[1] "     Cluster: 84"
[1] "     Cluster: 85"
[1] "     Cluster: 86"
[1] "     Cluster: 89"
[1] "     Cluster: 91"
[1] "     Cluster: 92"
[1] "     Cluster: 96"
[1] "     Cluster: 97"
[1] "     Cluster: 98"
[1] "     Cluster: 100"
[1] "   Split: 2"

Running BART with binary y

number of trees: 25
number of chains: 1, number of threads 1
tree thinning rate: 1
Prior:
	prior on k: chi with 1.250000 degrees of freedom and inf scale
	power and base for tree prior: 2.000000 0.950000
	use quantiles for rule cut points: false
	proposal probabilities: birth/death 0.50, swap 0.10, change 0.40; birth 0.50
data:
	number of training observations: 1000
	number of test observations: 0
	number of explanatory variables: 15

Cutoff rules c in x<=c vs x>c
Number of cutoffs: (var: number of possible c):
(1: 100) (2: 100) (3: 100) (4: 100) (5: 100) 
(6: 100) (7: 100) (8: 100) (9: 100) (10: 100) 
(11: 100) (12: 100) (13: 100) (14: 100) (15: 100) 

[1] "     Cluster: 1"
[1] "     Cluster: 3"
[1] "     Cluster: 4"
[1] "     Cluster: 8"
[1] "     Cluster: 9"
[1] "     Cluster: 10"
[1] "     Cluster: 14"
[1] "     Cluster: 19"
[1] "     Cluster: 20"
[1] "     Cluster: 21"
[1] "     Cluster: 22"
[1] "     Cluster: 23"
[1] "     Cluster: 26"
[1] "     Cluster: 27"
[1] "     Cluster: 32"
[1] "     Cluster: 36"
[1] "     Cluster: 38"
[1] "     Cluster: 39"
[1] "     Cluster: 40"
[1] "     Cluster: 41"
[1] "     Cluster: 42"
[1] "     Cluster: 44"
[1] "     Cluster: 45"
[1] "     Cluster: 48"
[1] "     Cluster: 49"
[1] "     Cluster: 50"
[1] "     Cluster: 57"
[1] "     Cluster: 58"
[1] "     Cluster: 59"
[1] "     Cluster: 60"
[1] "     Cluster: 61"
[1] "     Cluster: 62"
[1] "     Cluster: 65"
[1] "     Cluster: 66"
[1] "     Cluster: 67"
[1] "     Cluster: 68"
[1] "     Cluster: 70"
[1] "     Cluster: 74"
[1] "     Cluster: 75"
[1] "     Cluster: 77"
[1] "     Cluster: 80"
[1] "     Cluster: 81"
[1] "     Cluster: 82"
[1] "     Cluster: 87"
[1] "     Cluster: 88"
[1] "     Cluster: 90"
[1] "     Cluster: 93"
[1] "     Cluster: 94"
[1] "     Cluster: 95"
[1] "     Cluster: 99"
[1] ""
[1] "IF for proposed nonparametric estimator computed."
`summarise()` has grouped output by 'theta', 'tau'. You can override using the
`.groups` argument.
`summarise()` has grouped output by 'theta'. You can override using the
`.groups` argument.
`summarise()` has grouped output by 'theta', 'tau'. You can override using the
`.groups` argument.
`summarise()` has grouped output by 'theta'. You can override using the
`.groups` argument.
`summarise()` has grouped output by 'theta', 'tau'. You can override using the
`.groups` argument.
`summarise()` has grouped output by 'theta'. You can override using the
`.groups` argument.
`summarise()` has grouped output by 'theta', 'tau'. You can override using the
`.groups` argument.
`summarise()` has grouped output by 'theta'. You can override using the
`.groups` argument.
`summarise()` has grouped output by 'theta', 'tau'. You can override using the
`.groups` argument.
`summarise()` has grouped output by 'theta'. You can override using the
`.groups` argument.
`summarise()` has grouped output by 'theta', 'tau'. You can override using the
`.groups` argument.
`summarise()` has grouped output by 'theta'. You can override using the
`.groups` argument.
`summarise()` has grouped output by 'theta', 'tau'. You can override using the
`.groups` argument.
`summarise()` has grouped output by 'theta'. You can override using the
`.groups` argument.
`summarise()` has grouped output by 'theta', 'tau'. You can override using the
`.groups` argument.
`summarise()` has grouped output by 'theta'. You can override using the
`.groups` argument.
[1] ""
[1] "Total run time was 136.961 seconds"
[1] "Estimation result: "
# A tibble: 360 × 5
   estimand theta   tau   est     se
   <chr>    <dbl> <dbl> <dbl>  <dbl>
 1 mu         0.1   0.1 0.351 0.0876
 2 mu         0.1   0.2 0.423 0.131 
 3 mu         0.1   0.3 0.570 0.150 
 4 mu         0.1   0.4 0.647 0.143 
 5 mu         0.1   0.5 0.724 0.180 
 6 mu         0.2   0.1 0.315 0.0504
 7 mu         0.2   0.2 0.382 0.0691
 8 mu         0.2   0.3 0.519 0.0791
 9 mu         0.2   0.4 0.569 0.0728
10 mu         0.2   0.5 0.632 0.0954
# ℹ 350 more rows
[1] ""
[1] "OR weights"
`summarise()` has grouped output by 'estimand'. You can override using the
`.groups` argument.
# A tibble: 27 × 6
# Groups:   estimand [3]
   estimand theta mean_value median_value min_value max_value
   <fct>    <dbl>      <dbl>        <dbl>     <dbl>     <dbl>
 1 mu         0.1      1.25         0.588   0.00361     12.6 
 2 mu         0.2      1.07         0.902   0.123        3.27
 3 mu         0.3      0.994        1.01    0.429        1.94
 4 mu         0.4      0.980        0.952   0.516        1.41
 5 mu         0.5      0.990        0.981   0.722        1.25
 6 mu         0.6      1.01         1.02    0.827        1.19
 7 mu         0.7      1.01         1.01    0.836        1.15
 8 mu         0.8      0.995        0.989   0.711        1.22
 9 mu         0.9      1.01         1.01    0.467        1.73
10 mu_1       0.1      1.19         0.832   0.0129       6.44
11 mu_1       0.2      1.02         1.00    0.228        2.56
12 mu_1       0.3      0.982        0.999   0.453        1.72
13 mu_1       0.4      0.980        0.957   0.559        1.32
14 mu_1       0.5      0.994        0.990   0.784        1.24
15 mu_1       0.6      1.01         1.01    0.815        1.16
16 mu_1       0.7      1.01         1.01    0.838        1.16
17 mu_1       0.8      0.994        0.994   0.701        1.24
18 mu_1       0.9      1.01         1.01    0.437        1.77
19 mu_0       0.1      1.26         0.542   0.00258     13.3 
20 mu_0       0.2      1.09         0.889   0.0969       3.58
21 mu_0       0.3      0.999        0.999   0.419        2.06
22 mu_0       0.4      0.980        0.957   0.488        1.47
23 mu_0       0.5      0.986        0.985   0.660        1.27
24 mu_0       0.6      1.00         1.01    0.843        1.22
25 mu_0       0.7      1.01         1.01    0.806        1.16
26 mu_0       0.8      1.00         0.998   0.751        1.22
27 mu_0       0.9      0.982        0.942   0.570        1.46
[1] ""
[1] "IPCW weights"
`summarise()` has grouped output by 'estimand'. You can override using the
`.groups` argument.
# A tibble: 27 × 6
# Groups:   estimand [3]
   estimand theta mean_value median_value min_value max_value
   <fct>    <dbl>      <dbl>        <dbl>     <dbl>     <dbl>
 1 mu         0.1      0.159 0.0000000344  1.16e-18      8.97
 2 mu         0.2      0.771 0.000124      1.22e-12     23.1 
 3 mu         0.3      1.19  0.00945       4.06e- 9     23.7 
 4 mu         0.4      1.23  0.135         1.28e- 6      9.90
 5 mu         0.5      1.11  0.630         1.11e- 4      3.69
 6 mu         0.6      1.02  0.912         4.26e- 3      3.28
 7 mu         0.7      1.05  1.01          5.00e- 4      3.16
 8 mu         0.8      1.10  0.509         1.30e- 6      4.99
 9 mu         0.9      1.22  0.0184        3.18e-11     19.4 
10 mu_1       0.1      0.362 0.000000224   1.16e-17     17.9 
11 mu_1       0.2      1.02  0.000402      6.11e-12     28.9 
12 mu_1       0.3      1.26  0.0205        1.35e- 8     19.8 
13 mu_1       0.4      1.20  0.220         3.20e- 6      7.25
14 mu_1       0.5      1.07  0.721         2.22e- 4      3.61
15 mu_1       0.6      1.02  0.981         7.10e- 3      3.18
16 mu_1       0.7      1.06  1.08          1.43e- 4      3.38
17 mu_1       0.8      1.11  0.414         3.25e- 7      5.61
18 mu_1       0.9      1.23  0.0133        7.06e-12     20.4 
19 mu_0       0.1      0.137 0.0000000134  0             7.98
20 mu_0       0.2      0.710 0.0000541     0            21.8 
21 mu_0       0.3      1.16  0.00472       0            25.4 
22 mu_0       0.4      1.25  0.0788        0            12.4 
23 mu_0       0.5      1.14  0.480         0             4.80
24 mu_0       0.6      1.03  0.839         0             3.69
25 mu_0       0.7      1.03  0.891         0             3.11
26 mu_0       0.8      1.08  0.725         0             4.66
27 mu_0       0.9      1.12  0.0640        0            10.4 
[1] "Total run time was 140.057 seconds"
