
Attaching package: ‘dplyr’

The following objects are masked from ‘package:stats’:

    filter, lag

The following objects are masked from ‘package:base’:

    intersect, setdiff, setequal, union

Loading required package: foreach
Loading required package: iterators
Loading required package: parallel

 randomForestSRC 3.2.2 
 
 Type rfsrc.news() to see new features, changes, and bug fixes. 
 

── Attaching core tidyverse packages ──────────────────────── tidyverse 2.0.0 ──
✔ forcats   1.0.0     ✔ readr     2.1.4
✔ ggplot2   3.3.6     ✔ stringr   1.5.1
✔ lubridate 1.9.3     ✔ tibble    3.2.1
✔ purrr     0.3.5     ✔ tidyr     1.2.1
── Conflicts ────────────────────────────────────────── tidyverse_conflicts() ──
✖ purrr::accumulate() masks foreach::accumulate()
✖ tidyr::extract()    masks dbarts::extract()
✖ dplyr::filter()     masks stats::filter()
✖ dplyr::lag()        masks stats::lag()
✖ purrr::partial()    masks randomForestSRC::partial()
✖ purrr::when()       masks foreach::when()
ℹ Use the [conflicted package](http://conflicted.r-lib.org/) to force all conflicts to become errors
[1] "[Analysis setting]"
[1] "n.cpus: 8"
[1] "method: nonpara"
[1] "taus: 0.1, 0.2, 0.3, 0.4, 0.5"
[1] "thetas: 0.1, 0.2, 0.3, 0.4, 0.5, 0.6, 0.7, 0.8, 0.9"
[1] "r: 100"
[1] "m: 100"
[1] "N_total: 2000"
[1] "cluster size dist'n: "

 20 
100 
[1] "observed time summary: "
   Min. 1st Qu.  Median    Mean 3rd Qu.    Max. 
0.00000 0.02796 0.33874 0.60859 1.00000 4.52398 
[1] "event indicator table: "

   0    1 
1202  798 
[1] "treatment indicator table: "

   0    1 
 727 1273 
[1] ""
[1] "Estimation start"
[1] "   Split: 1"
Note: Using an external vector in selections is ambiguous.
ℹ Use `all_of(X.T.names)` instead of `X.T.names` to silence this message.
ℹ See <https://tidyselect.r-lib.org/reference/faq-external-vector.html>.
This message is displayed once per session.
Note: Using an external vector in selections is ambiguous.
ℹ Use `all_of(X.C.names)` instead of `X.C.names` to silence this message.
ℹ See <https://tidyselect.r-lib.org/reference/faq-external-vector.html>.
This message is displayed once per session.
Note: Using an external vector in selections is ambiguous.
ℹ Use `all_of(X.A.names)` instead of `X.A.names` to silence this message.
ℹ See <https://tidyselect.r-lib.org/reference/faq-external-vector.html>.
This message is displayed once per session.

Running BART with binary y

number of trees: 25
number of chains: 1, number of threads 1
tree thinning rate: 1
Prior:
	prior on k: chi with 1.250000 degrees of freedom and inf scale
	power and base for tree prior: 2.000000 0.950000
	use quantiles for rule cut points: false
	proposal probabilities: birth/death 0.50, swap 0.10, change 0.40; birth 0.50
data:
	number of training observations: 1000
	number of test observations: 0
	number of explanatory variables: 15

Cutoff rules c in x<=c vs x>c
Number of cutoffs: (var: number of possible c):
(1: 100) (2: 100) (3: 100) (4: 100) (5: 100) 
(6: 100) (7: 100) (8: 100) (9: 100) (10: 100) 
(11: 100) (12: 100) (13: 100) (14: 100) (15: 100) 

[1] "     Cluster: 1"
[1] "     Cluster: 2"
[1] "     Cluster: 4"
[1] "     Cluster: 6"
[1] "     Cluster: 8"
[1] "     Cluster: 10"
[1] "     Cluster: 11"
[1] "     Cluster: 15"
[1] "     Cluster: 22"
[1] "     Cluster: 24"
[1] "     Cluster: 25"
[1] "     Cluster: 27"
[1] "     Cluster: 28"
[1] "     Cluster: 30"
[1] "     Cluster: 31"
[1] "     Cluster: 32"
[1] "     Cluster: 35"
[1] "     Cluster: 37"
[1] "     Cluster: 40"
[1] "     Cluster: 41"
[1] "     Cluster: 45"
[1] "     Cluster: 46"
[1] "     Cluster: 48"
[1] "     Cluster: 50"
[1] "     Cluster: 52"
[1] "     Cluster: 53"
[1] "     Cluster: 55"
[1] "     Cluster: 56"
[1] "     Cluster: 58"
[1] "     Cluster: 61"
[1] "     Cluster: 62"
[1] "     Cluster: 63"
[1] "     Cluster: 65"
[1] "     Cluster: 66"
[1] "     Cluster: 67"
[1] "     Cluster: 68"
[1] "     Cluster: 69"
[1] "     Cluster: 71"
[1] "     Cluster: 73"
[1] "     Cluster: 75"
[1] "     Cluster: 76"
[1] "     Cluster: 83"
[1] "     Cluster: 85"
[1] "     Cluster: 87"
[1] "     Cluster: 90"
[1] "     Cluster: 91"
[1] "     Cluster: 93"
[1] "     Cluster: 94"
[1] "     Cluster: 95"
[1] "     Cluster: 99"
[1] "   Split: 2"

Running BART with binary y

number of trees: 25
number of chains: 1, number of threads 1
tree thinning rate: 1
Prior:
	prior on k: chi with 1.250000 degrees of freedom and inf scale
	power and base for tree prior: 2.000000 0.950000
	use quantiles for rule cut points: false
	proposal probabilities: birth/death 0.50, swap 0.10, change 0.40; birth 0.50
data:
	number of training observations: 1000
	number of test observations: 0
	number of explanatory variables: 15

Cutoff rules c in x<=c vs x>c
Number of cutoffs: (var: number of possible c):
(1: 100) (2: 100) (3: 100) (4: 100) (5: 100) 
(6: 100) (7: 100) (8: 100) (9: 100) (10: 100) 
(11: 100) (12: 100) (13: 100) (14: 100) (15: 100) 

[1] "     Cluster: 3"
[1] "     Cluster: 5"
[1] "     Cluster: 7"
[1] "     Cluster: 9"
[1] "     Cluster: 12"
[1] "     Cluster: 13"
[1] "     Cluster: 14"
[1] "     Cluster: 16"
[1] "     Cluster: 17"
[1] "     Cluster: 18"
[1] "     Cluster: 19"
[1] "     Cluster: 20"
[1] "     Cluster: 21"
[1] "     Cluster: 23"
[1] "     Cluster: 26"
[1] "     Cluster: 29"
[1] "     Cluster: 33"
[1] "     Cluster: 34"
[1] "     Cluster: 36"
[1] "     Cluster: 38"
[1] "     Cluster: 39"
[1] "     Cluster: 42"
[1] "     Cluster: 43"
[1] "     Cluster: 44"
[1] "     Cluster: 47"
[1] "     Cluster: 49"
[1] "     Cluster: 51"
[1] "     Cluster: 54"
[1] "     Cluster: 57"
[1] "     Cluster: 59"
[1] "     Cluster: 60"
[1] "     Cluster: 64"
[1] "     Cluster: 70"
[1] "     Cluster: 72"
[1] "     Cluster: 74"
[1] "     Cluster: 77"
[1] "     Cluster: 78"
[1] "     Cluster: 79"
[1] "     Cluster: 80"
[1] "     Cluster: 81"
[1] "     Cluster: 82"
[1] "     Cluster: 84"
[1] "     Cluster: 86"
[1] "     Cluster: 88"
[1] "     Cluster: 89"
[1] "     Cluster: 92"
[1] "     Cluster: 96"
[1] "     Cluster: 97"
[1] "     Cluster: 98"
[1] "     Cluster: 100"
[1] ""
[1] "IF for proposed nonparametric estimator computed."
`summarise()` has grouped output by 'theta', 'tau'. You can override using the
`.groups` argument.
`summarise()` has grouped output by 'theta'. You can override using the
`.groups` argument.
`summarise()` has grouped output by 'theta', 'tau'. You can override using the
`.groups` argument.
`summarise()` has grouped output by 'theta'. You can override using the
`.groups` argument.
`summarise()` has grouped output by 'theta', 'tau'. You can override using the
`.groups` argument.
`summarise()` has grouped output by 'theta'. You can override using the
`.groups` argument.
`summarise()` has grouped output by 'theta', 'tau'. You can override using the
`.groups` argument.
`summarise()` has grouped output by 'theta'. You can override using the
`.groups` argument.
`summarise()` has grouped output by 'theta', 'tau'. You can override using the
`.groups` argument.
`summarise()` has grouped output by 'theta'. You can override using the
`.groups` argument.
`summarise()` has grouped output by 'theta', 'tau'. You can override using the
`.groups` argument.
`summarise()` has grouped output by 'theta'. You can override using the
`.groups` argument.
`summarise()` has grouped output by 'theta', 'tau'. You can override using the
`.groups` argument.
`summarise()` has grouped output by 'theta'. You can override using the
`.groups` argument.
`summarise()` has grouped output by 'theta', 'tau'. You can override using the
`.groups` argument.
`summarise()` has grouped output by 'theta'. You can override using the
`.groups` argument.
[1] ""
[1] "Total run time was 172.188 seconds"
[1] "Estimation result: "
# A tibble: 360 × 5
   estimand theta   tau   est     se
   <chr>    <dbl> <dbl> <dbl>  <dbl>
 1 mu         0.1   0.1 0.419 0.118 
 2 mu         0.1   0.2 0.447 0.100 
 3 mu         0.1   0.3 0.461 0.0774
 4 mu         0.1   0.4 0.524 0.123 
 5 mu         0.1   0.5 0.585 0.115 
 6 mu         0.2   0.1 0.377 0.0740
 7 mu         0.2   0.2 0.456 0.0689
 8 mu         0.2   0.3 0.488 0.0576
 9 mu         0.2   0.4 0.546 0.0831
10 mu         0.2   0.5 0.599 0.0770
# ℹ 350 more rows
[1] ""
[1] "OR weights"
`summarise()` has grouped output by 'estimand'. You can override using the
`.groups` argument.
# A tibble: 27 × 6
# Groups:   estimand [3]
   estimand theta mean_value median_value min_value max_value
   <fct>    <dbl>      <dbl>        <dbl>     <dbl>     <dbl>
 1 mu         0.1      0.694        0.589 0.0000522      4.54
 2 mu         0.2      0.901        0.845 0.00934        7.14
 3 mu         0.3      0.948        0.971 0.115          3.93
 4 mu         0.4      0.969        0.967 0.447          1.63
 5 mu         0.5      0.998        0.985 0.778          1.33
 6 mu         0.6      1.01         1.01  0.778          1.30
 7 mu         0.7      1.01         1.01  0.772          1.35
 8 mu         0.8      1.01         0.990 0.527          1.85
 9 mu         0.9      0.988        0.935 0.185          2.72
10 mu_1       0.1      0.820        0.753 0.000240       7.58
11 mu_1       0.2      0.944        0.910 0.0221         6.47
12 mu_1       0.3      0.954        0.959 0.188          2.75
13 mu_1       0.4      0.978        0.965 0.577          1.50
14 mu_1       0.5      1.00         0.996 0.792          1.27
15 mu_1       0.6      1.01         1.00  0.780          1.29
16 mu_1       0.7      1.01         1.01  0.760          1.36
17 mu_1       0.8      1.01         0.981 0.495          1.93
18 mu_1       0.9      0.987        0.940 0.168          2.75
19 mu_0       0.1      0.680        0.566 0.0000313      4.20
20 mu_0       0.2      0.890        0.829 0.00616        7.31
21 mu_0       0.3      0.946        0.963 0.0837         4.43
22 mu_0       0.4      0.963        0.962 0.360          1.88
23 mu_0       0.5      0.992        0.969 0.748          1.41
24 mu_0       0.6      1.01         0.999 0.777          1.31
25 mu_0       0.7      1.01         1.01  0.794          1.33
26 mu_0       0.8      1.01         1.01  0.654          1.55
27 mu_0       0.9      1.00         0.970 0.336          2.39
[1] ""
[1] "IPCW weights"
`summarise()` has grouped output by 'estimand'. You can override using the
`.groups` argument.
# A tibble: 27 × 6
# Groups:   estimand [3]
   estimand theta mean_value median_value min_value max_value
   <fct>    <dbl>      <dbl>        <dbl>     <dbl>     <dbl>
 1 mu         0.1      0.259 0.0000000495  9.76e-19     10.8 
 2 mu         0.2      0.996 0.000178      1.02e-12     27.4 
 3 mu         0.3      1.56  0.0136        3.40e- 9     48.1 
 4 mu         0.4      1.49  0.173         1.07e- 6     31.2 
 5 mu         0.5      1.18  0.623         9.31e- 5      9.28
 6 mu         0.6      1.08  0.786         2.41e- 3      5.69
 7 mu         0.7      1.18  0.827         2.88e- 5      4.85
 8 mu         0.8      1.38  0.779         4.36e- 8     16.0 
 9 mu         0.9      3.26  0.0298        4.74e-13    168.  
10 mu_1       0.1      0.514 0.000000322   9.76e-18     18.1 
11 mu_1       0.2      1.31  0.000578      5.12e-12     41.1 
12 mu_1       0.3      1.65  0.0282        1.13e- 8     48.1 
13 mu_1       0.4      1.40  0.269         2.68e- 6     23.4 
14 mu_1       0.5      1.12  0.660         1.86e- 4      7.53
15 mu_1       0.6      1.09  0.783         6.03e- 4      5.69
16 mu_1       0.7      1.20  0.814         6.17e- 6      5.55
17 mu_1       0.8      1.43  0.654         8.18e- 9     19.9 
18 mu_1       0.9      3.51  0.0215        7.90e-14    187.  
19 mu_0       0.1      0.231 0.0000000193  0            10.2 
20 mu_0       0.2      0.917 0.0000778     0            24.0 
21 mu_0       0.3      1.53  0.00679       0            48.1 
22 mu_0       0.4      1.55  0.101         0            36.4 
23 mu_0       0.5      1.24  0.553         0            13.0 
24 mu_0       0.6      1.07  0.810         0             6.26
25 mu_0       0.7      1.13  0.845         0             5.09
26 mu_0       0.8      1.21  0.612         0             8.12
27 mu_0       0.9      1.05  0.0818        0             6.89
[1] "Total run time was 175.687 seconds"
