
Attaching package: ‘dplyr’

The following objects are masked from ‘package:stats’:

    filter, lag

The following objects are masked from ‘package:base’:

    intersect, setdiff, setequal, union

Loading required package: foreach
Loading required package: iterators
Loading required package: parallel

 randomForestSRC 3.2.2 
 
 Type rfsrc.news() to see new features, changes, and bug fixes. 
 

── Attaching core tidyverse packages ──────────────────────── tidyverse 2.0.0 ──
✔ forcats   1.0.0     ✔ readr     2.1.4
✔ ggplot2   3.3.6     ✔ stringr   1.5.1
✔ lubridate 1.9.3     ✔ tibble    3.2.1
✔ purrr     0.3.5     ✔ tidyr     1.2.1
── Conflicts ────────────────────────────────────────── tidyverse_conflicts() ──
✖ purrr::accumulate() masks foreach::accumulate()
✖ tidyr::extract()    masks dbarts::extract()
✖ dplyr::filter()     masks stats::filter()
✖ dplyr::lag()        masks stats::lag()
✖ purrr::partial()    masks randomForestSRC::partial()
✖ purrr::when()       masks foreach::when()
ℹ Use the [conflicted package](http://conflicted.r-lib.org/) to force all conflicts to become errors
[1] "[Analysis setting]"
[1] "n.cpus: 8"
[1] "method: nonpara"
[1] "taus: 0.1, 0.2, 0.3, 0.4, 0.5"
[1] "thetas: 0.1, 0.2, 0.3, 0.4, 0.5, 0.6, 0.7, 0.8, 0.9"
[1] "r: 100"
[1] "m: 100"
[1] "N_total: 2000"
[1] "cluster size dist'n: "

 20 
100 
[1] "observed time summary: "
   Min. 1st Qu.  Median    Mean 3rd Qu.    Max. 
0.00000 0.03674 0.35103 0.64245 1.00000 6.00000 
[1] "event indicator table: "

   0    1 
1214  786 
[1] "treatment indicator table: "

   0    1 
 709 1291 
[1] ""
[1] "Estimation start"
[1] "   Split: 1"
Note: Using an external vector in selections is ambiguous.
ℹ Use `all_of(X.T.names)` instead of `X.T.names` to silence this message.
ℹ See <https://tidyselect.r-lib.org/reference/faq-external-vector.html>.
This message is displayed once per session.
Note: Using an external vector in selections is ambiguous.
ℹ Use `all_of(X.C.names)` instead of `X.C.names` to silence this message.
ℹ See <https://tidyselect.r-lib.org/reference/faq-external-vector.html>.
This message is displayed once per session.
Note: Using an external vector in selections is ambiguous.
ℹ Use `all_of(X.A.names)` instead of `X.A.names` to silence this message.
ℹ See <https://tidyselect.r-lib.org/reference/faq-external-vector.html>.
This message is displayed once per session.

Running BART with binary y

number of trees: 25
number of chains: 1, number of threads 1
tree thinning rate: 1
Prior:
	prior on k: chi with 1.250000 degrees of freedom and inf scale
	power and base for tree prior: 2.000000 0.950000
	use quantiles for rule cut points: false
	proposal probabilities: birth/death 0.50, swap 0.10, change 0.40; birth 0.50
data:
	number of training observations: 1000
	number of test observations: 0
	number of explanatory variables: 15

Cutoff rules c in x<=c vs x>c
Number of cutoffs: (var: number of possible c):
(1: 100) (2: 100) (3: 100) (4: 100) (5: 100) 
(6: 100) (7: 100) (8: 100) (9: 100) (10: 100) 
(11: 100) (12: 100) (13: 100) (14: 100) (15: 100) 

[1] "     Cluster: 3"
[1] "     Cluster: 4"
[1] "     Cluster: 6"
[1] "     Cluster: 7"
[1] "     Cluster: 12"
[1] "     Cluster: 13"
[1] "     Cluster: 15"
[1] "     Cluster: 16"
[1] "     Cluster: 19"
[1] "     Cluster: 22"
[1] "     Cluster: 23"
[1] "     Cluster: 31"
[1] "     Cluster: 34"
[1] "     Cluster: 35"
[1] "     Cluster: 36"
[1] "     Cluster: 38"
[1] "     Cluster: 39"
[1] "     Cluster: 40"
[1] "     Cluster: 41"
[1] "     Cluster: 43"
[1] "     Cluster: 45"
[1] "     Cluster: 47"
[1] "     Cluster: 51"
[1] "     Cluster: 54"
[1] "     Cluster: 55"
[1] "     Cluster: 57"
[1] "     Cluster: 58"
[1] "     Cluster: 59"
[1] "     Cluster: 61"
[1] "     Cluster: 63"
[1] "     Cluster: 64"
[1] "     Cluster: 65"
[1] "     Cluster: 67"
[1] "     Cluster: 68"
[1] "     Cluster: 69"
[1] "     Cluster: 70"
[1] "     Cluster: 71"
[1] "     Cluster: 73"
[1] "     Cluster: 74"
[1] "     Cluster: 76"
[1] "     Cluster: 77"
[1] "     Cluster: 80"
[1] "     Cluster: 82"
[1] "     Cluster: 85"
[1] "     Cluster: 86"
[1] "     Cluster: 88"
[1] "     Cluster: 90"
[1] "     Cluster: 94"
[1] "     Cluster: 97"
[1] "     Cluster: 98"
[1] "   Split: 2"

Running BART with binary y

number of trees: 25
number of chains: 1, number of threads 1
tree thinning rate: 1
Prior:
	prior on k: chi with 1.250000 degrees of freedom and inf scale
	power and base for tree prior: 2.000000 0.950000
	use quantiles for rule cut points: false
	proposal probabilities: birth/death 0.50, swap 0.10, change 0.40; birth 0.50
data:
	number of training observations: 1000
	number of test observations: 0
	number of explanatory variables: 15

Cutoff rules c in x<=c vs x>c
Number of cutoffs: (var: number of possible c):
(1: 100) (2: 100) (3: 100) (4: 100) (5: 100) 
(6: 100) (7: 100) (8: 100) (9: 100) (10: 100) 
(11: 100) (12: 100) (13: 100) (14: 100) (15: 100) 

[1] "     Cluster: 1"
[1] "     Cluster: 2"
[1] "     Cluster: 5"
[1] "     Cluster: 8"
[1] "     Cluster: 9"
[1] "     Cluster: 10"
[1] "     Cluster: 11"
[1] "     Cluster: 14"
[1] "     Cluster: 17"
[1] "     Cluster: 18"
[1] "     Cluster: 20"
[1] "     Cluster: 21"
[1] "     Cluster: 24"
[1] "     Cluster: 25"
[1] "     Cluster: 26"
[1] "     Cluster: 27"
[1] "     Cluster: 28"
[1] "     Cluster: 29"
[1] "     Cluster: 30"
[1] "     Cluster: 32"
[1] "     Cluster: 33"
[1] "     Cluster: 37"
[1] "     Cluster: 42"
[1] "     Cluster: 44"
[1] "     Cluster: 46"
[1] "     Cluster: 48"
[1] "     Cluster: 49"
[1] "     Cluster: 50"
[1] "     Cluster: 52"
[1] "     Cluster: 53"
[1] "     Cluster: 56"
[1] "     Cluster: 60"
[1] "     Cluster: 62"
[1] "     Cluster: 66"
[1] "     Cluster: 72"
[1] "     Cluster: 75"
[1] "     Cluster: 78"
[1] "     Cluster: 79"
[1] "     Cluster: 81"
[1] "     Cluster: 83"
[1] "     Cluster: 84"
[1] "     Cluster: 87"
[1] "     Cluster: 89"
[1] "     Cluster: 91"
[1] "     Cluster: 92"
[1] "     Cluster: 93"
[1] "     Cluster: 95"
[1] "     Cluster: 96"
[1] "     Cluster: 99"
[1] "     Cluster: 100"
[1] ""
[1] "IF for proposed nonparametric estimator computed."
`summarise()` has grouped output by 'theta', 'tau'. You can override using the
`.groups` argument.
`summarise()` has grouped output by 'theta'. You can override using the
`.groups` argument.
`summarise()` has grouped output by 'theta', 'tau'. You can override using the
`.groups` argument.
`summarise()` has grouped output by 'theta'. You can override using the
`.groups` argument.
`summarise()` has grouped output by 'theta', 'tau'. You can override using the
`.groups` argument.
`summarise()` has grouped output by 'theta'. You can override using the
`.groups` argument.
`summarise()` has grouped output by 'theta', 'tau'. You can override using the
`.groups` argument.
`summarise()` has grouped output by 'theta'. You can override using the
`.groups` argument.
`summarise()` has grouped output by 'theta', 'tau'. You can override using the
`.groups` argument.
`summarise()` has grouped output by 'theta'. You can override using the
`.groups` argument.
`summarise()` has grouped output by 'theta', 'tau'. You can override using the
`.groups` argument.
`summarise()` has grouped output by 'theta'. You can override using the
`.groups` argument.
`summarise()` has grouped output by 'theta', 'tau'. You can override using the
`.groups` argument.
`summarise()` has grouped output by 'theta'. You can override using the
`.groups` argument.
`summarise()` has grouped output by 'theta', 'tau'. You can override using the
`.groups` argument.
`summarise()` has grouped output by 'theta'. You can override using the
`.groups` argument.
[1] ""
[1] "Total run time was 142.876 seconds"
[1] "Estimation result: "
# A tibble: 360 × 5
   estimand theta   tau   est     se
   <chr>    <dbl> <dbl> <dbl>  <dbl>
 1 mu         0.1   0.1 0.354 0.0651
 2 mu         0.1   0.2 0.475 0.0774
 3 mu         0.1   0.3 0.567 0.0808
 4 mu         0.1   0.4 0.596 0.0874
 5 mu         0.1   0.5 0.615 0.0883
 6 mu         0.2   0.1 0.351 0.0434
 7 mu         0.2   0.2 0.480 0.0575
 8 mu         0.2   0.3 0.553 0.0504
 9 mu         0.2   0.4 0.593 0.0545
10 mu         0.2   0.5 0.624 0.0527
# ℹ 350 more rows
[1] ""
[1] "OR weights"
`summarise()` has grouped output by 'estimand'. You can override using the
`.groups` argument.
# A tibble: 27 × 6
# Groups:   estimand [3]
   estimand theta mean_value median_value min_value max_value
   <fct>    <dbl>      <dbl>        <dbl>     <dbl>     <dbl>
 1 mu         0.1      0.905        0.576  0.000475      6.84
 2 mu         0.2      0.951        0.928  0.0328        2.51
 3 mu         0.3      0.959        0.981  0.211         1.84
 4 mu         0.4      0.976        0.991  0.526         1.32
 5 mu         0.5      0.999        1.02   0.606         1.26
 6 mu         0.6      1.01         1.01   0.685         1.24
 7 mu         0.7      0.997        0.999  0.686         1.21
 8 mu         0.8      0.975        0.983  0.563         1.23
 9 mu         0.9      0.946        0.967  0.241         1.55
10 mu_1       0.1      0.912        0.832  0.00191       2.88
11 mu_1       0.2      0.960        0.938  0.0675        2.28
12 mu_1       0.3      0.962        0.995  0.305         1.62
13 mu_1       0.4      0.983        0.998  0.562         1.28
14 mu_1       0.5      1.00         1.01   0.622         1.26
15 mu_1       0.6      1.01         1.02   0.704         1.27
16 mu_1       0.7      0.995        0.996  0.679         1.20
17 mu_1       0.8      0.973        0.981  0.544         1.26
18 mu_1       0.9      0.945        0.959  0.216         1.61
19 mu_0       0.1      0.905        0.521  0.000315      7.56
20 mu_0       0.2      0.949        0.897  0.0241        2.58
21 mu_0       0.3      0.958        0.970  0.171         1.94
22 mu_0       0.4      0.971        0.991  0.459         1.39
23 mu_0       0.5      0.994        1.00   0.590         1.26
24 mu_0       0.6      1.01         1.01   0.656         1.25
25 mu_0       0.7      1.00         1.01   0.703         1.27
26 mu_0       0.8      0.987        0.994  0.639         1.20
27 mu_0       0.9      0.957        0.962  0.444         1.46
[1] ""
[1] "IPCW weights"
`summarise()` has grouped output by 'estimand'. You can override using the
`.groups` argument.
# A tibble: 27 × 6
# Groups:   estimand [3]
   estimand theta mean_value median_value min_value max_value
   <fct>    <dbl>      <dbl>        <dbl>     <dbl>     <dbl>
 1 mu         0.1      0.596 0.0000000449  1.24e-18     24.9 
 2 mu         0.2      1.37  0.000161      1.30e-12     36.6 
 3 mu         0.3      1.20  0.0123        4.31e- 9     21.9 
 4 mu         0.4      0.993 0.176         1.36e- 6      7.89
 5 mu         0.5      1.06  0.590         1.18e- 4      7.42
 6 mu         0.6      1.13  0.874         3.90e- 3      7.05
 7 mu         0.7      1.09  1.01          6.61e- 5      4.49
 8 mu         0.8      1.17  0.661         1.00e- 7      4.21
 9 mu         0.9      1.43  0.0239        1.09e-12     15.0 
10 mu_1       0.1      1.10  0.000000292   1.24e-17     37.4 
11 mu_1       0.2      1.45  0.000524      6.48e-12     36.6 
12 mu_1       0.3      1.08  0.0267        1.44e- 8     15.8 
13 mu_1       0.4      0.981 0.287         3.40e- 6      6.17
14 mu_1       0.5      1.09  0.529         2.36e- 4      7.42
15 mu_1       0.6      1.13  0.883         1.39e- 3      7.05
16 mu_1       0.7      1.09  0.944         1.42e- 5      4.38
17 mu_1       0.8      1.19  0.558         1.88e- 8      4.48
18 mu_1       0.9      1.44  0.0172        1.81e-13     16.7 
19 mu_0       0.1      0.540 0.0000000175  0            23.5 
20 mu_0       0.2      1.35  0.0000706     0            36.6 
21 mu_0       0.3      1.25  0.00616       0            25.0 
22 mu_0       0.4      1.00  0.103         0             9.86
23 mu_0       0.5      1.03  0.524         0             7.42
24 mu_0       0.6      1.13  0.712         0             7.05
25 mu_0       0.7      1.10  1.00          0             5.99
26 mu_0       0.8      1.09  0.630         0             3.74
27 mu_0       0.9      1.31  0.0755        0             7.90
[1] "Total run time was 145.965 seconds"
