
Attaching package: ‘dplyr’

The following objects are masked from ‘package:stats’:

    filter, lag

The following objects are masked from ‘package:base’:

    intersect, setdiff, setequal, union

Loading required package: foreach
Loading required package: iterators
Loading required package: parallel

 randomForestSRC 3.2.2 
 
 Type rfsrc.news() to see new features, changes, and bug fixes. 
 

── Attaching core tidyverse packages ──────────────────────── tidyverse 2.0.0 ──
✔ forcats   1.0.0     ✔ readr     2.1.4
✔ ggplot2   3.3.6     ✔ stringr   1.5.1
✔ lubridate 1.9.3     ✔ tibble    3.2.1
✔ purrr     0.3.5     ✔ tidyr     1.2.1
── Conflicts ────────────────────────────────────────── tidyverse_conflicts() ──
✖ purrr::accumulate() masks foreach::accumulate()
✖ tidyr::extract()    masks dbarts::extract()
✖ dplyr::filter()     masks stats::filter()
✖ dplyr::lag()        masks stats::lag()
✖ purrr::partial()    masks randomForestSRC::partial()
✖ purrr::when()       masks foreach::when()
ℹ Use the [conflicted package](http://conflicted.r-lib.org/) to force all conflicts to become errors
[1] "[Analysis setting]"
[1] "n.cpus: 8"
[1] "method: nonpara"
[1] "taus: 0.1, 0.2, 0.3, 0.4, 0.5"
[1] "thetas: 0.1, 0.2, 0.3, 0.4, 0.5, 0.6, 0.7, 0.8, 0.9"
[1] "r: 100"
[1] "m: 100"
[1] "N_total: 2000"
[1] "cluster size dist'n: "

 20 
100 
[1] "observed time summary: "
   Min. 1st Qu.  Median    Mean 3rd Qu.    Max. 
0.00000 0.02642 0.35365 0.61003 1.00000 7.00000 
[1] "event indicator table: "

   0    1 
1189  811 
[1] "treatment indicator table: "

   0    1 
 737 1263 
[1] ""
[1] "Estimation start"
[1] "   Split: 1"
Note: Using an external vector in selections is ambiguous.
ℹ Use `all_of(X.T.names)` instead of `X.T.names` to silence this message.
ℹ See <https://tidyselect.r-lib.org/reference/faq-external-vector.html>.
This message is displayed once per session.
Note: Using an external vector in selections is ambiguous.
ℹ Use `all_of(X.C.names)` instead of `X.C.names` to silence this message.
ℹ See <https://tidyselect.r-lib.org/reference/faq-external-vector.html>.
This message is displayed once per session.
Note: Using an external vector in selections is ambiguous.
ℹ Use `all_of(X.A.names)` instead of `X.A.names` to silence this message.
ℹ See <https://tidyselect.r-lib.org/reference/faq-external-vector.html>.
This message is displayed once per session.

Running BART with binary y

number of trees: 25
number of chains: 1, number of threads 1
tree thinning rate: 1
Prior:
	prior on k: chi with 1.250000 degrees of freedom and inf scale
	power and base for tree prior: 2.000000 0.950000
	use quantiles for rule cut points: false
	proposal probabilities: birth/death 0.50, swap 0.10, change 0.40; birth 0.50
data:
	number of training observations: 1000
	number of test observations: 0
	number of explanatory variables: 15

Cutoff rules c in x<=c vs x>c
Number of cutoffs: (var: number of possible c):
(1: 100) (2: 100) (3: 100) (4: 100) (5: 100) 
(6: 100) (7: 100) (8: 100) (9: 100) (10: 100) 
(11: 100) (12: 100) (13: 100) (14: 100) (15: 100) 

[1] "     Cluster: 2"
[1] "     Cluster: 4"
[1] "     Cluster: 8"
[1] "     Cluster: 9"
[1] "     Cluster: 10"
[1] "     Cluster: 14"
[1] "     Cluster: 16"
[1] "     Cluster: 18"
[1] "     Cluster: 20"
[1] "     Cluster: 21"
[1] "     Cluster: 22"
[1] "     Cluster: 23"
[1] "     Cluster: 26"
[1] "     Cluster: 27"
[1] "     Cluster: 28"
[1] "     Cluster: 29"
[1] "     Cluster: 31"
[1] "     Cluster: 35"
[1] "     Cluster: 36"
[1] "     Cluster: 39"
[1] "     Cluster: 42"
[1] "     Cluster: 44"
[1] "     Cluster: 45"
[1] "     Cluster: 46"
[1] "     Cluster: 47"
[1] "     Cluster: 48"
[1] "     Cluster: 50"
[1] "     Cluster: 52"
[1] "     Cluster: 57"
[1] "     Cluster: 60"
[1] "     Cluster: 62"
[1] "     Cluster: 67"
[1] "     Cluster: 70"
[1] "     Cluster: 71"
[1] "     Cluster: 75"
[1] "     Cluster: 78"
[1] "     Cluster: 79"
[1] "     Cluster: 83"
[1] "     Cluster: 84"
[1] "     Cluster: 85"
[1] "     Cluster: 86"
[1] "     Cluster: 89"
[1] "     Cluster: 91"
[1] "     Cluster: 92"
[1] "     Cluster: 93"
[1] "     Cluster: 94"
[1] "     Cluster: 95"
[1] "     Cluster: 96"
[1] "     Cluster: 98"
[1] "     Cluster: 99"
[1] "   Split: 2"

Running BART with binary y

number of trees: 25
number of chains: 1, number of threads 1
tree thinning rate: 1
Prior:
	prior on k: chi with 1.250000 degrees of freedom and inf scale
	power and base for tree prior: 2.000000 0.950000
	use quantiles for rule cut points: false
	proposal probabilities: birth/death 0.50, swap 0.10, change 0.40; birth 0.50
data:
	number of training observations: 1000
	number of test observations: 0
	number of explanatory variables: 15

Cutoff rules c in x<=c vs x>c
Number of cutoffs: (var: number of possible c):
(1: 100) (2: 100) (3: 100) (4: 100) (5: 100) 
(6: 100) (7: 100) (8: 100) (9: 100) (10: 100) 
(11: 100) (12: 100) (13: 100) (14: 100) (15: 100) 

[1] "     Cluster: 1"
[1] "     Cluster: 3"
[1] "     Cluster: 5"
[1] "     Cluster: 6"
[1] "     Cluster: 7"
[1] "     Cluster: 11"
[1] "     Cluster: 12"
[1] "     Cluster: 13"
[1] "     Cluster: 15"
[1] "     Cluster: 17"
[1] "     Cluster: 19"
[1] "     Cluster: 24"
[1] "     Cluster: 25"
[1] "     Cluster: 30"
[1] "     Cluster: 32"
[1] "     Cluster: 33"
[1] "     Cluster: 34"
[1] "     Cluster: 37"
[1] "     Cluster: 38"
[1] "     Cluster: 40"
[1] "     Cluster: 41"
[1] "     Cluster: 43"
[1] "     Cluster: 49"
[1] "     Cluster: 51"
[1] "     Cluster: 53"
[1] "     Cluster: 54"
[1] "     Cluster: 55"
[1] "     Cluster: 56"
[1] "     Cluster: 58"
[1] "     Cluster: 59"
[1] "     Cluster: 61"
[1] "     Cluster: 63"
[1] "     Cluster: 64"
[1] "     Cluster: 65"
[1] "     Cluster: 66"
[1] "     Cluster: 68"
[1] "     Cluster: 69"
[1] "     Cluster: 72"
[1] "     Cluster: 73"
[1] "     Cluster: 74"
[1] "     Cluster: 76"
[1] "     Cluster: 77"
[1] "     Cluster: 80"
[1] "     Cluster: 81"
[1] "     Cluster: 82"
[1] "     Cluster: 87"
[1] "     Cluster: 88"
[1] "     Cluster: 90"
[1] "     Cluster: 97"
[1] "     Cluster: 100"
[1] ""
[1] "IF for proposed nonparametric estimator computed."
`summarise()` has grouped output by 'theta', 'tau'. You can override using the
`.groups` argument.
`summarise()` has grouped output by 'theta'. You can override using the
`.groups` argument.
`summarise()` has grouped output by 'theta', 'tau'. You can override using the
`.groups` argument.
`summarise()` has grouped output by 'theta'. You can override using the
`.groups` argument.
`summarise()` has grouped output by 'theta', 'tau'. You can override using the
`.groups` argument.
`summarise()` has grouped output by 'theta'. You can override using the
`.groups` argument.
`summarise()` has grouped output by 'theta', 'tau'. You can override using the
`.groups` argument.
`summarise()` has grouped output by 'theta'. You can override using the
`.groups` argument.
`summarise()` has grouped output by 'theta', 'tau'. You can override using the
`.groups` argument.
`summarise()` has grouped output by 'theta'. You can override using the
`.groups` argument.
`summarise()` has grouped output by 'theta', 'tau'. You can override using the
`.groups` argument.
`summarise()` has grouped output by 'theta'. You can override using the
`.groups` argument.
`summarise()` has grouped output by 'theta', 'tau'. You can override using the
`.groups` argument.
`summarise()` has grouped output by 'theta'. You can override using the
`.groups` argument.
`summarise()` has grouped output by 'theta', 'tau'. You can override using the
`.groups` argument.
`summarise()` has grouped output by 'theta'. You can override using the
`.groups` argument.
[1] ""
[1] "Total run time was 178.18 seconds"
[1] "Estimation result: "
# A tibble: 360 × 5
   estimand theta   tau   est     se
   <chr>    <dbl> <dbl> <dbl>  <dbl>
 1 mu         0.1   0.1 0.501 0.0793
 2 mu         0.1   0.2 0.566 0.0679
 3 mu         0.1   0.3 0.561 0.0536
 4 mu         0.1   0.4 0.588 0.0626
 5 mu         0.1   0.5 0.591 0.0632
 6 mu         0.2   0.1 0.423 0.0446
 7 mu         0.2   0.2 0.511 0.0400
 8 mu         0.2   0.3 0.536 0.0313
 9 mu         0.2   0.4 0.581 0.0395
10 mu         0.2   0.5 0.615 0.0398
# ℹ 350 more rows
[1] ""
[1] "OR weights"
`summarise()` has grouped output by 'estimand'. You can override using the
`.groups` argument.
# A tibble: 27 × 6
# Groups:   estimand [3]
   estimand theta mean_value median_value min_value max_value
   <fct>    <dbl>      <dbl>        <dbl>     <dbl>     <dbl>
 1 mu         0.1      0.946        0.739   0.00993      4.29
 2 mu         0.2      0.984        1.01    0.148        2.28
 3 mu         0.3      0.990        0.998   0.389        1.57
 4 mu         0.4      0.997        1.01    0.563        1.37
 5 mu         0.5      1.00         0.994   0.740        1.22
 6 mu         0.6      0.996        0.994   0.820        1.24
 7 mu         0.7      0.988        0.983   0.755        1.24
 8 mu         0.8      0.980        0.968   0.591        1.28
 9 mu         0.9      0.986        1.01    0.498        1.63
10 mu_1       0.1      0.996        0.944   0.0304       2.94
11 mu_1       0.2      0.986        0.945   0.239        1.94
12 mu_1       0.3      0.993        1.00    0.465        1.53
13 mu_1       0.4      0.999        0.994   0.609        1.33
14 mu_1       0.5      0.999        1.00    0.793        1.20
15 mu_1       0.6      0.995        0.994   0.814        1.24
16 mu_1       0.7      0.986        0.971   0.739        1.26
17 mu_1       0.8      0.980        0.960   0.573        1.29
18 mu_1       0.9      0.986        1.01    0.487        1.67
19 mu_0       0.1      0.940        0.727   0.00766      4.71
20 mu_0       0.2      0.983        0.986   0.126        2.36
21 mu_0       0.3      0.989        0.992   0.356        1.59
22 mu_0       0.4      0.996        1.00    0.533        1.42
23 mu_0       0.5      1.00         0.992   0.686        1.26
24 mu_0       0.6      0.998        0.990   0.820        1.23
25 mu_0       0.7      0.991        0.984   0.765        1.23
26 mu_0       0.8      0.981        0.970   0.664        1.28
27 mu_0       0.9      0.981        0.951   0.364        1.48
[1] ""
[1] "IPCW weights"
`summarise()` has grouped output by 'estimand'. You can override using the
`.groups` argument.
# A tibble: 27 × 6
# Groups:   estimand [3]
   estimand theta mean_value median_value min_value max_value
   <fct>    <dbl>      <dbl>        <dbl>     <dbl>     <dbl>
 1 mu         0.1      2.02  0.0000000375  3.29e-19    191.  
 2 mu         0.2      0.754 0.000135      3.45e-13     18.1 
 3 mu         0.3      0.941 0.0103        1.15e- 9      8.87
 4 mu         0.4      0.934 0.137         3.62e- 7      8.96
 5 mu         0.5      0.868 0.530         3.14e- 5      5.89
 6 mu         0.6      0.911 0.614         1.73e- 5      5.88
 7 mu         0.7      0.991 0.885         5.47e- 8      3.48
 8 mu         0.8      1.13  0.552         1.65e-11      5.04
 9 mu         0.9      1.31  0.0213        1.57e-17     12.1 
10 mu_1       0.1      0.261 0.000000226   0            10.3 
11 mu_1       0.2      0.771 0.000407      0            12.5 
12 mu_1       0.3      0.986 0.0207        0            10.3 
13 mu_1       0.4      0.906 0.222         0             7.84
14 mu_1       0.5      0.866 0.473         0             6.48
15 mu_1       0.6      0.925 0.708         0             5.39
16 mu_1       0.7      1.01  0.846         0             3.48
17 mu_1       0.8      1.15  0.461         0             5.36
18 mu_1       0.9      1.31  0.0154        0            12.8 
19 mu_0       0.1      2.22  0.0000000146  0           212.  
20 mu_0       0.2      0.750 0.0000589     0            22.6 
21 mu_0       0.3      0.921 0.00515       0             8.57
22 mu_0       0.4      0.953 0.0859        0             9.71
23 mu_0       0.5      0.870 0.414         0             5.30
24 mu_0       0.6      0.889 0.515         0             6.61
25 mu_0       0.7      0.958 0.834         0             3.61
26 mu_0       0.8      1.05  0.656         0             4.26
27 mu_0       0.9      1.26  0.0648        0             9.21
[1] "Total run time was 181.56 seconds"
