##############################################################
### Job started at Wed Jun  4 22:48:52 EDT 2025 with p=TypeB, m=200, r=100, s=43 ###
##############################################################

Attaching package: ‘dplyr’

The following objects are masked from ‘package:stats’:

    filter, lag

The following objects are masked from ‘package:base’:

    intersect, setdiff, setequal, union

Loading required package: foreach
Loading required package: iterators
Loading required package: parallel

 randomForestSRC 3.2.2 
 
 Type rfsrc.news() to see new features, changes, and bug fixes. 
 

[conflicted] Will prefer dplyr::select over any other package.
[conflicted] Will prefer dplyr::filter over any other package.
[conflicted] Will prefer reshape2::melt over any other package.
── Attaching core tidyverse packages ──────────────────────── tidyverse 2.0.0 ──
✔ forcats   1.0.0     ✔ readr     2.1.4
✔ ggplot2   3.5.2     ✔ stringr   1.5.1
✔ lubridate 1.9.3     ✔ tibble    3.2.1
✔ purrr     0.3.5     ✔ tidyr     1.2.1
# A tibble: 42 × 4
   theta   tau estimand   truth
   <dbl> <dbl> <chr>      <dbl>
 1  0.3    0.2 de       -0.290 
 2  0.3    0.2 mu        0.463 
 3  0.3    0.2 mu_0      0.550 
 4  0.3    0.2 mu_1      0.260 
 5  0.3    0.2 oe        0.0816
 6  0.3    0.2 se_0      0.0423
 7  0.3    0.2 se_1      0.0328
 8  0.45   0.2 de       -0.281 
 9  0.45   0.2 mu        0.382 
10  0.45   0.2 mu_0      0.508 
11  0.45   0.2 mu_1      0.227 
12  0.45   0.2 oe        0     
13  0.45   0.2 se_0      0     
14  0.45   0.2 se_1      0     
15  0.6    0.2 de       -0.271 
16  0.6    0.2 mu        0.313 
17  0.6    0.2 mu_0      0.476 
18  0.6    0.2 mu_1      0.205 
19  0.6    0.2 oe       -0.0685
20  0.6    0.2 se_0     -0.0323
21  0.6    0.2 se_1     -0.0224
22  0.3    0.4 de       -0.273 
23  0.3    0.4 mu        0.568 
24  0.3    0.4 mu_0      0.650 
25  0.3    0.4 mu_1      0.377 
26  0.3    0.4 oe        0.0825
27  0.3    0.4 se_0      0.0426
28  0.3    0.4 se_1      0.0405
29  0.45   0.4 de       -0.270 
30  0.45   0.4 mu        0.486 
31  0.45   0.4 mu_0      0.607 
32  0.45   0.4 mu_1      0.337 
33  0.45   0.4 oe        0     
34  0.45   0.4 se_0      0     
35  0.45   0.4 se_1      0     
36  0.6    0.4 de       -0.264 
37  0.6    0.4 mu        0.415 
38  0.6    0.4 mu_0      0.573 
39  0.6    0.4 mu_1      0.309 
40  0.6    0.4 oe       -0.0708
41  0.6    0.4 se_0     -0.0339
42  0.6    0.4 se_1     -0.0278
Loading required package: Matrix

Attaching package: ‘Matrix’

The following objects are masked from ‘package:tidyr’:

    expand, pack, unpack


==========================================================================
===========================   Analysis setting  ==========================
==========================================================================

- taus: 0.1, 0.2, 0.3, 0.4, 0.5 

- policy: TypeB 

- thetas: 0.3, 0.31, 0.32, 0.33, 0.34, 0.35, 0.36, 0.37, 0.38, 0.39, 0.4, 0.41, 0.42, 0.43, 0.44, 0.45, 0.46, 0.47, 0.48, 0.49, 0.5, 0.51, 0.52, 0.53, 0.54, 0.55, 0.56, 0.57, 0.58, 0.59, 0.6 

- r: 100 

- K: 2 

- Nuisance estimation method: T para / C para / A para 

- m: 200 

- N_total: 2503 

- cluster size dist'n: 
 5  6  7  8  9 10 11 12 13 14 15 16 17 18 19 20 
14 14  8 14 15 15  6 15 14 10 11 11 15  9 10 19 

 - observed time summary: 
    Min.  1st Qu.   Median     Mean  3rd Qu.     Max. 
 0.00000  0.01947  0.19549  0.61169  0.77800 14.60533 

 - event indicator table: 
   0    1 
 970 1533 

 - event time summary: 
   Min. 1st Qu.  Median    Mean 3rd Qu.    Max. 
0.00000 0.01146 0.15474 0.55275 0.68510 9.49387 

 - censoring time summary: 
    Min.  1st Qu.   Median     Mean  3rd Qu.     Max. 
 0.00000  0.04057  0.27192  0.70484  0.91714 14.60533 

 - treatment indicator table: 
   0    1 
1340 1163 

==========================================================================
===========================   Estimation start  ==========================
==========================================================================

--- Split:1 ---

   [*---------] 10% | ET: 17.2s 
   [**--------] 20% | ET: 36.2s 
   [***-------] 30% | ET: 55.1s 
   [****------] 40% | ET: 72.8s 
   [*****-----] 50% | ET: 89.7s 
   [******----] 60% | ET: 108.5s 
   [*******---] 70% | ET: 125.4s 
   [********--] 80% | ET: 146.5s 
   [*********-] 90% | ET: 166s 
   [**********] 100% | ET: 184.4s 

--- Split:2 ---

   [*---------] 10% | ET: 14.1s 
   [**--------] 20% | ET: 32.4s 
   [***-------] 30% | ET: 52.3s 
   [****------] 40% | ET: 70.2s 
   [*****-----] 50% | ET: 88.1s 
   [******----] 60% | ET: 104.2s 
   [*******---] 70% | ET: 121.1s 
   [********--] 80% | ET: 139.8s 
   [*********-] 90% | ET: 159.7s 
   [**********] 100% | ET: 180.4s 

--- IF for proposed nonparametric estimator computed --- ET: 374.1 seconds
--- Estimator computed: mu --- ET: 1.7 seconds --- 
--- Estimator computed: mu_1 --- ET: 1.3 seconds --- 
--- Estimator computed: mu_0 --- ET: 1.3 seconds --- 
--- Estimator computed: de --- ET: 1.3 seconds --- 
--- Estimator computed: oe --- ET: 1.3 seconds --- 
--- Estimator computed: se_1 --- ET: 1.1 seconds --- 
--- Estimator computed: se_0 --- ET: 1.3 seconds --- 
--- Total run time: 386.4 seconds --- 
--- Total run time: 411.6 seconds --- ###################################################
### Job finished at Wed Jun  4 22:55:44 EDT 2025 ###
###################################################
