##############################################################
### Job started at Wed Jun  4 22:42:01 EDT 2025 with p=TypeB, m=200, r=100, s=43 ###
##############################################################

Attaching package: ‘dplyr’

The following objects are masked from ‘package:stats’:

    filter, lag

The following objects are masked from ‘package:base’:

    intersect, setdiff, setequal, union

Loading required package: foreach
Loading required package: iterators
Loading required package: parallel

 randomForestSRC 3.2.2 
 
 Type rfsrc.news() to see new features, changes, and bug fixes. 
 

[conflicted] Will prefer dplyr::select over any other package.
[conflicted] Will prefer dplyr::filter over any other package.
[conflicted] Will prefer reshape2::melt over any other package.
── Attaching core tidyverse packages ──────────────────────── tidyverse 2.0.0 ──
✔ forcats   1.0.0     ✔ readr     2.1.4
✔ ggplot2   3.5.2     ✔ stringr   1.5.1
✔ lubridate 1.9.3     ✔ tibble    3.2.1
✔ purrr     0.3.5     ✔ tidyr     1.2.1
# A tibble: 42 × 4
   theta   tau estimand   truth
   <dbl> <dbl> <chr>      <dbl>
 1  0.3    0.2 de       -0.283 
 2  0.3    0.2 mu        0.449 
 3  0.3    0.2 mu_0      0.534 
 4  0.3    0.2 mu_1      0.251 
 5  0.3    0.2 oe        0.0794
 6  0.3    0.2 se_0      0.0404
 7  0.3    0.2 se_1      0.0326
 8  0.45   0.2 de       -0.275 
 9  0.45   0.2 mu        0.370 
10  0.45   0.2 mu_0      0.494 
11  0.45   0.2 mu_1      0.219 
12  0.45   0.2 oe        0     
13  0.45   0.2 se_0      0     
14  0.45   0.2 se_1      0     
15  0.6    0.2 de       -0.268 
16  0.6    0.2 mu        0.307 
17  0.6    0.2 mu_0      0.467 
18  0.6    0.2 mu_1      0.199 
19  0.6    0.2 oe       -0.0634
20  0.6    0.2 se_0     -0.0266
21  0.6    0.2 se_1     -0.0191
22  0.3    0.4 de       -0.268 
23  0.3    0.4 mu        0.554 
24  0.3    0.4 mu_0      0.634 
25  0.3    0.4 mu_1      0.366 
26  0.3    0.4 oe        0.0807
27  0.3    0.4 se_0      0.0411
28  0.3    0.4 se_1      0.0400
29  0.45   0.4 de       -0.267 
30  0.45   0.4 mu        0.473 
31  0.45   0.4 mu_0      0.593 
32  0.45   0.4 mu_1      0.326 
33  0.45   0.4 oe        0     
34  0.45   0.4 se_0      0     
35  0.45   0.4 se_1      0     
36  0.6    0.4 de       -0.262 
37  0.6    0.4 mu        0.408 
38  0.6    0.4 mu_0      0.566 
39  0.6    0.4 mu_1      0.303 
40  0.6    0.4 oe       -0.0645
41  0.6    0.4 se_0     -0.0272
42  0.6    0.4 se_1     -0.0227
Loading required package: Matrix

Attaching package: ‘Matrix’

The following objects are masked from ‘package:tidyr’:

    expand, pack, unpack


==========================================================================
===========================   Analysis setting  ==========================
==========================================================================

- taus: 0.1, 0.2, 0.3, 0.4, 0.5 

- policy: TypeB 

- thetas: 0.3, 0.31, 0.32, 0.33, 0.34, 0.35, 0.36, 0.37, 0.38, 0.39, 0.4, 0.41, 0.42, 0.43, 0.44, 0.45, 0.46, 0.47, 0.48, 0.49, 0.5, 0.51, 0.52, 0.53, 0.54, 0.55, 0.56, 0.57, 0.58, 0.59, 0.6 

- r: 100 

- K: 2 

- Nuisance estimation method: T para / C para / A para 

- m: 200 

- N_total: 2533 

- cluster size dist'n: 
 5  6  7  8  9 10 11 12 13 14 15 16 17 18 19 20 
11  7 13 18  9 11 14 17 14 14  9  9 15 12 16 11 

 - observed time summary: 
    Min.  1st Qu.   Median     Mean  3rd Qu.     Max. 
 0.00000  0.02289  0.21600  0.62854  0.78997 10.54828 

 - event indicator table: 
   0    1 
1025 1508 

 - event time summary: 
   Min. 1st Qu.  Median    Mean 3rd Qu.    Max. 
 0.0000  0.0157  0.1670  0.5693  0.6633 10.5483 

 - censoring time summary: 
   Min. 1st Qu.  Median    Mean 3rd Qu.    Max. 
0.00000 0.04851 0.30285 0.71563 0.95020 8.20116 

 - treatment indicator table: 
   0    1 
1312 1221 

==========================================================================
===========================   Estimation start  ==========================
==========================================================================

--- Split:1 ---

   [*---------] 10% | ET: 20.7s 
   [**--------] 20% | ET: 41.4s 
   [***-------] 30% | ET: 62.7s 
   [****------] 40% | ET: 84.1s 
   [*****-----] 50% | ET: 104.4s 
   [******----] 60% | ET: 124s 
   [*******---] 70% | ET: 143.4s 
   [********--] 80% | ET: 162.2s 
   [*********-] 90% | ET: 183.4s 
   [**********] 100% | ET: 204.8s 

--- Split:2 ---

   [*---------] 10% | ET: 18.1s 
   [**--------] 20% | ET: 37.4s 
   [***-------] 30% | ET: 58.9s 
   [****------] 40% | ET: 80.4s 
   [*****-----] 50% | ET: 103.1s 
   [******----] 60% | ET: 124s 
   [*******---] 70% | ET: 144.8s 
   [********--] 80% | ET: 166.5s 
   [*********-] 90% | ET: 185.6s 
   [**********] 100% | ET: 207.2s 

--- IF for proposed nonparametric estimator computed --- ET: 423.8 seconds
--- Estimator computed: mu --- ET: 2 seconds --- 
--- Estimator computed: mu_1 --- ET: 1.5 seconds --- 
--- Estimator computed: mu_0 --- ET: 1.7 seconds --- 
--- Estimator computed: de --- ET: 1.3 seconds --- 
--- Estimator computed: oe --- ET: 1.3 seconds --- 
--- Estimator computed: se_1 --- ET: 1.3 seconds --- 
--- Estimator computed: se_0 --- ET: 1.3 seconds --- 
--- Total run time: 437.7 seconds --- 
Warning message:
In checkConv(attr(opt, "derivs"), opt$par, ctrl = control$checkConv,  :
  Model failed to converge with max|grad| = 0.00267586 (tol = 0.002, component 1)
--- Total run time: 464.1 seconds --- ###################################################
### Job finished at Wed Jun  4 22:49:46 EDT 2025 ###
###################################################
