##############################################################
### Job started at Wed Jun  4 23:02:06 EDT 2025 with p=TypeB, m=200, r=100, s=43 ###
##############################################################

Attaching package: ‘dplyr’

The following objects are masked from ‘package:stats’:

    filter, lag

The following objects are masked from ‘package:base’:

    intersect, setdiff, setequal, union

Loading required package: foreach
Loading required package: iterators
Loading required package: parallel

 randomForestSRC 3.2.2 
 
 Type rfsrc.news() to see new features, changes, and bug fixes. 
 

[conflicted] Will prefer dplyr::select over any other package.
[conflicted] Will prefer dplyr::filter over any other package.
[conflicted] Will prefer reshape2::melt over any other package.
── Attaching core tidyverse packages ──────────────────────── tidyverse 2.0.0 ──
✔ forcats   1.0.0     ✔ readr     2.1.4
✔ ggplot2   3.5.2     ✔ stringr   1.5.1
✔ lubridate 1.9.3     ✔ tibble    3.2.1
✔ purrr     0.3.5     ✔ tidyr     1.2.1
# A tibble: 42 × 4
   theta   tau estimand   truth
   <dbl> <dbl> <chr>      <dbl>
 1  0.3    0.2 de       -0.280 
 2  0.3    0.2 mu        0.450 
 3  0.3    0.2 mu_0      0.534 
 4  0.3    0.2 mu_1      0.254 
 5  0.3    0.2 oe        0.0775
 6  0.3    0.2 se_0      0.0390
 7  0.3    0.2 se_1      0.0310
 8  0.45   0.2 de       -0.272 
 9  0.45   0.2 mu        0.372 
10  0.45   0.2 mu_0      0.495 
11  0.45   0.2 mu_1      0.223 
12  0.45   0.2 oe        0     
13  0.45   0.2 se_0      0     
14  0.45   0.2 se_1      0     
15  0.6    0.2 de       -0.263 
16  0.6    0.2 mu        0.305 
17  0.6    0.2 mu_0      0.463 
18  0.6    0.2 mu_1      0.200 
19  0.6    0.2 oe       -0.0669
20  0.6    0.2 se_0     -0.0317
21  0.6    0.2 se_1     -0.0223
22  0.3    0.4 de       -0.264 
23  0.3    0.4 mu        0.554 
24  0.3    0.4 mu_0      0.634 
25  0.3    0.4 mu_1      0.370 
26  0.3    0.4 oe        0.0787
27  0.3    0.4 se_0      0.0397
28  0.3    0.4 se_1      0.0383
29  0.45   0.4 de       -0.263 
30  0.45   0.4 mu        0.476 
31  0.45   0.4 mu_0      0.594 
32  0.45   0.4 mu_1      0.331 
33  0.45   0.4 oe        0     
34  0.45   0.4 se_0      0     
35  0.45   0.4 se_1      0     
36  0.6    0.4 de       -0.256 
37  0.6    0.4 mu        0.406 
38  0.6    0.4 mu_0      0.560 
39  0.6    0.4 mu_1      0.304 
40  0.6    0.4 oe       -0.0693
41  0.6    0.4 se_0     -0.0336
42  0.6    0.4 se_1     -0.0274
Loading required package: Matrix

Attaching package: ‘Matrix’

The following objects are masked from ‘package:tidyr’:

    expand, pack, unpack


==========================================================================
===========================   Analysis setting  ==========================
==========================================================================

- taus: 0.1, 0.2, 0.3, 0.4, 0.5 

- policy: TypeB 

- thetas: 0.3, 0.31, 0.32, 0.33, 0.34, 0.35, 0.36, 0.37, 0.38, 0.39, 0.4, 0.41, 0.42, 0.43, 0.44, 0.45, 0.46, 0.47, 0.48, 0.49, 0.5, 0.51, 0.52, 0.53, 0.54, 0.55, 0.56, 0.57, 0.58, 0.59, 0.6 

- r: 100 

- K: 2 

- Nuisance estimation method: T para / C para / A para 

- m: 200 

- N_total: 2475 

- cluster size dist'n: 
 5  6  7  8  9 10 11 12 13 14 15 16 17 18 19 20 
17 10 10 14 12 13 14 11 12 14 13  7 22  8 13 10 

 - observed time summary: 
    Min.  1st Qu.   Median     Mean  3rd Qu.     Max. 
 0.00000  0.01957  0.19244  0.62824  0.82886 12.25864 

 - event indicator table: 
   0    1 
1007 1468 

 - event time summary: 
    Min.  1st Qu.   Median     Mean  3rd Qu.     Max. 
 0.00000  0.01409  0.16714  0.59920  0.78197 12.25864 

 - censoring time summary: 
   Min. 1st Qu.  Median    Mean 3rd Qu.    Max. 
0.00000 0.03427 0.26733 0.67057 0.90175 5.87647 

 - treatment indicator table: 
   0    1 
1326 1149 

==========================================================================
===========================   Estimation start  ==========================
==========================================================================

--- Split:1 ---

   [*---------] 10% | ET: 16s 
   [**--------] 20% | ET: 34.5s 
   [***-------] 30% | ET: 53.4s 
   [****------] 40% | ET: 72.7s 
   [*****-----] 50% | ET: 90.9s 
   [******----] 60% | ET: 109.8s 
   [*******---] 70% | ET: 126.7s 
   [********--] 80% | ET: 143.6s 
   [*********-] 90% | ET: 161.7s 
   [**********] 100% | ET: 179.5s 

--- Split:2 ---

   [*---------] 10% | ET: 15.2s 
   [**--------] 20% | ET: 32.9s 
   [***-------] 30% | ET: 50.8s 
   [****------] 40% | ET: 70.6s 
   [*****-----] 50% | ET: 88.9s 
   [******----] 60% | ET: 108.2s 
   [*******---] 70% | ET: 125.8s 
   [********--] 80% | ET: 143.6s 
   [*********-] 90% | ET: 162.9s 
   [**********] 100% | ET: 181.1s 

--- IF for proposed nonparametric estimator computed --- ET: 370.8 seconds
--- Estimator computed: mu --- ET: 1.8 seconds --- 
--- Estimator computed: mu_1 --- ET: 1.7 seconds --- 
--- Estimator computed: mu_0 --- ET: 1.4 seconds --- 
--- Estimator computed: de --- ET: 1.3 seconds --- 
--- Estimator computed: oe --- ET: 1.3 seconds --- 
--- Estimator computed: se_1 --- ET: 1.3 seconds --- 
--- Estimator computed: se_0 --- ET: 1.3 seconds --- 
--- Total run time: 384.1 seconds --- 
--- Total run time: 409.2 seconds --- ###################################################
### Job finished at Wed Jun  4 23:08:55 EDT 2025 ###
###################################################
