##############################################################
### Job started at Wed Jun  4 22:45:29 EDT 2025 with p=TypeB, m=200, r=100, s=43 ###
##############################################################

Attaching package: ‘dplyr’

The following objects are masked from ‘package:stats’:

    filter, lag

The following objects are masked from ‘package:base’:

    intersect, setdiff, setequal, union

Loading required package: foreach
Loading required package: iterators
Loading required package: parallel

 randomForestSRC 3.2.2 
 
 Type rfsrc.news() to see new features, changes, and bug fixes. 
 

[conflicted] Will prefer dplyr::select over any other package.
[conflicted] Will prefer dplyr::filter over any other package.
[conflicted] Will prefer reshape2::melt over any other package.
── Attaching core tidyverse packages ──────────────────────── tidyverse 2.0.0 ──
✔ forcats   1.0.0     ✔ readr     2.1.4
✔ ggplot2   3.5.2     ✔ stringr   1.5.1
✔ lubridate 1.9.3     ✔ tibble    3.2.1
✔ purrr     0.3.5     ✔ tidyr     1.2.1
# A tibble: 42 × 4
   theta   tau estimand   truth
   <dbl> <dbl> <chr>      <dbl>
 1  0.3    0.2 de       -0.293 
 2  0.3    0.2 mu        0.464 
 3  0.3    0.2 mu_0      0.552 
 4  0.3    0.2 mu_1      0.259 
 5  0.3    0.2 oe        0.0766
 6  0.3    0.2 se_0      0.0369
 7  0.3    0.2 se_1      0.0273
 8  0.45   0.2 de       -0.284 
 9  0.45   0.2 mu        0.388 
10  0.45   0.2 mu_0      0.516 
11  0.45   0.2 mu_1      0.232 
12  0.45   0.2 oe        0     
13  0.45   0.2 se_0      0     
14  0.45   0.2 se_1      0     
15  0.6    0.2 de       -0.280 
16  0.6    0.2 mu        0.320 
17  0.6    0.2 mu_0      0.488 
18  0.6    0.2 mu_1      0.208 
19  0.6    0.2 oe       -0.0680
20  0.6    0.2 se_0     -0.0275
21  0.6    0.2 se_1     -0.0241
22  0.3    0.4 de       -0.275 
23  0.3    0.4 mu        0.567 
24  0.3    0.4 mu_0      0.649 
25  0.3    0.4 mu_1      0.375 
26  0.3    0.4 oe        0.0753
27  0.3    0.4 se_0      0.0357
28  0.3    0.4 se_1      0.0322
29  0.45   0.4 de       -0.271 
30  0.45   0.4 mu        0.492 
31  0.45   0.4 mu_0      0.614 
32  0.45   0.4 mu_1      0.343 
33  0.45   0.4 oe        0     
34  0.45   0.4 se_0      0     
35  0.45   0.4 se_1      0     
36  0.6    0.4 de       -0.273 
37  0.6    0.4 mu        0.422 
38  0.6    0.4 mu_0      0.585 
39  0.6    0.4 mu_1      0.313 
40  0.6    0.4 oe       -0.0699
41  0.6    0.4 se_0     -0.0281
42  0.6    0.4 se_1     -0.0299
Loading required package: Matrix

Attaching package: ‘Matrix’

The following objects are masked from ‘package:tidyr’:

    expand, pack, unpack


==========================================================================
===========================   Analysis setting  ==========================
==========================================================================

- taus: 0.1, 0.2, 0.3, 0.4, 0.5 

- policy: TypeB 

- thetas: 0.3, 0.31, 0.32, 0.33, 0.34, 0.35, 0.36, 0.37, 0.38, 0.39, 0.4, 0.41, 0.42, 0.43, 0.44, 0.45, 0.46, 0.47, 0.48, 0.49, 0.5, 0.51, 0.52, 0.53, 0.54, 0.55, 0.56, 0.57, 0.58, 0.59, 0.6 

- r: 100 

- K: 2 

- Nuisance estimation method: T para / C para / A para 

- m: 200 

- N_total: 2565 

- cluster size dist'n: 
 5  6  7  8  9 10 11 12 13 14 15 16 17 18 19 20 
11  8 11 17 16 11 11 10 13 11 16  8 13 10 18 16 

 - observed time summary: 
    Min.  1st Qu.   Median     Mean  3rd Qu.     Max. 
 0.00000  0.01924  0.19314  0.62352  0.74744 15.63872 

 - event indicator table: 
   0    1 
 988 1577 

 - event time summary: 
    Min.  1st Qu.   Median     Mean  3rd Qu.     Max. 
 0.00000  0.01261  0.14695  0.58272  0.66403 15.63872 

 - censoring time summary: 
    Min.  1st Qu.   Median     Mean  3rd Qu.     Max. 
 0.00000  0.04299  0.27318  0.68865  0.88396 11.09955 

 - treatment indicator table: 
   0    1 
1356 1209 

==========================================================================
===========================   Estimation start  ==========================
==========================================================================

--- Split:1 ---

   [*---------] 10% | ET: 10.7s 
   [**--------] 20% | ET: 23.7s 
   [***-------] 30% | ET: 36.1s 
   [****------] 40% | ET: 48.7s 
   [*****-----] 50% | ET: 61.1s 
   [******----] 60% | ET: 73.6s 
   [*******---] 70% | ET: 85.3s 
   [********--] 80% | ET: 97.1s 
   [*********-] 90% | ET: 109.5s 
   [**********] 100% | ET: 121s 

--- Split:2 ---

   [*---------] 10% | ET: 11.1s 
   [**--------] 20% | ET: 22.4s 
   [***-------] 30% | ET: 33.7s 
   [****------] 40% | ET: 45.2s 
   [*****-----] 50% | ET: 57.2s 
   [******----] 60% | ET: 68.9s 
   [*******---] 70% | ET: 81.1s 
   [********--] 80% | ET: 92.7s 
   [*********-] 90% | ET: 104.7s 
   [**********] 100% | ET: 116.8s 

--- IF for proposed nonparametric estimator computed --- ET: 243.5 seconds
--- Estimator computed: mu --- ET: 1 seconds --- 
--- Estimator computed: mu_1 --- ET: 0.9 seconds --- 
--- Estimator computed: mu_0 --- ET: 0.7 seconds --- 
--- Estimator computed: de --- ET: 0.7 seconds --- 
--- Estimator computed: oe --- ET: 0.7 seconds --- 
--- Estimator computed: se_1 --- ET: 0.7 seconds --- 
--- Estimator computed: se_0 --- ET: 0.7 seconds --- 
--- Total run time: 251.6 seconds --- 
--- Total run time: 264.4 seconds --- ###################################################
### Job finished at Wed Jun  4 22:49:53 EDT 2025 ###
###################################################
