##############################################################
### Job started at Wed Jun  4 23:04:08 EDT 2025 with p=TypeB, m=200, r=100, s=43 ###
##############################################################

Attaching package: ‘dplyr’

The following objects are masked from ‘package:stats’:

    filter, lag

The following objects are masked from ‘package:base’:

    intersect, setdiff, setequal, union

Loading required package: foreach
Loading required package: iterators
Loading required package: parallel

 randomForestSRC 3.2.2 
 
 Type rfsrc.news() to see new features, changes, and bug fixes. 
 

[conflicted] Will prefer dplyr::select over any other package.
[conflicted] Will prefer dplyr::filter over any other package.
[conflicted] Will prefer reshape2::melt over any other package.
── Attaching core tidyverse packages ──────────────────────── tidyverse 2.0.0 ──
✔ forcats   1.0.0     ✔ readr     2.1.4
✔ ggplot2   3.5.2     ✔ stringr   1.5.1
✔ lubridate 1.9.3     ✔ tibble    3.2.1
✔ purrr     0.3.5     ✔ tidyr     1.2.1
# A tibble: 42 × 4
   theta   tau estimand   truth
   <dbl> <dbl> <chr>      <dbl>
 1  0.3    0.2 de       -0.273 
 2  0.3    0.2 mu        0.432 
 3  0.3    0.2 mu_0      0.514 
 4  0.3    0.2 mu_1      0.241 
 5  0.3    0.2 oe        0.0699
 6  0.3    0.2 se_0      0.0334
 7  0.3    0.2 se_1      0.0233
 8  0.45   0.2 de       -0.263 
 9  0.45   0.2 mu        0.362 
10  0.45   0.2 mu_0      0.481 
11  0.45   0.2 mu_1      0.218 
12  0.45   0.2 oe        0     
13  0.45   0.2 se_0      0     
14  0.45   0.2 se_1      0     
15  0.6    0.2 de       -0.263 
16  0.6    0.2 mu        0.309 
17  0.6    0.2 mu_0      0.466 
18  0.6    0.2 mu_1      0.204 
19  0.6    0.2 oe       -0.0536
20  0.6    0.2 se_0     -0.0145
21  0.6    0.2 se_1     -0.0138
22  0.3    0.4 de       -0.259 
23  0.3    0.4 mu        0.535 
24  0.3    0.4 mu_0      0.613 
25  0.3    0.4 mu_1      0.354 
26  0.3    0.4 oe        0.0684
27  0.3    0.4 se_0      0.0318
28  0.3    0.4 se_1      0.0268
29  0.45   0.4 de       -0.254 
30  0.45   0.4 mu        0.467 
31  0.45   0.4 mu_0      0.581 
32  0.45   0.4 mu_1      0.327 
33  0.45   0.4 oe        0     
34  0.45   0.4 se_0      0     
35  0.45   0.4 se_1      0     
36  0.6    0.4 de       -0.259 
37  0.6    0.4 mu        0.415 
38  0.6    0.4 mu_0      0.570 
39  0.6    0.4 mu_1      0.312 
40  0.6    0.4 oe       -0.0516
41  0.6    0.4 se_0     -0.0109
42  0.6    0.4 se_1     -0.0152
Loading required package: Matrix

Attaching package: ‘Matrix’

The following objects are masked from ‘package:tidyr’:

    expand, pack, unpack


==========================================================================
===========================   Analysis setting  ==========================
==========================================================================

- taus: 0.1, 0.2, 0.3, 0.4, 0.5 

- policy: TypeB 

- thetas: 0.3, 0.31, 0.32, 0.33, 0.34, 0.35, 0.36, 0.37, 0.38, 0.39, 0.4, 0.41, 0.42, 0.43, 0.44, 0.45, 0.46, 0.47, 0.48, 0.49, 0.5, 0.51, 0.52, 0.53, 0.54, 0.55, 0.56, 0.57, 0.58, 0.59, 0.6 

- r: 100 

- K: 2 

- Nuisance estimation method: T para / C para / A para 

- m: 200 

- N_total: 2511 

- cluster size dist'n: 
 5  6  7  8  9 10 11 12 13 14 15 16 17 18 19 20 
13  9 10 13 12 11 19 15 13 15  9 10  9 22 12  8 

 - observed time summary: 
    Min.  1st Qu.   Median     Mean  3rd Qu.     Max. 
 0.00000  0.02109  0.23524  0.63170  0.77238 10.05536 

 - event indicator table: 
   0    1 
 993 1518 

 - event time summary: 
   Min. 1st Qu.  Median    Mean 3rd Qu.    Max. 
0.00000 0.01576 0.20349 0.58456 0.68673 9.62415 

 - censoring time summary: 
    Min.  1st Qu.   Median     Mean  3rd Qu.     Max. 
 0.00000  0.04297  0.28116  0.70378  0.88506 10.05536 

 - treatment indicator table: 
   0    1 
1322 1189 

==========================================================================
===========================   Estimation start  ==========================
==========================================================================

--- Split:1 ---

   [*---------] 10% | ET: 18s 
   [**--------] 20% | ET: 36.9s 
   [***-------] 30% | ET: 58.5s 
   [****------] 40% | ET: 77.1s 
   [*****-----] 50% | ET: 97.3s 
   [******----] 60% | ET: 118.7s 
   [*******---] 70% | ET: 137.4s 
   [********--] 80% | ET: 155.5s 
   [*********-] 90% | ET: 176s 
   [**********] 100% | ET: 196s 

--- Split:2 ---

   [*---------] 10% | ET: 17.4s 
   [**--------] 20% | ET: 37.4s 
   [***-------] 30% | ET: 58.1s 
   [****------] 40% | ET: 77.5s 
   [*****-----] 50% | ET: 97.6s 
   [******----] 60% | ET: 116.9s 
   [*******---] 70% | ET: 138.3s 
   [********--] 80% | ET: 157.3s 
   [*********-] 90% | ET: 176.8s 
   [**********] 100% | ET: 196.9s 

--- IF for proposed nonparametric estimator computed --- ET: 405.6 seconds
--- Estimator computed: mu --- ET: 1.9 seconds --- 
--- Estimator computed: mu_1 --- ET: 1.5 seconds --- 
--- Estimator computed: mu_0 --- ET: 1.3 seconds --- 
--- Estimator computed: de --- ET: 1.3 seconds --- 
--- Estimator computed: oe --- ET: 1.3 seconds --- 
--- Estimator computed: se_1 --- ET: 1.4 seconds --- 
--- Estimator computed: se_0 --- ET: 1.3 seconds --- 
--- Total run time: 419.3 seconds --- 
--- Total run time: 445 seconds --- ###################################################
### Job finished at Wed Jun  4 23:11:33 EDT 2025 ###
###################################################
