##############################################################
### Job started at Wed Jun  4 22:37:28 EDT 2025 with p=TypeB, m=200, r=100, s=43 ###
##############################################################

Attaching package: ‘dplyr’

The following objects are masked from ‘package:stats’:

    filter, lag

The following objects are masked from ‘package:base’:

    intersect, setdiff, setequal, union

Loading required package: foreach
Loading required package: iterators
Loading required package: parallel

 randomForestSRC 3.2.2 
 
 Type rfsrc.news() to see new features, changes, and bug fixes. 
 

[conflicted] Will prefer dplyr::select over any other package.
[conflicted] Will prefer dplyr::filter over any other package.
[conflicted] Will prefer reshape2::melt over any other package.
── Attaching core tidyverse packages ──────────────────────── tidyverse 2.0.0 ──
✔ forcats   1.0.0     ✔ readr     2.1.4
✔ ggplot2   3.5.2     ✔ stringr   1.5.1
✔ lubridate 1.9.3     ✔ tibble    3.2.1
✔ purrr     0.3.5     ✔ tidyr     1.2.1
# A tibble: 42 × 4
   theta   tau estimand   truth
   <dbl> <dbl> <chr>      <dbl>
 1  0.3    0.2 de       -0.294 
 2  0.3    0.2 mu        0.461 
 3  0.3    0.2 mu_0      0.549 
 4  0.3    0.2 mu_1      0.255 
 5  0.3    0.2 oe        0.0814
 6  0.3    0.2 se_0      0.0428
 7  0.3    0.2 se_1      0.0307
 8  0.45   0.2 de       -0.282 
 9  0.45   0.2 mu        0.379 
10  0.45   0.2 mu_0      0.506 
11  0.45   0.2 mu_1      0.224 
12  0.45   0.2 oe        0     
13  0.45   0.2 se_0      0     
14  0.45   0.2 se_1      0     
15  0.6    0.2 de       -0.271 
16  0.6    0.2 mu        0.311 
17  0.6    0.2 mu_0      0.473 
18  0.6    0.2 mu_1      0.202 
19  0.6    0.2 oe       -0.0686
20  0.6    0.2 se_0     -0.0329
21  0.6    0.2 se_1     -0.0220
22  0.3    0.4 de       -0.278 
23  0.3    0.4 mu        0.565 
24  0.3    0.4 mu_0      0.648 
25  0.3    0.4 mu_1      0.371 
26  0.3    0.4 oe        0.0823
27  0.3    0.4 se_0      0.0433
28  0.3    0.4 se_1      0.0375
29  0.45   0.4 de       -0.272 
30  0.45   0.4 mu        0.483 
31  0.45   0.4 mu_0      0.605 
32  0.45   0.4 mu_1      0.333 
33  0.45   0.4 oe        0     
34  0.45   0.4 se_0      0     
35  0.45   0.4 se_1      0     
36  0.6    0.4 de       -0.265 
37  0.6    0.4 mu        0.412 
38  0.6    0.4 mu_0      0.571 
39  0.6    0.4 mu_1      0.306 
40  0.6    0.4 oe       -0.0707
41  0.6    0.4 se_0     -0.0342
42  0.6    0.4 se_1     -0.0271
Loading required package: Matrix

Attaching package: ‘Matrix’

The following objects are masked from ‘package:tidyr’:

    expand, pack, unpack


==========================================================================
===========================   Analysis setting  ==========================
==========================================================================

- taus: 0.1, 0.2, 0.3, 0.4, 0.5 

- policy: TypeB 

- thetas: 0.3, 0.31, 0.32, 0.33, 0.34, 0.35, 0.36, 0.37, 0.38, 0.39, 0.4, 0.41, 0.42, 0.43, 0.44, 0.45, 0.46, 0.47, 0.48, 0.49, 0.5, 0.51, 0.52, 0.53, 0.54, 0.55, 0.56, 0.57, 0.58, 0.59, 0.6 

- r: 100 

- K: 2 

- Nuisance estimation method: T para / C para / A para 

- m: 200 

- N_total: 2586 

- cluster size dist'n: 
 5  6  7  8  9 10 11 12 13 14 15 16 17 18 19 20 
 8 15 11 13 12 12  9  9 12 12 15 14 17 12 18 11 

 - observed time summary: 
    Min.  1st Qu.   Median     Mean  3rd Qu.     Max. 
 0.00000  0.01914  0.18278  0.57220  0.71122 10.63819 

 - event indicator table: 
   0    1 
1019 1567 

 - event time summary: 
   Min. 1st Qu.  Median    Mean 3rd Qu.    Max. 
 0.0000  0.0104  0.1445  0.5015  0.6027 10.6382 

 - censoring time summary: 
   Min. 1st Qu.  Median    Mean 3rd Qu.    Max. 
0.00000 0.04342 0.27842 0.68097 0.84045 9.69554 

 - treatment indicator table: 
   0    1 
1362 1224 

==========================================================================
===========================   Estimation start  ==========================
==========================================================================

--- Split:1 ---

   [*---------] 10% | ET: 19.4s 
   [**--------] 20% | ET: 37.2s 
   [***-------] 30% | ET: 55.1s 
   [****------] 40% | ET: 73.7s 
   [*****-----] 50% | ET: 91s 
   [******----] 60% | ET: 111.7s 
   [*******---] 70% | ET: 131s 
   [********--] 80% | ET: 151.1s 
   [*********-] 90% | ET: 172s 
   [**********] 100% | ET: 189.2s 

--- Split:2 ---

   [*---------] 10% | ET: 16.3s 
   [**--------] 20% | ET: 35.1s 
   [***-------] 30% | ET: 54.4s 
   [****------] 40% | ET: 73.3s 
   [*****-----] 50% | ET: 92.4s 
   [******----] 60% | ET: 112.2s 
   [*******---] 70% | ET: 130.4s 
   [********--] 80% | ET: 148.3s 
   [*********-] 90% | ET: 167.3s 
   [**********] 100% | ET: 185.9s 

--- IF for proposed nonparametric estimator computed --- ET: 384.4 seconds
--- Estimator computed: mu --- ET: 1.3 seconds --- 
--- Estimator computed: mu_1 --- ET: 1.1 seconds --- 
--- Estimator computed: mu_0 --- ET: 1.2 seconds --- 
--- Estimator computed: de --- ET: 1 seconds --- 
--- Estimator computed: oe --- ET: 1 seconds --- 
--- Estimator computed: se_1 --- ET: 0.9 seconds --- 
--- Estimator computed: se_0 --- ET: 0.9 seconds --- 
--- Total run time: 394.6 seconds --- 
--- Total run time: 413.7 seconds --- ###################################################
### Job finished at Wed Jun  4 22:44:22 EDT 2025 ###
###################################################
