##############################################################
### Job started at Wed Jun  4 23:18:31 EDT 2025 with p=TypeB, m=200, r=100, s=43 ###
##############################################################

Attaching package: ‘dplyr’

The following objects are masked from ‘package:stats’:

    filter, lag

The following objects are masked from ‘package:base’:

    intersect, setdiff, setequal, union

Loading required package: foreach
Loading required package: iterators
Loading required package: parallel

 randomForestSRC 3.2.2 
 
 Type rfsrc.news() to see new features, changes, and bug fixes. 
 

[conflicted] Will prefer dplyr::select over any other package.
[conflicted] Will prefer dplyr::filter over any other package.
[conflicted] Will prefer reshape2::melt over any other package.
── Attaching core tidyverse packages ──────────────────────── tidyverse 2.0.0 ──
✔ forcats   1.0.0     ✔ readr     2.1.4
✔ ggplot2   3.5.2     ✔ stringr   1.5.1
✔ lubridate 1.9.3     ✔ tibble    3.2.1
✔ purrr     0.3.5     ✔ tidyr     1.2.1
# A tibble: 42 × 4
   theta   tau estimand   truth
   <dbl> <dbl> <chr>      <dbl>
 1  0.3    0.2 de       -0.288 
 2  0.3    0.2 mu        0.458 
 3  0.3    0.2 mu_0      0.545 
 4  0.3    0.2 mu_1      0.256 
 5  0.3    0.2 oe        0.0708
 6  0.3    0.2 se_0      0.0297
 7  0.3    0.2 se_1      0.0249
 8  0.45   0.2 de       -0.284 
 9  0.45   0.2 mu        0.387 
10  0.45   0.2 mu_0      0.515 
11  0.45   0.2 mu_1      0.231 
12  0.45   0.2 oe        0     
13  0.45   0.2 se_0      0     
14  0.45   0.2 se_1      0     
15  0.6    0.2 de       -0.275 
16  0.6    0.2 mu        0.320 
17  0.6    0.2 mu_0      0.485 
18  0.6    0.2 mu_1      0.210 
19  0.6    0.2 oe       -0.0675
20  0.6    0.2 se_0     -0.0298
21  0.6    0.2 se_1     -0.0217
22  0.3    0.4 de       -0.270 
23  0.3    0.4 mu        0.561 
24  0.3    0.4 mu_0      0.642 
25  0.3    0.4 mu_1      0.372 
26  0.3    0.4 oe        0.0690
27  0.3    0.4 se_0      0.0279
28  0.3    0.4 se_1      0.0292
29  0.45   0.4 de       -0.271 
30  0.45   0.4 mu        0.492 
31  0.45   0.4 mu_0      0.614 
32  0.45   0.4 mu_1      0.343 
33  0.45   0.4 oe        0     
34  0.45   0.4 se_0      0     
35  0.45   0.4 se_1      0     
36  0.6    0.4 de       -0.268 
37  0.6    0.4 mu        0.423 
38  0.6    0.4 mu_0      0.583 
39  0.6    0.4 mu_1      0.316 
40  0.6    0.4 oe       -0.0691
41  0.6    0.4 se_0     -0.0307
42  0.6    0.4 se_1     -0.0268
Loading required package: Matrix

Attaching package: ‘Matrix’

The following objects are masked from ‘package:tidyr’:

    expand, pack, unpack


==========================================================================
===========================   Analysis setting  ==========================
==========================================================================

- taus: 0.1, 0.2, 0.3, 0.4, 0.5 

- policy: TypeB 

- thetas: 0.3, 0.31, 0.32, 0.33, 0.34, 0.35, 0.36, 0.37, 0.38, 0.39, 0.4, 0.41, 0.42, 0.43, 0.44, 0.45, 0.46, 0.47, 0.48, 0.49, 0.5, 0.51, 0.52, 0.53, 0.54, 0.55, 0.56, 0.57, 0.58, 0.59, 0.6 

- r: 100 

- K: 2 

- Nuisance estimation method: T para / C para / A para 

- m: 200 

- N_total: 2546 

- cluster size dist'n: 
 5  6  7  8  9 10 11 12 13 14 15 16 17 18 19 20 
13 12 13 11 14  9 11 13  8 14 11 14 14 18 14 11 

 - observed time summary: 
    Min.  1st Qu.   Median     Mean  3rd Qu.     Max. 
 0.00000  0.01776  0.19241  0.60981  0.76515 10.23923 

 - event indicator table: 
   0    1 
1030 1516 

 - event time summary: 
   Min. 1st Qu.  Median    Mean 3rd Qu.    Max. 
0.00000 0.00986 0.13770 0.54887 0.67703 8.76278 

 - censoring time summary: 
    Min.  1st Qu.   Median     Mean  3rd Qu.     Max. 
 0.00000  0.04149  0.28422  0.69950  0.87726 10.23923 

 - treatment indicator table: 
   0    1 
1340 1206 

==========================================================================
===========================   Estimation start  ==========================
==========================================================================

--- Split:1 ---

   [*---------] 10% | ET: 15.8s 
   [**--------] 20% | ET: 34.5s 
   [***-------] 30% | ET: 53.2s 
   [****------] 40% | ET: 71.5s 
   [*****-----] 50% | ET: 90.1s 
   [******----] 60% | ET: 107.7s 
   [*******---] 70% | ET: 127.1s 
   [********--] 80% | ET: 146.4s 
   [*********-] 90% | ET: 163.9s 
   [**********] 100% | ET: 183.1s 

--- Split:2 ---

   [*---------] 10% | ET: 14.3s 
   [**--------] 20% | ET: 33.6s 
   [***-------] 30% | ET: 53s 
   [****------] 40% | ET: 73.6s 
   [*****-----] 50% | ET: 90.6s 
   [******----] 60% | ET: 110s 
   [*******---] 70% | ET: 127.3s 
   [********--] 80% | ET: 145.8s 
   [*********-] 90% | ET: 163.7s 
   [**********] 100% | ET: 182.3s 

--- IF for proposed nonparametric estimator computed --- ET: 376.3 seconds
--- Estimator computed: mu --- ET: 1.8 seconds --- 
--- Estimator computed: mu_1 --- ET: 1.5 seconds --- 
--- Estimator computed: mu_0 --- ET: 1.5 seconds --- 
--- Estimator computed: de --- ET: 1.3 seconds --- 
--- Estimator computed: oe --- ET: 1.2 seconds --- 
--- Estimator computed: se_1 --- ET: 1.3 seconds --- 
--- Estimator computed: se_0 --- ET: 1.2 seconds --- 
--- Total run time: 389.4 seconds --- 
--- Total run time: 414.5 seconds --- ###################################################
### Job finished at Wed Jun  4 23:25:26 EDT 2025 ###
###################################################
