##############################################################
### Job started at Wed Jun  4 22:33:39 EDT 2025 with p=TypeB, m=200, r=100, s=43 ###
##############################################################

Attaching package: ‘dplyr’

The following objects are masked from ‘package:stats’:

    filter, lag

The following objects are masked from ‘package:base’:

    intersect, setdiff, setequal, union

Loading required package: foreach
Loading required package: iterators
Loading required package: parallel

 randomForestSRC 3.2.2 
 
 Type rfsrc.news() to see new features, changes, and bug fixes. 
 

[conflicted] Will prefer dplyr::select over any other package.
[conflicted] Will prefer dplyr::filter over any other package.
[conflicted] Will prefer reshape2::melt over any other package.
── Attaching core tidyverse packages ──────────────────────── tidyverse 2.0.0 ──
✔ forcats   1.0.0     ✔ readr     2.1.4
✔ ggplot2   3.5.2     ✔ stringr   1.5.1
✔ lubridate 1.9.3     ✔ tibble    3.2.1
✔ purrr     0.3.5     ✔ tidyr     1.2.1
# A tibble: 42 × 4
   theta   tau estimand   truth
   <dbl> <dbl> <chr>      <dbl>
 1  0.3    0.2 de       -0.296 
 2  0.3    0.2 mu        0.457 
 3  0.3    0.2 mu_0      0.546 
 4  0.3    0.2 mu_1      0.250 
 5  0.3    0.2 oe        0.0912
 6  0.3    0.2 se_0      0.0555
 7  0.3    0.2 se_1      0.0360
 8  0.45   0.2 de       -0.277 
 9  0.45   0.2 mu        0.366 
10  0.45   0.2 mu_0      0.490 
11  0.45   0.2 mu_1      0.214 
12  0.45   0.2 oe        0     
13  0.45   0.2 se_0      0     
14  0.45   0.2 se_1      0     
15  0.6    0.2 de       -0.257 
16  0.6    0.2 mu        0.293 
17  0.6    0.2 mu_0      0.447 
18  0.6    0.2 mu_1      0.190 
19  0.6    0.2 oe       -0.0729
20  0.6    0.2 se_0     -0.0434
21  0.6    0.2 se_1     -0.0234
22  0.3    0.4 de       -0.284 
23  0.3    0.4 mu        0.564 
24  0.3    0.4 mu_0      0.649 
25  0.3    0.4 mu_1      0.366 
26  0.3    0.4 oe        0.0961
27  0.3    0.4 se_0      0.0595
28  0.3    0.4 se_1      0.0462
29  0.45   0.4 de       -0.270 
30  0.45   0.4 mu        0.468 
31  0.45   0.4 mu_0      0.590 
32  0.45   0.4 mu_1      0.319 
33  0.45   0.4 oe        0     
34  0.45   0.4 se_0      0     
35  0.45   0.4 se_1      0     
36  0.6    0.4 de       -0.253 
37  0.6    0.4 mu        0.390 
38  0.6    0.4 mu_0      0.542 
39  0.6    0.4 mu_1      0.289 
40  0.6    0.4 oe       -0.0778
41  0.6    0.4 se_0     -0.0478
42  0.6    0.4 se_1     -0.0302
Loading required package: Matrix

Attaching package: ‘Matrix’

The following objects are masked from ‘package:tidyr’:

    expand, pack, unpack


==========================================================================
===========================   Analysis setting  ==========================
==========================================================================

- taus: 0.1, 0.2, 0.3, 0.4, 0.5 

- policy: TypeB 

- thetas: 0.3, 0.31, 0.32, 0.33, 0.34, 0.35, 0.36, 0.37, 0.38, 0.39, 0.4, 0.41, 0.42, 0.43, 0.44, 0.45, 0.46, 0.47, 0.48, 0.49, 0.5, 0.51, 0.52, 0.53, 0.54, 0.55, 0.56, 0.57, 0.58, 0.59, 0.6 

- r: 100 

- K: 2 

- Nuisance estimation method: T para / C para / A para 

- m: 200 

- N_total: 2450 

- cluster size dist'n: 
 5  6  7  8  9 10 11 12 13 14 15 16 17 18 19 20 
13 17 12 13 19 10 12 10  8  9 13 12 16 12 13 11 

 - observed time summary: 
    Min.  1st Qu.   Median     Mean  3rd Qu.     Max. 
 0.00000  0.01746  0.19456  0.58023  0.75887 11.73941 

 - event indicator table: 
   0    1 
 979 1471 

 - event time summary: 
    Min.  1st Qu.   Median     Mean  3rd Qu.     Max. 
 0.00000  0.01019  0.15541  0.51199  0.63038 11.73941 

 - censoring time summary: 
   Min. 1st Qu.  Median    Mean 3rd Qu.    Max. 
0.00000 0.04345 0.27848 0.68276 0.93784 7.91324 

 - treatment indicator table: 
   0    1 
1299 1151 

==========================================================================
===========================   Estimation start  ==========================
==========================================================================

--- Split:1 ---

   [*---------] 10% | ET: 26.8s 
   [**--------] 20% | ET: 52.4s 
   [***-------] 30% | ET: 80.1s 
   [****------] 40% | ET: 105.3s 
   [*****-----] 50% | ET: 131.1s 
   [******----] 60% | ET: 157.1s 
   [*******---] 70% | ET: 187.2s 
   [********--] 80% | ET: 226.6s 
   [*********-] 90% | ET: 253.5s 
   [**********] 100% | ET: 276.2s 

--- Split:2 ---

   [*---------] 10% | ET: 20.8s 
   [**--------] 20% | ET: 42.7s 
   [***-------] 30% | ET: 66.8s 
   [****------] 40% | ET: 90s 
   [*****-----] 50% | ET: 113.9s 
   [******----] 60% | ET: 137.5s 
   [*******---] 70% | ET: 161.8s 
   [********--] 80% | ET: 188.3s 
   [*********-] 90% | ET: 216.2s 
   [**********] 100% | ET: 241.5s 

--- IF for proposed nonparametric estimator computed --- ET: 531.8 seconds
--- Estimator computed: mu --- ET: 2.9 seconds --- 
--- Estimator computed: mu_1 --- ET: 1.7 seconds --- 
--- Estimator computed: mu_0 --- ET: 2 seconds --- 
--- Estimator computed: de --- ET: 1.9 seconds --- 
--- Estimator computed: oe --- ET: 1.6 seconds --- 
--- Estimator computed: se_1 --- ET: 1.6 seconds --- 
--- Estimator computed: se_0 --- ET: 1.3 seconds --- 
--- Total run time: 550.3 seconds --- 
Warning message:
In checkConv(attr(opt, "derivs"), opt$par, ctrl = control$checkConv,  :
  Model failed to converge with max|grad| = 0.00359776 (tol = 0.002, component 1)
--- Total run time: 577.2 seconds --- ###################################################
### Job finished at Wed Jun  4 22:43:16 EDT 2025 ###
###################################################
