##############################################################
### Job started at Wed Jun  4 22:45:29 EDT 2025 with p=TypeB, m=200, r=100, s=43 ###
##############################################################

Attaching package: ‘dplyr’

The following objects are masked from ‘package:stats’:

    filter, lag

The following objects are masked from ‘package:base’:

    intersect, setdiff, setequal, union

Loading required package: foreach
Loading required package: iterators
Loading required package: parallel

 randomForestSRC 3.2.2 
 
 Type rfsrc.news() to see new features, changes, and bug fixes. 
 

[conflicted] Will prefer dplyr::select over any other package.
[conflicted] Will prefer dplyr::filter over any other package.
[conflicted] Will prefer reshape2::melt over any other package.
── Attaching core tidyverse packages ──────────────────────── tidyverse 2.0.0 ──
✔ forcats   1.0.0     ✔ readr     2.1.4
✔ ggplot2   3.5.2     ✔ stringr   1.5.1
✔ lubridate 1.9.3     ✔ tibble    3.2.1
✔ purrr     0.3.5     ✔ tidyr     1.2.1
# A tibble: 42 × 4
   theta   tau estimand   truth
   <dbl> <dbl> <chr>      <dbl>
 1  0.3    0.2 de       -0.281 
 2  0.3    0.2 mu        0.444 
 3  0.3    0.2 mu_0      0.528 
 4  0.3    0.2 mu_1      0.247 
 5  0.3    0.2 oe        0.0638
 6  0.3    0.2 se_0      0.0255
 7  0.3    0.2 se_1      0.0170
 8  0.45   0.2 de       -0.272 
 9  0.45   0.2 mu        0.380 
10  0.45   0.2 mu_0      0.502 
11  0.45   0.2 mu_1      0.230 
12  0.45   0.2 oe        0     
13  0.45   0.2 se_0      0     
14  0.45   0.2 se_1      0     
15  0.6    0.2 de       -0.272 
16  0.6    0.2 mu        0.323 
17  0.6    0.2 mu_0      0.486 
18  0.6    0.2 mu_1      0.215 
19  0.6    0.2 oe       -0.0567
20  0.6    0.2 se_0     -0.0162
21  0.6    0.2 se_1     -0.0156
22  0.3    0.4 de       -0.265 
23  0.3    0.4 mu        0.546 
24  0.3    0.4 mu_0      0.626 
25  0.3    0.4 mu_1      0.361 
26  0.3    0.4 oe        0.0611
27  0.3    0.4 se_0      0.0237
28  0.3    0.4 se_1      0.0186
29  0.45   0.4 de       -0.260 
30  0.45   0.4 mu        0.485 
31  0.45   0.4 mu_0      0.602 
32  0.45   0.4 mu_1      0.342 
33  0.45   0.4 oe        0     
34  0.45   0.4 se_0      0     
35  0.45   0.4 se_1      0     
36  0.6    0.4 de       -0.263 
37  0.6    0.4 mu        0.430 
38  0.6    0.4 mu_0      0.588 
39  0.6    0.4 mu_1      0.324 
40  0.6    0.4 oe       -0.0557
41  0.6    0.4 se_0     -0.0147
42  0.6    0.4 se_1     -0.0181
Loading required package: Matrix

Attaching package: ‘Matrix’

The following objects are masked from ‘package:tidyr’:

    expand, pack, unpack


==========================================================================
===========================   Analysis setting  ==========================
==========================================================================

- taus: 0.1, 0.2, 0.3, 0.4, 0.5 

- policy: TypeB 

- thetas: 0.3, 0.31, 0.32, 0.33, 0.34, 0.35, 0.36, 0.37, 0.38, 0.39, 0.4, 0.41, 0.42, 0.43, 0.44, 0.45, 0.46, 0.47, 0.48, 0.49, 0.5, 0.51, 0.52, 0.53, 0.54, 0.55, 0.56, 0.57, 0.58, 0.59, 0.6 

- r: 100 

- K: 2 

- Nuisance estimation method: T para / C para / A para 

- m: 200 

- N_total: 2538 

- cluster size dist'n: 
 5  6  7  8  9 10 11 12 13 14 15 16 17 18 19 20 
11 10 13 12 12  9 14 15 10 12 17 18 12 16  9 10 

 - observed time summary: 
    Min.  1st Qu.   Median     Mean  3rd Qu.     Max. 
 0.00000  0.02459  0.22711  0.65077  0.81994 10.52007 

 - event indicator table: 
   0    1 
1024 1514 

 - event time summary: 
   Min. 1st Qu.  Median    Mean 3rd Qu.    Max. 
0.00000 0.01548 0.18819 0.59597 0.73626 8.99191 

 - censoring time summary: 
    Min.  1st Qu.   Median     Mean  3rd Qu.     Max. 
 0.00000  0.04524  0.31174  0.73179  0.96025 10.52007 

 - treatment indicator table: 
   0    1 
1303 1235 

==========================================================================
===========================   Estimation start  ==========================
==========================================================================

--- Split:1 ---

   [*---------] 10% | ET: 19.4s 
   [**--------] 20% | ET: 41.7s 
   [***-------] 30% | ET: 63.2s 
   [****------] 40% | ET: 83.3s 
   [*****-----] 50% | ET: 103.6s 
   [******----] 60% | ET: 124.9s 
   [*******---] 70% | ET: 145.1s 
   [********--] 80% | ET: 163.4s 
   [*********-] 90% | ET: 186.3s 
   [**********] 100% | ET: 209.5s 

--- Split:2 ---

   [*---------] 10% | ET: 19.7s 
   [**--------] 20% | ET: 41.9s 
   [***-------] 30% | ET: 64.4s 
   [****------] 40% | ET: 88.4s 
   [*****-----] 50% | ET: 111.2s 
   [******----] 60% | ET: 130.4s 
   [*******---] 70% | ET: 150.5s 
   [********--] 80% | ET: 168s 
   [*********-] 90% | ET: 189.7s 
   [**********] 100% | ET: 210.1s 

--- IF for proposed nonparametric estimator computed --- ET: 428 seconds
--- Estimator computed: mu --- ET: 1.4 seconds --- 
--- Estimator computed: mu_1 --- ET: 1.1 seconds --- 
--- Estimator computed: mu_0 --- ET: 0.9 seconds --- 
--- Estimator computed: de --- ET: 0.9 seconds --- 
--- Estimator computed: oe --- ET: 0.8 seconds --- 
--- Estimator computed: se_1 --- ET: 0.8 seconds --- 
--- Estimator computed: se_0 --- ET: 0.8 seconds --- 
--- Total run time: 438.1 seconds --- 
--- Total run time: 454.9 seconds --- ###################################################
### Job finished at Wed Jun  4 22:53:04 EDT 2025 ###
###################################################
