##############################################################
### Job started at Wed Jun  4 22:35:56 EDT 2025 with p=TypeB, m=200, r=100, s=43 ###
##############################################################

Attaching package: ‘dplyr’

The following objects are masked from ‘package:stats’:

    filter, lag

The following objects are masked from ‘package:base’:

    intersect, setdiff, setequal, union

Loading required package: foreach
Loading required package: iterators
Loading required package: parallel

 randomForestSRC 3.2.2 
 
 Type rfsrc.news() to see new features, changes, and bug fixes. 
 

[conflicted] Will prefer dplyr::select over any other package.
[conflicted] Will prefer dplyr::filter over any other package.
[conflicted] Will prefer reshape2::melt over any other package.
── Attaching core tidyverse packages ──────────────────────── tidyverse 2.0.0 ──
✔ forcats   1.0.0     ✔ readr     2.1.4
✔ ggplot2   3.5.2     ✔ stringr   1.5.1
✔ lubridate 1.9.3     ✔ tibble    3.2.1
✔ purrr     0.3.5     ✔ tidyr     1.2.1
# A tibble: 42 × 4
   theta   tau estimand    truth
   <dbl> <dbl> <chr>       <dbl>
 1  0.3    0.2 de       -0.269  
 2  0.3    0.2 mu        0.445  
 3  0.3    0.2 mu_0      0.526  
 4  0.3    0.2 mu_1      0.257  
 5  0.3    0.2 oe        0.0557 
 6  0.3    0.2 se_0      0.0113 
 7  0.3    0.2 se_1      0.0204 
 8  0.45   0.2 de       -0.278  
 9  0.45   0.2 mu        0.389  
10  0.45   0.2 mu_0      0.514  
11  0.45   0.2 mu_1      0.236  
12  0.45   0.2 oe        0      
13  0.45   0.2 se_0      0      
14  0.45   0.2 se_1      0      
15  0.6    0.2 de       -0.276  
16  0.6    0.2 mu        0.321  
17  0.6    0.2 mu_0      0.487  
18  0.6    0.2 mu_1      0.210  
19  0.6    0.2 oe       -0.0682 
20  0.6    0.2 se_0     -0.0274 
21  0.6    0.2 se_1     -0.0258 
22  0.3    0.4 de       -0.248  
23  0.3    0.4 mu        0.546  
24  0.3    0.4 mu_0      0.621  
25  0.3    0.4 mu_1      0.373  
26  0.3    0.4 oe        0.0512 
27  0.3    0.4 se_0      0.00646
28  0.3    0.4 se_1      0.0232 
29  0.45   0.4 de       -0.265  
30  0.45   0.4 mu        0.495  
31  0.45   0.4 mu_0      0.614  
32  0.45   0.4 mu_1      0.350  
33  0.45   0.4 oe        0      
34  0.45   0.4 se_0      0      
35  0.45   0.4 se_1      0      
36  0.6    0.4 de       -0.269  
37  0.6    0.4 mu        0.424  
38  0.6    0.4 mu_0      0.585  
39  0.6    0.4 mu_1      0.317  
40  0.6    0.4 oe       -0.0711 
41  0.6    0.4 se_0     -0.0291 
42  0.6    0.4 se_1     -0.0329 
Loading required package: Matrix

Attaching package: ‘Matrix’

The following objects are masked from ‘package:tidyr’:

    expand, pack, unpack


==========================================================================
===========================   Analysis setting  ==========================
==========================================================================

- taus: 0.1, 0.2, 0.3, 0.4, 0.5 

- policy: TypeB 

- thetas: 0.3, 0.31, 0.32, 0.33, 0.34, 0.35, 0.36, 0.37, 0.38, 0.39, 0.4, 0.41, 0.42, 0.43, 0.44, 0.45, 0.46, 0.47, 0.48, 0.49, 0.5, 0.51, 0.52, 0.53, 0.54, 0.55, 0.56, 0.57, 0.58, 0.59, 0.6 

- r: 100 

- K: 2 

- Nuisance estimation method: T para / C para / A para 

- m: 200 

- N_total: 2612 

- cluster size dist'n: 
 5  6  7  8  9 10 11 12 13 14 15 16 17 18 19 20 
13  8 13 10 13  9 13 14  8 11 17 10 13 12 20 16 

 - observed time summary: 
   Min. 1st Qu.  Median    Mean 3rd Qu.    Max. 
0.00000 0.01709 0.18992 0.60366 0.74247 8.01968 

 - event indicator table: 
   0    1 
1071 1541 

 - event time summary: 
   Min. 1st Qu.  Median    Mean 3rd Qu.    Max. 
0.00000 0.01039 0.15231 0.55884 0.66449 8.01968 

 - censoring time summary: 
   Min. 1st Qu.  Median    Mean 3rd Qu.    Max. 
0.00000 0.03063 0.25513 0.66816 0.89447 7.61820 

 - treatment indicator table: 
   0    1 
1387 1225 

==========================================================================
===========================   Estimation start  ==========================
==========================================================================

--- Split:1 ---

   [*---------] 10% | ET: 20.3s 
   [**--------] 20% | ET: 38.4s 
   [***-------] 30% | ET: 60.4s 
   [****------] 40% | ET: 81.3s 
   [*****-----] 50% | ET: 104.1s 
   [******----] 60% | ET: 125.1s 
   [*******---] 70% | ET: 146.4s 
   [********--] 80% | ET: 167.6s 
   [*********-] 90% | ET: 188.9s 
   [**********] 100% | ET: 208.6s 

--- Split:2 ---

   [*---------] 10% | ET: 20.6s 
   [**--------] 20% | ET: 42.5s 
   [***-------] 30% | ET: 62.9s 
   [****------] 40% | ET: 83.4s 
   [*****-----] 50% | ET: 104.1s 
   [******----] 60% | ET: 124.7s 
   [*******---] 70% | ET: 146.2s 
   [********--] 80% | ET: 167.8s 
   [*********-] 90% | ET: 189s 
   [**********] 100% | ET: 209.8s 

--- IF for proposed nonparametric estimator computed --- ET: 431.8 seconds
--- Estimator computed: mu --- ET: 1.9 seconds --- 
--- Estimator computed: mu_1 --- ET: 1.6 seconds --- 
--- Estimator computed: mu_0 --- ET: 1.3 seconds --- 
--- Estimator computed: de --- ET: 1.3 seconds --- 
--- Estimator computed: oe --- ET: 1.3 seconds --- 
--- Estimator computed: se_1 --- ET: 1.4 seconds --- 
--- Estimator computed: se_0 --- ET: 1.3 seconds --- 
--- Total run time: 445.8 seconds --- 
--- Total run time: 471.9 seconds --- ###################################################
### Job finished at Wed Jun  4 22:43:48 EDT 2025 ###
###################################################
