##############################################################
### Job started at Wed Jun  4 22:35:40 EDT 2025 with p=TypeB, m=200, r=100, s=43 ###
##############################################################

Attaching package: ‘dplyr’

The following objects are masked from ‘package:stats’:

    filter, lag

The following objects are masked from ‘package:base’:

    intersect, setdiff, setequal, union

Loading required package: foreach
Loading required package: iterators
Loading required package: parallel

 randomForestSRC 3.2.2 
 
 Type rfsrc.news() to see new features, changes, and bug fixes. 
 

[conflicted] Will prefer dplyr::select over any other package.
[conflicted] Will prefer dplyr::filter over any other package.
[conflicted] Will prefer reshape2::melt over any other package.
── Attaching core tidyverse packages ──────────────────────── tidyverse 2.0.0 ──
✔ forcats   1.0.0     ✔ readr     2.1.4
✔ ggplot2   3.5.2     ✔ stringr   1.5.1
✔ lubridate 1.9.3     ✔ tibble    3.2.1
✔ purrr     0.3.5     ✔ tidyr     1.2.1
# A tibble: 42 × 4
   theta   tau estimand   truth
   <dbl> <dbl> <chr>      <dbl>
 1  0.3    0.2 de       -0.286 
 2  0.3    0.2 mu        0.451 
 3  0.3    0.2 mu_0      0.537 
 4  0.3    0.2 mu_1      0.251 
 5  0.3    0.2 oe        0.0672
 6  0.3    0.2 se_0      0.0275
 7  0.3    0.2 se_1      0.0203
 8  0.45   0.2 de       -0.279 
 9  0.45   0.2 mu        0.384 
10  0.45   0.2 mu_0      0.509 
11  0.45   0.2 mu_1      0.231 
12  0.45   0.2 oe        0     
13  0.45   0.2 se_0      0     
14  0.45   0.2 se_1      0     
15  0.6    0.2 de       -0.276 
16  0.6    0.2 mu        0.321 
17  0.6    0.2 mu_0      0.486 
18  0.6    0.2 mu_1      0.210 
19  0.6    0.2 oe       -0.0631
20  0.6    0.2 se_0     -0.0230
21  0.6    0.2 se_1     -0.0200
22  0.3    0.4 de       -0.270 
23  0.3    0.4 mu        0.555 
24  0.3    0.4 mu_0      0.636 
25  0.3    0.4 mu_1      0.366 
26  0.3    0.4 oe        0.0650
27  0.3    0.4 se_0      0.0258
28  0.3    0.4 se_1      0.0227
29  0.45   0.4 de       -0.267 
30  0.45   0.4 mu        0.490 
31  0.45   0.4 mu_0      0.611 
32  0.45   0.4 mu_1      0.343 
33  0.45   0.4 oe        0     
34  0.45   0.4 se_0      0     
35  0.45   0.4 se_1      0     
36  0.6    0.4 de       -0.269 
37  0.6    0.4 mu        0.426 
38  0.6    0.4 mu_0      0.588 
39  0.6    0.4 mu_1      0.318 
40  0.6    0.4 oe       -0.0641
41  0.6    0.4 se_0     -0.0229
42  0.6    0.4 se_1     -0.0248
Loading required package: Matrix

Attaching package: ‘Matrix’

The following objects are masked from ‘package:tidyr’:

    expand, pack, unpack


==========================================================================
===========================   Analysis setting  ==========================
==========================================================================

- taus: 0.1, 0.2, 0.3, 0.4, 0.5 

- policy: TypeB 

- thetas: 0.3, 0.31, 0.32, 0.33, 0.34, 0.35, 0.36, 0.37, 0.38, 0.39, 0.4, 0.41, 0.42, 0.43, 0.44, 0.45, 0.46, 0.47, 0.48, 0.49, 0.5, 0.51, 0.52, 0.53, 0.54, 0.55, 0.56, 0.57, 0.58, 0.59, 0.6 

- r: 100 

- K: 2 

- Nuisance estimation method: T para / C para / A para 

- m: 200 

- N_total: 2518 

- cluster size dist'n: 
 5  6  7  8  9 10 11 12 13 14 15 16 17 18 19 20 
15 15  7 10 18 11  8 11 17 11  9 14 15 11 15 13 

 - observed time summary: 
   Min. 1st Qu.  Median    Mean 3rd Qu.    Max. 
0.00000 0.02229 0.21351 0.62775 0.77424 9.53785 

 - event indicator table: 
   0    1 
1021 1497 

 - event time summary: 
   Min. 1st Qu.  Median    Mean 3rd Qu.    Max. 
0.00000 0.01464 0.17242 0.57627 0.64050 9.53785 

 - censoring time summary: 
   Min. 1st Qu.  Median    Mean 3rd Qu.    Max. 
0.00000 0.03868 0.28594 0.70323 0.98618 6.74714 

 - treatment indicator table: 
   0    1 
1310 1208 

==========================================================================
===========================   Estimation start  ==========================
==========================================================================

--- Split:1 ---

   [*---------] 10% | ET: 20s 
   [**--------] 20% | ET: 39.3s 
   [***-------] 30% | ET: 57.6s 
   [****------] 40% | ET: 76.6s 
   [*****-----] 50% | ET: 98s 
   [******----] 60% | ET: 117.5s 
   [*******---] 70% | ET: 137.3s 
   [********--] 80% | ET: 154.6s 
   [*********-] 90% | ET: 174.1s 
   [**********] 100% | ET: 194.8s 

--- Split:2 ---

   [*---------] 10% | ET: 16.3s 
   [**--------] 20% | ET: 37s 
   [***-------] 30% | ET: 58s 
   [****------] 40% | ET: 78.3s 
   [*****-----] 50% | ET: 98.3s 
   [******----] 60% | ET: 119.5s 
   [*******---] 70% | ET: 140.9s 
   [********--] 80% | ET: 160.1s 
   [*********-] 90% | ET: 181.8s 
   [**********] 100% | ET: 201.7s 

--- IF for proposed nonparametric estimator computed --- ET: 408.2 seconds
--- Estimator computed: mu --- ET: 1.7 seconds --- 
--- Estimator computed: mu_1 --- ET: 1.3 seconds --- 
--- Estimator computed: mu_0 --- ET: 1.2 seconds --- 
--- Estimator computed: de --- ET: 1.2 seconds --- 
--- Estimator computed: oe --- ET: 1.4 seconds --- 
--- Estimator computed: se_1 --- ET: 1.3 seconds --- 
--- Estimator computed: se_0 --- ET: 1.2 seconds --- 
--- Total run time: 420.9 seconds --- 
--- Total run time: 446.8 seconds --- ###################################################
### Job finished at Wed Jun  4 22:43:07 EDT 2025 ###
###################################################
