##############################################################
### Job started at Wed Jun  4 22:31:36 EDT 2025 with p=TypeB, m=200, r=100, s=43 ###
##############################################################

Attaching package: ‘dplyr’

The following objects are masked from ‘package:stats’:

    filter, lag

The following objects are masked from ‘package:base’:

    intersect, setdiff, setequal, union

Loading required package: foreach
Loading required package: iterators
Loading required package: parallel

 randomForestSRC 3.2.2 
 
 Type rfsrc.news() to see new features, changes, and bug fixes. 
 

[conflicted] Will prefer dplyr::select over any other package.
[conflicted] Will prefer dplyr::filter over any other package.
[conflicted] Will prefer reshape2::melt over any other package.
── Attaching core tidyverse packages ──────────────────────── tidyverse 2.0.0 ──
✔ forcats   1.0.0     ✔ readr     2.1.4
✔ ggplot2   3.5.2     ✔ stringr   1.5.1
✔ lubridate 1.9.3     ✔ tibble    3.2.1
✔ purrr     0.3.5     ✔ tidyr     1.2.1
# A tibble: 42 × 4
   theta   tau estimand   truth
   <dbl> <dbl> <chr>      <dbl>
 1  0.3    0.2 de       -0.284 
 2  0.3    0.2 mu        0.442 
 3  0.3    0.2 mu_0      0.527 
 4  0.3    0.2 mu_1      0.243 
 5  0.3    0.2 oe        0.0743
 6  0.3    0.2 se_0      0.0382
 7  0.3    0.2 se_1      0.0237
 8  0.45   0.2 de       -0.270 
 9  0.45   0.2 mu        0.367 
10  0.45   0.2 mu_0      0.489 
11  0.45   0.2 mu_1      0.219 
12  0.45   0.2 oe        0     
13  0.45   0.2 se_0      0     
14  0.45   0.2 se_1      0     
15  0.6    0.2 de       -0.265 
16  0.6    0.2 mu        0.309 
17  0.6    0.2 mu_0      0.468 
18  0.6    0.2 mu_1      0.202 
19  0.6    0.2 oe       -0.0587
20  0.6    0.2 se_0     -0.0209
21  0.6    0.2 se_1     -0.0166
22  0.3    0.4 de       -0.269 
23  0.3    0.4 mu        0.541 
24  0.3    0.4 mu_0      0.622 
25  0.3    0.4 mu_1      0.353 
26  0.3    0.4 oe        0.0740
27  0.3    0.4 se_0      0.0386
28  0.3    0.4 se_1      0.0277
29  0.45   0.4 de       -0.258 
30  0.45   0.4 mu        0.467 
31  0.45   0.4 mu_0      0.583 
32  0.45   0.4 mu_1      0.325 
33  0.45   0.4 oe        0     
34  0.45   0.4 se_0      0     
35  0.45   0.4 se_1      0     
36  0.6    0.4 de       -0.257 
37  0.6    0.4 mu        0.409 
38  0.6    0.4 mu_0      0.563 
39  0.6    0.4 mu_1      0.306 
40  0.6    0.4 oe       -0.0584
41  0.6    0.4 se_0     -0.0204
42  0.6    0.4 se_1     -0.0192
Loading required package: Matrix

Attaching package: ‘Matrix’

The following objects are masked from ‘package:tidyr’:

    expand, pack, unpack


==========================================================================
===========================   Analysis setting  ==========================
==========================================================================

- taus: 0.1, 0.2, 0.3, 0.4, 0.5 

- policy: TypeB 

- thetas: 0.3, 0.31, 0.32, 0.33, 0.34, 0.35, 0.36, 0.37, 0.38, 0.39, 0.4, 0.41, 0.42, 0.43, 0.44, 0.45, 0.46, 0.47, 0.48, 0.49, 0.5, 0.51, 0.52, 0.53, 0.54, 0.55, 0.56, 0.57, 0.58, 0.59, 0.6 

- r: 100 

- K: 2 

- Nuisance estimation method: T para / C para / A para 

- m: 200 

- N_total: 2648 

- cluster size dist'n: 
 5  6  7  8  9 10 11 12 13 14 15 16 17 18 19 20 
 8 11 12 13 10 12  7 12  7 23 12  9 15 15 19 15 

 - observed time summary: 
    Min.  1st Qu.   Median     Mean  3rd Qu.     Max. 
 0.00000  0.02188  0.20530  0.64156  0.78960 13.06838 

 - event indicator table: 
   0    1 
1014 1634 

 - event time summary: 
   Min. 1st Qu.  Median    Mean 3rd Qu.    Max. 
 0.0000  0.0128  0.1609  0.5858  0.7032 13.0684 

 - censoring time summary: 
   Min. 1st Qu.  Median    Mean 3rd Qu.    Max. 
0.00000 0.04943 0.29705 0.73140 0.95418 6.76825 

 - treatment indicator table: 
   0    1 
1363 1285 

==========================================================================
===========================   Estimation start  ==========================
==========================================================================

--- Split:1 ---

   [*---------] 10% | ET: 18.3s 
   [**--------] 20% | ET: 37.8s 
   [***-------] 30% | ET: 57.9s 
   [****------] 40% | ET: 76.8s 
   [*****-----] 50% | ET: 96.6s 
   [******----] 60% | ET: 117.4s 
   [*******---] 70% | ET: 134s 
   [********--] 80% | ET: 153.3s 
   [*********-] 90% | ET: 173s 
   [**********] 100% | ET: 192.1s 

--- Split:2 ---

   [*---------] 10% | ET: 19.6s 
   [**--------] 20% | ET: 39.6s 
   [***-------] 30% | ET: 59.6s 
   [****------] 40% | ET: 79.9s 
   [*****-----] 50% | ET: 100.9s 
   [******----] 60% | ET: 119.1s 
   [*******---] 70% | ET: 140s 
   [********--] 80% | ET: 161.7s 
   [*********-] 90% | ET: 182.5s 
   [**********] 100% | ET: 203.3s 

--- IF for proposed nonparametric estimator computed --- ET: 404.3 seconds
--- Estimator computed: mu --- ET: 2 seconds --- 
--- Estimator computed: mu_1 --- ET: 1.3 seconds --- 
--- Estimator computed: mu_0 --- ET: 1.5 seconds --- 
--- Estimator computed: de --- ET: 1.3 seconds --- 
--- Estimator computed: oe --- ET: 1.5 seconds --- 
--- Estimator computed: se_1 --- ET: 1.3 seconds --- 
--- Estimator computed: se_0 --- ET: 1.5 seconds --- 
--- Total run time: 417.9 seconds --- 
--- Total run time: 443.6 seconds --- ###################################################
### Job finished at Wed Jun  4 22:39:00 EDT 2025 ###
###################################################
