##############################################################
### Job started at Wed Jun  4 22:40:00 EDT 2025 with p=TypeB, m=200, r=100, s=43 ###
##############################################################

Attaching package: ‘dplyr’

The following objects are masked from ‘package:stats’:

    filter, lag

The following objects are masked from ‘package:base’:

    intersect, setdiff, setequal, union

Loading required package: foreach
Loading required package: iterators
Loading required package: parallel

 randomForestSRC 3.2.2 
 
 Type rfsrc.news() to see new features, changes, and bug fixes. 
 

[conflicted] Will prefer dplyr::select over any other package.
[conflicted] Will prefer dplyr::filter over any other package.
[conflicted] Will prefer reshape2::melt over any other package.
── Attaching core tidyverse packages ──────────────────────── tidyverse 2.0.0 ──
✔ forcats   1.0.0     ✔ readr     2.1.4
✔ ggplot2   3.5.2     ✔ stringr   1.5.1
✔ lubridate 1.9.3     ✔ tibble    3.2.1
✔ purrr     0.3.5     ✔ tidyr     1.2.1
# A tibble: 42 × 4
   theta   tau estimand   truth
   <dbl> <dbl> <chr>      <dbl>
 1  0.3    0.2 de       -0.290 
 2  0.3    0.2 mu        0.453 
 3  0.3    0.2 mu_0      0.540 
 4  0.3    0.2 mu_1      0.250 
 5  0.3    0.2 oe        0.0816
 6  0.3    0.2 se_0      0.0433
 7  0.3    0.2 se_1      0.0317
 8  0.45   0.2 de       -0.278 
 9  0.45   0.2 mu        0.371 
10  0.45   0.2 mu_0      0.496 
11  0.45   0.2 mu_1      0.218 
12  0.45   0.2 oe        0     
13  0.45   0.2 se_0      0     
14  0.45   0.2 se_1      0     
15  0.6    0.2 de       -0.266 
16  0.6    0.2 mu        0.298 
17  0.6    0.2 mu_0      0.457 
18  0.6    0.2 mu_1      0.192 
19  0.6    0.2 oe       -0.0733
20  0.6    0.2 se_0     -0.0390
21  0.6    0.2 se_1     -0.0265
22  0.3    0.4 de       -0.276 
23  0.3    0.4 mu        0.558 
24  0.3    0.4 mu_0      0.641 
25  0.3    0.4 mu_1      0.365 
26  0.3    0.4 oe        0.0838
27  0.3    0.4 se_0      0.0447
28  0.3    0.4 se_1      0.0395
29  0.45   0.4 de       -0.271 
30  0.45   0.4 mu        0.475 
31  0.45   0.4 mu_0      0.597 
32  0.45   0.4 mu_1      0.325 
33  0.45   0.4 oe        0     
34  0.45   0.4 se_0      0     
35  0.45   0.4 se_1      0     
36  0.6    0.4 de       -0.263 
37  0.6    0.4 mu        0.397 
38  0.6    0.4 mu_0      0.554 
39  0.6    0.4 mu_1      0.291 
40  0.6    0.4 oe       -0.0781
41  0.6    0.4 se_0     -0.0425
42  0.6    0.4 se_1     -0.0340
Loading required package: Matrix

Attaching package: ‘Matrix’

The following objects are masked from ‘package:tidyr’:

    expand, pack, unpack


==========================================================================
===========================   Analysis setting  ==========================
==========================================================================

- taus: 0.1, 0.2, 0.3, 0.4, 0.5 

- policy: TypeB 

- thetas: 0.3, 0.31, 0.32, 0.33, 0.34, 0.35, 0.36, 0.37, 0.38, 0.39, 0.4, 0.41, 0.42, 0.43, 0.44, 0.45, 0.46, 0.47, 0.48, 0.49, 0.5, 0.51, 0.52, 0.53, 0.54, 0.55, 0.56, 0.57, 0.58, 0.59, 0.6 

- r: 100 

- K: 2 

- Nuisance estimation method: T para / C para / A para 

- m: 200 

- N_total: 2524 

- cluster size dist'n: 
 5  6  7  8  9 10 11 12 13 14 15 16 17 18 19 20 
14 12  5 15 14 13 12 15 11 13 16  9  9 16 11 15 

 - observed time summary: 
    Min.  1st Qu.   Median     Mean  3rd Qu.     Max. 
 0.00000  0.01869  0.17131  0.59153  0.73616 11.13548 

 - event indicator table: 
   0    1 
 973 1551 

 - event time summary: 
    Min.  1st Qu.   Median     Mean  3rd Qu.     Max. 
 0.00000  0.01129  0.13102  0.52598  0.60724 11.13548 

 - censoring time summary: 
   Min. 1st Qu.  Median    Mean 3rd Qu.    Max. 
 0.0000  0.0386  0.2441  0.6960  0.8911  9.0271 

 - treatment indicator table: 
   0    1 
1345 1179 

==========================================================================
===========================   Estimation start  ==========================
==========================================================================

--- Split:1 ---

   [*---------] 10% | ET: 18s 
   [**--------] 20% | ET: 38.8s 
   [***-------] 30% | ET: 59.5s 
   [****------] 40% | ET: 81.9s 
   [*****-----] 50% | ET: 100.4s 
   [******----] 60% | ET: 120.1s 
   [*******---] 70% | ET: 140.2s 
   [********--] 80% | ET: 159.4s 
   [*********-] 90% | ET: 177.6s 
   [**********] 100% | ET: 200.8s 

--- Split:2 ---

   [*---------] 10% | ET: 16.7s 
   [**--------] 20% | ET: 36.5s 
   [***-------] 30% | ET: 57s 
   [****------] 40% | ET: 75.3s 
   [*****-----] 50% | ET: 93s 
   [******----] 60% | ET: 114.7s 
   [*******---] 70% | ET: 136.5s 
   [********--] 80% | ET: 157.7s 
   [*********-] 90% | ET: 179.3s 
   [**********] 100% | ET: 199s 

--- IF for proposed nonparametric estimator computed --- ET: 411.9 seconds
--- Estimator computed: mu --- ET: 1.9 seconds --- 
--- Estimator computed: mu_1 --- ET: 1.3 seconds --- 
--- Estimator computed: mu_0 --- ET: 1.3 seconds --- 
--- Estimator computed: de --- ET: 1.3 seconds --- 
--- Estimator computed: oe --- ET: 1.3 seconds --- 
--- Estimator computed: se_1 --- ET: 1.4 seconds --- 
--- Estimator computed: se_0 --- ET: 1.3 seconds --- 
--- Total run time: 425.5 seconds --- 
--- Total run time: 451.5 seconds --- ###################################################
### Job finished at Wed Jun  4 22:47:32 EDT 2025 ###
###################################################
