##############################################################
### Job started at Wed Jun  4 23:15:59 EDT 2025 with p=TypeB, m=200, r=100, s=43 ###
##############################################################

Attaching package: ‘dplyr’

The following objects are masked from ‘package:stats’:

    filter, lag

The following objects are masked from ‘package:base’:

    intersect, setdiff, setequal, union

Loading required package: foreach
Loading required package: iterators
Loading required package: parallel

 randomForestSRC 3.2.2 
 
 Type rfsrc.news() to see new features, changes, and bug fixes. 
 

[conflicted] Will prefer dplyr::select over any other package.
[conflicted] Will prefer dplyr::filter over any other package.
[conflicted] Will prefer reshape2::melt over any other package.
── Attaching core tidyverse packages ──────────────────────── tidyverse 2.0.0 ──
✔ forcats   1.0.0     ✔ readr     2.1.4
✔ ggplot2   3.5.2     ✔ stringr   1.5.1
✔ lubridate 1.9.3     ✔ tibble    3.2.1
✔ purrr     0.3.5     ✔ tidyr     1.2.1
# A tibble: 42 × 4
   theta   tau estimand   truth
   <dbl> <dbl> <chr>      <dbl>
 1  0.3    0.2 de       -0.295 
 2  0.3    0.2 mu        0.472 
 3  0.3    0.2 mu_0      0.560 
 4  0.3    0.2 mu_1      0.265 
 5  0.3    0.2 oe        0.0732
 6  0.3    0.2 se_0      0.0330
 7  0.3    0.2 se_1      0.0241
 8  0.45   0.2 de       -0.286 
 9  0.45   0.2 mu        0.398 
10  0.45   0.2 mu_0      0.527 
11  0.45   0.2 mu_1      0.241 
12  0.45   0.2 oe        0     
13  0.45   0.2 se_0      0     
14  0.45   0.2 se_1      0     
15  0.6    0.2 de       -0.287 
16  0.6    0.2 mu        0.337 
17  0.6    0.2 mu_0      0.509 
18  0.6    0.2 mu_1      0.222 
19  0.6    0.2 oe       -0.0614
20  0.6    0.2 se_0     -0.0178
21  0.6    0.2 se_1     -0.0191
22  0.3    0.4 de       -0.276 
23  0.3    0.4 mu        0.580 
24  0.3    0.4 mu_0      0.663 
25  0.3    0.4 mu_1      0.387 
26  0.3    0.4 oe        0.0719
27  0.3    0.4 se_0      0.0325
28  0.3    0.4 se_1      0.0281
29  0.45   0.4 de       -0.272 
30  0.45   0.4 mu        0.508 
31  0.45   0.4 mu_0      0.630 
32  0.45   0.4 mu_1      0.359 
33  0.45   0.4 oe        0     
34  0.45   0.4 se_0      0     
35  0.45   0.4 se_1      0     
36  0.6    0.4 de       -0.278 
37  0.6    0.4 mu        0.446 
38  0.6    0.4 mu_0      0.613 
39  0.6    0.4 mu_1      0.335 
40  0.6    0.4 oe       -0.0619
41  0.6    0.4 se_0     -0.0176
42  0.6    0.4 se_1     -0.0234
Loading required package: Matrix

Attaching package: ‘Matrix’

The following objects are masked from ‘package:tidyr’:

    expand, pack, unpack


==========================================================================
===========================   Analysis setting  ==========================
==========================================================================

- taus: 0.1, 0.2, 0.3, 0.4, 0.5 

- policy: TypeB 

- thetas: 0.3, 0.31, 0.32, 0.33, 0.34, 0.35, 0.36, 0.37, 0.38, 0.39, 0.4, 0.41, 0.42, 0.43, 0.44, 0.45, 0.46, 0.47, 0.48, 0.49, 0.5, 0.51, 0.52, 0.53, 0.54, 0.55, 0.56, 0.57, 0.58, 0.59, 0.6 

- r: 100 

- K: 2 

- Nuisance estimation method: T para / C para / A para 

- m: 200 

- N_total: 2513 

- cluster size dist'n: 
 5  6  7  8  9 10 11 12 13 14 15 16 17 18 19 20 
13  9 11 17 10 12 11 14 14 16 18  7 12  8 14 14 

 - observed time summary: 
    Min.  1st Qu.   Median     Mean  3rd Qu.     Max. 
 0.00000  0.02092  0.21242  0.58931  0.77258 11.71489 

 - event indicator table: 
   0    1 
 950 1563 

 - event time summary: 
   Min. 1st Qu.  Median    Mean 3rd Qu.    Max. 
0.00000 0.01471 0.16618 0.52751 0.69911 7.07469 

 - censoring time summary: 
    Min.  1st Qu.   Median     Mean  3rd Qu.     Max. 
 0.00000  0.03576  0.29041  0.69100  0.93919 11.71489 

 - treatment indicator table: 
   0    1 
1320 1193 

==========================================================================
===========================   Estimation start  ==========================
==========================================================================

--- Split:1 ---

   [*---------] 10% | ET: 19.3s 
   [**--------] 20% | ET: 40.6s 
   [***-------] 30% | ET: 60.7s 
   [****------] 40% | ET: 79.6s 
   [*****-----] 50% | ET: 101.4s 
   [******----] 60% | ET: 121.8s 
   [*******---] 70% | ET: 140.9s 
   [********--] 80% | ET: 159.2s 
   [*********-] 90% | ET: 177.7s 
   [**********] 100% | ET: 197.7s 

--- Split:2 ---

   [*---------] 10% | ET: 20.8s 
   [**--------] 20% | ET: 40.6s 
   [***-------] 30% | ET: 62.7s 
   [****------] 40% | ET: 81.8s 
   [*****-----] 50% | ET: 101s 
   [******----] 60% | ET: 123.2s 
   [*******---] 70% | ET: 144.1s 
   [********--] 80% | ET: 165.8s 
   [*********-] 90% | ET: 187.8s 
   [**********] 100% | ET: 209.7s 

--- IF for proposed nonparametric estimator computed --- ET: 420.9 seconds
--- Estimator computed: mu --- ET: 2 seconds --- 
--- Estimator computed: mu_1 --- ET: 1.6 seconds --- 
--- Estimator computed: mu_0 --- ET: 1.4 seconds --- 
--- Estimator computed: de --- ET: 1.3 seconds --- 
--- Estimator computed: oe --- ET: 1.4 seconds --- 
--- Estimator computed: se_1 --- ET: 1.4 seconds --- 
--- Estimator computed: se_0 --- ET: 1.4 seconds --- 
--- Total run time: 435.5 seconds --- 
Warning message:
In checkConv(attr(opt, "derivs"), opt$par, ctrl = control$checkConv,  :
  Model failed to converge with max|grad| = 0.00323057 (tol = 0.002, component 1)
--- Total run time: 463.2 seconds --- ###################################################
### Job finished at Wed Jun  4 23:23:43 EDT 2025 ###
###################################################
