##############################################################
### Job started at Wed Jun  4 22:39:03 EDT 2025 with p=TypeB, m=200, r=100, s=43 ###
##############################################################

Attaching package: ‘dplyr’

The following objects are masked from ‘package:stats’:

    filter, lag

The following objects are masked from ‘package:base’:

    intersect, setdiff, setequal, union

Loading required package: foreach
Loading required package: iterators
Loading required package: parallel

 randomForestSRC 3.2.2 
 
 Type rfsrc.news() to see new features, changes, and bug fixes. 
 

[conflicted] Will prefer dplyr::select over any other package.
[conflicted] Will prefer dplyr::filter over any other package.
[conflicted] Will prefer reshape2::melt over any other package.
── Attaching core tidyverse packages ──────────────────────── tidyverse 2.0.0 ──
✔ forcats   1.0.0     ✔ readr     2.1.4
✔ ggplot2   3.5.2     ✔ stringr   1.5.1
✔ lubridate 1.9.3     ✔ tibble    3.2.1
✔ purrr     0.3.5     ✔ tidyr     1.2.1
# A tibble: 42 × 4
   theta   tau estimand     truth
   <dbl> <dbl> <chr>        <dbl>
 1  0.3    0.2 de       -0.285   
 2  0.3    0.2 mu        0.448   
 3  0.3    0.2 mu_0      0.534   
 4  0.3    0.2 mu_1      0.249   
 5  0.3    0.2 oe        0.0649  
 6  0.3    0.2 se_0      0.0266  
 7  0.3    0.2 se_1      0.0167  
 8  0.45   0.2 de       -0.275   
 9  0.45   0.2 mu        0.384   
10  0.45   0.2 mu_0      0.507   
11  0.45   0.2 mu_1      0.232   
12  0.45   0.2 oe        0       
13  0.45   0.2 se_0      0       
14  0.45   0.2 se_1      0       
15  0.6    0.2 de       -0.278   
16  0.6    0.2 mu        0.336   
17  0.6    0.2 mu_0      0.503   
18  0.6    0.2 mu_1      0.225   
19  0.6    0.2 oe       -0.0475  
20  0.6    0.2 se_0     -0.00436 
21  0.6    0.2 se_1     -0.00754 
22  0.3    0.4 de       -0.269   
23  0.3    0.4 mu        0.550   
24  0.3    0.4 mu_0      0.630   
25  0.3    0.4 mu_1      0.362   
26  0.3    0.4 oe        0.0619  
27  0.3    0.4 se_0      0.0249  
28  0.3    0.4 se_1      0.0175  
29  0.45   0.4 de       -0.261   
30  0.45   0.4 mu        0.488   
31  0.45   0.4 mu_0      0.605   
32  0.45   0.4 mu_1      0.344   
33  0.45   0.4 oe        0       
34  0.45   0.4 se_0      0       
35  0.45   0.4 se_1      0       
36  0.6    0.4 de       -0.266   
37  0.6    0.4 mu        0.445   
38  0.6    0.4 mu_0      0.605   
39  0.6    0.4 mu_1      0.338   
40  0.6    0.4 oe       -0.0428  
41  0.6    0.4 se_0     -0.000500
42  0.6    0.4 se_1     -0.00577 
Loading required package: Matrix

Attaching package: ‘Matrix’

The following objects are masked from ‘package:tidyr’:

    expand, pack, unpack


==========================================================================
===========================   Analysis setting  ==========================
==========================================================================

- taus: 0.1, 0.2, 0.3, 0.4, 0.5 

- policy: TypeB 

- thetas: 0.3, 0.31, 0.32, 0.33, 0.34, 0.35, 0.36, 0.37, 0.38, 0.39, 0.4, 0.41, 0.42, 0.43, 0.44, 0.45, 0.46, 0.47, 0.48, 0.49, 0.5, 0.51, 0.52, 0.53, 0.54, 0.55, 0.56, 0.57, 0.58, 0.59, 0.6 

- r: 100 

- K: 2 

- Nuisance estimation method: T para / C para / A para 

- m: 200 

- N_total: 2467 

- cluster size dist'n: 
 5  6  7  8  9 10 11 12 13 14 15 16 17 18 19 20 
16 16 11 14 11 13 11 12  7 20  4 11 12 14 15 13 

 - observed time summary: 
    Min.  1st Qu.   Median     Mean  3rd Qu.     Max. 
 0.00000  0.02032  0.21377  0.60468  0.74694 11.83914 

 - event indicator table: 
   0    1 
 969 1498 

 - event time summary: 
    Min.  1st Qu.   Median     Mean  3rd Qu.     Max. 
 0.00000  0.01092  0.17702  0.56356  0.65411 11.83914 

 - censoring time summary: 
   Min. 1st Qu.  Median    Mean 3rd Qu.    Max. 
0.00000 0.03975 0.27257 0.66825 0.83637 6.94348 

 - treatment indicator table: 
   0    1 
1322 1145 

==========================================================================
===========================   Estimation start  ==========================
==========================================================================

--- Split:1 ---

   [*---------] 10% | ET: 15.9s 
   [**--------] 20% | ET: 32.7s 
   [***-------] 30% | ET: 50.4s 
   [****------] 40% | ET: 68s 
   [*****-----] 50% | ET: 85.8s 
   [******----] 60% | ET: 104s 
   [*******---] 70% | ET: 122.2s 
   [********--] 80% | ET: 139.5s 
   [*********-] 90% | ET: 158.4s 
   [**********] 100% | ET: 176.3s 

--- Split:2 ---

   [*---------] 10% | ET: 16.9s 
   [**--------] 20% | ET: 34s 
   [***-------] 30% | ET: 52.1s 
   [****------] 40% | ET: 70.7s 
   [*****-----] 50% | ET: 88.8s 
   [******----] 60% | ET: 107s 
   [*******---] 70% | ET: 126s 
   [********--] 80% | ET: 144.6s 
   [*********-] 90% | ET: 164s 
   [**********] 100% | ET: 182.3s 

--- IF for proposed nonparametric estimator computed --- ET: 369 seconds
--- Estimator computed: mu --- ET: 1.8 seconds --- 
--- Estimator computed: mu_1 --- ET: 1.3 seconds --- 
--- Estimator computed: mu_0 --- ET: 1.3 seconds --- 
--- Estimator computed: de --- ET: 1.3 seconds --- 
--- Estimator computed: oe --- ET: 1.3 seconds --- 
--- Estimator computed: se_1 --- ET: 1.3 seconds --- 
--- Estimator computed: se_0 --- ET: 1.3 seconds --- 
--- Total run time: 381.9 seconds --- 
--- Total run time: 407.5 seconds --- ###################################################
### Job finished at Wed Jun  4 22:45:51 EDT 2025 ###
###################################################
