##############################################################
### Job started at Wed Jun  4 22:27:12 EDT 2025 with p=TypeB, m=200, r=100, s=43 ###
##############################################################

Attaching package: ‘dplyr’

The following objects are masked from ‘package:stats’:

    filter, lag

The following objects are masked from ‘package:base’:

    intersect, setdiff, setequal, union

Loading required package: foreach
Loading required package: iterators
Loading required package: parallel

 randomForestSRC 3.2.2 
 
 Type rfsrc.news() to see new features, changes, and bug fixes. 
 

[conflicted] Will prefer dplyr::select over any other package.
[conflicted] Will prefer dplyr::filter over any other package.
[conflicted] Will prefer reshape2::melt over any other package.
── Attaching core tidyverse packages ──────────────────────── tidyverse 2.0.0 ──
✔ forcats   1.0.0     ✔ readr     2.1.4
✔ ggplot2   3.5.2     ✔ stringr   1.5.1
✔ lubridate 1.9.3     ✔ tibble    3.2.1
✔ purrr     0.3.5     ✔ tidyr     1.2.1
# A tibble: 42 × 4
   theta   tau estimand   truth
   <dbl> <dbl> <chr>      <dbl>
 1  0.3    0.2 de       -0.277 
 2  0.3    0.2 mu        0.447 
 3  0.3    0.2 mu_0      0.530 
 4  0.3    0.2 mu_1      0.253 
 5  0.3    0.2 oe        0.0717
 6  0.3    0.2 se_0      0.0323
 7  0.3    0.2 se_1      0.0276
 8  0.45   0.2 de       -0.272 
 9  0.45   0.2 mu        0.375 
10  0.45   0.2 mu_0      0.498 
11  0.45   0.2 mu_1      0.226 
12  0.45   0.2 oe        0     
13  0.45   0.2 se_0      0     
14  0.45   0.2 se_1      0     
15  0.6    0.2 de       -0.268 
16  0.6    0.2 mu        0.310 
17  0.6    0.2 mu_0      0.471 
18  0.6    0.2 mu_1      0.203 
19  0.6    0.2 oe       -0.0653
20  0.6    0.2 se_0     -0.0272
21  0.6    0.2 se_1     -0.0226
22  0.3    0.4 de       -0.260 
23  0.3    0.4 mu        0.551 
24  0.3    0.4 mu_0      0.629 
25  0.3    0.4 mu_1      0.369 
26  0.3    0.4 oe        0.0718
27  0.3    0.4 se_0      0.0321
28  0.3    0.4 se_1      0.0336
29  0.45   0.4 de       -0.262 
30  0.45   0.4 mu        0.479 
31  0.45   0.4 mu_0      0.597 
32  0.45   0.4 mu_1      0.335 
33  0.45   0.4 oe        0     
34  0.45   0.4 se_0      0     
35  0.45   0.4 se_1      0     
36  0.6    0.4 de       -0.261 
37  0.6    0.4 mu        0.412 
38  0.6    0.4 mu_0      0.569 
39  0.6    0.4 mu_1      0.307 
40  0.6    0.4 oe       -0.0677
41  0.6    0.4 se_0     -0.0285
42  0.6    0.4 se_1     -0.0284
Loading required package: Matrix

Attaching package: ‘Matrix’

The following objects are masked from ‘package:tidyr’:

    expand, pack, unpack


==========================================================================
===========================   Analysis setting  ==========================
==========================================================================

- taus: 0.1, 0.2, 0.3, 0.4, 0.5 

- policy: TypeB 

- thetas: 0.3, 0.31, 0.32, 0.33, 0.34, 0.35, 0.36, 0.37, 0.38, 0.39, 0.4, 0.41, 0.42, 0.43, 0.44, 0.45, 0.46, 0.47, 0.48, 0.49, 0.5, 0.51, 0.52, 0.53, 0.54, 0.55, 0.56, 0.57, 0.58, 0.59, 0.6 

- r: 100 

- K: 2 

- Nuisance estimation method: T para / C para / A para 

- m: 200 

- N_total: 2548 

- cluster size dist'n: 
 5  6  7  8  9 10 11 12 13 14 15 16 17 18 19 20 
11 16 15  8 15  7 16 11  8 10  8 17 15  9 18 16 

 - observed time summary: 
    Min.  1st Qu.   Median     Mean  3rd Qu.     Max. 
 0.00000  0.01192  0.16195  0.55321  0.69183 11.19038 

 - event indicator table: 
   0    1 
1042 1506 

 - event time summary: 
   Min. 1st Qu.  Median    Mean 3rd Qu.    Max. 
0.00000 0.00619 0.11607 0.51219 0.60569 9.52743 

 - censoring time summary: 
    Min.  1st Qu.   Median     Mean  3rd Qu.     Max. 
 0.00000  0.02915  0.25448  0.61250  0.77914 11.19038 

 - treatment indicator table: 
   0    1 
1416 1132 

==========================================================================
===========================   Estimation start  ==========================
==========================================================================

--- Split:1 ---

   [*---------] 10% | ET: 19.3s 
   [**--------] 20% | ET: 37.5s 
   [***-------] 30% | ET: 57.9s 
   [****------] 40% | ET: 79.2s 
   [*****-----] 50% | ET: 98.2s 
   [******----] 60% | ET: 117.2s 
   [*******---] 70% | ET: 139.1s 
   [********--] 80% | ET: 158.9s 
   [*********-] 90% | ET: 177s 
   [**********] 100% | ET: 199.1s 

--- Split:2 ---

   [*---------] 10% | ET: 18.7s 
   [**--------] 20% | ET: 38.8s 
   [***-------] 30% | ET: 57.3s 
   [****------] 40% | ET: 76.9s 
   [*****-----] 50% | ET: 96.1s 
   [******----] 60% | ET: 116.5s 
   [*******---] 70% | ET: 134.2s 
   [********--] 80% | ET: 155.2s 
   [*********-] 90% | ET: 174s 
   [**********] 100% | ET: 193.5s 

--- IF for proposed nonparametric estimator computed --- ET: 408.6 seconds
--- Estimator computed: mu --- ET: 1.8 seconds --- 
--- Estimator computed: mu_1 --- ET: 1.6 seconds --- 
--- Estimator computed: mu_0 --- ET: 1.3 seconds --- 
--- Estimator computed: de --- ET: 1.3 seconds --- 
--- Estimator computed: oe --- ET: 1.3 seconds --- 
--- Estimator computed: se_1 --- ET: 1.3 seconds --- 
--- Estimator computed: se_0 --- ET: 1.3 seconds --- 
--- Total run time: 422.1 seconds --- 
Warning message:
In checkConv(attr(opt, "derivs"), opt$par, ctrl = control$checkConv,  :
  Model failed to converge with max|grad| = 0.00606264 (tol = 0.002, component 1)
--- Total run time: 447.5 seconds --- ###################################################
### Job finished at Wed Jun  4 22:34:40 EDT 2025 ###
###################################################
