##############################################################
### Job started at Wed Jun  4 22:45:29 EDT 2025 with p=TypeB, m=200, r=100, s=43 ###
##############################################################

Attaching package: ‘dplyr’

The following objects are masked from ‘package:stats’:

    filter, lag

The following objects are masked from ‘package:base’:

    intersect, setdiff, setequal, union

Loading required package: foreach
Loading required package: iterators
Loading required package: parallel

 randomForestSRC 3.2.2 
 
 Type rfsrc.news() to see new features, changes, and bug fixes. 
 

[conflicted] Will prefer dplyr::select over any other package.
[conflicted] Will prefer dplyr::filter over any other package.
[conflicted] Will prefer reshape2::melt over any other package.
── Attaching core tidyverse packages ──────────────────────── tidyverse 2.0.0 ──
✔ forcats   1.0.0     ✔ readr     2.1.4
✔ ggplot2   3.5.2     ✔ stringr   1.5.1
✔ lubridate 1.9.3     ✔ tibble    3.2.1
✔ purrr     0.3.5     ✔ tidyr     1.2.1
# A tibble: 42 × 4
   theta   tau estimand   truth
   <dbl> <dbl> <chr>      <dbl>
 1  0.3    0.2 de       -0.310 
 2  0.3    0.2 mu        0.487 
 3  0.3    0.2 mu_0      0.580 
 4  0.3    0.2 mu_1      0.270 
 5  0.3    0.2 oe        0.0951
 6  0.3    0.2 se_0      0.0573
 7  0.3    0.2 se_1      0.0380
 8  0.45   0.2 de       -0.290 
 9  0.45   0.2 mu        0.392 
10  0.45   0.2 mu_0      0.523 
11  0.45   0.2 mu_1      0.232 
12  0.45   0.2 oe        0     
13  0.45   0.2 se_0      0     
14  0.45   0.2 se_1      0     
15  0.6    0.2 de       -0.276 
16  0.6    0.2 mu        0.316 
17  0.6    0.2 mu_0      0.482 
18  0.6    0.2 mu_1      0.206 
19  0.6    0.2 oe       -0.0759
20  0.6    0.2 se_0     -0.0408
21  0.6    0.2 se_1     -0.0266
22  0.3    0.4 de       -0.292 
23  0.3    0.4 mu        0.596 
24  0.3    0.4 mu_0      0.684 
25  0.3    0.4 mu_1      0.391 
26  0.3    0.4 oe        0.0982
27  0.3    0.4 se_0      0.0600
28  0.3    0.4 se_1      0.0475
29  0.45   0.4 de       -0.280 
30  0.45   0.4 mu        0.498 
31  0.45   0.4 mu_0      0.624 
32  0.45   0.4 mu_1      0.344 
33  0.45   0.4 oe        0     
34  0.45   0.4 se_0      0     
35  0.45   0.4 se_1      0     
36  0.6    0.4 de       -0.270 
37  0.6    0.4 mu        0.418 
38  0.6    0.4 mu_0      0.580 
39  0.6    0.4 mu_1      0.310 
40  0.6    0.4 oe       -0.0798
41  0.6    0.4 se_0     -0.0438
42  0.6    0.4 se_1     -0.0339
Loading required package: Matrix

Attaching package: ‘Matrix’

The following objects are masked from ‘package:tidyr’:

    expand, pack, unpack


==========================================================================
===========================   Analysis setting  ==========================
==========================================================================

- taus: 0.1, 0.2, 0.3, 0.4, 0.5 

- policy: TypeB 

- thetas: 0.3, 0.31, 0.32, 0.33, 0.34, 0.35, 0.36, 0.37, 0.38, 0.39, 0.4, 0.41, 0.42, 0.43, 0.44, 0.45, 0.46, 0.47, 0.48, 0.49, 0.5, 0.51, 0.52, 0.53, 0.54, 0.55, 0.56, 0.57, 0.58, 0.59, 0.6 

- r: 100 

- K: 2 

- Nuisance estimation method: T para / C para / A para 

- m: 200 

- N_total: 2559 

- cluster size dist'n: 
 5  6  7  8  9 10 11 12 13 14 15 16 17 18 19 20 
15 12 16 10 13  7 10 12 10 10 10 15 13 13 16 18 

 - observed time summary: 
   Min. 1st Qu.  Median    Mean 3rd Qu.    Max. 
0.00000 0.01538 0.17145 0.60304 0.77424 8.81141 

 - event indicator table: 
   0    1 
1021 1538 

 - event time summary: 
    Min.  1st Qu.   Median     Mean  3rd Qu.     Max. 
0.000000 0.007753 0.124011 0.536178 0.682713 7.884244 

 - censoring time summary: 
   Min. 1st Qu.  Median    Mean 3rd Qu.    Max. 
0.00000 0.03966 0.24013 0.70377 0.94790 8.81141 

 - treatment indicator table: 
   0    1 
1386 1173 

==========================================================================
===========================   Estimation start  ==========================
==========================================================================

--- Split:1 ---

   [*---------] 10% | ET: 14.3s 
   [**--------] 20% | ET: 29.6s 
   [***-------] 30% | ET: 45.2s 
   [****------] 40% | ET: 61.5s 
   [*****-----] 50% | ET: 77.6s 
   [******----] 60% | ET: 93.9s 
   [*******---] 70% | ET: 111.1s 
   [********--] 80% | ET: 126s 
   [*********-] 90% | ET: 142.3s 
   [**********] 100% | ET: 159.7s 

--- Split:2 ---

   [*---------] 10% | ET: 13.3s 
   [**--------] 20% | ET: 29.7s 
   [***-------] 30% | ET: 46s 
   [****------] 40% | ET: 60.9s 
   [*****-----] 50% | ET: 75.1s 
   [******----] 60% | ET: 92.2s 
   [*******---] 70% | ET: 106.8s 
   [********--] 80% | ET: 123s 
   [*********-] 90% | ET: 137.5s 
   [**********] 100% | ET: 154.8s 

--- IF for proposed nonparametric estimator computed --- ET: 322.8 seconds
--- Estimator computed: mu --- ET: 1.5 seconds --- 
--- Estimator computed: mu_1 --- ET: 1.1 seconds --- 
--- Estimator computed: mu_0 --- ET: 1.1 seconds --- 
--- Estimator computed: de --- ET: 1.1 seconds --- 
--- Estimator computed: oe --- ET: 1.1 seconds --- 
--- Estimator computed: se_1 --- ET: 1.1 seconds --- 
--- Estimator computed: se_0 --- ET: 1.1 seconds --- 
--- Total run time: 333.5 seconds --- 
--- Total run time: 351.3 seconds --- ###################################################
### Job finished at Wed Jun  4 22:51:20 EDT 2025 ###
###################################################
