
Attaching package: ‘dplyr’

The following objects are masked from ‘package:stats’:

    filter, lag

The following objects are masked from ‘package:base’:

    intersect, setdiff, setequal, union

Loading required package: foreach
Loading required package: iterators
Loading required package: parallel

 randomForestSRC 3.2.2 
 
 Type rfsrc.news() to see new features, changes, and bug fixes. 
 

── Attaching core tidyverse packages ──────────────────────── tidyverse 2.0.0 ──
✔ forcats   1.0.0     ✔ readr     2.1.4
✔ ggplot2   3.3.6     ✔ stringr   1.5.1
✔ lubridate 1.9.3     ✔ tibble    3.2.1
✔ purrr     0.3.5     ✔ tidyr     1.2.1
── Conflicts ────────────────────────────────────────── tidyverse_conflicts() ──
✖ purrr::accumulate() masks foreach::accumulate()
✖ tidyr::extract()    masks dbarts::extract()
✖ dplyr::filter()     masks stats::filter()
✖ dplyr::lag()        masks stats::lag()
✖ purrr::partial()    masks randomForestSRC::partial()
✖ purrr::when()       masks foreach::when()
ℹ Use the [conflicted package](http://conflicted.r-lib.org/) to force all conflicts to become errors
[1] "[Analysis setting]"
[1] "n.cpus: 8"
[1] "method: nonpara"
[1] "taus: 0.1, 0.2, 0.3, 0.4, 0.5"
[1] "thetas: 0.1, 0.2, 0.3, 0.4, 0.5, 0.6, 0.7, 0.8, 0.9"
[1] "r: 100"
[1] "m: 200"
[1] "N_total: 2473"
[1] "cluster size dist'n: "

 5  6  7  8  9 10 11 12 13 14 15 16 17 18 19 20 
14 13 18  8 17 11 14 10 11 10 13  7 12 12 12 18 
[1] "observed time summary: "
   Min. 1st Qu.  Median    Mean 3rd Qu.    Max. 
0.00000 0.04747 0.37052 0.63355 1.00000 4.89254 
[1] "event indicator table: "

   0    1 
1478  995 
[1] "treatment indicator table: "

   0    1 
 888 1585 
[1] ""
[1] "Estimation start"
[1] "   Split: 1"
Note: Using an external vector in selections is ambiguous.
ℹ Use `all_of(X.T.names)` instead of `X.T.names` to silence this message.
ℹ See <https://tidyselect.r-lib.org/reference/faq-external-vector.html>.
This message is displayed once per session.
Note: Using an external vector in selections is ambiguous.
ℹ Use `all_of(X.C.names)` instead of `X.C.names` to silence this message.
ℹ See <https://tidyselect.r-lib.org/reference/faq-external-vector.html>.
This message is displayed once per session.
Note: Using an external vector in selections is ambiguous.
ℹ Use `all_of(X.A.names)` instead of `X.A.names` to silence this message.
ℹ See <https://tidyselect.r-lib.org/reference/faq-external-vector.html>.
This message is displayed once per session.

Running BART with binary y

number of trees: 25
number of chains: 1, number of threads 1
tree thinning rate: 1
Prior:
	prior on k: chi with 1.250000 degrees of freedom and inf scale
	power and base for tree prior: 2.000000 0.950000
	use quantiles for rule cut points: false
	proposal probabilities: birth/death 0.50, swap 0.10, change 0.40; birth 0.50
data:
	number of training observations: 1219
	number of test observations: 0
	number of explanatory variables: 15

Cutoff rules c in x<=c vs x>c
Number of cutoffs: (var: number of possible c):
(1: 100) (2: 100) (3: 100) (4: 100) (5: 100) 
(6: 100) (7: 100) (8: 100) (9: 100) (10: 100) 
(11: 100) (12: 100) (13: 100) (14: 100) (15: 100) 

[1] "     Cluster: 1"
[1] "     Cluster: 2"
[1] "     Cluster: 4"
[1] "     Cluster: 5"
[1] "     Cluster: 6"
[1] "     Cluster: 9"
[1] "     Cluster: 13"
[1] "     Cluster: 15"
[1] "     Cluster: 17"
[1] "     Cluster: 18"
[1] "     Cluster: 21"
[1] "     Cluster: 25"
[1] "     Cluster: 26"
[1] "     Cluster: 27"
[1] "     Cluster: 28"
[1] "     Cluster: 29"
[1] "     Cluster: 31"
[1] "     Cluster: 33"
[1] "     Cluster: 34"
[1] "     Cluster: 35"
[1] "     Cluster: 36"
[1] "     Cluster: 38"
[1] "     Cluster: 39"
[1] "     Cluster: 41"
[1] "     Cluster: 46"
[1] "     Cluster: 48"
[1] "     Cluster: 49"
[1] "     Cluster: 50"
[1] "     Cluster: 52"
[1] "     Cluster: 53"
[1] "     Cluster: 54"
[1] "     Cluster: 57"
[1] "     Cluster: 58"
[1] "     Cluster: 59"
[1] "     Cluster: 65"
[1] "     Cluster: 67"
[1] "     Cluster: 69"
[1] "     Cluster: 70"
[1] "     Cluster: 77"
[1] "     Cluster: 78"
[1] "     Cluster: 81"
[1] "     Cluster: 83"
[1] "     Cluster: 84"
[1] "     Cluster: 86"
[1] "     Cluster: 87"
[1] "     Cluster: 92"
[1] "     Cluster: 95"
[1] "     Cluster: 98"
[1] "     Cluster: 101"
[1] "     Cluster: 102"
[1] "     Cluster: 104"
[1] "     Cluster: 107"
[1] "     Cluster: 110"
[1] "     Cluster: 111"
[1] "     Cluster: 113"
[1] "     Cluster: 114"
[1] "     Cluster: 117"
[1] "     Cluster: 118"
[1] "     Cluster: 119"
[1] "     Cluster: 122"
[1] "     Cluster: 123"
[1] "     Cluster: 126"
[1] "     Cluster: 127"
[1] "     Cluster: 128"
[1] "     Cluster: 129"
[1] "     Cluster: 133"
[1] "     Cluster: 135"
[1] "     Cluster: 138"
[1] "     Cluster: 140"
[1] "     Cluster: 142"
[1] "     Cluster: 143"
[1] "     Cluster: 147"
[1] "     Cluster: 148"
[1] "     Cluster: 149"
[1] "     Cluster: 150"
[1] "     Cluster: 155"
[1] "     Cluster: 157"
[1] "     Cluster: 158"
[1] "     Cluster: 159"
[1] "     Cluster: 160"
[1] "     Cluster: 161"
[1] "     Cluster: 163"
[1] "     Cluster: 169"
[1] "     Cluster: 173"
[1] "     Cluster: 175"
[1] "     Cluster: 176"
[1] "     Cluster: 179"
[1] "     Cluster: 181"
[1] "     Cluster: 182"
[1] "     Cluster: 183"
[1] "     Cluster: 184"
[1] "     Cluster: 185"
[1] "     Cluster: 186"
[1] "     Cluster: 187"
[1] "     Cluster: 188"
[1] "     Cluster: 189"
[1] "     Cluster: 194"
[1] "     Cluster: 196"
[1] "     Cluster: 199"
[1] "     Cluster: 200"
[1] "   Split: 2"

Running BART with binary y

number of trees: 25
number of chains: 1, number of threads 1
tree thinning rate: 1
Prior:
	prior on k: chi with 1.250000 degrees of freedom and inf scale
	power and base for tree prior: 2.000000 0.950000
	use quantiles for rule cut points: false
	proposal probabilities: birth/death 0.50, swap 0.10, change 0.40; birth 0.50
data:
	number of training observations: 1254
	number of test observations: 0
	number of explanatory variables: 15

Cutoff rules c in x<=c vs x>c
Number of cutoffs: (var: number of possible c):
(1: 100) (2: 100) (3: 100) (4: 100) (5: 100) 
(6: 100) (7: 100) (8: 100) (9: 100) (10: 100) 
(11: 100) (12: 100) (13: 100) (14: 100) (15: 100) 

[1] "     Cluster: 3"
[1] "     Cluster: 7"
[1] "     Cluster: 8"
[1] "     Cluster: 10"
[1] "     Cluster: 11"
[1] "     Cluster: 12"
[1] "     Cluster: 14"
[1] "     Cluster: 16"
[1] "     Cluster: 19"
[1] "     Cluster: 20"
[1] "     Cluster: 22"
[1] "     Cluster: 23"
[1] "     Cluster: 24"
[1] "     Cluster: 30"
[1] "     Cluster: 32"
[1] "     Cluster: 37"
[1] "     Cluster: 40"
[1] "     Cluster: 42"
[1] "     Cluster: 43"
[1] "     Cluster: 44"
[1] "     Cluster: 45"
[1] "     Cluster: 47"
[1] "     Cluster: 51"
[1] "     Cluster: 55"
[1] "     Cluster: 56"
[1] "     Cluster: 60"
[1] "     Cluster: 61"
[1] "     Cluster: 62"
[1] "     Cluster: 63"
[1] "     Cluster: 64"
[1] "     Cluster: 66"
[1] "     Cluster: 68"
[1] "     Cluster: 71"
[1] "     Cluster: 72"
[1] "     Cluster: 73"
[1] "     Cluster: 74"
[1] "     Cluster: 75"
[1] "     Cluster: 76"
[1] "     Cluster: 79"
[1] "     Cluster: 80"
[1] "     Cluster: 82"
[1] "     Cluster: 85"
[1] "     Cluster: 88"
[1] "     Cluster: 89"
[1] "     Cluster: 90"
[1] "     Cluster: 91"
[1] "     Cluster: 93"
[1] "     Cluster: 94"
[1] "     Cluster: 96"
[1] "     Cluster: 97"
[1] "     Cluster: 99"
[1] "     Cluster: 100"
[1] "     Cluster: 103"
[1] "     Cluster: 105"
[1] "     Cluster: 106"
[1] "     Cluster: 108"
[1] "     Cluster: 109"
[1] "     Cluster: 112"
[1] "     Cluster: 115"
[1] "     Cluster: 116"
[1] "     Cluster: 120"
[1] "     Cluster: 121"
[1] "     Cluster: 124"
[1] "     Cluster: 125"
[1] "     Cluster: 130"
[1] "     Cluster: 131"
[1] "     Cluster: 132"
[1] "     Cluster: 134"
[1] "     Cluster: 136"
[1] "     Cluster: 137"
[1] "     Cluster: 139"
[1] "     Cluster: 141"
[1] "     Cluster: 144"
[1] "     Cluster: 145"
[1] "     Cluster: 146"
[1] "     Cluster: 151"
[1] "     Cluster: 152"
[1] "     Cluster: 153"
[1] "     Cluster: 154"
[1] "     Cluster: 156"
[1] "     Cluster: 162"
[1] "     Cluster: 164"
[1] "     Cluster: 165"
[1] "     Cluster: 166"
[1] "     Cluster: 167"
[1] "     Cluster: 168"
[1] "     Cluster: 170"
[1] "     Cluster: 171"
[1] "     Cluster: 172"
[1] "     Cluster: 174"
[1] "     Cluster: 177"
[1] "     Cluster: 178"
[1] "     Cluster: 180"
[1] "     Cluster: 190"
[1] "     Cluster: 191"
[1] "     Cluster: 192"
[1] "     Cluster: 193"
[1] "     Cluster: 195"
[1] "     Cluster: 197"
[1] "     Cluster: 198"
[1] ""
[1] "IF for proposed nonparametric estimator computed."
`summarise()` has grouped output by 'theta', 'tau'. You can override using the
`.groups` argument.
`summarise()` has grouped output by 'theta'. You can override using the
`.groups` argument.
`summarise()` has grouped output by 'theta', 'tau'. You can override using the
`.groups` argument.
`summarise()` has grouped output by 'theta'. You can override using the
`.groups` argument.
`summarise()` has grouped output by 'theta', 'tau'. You can override using the
`.groups` argument.
`summarise()` has grouped output by 'theta'. You can override using the
`.groups` argument.
`summarise()` has grouped output by 'theta', 'tau'. You can override using the
`.groups` argument.
`summarise()` has grouped output by 'theta'. You can override using the
`.groups` argument.
`summarise()` has grouped output by 'theta', 'tau'. You can override using the
`.groups` argument.
`summarise()` has grouped output by 'theta'. You can override using the
`.groups` argument.
`summarise()` has grouped output by 'theta', 'tau'. You can override using the
`.groups` argument.
`summarise()` has grouped output by 'theta'. You can override using the
`.groups` argument.
`summarise()` has grouped output by 'theta', 'tau'. You can override using the
`.groups` argument.
`summarise()` has grouped output by 'theta'. You can override using the
`.groups` argument.
`summarise()` has grouped output by 'theta', 'tau'. You can override using the
`.groups` argument.
`summarise()` has grouped output by 'theta'. You can override using the
`.groups` argument.
[1] ""
[1] "Total run time was 357.393 seconds"
[1] "Estimation result: "
# A tibble: 360 × 5
   estimand theta   tau     est    se
   <chr>    <dbl> <dbl>   <dbl> <dbl>
 1 mu         0.1   0.1 -0.121  0.375
 2 mu         0.1   0.2 -0.364  0.500
 3 mu         0.1   0.3  0.0144 0.397
 4 mu         0.1   0.4 -0.128  0.474
 5 mu         0.1   0.5 -0.0149 0.383
 6 mu         0.2   0.1  0.209  0.130
 7 mu         0.2   0.2  0.0475 0.259
 8 mu         0.2   0.3  0.242  0.252
 9 mu         0.2   0.4  0.183  0.293
10 mu         0.2   0.5  0.286  0.222
# ℹ 350 more rows
[1] ""
[1] "OR weights"
`summarise()` has grouped output by 'estimand'. You can override using the
`.groups` argument.
# A tibble: 27 × 6
# Groups:   estimand [3]
   estimand theta mean_value median_value min_value max_value
   <fct>    <dbl>      <dbl>        <dbl>     <dbl>     <dbl>
 1 mu         0.1      0.887        0.671  0.000168      7.67
 2 mu         0.2      0.966        0.918  0.0158        4.51
 3 mu         0.3      0.987        1      0.137         2.44
 4 mu         0.4      0.993        1      0.423         1.67
 5 mu         0.5      0.996        1      0.694         1.31
 6 mu         0.6      0.999        1      0.802         1.22
 7 mu         0.7      1.00         1      0.819         1.18
 8 mu         0.8      1.00         1      0.630         1.49
 9 mu         0.9      1.01         1      0.254         1.80
10 mu_1       0.1      0.981        0.914  0.000758      6.99
11 mu_1       0.2      0.997        0.993  0.0365        3.22
12 mu_1       0.3      0.996        1      0.218         2.09
13 mu_1       0.4      0.997        1      0.534         1.50
14 mu_1       0.5      0.998        1      0.730         1.27
15 mu_1       0.6      0.999        1      0.813         1.18
16 mu_1       0.7      1.00         1      0.809         1.19
17 mu_1       0.8      1.00         1      0.591         1.52
18 mu_1       0.9      1.01         1      0.237         1.86
19 mu_0       0.1      0.877        0.618  0.000102      8.29
20 mu_0       0.2      0.958        0.914  0.0106        4.84
21 mu_0       0.3      0.983        1.00   0.102         2.66
22 mu_0       0.4      0.990        1      0.349         1.79
23 mu_0       0.5      0.994        1      0.650         1.39
24 mu_0       0.6      0.998        1      0.762         1.26
25 mu_0       0.7      0.999        1      0.826         1.18
26 mu_0       0.8      1.00         1      0.779         1.37
27 mu_0       0.9      1.00         1      0.412         1.74
[1] ""
[1] "IPCW weights"
`summarise()` has grouped output by 'estimand'. You can override using the
`.groups` argument.
# A tibble: 27 × 6
# Groups:   estimand [3]
   estimand theta mean_value median_value min_value max_value
   <fct>    <dbl>      <dbl>        <dbl>     <dbl>     <dbl>
 1 mu         0.1       7.37   0.0000376   5.96e-16    940.  
 2 mu         0.2       4.16   0.00396     8.50e-11    286.  
 3 mu         0.3       2.26   0.0542      8.38e- 8     51.6 
 4 mu         0.4       1.56   0.274       1.11e- 5     15.1 
 5 mu         0.5       1.25   0.735       4.95e- 4      8.95
 6 mu         0.6       1.10   1.15        1.10e- 2      3.66
 7 mu         0.7       1.06   1.06        1.53e- 4      2.73
 8 mu         0.8       1.13   0.846       2.66e- 7      5.75
 9 mu         0.9       1.30   0.161       4.57e-12     14.9 
10 mu_1       0.1       6.52   0.000263    5.65e-15    553.  
11 mu_1       0.2       2.89   0.0133      4.25e-10    108.  
12 mu_1       0.3       1.75   0.116       2.79e- 7     25.7 
13 mu_1       0.4       1.33   0.502       2.79e- 5     13.5 
14 mu_1       0.5       1.13   0.901       9.90e- 4      6.39
15 mu_1       0.6       1.05   1.02        1.28e- 3      3.36
16 mu_1       0.7       1.06   1.03        1.28e- 5      3.07
17 mu_1       0.8       1.15   0.702       1.96e- 8      6.70
18 mu_1       0.9       1.32   0.123       2.98e-13     15.5 
19 mu_0       0.1       7.47   0.00000785  0           983.  
20 mu_0       0.2       4.48   0.00136     0           336.  
21 mu_0       0.3       2.48   0.0245      0            68.0 
22 mu_0       0.4       1.71   0.143       0            18.2 
23 mu_0       0.5       1.37   0.509       0            11.5 
24 mu_0       0.6       1.17   0.932       0             4.80
25 mu_0       0.7       1.05   1.11        0             2.63
26 mu_0       0.8       1.04   0.889       0             4.33
27 mu_0       0.9       1.09   0.244       0             9.96
[1] "Total run time was 362.419 seconds"
