##############################################################
### Job started at Thu Jan  8 01:03:58 AM EST 2026 with m=200, r=100 ###
##############################################################

Attaching package: ‘dplyr’

The following objects are masked from ‘package:stats’:

    filter, lag

The following objects are masked from ‘package:base’:

    intersect, setdiff, setequal, union

Loading required package: foreach
Loading required package: iterators
Loading required package: parallel

 randomForestSRC 3.4.5 
 
 Type rfsrc.news() to see new features, changes, and bug fixes. 
 

[conflicted] Will prefer dplyr::select over any other package.
[conflicted] Will prefer dplyr::filter over any other package.
[conflicted] Will prefer reshape2::melt over any other package.
Loading required package: Matrix

Attaching package: ‘Matrix’

The following objects are masked from ‘package:tidyr’:

    expand, pack, unpack


==========================================================================
===========================   Analysis setting  ==========================
==========================================================================

- taus: 0.2 

- policy: TypeB 

- thetas: 0, 0.5, 1 

- r: 100 

- K: 2 

- Nuisance estimation method: T nonpara / C nonpara / A nonpara 

- m: 200 

- N_total: 2429 

- cluster size dist'n: 
 5  6  7  8  9 10 11 12 13 14 15 16 17 18 19 20 
16 16 11 12 14 10 17 13  8 13 13 12 11  8 13 13 

 - observed time summary: 
   Min. 1st Qu.  Median    Mean 3rd Qu.    Max. 
 0.0000  0.0227  0.1986  0.5209  0.6757 10.0049 

 - event indicator table: 
   0    1 
 992 1437 

 - event time summary: 
   Min. 1st Qu.  Median    Mean 3rd Qu.    Max. 
0.00000 0.01379 0.16670 0.47278 0.57069 6.66819 

 - censoring time summary: 
    Min.  1st Qu.   Median     Mean  3rd Qu.     Max. 
 0.00000  0.03828  0.25684  0.59057  0.78266 10.00488 

 - treatment indicator table: 
   0    1 
1337 1092 

==========================================================================
===========================   Estimation start  ==========================
==========================================================================

--- Split:1 ---

Running BART with binary y

number of trees: 25
number of chains: 1, default number of threads 1
tree thinning rate: 1
Prior:
	prior on k: chi with 1.250000 degrees of freedom and inf scale
	power and base for tree prior: 2.000000 0.950000
	use quantiles for rule cut points: false
	proposal probabilities: birth/death 0.50, swap 0.10, change 0.40; birth 0.50
data:
	number of training observations: 1226
	number of test observations: 0
	number of explanatory variables: 15

Cutoff rules c in x<=c vs x>c
Number of cutoffs: (var: number of possible c):
(1: 100) (2: 100) (3: 100) (4: 100) (5: 100) 
(6: 100) (7: 100) (8: 100) (9: 100) (10: 100) 
(11: 100) (12: 100) (13: 100) (14: 100) (15: 100) 


   [*---------] 10% | ET: 6.6s 
   [**--------] 20% | ET: 12.9s 
   [***-------] 30% | ET: 19.3s 
   [****------] 40% | ET: 26.3s 
   [*****-----] 50% | ET: 34.5s 
   [******----] 60% | ET: 41.4s 
   [*******---] 70% | ET: 48s 
   [********--] 80% | ET: 55s 
   [*********-] 90% | ET: 61.5s 
   [**********] 100% | ET: 68.5s 

--- Split:2 ---

Running BART with binary y

number of trees: 25
number of chains: 1, default number of threads 1
tree thinning rate: 1
Prior:
	prior on k: chi with 1.250000 degrees of freedom and inf scale
	power and base for tree prior: 2.000000 0.950000
	use quantiles for rule cut points: false
	proposal probabilities: birth/death 0.50, swap 0.10, change 0.40; birth 0.50
data:
	number of training observations: 1203
	number of test observations: 0
	number of explanatory variables: 15

Cutoff rules c in x<=c vs x>c
Number of cutoffs: (var: number of possible c):
(1: 100) (2: 100) (3: 100) (4: 100) (5: 100) 
(6: 100) (7: 100) (8: 100) (9: 100) (10: 100) 
(11: 100) (12: 100) (13: 100) (14: 100) (15: 100) 


   [*---------] 10% | ET: 6.8s 
   [**--------] 20% | ET: 12.8s 
   [***-------] 30% | ET: 19.6s 
   [****------] 40% | ET: 26.7s 
   [*****-----] 50% | ET: 33.6s 
   [******----] 60% | ET: 40.4s 
   [*******---] 70% | ET: 47.3s 
   [********--] 80% | ET: 54s 
   [*********-] 90% | ET: 60.4s 
   [**********] 100% | ET: 67.5s 

--- IF for proposed nonparametric estimator computed --- ET: 151 seconds
--- Estimator computed: mu --- ET: 0.1 seconds --- 
--- Estimator computed: mu_1 --- ET: 0.1 seconds --- 
--- Estimator computed: mu_0 --- ET: 0.1 seconds --- 
--- Estimator computed: de --- ET: 0.1 seconds --- 
--- Estimator computed: oe --- ET: 0.1 seconds --- 
--- Estimator computed: se_1 --- ET: 0.1 seconds --- 
--- Estimator computed: se_0 --- ET: 0.1 seconds --- 
--- Total run time: 152.2 seconds --- 
--- Total run time: 155.9 seconds --- 
###################################################
### Job finished at Thu Jan  8 01:06:34 AM EST 2026 ###
###################################################
