##############################################################
### Job started at Thu Jan  8 12:42:31 AM EST 2026 with m=200, r=100 ###
##############################################################

Attaching package: ‘dplyr’

The following objects are masked from ‘package:stats’:

    filter, lag

The following objects are masked from ‘package:base’:

    intersect, setdiff, setequal, union

Loading required package: foreach
Loading required package: iterators
Loading required package: parallel

 randomForestSRC 3.4.5 
 
 Type rfsrc.news() to see new features, changes, and bug fixes. 
 

[conflicted] Will prefer dplyr::select over any other package.
[conflicted] Will prefer dplyr::filter over any other package.
[conflicted] Will prefer reshape2::melt over any other package.
Loading required package: Matrix

Attaching package: ‘Matrix’

The following objects are masked from ‘package:tidyr’:

    expand, pack, unpack


==========================================================================
===========================   Analysis setting  ==========================
==========================================================================

- taus: 0.2 

- policy: TypeB 

- thetas: 0, 0.5, 1 

- r: 100 

- K: 2 

- Nuisance estimation method: T nonpara / C nonpara / A nonpara 

- m: 200 

- N_total: 2370 

- cluster size dist'n: 
 5  6  7  8  9 10 11 12 13 14 15 16 17 18 19 20 
17 23 12 13 15 12 10 12 11  8  8 10 11 10 12 16 

 - observed time summary: 
   Min. 1st Qu.  Median    Mean 3rd Qu.    Max. 
0.00000 0.02133 0.17371 0.54609 0.69303 8.04075 

 - event indicator table: 
   0    1 
 950 1420 

 - event time summary: 
   Min. 1st Qu.  Median    Mean 3rd Qu.    Max. 
 0.0000  0.0120  0.1490  0.5087  0.6554  8.0408 

 - censoring time summary: 
   Min. 1st Qu.  Median    Mean 3rd Qu.    Max. 
0.00000 0.03553 0.23083 0.60193 0.76846 6.03071 

 - treatment indicator table: 
   0    1 
1248 1122 

==========================================================================
===========================   Estimation start  ==========================
==========================================================================

--- Split:1 ---

Running BART with binary y

number of trees: 25
number of chains: 1, default number of threads 1
tree thinning rate: 1
Prior:
	prior on k: chi with 1.250000 degrees of freedom and inf scale
	power and base for tree prior: 2.000000 0.950000
	use quantiles for rule cut points: false
	proposal probabilities: birth/death 0.50, swap 0.10, change 0.40; birth 0.50
data:
	number of training observations: 1203
	number of test observations: 0
	number of explanatory variables: 15

Cutoff rules c in x<=c vs x>c
Number of cutoffs: (var: number of possible c):
(1: 100) (2: 100) (3: 100) (4: 100) (5: 100) 
(6: 100) (7: 100) (8: 100) (9: 100) (10: 100) 
(11: 100) (12: 100) (13: 100) (14: 100) (15: 100) 


   [*---------] 10% | ET: 12.5s 
   [**--------] 20% | ET: 26.2s 
   [***-------] 30% | ET: 39.4s 
   [****------] 40% | ET: 51.8s 
   [*****-----] 50% | ET: 65.9s 
   [******----] 60% | ET: 79.2s 
   [*******---] 70% | ET: 93.3s 
   [********--] 80% | ET: 104.9s 
   [*********-] 90% | ET: 119s 
   [**********] 100% | ET: 131.4s 

--- Split:2 ---

Running BART with binary y

number of trees: 25
number of chains: 1, default number of threads 1
tree thinning rate: 1
Prior:
	prior on k: chi with 1.250000 degrees of freedom and inf scale
	power and base for tree prior: 2.000000 0.950000
	use quantiles for rule cut points: false
	proposal probabilities: birth/death 0.50, swap 0.10, change 0.40; birth 0.50
data:
	number of training observations: 1167
	number of test observations: 0
	number of explanatory variables: 15

Cutoff rules c in x<=c vs x>c
Number of cutoffs: (var: number of possible c):
(1: 100) (2: 100) (3: 100) (4: 100) (5: 100) 
(6: 100) (7: 100) (8: 100) (9: 100) (10: 100) 
(11: 100) (12: 100) (13: 100) (14: 100) (15: 100) 


   [*---------] 10% | ET: 11.9s 
   [**--------] 20% | ET: 24.7s 
   [***-------] 30% | ET: 38.4s 
   [****------] 40% | ET: 51.4s 
   [*****-----] 50% | ET: 65.2s 
   [******----] 60% | ET: 78.3s 
   [*******---] 70% | ET: 92.1s 
   [********--] 80% | ET: 106s 
   [*********-] 90% | ET: 119.8s 
   [**********] 100% | ET: 133.3s 

--- IF for proposed nonparametric estimator computed --- ET: 291.7 seconds
--- Estimator computed: mu --- ET: 0.2 seconds --- 
--- Estimator computed: mu_1 --- ET: 0.2 seconds --- 
--- Estimator computed: mu_0 --- ET: 0.2 seconds --- 
--- Estimator computed: de --- ET: 0.2 seconds --- 
--- Estimator computed: oe --- ET: 0.2 seconds --- 
--- Estimator computed: se_1 --- ET: 0.2 seconds --- 
--- Estimator computed: se_0 --- ET: 0.4 seconds --- 
--- Total run time: 294.4 seconds --- 
--- Total run time: 301.1 seconds --- 
###################################################
### Job finished at Thu Jan  8 12:47:33 AM EST 2026 ###
###################################################
