##############################################################
### Job started at Thu Jan  8 12:42:31 AM EST 2026 with m=200, r=100 ###
##############################################################

Attaching package: ‘dplyr’

The following objects are masked from ‘package:stats’:

    filter, lag

The following objects are masked from ‘package:base’:

    intersect, setdiff, setequal, union

Loading required package: foreach
Loading required package: iterators
Loading required package: parallel

 randomForestSRC 3.4.5 
 
 Type rfsrc.news() to see new features, changes, and bug fixes. 
 

[conflicted] Will prefer dplyr::select over any other package.
[conflicted] Will prefer dplyr::filter over any other package.
[conflicted] Will prefer reshape2::melt over any other package.
Loading required package: Matrix

Attaching package: ‘Matrix’

The following objects are masked from ‘package:tidyr’:

    expand, pack, unpack


==========================================================================
===========================   Analysis setting  ==========================
==========================================================================

- taus: 0.2 

- policy: TypeB 

- thetas: 0, 0.5, 1 

- r: 100 

- K: 2 

- Nuisance estimation method: T nonpara / C nonpara / A nonpara 

- m: 200 

- N_total: 2443 

- cluster size dist'n: 
 5  6  7  8  9 10 11 12 13 14 15 16 17 18 19 20 
13 14 13 17 12 11 11 14 12 14 15  7 10 11 17  9 

 - observed time summary: 
   Min. 1st Qu.  Median    Mean 3rd Qu.    Max. 
0.00000 0.02585 0.20884 0.58975 0.78383 7.06564 

 - event indicator table: 
   0    1 
1032 1411 

 - event time summary: 
   Min. 1st Qu.  Median    Mean 3rd Qu.    Max. 
0.00000 0.01637 0.17291 0.53676 0.69732 6.92776 

 - censoring time summary: 
   Min. 1st Qu.  Median    Mean 3rd Qu.    Max. 
0.00000 0.04516 0.25623 0.66219 0.86407 7.06564 

 - treatment indicator table: 
   0    1 
1244 1199 

==========================================================================
===========================   Estimation start  ==========================
==========================================================================

--- Split:1 ---

Running BART with binary y

number of trees: 25
number of chains: 1, default number of threads 1
tree thinning rate: 1
Prior:
	prior on k: chi with 1.250000 degrees of freedom and inf scale
	power and base for tree prior: 2.000000 0.950000
	use quantiles for rule cut points: false
	proposal probabilities: birth/death 0.50, swap 0.10, change 0.40; birth 0.50
data:
	number of training observations: 1183
	number of test observations: 0
	number of explanatory variables: 15

Cutoff rules c in x<=c vs x>c
Number of cutoffs: (var: number of possible c):
(1: 100) (2: 100) (3: 100) (4: 100) (5: 100) 
(6: 100) (7: 100) (8: 100) (9: 100) (10: 100) 
(11: 100) (12: 100) (13: 100) (14: 100) (15: 100) 


   [*---------] 10% | ET: 12.9s 
   [**--------] 20% | ET: 26.1s 
   [***-------] 30% | ET: 39.1s 
   [****------] 40% | ET: 52.6s 
   [*****-----] 50% | ET: 65.9s 
   [******----] 60% | ET: 79.9s 
   [*******---] 70% | ET: 94s 
   [********--] 80% | ET: 107.1s 
   [*********-] 90% | ET: 119.9s 
   [**********] 100% | ET: 132.5s 

--- Split:2 ---

Running BART with binary y

number of trees: 25
number of chains: 1, default number of threads 1
tree thinning rate: 1
Prior:
	prior on k: chi with 1.250000 degrees of freedom and inf scale
	power and base for tree prior: 2.000000 0.950000
	use quantiles for rule cut points: false
	proposal probabilities: birth/death 0.50, swap 0.10, change 0.40; birth 0.50
data:
	number of training observations: 1260
	number of test observations: 0
	number of explanatory variables: 15

Cutoff rules c in x<=c vs x>c
Number of cutoffs: (var: number of possible c):
(1: 100) (2: 100) (3: 100) (4: 100) (5: 100) 
(6: 100) (7: 100) (8: 100) (9: 100) (10: 100) 
(11: 100) (12: 100) (13: 100) (14: 100) (15: 100) 


   [*---------] 10% | ET: 12.6s 
   [**--------] 20% | ET: 26.2s 
   [***-------] 30% | ET: 38.6s 
   [****------] 40% | ET: 51s 
   [*****-----] 50% | ET: 63.8s 
   [******----] 60% | ET: 77.1s 
   [*******---] 70% | ET: 89.9s 
   [********--] 80% | ET: 102.6s 
   [*********-] 90% | ET: 116.2s 
   [**********] 100% | ET: 129.2s 

--- IF for proposed nonparametric estimator computed --- ET: 290.8 seconds
--- Estimator computed: mu --- ET: 0.2 seconds --- 
--- Estimator computed: mu_1 --- ET: 0.2 seconds --- 
--- Estimator computed: mu_0 --- ET: 0.2 seconds --- 
--- Estimator computed: de --- ET: 0.2 seconds --- 
--- Estimator computed: oe --- ET: 0.2 seconds --- 
--- Estimator computed: se_1 --- ET: 0.2 seconds --- 
--- Estimator computed: se_0 --- ET: 0.2 seconds --- 
--- Total run time: 293.2 seconds --- 
--- Total run time: 299.8 seconds --- 
###################################################
### Job finished at Thu Jan  8 12:47:31 AM EST 2026 ###
###################################################
