##############################################################
### Job started at Thu Jan  8 12:47:37 AM EST 2026 with m=200, r=100 ###
##############################################################

Attaching package: ‘dplyr’

The following objects are masked from ‘package:stats’:

    filter, lag

The following objects are masked from ‘package:base’:

    intersect, setdiff, setequal, union

Loading required package: foreach
Loading required package: iterators
Loading required package: parallel

 randomForestSRC 3.4.5 
 
 Type rfsrc.news() to see new features, changes, and bug fixes. 
 

[conflicted] Will prefer dplyr::select over any other package.
[conflicted] Will prefer dplyr::filter over any other package.
[conflicted] Will prefer reshape2::melt over any other package.
Loading required package: Matrix

Attaching package: ‘Matrix’

The following objects are masked from ‘package:tidyr’:

    expand, pack, unpack


==========================================================================
===========================   Analysis setting  ==========================
==========================================================================

- taus: 0.2 

- policy: TypeB 

- thetas: 0, 0.5, 1 

- r: 100 

- K: 2 

- Nuisance estimation method: T nonpara / C nonpara / A nonpara 

- m: 200 

- N_total: 2496 

- cluster size dist'n: 
 5  6  7  8  9 10 11 12 13 14 15 16 17 18 19 20 
12 15 13  8 14 14 12 12 12 15 11  9 19  8 13 13 

 - observed time summary: 
   Min. 1st Qu.  Median    Mean 3rd Qu.    Max. 
0.00000 0.02781 0.21349 0.57755 0.77070 7.62301 

 - event indicator table: 
   0    1 
1051 1445 

 - event time summary: 
   Min. 1st Qu.  Median    Mean 3rd Qu.    Max. 
0.00000 0.02045 0.18154 0.53848 0.70310 7.62301 

 - censoring time summary: 
   Min. 1st Qu.  Median    Mean 3rd Qu.    Max. 
0.00000 0.04072 0.29103 0.63125 0.83657 6.78332 

 - treatment indicator table: 
   0    1 
1247 1249 

==========================================================================
===========================   Estimation start  ==========================
==========================================================================

--- Split:1 ---

Running BART with binary y

number of trees: 25
number of chains: 1, default number of threads 1
tree thinning rate: 1
Prior:
	prior on k: chi with 1.250000 degrees of freedom and inf scale
	power and base for tree prior: 2.000000 0.950000
	use quantiles for rule cut points: false
	proposal probabilities: birth/death 0.50, swap 0.10, change 0.40; birth 0.50
data:
	number of training observations: 1270
	number of test observations: 0
	number of explanatory variables: 15

Cutoff rules c in x<=c vs x>c
Number of cutoffs: (var: number of possible c):
(1: 100) (2: 100) (3: 100) (4: 100) (5: 100) 
(6: 100) (7: 100) (8: 100) (9: 100) (10: 100) 
(11: 100) (12: 100) (13: 100) (14: 100) (15: 100) 


   [*---------] 10% | ET: 10.2s 
   [**--------] 20% | ET: 21s 
   [***-------] 30% | ET: 32.4s 
   [****------] 40% | ET: 43.9s 
   [*****-----] 50% | ET: 55.6s 
   [******----] 60% | ET: 67.6s 
   [*******---] 70% | ET: 80s 
   [********--] 80% | ET: 91.4s 
   [*********-] 90% | ET: 102.9s 
   [**********] 100% | ET: 114.3s 

--- Split:2 ---

Running BART with binary y

number of trees: 25
number of chains: 1, default number of threads 1
tree thinning rate: 1
Prior:
	prior on k: chi with 1.250000 degrees of freedom and inf scale
	power and base for tree prior: 2.000000 0.950000
	use quantiles for rule cut points: false
	proposal probabilities: birth/death 0.50, swap 0.10, change 0.40; birth 0.50
data:
	number of training observations: 1226
	number of test observations: 0
	number of explanatory variables: 15

Cutoff rules c in x<=c vs x>c
Number of cutoffs: (var: number of possible c):
(1: 100) (2: 100) (3: 100) (4: 100) (5: 100) 
(6: 100) (7: 100) (8: 100) (9: 100) (10: 100) 
(11: 100) (12: 100) (13: 100) (14: 100) (15: 100) 


   [*---------] 10% | ET: 12.8s 
   [**--------] 20% | ET: 26.6s 
   [***-------] 30% | ET: 41s 
   [****------] 40% | ET: 55.7s 
   [*****-----] 50% | ET: 70s 
   [******----] 60% | ET: 84.7s 
   [*******---] 70% | ET: 98.3s 
   [********--] 80% | ET: 112.9s 
   [*********-] 90% | ET: 127.6s 
   [**********] 100% | ET: 142.1s 

--- IF for proposed nonparametric estimator computed --- ET: 279.5 seconds
--- Estimator computed: mu --- ET: 0.2 seconds --- 
--- Estimator computed: mu_1 --- ET: 0.2 seconds --- 
--- Estimator computed: mu_0 --- ET: 0.2 seconds --- 
--- Estimator computed: de --- ET: 0.2 seconds --- 
--- Estimator computed: oe --- ET: 0.1 seconds --- 
--- Estimator computed: se_1 --- ET: 0.1 seconds --- 
--- Estimator computed: se_0 --- ET: 0.2 seconds --- 
--- Total run time: 282.3 seconds --- 
--- Total run time: 289.9 seconds --- 
###################################################
### Job finished at Thu Jan  8 12:52:28 AM EST 2026 ###
###################################################
