
Attaching package: ‘dplyr’

The following objects are masked from ‘package:stats’:

    filter, lag

The following objects are masked from ‘package:base’:

    intersect, setdiff, setequal, union

Loading required package: foreach
Loading required package: iterators
Loading required package: parallel

 randomForestSRC 3.2.2 
 
 Type rfsrc.news() to see new features, changes, and bug fixes. 
 

── Attaching core tidyverse packages ──────────────────────── tidyverse 2.0.0 ──
✔ forcats   1.0.0     ✔ readr     2.1.4
✔ ggplot2   3.3.6     ✔ stringr   1.5.1
✔ lubridate 1.9.3     ✔ tibble    3.2.1
✔ purrr     0.3.5     ✔ tidyr     1.2.1
── Conflicts ────────────────────────────────────────── tidyverse_conflicts() ──
✖ purrr::accumulate() masks foreach::accumulate()
✖ tidyr::extract()    masks dbarts::extract()
✖ dplyr::filter()     masks stats::filter()
✖ dplyr::lag()        masks stats::lag()
✖ purrr::partial()    masks randomForestSRC::partial()
✖ purrr::when()       masks foreach::when()
ℹ Use the [conflicted package](http://conflicted.r-lib.org/) to force all conflicts to become errors
[1] "[Analysis setting]"
[1] "n.cpus: 8"
[1] "method: nonpara"
[1] "taus: 0.1, 0.2, 0.3, 0.4, 0.5"
[1] "thetas: 0.1, 0.2, 0.3, 0.4, 0.5, 0.6, 0.7, 0.8, 0.9"
[1] "r: 100"
[1] "m: 100"
[1] "N_total: 1205"
[1] "cluster size dist'n: "

 5  6  7  8  9 10 11 12 13 14 15 16 17 18 19 20 
13  5  4  7  6  9  6  6  4  8  4  4  5  2  5 12 
[1] "observed time summary: "
   Min. 1st Qu.  Median    Mean 3rd Qu.    Max. 
0.00000 0.03352 0.32824 0.61174 1.00000 5.34449 
[1] "event indicator table: "

  0   1 
733 472 
[1] "treatment indicator table: "

  0   1 
454 751 
[1] ""
[1] "Estimation start"
[1] "   Split: 1"
Note: Using an external vector in selections is ambiguous.
ℹ Use `all_of(X.T.names)` instead of `X.T.names` to silence this message.
ℹ See <https://tidyselect.r-lib.org/reference/faq-external-vector.html>.
This message is displayed once per session.
Note: Using an external vector in selections is ambiguous.
ℹ Use `all_of(X.C.names)` instead of `X.C.names` to silence this message.
ℹ See <https://tidyselect.r-lib.org/reference/faq-external-vector.html>.
This message is displayed once per session.
Note: Using an external vector in selections is ambiguous.
ℹ Use `all_of(X.A.names)` instead of `X.A.names` to silence this message.
ℹ See <https://tidyselect.r-lib.org/reference/faq-external-vector.html>.
This message is displayed once per session.

Running BART with binary y

number of trees: 25
number of chains: 1, number of threads 1
tree thinning rate: 1
Prior:
	prior on k: chi with 1.250000 degrees of freedom and inf scale
	power and base for tree prior: 2.000000 0.950000
	use quantiles for rule cut points: false
	proposal probabilities: birth/death 0.50, swap 0.10, change 0.40; birth 0.50
data:
	number of training observations: 564
	number of test observations: 0
	number of explanatory variables: 15

Cutoff rules c in x<=c vs x>c
Number of cutoffs: (var: number of possible c):
(1: 100) (2: 100) (3: 100) (4: 100) (5: 100) 
(6: 100) (7: 100) (8: 100) (9: 100) (10: 100) 
(11: 100) (12: 100) (13: 100) (14: 100) (15: 100) 

[1] "     Cluster: 1"
[1] "     Cluster: 2"
[1] "     Cluster: 4"
[1] "     Cluster: 5"
[1] "     Cluster: 8"
[1] "     Cluster: 10"
[1] "     Cluster: 15"
[1] "     Cluster: 18"
[1] "     Cluster: 19"
[1] "     Cluster: 22"
[1] "     Cluster: 23"
[1] "     Cluster: 25"
[1] "     Cluster: 26"
[1] "     Cluster: 27"
[1] "     Cluster: 31"
[1] "     Cluster: 34"
[1] "     Cluster: 38"
[1] "     Cluster: 42"
[1] "     Cluster: 43"
[1] "     Cluster: 45"
[1] "     Cluster: 48"
[1] "     Cluster: 49"
[1] "     Cluster: 53"
[1] "     Cluster: 54"
[1] "     Cluster: 55"
[1] "     Cluster: 57"
[1] "     Cluster: 58"
[1] "     Cluster: 61"
[1] "     Cluster: 64"
[1] "     Cluster: 66"
[1] "     Cluster: 67"
[1] "     Cluster: 68"
[1] "     Cluster: 69"
[1] "     Cluster: 70"
[1] "     Cluster: 71"
[1] "     Cluster: 75"
[1] "     Cluster: 77"
[1] "     Cluster: 78"
[1] "     Cluster: 79"
[1] "     Cluster: 80"
[1] "     Cluster: 81"
[1] "     Cluster: 82"
[1] "     Cluster: 85"
[1] "     Cluster: 88"
[1] "     Cluster: 89"
[1] "     Cluster: 93"
[1] "     Cluster: 94"
[1] "     Cluster: 98"
[1] "     Cluster: 99"
[1] "     Cluster: 100"
[1] "   Split: 2"

Running BART with binary y

number of trees: 25
number of chains: 1, number of threads 1
tree thinning rate: 1
Prior:
	prior on k: chi with 1.250000 degrees of freedom and inf scale
	power and base for tree prior: 2.000000 0.950000
	use quantiles for rule cut points: false
	proposal probabilities: birth/death 0.50, swap 0.10, change 0.40; birth 0.50
data:
	number of training observations: 641
	number of test observations: 0
	number of explanatory variables: 15

Cutoff rules c in x<=c vs x>c
Number of cutoffs: (var: number of possible c):
(1: 100) (2: 100) (3: 100) (4: 100) (5: 100) 
(6: 100) (7: 100) (8: 100) (9: 100) (10: 100) 
(11: 100) (12: 100) (13: 100) (14: 100) (15: 100) 

[1] "     Cluster: 3"
[1] "     Cluster: 6"
[1] "     Cluster: 7"
[1] "     Cluster: 9"
[1] "     Cluster: 11"
[1] "     Cluster: 12"
[1] "     Cluster: 13"
[1] "     Cluster: 14"
[1] "     Cluster: 16"
[1] "     Cluster: 17"
[1] "     Cluster: 20"
[1] "     Cluster: 21"
[1] "     Cluster: 24"
[1] "     Cluster: 28"
[1] "     Cluster: 29"
[1] "     Cluster: 30"
[1] "     Cluster: 32"
[1] "     Cluster: 33"
[1] "     Cluster: 35"
[1] "     Cluster: 36"
[1] "     Cluster: 37"
[1] "     Cluster: 39"
[1] "     Cluster: 40"
[1] "     Cluster: 41"
[1] "     Cluster: 44"
[1] "     Cluster: 46"
[1] "     Cluster: 47"
[1] "     Cluster: 50"
[1] "     Cluster: 51"
[1] "     Cluster: 52"
[1] "     Cluster: 56"
[1] "     Cluster: 59"
[1] "     Cluster: 60"
[1] "     Cluster: 62"
[1] "     Cluster: 63"
[1] "     Cluster: 65"
[1] "     Cluster: 72"
[1] "     Cluster: 73"
[1] "     Cluster: 74"
[1] "     Cluster: 76"
[1] "     Cluster: 83"
[1] "     Cluster: 84"
[1] "     Cluster: 86"
[1] "     Cluster: 87"
[1] "     Cluster: 90"
[1] "     Cluster: 91"
[1] "     Cluster: 92"
[1] "     Cluster: 95"
[1] "     Cluster: 96"
[1] "     Cluster: 97"
[1] ""
[1] "IF for proposed nonparametric estimator computed."
`summarise()` has grouped output by 'theta', 'tau'. You can override using the
`.groups` argument.
`summarise()` has grouped output by 'theta'. You can override using the
`.groups` argument.
`summarise()` has grouped output by 'theta', 'tau'. You can override using the
`.groups` argument.
`summarise()` has grouped output by 'theta'. You can override using the
`.groups` argument.
`summarise()` has grouped output by 'theta', 'tau'. You can override using the
`.groups` argument.
`summarise()` has grouped output by 'theta'. You can override using the
`.groups` argument.
`summarise()` has grouped output by 'theta', 'tau'. You can override using the
`.groups` argument.
`summarise()` has grouped output by 'theta'. You can override using the
`.groups` argument.
`summarise()` has grouped output by 'theta', 'tau'. You can override using the
`.groups` argument.
`summarise()` has grouped output by 'theta'. You can override using the
`.groups` argument.
`summarise()` has grouped output by 'theta', 'tau'. You can override using the
`.groups` argument.
`summarise()` has grouped output by 'theta'. You can override using the
`.groups` argument.
`summarise()` has grouped output by 'theta', 'tau'. You can override using the
`.groups` argument.
`summarise()` has grouped output by 'theta'. You can override using the
`.groups` argument.
`summarise()` has grouped output by 'theta', 'tau'. You can override using the
`.groups` argument.
`summarise()` has grouped output by 'theta'. You can override using the
`.groups` argument.
[1] ""
[1] "Total run time was 152.316 seconds"
[1] "Estimation result: "
# A tibble: 360 × 5
   estimand theta   tau   est     se
   <chr>    <dbl> <dbl> <dbl>  <dbl>
 1 mu         0.1   0.1 0.298 0.0751
 2 mu         0.1   0.2 0.367 0.0927
 3 mu         0.1   0.3 0.381 0.107 
 4 mu         0.1   0.4 0.413 0.118 
 5 mu         0.1   0.5 0.455 0.131 
 6 mu         0.2   0.1 0.252 0.0547
 7 mu         0.2   0.2 0.330 0.0596
 8 mu         0.2   0.3 0.352 0.0676
 9 mu         0.2   0.4 0.395 0.0716
10 mu         0.2   0.5 0.448 0.0671
# ℹ 350 more rows
[1] ""
[1] "OR weights"
`summarise()` has grouped output by 'estimand'. You can override using the
`.groups` argument.
# A tibble: 27 × 6
# Groups:   estimand [3]
   estimand theta mean_value median_value  min_value max_value
   <fct>    <dbl>      <dbl>        <dbl>      <dbl>     <dbl>
 1 mu         0.1      1.17         0.312 0.00000487     44.2 
 2 mu         0.2      1.07         0.873 0.00179        14.5 
 3 mu         0.3      1.04         1     0.0338          4.80
 4 mu         0.4      1.02         1     0.181           1.97
 5 mu         0.5      1.01         1     0.474           1.34
 6 mu         0.6      1.00         1     0.800           1.15
 7 mu         0.7      0.995        1     0.853           1.16
 8 mu         0.8      1.00         1     0.541           1.56
 9 mu         0.9      1.07         1     0.157           3.12
10 mu_1       0.1      1.02         0.711 0.0000246       6.99
11 mu_1       0.2      0.999        1     0.00460         3.33
12 mu_1       0.3      1.01         1     0.0596          2.36
13 mu_1       0.4      1.01         1     0.249           1.57
14 mu_1       0.5      1.01         1     0.558           1.25
15 mu_1       0.6      0.999        1     0.859           1.18
16 mu_1       0.7      0.994        1     0.813           1.22
17 mu_1       0.8      1.01         1     0.499           1.68
18 mu_1       0.9      1.08         1     0.139           3.34
19 mu_0       0.1      1.19         0.268 0.00000268     48.5 
20 mu_0       0.2      1.09         0.786 0.00109        17.5 
21 mu_0       0.3      1.05         1     0.0228          6.16
22 mu_0       0.4      1.03         1     0.135           2.47
23 mu_0       0.5      1.01         1     0.390           1.43
24 mu_0       0.6      1.00         1     0.712           1.17
25 mu_0       0.7      0.996        0.999 0.906           1.21
26 mu_0       0.8      0.987        1     0.710           1.19
27 mu_0       0.9      0.991        1     0.322           1.80
[1] ""
[1] "IPCW weights"
`summarise()` has grouped output by 'estimand'. You can override using the
`.groups` argument.
# A tibble: 27 × 6
# Groups:   estimand [3]
   estimand theta mean_value median_value min_value max_value
   <fct>    <dbl>      <dbl>        <dbl>     <dbl>     <dbl>
 1 mu         0.1     0.0207    0.000114   1.20e-12     0.721
 2 mu         0.2     0.155     0.00966    5.51e- 8     3.24 
 3 mu         0.3     0.435     0.104      2.42e- 5     8.50 
 4 mu         0.4     0.744     0.334      1.52e- 3     8.76 
 5 mu         0.5     0.942     0.732      3.13e- 2     5.27 
 6 mu         0.6     1.00      0.991      2.71e- 1     2.92 
 7 mu         0.7     1.01      0.944      4.31e- 2     3.41 
 8 mu         0.8     0.970     0.534      9.66e- 4     7.00 
 9 mu         0.9     0.744     0.105      6.05e- 7    11.4  
10 mu_1       0.1     0.0818    0.000839   1.01e-11     2.40 
11 mu_1       0.2     0.314     0.0341     2.32e- 7     5.72 
12 mu_1       0.3     0.630     0.195      6.81e- 5    10.0  
13 mu_1       0.4     0.894     0.580      3.21e- 3     7.73 
14 mu_1       0.5     1.02      0.942      5.27e- 2     4.99 
15 mu_1       0.6     1.04      1.02       2.64e- 1     2.36 
16 mu_1       0.7     1.03      0.836      2.46e- 2     3.90 
17 mu_1       0.8     0.959     0.409      4.83e- 4     7.96 
18 mu_1       0.9     0.723     0.0778     2.69e- 7    11.5  
19 mu_0       0.1     0.0139    0.0000484  0            0.534
20 mu_0       0.2     0.115     0.00403    0            2.62 
21 mu_0       0.3     0.352     0.0428     0            7.86 
22 mu_0       0.4     0.645     0.225      0            9.45 
23 mu_0       0.5     0.862     0.602      0            5.82 
24 mu_0       0.6     0.949     0.889      0            3.84 
25 mu_0       0.7     0.978     0.978      0            2.83 
26 mu_0       0.8     1.01      0.803      0            4.42 
27 mu_0       0.9     0.929     0.243      0           10.3  
[1] "Total run time was 155.694 seconds"
