
Attaching package: ‘dplyr’

The following objects are masked from ‘package:stats’:

    filter, lag

The following objects are masked from ‘package:base’:

    intersect, setdiff, setequal, union

Loading required package: foreach
Loading required package: iterators
Loading required package: parallel

 randomForestSRC 3.2.2 
 
 Type rfsrc.news() to see new features, changes, and bug fixes. 
 

── Attaching core tidyverse packages ──────────────────────── tidyverse 2.0.0 ──
✔ forcats   1.0.0     ✔ readr     2.1.4
✔ ggplot2   3.3.6     ✔ stringr   1.5.1
✔ lubridate 1.9.3     ✔ tibble    3.2.1
✔ purrr     0.3.5     ✔ tidyr     1.2.1
── Conflicts ────────────────────────────────────────── tidyverse_conflicts() ──
✖ purrr::accumulate() masks foreach::accumulate()
✖ tidyr::extract()    masks dbarts::extract()
✖ dplyr::filter()     masks stats::filter()
✖ dplyr::lag()        masks stats::lag()
✖ purrr::partial()    masks randomForestSRC::partial()
✖ purrr::when()       masks foreach::when()
ℹ Use the [conflicted package](http://conflicted.r-lib.org/) to force all conflicts to become errors
[1] "[Analysis setting]"
[1] "n.cpus: 8"
[1] "method: nonpara"
[1] "taus: 0.1, 0.2, 0.3, 0.4, 0.5"
[1] "thetas: 0.1, 0.2, 0.3, 0.4, 0.5, 0.6, 0.7, 0.8, 0.9"
[1] "r: 100"
[1] "m: 100"
[1] "N_total: 1254"
[1] "cluster size dist'n: "

 5  6  7  8  9 10 11 12 13 14 15 16 17 18 19 20 
 9  7  8  3  5  2  8  4  7  8  8  3  6  7 13  2 
[1] "observed time summary: "
   Min. 1st Qu.  Median    Mean 3rd Qu.    Max. 
0.00000 0.03718 0.34402 0.58855 0.96424 6.00000 
[1] "event indicator table: "

  0   1 
757 497 
[1] "treatment indicator table: "

  0   1 
442 812 
[1] ""
[1] "Estimation start"
[1] "   Split: 1"
Note: Using an external vector in selections is ambiguous.
ℹ Use `all_of(X.T.names)` instead of `X.T.names` to silence this message.
ℹ See <https://tidyselect.r-lib.org/reference/faq-external-vector.html>.
This message is displayed once per session.
Note: Using an external vector in selections is ambiguous.
ℹ Use `all_of(X.C.names)` instead of `X.C.names` to silence this message.
ℹ See <https://tidyselect.r-lib.org/reference/faq-external-vector.html>.
This message is displayed once per session.
Note: Using an external vector in selections is ambiguous.
ℹ Use `all_of(X.A.names)` instead of `X.A.names` to silence this message.
ℹ See <https://tidyselect.r-lib.org/reference/faq-external-vector.html>.
This message is displayed once per session.

Running BART with binary y

number of trees: 25
number of chains: 1, number of threads 1
tree thinning rate: 1
Prior:
	prior on k: chi with 1.250000 degrees of freedom and inf scale
	power and base for tree prior: 2.000000 0.950000
	use quantiles for rule cut points: false
	proposal probabilities: birth/death 0.50, swap 0.10, change 0.40; birth 0.50
data:
	number of training observations: 575
	number of test observations: 0
	number of explanatory variables: 15

Cutoff rules c in x<=c vs x>c
Number of cutoffs: (var: number of possible c):
(1: 100) (2: 100) (3: 100) (4: 100) (5: 100) 
(6: 100) (7: 100) (8: 100) (9: 100) (10: 100) 
(11: 100) (12: 100) (13: 100) (14: 100) (15: 100) 

[1] "     Cluster: 1"
[1] "     Cluster: 3"
[1] "     Cluster: 5"
[1] "     Cluster: 8"
[1] "     Cluster: 9"
[1] "     Cluster: 10"
[1] "     Cluster: 11"
[1] "     Cluster: 12"
[1] "     Cluster: 13"
[1] "     Cluster: 15"
[1] "     Cluster: 18"
[1] "     Cluster: 20"
[1] "     Cluster: 22"
[1] "     Cluster: 23"
[1] "     Cluster: 24"
[1] "     Cluster: 25"
[1] "     Cluster: 27"
[1] "     Cluster: 28"
[1] "     Cluster: 31"
[1] "     Cluster: 32"
[1] "     Cluster: 33"
[1] "     Cluster: 36"
[1] "     Cluster: 38"
[1] "     Cluster: 39"
[1] "     Cluster: 40"
[1] "     Cluster: 43"
[1] "     Cluster: 46"
[1] "     Cluster: 48"
[1] "     Cluster: 52"
[1] "     Cluster: 54"
[1] "     Cluster: 55"
[1] "     Cluster: 61"
[1] "     Cluster: 63"
[1] "     Cluster: 65"
[1] "     Cluster: 66"
[1] "     Cluster: 67"
[1] "     Cluster: 68"
[1] "     Cluster: 70"
[1] "     Cluster: 73"
[1] "     Cluster: 74"
[1] "     Cluster: 75"
[1] "     Cluster: 76"
[1] "     Cluster: 78"
[1] "     Cluster: 81"
[1] "     Cluster: 83"
[1] "     Cluster: 86"
[1] "     Cluster: 88"
[1] "     Cluster: 89"
[1] "     Cluster: 90"
[1] "     Cluster: 91"
[1] "   Split: 2"

Running BART with binary y

number of trees: 25
number of chains: 1, number of threads 1
tree thinning rate: 1
Prior:
	prior on k: chi with 1.250000 degrees of freedom and inf scale
	power and base for tree prior: 2.000000 0.950000
	use quantiles for rule cut points: false
	proposal probabilities: birth/death 0.50, swap 0.10, change 0.40; birth 0.50
data:
	number of training observations: 679
	number of test observations: 0
	number of explanatory variables: 15

Cutoff rules c in x<=c vs x>c
Number of cutoffs: (var: number of possible c):
(1: 100) (2: 100) (3: 100) (4: 100) (5: 100) 
(6: 100) (7: 100) (8: 100) (9: 100) (10: 100) 
(11: 100) (12: 100) (13: 100) (14: 100) (15: 100) 

[1] "     Cluster: 2"
[1] "     Cluster: 4"
[1] "     Cluster: 6"
[1] "     Cluster: 7"
[1] "     Cluster: 14"
[1] "     Cluster: 16"
[1] "     Cluster: 17"
[1] "     Cluster: 19"
[1] "     Cluster: 21"
[1] "     Cluster: 26"
[1] "     Cluster: 29"
[1] "     Cluster: 30"
[1] "     Cluster: 34"
[1] "     Cluster: 35"
[1] "     Cluster: 37"
[1] "     Cluster: 41"
[1] "     Cluster: 42"
[1] "     Cluster: 44"
[1] "     Cluster: 45"
[1] "     Cluster: 47"
[1] "     Cluster: 49"
[1] "     Cluster: 50"
[1] "     Cluster: 51"
[1] "     Cluster: 53"
[1] "     Cluster: 56"
[1] "     Cluster: 57"
[1] "     Cluster: 58"
[1] "     Cluster: 59"
[1] "     Cluster: 60"
[1] "     Cluster: 62"
[1] "     Cluster: 64"
[1] "     Cluster: 69"
[1] "     Cluster: 71"
[1] "     Cluster: 72"
[1] "     Cluster: 77"
[1] "     Cluster: 79"
[1] "     Cluster: 80"
[1] "     Cluster: 82"
[1] "     Cluster: 84"
[1] "     Cluster: 85"
[1] "     Cluster: 87"
[1] "     Cluster: 92"
[1] "     Cluster: 93"
[1] "     Cluster: 94"
[1] "     Cluster: 95"
[1] "     Cluster: 96"
[1] "     Cluster: 97"
[1] "     Cluster: 98"
[1] "     Cluster: 99"
[1] "     Cluster: 100"
[1] ""
[1] "IF for proposed nonparametric estimator computed."
`summarise()` has grouped output by 'theta', 'tau'. You can override using the
`.groups` argument.
`summarise()` has grouped output by 'theta'. You can override using the
`.groups` argument.
`summarise()` has grouped output by 'theta', 'tau'. You can override using the
`.groups` argument.
`summarise()` has grouped output by 'theta'. You can override using the
`.groups` argument.
`summarise()` has grouped output by 'theta', 'tau'. You can override using the
`.groups` argument.
`summarise()` has grouped output by 'theta'. You can override using the
`.groups` argument.
`summarise()` has grouped output by 'theta', 'tau'. You can override using the
`.groups` argument.
`summarise()` has grouped output by 'theta'. You can override using the
`.groups` argument.
`summarise()` has grouped output by 'theta', 'tau'. You can override using the
`.groups` argument.
`summarise()` has grouped output by 'theta'. You can override using the
`.groups` argument.
`summarise()` has grouped output by 'theta', 'tau'. You can override using the
`.groups` argument.
`summarise()` has grouped output by 'theta'. You can override using the
`.groups` argument.
`summarise()` has grouped output by 'theta', 'tau'. You can override using the
`.groups` argument.
`summarise()` has grouped output by 'theta'. You can override using the
`.groups` argument.
`summarise()` has grouped output by 'theta', 'tau'. You can override using the
`.groups` argument.
`summarise()` has grouped output by 'theta'. You can override using the
`.groups` argument.
[1] ""
[1] "Total run time was 225.736 seconds"
[1] "Estimation result: "
# A tibble: 360 × 5
   estimand theta   tau   est     se
   <chr>    <dbl> <dbl> <dbl>  <dbl>
 1 mu         0.1   0.1 0.522 0.172 
 2 mu         0.1   0.2 0.553 0.135 
 3 mu         0.1   0.3 0.620 0.151 
 4 mu         0.1   0.4 0.635 0.133 
 5 mu         0.1   0.5 0.658 0.116 
 6 mu         0.2   0.1 0.481 0.156 
 7 mu         0.2   0.2 0.515 0.118 
 8 mu         0.2   0.3 0.580 0.134 
 9 mu         0.2   0.4 0.600 0.114 
10 mu         0.2   0.5 0.628 0.0919
# ℹ 350 more rows
[1] ""
[1] "OR weights"
`summarise()` has grouped output by 'estimand'. You can override using the
`.groups` argument.
# A tibble: 27 × 6
# Groups:   estimand [3]
   estimand theta mean_value median_value min_value max_value
   <fct>    <dbl>      <dbl>        <dbl>     <dbl>     <dbl>
 1 mu         0.1      0.415       0.0961 0.000126       3.00
 2 mu         0.2      0.680       0.443  0.0116         3.42
 3 mu         0.3      0.872       0.833  0.103          2.74
 4 mu         0.4      0.978       1      0.341          1.86
 5 mu         0.5      1.01        1      0.655          1.60
 6 mu         0.6      1.01        1      0.855          1.26
 7 mu         0.7      0.990       0.991  0.825          1.23
 8 mu         0.8      0.964       0.991  0.499          1.47
 9 mu         0.9      0.921       0.939  0.150          3.34
10 mu_1       0.1      0.620       0.259  0.000542       4.33
11 mu_1       0.2      0.816       0.712  0.0260         3.42
12 mu_1       0.3      0.941       0.968  0.163          2.12
13 mu_1       0.4      1.00        1      0.437          1.80
14 mu_1       0.5      1.01        1      0.732          1.48
15 mu_1       0.6      1.00        1      0.889          1.17
16 mu_1       0.7      0.985       0.994  0.783          1.24
17 mu_1       0.8      0.961       0.996  0.461          1.57
18 mu_1       0.9      0.920       0.923  0.135          3.62
19 mu_0       0.1      0.392       0.0779 0.0000793      3.02
20 mu_0       0.2      0.645       0.374  0.00798        3.42
21 mu_0       0.3      0.843       0.756  0.0770         3.03
22 mu_0       0.4      0.962       0.984  0.278          2.02
23 mu_0       0.5      1.01        1      0.578          1.76
24 mu_0       0.6      1.01        1      0.783          1.41
25 mu_0       0.7      1.00        1      0.868          1.20
26 mu_0       0.8      0.979       0.992  0.653          1.30
27 mu_0       0.9      0.933       0.970  0.292          1.77
[1] ""
[1] "IPCW weights"
`summarise()` has grouped output by 'estimand'. You can override using the
`.groups` argument.
# A tibble: 27 × 6
# Groups:   estimand [3]
   estimand theta mean_value median_value min_value max_value
   <fct>    <dbl>      <dbl>        <dbl>     <dbl>     <dbl>
 1 mu         0.1      0.423   0.0000214   5.76e-13     39.1 
 2 mu         0.2      0.992   0.00380     2.65e- 8     85.6 
 3 mu         0.3      0.992   0.0526      1.17e- 5     66.5 
 4 mu         0.4      0.886   0.285       7.33e- 4     28.9 
 5 mu         0.5      0.951   0.669       1.51e- 2      7.60
 6 mu         0.6      1.07    0.973       1.35e- 1      4.25
 7 mu         0.7      1.11    0.964       7.57e- 2      4.82
 8 mu         0.8      1.09    0.515       1.31e- 3      9.34
 9 mu         0.9      0.920   0.0760      9.08e- 7     16.9 
10 mu_1       0.1      0.962   0.000127    4.85e-12     83.8 
11 mu_1       0.2      1.21    0.0125      1.12e- 7     91.7 
12 mu_1       0.3      0.979   0.104       3.27e- 5     47.5 
13 mu_1       0.4      0.905   0.467       1.54e- 3     15.5 
14 mu_1       0.5      0.997   0.885       2.54e- 2      5.56
15 mu_1       0.6      1.08    1.01        2.00e- 1      3.67
16 mu_1       0.7      1.10    0.925       2.32e- 2      6.11
17 mu_1       0.8      1.08    0.412       3.50e- 4     10.6 
18 mu_1       0.9      0.890   0.0507      2.16e- 7     17.3 
19 mu_0       0.1      0.363   0.00000734  0            34.1 
20 mu_0       0.2      0.938   0.00136     0            84.1 
21 mu_0       0.3      0.997   0.0281      0            74.6 
22 mu_0       0.4      0.873   0.167       0            37.9 
23 mu_0       0.5      0.904   0.494       0            11.9 
24 mu_0       0.6      1.04    0.955       0             5.90
25 mu_0       0.7      1.12    1.09        0             3.49
26 mu_0       0.8      1.13    0.929       0             5.19
27 mu_0       0.9      1.19    0.250       0            14.1 
[1] "Total run time was 231.004 seconds"
