
Attaching package: ‘dplyr’

The following objects are masked from ‘package:stats’:

    filter, lag

The following objects are masked from ‘package:base’:

    intersect, setdiff, setequal, union

Loading required package: foreach
Loading required package: iterators
Loading required package: parallel

 randomForestSRC 3.2.2 
 
 Type rfsrc.news() to see new features, changes, and bug fixes. 
 

── Attaching core tidyverse packages ──────────────────────── tidyverse 2.0.0 ──
✔ forcats   1.0.0     ✔ readr     2.1.4
✔ ggplot2   3.3.6     ✔ stringr   1.5.1
✔ lubridate 1.9.3     ✔ tibble    3.2.1
✔ purrr     0.3.5     ✔ tidyr     1.2.1
── Conflicts ────────────────────────────────────────── tidyverse_conflicts() ──
✖ purrr::accumulate() masks foreach::accumulate()
✖ tidyr::extract()    masks dbarts::extract()
✖ dplyr::filter()     masks stats::filter()
✖ dplyr::lag()        masks stats::lag()
✖ purrr::partial()    masks randomForestSRC::partial()
✖ purrr::when()       masks foreach::when()
ℹ Use the [conflicted package](http://conflicted.r-lib.org/) to force all conflicts to become errors
[1] "[Analysis setting]"
[1] "n.cpus: 8"
[1] "method: nonpara"
[1] "taus: 0.1, 0.2, 0.3, 0.4, 0.5"
[1] "thetas: 0.1, 0.2, 0.3, 0.4, 0.5, 0.6, 0.7, 0.8, 0.9"
[1] "r: 100"
[1] "m: 100"
[1] "N_total: 1173"
[1] "cluster size dist'n: "

 5  6  7  8  9 10 11 12 13 14 15 16 17 18 19 20 
 7  6 12 11  3  6  5  8  6  6  6  4  1  8  5  6 
[1] "observed time summary: "
   Min. 1st Qu.  Median    Mean 3rd Qu.    Max. 
0.00000 0.02529 0.29874 0.57926 0.98646 5.71249 
[1] "event indicator table: "

  0   1 
693 480 
[1] "treatment indicator table: "

  0   1 
428 745 
[1] ""
[1] "Estimation start"
[1] "   Split: 1"
Note: Using an external vector in selections is ambiguous.
ℹ Use `all_of(X.T.names)` instead of `X.T.names` to silence this message.
ℹ See <https://tidyselect.r-lib.org/reference/faq-external-vector.html>.
This message is displayed once per session.
Note: Using an external vector in selections is ambiguous.
ℹ Use `all_of(X.C.names)` instead of `X.C.names` to silence this message.
ℹ See <https://tidyselect.r-lib.org/reference/faq-external-vector.html>.
This message is displayed once per session.
Note: Using an external vector in selections is ambiguous.
ℹ Use `all_of(X.A.names)` instead of `X.A.names` to silence this message.
ℹ See <https://tidyselect.r-lib.org/reference/faq-external-vector.html>.
This message is displayed once per session.

Running BART with binary y

number of trees: 25
number of chains: 1, number of threads 1
tree thinning rate: 1
Prior:
	prior on k: chi with 1.250000 degrees of freedom and inf scale
	power and base for tree prior: 2.000000 0.950000
	use quantiles for rule cut points: false
	proposal probabilities: birth/death 0.50, swap 0.10, change 0.40; birth 0.50
data:
	number of training observations: 603
	number of test observations: 0
	number of explanatory variables: 15

Cutoff rules c in x<=c vs x>c
Number of cutoffs: (var: number of possible c):
(1: 100) (2: 100) (3: 100) (4: 100) (5: 100) 
(6: 100) (7: 100) (8: 100) (9: 100) (10: 100) 
(11: 100) (12: 100) (13: 100) (14: 100) (15: 100) 

[1] "     Cluster: 1"
[1] "     Cluster: 3"
[1] "     Cluster: 10"
[1] "     Cluster: 11"
[1] "     Cluster: 14"
[1] "     Cluster: 17"
[1] "     Cluster: 20"
[1] "     Cluster: 22"
[1] "     Cluster: 23"
[1] "     Cluster: 24"
[1] "     Cluster: 25"
[1] "     Cluster: 27"
[1] "     Cluster: 28"
[1] "     Cluster: 29"
[1] "     Cluster: 31"
[1] "     Cluster: 32"
[1] "     Cluster: 35"
[1] "     Cluster: 39"
[1] "     Cluster: 40"
[1] "     Cluster: 43"
[1] "     Cluster: 45"
[1] "     Cluster: 49"
[1] "     Cluster: 51"
[1] "     Cluster: 55"
[1] "     Cluster: 58"
[1] "     Cluster: 59"
[1] "     Cluster: 61"
[1] "     Cluster: 62"
[1] "     Cluster: 63"
[1] "     Cluster: 66"
[1] "     Cluster: 68"
[1] "     Cluster: 69"
[1] "     Cluster: 77"
[1] "     Cluster: 78"
[1] "     Cluster: 80"
[1] "     Cluster: 81"
[1] "     Cluster: 83"
[1] "     Cluster: 85"
[1] "     Cluster: 86"
[1] "     Cluster: 88"
[1] "     Cluster: 89"
[1] "     Cluster: 90"
[1] "     Cluster: 91"
[1] "     Cluster: 93"
[1] "     Cluster: 94"
[1] "     Cluster: 95"
[1] "     Cluster: 96"
[1] "     Cluster: 97"
[1] "     Cluster: 98"
[1] "     Cluster: 99"
[1] "   Split: 2"

Running BART with binary y

number of trees: 25
number of chains: 1, number of threads 1
tree thinning rate: 1
Prior:
	prior on k: chi with 1.250000 degrees of freedom and inf scale
	power and base for tree prior: 2.000000 0.950000
	use quantiles for rule cut points: false
	proposal probabilities: birth/death 0.50, swap 0.10, change 0.40; birth 0.50
data:
	number of training observations: 570
	number of test observations: 0
	number of explanatory variables: 15

Cutoff rules c in x<=c vs x>c
Number of cutoffs: (var: number of possible c):
(1: 100) (2: 100) (3: 100) (4: 100) (5: 100) 
(6: 100) (7: 100) (8: 100) (9: 100) (10: 100) 
(11: 100) (12: 100) (13: 100) (14: 100) (15: 100) 

[1] "     Cluster: 2"
[1] "     Cluster: 4"
[1] "     Cluster: 5"
[1] "     Cluster: 6"
[1] "     Cluster: 7"
[1] "     Cluster: 8"
[1] "     Cluster: 9"
[1] "     Cluster: 12"
[1] "     Cluster: 13"
[1] "     Cluster: 15"
[1] "     Cluster: 16"
[1] "     Cluster: 18"
[1] "     Cluster: 19"
[1] "     Cluster: 21"
[1] "     Cluster: 26"
[1] "     Cluster: 30"
[1] "     Cluster: 33"
[1] "     Cluster: 34"
[1] "     Cluster: 36"
[1] "     Cluster: 37"
[1] "     Cluster: 38"
[1] "     Cluster: 41"
[1] "     Cluster: 42"
[1] "     Cluster: 44"
[1] "     Cluster: 46"
[1] "     Cluster: 47"
[1] "     Cluster: 48"
[1] "     Cluster: 50"
[1] "     Cluster: 52"
[1] "     Cluster: 53"
[1] "     Cluster: 54"
[1] "     Cluster: 56"
[1] "     Cluster: 57"
[1] "     Cluster: 60"
[1] "     Cluster: 64"
[1] "     Cluster: 65"
[1] "     Cluster: 67"
[1] "     Cluster: 70"
[1] "     Cluster: 71"
[1] "     Cluster: 72"
[1] "     Cluster: 73"
[1] "     Cluster: 74"
[1] "     Cluster: 75"
[1] "     Cluster: 76"
[1] "     Cluster: 79"
[1] "     Cluster: 82"
[1] "     Cluster: 84"
[1] "     Cluster: 87"
[1] "     Cluster: 92"
[1] "     Cluster: 100"
[1] ""
[1] "IF for proposed nonparametric estimator computed."
`summarise()` has grouped output by 'theta', 'tau'. You can override using the
`.groups` argument.
`summarise()` has grouped output by 'theta'. You can override using the
`.groups` argument.
`summarise()` has grouped output by 'theta', 'tau'. You can override using the
`.groups` argument.
`summarise()` has grouped output by 'theta'. You can override using the
`.groups` argument.
`summarise()` has grouped output by 'theta', 'tau'. You can override using the
`.groups` argument.
`summarise()` has grouped output by 'theta'. You can override using the
`.groups` argument.
`summarise()` has grouped output by 'theta', 'tau'. You can override using the
`.groups` argument.
`summarise()` has grouped output by 'theta'. You can override using the
`.groups` argument.
`summarise()` has grouped output by 'theta', 'tau'. You can override using the
`.groups` argument.
`summarise()` has grouped output by 'theta'. You can override using the
`.groups` argument.
`summarise()` has grouped output by 'theta', 'tau'. You can override using the
`.groups` argument.
`summarise()` has grouped output by 'theta'. You can override using the
`.groups` argument.
`summarise()` has grouped output by 'theta', 'tau'. You can override using the
`.groups` argument.
`summarise()` has grouped output by 'theta'. You can override using the
`.groups` argument.
`summarise()` has grouped output by 'theta', 'tau'. You can override using the
`.groups` argument.
`summarise()` has grouped output by 'theta'. You can override using the
`.groups` argument.
[1] ""
[1] "Total run time was 72.17 seconds"
[1] "Estimation result: "
# A tibble: 360 × 5
   estimand theta   tau   est     se
   <chr>    <dbl> <dbl> <dbl>  <dbl>
 1 mu         0.1   0.1 0.404 0.0710
 2 mu         0.1   0.2 0.410 0.0737
 3 mu         0.1   0.3 0.629 0.117 
 4 mu         0.1   0.4 0.644 0.111 
 5 mu         0.1   0.5 0.644 0.110 
 6 mu         0.2   0.1 0.348 0.0463
 7 mu         0.2   0.2 0.361 0.0501
 8 mu         0.2   0.3 0.556 0.0847
 9 mu         0.2   0.4 0.577 0.0789
10 mu         0.2   0.5 0.578 0.0784
# ℹ 350 more rows
[1] ""
[1] "OR weights"
`summarise()` has grouped output by 'estimand'. You can override using the
`.groups` argument.
# A tibble: 27 × 6
# Groups:   estimand [3]
   estimand theta mean_value median_value min_value max_value
   <fct>    <dbl>      <dbl>        <dbl>     <dbl>     <dbl>
 1 mu         0.1      0.521        0.221 0.0000528      3.86
 2 mu         0.2      0.775        0.621 0.00969        4.48
 3 mu         0.3      0.926        0.904 0.119          2.72
 4 mu         0.4      0.989        0.999 0.440          1.76
 5 mu         0.5      1.01         1     0.785          1.27
 6 mu         0.6      1.00         1     0.884          1.13
 7 mu         0.7      1.00         1     0.762          1.18
 8 mu         0.8      1.01         1     0.504          1.79
 9 mu         0.9      1.09         1     0.223          9.81
10 mu_1       0.1      0.721        0.576 0.000244       5.11
11 mu_1       0.2      0.893        0.917 0.0229         4.02
12 mu_1       0.3      0.976        0.976 0.193          2.27
13 mu_1       0.4      1.00         1     0.559          1.56
14 mu_1       0.5      1.01         1     0.814          1.20
15 mu_1       0.6      1.00         1     0.912          1.12
16 mu_1       0.7      1.00         1     0.715          1.21
17 mu_1       0.8      1.02         0.999 0.468          2.00
18 mu_1       0.9      1.10         1     0.204         10.8 
19 mu_0       0.1      0.499        0.186 0.0000316      4.05
20 mu_0       0.2      0.745        0.560 0.00638        4.60
21 mu_0       0.3      0.904        0.860 0.0867         3.02
22 mu_0       0.4      0.980        0.985 0.360          1.90
23 mu_0       0.5      1.01         1     0.693          1.36
24 mu_0       0.6      1.01         1     0.842          1.18
25 mu_0       0.7      1.00         1     0.873          1.15
26 mu_0       0.8      1.00         1     0.649          1.31
27 mu_0       0.9      0.995        0.973 0.396          2.24
[1] ""
[1] "IPCW weights"
`summarise()` has grouped output by 'estimand'. You can override using the
`.groups` argument.
# A tibble: 27 × 6
# Groups:   estimand [3]
   estimand theta mean_value median_value min_value max_value
   <fct>    <dbl>      <dbl>        <dbl>     <dbl>     <dbl>
 1 mu         0.1      0.186    0.0000955  6.36e-13     14.3 
 2 mu         0.2      0.539    0.00813    1.85e- 8     31.3 
 3 mu         0.3      0.738    0.0864     7.09e- 6     24.3 
 4 mu         0.4      0.840    0.288      4.55e- 4     10.6 
 5 mu         0.5      0.911    0.737      1.08e- 2      4.13
 6 mu         0.6      0.974    0.960      1.33e- 1      2.37
 7 mu         0.7      1.06     0.915      2.77e- 2      4.73
 8 mu         0.8      1.14     0.447      4.78e- 4      7.92
 9 mu         0.9      1.07     0.0676     3.32e- 7     15.1 
10 mu_1       0.1      0.464    0.000676   5.96e-12     30.6 
11 mu_1       0.2      0.774    0.0254     8.68e- 8     33.5 
12 mu_1       0.3      0.864    0.192      2.22e- 5     17.4 
13 mu_1       0.4      0.908    0.481      1.07e- 3      5.67
14 mu_1       0.5      0.948    0.887      2.02e- 2      3.03
15 mu_1       0.6      0.998    1.01       1.47e- 1      1.98
16 mu_1       0.7      1.08     0.794      8.48e- 3      5.41
17 mu_1       0.8      1.15     0.352      1.28e- 4      7.92
18 mu_1       0.9      1.07     0.0398     7.91e- 8     16.8 
19 mu_0       0.1      0.155    0.0000312  0            12.5 
20 mu_0       0.2      0.480    0.00431    0            30.8 
21 mu_0       0.3      0.684    0.0336     0            27.3 
22 mu_0       0.4      0.794    0.172      0            13.9 
23 mu_0       0.5      0.875    0.590      0             5.25
24 mu_0       0.6      0.938    0.917      0             2.97
25 mu_0       0.7      0.996    1.01       0             3.15
26 mu_0       0.8      1.08     0.782      0             7.92
27 mu_0       0.9      1.11     0.192      0             9.42
[1] "Total run time was 74.251 seconds"
