
Attaching package: ‘dplyr’

The following objects are masked from ‘package:stats’:

    filter, lag

The following objects are masked from ‘package:base’:

    intersect, setdiff, setequal, union

Loading required package: foreach
Loading required package: iterators
Loading required package: parallel

 randomForestSRC 3.2.2 
 
 Type rfsrc.news() to see new features, changes, and bug fixes. 
 

── Attaching core tidyverse packages ──────────────────────── tidyverse 2.0.0 ──
✔ forcats   1.0.0     ✔ readr     2.1.4
✔ ggplot2   3.3.6     ✔ stringr   1.5.1
✔ lubridate 1.9.3     ✔ tibble    3.2.1
✔ purrr     0.3.5     ✔ tidyr     1.2.1
── Conflicts ────────────────────────────────────────── tidyverse_conflicts() ──
✖ purrr::accumulate() masks foreach::accumulate()
✖ tidyr::extract()    masks dbarts::extract()
✖ dplyr::filter()     masks stats::filter()
✖ dplyr::lag()        masks stats::lag()
✖ purrr::partial()    masks randomForestSRC::partial()
✖ purrr::when()       masks foreach::when()
ℹ Use the [conflicted package](http://conflicted.r-lib.org/) to force all conflicts to become errors
[1] "[Analysis setting]"
[1] "n.cpus: 8"
[1] "method: nonpara"
[1] "taus: 0.1, 0.2, 0.3, 0.4, 0.5"
[1] "thetas: 0.1, 0.2, 0.3, 0.4, 0.5, 0.6, 0.7, 0.8, 0.9"
[1] "r: 100"
[1] "m: 100"
[1] "N_total: 1265"
[1] "cluster size dist'n: "

 5  6  7  8  9 10 11 12 13 14 15 16 17 18 19 20 
 8  3 10  6  6  5  6  2  4  7 10  3 10  7  9  4 
[1] "observed time summary: "
   Min. 1st Qu.  Median    Mean 3rd Qu.    Max. 
 0.0000  0.0442  0.3783  0.6498  1.0000  4.5867 
[1] "event indicator table: "

  0   1 
753 512 
[1] "treatment indicator table: "

  0   1 
452 813 
[1] ""
[1] "Estimation start"
[1] "   Split: 1"
Note: Using an external vector in selections is ambiguous.
ℹ Use `all_of(X.T.names)` instead of `X.T.names` to silence this message.
ℹ See <https://tidyselect.r-lib.org/reference/faq-external-vector.html>.
This message is displayed once per session.
Note: Using an external vector in selections is ambiguous.
ℹ Use `all_of(X.C.names)` instead of `X.C.names` to silence this message.
ℹ See <https://tidyselect.r-lib.org/reference/faq-external-vector.html>.
This message is displayed once per session.
Note: Using an external vector in selections is ambiguous.
ℹ Use `all_of(X.A.names)` instead of `X.A.names` to silence this message.
ℹ See <https://tidyselect.r-lib.org/reference/faq-external-vector.html>.
This message is displayed once per session.

Running BART with binary y

number of trees: 25
number of chains: 1, number of threads 1
tree thinning rate: 1
Prior:
	prior on k: chi with 1.250000 degrees of freedom and inf scale
	power and base for tree prior: 2.000000 0.950000
	use quantiles for rule cut points: false
	proposal probabilities: birth/death 0.50, swap 0.10, change 0.40; birth 0.50
data:
	number of training observations: 616
	number of test observations: 0
	number of explanatory variables: 15

Cutoff rules c in x<=c vs x>c
Number of cutoffs: (var: number of possible c):
(1: 100) (2: 100) (3: 100) (4: 100) (5: 100) 
(6: 100) (7: 100) (8: 100) (9: 100) (10: 100) 
(11: 100) (12: 100) (13: 100) (14: 100) (15: 100) 

[1] "     Cluster: 2"
[1] "     Cluster: 3"
[1] "     Cluster: 4"
[1] "     Cluster: 7"
[1] "     Cluster: 10"
[1] "     Cluster: 12"
[1] "     Cluster: 14"
[1] "     Cluster: 15"
[1] "     Cluster: 17"
[1] "     Cluster: 18"
[1] "     Cluster: 19"
[1] "     Cluster: 23"
[1] "     Cluster: 24"
[1] "     Cluster: 25"
[1] "     Cluster: 28"
[1] "     Cluster: 29"
[1] "     Cluster: 31"
[1] "     Cluster: 34"
[1] "     Cluster: 36"
[1] "     Cluster: 38"
[1] "     Cluster: 41"
[1] "     Cluster: 42"
[1] "     Cluster: 43"
[1] "     Cluster: 44"
[1] "     Cluster: 45"
[1] "     Cluster: 47"
[1] "     Cluster: 48"
[1] "     Cluster: 51"
[1] "     Cluster: 52"
[1] "     Cluster: 54"
[1] "     Cluster: 57"
[1] "     Cluster: 59"
[1] "     Cluster: 61"
[1] "     Cluster: 62"
[1] "     Cluster: 66"
[1] "     Cluster: 69"
[1] "     Cluster: 72"
[1] "     Cluster: 73"
[1] "     Cluster: 76"
[1] "     Cluster: 77"
[1] "     Cluster: 78"
[1] "     Cluster: 80"
[1] "     Cluster: 81"
[1] "     Cluster: 83"
[1] "     Cluster: 85"
[1] "     Cluster: 87"
[1] "     Cluster: 90"
[1] "     Cluster: 92"
[1] "     Cluster: 94"
[1] "     Cluster: 97"
[1] "   Split: 2"

Running BART with binary y

number of trees: 25
number of chains: 1, number of threads 1
tree thinning rate: 1
Prior:
	prior on k: chi with 1.250000 degrees of freedom and inf scale
	power and base for tree prior: 2.000000 0.950000
	use quantiles for rule cut points: false
	proposal probabilities: birth/death 0.50, swap 0.10, change 0.40; birth 0.50
data:
	number of training observations: 649
	number of test observations: 0
	number of explanatory variables: 15

Cutoff rules c in x<=c vs x>c
Number of cutoffs: (var: number of possible c):
(1: 100) (2: 100) (3: 100) (4: 100) (5: 100) 
(6: 100) (7: 100) (8: 100) (9: 100) (10: 100) 
(11: 100) (12: 100) (13: 100) (14: 100) (15: 100) 

[1] "     Cluster: 1"
[1] "     Cluster: 5"
[1] "     Cluster: 6"
[1] "     Cluster: 8"
[1] "     Cluster: 9"
[1] "     Cluster: 11"
[1] "     Cluster: 13"
[1] "     Cluster: 16"
[1] "     Cluster: 20"
[1] "     Cluster: 21"
[1] "     Cluster: 22"
[1] "     Cluster: 26"
[1] "     Cluster: 27"
[1] "     Cluster: 30"
[1] "     Cluster: 32"
[1] "     Cluster: 33"
[1] "     Cluster: 35"
[1] "     Cluster: 37"
[1] "     Cluster: 39"
[1] "     Cluster: 40"
[1] "     Cluster: 46"
[1] "     Cluster: 49"
[1] "     Cluster: 50"
[1] "     Cluster: 53"
[1] "     Cluster: 55"
[1] "     Cluster: 56"
[1] "     Cluster: 58"
[1] "     Cluster: 60"
[1] "     Cluster: 63"
[1] "     Cluster: 64"
[1] "     Cluster: 65"
[1] "     Cluster: 67"
[1] "     Cluster: 68"
[1] "     Cluster: 70"
[1] "     Cluster: 71"
[1] "     Cluster: 74"
[1] "     Cluster: 75"
[1] "     Cluster: 79"
[1] "     Cluster: 82"
[1] "     Cluster: 84"
[1] "     Cluster: 86"
[1] "     Cluster: 88"
[1] "     Cluster: 89"
[1] "     Cluster: 91"
[1] "     Cluster: 93"
[1] "     Cluster: 95"
[1] "     Cluster: 96"
[1] "     Cluster: 98"
[1] "     Cluster: 99"
[1] "     Cluster: 100"
[1] ""
[1] "IF for proposed nonparametric estimator computed."
`summarise()` has grouped output by 'theta', 'tau'. You can override using the
`.groups` argument.
`summarise()` has grouped output by 'theta'. You can override using the
`.groups` argument.
`summarise()` has grouped output by 'theta', 'tau'. You can override using the
`.groups` argument.
`summarise()` has grouped output by 'theta'. You can override using the
`.groups` argument.
`summarise()` has grouped output by 'theta', 'tau'. You can override using the
`.groups` argument.
`summarise()` has grouped output by 'theta'. You can override using the
`.groups` argument.
`summarise()` has grouped output by 'theta', 'tau'. You can override using the
`.groups` argument.
`summarise()` has grouped output by 'theta'. You can override using the
`.groups` argument.
`summarise()` has grouped output by 'theta', 'tau'. You can override using the
`.groups` argument.
`summarise()` has grouped output by 'theta'. You can override using the
`.groups` argument.
`summarise()` has grouped output by 'theta', 'tau'. You can override using the
`.groups` argument.
`summarise()` has grouped output by 'theta'. You can override using the
`.groups` argument.
`summarise()` has grouped output by 'theta', 'tau'. You can override using the
`.groups` argument.
`summarise()` has grouped output by 'theta'. You can override using the
`.groups` argument.
`summarise()` has grouped output by 'theta', 'tau'. You can override using the
`.groups` argument.
`summarise()` has grouped output by 'theta'. You can override using the
`.groups` argument.
[1] ""
[1] "Total run time was 528.949 seconds"
[1] "Estimation result: "
# A tibble: 360 × 5
   estimand theta   tau   est     se
   <chr>    <dbl> <dbl> <dbl>  <dbl>
 1 mu         0.1   0.1 0.282 0.0731
 2 mu         0.1   0.2 0.345 0.0913
 3 mu         0.1   0.3 0.478 0.0894
 4 mu         0.1   0.4 0.563 0.114 
 5 mu         0.1   0.5 0.575 0.117 
 6 mu         0.2   0.1 0.292 0.0670
 7 mu         0.2   0.2 0.371 0.0812
 8 mu         0.2   0.3 0.467 0.0852
 9 mu         0.2   0.4 0.545 0.106 
10 mu         0.2   0.5 0.556 0.105 
# ℹ 350 more rows
[1] ""
[1] "OR weights"
`summarise()` has grouped output by 'estimand'. You can override using the
`.groups` argument.
# A tibble: 27 × 6
# Groups:   estimand [3]
   estimand theta mean_value median_value  min_value max_value
   <fct>    <dbl>      <dbl>        <dbl>      <dbl>     <dbl>
 1 mu         0.1      0.586       0.0598 0.00000930      6.16
 2 mu         0.2      0.862       0.323  0.00211         9.11
 3 mu         0.3      0.913       0.664  0.0333          5.66
 4 mu         0.4      0.927       0.888  0.169           2.60
 5 mu         0.5      0.961       0.984  0.445           2.19
 6 mu         0.6      0.992       0.992  0.726           1.59
 7 mu         0.7      1.00        1      0.803           1.19
 8 mu         0.8      0.974       0.984  0.530           1.65
 9 mu         0.9      0.914       0.907  0.109           5.11
10 mu_1       0.1      0.870       0.203  0.0000497       9.81
11 mu_1       0.2      0.941       0.578  0.00572         8.61
12 mu_1       0.3      0.918       0.822  0.0618          3.77
13 mu_1       0.4      0.936       0.943  0.244           2.50
14 mu_1       0.5      0.972       0.976  0.540           1.87
15 mu_1       0.6      0.997       0.999  0.779           1.35
16 mu_1       0.7      0.999       1      0.777           1.20
17 mu_1       0.8      0.968       0.975  0.489           1.73
18 mu_1       0.9      0.910       0.894  0.0934          5.53
19 mu_0       0.1      0.554       0.0444 0.00000480      5.82
20 mu_0       0.2      0.842       0.269  0.00120         9.23
21 mu_0       0.3      0.911       0.611  0.0211          6.47
22 mu_0       0.4      0.922       0.819  0.120           2.83
23 mu_0       0.5      0.950       0.982  0.350           2.51
24 mu_0       0.6      0.983       0.986  0.630           1.96
25 mu_0       0.7      1.00        1      0.822           1.39
26 mu_0       0.8      0.999       1      0.695           1.31
27 mu_0       0.9      0.956       0.996  0.249           2.19
[1] ""
[1] "IPCW weights"
`summarise()` has grouped output by 'estimand'. You can override using the
`.groups` argument.
# A tibble: 27 × 6
# Groups:   estimand [3]
   estimand theta mean_value median_value min_value max_value
   <fct>    <dbl>      <dbl>        <dbl>     <dbl>     <dbl>
 1 mu         0.1      0.184   0.0000275   4.12e-13      4.95
 2 mu         0.2      0.654   0.00307     1.90e- 8     20.6 
 3 mu         0.3      1.17    0.0483      8.34e- 6     36.0 
 4 mu         0.4      1.41    0.222       5.24e- 4     27.8 
 5 mu         0.5      1.42    0.545       1.08e- 2     16.3 
 6 mu         0.6      1.27    0.908       1.02e- 1      9.02
 7 mu         0.7      1.14    0.915       5.96e- 2      6.31
 8 mu         0.8      1.12    0.516       9.43e- 4     12.2 
 9 mu         0.9      0.969   0.0573      4.15e- 7     15.7 
10 mu_1       0.1      0.462   0.000165    3.47e-12      9.90
11 mu_1       0.2      0.993   0.0120      7.98e- 8     32.1 
12 mu_1       0.3      1.35    0.103       2.34e- 5     37.5 
13 mu_1       0.4      1.46    0.370       1.10e- 3     21.7 
14 mu_1       0.5      1.40    0.786       1.82e- 2     15.4 
15 mu_1       0.6      1.24    0.901       1.43e- 1      7.12
16 mu_1       0.7      1.13    0.941       2.64e- 2      8.02
17 mu_1       0.8      1.12    0.399       3.47e- 4     13.6 
18 mu_1       0.9      0.938   0.0382      1.36e- 7     15.5 
19 mu_0       0.1      0.153   0.00000878  0             4.40
20 mu_0       0.2      0.569   0.00143     0            17.7 
21 mu_0       0.3      1.09    0.0212      0            35.3 
22 mu_0       0.4      1.38    0.121       0            31.9 
23 mu_0       0.5      1.44    0.381       0            17.1 
24 mu_0       0.6      1.32    0.718       0            11.9 
25 mu_0       0.7      1.15    0.963       0             4.16
26 mu_0       0.8      1.12    0.931       0             6.80
27 mu_0       0.9      1.24    0.232       0            17.5 
[1] "Total run time was 533.79 seconds"
