
Attaching package: ‘dplyr’

The following objects are masked from ‘package:stats’:

    filter, lag

The following objects are masked from ‘package:base’:

    intersect, setdiff, setequal, union

Loading required package: foreach
Loading required package: iterators
Loading required package: parallel

 randomForestSRC 3.2.2 
 
 Type rfsrc.news() to see new features, changes, and bug fixes. 
 

── Attaching core tidyverse packages ──────────────────────── tidyverse 2.0.0 ──
✔ forcats   1.0.0     ✔ readr     2.1.4
✔ ggplot2   3.3.6     ✔ stringr   1.5.1
✔ lubridate 1.9.3     ✔ tibble    3.2.1
✔ purrr     0.3.5     ✔ tidyr     1.2.1
── Conflicts ────────────────────────────────────────── tidyverse_conflicts() ──
✖ purrr::accumulate() masks foreach::accumulate()
✖ tidyr::extract()    masks dbarts::extract()
✖ dplyr::filter()     masks stats::filter()
✖ dplyr::lag()        masks stats::lag()
✖ purrr::partial()    masks randomForestSRC::partial()
✖ purrr::when()       masks foreach::when()
ℹ Use the [conflicted package](http://conflicted.r-lib.org/) to force all conflicts to become errors
[1] "[Analysis setting]"
[1] "n.cpus: 8"
[1] "method: nonpara"
[1] "taus: 0.1, 0.2, 0.3, 0.4, 0.5"
[1] "thetas: 0.1, 0.2, 0.3, 0.4, 0.5, 0.6, 0.7, 0.8, 0.9"
[1] "r: 100"
[1] "m: 100"
[1] "N_total: 1296"
[1] "cluster size dist'n: "

 5  6  7  8  9 10 11 12 13 14 15 16 17 18 19 20 
 3  6  8  3  7  8  9  3  5  5  6 10  5  8  7  7 
[1] "observed time summary: "
   Min. 1st Qu.  Median    Mean 3rd Qu.    Max. 
0.00000 0.04405 0.41321 0.67836 1.00000 7.00000 
[1] "event indicator table: "

  0   1 
798 498 
[1] "treatment indicator table: "

  0   1 
436 860 
[1] ""
[1] "Estimation start"
[1] "   Split: 1"
Note: Using an external vector in selections is ambiguous.
ℹ Use `all_of(X.T.names)` instead of `X.T.names` to silence this message.
ℹ See <https://tidyselect.r-lib.org/reference/faq-external-vector.html>.
This message is displayed once per session.
Note: Using an external vector in selections is ambiguous.
ℹ Use `all_of(X.C.names)` instead of `X.C.names` to silence this message.
ℹ See <https://tidyselect.r-lib.org/reference/faq-external-vector.html>.
This message is displayed once per session.
Note: Using an external vector in selections is ambiguous.
ℹ Use `all_of(X.A.names)` instead of `X.A.names` to silence this message.
ℹ See <https://tidyselect.r-lib.org/reference/faq-external-vector.html>.
This message is displayed once per session.

Running BART with binary y

number of trees: 25
number of chains: 1, number of threads 1
tree thinning rate: 1
Prior:
	prior on k: chi with 1.250000 degrees of freedom and inf scale
	power and base for tree prior: 2.000000 0.950000
	use quantiles for rule cut points: false
	proposal probabilities: birth/death 0.50, swap 0.10, change 0.40; birth 0.50
data:
	number of training observations: 665
	number of test observations: 0
	number of explanatory variables: 15

Cutoff rules c in x<=c vs x>c
Number of cutoffs: (var: number of possible c):
(1: 100) (2: 100) (3: 100) (4: 100) (5: 100) 
(6: 100) (7: 100) (8: 100) (9: 100) (10: 100) 
(11: 100) (12: 100) (13: 100) (14: 100) (15: 100) 

[1] "     Cluster: 1"
[1] "     Cluster: 6"
[1] "     Cluster: 7"
[1] "     Cluster: 10"
[1] "     Cluster: 11"
[1] "     Cluster: 12"
[1] "     Cluster: 13"
[1] "     Cluster: 20"
[1] "     Cluster: 21"
[1] "     Cluster: 23"
[1] "     Cluster: 24"
[1] "     Cluster: 25"
[1] "     Cluster: 26"
[1] "     Cluster: 27"
[1] "     Cluster: 28"
[1] "     Cluster: 30"
[1] "     Cluster: 31"
[1] "     Cluster: 32"
[1] "     Cluster: 33"
[1] "     Cluster: 34"
[1] "     Cluster: 35"
[1] "     Cluster: 36"
[1] "     Cluster: 37"
[1] "     Cluster: 39"
[1] "     Cluster: 42"
[1] "     Cluster: 44"
[1] "     Cluster: 45"
[1] "     Cluster: 48"
[1] "     Cluster: 55"
[1] "     Cluster: 56"
[1] "     Cluster: 66"
[1] "     Cluster: 68"
[1] "     Cluster: 69"
[1] "     Cluster: 70"
[1] "     Cluster: 71"
[1] "     Cluster: 72"
[1] "     Cluster: 74"
[1] "     Cluster: 79"
[1] "     Cluster: 80"
[1] "     Cluster: 83"
[1] "     Cluster: 84"
[1] "     Cluster: 85"
[1] "     Cluster: 87"
[1] "     Cluster: 88"
[1] "     Cluster: 90"
[1] "     Cluster: 91"
[1] "     Cluster: 93"
[1] "     Cluster: 95"
[1] "     Cluster: 98"
[1] "     Cluster: 100"
[1] "   Split: 2"

Running BART with binary y

number of trees: 25
number of chains: 1, number of threads 1
tree thinning rate: 1
Prior:
	prior on k: chi with 1.250000 degrees of freedom and inf scale
	power and base for tree prior: 2.000000 0.950000
	use quantiles for rule cut points: false
	proposal probabilities: birth/death 0.50, swap 0.10, change 0.40; birth 0.50
data:
	number of training observations: 631
	number of test observations: 0
	number of explanatory variables: 15

Cutoff rules c in x<=c vs x>c
Number of cutoffs: (var: number of possible c):
(1: 100) (2: 100) (3: 100) (4: 100) (5: 100) 
(6: 100) (7: 100) (8: 100) (9: 100) (10: 100) 
(11: 100) (12: 100) (13: 100) (14: 100) (15: 100) 

[1] "     Cluster: 2"
[1] "     Cluster: 3"
[1] "     Cluster: 4"
[1] "     Cluster: 5"
[1] "     Cluster: 8"
[1] "     Cluster: 9"
[1] "     Cluster: 14"
[1] "     Cluster: 15"
[1] "     Cluster: 16"
[1] "     Cluster: 17"
[1] "     Cluster: 18"
[1] "     Cluster: 19"
[1] "     Cluster: 22"
[1] "     Cluster: 29"
[1] "     Cluster: 38"
[1] "     Cluster: 40"
[1] "     Cluster: 41"
[1] "     Cluster: 43"
[1] "     Cluster: 46"
[1] "     Cluster: 47"
[1] "     Cluster: 49"
[1] "     Cluster: 50"
[1] "     Cluster: 51"
[1] "     Cluster: 52"
[1] "     Cluster: 53"
[1] "     Cluster: 54"
[1] "     Cluster: 57"
[1] "     Cluster: 58"
[1] "     Cluster: 59"
[1] "     Cluster: 60"
[1] "     Cluster: 61"
[1] "     Cluster: 62"
[1] "     Cluster: 63"
[1] "     Cluster: 64"
[1] "     Cluster: 65"
[1] "     Cluster: 67"
[1] "     Cluster: 73"
[1] "     Cluster: 75"
[1] "     Cluster: 76"
[1] "     Cluster: 77"
[1] "     Cluster: 78"
[1] "     Cluster: 81"
[1] "     Cluster: 82"
[1] "     Cluster: 86"
[1] "     Cluster: 89"
[1] "     Cluster: 92"
[1] "     Cluster: 94"
[1] "     Cluster: 96"
[1] "     Cluster: 97"
[1] "     Cluster: 99"
[1] ""
[1] "IF for proposed nonparametric estimator computed."
`summarise()` has grouped output by 'theta', 'tau'. You can override using the
`.groups` argument.
`summarise()` has grouped output by 'theta'. You can override using the
`.groups` argument.
`summarise()` has grouped output by 'theta', 'tau'. You can override using the
`.groups` argument.
`summarise()` has grouped output by 'theta'. You can override using the
`.groups` argument.
`summarise()` has grouped output by 'theta', 'tau'. You can override using the
`.groups` argument.
`summarise()` has grouped output by 'theta'. You can override using the
`.groups` argument.
`summarise()` has grouped output by 'theta', 'tau'. You can override using the
`.groups` argument.
`summarise()` has grouped output by 'theta'. You can override using the
`.groups` argument.
`summarise()` has grouped output by 'theta', 'tau'. You can override using the
`.groups` argument.
`summarise()` has grouped output by 'theta'. You can override using the
`.groups` argument.
`summarise()` has grouped output by 'theta', 'tau'. You can override using the
`.groups` argument.
`summarise()` has grouped output by 'theta'. You can override using the
`.groups` argument.
`summarise()` has grouped output by 'theta', 'tau'. You can override using the
`.groups` argument.
`summarise()` has grouped output by 'theta'. You can override using the
`.groups` argument.
`summarise()` has grouped output by 'theta', 'tau'. You can override using the
`.groups` argument.
`summarise()` has grouped output by 'theta'. You can override using the
`.groups` argument.
[1] ""
[1] "Total run time was 101.236 seconds"
[1] "Estimation result: "
# A tibble: 360 × 5
   estimand theta   tau   est    se
   <chr>    <dbl> <dbl> <dbl> <dbl>
 1 mu         0.1   0.1 0.239 0.152
 2 mu         0.1   0.2 0.315 0.211
 3 mu         0.1   0.3 0.368 0.237
 4 mu         0.1   0.4 0.546 0.269
 5 mu         0.1   0.5 0.566 0.288
 6 mu         0.2   0.1 0.225 0.110
 7 mu         0.2   0.2 0.318 0.154
 8 mu         0.2   0.3 0.381 0.174
 9 mu         0.2   0.4 0.517 0.195
10 mu         0.2   0.5 0.534 0.209
# ℹ 350 more rows
[1] ""
[1] "OR weights"
`summarise()` has grouped output by 'estimand'. You can override using the
`.groups` argument.
# A tibble: 27 × 6
# Groups:   estimand [3]
   estimand theta mean_value median_value min_value max_value
   <fct>    <dbl>      <dbl>        <dbl>     <dbl>     <dbl>
 1 mu         0.1      1.91        0.0828 0.000107     157.  
 2 mu         0.2      1.23        0.424  0.0179        54.7 
 3 mu         0.3      1.08        0.824  0.129         17.1 
 4 mu         0.4      1.06        0.994  0.378          5.05
 5 mu         0.5      1.04        1      0.688          2.21
 6 mu         0.6      1.01        1      0.878          1.36
 7 mu         0.7      0.997       1      0.802          1.08
 8 mu         0.8      0.999       1      0.589          1.31
 9 mu         0.9      0.996       1      0.245          2.69
10 mu_1       0.1      0.621       0.256  0.000511      12.3 
11 mu_1       0.2      0.869       0.706  0.0400        10.8 
12 mu_1       0.3      0.994       0.977  0.214          4.62
13 mu_1       0.4      1.04        1      0.499          2.89
14 mu_1       0.5      1.03        1      0.784          1.96
15 mu_1       0.6      1.01        1      0.899          1.24
16 mu_1       0.7      0.997       1      0.772          1.11
17 mu_1       0.8      1.00        1      0.563          1.34
18 mu_1       0.9      0.996       1      0.224          2.89
19 mu_0       0.1      2.06        0.0656 0.0000623    174.  
20 mu_0       0.2      1.32        0.348  0.0118        68.2 
21 mu_0       0.3      1.11        0.742  0.0920        24.0 
22 mu_0       0.4      1.08        0.981  0.298          7.72
23 mu_0       0.5      1.05        1      0.589          2.59
24 mu_0       0.6      1.02        1.00   0.798          1.54
25 mu_0       0.7      0.996       1      0.856          1.12
26 mu_0       0.8      0.993       1      0.693          1.17
27 mu_0       0.9      1.00        1      0.428          1.63
[1] ""
[1] "IPCW weights"
`summarise()` has grouped output by 'estimand'. You can override using the
`.groups` argument.
# A tibble: 27 × 6
# Groups:   estimand [3]
   estimand theta mean_value median_value min_value max_value
   <fct>    <dbl>      <dbl>        <dbl>     <dbl>     <dbl>
 1 mu         0.1     0.0789   0.0000229   5.11e-16      4.09
 2 mu         0.2     0.291    0.00225     1.34e-10     12.7 
 3 mu         0.3     0.520    0.0357      1.98e- 7     14.8 
 4 mu         0.4     0.735    0.194       3.51e- 5     10.2 
 5 mu         0.5     0.895    0.559       1.95e- 3      5.27
 6 mu         0.6     0.964    0.875       5.19e- 2      2.55
 7 mu         0.7     0.982    0.924       1.10e- 1      2.25
 8 mu         0.8     1.03     0.574       4.25e- 3      9.21
 9 mu         0.9     1.52     0.111       5.98e- 6     76.7 
10 mu_1       0.1     0.245    0.000168    5.11e-15     11.1 
11 mu_1       0.2     0.488    0.00832     6.70e-10     17.4 
12 mu_1       0.3     0.669    0.0800      6.60e- 7     13.4 
13 mu_1       0.4     0.831    0.331       8.78e- 5      7.13
14 mu_1       0.5     0.937    0.781       3.90e- 3      4.05
15 mu_1       0.6     0.969    0.953       8.65e- 2      2.12
16 mu_1       0.7     0.975    0.909       7.10e- 2      2.71
17 mu_1       0.8     1.03     0.456       2.39e- 3     11.5 
18 mu_1       0.9     1.58     0.0776      2.99e- 6     85.2 
19 mu_0       0.1     0.0604   0.00000511  0             3.30
20 mu_0       0.2     0.242    0.000980    0            11.6 
21 mu_0       0.3     0.456    0.0160      0            15.4 
22 mu_0       0.4     0.671    0.106       0            12.4 
23 mu_0       0.5     0.853    0.381       0             6.75
24 mu_0       0.6     0.958    0.776       0             3.82
25 mu_0       0.7     0.997    0.965       0             2.21
26 mu_0       0.8     1.01     0.947       0             3.34
27 mu_0       0.9     0.944    0.312       0             6.84
[1] "Total run time was 103.776 seconds"
