
Attaching package: ‘dplyr’

The following objects are masked from ‘package:stats’:

    filter, lag

The following objects are masked from ‘package:base’:

    intersect, setdiff, setequal, union

Loading required package: foreach
Loading required package: iterators
Loading required package: parallel

 randomForestSRC 3.2.2 
 
 Type rfsrc.news() to see new features, changes, and bug fixes. 
 

── Attaching core tidyverse packages ──────────────────────── tidyverse 2.0.0 ──
✔ forcats   1.0.0     ✔ readr     2.1.4
✔ ggplot2   3.3.6     ✔ stringr   1.5.1
✔ lubridate 1.9.3     ✔ tibble    3.2.1
✔ purrr     0.3.5     ✔ tidyr     1.2.1
── Conflicts ────────────────────────────────────────── tidyverse_conflicts() ──
✖ purrr::accumulate() masks foreach::accumulate()
✖ tidyr::extract()    masks dbarts::extract()
✖ dplyr::filter()     masks stats::filter()
✖ dplyr::lag()        masks stats::lag()
✖ purrr::partial()    masks randomForestSRC::partial()
✖ purrr::when()       masks foreach::when()
ℹ Use the [conflicted package](http://conflicted.r-lib.org/) to force all conflicts to become errors
[1] "[Analysis setting]"
[1] "n.cpus: 8"
[1] "method: nonpara"
[1] "taus: 0.1, 0.2, 0.3, 0.4, 0.5"
[1] "thetas: 0.1, 0.2, 0.3, 0.4, 0.5, 0.6, 0.7, 0.8, 0.9"
[1] "r: 100"
[1] "m: 100"
[1] "N_total: 1269"
[1] "cluster size dist'n: "

 5  6  7  8  9 10 11 12 13 14 15 16 17 18 19 20 
 7  5  6  7 12  1  6  3  5 10  4  5  6  5 11  7 
[1] "observed time summary: "
   Min. 1st Qu.  Median    Mean 3rd Qu.    Max. 
0.00000 0.03146 0.35038 0.60409 1.00000 6.00000 
[1] "event indicator table: "

  0   1 
761 508 
[1] "treatment indicator table: "

  0   1 
483 786 
[1] ""
[1] "Estimation start"
[1] "   Split: 1"
Note: Using an external vector in selections is ambiguous.
ℹ Use `all_of(X.T.names)` instead of `X.T.names` to silence this message.
ℹ See <https://tidyselect.r-lib.org/reference/faq-external-vector.html>.
This message is displayed once per session.
Note: Using an external vector in selections is ambiguous.
ℹ Use `all_of(X.C.names)` instead of `X.C.names` to silence this message.
ℹ See <https://tidyselect.r-lib.org/reference/faq-external-vector.html>.
This message is displayed once per session.
Note: Using an external vector in selections is ambiguous.
ℹ Use `all_of(X.A.names)` instead of `X.A.names` to silence this message.
ℹ See <https://tidyselect.r-lib.org/reference/faq-external-vector.html>.
This message is displayed once per session.

Running BART with binary y

number of trees: 25
number of chains: 1, number of threads 1
tree thinning rate: 1
Prior:
	prior on k: chi with 1.250000 degrees of freedom and inf scale
	power and base for tree prior: 2.000000 0.950000
	use quantiles for rule cut points: false
	proposal probabilities: birth/death 0.50, swap 0.10, change 0.40; birth 0.50
data:
	number of training observations: 623
	number of test observations: 0
	number of explanatory variables: 15

Cutoff rules c in x<=c vs x>c
Number of cutoffs: (var: number of possible c):
(1: 100) (2: 100) (3: 100) (4: 100) (5: 100) 
(6: 100) (7: 100) (8: 100) (9: 100) (10: 100) 
(11: 100) (12: 100) (13: 100) (14: 100) (15: 100) 

[1] "     Cluster: 1"
[1] "     Cluster: 5"
[1] "     Cluster: 6"
[1] "     Cluster: 8"
[1] "     Cluster: 10"
[1] "     Cluster: 14"
[1] "     Cluster: 16"
[1] "     Cluster: 18"
[1] "     Cluster: 20"
[1] "     Cluster: 21"
[1] "     Cluster: 22"
[1] "     Cluster: 23"
[1] "     Cluster: 24"
[1] "     Cluster: 26"
[1] "     Cluster: 27"
[1] "     Cluster: 33"
[1] "     Cluster: 34"
[1] "     Cluster: 35"
[1] "     Cluster: 40"
[1] "     Cluster: 47"
[1] "     Cluster: 48"
[1] "     Cluster: 52"
[1] "     Cluster: 55"
[1] "     Cluster: 57"
[1] "     Cluster: 58"
[1] "     Cluster: 59"
[1] "     Cluster: 60"
[1] "     Cluster: 62"
[1] "     Cluster: 63"
[1] "     Cluster: 64"
[1] "     Cluster: 67"
[1] "     Cluster: 68"
[1] "     Cluster: 70"
[1] "     Cluster: 72"
[1] "     Cluster: 73"
[1] "     Cluster: 75"
[1] "     Cluster: 76"
[1] "     Cluster: 77"
[1] "     Cluster: 81"
[1] "     Cluster: 82"
[1] "     Cluster: 83"
[1] "     Cluster: 85"
[1] "     Cluster: 86"
[1] "     Cluster: 89"
[1] "     Cluster: 93"
[1] "     Cluster: 94"
[1] "     Cluster: 95"
[1] "     Cluster: 96"
[1] "     Cluster: 98"
[1] "     Cluster: 100"
[1] "   Split: 2"

Running BART with binary y

number of trees: 25
number of chains: 1, number of threads 1
tree thinning rate: 1
Prior:
	prior on k: chi with 1.250000 degrees of freedom and inf scale
	power and base for tree prior: 2.000000 0.950000
	use quantiles for rule cut points: false
	proposal probabilities: birth/death 0.50, swap 0.10, change 0.40; birth 0.50
data:
	number of training observations: 646
	number of test observations: 0
	number of explanatory variables: 15

Cutoff rules c in x<=c vs x>c
Number of cutoffs: (var: number of possible c):
(1: 100) (2: 100) (3: 100) (4: 100) (5: 100) 
(6: 100) (7: 100) (8: 100) (9: 100) (10: 100) 
(11: 100) (12: 100) (13: 100) (14: 100) (15: 100) 

[1] "     Cluster: 2"
[1] "     Cluster: 3"
[1] "     Cluster: 4"
[1] "     Cluster: 7"
[1] "     Cluster: 9"
[1] "     Cluster: 11"
[1] "     Cluster: 12"
[1] "     Cluster: 13"
[1] "     Cluster: 15"
[1] "     Cluster: 17"
[1] "     Cluster: 19"
[1] "     Cluster: 25"
[1] "     Cluster: 28"
[1] "     Cluster: 29"
[1] "     Cluster: 30"
[1] "     Cluster: 31"
[1] "     Cluster: 32"
[1] "     Cluster: 36"
[1] "     Cluster: 37"
[1] "     Cluster: 38"
[1] "     Cluster: 39"
[1] "     Cluster: 41"
[1] "     Cluster: 42"
[1] "     Cluster: 43"
[1] "     Cluster: 44"
[1] "     Cluster: 45"
[1] "     Cluster: 46"
[1] "     Cluster: 49"
[1] "     Cluster: 50"
[1] "     Cluster: 51"
[1] "     Cluster: 53"
[1] "     Cluster: 54"
[1] "     Cluster: 56"
[1] "     Cluster: 61"
[1] "     Cluster: 65"
[1] "     Cluster: 66"
[1] "     Cluster: 69"
[1] "     Cluster: 71"
[1] "     Cluster: 74"
[1] "     Cluster: 78"
[1] "     Cluster: 79"
[1] "     Cluster: 80"
[1] "     Cluster: 84"
[1] "     Cluster: 87"
[1] "     Cluster: 88"
[1] "     Cluster: 90"
[1] "     Cluster: 91"
[1] "     Cluster: 92"
[1] "     Cluster: 97"
[1] "     Cluster: 99"
[1] ""
[1] "IF for proposed nonparametric estimator computed."
`summarise()` has grouped output by 'theta', 'tau'. You can override using the
`.groups` argument.
`summarise()` has grouped output by 'theta'. You can override using the
`.groups` argument.
`summarise()` has grouped output by 'theta', 'tau'. You can override using the
`.groups` argument.
`summarise()` has grouped output by 'theta'. You can override using the
`.groups` argument.
`summarise()` has grouped output by 'theta', 'tau'. You can override using the
`.groups` argument.
`summarise()` has grouped output by 'theta'. You can override using the
`.groups` argument.
`summarise()` has grouped output by 'theta', 'tau'. You can override using the
`.groups` argument.
`summarise()` has grouped output by 'theta'. You can override using the
`.groups` argument.
`summarise()` has grouped output by 'theta', 'tau'. You can override using the
`.groups` argument.
`summarise()` has grouped output by 'theta'. You can override using the
`.groups` argument.
`summarise()` has grouped output by 'theta', 'tau'. You can override using the
`.groups` argument.
`summarise()` has grouped output by 'theta'. You can override using the
`.groups` argument.
`summarise()` has grouped output by 'theta', 'tau'. You can override using the
`.groups` argument.
`summarise()` has grouped output by 'theta'. You can override using the
`.groups` argument.
`summarise()` has grouped output by 'theta', 'tau'. You can override using the
`.groups` argument.
`summarise()` has grouped output by 'theta'. You can override using the
`.groups` argument.
[1] ""
[1] "Total run time was 193.479 seconds"
[1] "Estimation result: "
# A tibble: 360 × 5
   estimand theta   tau   est     se
   <chr>    <dbl> <dbl> <dbl>  <dbl>
 1 mu         0.1   0.1 0.319 0.0918
 2 mu         0.1   0.2 0.384 0.114 
 3 mu         0.1   0.3 0.502 0.0996
 4 mu         0.1   0.4 0.580 0.115 
 5 mu         0.1   0.5 0.611 0.119 
 6 mu         0.2   0.1 0.309 0.0556
 7 mu         0.2   0.2 0.387 0.0695
 8 mu         0.2   0.3 0.478 0.0573
 9 mu         0.2   0.4 0.551 0.0711
10 mu         0.2   0.5 0.589 0.0713
# ℹ 350 more rows
[1] ""
[1] "OR weights"
`summarise()` has grouped output by 'estimand'. You can override using the
`.groups` argument.
# A tibble: 27 × 6
# Groups:   estimand [3]
   estimand theta mean_value median_value min_value max_value
   <fct>    <dbl>      <dbl>        <dbl>     <dbl>     <dbl>
 1 mu         0.1      0.454       0.111  0.0000427      7.65
 2 mu         0.2      0.715       0.540  0.00767        6.25
 3 mu         0.3      0.872       0.876  0.0937         3.81
 4 mu         0.4      0.947       0.986  0.358          1.75
 5 mu         0.5      0.985       1      0.704          1.20
 6 mu         0.6      1.00        1      0.912          1.12
 7 mu         0.7      1.01        1      0.862          1.22
 8 mu         0.8      0.994       0.995  0.536          1.66
 9 mu         0.9      0.873       0.899  0.115          3.28
10 mu_1       0.1      0.622       0.300  0.000205       6.89
11 mu_1       0.2      0.832       0.755  0.0187         5.75
12 mu_1       0.3      0.923       0.984  0.156          2.67
13 mu_1       0.4      0.967       1      0.465          1.36
14 mu_1       0.5      0.992       1.00   0.787          1.15
15 mu_1       0.6      1.01        1      0.917          1.10
16 mu_1       0.7      1.01        1      0.827          1.26
17 mu_1       0.8      0.988       0.991  0.484          1.71
18 mu_1       0.9      0.859       0.879  0.0992         3.51
19 mu_0       0.1      0.435       0.0898 0.0000247      8.47
20 mu_0       0.2      0.686       0.477  0.00492        6.37
21 mu_0       0.3      0.850       0.821  0.0670         4.30
22 mu_0       0.4      0.934       0.973  0.286          2.04
23 mu_0       0.5      0.977       1      0.621          1.28
24 mu_0       0.6      0.999       1      0.845          1.15
25 mu_0       0.7      1.01        1      0.894          1.16
26 mu_0       0.8      1.02        1      0.743          1.45
27 mu_0       0.9      0.992       1      0.260          2.09
[1] ""
[1] "IPCW weights"
`summarise()` has grouped output by 'estimand'. You can override using the
`.groups` argument.
# A tibble: 27 × 6
# Groups:   estimand [3]
   estimand theta mean_value median_value min_value max_value
   <fct>    <dbl>      <dbl>        <dbl>     <dbl>     <dbl>
 1 mu         0.1     0.0503    0.0000846  9.20e-12      2.67
 2 mu         0.2     0.223     0.00711    2.38e- 7      5.92
 3 mu         0.3     0.505     0.0708     7.98e- 5      6.83
 4 mu         0.4     0.777     0.291      4.39e- 3      5.62
 5 mu         0.5     0.944     0.723      6.37e- 2      3.53
 6 mu         0.6     1.02      0.983      2.68e- 1      3.24
 7 mu         0.7     1.07      0.899      4.40e- 2      6.00
 8 mu         0.8     1.11      0.397      8.63e- 4     16.0 
 9 mu         0.9     0.891     0.0393     4.81e- 7     23.4 
10 mu_1       0.1     0.167     0.000548   8.12e-11      7.62
11 mu_1       0.2     0.415     0.0245     1.05e- 6      8.46
12 mu_1       0.3     0.692     0.150      2.35e- 4      6.51
13 mu_1       0.4     0.893     0.482      9.68e- 3      4.50
14 mu_1       0.5     0.993     0.939      9.39e- 2      3.41
15 mu_1       0.6     1.04      1.02       2.90e- 1      3.70
16 mu_1       0.7     1.08      0.803      2.31e- 2      7.43
17 mu_1       0.8     1.10      0.324      3.97e- 4     17.6 
18 mu_1       0.9     0.848     0.0260     1.97e- 7     22.9 
19 mu_0       0.1     0.0374    0.0000328  0             2.12
20 mu_0       0.2     0.175     0.00288    0             5.29
21 mu_0       0.3     0.424     0.0321     0             6.97
22 mu_0       0.4     0.700     0.179      0             6.69
23 mu_0       0.5     0.896     0.548      0             5.04
24 mu_0       0.6     0.993     0.954      0             2.97
25 mu_0       0.7     1.05      0.993      0             4.66
26 mu_0       0.8     1.14      0.672      0            10.1 
27 mu_0       0.9     1.28      0.146      0            27.5 
[1] "Total run time was 197.212 seconds"
