##############################################################
### Job started at Thu Jun  5 11:01:23 EDT 2025 with p=TypeB, m=200, r=100, s=1 ###
##############################################################

Attaching package: ‘dplyr’

The following objects are masked from ‘package:stats’:

    filter, lag

The following objects are masked from ‘package:base’:

    intersect, setdiff, setequal, union

Loading required package: foreach
Loading required package: iterators
Loading required package: parallel

 randomForestSRC 3.2.2 
 
 Type rfsrc.news() to see new features, changes, and bug fixes. 
 

[conflicted] Will prefer dplyr::select over any other package.
[conflicted] Will prefer dplyr::filter over any other package.
[conflicted] Will prefer reshape2::melt over any other package.
── Attaching core tidyverse packages ──────────────────────── tidyverse 2.0.0 ──
✔ forcats   1.0.0     ✔ readr     2.1.4
✔ ggplot2   3.5.2     ✔ stringr   1.5.1
✔ lubridate 1.9.3     ✔ tibble    3.2.1
✔ purrr     0.3.5     ✔ tidyr     1.2.1
# A tibble: 42 × 4
   theta   tau estimand   truth
   <dbl> <dbl> <chr>      <dbl>
 1  0.3    0.2 de       -0.294 
 2  0.3    0.2 mu        0.465 
 3  0.3    0.2 mu_0      0.553 
 4  0.3    0.2 mu_1      0.259 
 5  0.3    0.2 oe        0.0811
 6  0.3    0.2 se_0      0.0424
 7  0.3    0.2 se_1      0.0304
 8  0.45   0.2 de       -0.282 
 9  0.45   0.2 mu        0.384 
10  0.45   0.2 mu_0      0.511 
11  0.45   0.2 mu_1      0.229 
12  0.45   0.2 oe        0     
13  0.45   0.2 se_0      0     
14  0.45   0.2 se_1      0     
15  0.6    0.2 de       -0.276 
16  0.6    0.2 mu        0.320 
17  0.6    0.2 mu_0      0.485 
18  0.6    0.2 mu_1      0.209 
19  0.6    0.2 oe       -0.0644
20  0.6    0.2 se_0     -0.0257
21  0.6    0.2 se_1     -0.0196
22  0.3    0.4 de       -0.277 
23  0.3    0.4 mu        0.569 
24  0.3    0.4 mu_0      0.652 
25  0.3    0.4 mu_1      0.376 
26  0.3    0.4 oe        0.0814
27  0.3    0.4 se_0      0.0427
28  0.3    0.4 se_1      0.0363
29  0.45   0.4 de       -0.271 
30  0.45   0.4 mu        0.488 
31  0.45   0.4 mu_0      0.610 
32  0.45   0.4 mu_1      0.339 
33  0.45   0.4 oe        0     
34  0.45   0.4 se_0      0     
35  0.45   0.4 se_1      0     
36  0.6    0.4 de       -0.268 
37  0.6    0.4 mu        0.423 
38  0.6    0.4 mu_0      0.584 
39  0.6    0.4 mu_1      0.316 
40  0.6    0.4 oe       -0.0651
41  0.6    0.4 se_0     -0.0259
42  0.6    0.4 se_1     -0.0235
Loading required package: Matrix

Attaching package: ‘Matrix’

The following objects are masked from ‘package:tidyr’:

    expand, pack, unpack


==========================================================================
===========================   Analysis setting  ==========================
==========================================================================

- taus: 0.1, 0.2, 0.3, 0.4, 0.5 

- policy: TypeB 

- thetas: 0.3, 0.31, 0.32, 0.33, 0.34, 0.35, 0.36, 0.37, 0.38, 0.39, 0.4, 0.41, 0.42, 0.43, 0.44, 0.45, 0.46, 0.47, 0.48, 0.49, 0.5, 0.51, 0.52, 0.53, 0.54, 0.55, 0.56, 0.57, 0.58, 0.59, 0.6 

- r: 100 

- K: 2 

- Nuisance estimation method: T nonpara / C nonpara / A nonpara 

- m: 200 

- N_total: 2511 

- cluster size dist'n: 
 5  6  7  8  9 10 11 12 13 14 15 16 17 18 19 20 
11  9 16 17 14 13 11  8 10 15 12 14  8 13 13 16 

 - observed time summary: 
   Min. 1st Qu.  Median    Mean 3rd Qu.    Max. 
0.00000 0.01907 0.18044 0.57915 0.71789 8.72251 

 - event indicator table: 
   0    1 
1005 1506 

 - event time summary: 
   Min. 1st Qu.  Median    Mean 3rd Qu.    Max. 
0.00000 0.01051 0.13984 0.53430 0.65806 8.11251 

 - censoring time summary: 
   Min. 1st Qu.  Median    Mean 3rd Qu.    Max. 
0.00000 0.03246 0.25439 0.64635 0.80479 8.72251 

 - treatment indicator table: 
   0    1 
1387 1124 

==========================================================================
===========================   Estimation start  ==========================
==========================================================================

--- Split:1 ---

Running BART with binary y

number of trees: 25
number of chains: 1, number of threads 1
tree thinning rate: 1
Prior:
	prior on k: chi with 1.250000 degrees of freedom and inf scale
	power and base for tree prior: 2.000000 0.950000
	use quantiles for rule cut points: false
	proposal probabilities: birth/death 0.50, swap 0.10, change 0.40; birth 0.50
data:
	number of training observations: 1225
	number of test observations: 0
	number of explanatory variables: 15

Cutoff rules c in x<=c vs x>c
Number of cutoffs: (var: number of possible c):
(1: 100) (2: 100) (3: 100) (4: 100) (5: 100) 
(6: 100) (7: 100) (8: 100) (9: 100) (10: 100) 
(11: 100) (12: 100) (13: 100) (14: 100) (15: 100) 


   [*---------] 10% | ET: 8.3s 
   [**--------] 20% | ET: 16.4s 
   [***-------] 30% | ET: 24.4s 
   [****------] 40% | ET: 34s 
   [*****-----] 50% | ET: 49.4s 
   [******----] 60% | ET: 65.4s 
   [*******---] 70% | ET: 81.3s 
   [********--] 80% | ET: 97.8s 
   [*********-] 90% | ET: 114.9s 
   [**********] 100% | ET: 132.6s 

--- Split:2 ---

Running BART with binary y

number of trees: 25
number of chains: 1, number of threads 1
tree thinning rate: 1
Prior:
	prior on k: chi with 1.250000 degrees of freedom and inf scale
	power and base for tree prior: 2.000000 0.950000
	use quantiles for rule cut points: false
	proposal probabilities: birth/death 0.50, swap 0.10, change 0.40; birth 0.50
data:
	number of training observations: 1286
	number of test observations: 0
	number of explanatory variables: 15

Cutoff rules c in x<=c vs x>c
Number of cutoffs: (var: number of possible c):
(1: 100) (2: 100) (3: 100) (4: 100) (5: 100) 
(6: 100) (7: 100) (8: 100) (9: 100) (10: 100) 
(11: 100) (12: 100) (13: 100) (14: 100) (15: 100) 


   [*---------] 10% | ET: 14.7s 
   [**--------] 20% | ET: 31.8s 
   [***-------] 30% | ET: 47.3s 
   [****------] 40% | ET: 60.8s 
   [*****-----] 50% | ET: 77.7s 
   [******----] 60% | ET: 95s 
   [*******---] 70% | ET: 112.7s 
   [********--] 80% | ET: 131.7s 
   [*********-] 90% | ET: 150.6s 
   [**********] 100% | ET: 168.9s 

--- IF for proposed nonparametric estimator computed --- ET: 320.4 seconds
--- Estimator computed: mu --- ET: 0.7 seconds --- 
--- Estimator computed: mu_1 --- ET: 0.6 seconds --- 
--- Estimator computed: mu_0 --- ET: 0.7 seconds --- 
--- Estimator computed: de --- ET: 0.6 seconds --- 
--- Estimator computed: oe --- ET: 0.5 seconds --- 
--- Estimator computed: se_1 --- ET: 0.6 seconds --- 
--- Estimator computed: se_0 --- ET: 0.6 seconds --- 
--- Total run time: 327.8 seconds --- 
--- Total run time: 341 seconds --- 
###################################################
### Job finished at Thu Jun  5 11:07:07 EDT 2025 ###
###################################################
