##############################################################
### Job started at Thu Jun  5 10:56:54 EDT 2025 with p=TypeB, m=200, r=100, s=1 ###
##############################################################

Attaching package: ‘dplyr’

The following objects are masked from ‘package:stats’:

    filter, lag

The following objects are masked from ‘package:base’:

    intersect, setdiff, setequal, union

Loading required package: foreach
Loading required package: iterators
Loading required package: parallel

 randomForestSRC 3.2.2 
 
 Type rfsrc.news() to see new features, changes, and bug fixes. 
 

[conflicted] Will prefer dplyr::select over any other package.
[conflicted] Will prefer dplyr::filter over any other package.
[conflicted] Will prefer reshape2::melt over any other package.
── Attaching core tidyverse packages ──────────────────────── tidyverse 2.0.0 ──
✔ forcats   1.0.0     ✔ readr     2.1.4
✔ ggplot2   3.5.2     ✔ stringr   1.5.1
✔ lubridate 1.9.3     ✔ tibble    3.2.1
✔ purrr     0.3.5     ✔ tidyr     1.2.1
# A tibble: 42 × 4
   theta   tau estimand   truth
   <dbl> <dbl> <chr>      <dbl>
 1  0.3    0.2 de       -0.293 
 2  0.3    0.2 mu        0.459 
 3  0.3    0.2 mu_0      0.547 
 4  0.3    0.2 mu_1      0.254 
 5  0.3    0.2 oe        0.0846
 6  0.3    0.2 se_0      0.0493
 7  0.3    0.2 se_1      0.0301
 8  0.45   0.2 de       -0.274 
 9  0.45   0.2 mu        0.374 
10  0.45   0.2 mu_0      0.497 
11  0.45   0.2 mu_1      0.224 
12  0.45   0.2 oe        0     
13  0.45   0.2 se_0      0     
14  0.45   0.2 se_1      0     
15  0.6    0.2 de       -0.266 
16  0.6    0.2 mu        0.315 
17  0.6    0.2 mu_0      0.475 
18  0.6    0.2 mu_1      0.209 
19  0.6    0.2 oe       -0.0592
20  0.6    0.2 se_0     -0.0228
21  0.6    0.2 se_1     -0.0151
22  0.3    0.4 de       -0.278 
23  0.3    0.4 mu        0.564 
24  0.3    0.4 mu_0      0.647 
25  0.3    0.4 mu_1      0.369 
26  0.3    0.4 oe        0.0862
27  0.3    0.4 se_0      0.0510
28  0.3    0.4 se_1      0.0365
29  0.45   0.4 de       -0.264 
30  0.45   0.4 mu        0.478 
31  0.45   0.4 mu_0      0.596 
32  0.45   0.4 mu_1      0.333 
33  0.45   0.4 oe        0     
34  0.45   0.4 se_0      0     
35  0.45   0.4 se_1      0     
36  0.6    0.4 de       -0.258 
37  0.6    0.4 mu        0.420 
38  0.6    0.4 mu_0      0.575 
39  0.6    0.4 mu_1      0.317 
40  0.6    0.4 oe       -0.0581
41  0.6    0.4 se_0     -0.0219
42  0.6    0.4 se_1     -0.0163
Loading required package: Matrix

Attaching package: ‘Matrix’

The following objects are masked from ‘package:tidyr’:

    expand, pack, unpack


==========================================================================
===========================   Analysis setting  ==========================
==========================================================================

- taus: 0.1, 0.2, 0.3, 0.4, 0.5 

- policy: TypeB 

- thetas: 0.3, 0.31, 0.32, 0.33, 0.34, 0.35, 0.36, 0.37, 0.38, 0.39, 0.4, 0.41, 0.42, 0.43, 0.44, 0.45, 0.46, 0.47, 0.48, 0.49, 0.5, 0.51, 0.52, 0.53, 0.54, 0.55, 0.56, 0.57, 0.58, 0.59, 0.6 

- r: 100 

- K: 2 

- Nuisance estimation method: T nonpara / C nonpara / A nonpara 

- m: 200 

- N_total: 2559 

- cluster size dist'n: 
 5  6  7  8  9 10 11 12 13 14 15 16 17 18 19 20 
15 10 10 14 13 11 11  8  9 11 13 16 21 15 11 12 

 - observed time summary: 
    Min.  1st Qu.   Median     Mean  3rd Qu.     Max. 
 0.00000  0.02265  0.21290  0.64203  0.80665 13.16191 

 - event indicator table: 
   0    1 
 999 1560 

 - event time summary: 
    Min.  1st Qu.   Median     Mean  3rd Qu.     Max. 
 0.00000  0.01533  0.15436  0.55979  0.69325 13.16191 

 - censoring time summary: 
    Min.  1st Qu.   Median     Mean  3rd Qu.     Max. 
 0.00000  0.04798  0.32009  0.77045  0.94702 11.80885 

 - treatment indicator table: 
   0    1 
1298 1261 

==========================================================================
===========================   Estimation start  ==========================
==========================================================================

--- Split:1 ---

Running BART with binary y

number of trees: 25
number of chains: 1, number of threads 1
tree thinning rate: 1
Prior:
	prior on k: chi with 1.250000 degrees of freedom and inf scale
	power and base for tree prior: 2.000000 0.950000
	use quantiles for rule cut points: false
	proposal probabilities: birth/death 0.50, swap 0.10, change 0.40; birth 0.50
data:
	number of training observations: 1294
	number of test observations: 0
	number of explanatory variables: 15

Cutoff rules c in x<=c vs x>c
Number of cutoffs: (var: number of possible c):
(1: 100) (2: 100) (3: 100) (4: 100) (5: 100) 
(6: 100) (7: 100) (8: 100) (9: 100) (10: 100) 
(11: 100) (12: 100) (13: 100) (14: 100) (15: 100) 


   [*---------] 10% | ET: 7.1s 
   [**--------] 20% | ET: 18.2s 
   [***-------] 30% | ET: 45.3s 
   [****------] 40% | ET: 74.9s 
   [*****-----] 50% | ET: 105.2s 
   [******----] 60% | ET: 136.3s 
   [*******---] 70% | ET: 166.1s 
   [********--] 80% | ET: 187.6s 
   [*********-] 90% | ET: 212.7s 
   [**********] 100% | ET: 242s 

--- Split:2 ---

Running BART with binary y

number of trees: 25
number of chains: 1, number of threads 1
tree thinning rate: 1
Prior:
	prior on k: chi with 1.250000 degrees of freedom and inf scale
	power and base for tree prior: 2.000000 0.950000
	use quantiles for rule cut points: false
	proposal probabilities: birth/death 0.50, swap 0.10, change 0.40; birth 0.50
data:
	number of training observations: 1265
	number of test observations: 0
	number of explanatory variables: 15

Cutoff rules c in x<=c vs x>c
Number of cutoffs: (var: number of possible c):
(1: 100) (2: 100) (3: 100) (4: 100) (5: 100) 
(6: 100) (7: 100) (8: 100) (9: 100) (10: 100) 
(11: 100) (12: 100) (13: 100) (14: 100) (15: 100) 


   [*---------] 10% | ET: 26.2s 
   [**--------] 20% | ET: 48.5s 
   [***-------] 30% | ET: 72.1s 
   [****------] 40% | ET: 97.8s 
   [*****-----] 50% | ET: 121.2s 
   [******----] 60% | ET: 144s 
   [*******---] 70% | ET: 167.1s 
   [********--] 80% | ET: 192.7s 
   [*********-] 90% | ET: 216.5s 
   [**********] 100% | ET: 235.5s 

--- IF for proposed nonparametric estimator computed --- ET: 496.3 seconds
--- Estimator computed: mu --- ET: 0.7 seconds --- 
--- Estimator computed: mu_1 --- ET: 0.6 seconds --- 
--- Estimator computed: mu_0 --- ET: 0.6 seconds --- 
--- Estimator computed: de --- ET: 0.6 seconds --- 
--- Estimator computed: oe --- ET: 0.6 seconds --- 
--- Estimator computed: se_1 --- ET: 0.6 seconds --- 
--- Estimator computed: se_0 --- ET: 0.6 seconds --- 
--- Total run time: 502.6 seconds --- 
--- Total run time: 514.7 seconds --- 
###################################################
### Job finished at Thu Jun  5 11:05:29 EDT 2025 ###
###################################################
