
Attaching package: ‘dplyr’

The following objects are masked from ‘package:stats’:

    filter, lag

The following objects are masked from ‘package:base’:

    intersect, setdiff, setequal, union

Loading required package: foreach
Loading required package: iterators
Loading required package: parallel

 randomForestSRC 3.2.2 
 
 Type rfsrc.news() to see new features, changes, and bug fixes. 
 

── Attaching core tidyverse packages ──────────────────────── tidyverse 2.0.0 ──
✔ forcats   1.0.0     ✔ readr     2.1.4
✔ ggplot2   3.3.6     ✔ stringr   1.5.1
✔ lubridate 1.9.3     ✔ tibble    3.2.1
✔ purrr     0.3.5     ✔ tidyr     1.2.1
── Conflicts ────────────────────────────────────────── tidyverse_conflicts() ──
✖ purrr::accumulate() masks foreach::accumulate()
✖ tidyr::extract()    masks dbarts::extract()
✖ dplyr::filter()     masks stats::filter()
✖ dplyr::lag()        masks stats::lag()
✖ purrr::partial()    masks randomForestSRC::partial()
✖ purrr::when()       masks foreach::when()
ℹ Use the [conflicted package](http://conflicted.r-lib.org/) to force all conflicts to become errors
[1] "[Analysis setting]"
[1] "n.cpus: 8"
[1] "method: nonpara"
[1] "taus: 0.1, 0.2, 0.3, 0.4, 0.5"
[1] "thetas: 0.1, 0.2, 0.3, 0.4, 0.5, 0.6, 0.7, 0.8, 0.9"
[1] "r: 100"
[1] "m: 100"
[1] "N_total: 1153"
[1] "cluster size dist'n: "

 5  6  7  8  9 10 11 12 13 14 15 16 17 18 19 20 
 7  6  9  9 10  7  4  7  7  8  4  2  9  2  5  4 
[1] "observed time summary: "
   Min. 1st Qu.  Median    Mean 3rd Qu.    Max. 
0.00000 0.03483 0.37015 0.62985 1.00000 5.00000 
[1] "event indicator table: "

  0   1 
673 480 
[1] "treatment indicator table: "

  0   1 
412 741 
[1] ""
[1] "Estimation start"
[1] "   Split: 1"
Note: Using an external vector in selections is ambiguous.
ℹ Use `all_of(X.T.names)` instead of `X.T.names` to silence this message.
ℹ See <https://tidyselect.r-lib.org/reference/faq-external-vector.html>.
This message is displayed once per session.
Note: Using an external vector in selections is ambiguous.
ℹ Use `all_of(X.C.names)` instead of `X.C.names` to silence this message.
ℹ See <https://tidyselect.r-lib.org/reference/faq-external-vector.html>.
This message is displayed once per session.
Note: Using an external vector in selections is ambiguous.
ℹ Use `all_of(X.A.names)` instead of `X.A.names` to silence this message.
ℹ See <https://tidyselect.r-lib.org/reference/faq-external-vector.html>.
This message is displayed once per session.

Running BART with binary y

number of trees: 25
number of chains: 1, number of threads 1
tree thinning rate: 1
Prior:
	prior on k: chi with 1.250000 degrees of freedom and inf scale
	power and base for tree prior: 2.000000 0.950000
	use quantiles for rule cut points: false
	proposal probabilities: birth/death 0.50, swap 0.10, change 0.40; birth 0.50
data:
	number of training observations: 571
	number of test observations: 0
	number of explanatory variables: 15

Cutoff rules c in x<=c vs x>c
Number of cutoffs: (var: number of possible c):
(1: 100) (2: 100) (3: 100) (4: 100) (5: 100) 
(6: 100) (7: 100) (8: 100) (9: 100) (10: 100) 
(11: 100) (12: 100) (13: 100) (14: 100) (15: 100) 

[1] "     Cluster: 1"
[1] "     Cluster: 3"
[1] "     Cluster: 4"
[1] "     Cluster: 7"
[1] "     Cluster: 12"
[1] "     Cluster: 13"
[1] "     Cluster: 15"
[1] "     Cluster: 18"
[1] "     Cluster: 19"
[1] "     Cluster: 20"
[1] "     Cluster: 21"
[1] "     Cluster: 24"
[1] "     Cluster: 25"
[1] "     Cluster: 27"
[1] "     Cluster: 28"
[1] "     Cluster: 32"
[1] "     Cluster: 37"
[1] "     Cluster: 39"
[1] "     Cluster: 40"
[1] "     Cluster: 42"
[1] "     Cluster: 43"
[1] "     Cluster: 44"
[1] "     Cluster: 48"
[1] "     Cluster: 50"
[1] "     Cluster: 51"
[1] "     Cluster: 54"
[1] "     Cluster: 56"
[1] "     Cluster: 57"
[1] "     Cluster: 60"
[1] "     Cluster: 61"
[1] "     Cluster: 63"
[1] "     Cluster: 65"
[1] "     Cluster: 67"
[1] "     Cluster: 70"
[1] "     Cluster: 71"
[1] "     Cluster: 73"
[1] "     Cluster: 75"
[1] "     Cluster: 78"
[1] "     Cluster: 79"
[1] "     Cluster: 80"
[1] "     Cluster: 82"
[1] "     Cluster: 85"
[1] "     Cluster: 87"
[1] "     Cluster: 88"
[1] "     Cluster: 89"
[1] "     Cluster: 90"
[1] "     Cluster: 92"
[1] "     Cluster: 93"
[1] "     Cluster: 95"
[1] "     Cluster: 100"
[1] "   Split: 2"

Running BART with binary y

number of trees: 25
number of chains: 1, number of threads 1
tree thinning rate: 1
Prior:
	prior on k: chi with 1.250000 degrees of freedom and inf scale
	power and base for tree prior: 2.000000 0.950000
	use quantiles for rule cut points: false
	proposal probabilities: birth/death 0.50, swap 0.10, change 0.40; birth 0.50
data:
	number of training observations: 582
	number of test observations: 0
	number of explanatory variables: 15

Cutoff rules c in x<=c vs x>c
Number of cutoffs: (var: number of possible c):
(1: 100) (2: 100) (3: 100) (4: 100) (5: 100) 
(6: 100) (7: 100) (8: 100) (9: 100) (10: 100) 
(11: 100) (12: 100) (13: 100) (14: 100) (15: 100) 

[1] "     Cluster: 2"
[1] "     Cluster: 5"
[1] "     Cluster: 6"
[1] "     Cluster: 8"
[1] "     Cluster: 9"
[1] "     Cluster: 10"
[1] "     Cluster: 11"
[1] "     Cluster: 14"
[1] "     Cluster: 16"
[1] "     Cluster: 17"
[1] "     Cluster: 22"
[1] "     Cluster: 23"
[1] "     Cluster: 26"
[1] "     Cluster: 29"
[1] "     Cluster: 30"
[1] "     Cluster: 31"
[1] "     Cluster: 33"
[1] "     Cluster: 34"
[1] "     Cluster: 35"
[1] "     Cluster: 36"
[1] "     Cluster: 38"
[1] "     Cluster: 41"
[1] "     Cluster: 45"
[1] "     Cluster: 46"
[1] "     Cluster: 47"
[1] "     Cluster: 49"
[1] "     Cluster: 52"
[1] "     Cluster: 53"
[1] "     Cluster: 55"
[1] "     Cluster: 58"
[1] "     Cluster: 59"
[1] "     Cluster: 62"
[1] "     Cluster: 64"
[1] "     Cluster: 66"
[1] "     Cluster: 68"
[1] "     Cluster: 69"
[1] "     Cluster: 72"
[1] "     Cluster: 74"
[1] "     Cluster: 76"
[1] "     Cluster: 77"
[1] "     Cluster: 81"
[1] "     Cluster: 83"
[1] "     Cluster: 84"
[1] "     Cluster: 86"
[1] "     Cluster: 91"
[1] "     Cluster: 94"
[1] "     Cluster: 96"
[1] "     Cluster: 97"
[1] "     Cluster: 98"
[1] "     Cluster: 99"
[1] ""
[1] "IF for proposed nonparametric estimator computed."
`summarise()` has grouped output by 'theta', 'tau'. You can override using the
`.groups` argument.
`summarise()` has grouped output by 'theta'. You can override using the
`.groups` argument.
`summarise()` has grouped output by 'theta', 'tau'. You can override using the
`.groups` argument.
`summarise()` has grouped output by 'theta'. You can override using the
`.groups` argument.
`summarise()` has grouped output by 'theta', 'tau'. You can override using the
`.groups` argument.
`summarise()` has grouped output by 'theta'. You can override using the
`.groups` argument.
`summarise()` has grouped output by 'theta', 'tau'. You can override using the
`.groups` argument.
`summarise()` has grouped output by 'theta'. You can override using the
`.groups` argument.
`summarise()` has grouped output by 'theta', 'tau'. You can override using the
`.groups` argument.
`summarise()` has grouped output by 'theta'. You can override using the
`.groups` argument.
`summarise()` has grouped output by 'theta', 'tau'. You can override using the
`.groups` argument.
`summarise()` has grouped output by 'theta'. You can override using the
`.groups` argument.
`summarise()` has grouped output by 'theta', 'tau'. You can override using the
`.groups` argument.
`summarise()` has grouped output by 'theta'. You can override using the
`.groups` argument.
`summarise()` has grouped output by 'theta', 'tau'. You can override using the
`.groups` argument.
`summarise()` has grouped output by 'theta'. You can override using the
`.groups` argument.
[1] ""
[1] "Total run time was 112.196 seconds"
[1] "Estimation result: "
# A tibble: 360 × 5
   estimand theta   tau   est     se
   <chr>    <dbl> <dbl> <dbl>  <dbl>
 1 mu         0.1   0.1 0.325 0.106 
 2 mu         0.1   0.2 0.384 0.0848
 3 mu         0.1   0.3 0.424 0.0710
 4 mu         0.1   0.4 0.456 0.0930
 5 mu         0.1   0.5 0.545 0.0685
 6 mu         0.2   0.1 0.347 0.0875
 7 mu         0.2   0.2 0.400 0.0708
 8 mu         0.2   0.3 0.466 0.0596
 9 mu         0.2   0.4 0.512 0.0726
10 mu         0.2   0.5 0.586 0.0605
# ℹ 350 more rows
[1] ""
[1] "OR weights"
`summarise()` has grouped output by 'estimand'. You can override using the
`.groups` argument.
# A tibble: 27 × 6
# Groups:   estimand [3]
   estimand theta mean_value median_value  min_value max_value
   <fct>    <dbl>      <dbl>        <dbl>      <dbl>     <dbl>
 1 mu         0.1      0.793        0.792 0.0000154       2.82
 2 mu         0.2      0.876        1     0.00339         2.36
 3 mu         0.3      0.924        1     0.0513          1.92
 4 mu         0.4      0.960        0.998 0.244           1.59
 5 mu         0.5      0.987        1     0.582           1.23
 6 mu         0.6      0.999        1     0.765           1.13
 7 mu         0.7      0.997        1     0.753           1.24
 8 mu         0.8      0.994        1     0.323           1.57
 9 mu         0.9      0.980        1     0.0318          1.87
10 mu_1       0.1      0.881        0.945 0.0000821       3.10
11 mu_1       0.2      0.914        0.994 0.00916         2.25
12 mu_1       0.3      0.946        1     0.0941          1.83
13 mu_1       0.4      0.974        1     0.344           1.40
14 mu_1       0.5      0.994        1     0.630           1.18
15 mu_1       0.6      0.999        1     0.830           1.11
16 mu_1       0.7      0.995        1     0.695           1.28
17 mu_1       0.8      0.993        1     0.278           1.62
18 mu_1       0.9      0.977        1     0.0253          1.95
19 mu_0       0.1      0.783        0.755 0.00000796      2.85
20 mu_0       0.2      0.866        1     0.00195         2.46
21 mu_0       0.3      0.915        0.983 0.0330          2.04
22 mu_0       0.4      0.951        1     0.177           1.71
23 mu_0       0.5      0.979        0.997 0.477           1.34
24 mu_0       0.6      0.998        1     0.668           1.17
25 mu_0       0.7      1.00         1.00  0.828           1.14
26 mu_0       0.8      1.00         1     0.503           1.35
27 mu_0       0.9      1.01         1     0.0903          2.03
[1] ""
[1] "IPCW weights"
`summarise()` has grouped output by 'estimand'. You can override using the
`.groups` argument.
# A tibble: 27 × 6
# Groups:   estimand [3]
   estimand theta mean_value median_value min_value max_value
   <fct>    <dbl>      <dbl>        <dbl>     <dbl>     <dbl>
 1 mu         0.1     28.3      0.0000831  2.32e-14   2621.  
 2 mu         0.2     19.4      0.00553    2.40e- 9   1791.  
 3 mu         0.3      6.81     0.0544     1.81e- 6    544.  
 4 mu         0.4      2.24     0.245      1.77e- 4     95.7 
 5 mu         0.5      1.17     0.514      5.47e- 3     17.9 
 6 mu         0.6      0.964    0.839      8.36e- 3      5.98
 7 mu         0.7      1.05     1.08       2.32e- 4      2.52
 8 mu         0.8      1.22     0.912      1.36e- 6      6.45
 9 mu         0.9      1.37     0.231      1.87e-10     20.9 
10 mu_1       0.1     32.2      0.000366   0          3083.  
11 mu_1       0.2     11.8      0.0187     0          1054.  
12 mu_1       0.3      3.43     0.119      0           213.  
13 mu_1       0.4      1.47     0.390      0            28.2 
14 mu_1       0.5      1.03     0.728      0            12.8 
15 mu_1       0.6      0.967    0.960      0             3.56
16 mu_1       0.7      1.09     1.10       0             2.76
17 mu_1       0.8      1.26     0.750      0             8.06
18 mu_1       0.9      1.39     0.172      0            23.3 
19 mu_0       0.1     27.8      0.0000274  0          2569.  
20 mu_0       0.2     21.3      0.00186    0          1976.  
21 mu_0       0.3      8.25     0.0228     0           685.  
22 mu_0       0.4      2.75     0.0912     0           141.  
23 mu_0       0.5      1.31     0.250      0            23.0 
24 mu_0       0.6      0.958    0.631      0             9.61
25 mu_0       0.7      0.940    0.964      0             2.88
26 mu_0       0.8      1.08     1.15       0             3.33
27 mu_0       0.9      1.25     0.532      0             9.72
[1] "Total run time was 115.438 seconds"
