
Attaching package: ‘dplyr’

The following objects are masked from ‘package:stats’:

    filter, lag

The following objects are masked from ‘package:base’:

    intersect, setdiff, setequal, union

Loading required package: foreach
Loading required package: iterators
Loading required package: parallel

 randomForestSRC 3.2.2 
 
 Type rfsrc.news() to see new features, changes, and bug fixes. 
 

── Attaching core tidyverse packages ──────────────────────── tidyverse 2.0.0 ──
✔ forcats   1.0.0     ✔ readr     2.1.4
✔ ggplot2   3.3.6     ✔ stringr   1.5.1
✔ lubridate 1.9.3     ✔ tibble    3.2.1
✔ purrr     0.3.5     ✔ tidyr     1.2.1
── Conflicts ────────────────────────────────────────── tidyverse_conflicts() ──
✖ purrr::accumulate() masks foreach::accumulate()
✖ tidyr::extract()    masks dbarts::extract()
✖ dplyr::filter()     masks stats::filter()
✖ dplyr::lag()        masks stats::lag()
✖ purrr::partial()    masks randomForestSRC::partial()
✖ purrr::when()       masks foreach::when()
ℹ Use the [conflicted package](http://conflicted.r-lib.org/) to force all conflicts to become errors
[1] "[Analysis setting]"
[1] "n.cpus: 8"
[1] "method: nonpara"
[1] "taus: 0.1, 0.2, 0.3, 0.4, 0.5"
[1] "thetas: 0.1, 0.2, 0.3, 0.4, 0.5, 0.6, 0.7, 0.8, 0.9"
[1] "r: 100"
[1] "m: 100"
[1] "N_total: 1258"
[1] "cluster size dist'n: "

 5  6  7  8  9 10 11 12 13 14 15 16 17 18 19 20 
 4  5  6  4  6  4 12 10  7 10  6  6  6  4  3  7 
[1] "observed time summary: "
   Min. 1st Qu.  Median    Mean 3rd Qu.    Max. 
 0.0000  0.0366  0.3944  0.6489  1.0000  6.0000 
[1] "event indicator table: "

  0   1 
777 481 
[1] "treatment indicator table: "

  0   1 
435 823 
[1] ""
[1] "Estimation start"
[1] "   Split: 1"
Note: Using an external vector in selections is ambiguous.
ℹ Use `all_of(X.T.names)` instead of `X.T.names` to silence this message.
ℹ See <https://tidyselect.r-lib.org/reference/faq-external-vector.html>.
This message is displayed once per session.
Note: Using an external vector in selections is ambiguous.
ℹ Use `all_of(X.C.names)` instead of `X.C.names` to silence this message.
ℹ See <https://tidyselect.r-lib.org/reference/faq-external-vector.html>.
This message is displayed once per session.
Note: Using an external vector in selections is ambiguous.
ℹ Use `all_of(X.A.names)` instead of `X.A.names` to silence this message.
ℹ See <https://tidyselect.r-lib.org/reference/faq-external-vector.html>.
This message is displayed once per session.

Running BART with binary y

number of trees: 25
number of chains: 1, number of threads 1
tree thinning rate: 1
Prior:
	prior on k: chi with 1.250000 degrees of freedom and inf scale
	power and base for tree prior: 2.000000 0.950000
	use quantiles for rule cut points: false
	proposal probabilities: birth/death 0.50, swap 0.10, change 0.40; birth 0.50
data:
	number of training observations: 646
	number of test observations: 0
	number of explanatory variables: 15

Cutoff rules c in x<=c vs x>c
Number of cutoffs: (var: number of possible c):
(1: 100) (2: 100) (3: 100) (4: 100) (5: 100) 
(6: 100) (7: 100) (8: 100) (9: 100) (10: 100) 
(11: 100) (12: 100) (13: 100) (14: 100) (15: 100) 

[1] "     Cluster: 1"
[1] "     Cluster: 6"
[1] "     Cluster: 7"
[1] "     Cluster: 8"
[1] "     Cluster: 10"
[1] "     Cluster: 14"
[1] "     Cluster: 15"
[1] "     Cluster: 16"
[1] "     Cluster: 18"
[1] "     Cluster: 22"
[1] "     Cluster: 23"
[1] "     Cluster: 26"
[1] "     Cluster: 27"
[1] "     Cluster: 28"
[1] "     Cluster: 31"
[1] "     Cluster: 32"
[1] "     Cluster: 34"
[1] "     Cluster: 35"
[1] "     Cluster: 40"
[1] "     Cluster: 41"
[1] "     Cluster: 42"
[1] "     Cluster: 47"
[1] "     Cluster: 50"
[1] "     Cluster: 52"
[1] "     Cluster: 54"
[1] "     Cluster: 56"
[1] "     Cluster: 57"
[1] "     Cluster: 62"
[1] "     Cluster: 63"
[1] "     Cluster: 64"
[1] "     Cluster: 69"
[1] "     Cluster: 70"
[1] "     Cluster: 72"
[1] "     Cluster: 73"
[1] "     Cluster: 75"
[1] "     Cluster: 76"
[1] "     Cluster: 78"
[1] "     Cluster: 79"
[1] "     Cluster: 84"
[1] "     Cluster: 85"
[1] "     Cluster: 86"
[1] "     Cluster: 87"
[1] "     Cluster: 88"
[1] "     Cluster: 89"
[1] "     Cluster: 90"
[1] "     Cluster: 91"
[1] "     Cluster: 92"
[1] "     Cluster: 93"
[1] "     Cluster: 97"
[1] "     Cluster: 100"
[1] "   Split: 2"

Running BART with binary y

number of trees: 25
number of chains: 1, number of threads 1
tree thinning rate: 1
Prior:
	prior on k: chi with 1.250000 degrees of freedom and inf scale
	power and base for tree prior: 2.000000 0.950000
	use quantiles for rule cut points: false
	proposal probabilities: birth/death 0.50, swap 0.10, change 0.40; birth 0.50
data:
	number of training observations: 612
	number of test observations: 0
	number of explanatory variables: 15

Cutoff rules c in x<=c vs x>c
Number of cutoffs: (var: number of possible c):
(1: 100) (2: 100) (3: 100) (4: 100) (5: 100) 
(6: 100) (7: 100) (8: 100) (9: 100) (10: 100) 
(11: 100) (12: 100) (13: 100) (14: 100) (15: 100) 

[1] "     Cluster: 2"
[1] "     Cluster: 3"
[1] "     Cluster: 4"
[1] "     Cluster: 5"
[1] "     Cluster: 9"
[1] "     Cluster: 11"
[1] "     Cluster: 12"
[1] "     Cluster: 13"
[1] "     Cluster: 17"
[1] "     Cluster: 19"
[1] "     Cluster: 20"
[1] "     Cluster: 21"
[1] "     Cluster: 24"
[1] "     Cluster: 25"
[1] "     Cluster: 29"
[1] "     Cluster: 30"
[1] "     Cluster: 33"
[1] "     Cluster: 36"
[1] "     Cluster: 37"
[1] "     Cluster: 38"
[1] "     Cluster: 39"
[1] "     Cluster: 43"
[1] "     Cluster: 44"
[1] "     Cluster: 45"
[1] "     Cluster: 46"
[1] "     Cluster: 48"
[1] "     Cluster: 49"
[1] "     Cluster: 51"
[1] "     Cluster: 53"
[1] "     Cluster: 55"
[1] "     Cluster: 58"
[1] "     Cluster: 59"
[1] "     Cluster: 60"
[1] "     Cluster: 61"
[1] "     Cluster: 65"
[1] "     Cluster: 66"
[1] "     Cluster: 67"
[1] "     Cluster: 68"
[1] "     Cluster: 71"
[1] "     Cluster: 74"
[1] "     Cluster: 77"
[1] "     Cluster: 80"
[1] "     Cluster: 81"
[1] "     Cluster: 82"
[1] "     Cluster: 83"
[1] "     Cluster: 94"
[1] "     Cluster: 95"
[1] "     Cluster: 96"
[1] "     Cluster: 98"
[1] "     Cluster: 99"
[1] ""
[1] "IF for proposed nonparametric estimator computed."
`summarise()` has grouped output by 'theta', 'tau'. You can override using the
`.groups` argument.
`summarise()` has grouped output by 'theta'. You can override using the
`.groups` argument.
`summarise()` has grouped output by 'theta', 'tau'. You can override using the
`.groups` argument.
`summarise()` has grouped output by 'theta'. You can override using the
`.groups` argument.
`summarise()` has grouped output by 'theta', 'tau'. You can override using the
`.groups` argument.
`summarise()` has grouped output by 'theta'. You can override using the
`.groups` argument.
`summarise()` has grouped output by 'theta', 'tau'. You can override using the
`.groups` argument.
`summarise()` has grouped output by 'theta'. You can override using the
`.groups` argument.
`summarise()` has grouped output by 'theta', 'tau'. You can override using the
`.groups` argument.
`summarise()` has grouped output by 'theta'. You can override using the
`.groups` argument.
`summarise()` has grouped output by 'theta', 'tau'. You can override using the
`.groups` argument.
`summarise()` has grouped output by 'theta'. You can override using the
`.groups` argument.
`summarise()` has grouped output by 'theta', 'tau'. You can override using the
`.groups` argument.
`summarise()` has grouped output by 'theta'. You can override using the
`.groups` argument.
`summarise()` has grouped output by 'theta', 'tau'. You can override using the
`.groups` argument.
`summarise()` has grouped output by 'theta'. You can override using the
`.groups` argument.
[1] ""
[1] "Total run time was 105.95 seconds"
[1] "Estimation result: "
# A tibble: 360 × 5
   estimand theta   tau   est     se
   <chr>    <dbl> <dbl> <dbl>  <dbl>
 1 mu         0.1   0.1 0.485 0.135 
 2 mu         0.1   0.2 0.511 0.113 
 3 mu         0.1   0.3 0.516 0.110 
 4 mu         0.1   0.4 0.592 0.119 
 5 mu         0.1   0.5 0.587 0.113 
 6 mu         0.2   0.1 0.381 0.0757
 7 mu         0.2   0.2 0.440 0.0671
 8 mu         0.2   0.3 0.454 0.0609
 9 mu         0.2   0.4 0.538 0.0646
10 mu         0.2   0.5 0.544 0.0588
# ℹ 350 more rows
[1] ""
[1] "OR weights"
`summarise()` has grouped output by 'estimand'. You can override using the
`.groups` argument.
# A tibble: 27 × 6
# Groups:   estimand [3]
   estimand theta mean_value median_value min_value max_value
   <fct>    <dbl>      <dbl>        <dbl>     <dbl>     <dbl>
 1 mu         0.1      0.933        0.501  0.00104      15.4 
 2 mu         0.2      0.999        0.896  0.0333        6.56
 3 mu         0.3      1.02         0.988  0.181         3.07
 4 mu         0.4      1.03         1      0.460         1.98
 5 mu         0.5      1.02         1.01   0.691         1.43
 6 mu         0.6      1.01         1      0.855         1.17
 7 mu         0.7      0.996        1      0.806         1.14
 8 mu         0.8      0.987        1.00   0.710         1.19
 9 mu         0.9      0.961        0.992  0.366         1.44
10 mu_1       0.1      1.02         0.895  0.00487      10.3 
11 mu_1       0.2      1.03         1      0.0801        3.70
12 mu_1       0.3      1.04         1      0.300         2.76
13 mu_1       0.4      1.03         1.02   0.606         1.65
14 mu_1       0.5      1.02         1.01   0.800         1.33
15 mu_1       0.6      1.00         1      0.823         1.12
16 mu_1       0.7      0.994        1      0.787         1.14
17 mu_1       0.8      0.985        0.997  0.698         1.21
18 mu_1       0.9      0.959        0.986  0.337         1.50
19 mu_0       0.1      0.924        0.442  0.000612     15.9 
20 mu_0       0.2      0.991        0.882  0.0216        7.27
21 mu_0       0.3      1.02         0.968  0.129         3.21
22 mu_0       0.4      1.03         1      0.363         2.24
23 mu_0       0.5      1.03         1.00   0.571         1.55
24 mu_0       0.6      1.01         1.01   0.775         1.25
25 mu_0       0.7      1.00         1      0.809         1.15
26 mu_0       0.8      0.994        1      0.760         1.17
27 mu_0       0.9      0.981        0.987  0.622         1.29
[1] ""
[1] "IPCW weights"
`summarise()` has grouped output by 'estimand'. You can override using the
`.groups` argument.
# A tibble: 27 × 6
# Groups:   estimand [3]
   estimand theta mean_value median_value min_value max_value
   <fct>    <dbl>      <dbl>        <dbl>     <dbl>     <dbl>
 1 mu         0.1      3.04    0.0000143   3.25e-17    180.  
 2 mu         0.2      3.03    0.00227     1.52e-11     99.6 
 3 mu         0.3      2.29    0.0294      2.94e- 8     53.1 
 4 mu         0.4      1.48    0.203       5.96e- 6     31.4 
 5 mu         0.5      1.07    0.570       3.45e- 4     11.9 
 6 mu         0.6      0.971   0.899       2.87e- 3      3.11
 7 mu         0.7      1.03    1.04        3.43e- 5      2.62
 8 mu         0.8      1.10    1.04        5.19e- 8      5.21
 9 mu         0.9      1.01    0.301       5.64e-13      8.77
10 mu_1       0.1      2.14    0.0000707   0            51.4 
11 mu_1       0.2      2.17    0.00765     0            65.4 
12 mu_1       0.3      1.52    0.0653      0            44.2 
13 mu_1       0.4      1.06    0.302       0            19.6 
14 mu_1       0.5      0.927   0.737       0             5.95
15 mu_1       0.6      0.947   0.862       0             2.82
16 mu_1       0.7      1.04    1.07        0             2.75
17 mu_1       0.8      1.10    0.897       0             5.75
18 mu_1       0.9      0.994   0.232       0             9.74
19 mu_0       0.1      3.14    0.00000368  0           199.  
20 mu_0       0.2      3.25    0.000716    0           125.  
21 mu_0       0.3      2.62    0.0115      0            73.0 
22 mu_0       0.4      1.76    0.114       0            39.4 
23 mu_0       0.5      1.21    0.333       0            19.0 
24 mu_0       0.6      1.01    0.763       0             7.78
25 mu_0       0.7      1.00    1.03        0             2.81
26 mu_0       0.8      1.11    1.08        0             3.07
27 mu_0       0.9      1.14    0.617       0             8.97
[1] "Total run time was 109.012 seconds"
