
Attaching package: ‘dplyr’

The following objects are masked from ‘package:stats’:

    filter, lag

The following objects are masked from ‘package:base’:

    intersect, setdiff, setequal, union

Loading required package: foreach
Loading required package: iterators
Loading required package: parallel

 randomForestSRC 3.2.2 
 
 Type rfsrc.news() to see new features, changes, and bug fixes. 
 

── Attaching core tidyverse packages ──────────────────────── tidyverse 2.0.0 ──
✔ forcats   1.0.0     ✔ readr     2.1.4
✔ ggplot2   3.3.6     ✔ stringr   1.5.1
✔ lubridate 1.9.3     ✔ tibble    3.2.1
✔ purrr     0.3.5     ✔ tidyr     1.2.1
── Conflicts ────────────────────────────────────────── tidyverse_conflicts() ──
✖ purrr::accumulate() masks foreach::accumulate()
✖ tidyr::extract()    masks dbarts::extract()
✖ dplyr::filter()     masks stats::filter()
✖ dplyr::lag()        masks stats::lag()
✖ purrr::partial()    masks randomForestSRC::partial()
✖ purrr::when()       masks foreach::when()
ℹ Use the [conflicted package](http://conflicted.r-lib.org/) to force all conflicts to become errors
[1] "[Analysis setting]"
[1] "n.cpus: 8"
[1] "method: nonpara"
[1] "taus: 0.1, 0.2, 0.3, 0.4, 0.5"
[1] "thetas: 0.1, 0.2, 0.3, 0.4, 0.5, 0.6, 0.7, 0.8, 0.9"
[1] "r: 100"
[1] "m: 100"
[1] "N_total: 1230"
[1] "cluster size dist'n: "

 5  6  7  8  9 10 11 12 13 14 15 16 17 18 19 20 
 8  4  6  8  8  4  7  7  6 10  2  6  8  4  5  7 
[1] "observed time summary: "
   Min. 1st Qu.  Median    Mean 3rd Qu.    Max. 
0.00000 0.01628 0.33579 0.58981 0.97673 5.00000 
[1] "event indicator table: "

  0   1 
763 467 
[1] "treatment indicator table: "

  0   1 
459 771 
[1] ""
[1] "Estimation start"
[1] "   Split: 1"
Note: Using an external vector in selections is ambiguous.
ℹ Use `all_of(X.T.names)` instead of `X.T.names` to silence this message.
ℹ See <https://tidyselect.r-lib.org/reference/faq-external-vector.html>.
This message is displayed once per session.
Note: Using an external vector in selections is ambiguous.
ℹ Use `all_of(X.C.names)` instead of `X.C.names` to silence this message.
ℹ See <https://tidyselect.r-lib.org/reference/faq-external-vector.html>.
This message is displayed once per session.
Note: Using an external vector in selections is ambiguous.
ℹ Use `all_of(X.A.names)` instead of `X.A.names` to silence this message.
ℹ See <https://tidyselect.r-lib.org/reference/faq-external-vector.html>.
This message is displayed once per session.

Running BART with binary y

number of trees: 25
number of chains: 1, number of threads 1
tree thinning rate: 1
Prior:
	prior on k: chi with 1.250000 degrees of freedom and inf scale
	power and base for tree prior: 2.000000 0.950000
	use quantiles for rule cut points: false
	proposal probabilities: birth/death 0.50, swap 0.10, change 0.40; birth 0.50
data:
	number of training observations: 623
	number of test observations: 0
	number of explanatory variables: 15

Cutoff rules c in x<=c vs x>c
Number of cutoffs: (var: number of possible c):
(1: 100) (2: 100) (3: 100) (4: 100) (5: 100) 
(6: 100) (7: 100) (8: 100) (9: 100) (10: 100) 
(11: 100) (12: 100) (13: 100) (14: 100) (15: 100) 

[1] "     Cluster: 3"
[1] "     Cluster: 4"
[1] "     Cluster: 13"
[1] "     Cluster: 14"
[1] "     Cluster: 19"
[1] "     Cluster: 20"
[1] "     Cluster: 25"
[1] "     Cluster: 26"
[1] "     Cluster: 27"
[1] "     Cluster: 29"
[1] "     Cluster: 30"
[1] "     Cluster: 33"
[1] "     Cluster: 34"
[1] "     Cluster: 38"
[1] "     Cluster: 39"
[1] "     Cluster: 41"
[1] "     Cluster: 42"
[1] "     Cluster: 44"
[1] "     Cluster: 48"
[1] "     Cluster: 49"
[1] "     Cluster: 52"
[1] "     Cluster: 53"
[1] "     Cluster: 57"
[1] "     Cluster: 58"
[1] "     Cluster: 62"
[1] "     Cluster: 63"
[1] "     Cluster: 64"
[1] "     Cluster: 66"
[1] "     Cluster: 67"
[1] "     Cluster: 68"
[1] "     Cluster: 69"
[1] "     Cluster: 70"
[1] "     Cluster: 71"
[1] "     Cluster: 72"
[1] "     Cluster: 73"
[1] "     Cluster: 76"
[1] "     Cluster: 78"
[1] "     Cluster: 79"
[1] "     Cluster: 80"
[1] "     Cluster: 81"
[1] "     Cluster: 84"
[1] "     Cluster: 86"
[1] "     Cluster: 87"
[1] "     Cluster: 88"
[1] "     Cluster: 89"
[1] "     Cluster: 91"
[1] "     Cluster: 92"
[1] "     Cluster: 94"
[1] "     Cluster: 95"
[1] "     Cluster: 99"
[1] "   Split: 2"

Running BART with binary y

number of trees: 25
number of chains: 1, number of threads 1
tree thinning rate: 1
Prior:
	prior on k: chi with 1.250000 degrees of freedom and inf scale
	power and base for tree prior: 2.000000 0.950000
	use quantiles for rule cut points: false
	proposal probabilities: birth/death 0.50, swap 0.10, change 0.40; birth 0.50
data:
	number of training observations: 607
	number of test observations: 0
	number of explanatory variables: 15

Cutoff rules c in x<=c vs x>c
Number of cutoffs: (var: number of possible c):
(1: 100) (2: 100) (3: 100) (4: 100) (5: 100) 
(6: 100) (7: 100) (8: 100) (9: 100) (10: 100) 
(11: 100) (12: 100) (13: 100) (14: 100) (15: 100) 

[1] "     Cluster: 1"
[1] "     Cluster: 2"
[1] "     Cluster: 5"
[1] "     Cluster: 6"
[1] "     Cluster: 7"
[1] "     Cluster: 8"
[1] "     Cluster: 9"
[1] "     Cluster: 10"
[1] "     Cluster: 11"
[1] "     Cluster: 12"
[1] "     Cluster: 15"
[1] "     Cluster: 16"
[1] "     Cluster: 17"
[1] "     Cluster: 18"
[1] "     Cluster: 21"
[1] "     Cluster: 22"
[1] "     Cluster: 23"
[1] "     Cluster: 24"
[1] "     Cluster: 28"
[1] "     Cluster: 31"
[1] "     Cluster: 32"
[1] "     Cluster: 35"
[1] "     Cluster: 36"
[1] "     Cluster: 37"
[1] "     Cluster: 40"
[1] "     Cluster: 43"
[1] "     Cluster: 45"
[1] "     Cluster: 46"
[1] "     Cluster: 47"
[1] "     Cluster: 50"
[1] "     Cluster: 51"
[1] "     Cluster: 54"
[1] "     Cluster: 55"
[1] "     Cluster: 56"
[1] "     Cluster: 59"
[1] "     Cluster: 60"
[1] "     Cluster: 61"
[1] "     Cluster: 65"
[1] "     Cluster: 74"
[1] "     Cluster: 75"
[1] "     Cluster: 77"
[1] "     Cluster: 82"
[1] "     Cluster: 83"
[1] "     Cluster: 85"
[1] "     Cluster: 90"
[1] "     Cluster: 93"
[1] "     Cluster: 96"
[1] "     Cluster: 97"
[1] "     Cluster: 98"
[1] "     Cluster: 100"
[1] ""
[1] "IF for proposed nonparametric estimator computed."
`summarise()` has grouped output by 'theta', 'tau'. You can override using the
`.groups` argument.
`summarise()` has grouped output by 'theta'. You can override using the
`.groups` argument.
`summarise()` has grouped output by 'theta', 'tau'. You can override using the
`.groups` argument.
`summarise()` has grouped output by 'theta'. You can override using the
`.groups` argument.
`summarise()` has grouped output by 'theta', 'tau'. You can override using the
`.groups` argument.
`summarise()` has grouped output by 'theta'. You can override using the
`.groups` argument.
`summarise()` has grouped output by 'theta', 'tau'. You can override using the
`.groups` argument.
`summarise()` has grouped output by 'theta'. You can override using the
`.groups` argument.
`summarise()` has grouped output by 'theta', 'tau'. You can override using the
`.groups` argument.
`summarise()` has grouped output by 'theta'. You can override using the
`.groups` argument.
`summarise()` has grouped output by 'theta', 'tau'. You can override using the
`.groups` argument.
`summarise()` has grouped output by 'theta'. You can override using the
`.groups` argument.
`summarise()` has grouped output by 'theta', 'tau'. You can override using the
`.groups` argument.
`summarise()` has grouped output by 'theta'. You can override using the
`.groups` argument.
`summarise()` has grouped output by 'theta', 'tau'. You can override using the
`.groups` argument.
`summarise()` has grouped output by 'theta'. You can override using the
`.groups` argument.
[1] ""
[1] "Total run time was 114.153 seconds"
[1] "Estimation result: "
# A tibble: 360 × 5
   estimand theta   tau   est     se
   <chr>    <dbl> <dbl> <dbl>  <dbl>
 1 mu         0.1   0.1 0.293 0.0456
 2 mu         0.1   0.2 0.325 0.0418
 3 mu         0.1   0.3 0.345 0.0516
 4 mu         0.1   0.4 0.356 0.0555
 5 mu         0.1   0.5 0.365 0.0615
 6 mu         0.2   0.1 0.296 0.0400
 7 mu         0.2   0.2 0.349 0.0420
 8 mu         0.2   0.3 0.382 0.0454
 9 mu         0.2   0.4 0.399 0.0493
10 mu         0.2   0.5 0.415 0.0500
# ℹ 350 more rows
[1] ""
[1] "OR weights"
`summarise()` has grouped output by 'estimand'. You can override using the
`.groups` argument.
# A tibble: 27 × 6
# Groups:   estimand [3]
   estimand theta mean_value median_value  min_value max_value
   <fct>    <dbl>      <dbl>        <dbl>      <dbl>     <dbl>
 1 mu         0.1      0.674        0.489 0.00000724      2.74
 2 mu         0.2      0.760        0.817 0.00188         2.48
 3 mu         0.3      0.862        0.919 0.0334          1.99
 4 mu         0.4      0.945        0.980 0.186           1.52
 5 mu         0.5      0.984        1     0.514           1.70
 6 mu         0.6      0.992        1     0.721           1.31
 7 mu         0.7      0.991        1.00  0.702           1.21
 8 mu         0.8      0.989        1     0.417           1.31
 9 mu         0.9      0.996        0.998 0.0807          3.17
10 mu_1       0.1      0.735        0.765 0.0000393       3.48
11 mu_1       0.2      0.823        0.883 0.00522         2.12
12 mu_1       0.3      0.912        0.982 0.0634          1.47
13 mu_1       0.4      0.971        0.997 0.272           1.69
14 mu_1       0.5      0.991        1     0.599           1.65
15 mu_1       0.6      0.993        0.999 0.738           1.21
16 mu_1       0.7      0.991        1     0.666           1.25
17 mu_1       0.8      0.990        1     0.374           1.32
18 mu_1       0.9      0.998        0.993 0.0670          3.44
19 mu_0       0.1      0.668        0.456 0.00000368      2.96
20 mu_0       0.2      0.745        0.773 0.00104         2.57
21 mu_0       0.3      0.841        0.909 0.0206          2.23
22 mu_0       0.4      0.927        0.974 0.128           1.72
23 mu_0       0.5      0.976        1     0.401           1.75
24 mu_0       0.6      0.991        1     0.619           1.45
25 mu_0       0.7      0.991        1     0.773           1.15
26 mu_0       0.8      0.987        1     0.587           1.30
27 mu_0       0.9      0.978        1     0.204           1.43
[1] ""
[1] "IPCW weights"
`summarise()` has grouped output by 'estimand'. You can override using the
`.groups` argument.
# A tibble: 27 × 6
# Groups:   estimand [3]
   estimand theta mean_value median_value min_value max_value
   <fct>    <dbl>      <dbl>        <dbl>     <dbl>     <dbl>
 1 mu         0.1      20.4     0.000155   9.05e-17   1281.  
 2 mu         0.2      33.4     0.0166     4.22e-11   1224.  
 3 mu         0.3      27.5     0.114      8.18e- 8   1254.  
 4 mu         0.4      12.8     0.388      1.66e- 5    523.  
 5 mu         0.5       4.16    0.885      9.59e- 4    104.  
 6 mu         0.6       1.55    1.04       2.45e- 2     19.3 
 7 mu         0.7       1.09    1.09       2.44e- 3      6.39
 8 mu         0.8       1.21    0.507      2.14e- 5      7.10
 9 mu         0.9       1.65    0.0562     4.18e- 9     22.8 
10 mu_1       0.1      29.9     0.000888   8.60e-16   1281.  
11 mu_1       0.2      33.6     0.0465     2.00e-10   1530.  
12 mu_1       0.3      20.6     0.292      2.59e- 7   1045.  
13 mu_1       0.4       7.94    0.692      3.94e- 5    327.  
14 mu_1       0.5       2.60    1.09       1.82e- 3     53.0 
15 mu_1       0.6       1.27    1.02       2.17e- 2     11.3 
16 mu_1       0.7       1.08    0.921      8.21e- 4      6.25
17 mu_1       0.8       1.26    0.352      6.29e- 6      8.24
18 mu_1       0.9       1.69    0.0355     1.09e- 9     25.4 
19 mu_0       0.1      19.3     0.0000579  0          1281.  
20 mu_0       0.2      33.4     0.00645    0          1147.  
21 mu_0       0.3      30.4     0.0400     0          1344.  
22 mu_0       0.4      16.0     0.234      0           654.  
23 mu_0       0.5       5.71    0.742      0           156.  
24 mu_0       0.6       1.98    0.904      0            31.1 
25 mu_0       0.7       1.14    0.979      0             6.73
26 mu_0       0.8       1.03    0.752      0             5.03
27 mu_0       0.9       1.37    0.210      0            11.7 
[1] "Total run time was 117.311 seconds"
