##############################################################
### Job started at Tue Dec 23 01:44:20 AM EST 2025 ###
##############################################################

Attaching package: ‘dplyr’

The following objects are masked from ‘package:stats’:

    filter, lag

The following objects are masked from ‘package:base’:

    intersect, setdiff, setequal, union

--- Censoring rate: 40.9% --- 
# A tibble: 42 × 4
   theta   tau estimand   truth
   <dbl> <dbl> <chr>      <dbl>
 1  0.3    0.2 de       -0.273 
 2  0.3    0.2 mu        0.424 
 3  0.3    0.2 mu_0      0.506 
 4  0.3    0.2 mu_1      0.233 
 5  0.3    0.2 oe        0.0944
 6  0.3    0.2 se_0      0.0653
 7  0.3    0.2 se_1      0.0388
 8  0.45   0.2 de       -0.247 
 9  0.45   0.2 mu        0.330 
10  0.45   0.2 mu_0      0.441 
11  0.45   0.2 mu_1      0.194 
12  0.45   0.2 oe        0     
13  0.45   0.2 se_0      0     
14  0.45   0.2 se_1      0     
15  0.6    0.2 de       -0.233 
16  0.6    0.2 mu        0.269 
17  0.6    0.2 mu_0      0.409 
18  0.6    0.2 mu_1      0.176 
19  0.6    0.2 oe       -0.0610
20  0.6    0.2 se_0     -0.0323
21  0.6    0.2 se_1     -0.0185
22  0.3    0.4 de       -0.265 
23  0.3    0.4 mu        0.532 
24  0.3    0.4 mu_0      0.611 
25  0.3    0.4 mu_1      0.346 
26  0.3    0.4 oe        0.101 
27  0.3    0.4 se_0      0.0702
28  0.3    0.4 se_1      0.0509
29  0.45   0.4 de       -0.245 
30  0.45   0.4 mu        0.430 
31  0.45   0.4 mu_0      0.541 
32  0.45   0.4 mu_1      0.296 
33  0.45   0.4 oe        0     
34  0.45   0.4 se_0      0     
35  0.45   0.4 se_1      0     
36  0.6    0.4 de       -0.233 
37  0.6    0.4 mu        0.366 
38  0.6    0.4 mu_0      0.506 
39  0.6    0.4 mu_1      0.273 
40  0.6    0.4 oe       -0.0643
41  0.6    0.4 se_0     -0.0348
42  0.6    0.4 se_1     -0.0226

[Simulation setting] 

- M: 1000 

- taus: 0.1, 0.2, 0.3, 0.4, 0.5 

- thetas: 0.3, 0.31, 0.32, 0.33, 0.34, 0.35, 0.36, 0.37, 0.38, 0.39, 0.4, 0.41, 0.42, 0.43, 0.44, 0.45, 0.46, 0.47, 0.48, 0.49, 0.5, 0.51, 0.52, 0.53, 0.54, 0.55, 0.56, 0.57, 0.58, 0.59, 0.6 

- r: 100 

# A tibble: 1,085 × 4
   theta   tau estimand   truth
   <dbl> <dbl> <chr>      <dbl>
 1   0.3   0.1 mu        0.356 
 2   0.3   0.1 mu_1      0.166 
 3   0.3   0.1 mu_0      0.438 
 4   0.3   0.1 de       -0.272 
 5   0.3   0.1 se_1      0.0216
 6   0.3   0.1 se_0      0.0366
 7   0.3   0.1 oe        0.0707
 8   0.3   0.2 mu        0.441 
 9   0.3   0.2 mu_1      0.246 
10   0.3   0.2 mu_0      0.525 
# ℹ 1,075 more rows
[1] "Total run time was 204.54 seconds"
###################################################
### Job finished at Tue Dec 23 01:47:45 AM EST 2025 ###
###################################################
