##############################################################
### Job started at Tue Dec 23 01:44:19 AM EST 2025 ###
##############################################################

Attaching package: ‘dplyr’

The following objects are masked from ‘package:stats’:

    filter, lag

The following objects are masked from ‘package:base’:

    intersect, setdiff, setequal, union

--- Censoring rate: 41.6% --- 
# A tibble: 42 × 4
   theta   tau estimand    truth
   <dbl> <dbl> <chr>       <dbl>
 1  0.3    0.2 de       -0.277  
 2  0.3    0.2 mu        0.461  
 3  0.3    0.2 mu_0      0.544  
 4  0.3    0.2 mu_1      0.267  
 5  0.3    0.2 oe        0.0436 
 6  0.3    0.2 se_0     -0.00531
 7  0.3    0.2 se_1      0.0110 
 8  0.45   0.2 de       -0.294  
 9  0.45   0.2 mu        0.417  
10  0.45   0.2 mu_0      0.549  
11  0.45   0.2 mu_1      0.256  
12  0.45   0.2 oe        0      
13  0.45   0.2 se_0      0      
14  0.45   0.2 se_1      0      
15  0.6    0.2 de       -0.292  
16  0.6    0.2 mu        0.352  
17  0.6    0.2 mu_0      0.528  
18  0.6    0.2 mu_1      0.235  
19  0.6    0.2 oe       -0.0650 
20  0.6    0.2 se_0     -0.0217 
21  0.6    0.2 se_1     -0.0204 
22  0.3    0.4 de       -0.252  
23  0.3    0.4 mu        0.563  
24  0.3    0.4 mu_0      0.638  
25  0.3    0.4 mu_1      0.386  
26  0.3    0.4 oe        0.0332 
27  0.3    0.4 se_0     -0.0158 
28  0.3    0.4 se_1      0.00898
29  0.45   0.4 de       -0.277  
30  0.45   0.4 mu        0.530  
31  0.45   0.4 mu_0      0.654  
32  0.45   0.4 mu_1      0.377  
33  0.45   0.4 oe        0      
34  0.45   0.4 se_0      0      
35  0.45   0.4 se_1      0      
36  0.6    0.4 de       -0.281  
37  0.6    0.4 mu        0.467  
38  0.6    0.4 mu_0      0.635  
39  0.6    0.4 mu_1      0.354  
40  0.6    0.4 oe       -0.0629 
41  0.6    0.4 se_0     -0.0191 
42  0.6    0.4 se_1     -0.0229 

[Simulation setting] 

- M: 1000 

- taus: 0.1, 0.2, 0.3, 0.4, 0.5 

- thetas: 0.3, 0.31, 0.32, 0.33, 0.34, 0.35, 0.36, 0.37, 0.38, 0.39, 0.4, 0.41, 0.42, 0.43, 0.44, 0.45, 0.46, 0.47, 0.48, 0.49, 0.5, 0.51, 0.52, 0.53, 0.54, 0.55, 0.56, 0.57, 0.58, 0.59, 0.6 

- r: 100 

# A tibble: 1,085 × 4
   theta   tau estimand   truth
   <dbl> <dbl> <chr>      <dbl>
 1   0.3   0.1 mu        0.359 
 2   0.3   0.1 mu_1      0.167 
 3   0.3   0.1 mu_0      0.442 
 4   0.3   0.1 de       -0.275 
 5   0.3   0.1 se_1      0.0220
 6   0.3   0.1 se_0      0.0367
 7   0.3   0.1 oe        0.0713
 8   0.3   0.2 mu        0.444 
 9   0.3   0.2 mu_1      0.247 
10   0.3   0.2 mu_0      0.528 
# ℹ 1,075 more rows
[1] "Total run time was 181.828 seconds"
###################################################
### Job finished at Tue Dec 23 01:47:21 AM EST 2025 ###
###################################################
