##############################################################
### Job started at Thu Jun  5 15:46:32 EDT 2025 with m=200, r=100, n=4 ###
##############################################################

Attaching package: ‘dplyr’

The following objects are masked from ‘package:stats’:

    filter, lag

The following objects are masked from ‘package:base’:

    intersect, setdiff, setequal, union

Loading required package: foreach
Loading required package: iterators
Loading required package: parallel

 randomForestSRC 3.2.2 
 
 Type rfsrc.news() to see new features, changes, and bug fixes. 
 

[conflicted] Will prefer dplyr::select over any other package.
[conflicted] Will prefer dplyr::filter over any other package.
[conflicted] Will prefer reshape2::melt over any other package.
── Attaching core tidyverse packages ──────────────────────── tidyverse 2.0.0 ──
✔ forcats   1.0.0     ✔ readr     2.1.4
✔ ggplot2   3.5.2     ✔ stringr   1.5.1
✔ lubridate 1.9.3     ✔ tibble    3.2.1
✔ purrr     0.3.5     ✔ tidyr     1.2.1
Loading required package: Matrix

Attaching package: ‘Matrix’

The following objects are masked from ‘package:tidyr’:

    expand, pack, unpack


==========================================================================
===========================   Analysis setting  ==========================
==========================================================================

- taus: 0.2 

- policy: TypeB 

- thetas: 0.3, 0.4, 0.5, 0.6, 0.7 

- r: 100 

- K: 2 

- Nuisance estimation method: T nonpara / C nonpara / A nonpara 

- m: 200 

- N_total: 14930 

- cluster size dist'n: 
 50  51  53  54  55  56  57  58  59  60  61  62  63  64  65  66  67  68  69  70 
  5   1   7   3   3   4   2   7   3   6   4   4   1   4   8   3   8   6   6   2 
 71  72  73  74  75  76  77  78  79  80  81  82  83  84  85  86  87  88  89  90 
  5   5   3   3   6   5   4   2   2   6   3   4   3   7   5   2   2   1   3   2 
 91  92  93  94  95  96  97  98  99 100 
  2   4   4   8   5   2   5   1   3   6 

 - observed time summary: 
    Min.  1st Qu.   Median     Mean  3rd Qu.     Max. 
 0.00000  0.02448  0.21045  0.56818  0.75613 10.30807 

 - event indicator table: 
   0    1 
6226 8704 

 - event time summary: 
   Min. 1st Qu.  Median    Mean 3rd Qu.    Max. 
 0.0000  0.0174  0.1777  0.5340  0.6933  8.0965 

 - censoring time summary: 
    Min.  1st Qu.   Median     Mean  3rd Qu.     Max. 
 0.00000  0.03845  0.26073  0.61590  0.82974 10.30807 

 - treatment indicator table: 
   0    1 
7776 7154 

==========================================================================
===========================   Estimation start  ==========================
==========================================================================

--- Split:1 ---

Running BART with binary y

number of trees: 25
number of chains: 1, number of threads 1
tree thinning rate: 1
Prior:
	prior on k: chi with 1.250000 degrees of freedom and inf scale
	power and base for tree prior: 2.000000 0.950000
	use quantiles for rule cut points: false
	proposal probabilities: birth/death 0.50, swap 0.10, change 0.40; birth 0.50
data:
	number of training observations: 7355
	number of test observations: 0
	number of explanatory variables: 15

Cutoff rules c in x<=c vs x>c
Number of cutoffs: (var: number of possible c):
(1: 100) (2: 100) (3: 100) (4: 100) (5: 100) 
(6: 100) (7: 100) (8: 100) (9: 100) (10: 100) 
(11: 100) (12: 100) (13: 100) (14: 100) (15: 100) 


   [*---------] 10% | ET: 43.8s 
   [**--------] 20% | ET: 94.3s 
   [***-------] 30% | ET: 147.6s 
   [****------] 40% | ET: 199.2s 
   [*****-----] 50% | ET: 249.3s 
   [******----] 60% | ET: 302s 
   [*******---] 70% | ET: 350.4s 
   [********--] 80% | ET: 398.2s 
   [*********-] 90% | ET: 447.6s 
   [**********] 100% | ET: 495.1s 

--- Split:2 ---

Running BART with binary y

number of trees: 25
number of chains: 1, number of threads 1
tree thinning rate: 1
Prior:
	prior on k: chi with 1.250000 degrees of freedom and inf scale
	power and base for tree prior: 2.000000 0.950000
	use quantiles for rule cut points: false
	proposal probabilities: birth/death 0.50, swap 0.10, change 0.40; birth 0.50
data:
	number of training observations: 7575
	number of test observations: 0
	number of explanatory variables: 15

Cutoff rules c in x<=c vs x>c
Number of cutoffs: (var: number of possible c):
(1: 100) (2: 100) (3: 100) (4: 100) (5: 100) 
(6: 100) (7: 100) (8: 100) (9: 100) (10: 100) 
(11: 100) (12: 100) (13: 100) (14: 100) (15: 100) 


   [*---------] 10% | ET: 42.9s 
   [**--------] 20% | ET: 92.2s 
   [***-------] 30% | ET: 141.1s 
   [****------] 40% | ET: 191.4s 
   [*****-----] 50% | ET: 241.1s 
   [******----] 60% | ET: 292.8s 
   [*******---] 70% | ET: 342.6s 
   [********--] 80% | ET: 394.2s 
   [*********-] 90% | ET: 444.2s 
   [**********] 100% | ET: 494s 

--- IF for proposed nonparametric estimator computed --- ET: 1487.4 seconds
--- Estimator computed: mu --- ET: 0.2 seconds --- 
--- Estimator computed: mu_1 --- ET: 0.2 seconds --- 
--- Estimator computed: mu_0 --- ET: 0.2 seconds --- 
--- Estimator computed: de --- ET: 0.2 seconds --- 
--- Estimator computed: oe --- ET: 0.2 seconds --- 
--- Estimator computed: se_1 --- ET: 0.2 seconds --- 
--- Estimator computed: se_0 --- ET: 0.2 seconds --- 
--- Total run time: 1491.7 seconds --- 
--- Total run time: 1496.2 seconds --- 
###################################################
### Job finished at Thu Jun  5 16:11:28 EDT 2025 ###
###################################################
