##############################################################
### Job started at Thu Jun  5 14:57:57 EDT 2025 with m=200, r=100, n=4 ###
##############################################################

Attaching package: ‘dplyr’

The following objects are masked from ‘package:stats’:

    filter, lag

The following objects are masked from ‘package:base’:

    intersect, setdiff, setequal, union

Loading required package: foreach
Loading required package: iterators
Loading required package: parallel

 randomForestSRC 3.2.2 
 
 Type rfsrc.news() to see new features, changes, and bug fixes. 
 

[conflicted] Will prefer dplyr::select over any other package.
[conflicted] Will prefer dplyr::filter over any other package.
[conflicted] Will prefer reshape2::melt over any other package.
── Attaching core tidyverse packages ──────────────────────── tidyverse 2.0.0 ──
✔ forcats   1.0.0     ✔ readr     2.1.4
✔ ggplot2   3.5.2     ✔ stringr   1.5.1
✔ lubridate 1.9.3     ✔ tibble    3.2.1
✔ purrr     0.3.5     ✔ tidyr     1.2.1
Loading required package: Matrix

Attaching package: ‘Matrix’

The following objects are masked from ‘package:tidyr’:

    expand, pack, unpack


==========================================================================
===========================   Analysis setting  ==========================
==========================================================================

- taus: 0.2 

- policy: TypeB 

- thetas: 0.3, 0.4, 0.5, 0.6, 0.7 

- r: 100 

- K: 2 

- Nuisance estimation method: T nonpara / C nonpara / A nonpara 

- m: 200 

- N_total: 15096 

- cluster size dist'n: 
 50  51  52  53  54  55  56  57  58  59  60  61  62  63  64  65  66  67  68  69 
  4   5   5   5   5   6   3   4   1   3   3   3   3   5   4   2   3   2   4   2 
 70  71  72  73  74  75  76  77  78  79  80  81  82  83  84  85  86  87  88  89 
  4   4   2   1   5   6   5   7   4   4   4   2   6   5   2   2   5   6   7   1 
 90  91  92  93  94  95  96  97  98  99 100 
  5   5   4   4   6   3   3   1   5   8   2 

 - observed time summary: 
   Min. 1st Qu.  Median    Mean 3rd Qu.    Max. 
0.00000 0.02205 0.18732 0.54584 0.70903 8.79836 

 - event indicator table: 
   0    1 
6194 8902 

 - event time summary: 
   Min. 1st Qu.  Median    Mean 3rd Qu.    Max. 
0.00000 0.01591 0.15944 0.52241 0.65492 8.79836 

 - censoring time summary: 
   Min. 1st Qu.  Median    Mean 3rd Qu.    Max. 
0.00000 0.03335 0.23086 0.57950 0.76597 8.25021 

 - treatment indicator table: 
   0    1 
8256 6840 

==========================================================================
===========================   Estimation start  ==========================
==========================================================================

--- Split:1 ---

Running BART with binary y

number of trees: 25
number of chains: 1, number of threads 1
tree thinning rate: 1
Prior:
	prior on k: chi with 1.250000 degrees of freedom and inf scale
	power and base for tree prior: 2.000000 0.950000
	use quantiles for rule cut points: false
	proposal probabilities: birth/death 0.50, swap 0.10, change 0.40; birth 0.50
data:
	number of training observations: 7546
	number of test observations: 0
	number of explanatory variables: 15

Cutoff rules c in x<=c vs x>c
Number of cutoffs: (var: number of possible c):
(1: 100) (2: 100) (3: 100) (4: 100) (5: 100) 
(6: 100) (7: 100) (8: 100) (9: 100) (10: 100) 
(11: 100) (12: 100) (13: 100) (14: 100) (15: 100) 


   [*---------] 10% | ET: 31.9s 
   [**--------] 20% | ET: 67.6s 
   [***-------] 30% | ET: 103.7s 
   [****------] 40% | ET: 138.7s 
   [*****-----] 50% | ET: 173.8s 
   [******----] 60% | ET: 210.5s 
   [*******---] 70% | ET: 246.8s 
   [********--] 80% | ET: 283.3s 
   [*********-] 90% | ET: 319.2s 
   [**********] 100% | ET: 355.9s 

--- Split:2 ---

Running BART with binary y

number of trees: 25
number of chains: 1, number of threads 1
tree thinning rate: 1
Prior:
	prior on k: chi with 1.250000 degrees of freedom and inf scale
	power and base for tree prior: 2.000000 0.950000
	use quantiles for rule cut points: false
	proposal probabilities: birth/death 0.50, swap 0.10, change 0.40; birth 0.50
data:
	number of training observations: 7550
	number of test observations: 0
	number of explanatory variables: 15

Cutoff rules c in x<=c vs x>c
Number of cutoffs: (var: number of possible c):
(1: 100) (2: 100) (3: 100) (4: 100) (5: 100) 
(6: 100) (7: 100) (8: 100) (9: 100) (10: 100) 
(11: 100) (12: 100) (13: 100) (14: 100) (15: 100) 


   [*---------] 10% | ET: 33s 
   [**--------] 20% | ET: 68.6s 
   [***-------] 30% | ET: 105.1s 
   [****------] 40% | ET: 140.1s 
   [*****-----] 50% | ET: 176.8s 
   [******----] 60% | ET: 212.2s 
   [*******---] 70% | ET: 247.2s 
   [********--] 80% | ET: 282.8s 
   [*********-] 90% | ET: 319s 
   [**********] 100% | ET: 355.5s 

--- IF for proposed nonparametric estimator computed --- ET: 1001.1 seconds
--- Estimator computed: mu --- ET: 0.1 seconds --- 
--- Estimator computed: mu_1 --- ET: 0.1 seconds --- 
--- Estimator computed: mu_0 --- ET: 0.1 seconds --- 
--- Estimator computed: de --- ET: 0.1 seconds --- 
--- Estimator computed: oe --- ET: 0.1 seconds --- 
--- Estimator computed: se_1 --- ET: 0.1 seconds --- 
--- Estimator computed: se_0 --- ET: 0.1 seconds --- 
--- Total run time: 1004.4 seconds --- 
--- Total run time: 1007.8 seconds --- 
###################################################
### Job finished at Thu Jun  5 15:14:45 EDT 2025 ###
###################################################
