##############################################################
### Job started at Thu Jun  5 20:15:19 EDT 2025 with m=200, r=100, n=4 ###
##############################################################

Attaching package: ‘dplyr’

The following objects are masked from ‘package:stats’:

    filter, lag

The following objects are masked from ‘package:base’:

    intersect, setdiff, setequal, union

Loading required package: foreach
Loading required package: iterators
Loading required package: parallel

 randomForestSRC 3.2.2 
 
 Type rfsrc.news() to see new features, changes, and bug fixes. 
 

[conflicted] Will prefer dplyr::select over any other package.
[conflicted] Will prefer dplyr::filter over any other package.
[conflicted] Will prefer reshape2::melt over any other package.
── Attaching core tidyverse packages ──────────────────────── tidyverse 2.0.0 ──
✔ forcats   1.0.0     ✔ readr     2.1.4
✔ ggplot2   3.5.2     ✔ stringr   1.5.1
✔ lubridate 1.9.3     ✔ tibble    3.2.1
✔ purrr     0.3.5     ✔ tidyr     1.2.1
Loading required package: Matrix

Attaching package: ‘Matrix’

The following objects are masked from ‘package:tidyr’:

    expand, pack, unpack


==========================================================================
===========================   Analysis setting  ==========================
==========================================================================

- taus: 0.2 

- policy: TypeB 

- thetas: 0.3, 0.4, 0.5, 0.6, 0.7 

- r: 100 

- K: 2 

- Nuisance estimation method: T nonpara / C nonpara / A nonpara 

- m: 200 

- N_total: 15160 

- cluster size dist'n: 
 50  51  52  53  54  55  56  57  58  59  60  61  62  63  65  66  67  68  69  70 
  2   2   5   6   6   3   3   6   1   4   3   5   4   6   8   5   2   5   3   4 
 71  72  73  74  75  76  77  78  79  80  81  82  83  84  85  86  87  88  89  90 
  3   1   3   6   1   1   3   4   4   3   4   7   5   5   1   5   2   4   6   6 
 91  92  93  94  95  96  97  98  99 100 
  6   3   1   4   5   5   3   8   2   6 

 - observed time summary: 
    Min.  1st Qu.   Median     Mean  3rd Qu.     Max. 
 0.00000  0.02569  0.21393  0.57424  0.76083 10.98152 

 - event indicator table: 
   0    1 
6288 8872 

 - event time summary: 
   Min. 1st Qu.  Median    Mean 3rd Qu.    Max. 
 0.0000  0.0184  0.1814  0.5362  0.7005 10.9815 

 - censoring time summary: 
    Min.  1st Qu.   Median     Mean  3rd Qu.     Max. 
 0.00000  0.03985  0.25916  0.62797  0.83798 10.71359 

 - treatment indicator table: 
   0    1 
7919 7241 

==========================================================================
===========================   Estimation start  ==========================
==========================================================================

--- Split:1 ---

Running BART with binary y

number of trees: 25
number of chains: 1, number of threads 1
tree thinning rate: 1
Prior:
	prior on k: chi with 1.250000 degrees of freedom and inf scale
	power and base for tree prior: 2.000000 0.950000
	use quantiles for rule cut points: false
	proposal probabilities: birth/death 0.50, swap 0.10, change 0.40; birth 0.50
data:
	number of training observations: 7486
	number of test observations: 0
	number of explanatory variables: 15

Cutoff rules c in x<=c vs x>c
Number of cutoffs: (var: number of possible c):
(1: 100) (2: 100) (3: 100) (4: 100) (5: 100) 
(6: 100) (7: 100) (8: 100) (9: 100) (10: 100) 
(11: 100) (12: 100) (13: 100) (14: 100) (15: 100) 


   [*---------] 10% | ET: 27.1s 
   [**--------] 20% | ET: 57.1s 
   [***-------] 30% | ET: 87.8s 
   [****------] 40% | ET: 117.1s 
   [*****-----] 50% | ET: 147.4s 
   [******----] 60% | ET: 176.2s 
   [*******---] 70% | ET: 206.3s 
   [********--] 80% | ET: 235s 
   [*********-] 90% | ET: 265.2s 
   [**********] 100% | ET: 294.6s 

--- Split:2 ---

Running BART with binary y

number of trees: 25
number of chains: 1, number of threads 1
tree thinning rate: 1
Prior:
	prior on k: chi with 1.250000 degrees of freedom and inf scale
	power and base for tree prior: 2.000000 0.950000
	use quantiles for rule cut points: false
	proposal probabilities: birth/death 0.50, swap 0.10, change 0.40; birth 0.50
data:
	number of training observations: 7674
	number of test observations: 0
	number of explanatory variables: 15

Cutoff rules c in x<=c vs x>c
Number of cutoffs: (var: number of possible c):
(1: 100) (2: 100) (3: 100) (4: 100) (5: 100) 
(6: 100) (7: 100) (8: 100) (9: 100) (10: 100) 
(11: 100) (12: 100) (13: 100) (14: 100) (15: 100) 


   [*---------] 10% | ET: 29.4s 
   [**--------] 20% | ET: 61.3s 
   [***-------] 30% | ET: 91.5s 
   [****------] 40% | ET: 123s 
   [*****-----] 50% | ET: 156s 
   [******----] 60% | ET: 187.5s 
   [*******---] 70% | ET: 219.9s 
   [********--] 80% | ET: 252.9s 
   [*********-] 90% | ET: 284.7s 
   [**********] 100% | ET: 315.9s 

--- IF for proposed nonparametric estimator computed --- ET: 857.4 seconds
--- Estimator computed: mu --- ET: 0.1 seconds --- 
--- Estimator computed: mu_1 --- ET: 0.1 seconds --- 
--- Estimator computed: mu_0 --- ET: 0.1 seconds --- 
--- Estimator computed: de --- ET: 0.1 seconds --- 
--- Estimator computed: oe --- ET: 0.1 seconds --- 
--- Estimator computed: se_1 --- ET: 0.1 seconds --- 
--- Estimator computed: se_0 --- ET: 0.1 seconds --- 
--- Total run time: 860.1 seconds --- 
--- Total run time: 863.1 seconds --- 
###################################################
### Job finished at Thu Jun  5 20:29:42 EDT 2025 ###
###################################################
