##############################################################
### Job started at Thu Jun  5 16:22:26 EDT 2025 with m=200, r=100, n=4 ###
##############################################################

Attaching package: ‘dplyr’

The following objects are masked from ‘package:stats’:

    filter, lag

The following objects are masked from ‘package:base’:

    intersect, setdiff, setequal, union

Loading required package: foreach
Loading required package: iterators
Loading required package: parallel

 randomForestSRC 3.2.2 
 
 Type rfsrc.news() to see new features, changes, and bug fixes. 
 

[conflicted] Will prefer dplyr::select over any other package.
[conflicted] Will prefer dplyr::filter over any other package.
[conflicted] Will prefer reshape2::melt over any other package.
── Attaching core tidyverse packages ──────────────────────── tidyverse 2.0.0 ──
✔ forcats   1.0.0     ✔ readr     2.1.4
✔ ggplot2   3.5.2     ✔ stringr   1.5.1
✔ lubridate 1.9.3     ✔ tibble    3.2.1
✔ purrr     0.3.5     ✔ tidyr     1.2.1
Loading required package: Matrix

Attaching package: ‘Matrix’

The following objects are masked from ‘package:tidyr’:

    expand, pack, unpack


==========================================================================
===========================   Analysis setting  ==========================
==========================================================================

- taus: 0.2 

- policy: TypeB 

- thetas: 0.3, 0.4, 0.5, 0.6, 0.7 

- r: 100 

- K: 2 

- Nuisance estimation method: T nonpara / C nonpara / A nonpara 

- m: 200 

- N_total: 15284 

- cluster size dist'n: 
 50  51  52  53  54  55  56  57  58  59  60  61  62  63  64  65  66  67  68  69 
  2   5   5   2   2   4   1   4   3   6   5   3   4   1   5   6   3   4   1   3 
 70  71  72  73  74  75  76  77  78  79  80  81  82  83  84  85  86  87  88  89 
  2   3   4   3   3  13   2   1   7   3   7   2   4   2   2   3   4   6   5   7 
 90  91  92  93  94  95  96  97  98  99 100 
  5   6   4   5   5   2   7   3   5   1   5 

 - observed time summary: 
    Min.  1st Qu.   Median     Mean  3rd Qu.     Max. 
 0.00000  0.02176  0.18951  0.53873  0.69428 10.77848 

 - event indicator table: 
   0    1 
6329 8955 

 - event time summary: 
    Min.  1st Qu.   Median     Mean  3rd Qu.     Max. 
 0.00000  0.01402  0.16035  0.50515  0.63475 10.77848 

 - censoring time summary: 
   Min. 1st Qu.  Median    Mean 3rd Qu.    Max. 
0.00000 0.03616 0.23694 0.58625 0.77918 7.16653 

 - treatment indicator table: 
   0    1 
8513 6771 

==========================================================================
===========================   Estimation start  ==========================
==========================================================================

--- Split:1 ---

Running BART with binary y

number of trees: 25
number of chains: 1, number of threads 1
tree thinning rate: 1
Prior:
	prior on k: chi with 1.250000 degrees of freedom and inf scale
	power and base for tree prior: 2.000000 0.950000
	use quantiles for rule cut points: false
	proposal probabilities: birth/death 0.50, swap 0.10, change 0.40; birth 0.50
data:
	number of training observations: 7745
	number of test observations: 0
	number of explanatory variables: 15

Cutoff rules c in x<=c vs x>c
Number of cutoffs: (var: number of possible c):
(1: 100) (2: 100) (3: 100) (4: 100) (5: 100) 
(6: 100) (7: 100) (8: 100) (9: 100) (10: 100) 
(11: 100) (12: 100) (13: 100) (14: 100) (15: 100) 


   [*---------] 10% | ET: 50.2s 
   [**--------] 20% | ET: 105.3s 
   [***-------] 30% | ET: 159.5s 
   [****------] 40% | ET: 217.4s 
   [*****-----] 50% | ET: 277.3s 
   [******----] 60% | ET: 334.5s 
   [*******---] 70% | ET: 391.1s 
   [********--] 80% | ET: 453.7s 
   [*********-] 90% | ET: 512.1s 
   [**********] 100% | ET: 570.4s 

--- Split:2 ---

Running BART with binary y

number of trees: 25
number of chains: 1, number of threads 1
tree thinning rate: 1
Prior:
	prior on k: chi with 1.250000 degrees of freedom and inf scale
	power and base for tree prior: 2.000000 0.950000
	use quantiles for rule cut points: false
	proposal probabilities: birth/death 0.50, swap 0.10, change 0.40; birth 0.50
data:
	number of training observations: 7539
	number of test observations: 0
	number of explanatory variables: 15

Cutoff rules c in x<=c vs x>c
Number of cutoffs: (var: number of possible c):
(1: 100) (2: 100) (3: 100) (4: 100) (5: 100) 
(6: 100) (7: 100) (8: 100) (9: 100) (10: 100) 
(11: 100) (12: 100) (13: 100) (14: 100) (15: 100) 


   [*---------] 10% | ET: 60.1s 
   [**--------] 20% | ET: 119.8s 
   [***-------] 30% | ET: 180.6s 
   [****------] 40% | ET: 240.4s 
   [*****-----] 50% | ET: 301.8s 
   [******----] 60% | ET: 362.6s 
   [*******---] 70% | ET: 424.1s 
   [********--] 80% | ET: 486.6s 
   [*********-] 90% | ET: 545.3s 
   [**********] 100% | ET: 607.1s 

--- IF for proposed nonparametric estimator computed --- ET: 1728.7 seconds
--- Estimator computed: mu --- ET: 0.2 seconds --- 
--- Estimator computed: mu_1 --- ET: 0.2 seconds --- 
--- Estimator computed: mu_0 --- ET: 0.2 seconds --- 
--- Estimator computed: de --- ET: 0.2 seconds --- 
--- Estimator computed: oe --- ET: 0.2 seconds --- 
--- Estimator computed: se_1 --- ET: 0.2 seconds --- 
--- Estimator computed: se_0 --- ET: 0.2 seconds --- 
--- Total run time: 1733.5 seconds --- 
--- Total run time: 1738 seconds --- 
###################################################
### Job finished at Thu Jun  5 16:51:25 EDT 2025 ###
###################################################
