##############################################################
### Job started at Thu Jun  5 20:18:52 EDT 2025 with m=200, r=100, n=4 ###
##############################################################

Attaching package: ‘dplyr’

The following objects are masked from ‘package:stats’:

    filter, lag

The following objects are masked from ‘package:base’:

    intersect, setdiff, setequal, union

Loading required package: foreach
Loading required package: iterators
Loading required package: parallel

 randomForestSRC 3.2.2 
 
 Type rfsrc.news() to see new features, changes, and bug fixes. 
 

[conflicted] Will prefer dplyr::select over any other package.
[conflicted] Will prefer dplyr::filter over any other package.
[conflicted] Will prefer reshape2::melt over any other package.
── Attaching core tidyverse packages ──────────────────────── tidyverse 2.0.0 ──
✔ forcats   1.0.0     ✔ readr     2.1.4
✔ ggplot2   3.5.2     ✔ stringr   1.5.1
✔ lubridate 1.9.3     ✔ tibble    3.2.1
✔ purrr     0.3.5     ✔ tidyr     1.2.1
Loading required package: Matrix

Attaching package: ‘Matrix’

The following objects are masked from ‘package:tidyr’:

    expand, pack, unpack


==========================================================================
===========================   Analysis setting  ==========================
==========================================================================

- taus: 0.2 

- policy: TypeB 

- thetas: 0.3, 0.4, 0.5, 0.6, 0.7 

- r: 100 

- K: 2 

- Nuisance estimation method: T nonpara / C nonpara / A nonpara 

- m: 200 

- N_total: 15139 

- cluster size dist'n: 
 50  51  52  53  54  55  56  57  58  59  60  61  62  63  64  65  66  67  68  69 
  4   2   5   1   7   4   5   3   8   2   2   4   3   4   6   4   1   2   5   3 
 70  71  72  73  74  75  76  77  78  79  80  81  82  83  84  85  86  87  88  89 
  4   4   3   6   4   3   5   2   3   6   2   1   4   3   5   3   4   7   8   6 
 90  91  92  94  95  96  97  98  99 100 
  4   1   3   4   4   5   5   3   7   6 

 - observed time summary: 
   Min. 1st Qu.  Median    Mean 3rd Qu.    Max. 
0.00000 0.02074 0.18469 0.52766 0.68994 9.16484 

 - event indicator table: 
   0    1 
6408 8731 

 - event time summary: 
   Min. 1st Qu.  Median    Mean 3rd Qu.    Max. 
0.00000 0.01417 0.15753 0.49617 0.62955 9.16484 

 - censoring time summary: 
   Min. 1st Qu.  Median    Mean 3rd Qu.    Max. 
0.00000 0.03194 0.23174 0.57057 0.75080 9.14487 

 - treatment indicator table: 
   0    1 
8395 6744 

==========================================================================
===========================   Estimation start  ==========================
==========================================================================

--- Split:1 ---

Running BART with binary y

number of trees: 25
number of chains: 1, number of threads 1
tree thinning rate: 1
Prior:
	prior on k: chi with 1.250000 degrees of freedom and inf scale
	power and base for tree prior: 2.000000 0.950000
	use quantiles for rule cut points: false
	proposal probabilities: birth/death 0.50, swap 0.10, change 0.40; birth 0.50
data:
	number of training observations: 7584
	number of test observations: 0
	number of explanatory variables: 15

Cutoff rules c in x<=c vs x>c
Number of cutoffs: (var: number of possible c):
(1: 100) (2: 100) (3: 100) (4: 100) (5: 100) 
(6: 100) (7: 100) (8: 100) (9: 100) (10: 100) 
(11: 100) (12: 100) (13: 100) (14: 100) (15: 100) 


   [*---------] 10% | ET: 53.6s 
   [**--------] 20% | ET: 111.1s 
   [***-------] 30% | ET: 170.1s 
   [****------] 40% | ET: 227.7s 
   [*****-----] 50% | ET: 286.2s 
   [******----] 60% | ET: 345.1s 
   [*******---] 70% | ET: 403.1s 
   [********--] 80% | ET: 455.5s 
   [*********-] 90% | ET: 510.9s 
   [**********] 100% | ET: 564.3s 

--- Split:2 ---

Running BART with binary y

number of trees: 25
number of chains: 1, number of threads 1
tree thinning rate: 1
Prior:
	prior on k: chi with 1.250000 degrees of freedom and inf scale
	power and base for tree prior: 2.000000 0.950000
	use quantiles for rule cut points: false
	proposal probabilities: birth/death 0.50, swap 0.10, change 0.40; birth 0.50
data:
	number of training observations: 7555
	number of test observations: 0
	number of explanatory variables: 15

Cutoff rules c in x<=c vs x>c
Number of cutoffs: (var: number of possible c):
(1: 100) (2: 100) (3: 100) (4: 100) (5: 100) 
(6: 100) (7: 100) (8: 100) (9: 100) (10: 100) 
(11: 100) (12: 100) (13: 100) (14: 100) (15: 100) 


   [*---------] 10% | ET: 53.1s 
   [**--------] 20% | ET: 114.8s 
   [***-------] 30% | ET: 175s 
   [****------] 40% | ET: 236.6s 
   [*****-----] 50% | ET: 301s 
   [******----] 60% | ET: 364.8s 
   [*******---] 70% | ET: 427.7s 
   [********--] 80% | ET: 489.4s 
   [*********-] 90% | ET: 549.4s 
   [**********] 100% | ET: 609.7s 

--- IF for proposed nonparametric estimator computed --- ET: 1590.2 seconds
--- Estimator computed: mu --- ET: 0.2 seconds --- 
--- Estimator computed: mu_1 --- ET: 0.2 seconds --- 
--- Estimator computed: mu_0 --- ET: 0.2 seconds --- 
--- Estimator computed: de --- ET: 0.2 seconds --- 
--- Estimator computed: oe --- ET: 0.2 seconds --- 
--- Estimator computed: se_1 --- ET: 0.2 seconds --- 
--- Estimator computed: se_0 --- ET: 0.2 seconds --- 
--- Total run time: 1595.3 seconds --- 
--- Total run time: 1600.9 seconds --- 
###################################################
### Job finished at Thu Jun  5 20:45:34 EDT 2025 ###
###################################################
