##############################################################
### Job started at Thu Jun  5 15:52:05 EDT 2025 with m=200, r=100, n=4 ###
##############################################################

Attaching package: ‘dplyr’

The following objects are masked from ‘package:stats’:

    filter, lag

The following objects are masked from ‘package:base’:

    intersect, setdiff, setequal, union

Loading required package: foreach
Loading required package: iterators
Loading required package: parallel

 randomForestSRC 3.2.2 
 
 Type rfsrc.news() to see new features, changes, and bug fixes. 
 

[conflicted] Will prefer dplyr::select over any other package.
[conflicted] Will prefer dplyr::filter over any other package.
[conflicted] Will prefer reshape2::melt over any other package.
── Attaching core tidyverse packages ──────────────────────── tidyverse 2.0.0 ──
✔ forcats   1.0.0     ✔ readr     2.1.4
✔ ggplot2   3.5.2     ✔ stringr   1.5.1
✔ lubridate 1.9.3     ✔ tibble    3.2.1
✔ purrr     0.3.5     ✔ tidyr     1.2.1
Loading required package: Matrix

Attaching package: ‘Matrix’

The following objects are masked from ‘package:tidyr’:

    expand, pack, unpack


==========================================================================
===========================   Analysis setting  ==========================
==========================================================================

- taus: 0.2 

- policy: TypeB 

- thetas: 0.3, 0.4, 0.5, 0.6, 0.7 

- r: 100 

- K: 2 

- Nuisance estimation method: T nonpara / C nonpara / A nonpara 

- m: 200 

- N_total: 15122 

- cluster size dist'n: 
 50  51  53  54  55  56  57  58  59  60  61  62  63  64  65  66  67  68  69  70 
  5   4   4   3   3   3   2   8   4   2   3   4   6   1   1   4   6   8   3   3 
 71  72  73  74  75  76  77  78  79  80  81  82  83  84  85  86  87  88  89  90 
  2   3   3   7   6   5   5   3   4   4   7   1   2   3   8   6   7   5   1   3 
 91  92  93  94  96  97  98  99 100 
  4   6   5   5   4   5   3   3   3 

 - observed time summary: 
   Min. 1st Qu.  Median    Mean 3rd Qu.    Max. 
0.00000 0.02051 0.18891 0.54155 0.71274 8.45283 

 - event indicator table: 
   0    1 
6227 8895 

 - event time summary: 
   Min. 1st Qu.  Median    Mean 3rd Qu.    Max. 
0.00000 0.01408 0.16014 0.50593 0.65060 8.36680 

 - censoring time summary: 
   Min. 1st Qu.  Median    Mean 3rd Qu.    Max. 
0.00000 0.03297 0.22871 0.59244 0.79007 8.45283 

 - treatment indicator table: 
   0    1 
8351 6771 

==========================================================================
===========================   Estimation start  ==========================
==========================================================================

--- Split:1 ---

Running BART with binary y

number of trees: 25
number of chains: 1, number of threads 1
tree thinning rate: 1
Prior:
	prior on k: chi with 1.250000 degrees of freedom and inf scale
	power and base for tree prior: 2.000000 0.950000
	use quantiles for rule cut points: false
	proposal probabilities: birth/death 0.50, swap 0.10, change 0.40; birth 0.50
data:
	number of training observations: 7665
	number of test observations: 0
	number of explanatory variables: 15

Cutoff rules c in x<=c vs x>c
Number of cutoffs: (var: number of possible c):
(1: 100) (2: 100) (3: 100) (4: 100) (5: 100) 
(6: 100) (7: 100) (8: 100) (9: 100) (10: 100) 
(11: 100) (12: 100) (13: 100) (14: 100) (15: 100) 


   [*---------] 10% | ET: 30.4s 
   [**--------] 20% | ET: 65.5s 
   [***-------] 30% | ET: 99.2s 
   [****------] 40% | ET: 136.8s 
   [*****-----] 50% | ET: 173.7s 
   [******----] 60% | ET: 215.7s 
   [*******---] 70% | ET: 252.6s 
   [********--] 80% | ET: 289.5s 
   [*********-] 90% | ET: 324.3s 
   [**********] 100% | ET: 355.2s 

--- Split:2 ---

Running BART with binary y

number of trees: 25
number of chains: 1, number of threads 1
tree thinning rate: 1
Prior:
	prior on k: chi with 1.250000 degrees of freedom and inf scale
	power and base for tree prior: 2.000000 0.950000
	use quantiles for rule cut points: false
	proposal probabilities: birth/death 0.50, swap 0.10, change 0.40; birth 0.50
data:
	number of training observations: 7457
	number of test observations: 0
	number of explanatory variables: 15

Cutoff rules c in x<=c vs x>c
Number of cutoffs: (var: number of possible c):
(1: 100) (2: 100) (3: 100) (4: 100) (5: 100) 
(6: 100) (7: 100) (8: 100) (9: 100) (10: 100) 
(11: 100) (12: 100) (13: 100) (14: 100) (15: 100) 


   [*---------] 10% | ET: 34.6s 
   [**--------] 20% | ET: 74.3s 
   [***-------] 30% | ET: 110.6s 
   [****------] 40% | ET: 146.4s 
   [*****-----] 50% | ET: 181.9s 
   [******----] 60% | ET: 214.7s 
   [*******---] 70% | ET: 249.3s 
   [********--] 80% | ET: 283.6s 
   [*********-] 90% | ET: 317.8s 
   [**********] 100% | ET: 350.1s 

--- IF for proposed nonparametric estimator computed --- ET: 956.5 seconds
--- Estimator computed: mu --- ET: 0.1 seconds --- 
--- Estimator computed: mu_1 --- ET: 0.1 seconds --- 
--- Estimator computed: mu_0 --- ET: 0.1 seconds --- 
--- Estimator computed: de --- ET: 0.1 seconds --- 
--- Estimator computed: oe --- ET: 0.1 seconds --- 
--- Estimator computed: se_1 --- ET: 0.1 seconds --- 
--- Estimator computed: se_0 --- ET: 0.1 seconds --- 
--- Total run time: 959.5 seconds --- 
--- Total run time: 962.4 seconds --- 
###################################################
### Job finished at Thu Jun  5 16:08:08 EDT 2025 ###
###################################################
