##############################################################
### Job started at Thu Jun  5 20:49:22 EDT 2025 with m=200, r=100, n=4 ###
##############################################################

Attaching package: ‘dplyr’

The following objects are masked from ‘package:stats’:

    filter, lag

The following objects are masked from ‘package:base’:

    intersect, setdiff, setequal, union

Loading required package: foreach
Loading required package: iterators
Loading required package: parallel

 randomForestSRC 3.2.2 
 
 Type rfsrc.news() to see new features, changes, and bug fixes. 
 

[conflicted] Will prefer dplyr::select over any other package.
[conflicted] Will prefer dplyr::filter over any other package.
[conflicted] Will prefer reshape2::melt over any other package.
── Attaching core tidyverse packages ──────────────────────── tidyverse 2.0.0 ──
✔ forcats   1.0.0     ✔ readr     2.1.4
✔ ggplot2   3.5.2     ✔ stringr   1.5.1
✔ lubridate 1.9.3     ✔ tibble    3.2.1
✔ purrr     0.3.5     ✔ tidyr     1.2.1
Loading required package: Matrix

Attaching package: ‘Matrix’

The following objects are masked from ‘package:tidyr’:

    expand, pack, unpack


==========================================================================
===========================   Analysis setting  ==========================
==========================================================================

- taus: 0.2 

- policy: TypeB 

- thetas: 0.3, 0.4, 0.5, 0.6, 0.7 

- r: 100 

- K: 2 

- Nuisance estimation method: T nonpara / C nonpara / A nonpara 

- m: 200 

- N_total: 14942 

- cluster size dist'n: 
 50  51  52  53  54  55  56  57  58  59  60  61  62  63  64  65  66  67  68  69 
  4   5   4   5   4   2   3   4   4   6   6   5   3   5   4   3   4   7   3   4 
 70  71  72  73  74  75  76  77  78  79  80  81  82  83  85  86  87  88  89  90 
  1   1   4   2   4   4   6   3   5   4   5   3   4   5   3   6   6   4   2   4 
 91  92  93  94  95  96  97  98  99 100 
  3   1   5   4   4   5   3   4   6   4 

 - observed time summary: 
    Min.  1st Qu.   Median     Mean  3rd Qu.     Max. 
 0.00000  0.02227  0.19679  0.54839  0.71538 10.54121 

 - event indicator table: 
   0    1 
6115 8827 

 - event time summary: 
    Min.  1st Qu.   Median     Mean  3rd Qu.     Max. 
 0.00000  0.01629  0.16437  0.50700  0.65541 10.53957 

 - censoring time summary: 
   Min. 1st Qu.  Median    Mean 3rd Qu.    Max. 
 0.0000  0.0347  0.2504  0.6081  0.8186 10.5412 

 - treatment indicator table: 
   0    1 
8113 6829 

==========================================================================
===========================   Estimation start  ==========================
==========================================================================

--- Split:1 ---

Running BART with binary y

number of trees: 25
number of chains: 1, number of threads 1
tree thinning rate: 1
Prior:
	prior on k: chi with 1.250000 degrees of freedom and inf scale
	power and base for tree prior: 2.000000 0.950000
	use quantiles for rule cut points: false
	proposal probabilities: birth/death 0.50, swap 0.10, change 0.40; birth 0.50
data:
	number of training observations: 7313
	number of test observations: 0
	number of explanatory variables: 15

Cutoff rules c in x<=c vs x>c
Number of cutoffs: (var: number of possible c):
(1: 100) (2: 100) (3: 100) (4: 100) (5: 100) 
(6: 100) (7: 100) (8: 100) (9: 100) (10: 100) 
(11: 100) (12: 100) (13: 100) (14: 100) (15: 100) 


   [*---------] 10% | ET: 30.6s 
   [**--------] 20% | ET: 63.1s 
   [***-------] 30% | ET: 98.1s 
   [****------] 40% | ET: 129.6s 
   [*****-----] 50% | ET: 165.7s 
   [******----] 60% | ET: 198.9s 
   [*******---] 70% | ET: 232.6s 
   [********--] 80% | ET: 271.4s 
   [*********-] 90% | ET: 307.8s 
   [**********] 100% | ET: 343.4s 

--- Split:2 ---

Running BART with binary y

number of trees: 25
number of chains: 1, number of threads 1
tree thinning rate: 1
Prior:
	prior on k: chi with 1.250000 degrees of freedom and inf scale
	power and base for tree prior: 2.000000 0.950000
	use quantiles for rule cut points: false
	proposal probabilities: birth/death 0.50, swap 0.10, change 0.40; birth 0.50
data:
	number of training observations: 7629
	number of test observations: 0
	number of explanatory variables: 15

Cutoff rules c in x<=c vs x>c
Number of cutoffs: (var: number of possible c):
(1: 100) (2: 100) (3: 100) (4: 100) (5: 100) 
(6: 100) (7: 100) (8: 100) (9: 100) (10: 100) 
(11: 100) (12: 100) (13: 100) (14: 100) (15: 100) 


   [*---------] 10% | ET: 32.7s 
   [**--------] 20% | ET: 67.8s 
   [***-------] 30% | ET: 105.7s 
   [****------] 40% | ET: 144s 
   [*****-----] 50% | ET: 181.5s 
   [******----] 60% | ET: 218s 
   [*******---] 70% | ET: 260.2s 
   [********--] 80% | ET: 297.6s 
   [*********-] 90% | ET: 336.5s 
   [**********] 100% | ET: 376.9s 

--- IF for proposed nonparametric estimator computed --- ET: 961.9 seconds
--- Estimator computed: mu --- ET: 0.1 seconds --- 
--- Estimator computed: mu_1 --- ET: 0.1 seconds --- 
--- Estimator computed: mu_0 --- ET: 0.1 seconds --- 
--- Estimator computed: de --- ET: 0.1 seconds --- 
--- Estimator computed: oe --- ET: 0.1 seconds --- 
--- Estimator computed: se_1 --- ET: 0.1 seconds --- 
--- Estimator computed: se_0 --- ET: 0.1 seconds --- 
--- Total run time: 964.9 seconds --- 
--- Total run time: 968 seconds --- 
###################################################
### Job finished at Thu Jun  5 21:05:34 EDT 2025 ###
###################################################
