##############################################################
### Job started at Thu Jun  5 20:40:43 EDT 2025 with m=200, r=100, n=4 ###
##############################################################

Attaching package: ‘dplyr’

The following objects are masked from ‘package:stats’:

    filter, lag

The following objects are masked from ‘package:base’:

    intersect, setdiff, setequal, union

Loading required package: foreach
Loading required package: iterators
Loading required package: parallel

 randomForestSRC 3.2.2 
 
 Type rfsrc.news() to see new features, changes, and bug fixes. 
 

[conflicted] Will prefer dplyr::select over any other package.
[conflicted] Will prefer dplyr::filter over any other package.
[conflicted] Will prefer reshape2::melt over any other package.
── Attaching core tidyverse packages ──────────────────────── tidyverse 2.0.0 ──
✔ forcats   1.0.0     ✔ readr     2.1.4
✔ ggplot2   3.5.2     ✔ stringr   1.5.1
✔ lubridate 1.9.3     ✔ tibble    3.2.1
✔ purrr     0.3.5     ✔ tidyr     1.2.1
Loading required package: Matrix

Attaching package: ‘Matrix’

The following objects are masked from ‘package:tidyr’:

    expand, pack, unpack


==========================================================================
===========================   Analysis setting  ==========================
==========================================================================

- taus: 0.2 

- policy: TypeB 

- thetas: 0.3, 0.4, 0.5, 0.6, 0.7 

- r: 100 

- K: 2 

- Nuisance estimation method: T nonpara / C nonpara / A nonpara 

- m: 200 

- N_total: 14834 

- cluster size dist'n: 
 50  51  52  53  54  55  56  57  58  59  60  61  62  63  64  65  66  67  68  69 
  6   5   3   3   3   8   7   2   5   4   3   7   2   6   2   3   3   4   2   4 
 70  71  72  73  74  75  76  77  78  79  80  81  82  83  84  85  86  87  88  89 
  6   1   4   6   5   2   3   4   2   1   5   5   5   7   6   7   2   2   2   2 
 90  91  92  93  94  95  96  97  98  99 100 
  2   2   1   5   4   8   3   5   3   5   3 

 - observed time summary: 
    Min.  1st Qu.   Median     Mean  3rd Qu.     Max. 
 0.00000  0.02315  0.19383  0.55994  0.74776 11.40551 

 - event indicator table: 
   0    1 
6172 8662 

 - event time summary: 
   Min. 1st Qu.  Median    Mean 3rd Qu.    Max. 
0.00000 0.01675 0.16452 0.52171 0.66852 8.47100 

 - censoring time summary: 
   Min. 1st Qu.  Median    Mean 3rd Qu.    Max. 
 0.0000  0.0364  0.2439  0.6136  0.8352 11.4055 

 - treatment indicator table: 
   0    1 
7968 6866 

==========================================================================
===========================   Estimation start  ==========================
==========================================================================

--- Split:1 ---

Running BART with binary y

number of trees: 25
number of chains: 1, number of threads 1
tree thinning rate: 1
Prior:
	prior on k: chi with 1.250000 degrees of freedom and inf scale
	power and base for tree prior: 2.000000 0.950000
	use quantiles for rule cut points: false
	proposal probabilities: birth/death 0.50, swap 0.10, change 0.40; birth 0.50
data:
	number of training observations: 7457
	number of test observations: 0
	number of explanatory variables: 15

Cutoff rules c in x<=c vs x>c
Number of cutoffs: (var: number of possible c):
(1: 100) (2: 100) (3: 100) (4: 100) (5: 100) 
(6: 100) (7: 100) (8: 100) (9: 100) (10: 100) 
(11: 100) (12: 100) (13: 100) (14: 100) (15: 100) 


   [*---------] 10% | ET: 26.6s 
   [**--------] 20% | ET: 55.4s 
   [***-------] 30% | ET: 84.6s 
   [****------] 40% | ET: 113.3s 
   [*****-----] 50% | ET: 142.2s 
   [******----] 60% | ET: 170.8s 
   [*******---] 70% | ET: 199.2s 
   [********--] 80% | ET: 228s 
   [*********-] 90% | ET: 257.7s 
   [**********] 100% | ET: 285.9s 

--- Split:2 ---

Running BART with binary y

number of trees: 25
number of chains: 1, number of threads 1
tree thinning rate: 1
Prior:
	prior on k: chi with 1.250000 degrees of freedom and inf scale
	power and base for tree prior: 2.000000 0.950000
	use quantiles for rule cut points: false
	proposal probabilities: birth/death 0.50, swap 0.10, change 0.40; birth 0.50
data:
	number of training observations: 7377
	number of test observations: 0
	number of explanatory variables: 15

Cutoff rules c in x<=c vs x>c
Number of cutoffs: (var: number of possible c):
(1: 100) (2: 100) (3: 100) (4: 100) (5: 100) 
(6: 100) (7: 100) (8: 100) (9: 100) (10: 100) 
(11: 100) (12: 100) (13: 100) (14: 100) (15: 100) 


   [*---------] 10% | ET: 26.1s 
   [**--------] 20% | ET: 54.9s 
   [***-------] 30% | ET: 84s 
   [****------] 40% | ET: 112.5s 
   [*****-----] 50% | ET: 141.7s 
   [******----] 60% | ET: 170.3s 
   [*******---] 70% | ET: 199.6s 
   [********--] 80% | ET: 229.2s 
   [*********-] 90% | ET: 258.2s 
   [**********] 100% | ET: 286.7s 

--- IF for proposed nonparametric estimator computed --- ET: 805.8 seconds
--- Estimator computed: mu --- ET: 0.1 seconds --- 
--- Estimator computed: mu_1 --- ET: 0.1 seconds --- 
--- Estimator computed: mu_0 --- ET: 0.1 seconds --- 
--- Estimator computed: de --- ET: 0.1 seconds --- 
--- Estimator computed: oe --- ET: 0.1 seconds --- 
--- Estimator computed: se_1 --- ET: 0.1 seconds --- 
--- Estimator computed: se_0 --- ET: 0.1 seconds --- 
--- Total run time: 808.5 seconds --- 
--- Total run time: 811.4 seconds --- 
###################################################
### Job finished at Thu Jun  5 20:54:15 EDT 2025 ###
###################################################
