##############################################################
### Job started at Thu Jun  5 18:27:33 EDT 2025 with m=200, r=100, n=4 ###
##############################################################

Attaching package: ‘dplyr’

The following objects are masked from ‘package:stats’:

    filter, lag

The following objects are masked from ‘package:base’:

    intersect, setdiff, setequal, union

Loading required package: foreach
Loading required package: iterators
Loading required package: parallel

 randomForestSRC 3.2.2 
 
 Type rfsrc.news() to see new features, changes, and bug fixes. 
 

[conflicted] Will prefer dplyr::select over any other package.
[conflicted] Will prefer dplyr::filter over any other package.
[conflicted] Will prefer reshape2::melt over any other package.
── Attaching core tidyverse packages ──────────────────────── tidyverse 2.0.0 ──
✔ forcats   1.0.0     ✔ readr     2.1.4
✔ ggplot2   3.5.2     ✔ stringr   1.5.1
✔ lubridate 1.9.3     ✔ tibble    3.2.1
✔ purrr     0.3.5     ✔ tidyr     1.2.1
Loading required package: Matrix

Attaching package: ‘Matrix’

The following objects are masked from ‘package:tidyr’:

    expand, pack, unpack


==========================================================================
===========================   Analysis setting  ==========================
==========================================================================

- taus: 0.2 

- policy: TypeB 

- thetas: 0.3, 0.4, 0.5, 0.6, 0.7 

- r: 100 

- K: 2 

- Nuisance estimation method: T nonpara / C nonpara / A nonpara 

- m: 200 

- N_total: 15062 

- cluster size dist'n: 
 50  51  52  53  54  56  57  58  59  60  61  62  63  64  65  66  67  68  69  70 
  4   6   4   2   5   3   6   5   3   1   5   3   5   6   8   3   2   2   2   8 
 71  72  73  74  75  76  77  78  79  80  81  82  83  84  85  86  87  88  89  90 
  3   2   5   4   5   2   4   4   4   6   5   3   4   3   2   3   4   3   4   4 
 91  92  93  94  95  96  97  98  99 100 
  2   4   2  10   7   3   4   3   4   4 

 - observed time summary: 
    Min.  1st Qu.   Median     Mean  3rd Qu.     Max. 
 0.00000  0.02433  0.19978  0.56431  0.73104 12.45593 

 - event indicator table: 
   0    1 
6089 8973 

 - event time summary: 
    Min.  1st Qu.   Median     Mean  3rd Qu.     Max. 
 0.00000  0.01605  0.16944  0.52343  0.65988 12.45593 

 - censoring time summary: 
    Min.  1st Qu.   Median     Mean  3rd Qu.     Max. 
 0.00000  0.03926  0.24832  0.62457  0.82131 11.35212 

 - treatment indicator table: 
   0    1 
7908 7154 

==========================================================================
===========================   Estimation start  ==========================
==========================================================================

--- Split:1 ---

Running BART with binary y

number of trees: 25
number of chains: 1, number of threads 1
tree thinning rate: 1
Prior:
	prior on k: chi with 1.250000 degrees of freedom and inf scale
	power and base for tree prior: 2.000000 0.950000
	use quantiles for rule cut points: false
	proposal probabilities: birth/death 0.50, swap 0.10, change 0.40; birth 0.50
data:
	number of training observations: 7532
	number of test observations: 0
	number of explanatory variables: 15

Cutoff rules c in x<=c vs x>c
Number of cutoffs: (var: number of possible c):
(1: 100) (2: 100) (3: 100) (4: 100) (5: 100) 
(6: 100) (7: 100) (8: 100) (9: 100) (10: 100) 
(11: 100) (12: 100) (13: 100) (14: 100) (15: 100) 


   [*---------] 10% | ET: 30.2s 
   [**--------] 20% | ET: 61.8s 
   [***-------] 30% | ET: 92.5s 
   [****------] 40% | ET: 122.9s 
   [*****-----] 50% | ET: 153.9s 
   [******----] 60% | ET: 184.6s 
   [*******---] 70% | ET: 216.4s 
   [********--] 80% | ET: 246.8s 
   [*********-] 90% | ET: 275.2s 
   [**********] 100% | ET: 304.7s 

--- Split:2 ---

Running BART with binary y

number of trees: 25
number of chains: 1, number of threads 1
tree thinning rate: 1
Prior:
	prior on k: chi with 1.250000 degrees of freedom and inf scale
	power and base for tree prior: 2.000000 0.950000
	use quantiles for rule cut points: false
	proposal probabilities: birth/death 0.50, swap 0.10, change 0.40; birth 0.50
data:
	number of training observations: 7530
	number of test observations: 0
	number of explanatory variables: 15

Cutoff rules c in x<=c vs x>c
Number of cutoffs: (var: number of possible c):
(1: 100) (2: 100) (3: 100) (4: 100) (5: 100) 
(6: 100) (7: 100) (8: 100) (9: 100) (10: 100) 
(11: 100) (12: 100) (13: 100) (14: 100) (15: 100) 


   [*---------] 10% | ET: 29.7s 
   [**--------] 20% | ET: 62.1s 
   [***-------] 30% | ET: 93.7s 
   [****------] 40% | ET: 126.1s 
   [*****-----] 50% | ET: 158.4s 
   [******----] 60% | ET: 191.9s 
   [*******---] 70% | ET: 227.3s 
   [********--] 80% | ET: 259.9s 
   [*********-] 90% | ET: 294.5s 
   [**********] 100% | ET: 328.8s 

--- IF for proposed nonparametric estimator computed --- ET: 879.1 seconds
--- Estimator computed: mu --- ET: 0.1 seconds --- 
--- Estimator computed: mu_1 --- ET: 0.1 seconds --- 
--- Estimator computed: mu_0 --- ET: 0.1 seconds --- 
--- Estimator computed: de --- ET: 0.1 seconds --- 
--- Estimator computed: oe --- ET: 0.1 seconds --- 
--- Estimator computed: se_1 --- ET: 0.1 seconds --- 
--- Estimator computed: se_0 --- ET: 0.1 seconds --- 
--- Total run time: 881.7 seconds --- 
--- Total run time: 884.8 seconds --- 
###################################################
### Job finished at Thu Jun  5 18:42:19 EDT 2025 ###
###################################################
