##############################################################
### Job started at Thu Jun  5 14:04:48 EDT 2025 with p=TypeB, m=200, r=200, s=1 ###
##############################################################

Attaching package: ‘dplyr’

The following objects are masked from ‘package:stats’:

    filter, lag

The following objects are masked from ‘package:base’:

    intersect, setdiff, setequal, union

Loading required package: foreach
Loading required package: iterators
Loading required package: parallel

 randomForestSRC 3.2.2 
 
 Type rfsrc.news() to see new features, changes, and bug fixes. 
 

[conflicted] Will prefer dplyr::select over any other package.
[conflicted] Will prefer dplyr::filter over any other package.
[conflicted] Will prefer reshape2::melt over any other package.
── Attaching core tidyverse packages ──────────────────────── tidyverse 2.0.0 ──
✔ forcats   1.0.0     ✔ readr     2.1.4
✔ ggplot2   3.5.2     ✔ stringr   1.5.1
✔ lubridate 1.9.3     ✔ tibble    3.2.1
✔ purrr     0.3.5     ✔ tidyr     1.2.1
# A tibble: 42 × 4
   theta   tau estimand   truth
   <dbl> <dbl> <chr>      <dbl>
 1  0.3    0.2 de       -0.278 
 2  0.3    0.2 mu        0.439 
 3  0.3    0.2 mu_0      0.523 
 4  0.3    0.2 mu_1      0.245 
 5  0.3    0.2 oe        0.0719
 6  0.3    0.2 se_0      0.0331
 7  0.3    0.2 se_1      0.0265
 8  0.45   0.2 de       -0.272 
 9  0.45   0.2 mu        0.368 
10  0.45   0.2 mu_0      0.490 
11  0.45   0.2 mu_1      0.218 
12  0.45   0.2 oe        0     
13  0.45   0.2 se_0      0     
14  0.45   0.2 se_1      0     
15  0.6    0.2 de       -0.265 
16  0.6    0.2 mu        0.307 
17  0.6    0.2 mu_0      0.466 
18  0.6    0.2 mu_1      0.201 
19  0.6    0.2 oe       -0.0603
20  0.6    0.2 se_0     -0.0236
21  0.6    0.2 se_1     -0.0168
22  0.3    0.4 de       -0.263 
23  0.3    0.4 mu        0.543 
24  0.3    0.4 mu_0      0.622 
25  0.3    0.4 mu_1      0.358 
26  0.3    0.4 oe        0.0717
27  0.3    0.4 se_0      0.0325
28  0.3    0.4 se_1      0.0319
29  0.45   0.4 de       -0.263 
30  0.45   0.4 mu        0.471 
31  0.45   0.4 mu_0      0.589 
32  0.45   0.4 mu_1      0.326 
33  0.45   0.4 oe        0     
34  0.45   0.4 se_0      0     
35  0.45   0.4 se_1      0     
36  0.6    0.4 de       -0.259 
37  0.6    0.4 mu        0.410 
38  0.6    0.4 mu_0      0.566 
39  0.6    0.4 mu_1      0.307 
40  0.6    0.4 oe       -0.0606
41  0.6    0.4 se_0     -0.0235
42  0.6    0.4 se_1     -0.0198
Loading required package: Matrix

Attaching package: ‘Matrix’

The following objects are masked from ‘package:tidyr’:

    expand, pack, unpack


==========================================================================
===========================   Analysis setting  ==========================
==========================================================================

- taus: 0.1, 0.2, 0.3, 0.4, 0.5 

- policy: TypeB 

- thetas: 0.3, 0.31, 0.32, 0.33, 0.34, 0.35, 0.36, 0.37, 0.38, 0.39, 0.4, 0.41, 0.42, 0.43, 0.44, 0.45, 0.46, 0.47, 0.48, 0.49, 0.5, 0.51, 0.52, 0.53, 0.54, 0.55, 0.56, 0.57, 0.58, 0.59, 0.6 

- r: 200 

- K: 2 

- Nuisance estimation method: T nonpara / C nonpara / A nonpara 

- m: 200 

- N_total: 2509 

- cluster size dist'n: 
 5  6  7  8  9 10 11 12 13 14 15 16 17 18 19 20 
13 11 11 14 10 14 14 13 14 11  8 16 16 12 11 12 

 - observed time summary: 
    Min.  1st Qu.   Median     Mean  3rd Qu.     Max. 
 0.00000  0.02069  0.21158  0.62391  0.78429 11.51249 

 - event indicator table: 
   0    1 
1003 1506 

 - event time summary: 
   Min. 1st Qu.  Median    Mean 3rd Qu.    Max. 
0.00000 0.01241 0.16207 0.56454 0.70339 6.96770 

 - censoring time summary: 
    Min.  1st Qu.   Median     Mean  3rd Qu.     Max. 
 0.00000  0.04352  0.31471  0.71306  0.97188 11.51249 

 - treatment indicator table: 
   0    1 
1326 1183 

==========================================================================
===========================   Estimation start  ==========================
==========================================================================

--- Split:1 ---

Running BART with binary y

number of trees: 25
number of chains: 1, number of threads 1
tree thinning rate: 1
Prior:
	prior on k: chi with 1.250000 degrees of freedom and inf scale
	power and base for tree prior: 2.000000 0.950000
	use quantiles for rule cut points: false
	proposal probabilities: birth/death 0.50, swap 0.10, change 0.40; birth 0.50
data:
	number of training observations: 1288
	number of test observations: 0
	number of explanatory variables: 15

Cutoff rules c in x<=c vs x>c
Number of cutoffs: (var: number of possible c):
(1: 100) (2: 100) (3: 100) (4: 100) (5: 100) 
(6: 100) (7: 100) (8: 100) (9: 100) (10: 100) 
(11: 100) (12: 100) (13: 100) (14: 100) (15: 100) 


   [*---------] 10% | ET: 11.5s 
   [**--------] 20% | ET: 25.1s 
   [***-------] 30% | ET: 35s 
   [****------] 40% | ET: 48.5s 
   [*****-----] 50% | ET: 61s 
   [******----] 60% | ET: 74.3s 
   [*******---] 70% | ET: 88s 
   [********--] 80% | ET: 102.2s 
   [*********-] 90% | ET: 115.9s 
   [**********] 100% | ET: 128.2s 

--- Split:2 ---

Running BART with binary y

number of trees: 25
number of chains: 1, number of threads 1
tree thinning rate: 1
Prior:
	prior on k: chi with 1.250000 degrees of freedom and inf scale
	power and base for tree prior: 2.000000 0.950000
	use quantiles for rule cut points: false
	proposal probabilities: birth/death 0.50, swap 0.10, change 0.40; birth 0.50
data:
	number of training observations: 1221
	number of test observations: 0
	number of explanatory variables: 15

Cutoff rules c in x<=c vs x>c
Number of cutoffs: (var: number of possible c):
(1: 100) (2: 100) (3: 100) (4: 100) (5: 100) 
(6: 100) (7: 100) (8: 100) (9: 100) (10: 100) 
(11: 100) (12: 100) (13: 100) (14: 100) (15: 100) 


   [*---------] 10% | ET: 11.7s 
   [**--------] 20% | ET: 24.2s 
   [***-------] 30% | ET: 38.5s 
   [****------] 40% | ET: 51.5s 
   [*****-----] 50% | ET: 64.6s 
   [******----] 60% | ET: 76.3s 
   [*******---] 70% | ET: 90.3s 
   [********--] 80% | ET: 103.1s 
   [*********-] 90% | ET: 118.1s 
   [**********] 100% | ET: 132.7s 

--- IF for proposed nonparametric estimator computed --- ET: 277.1 seconds
--- Estimator computed: mu --- ET: 0.6 seconds --- 
--- Estimator computed: mu_1 --- ET: 0.6 seconds --- 
--- Estimator computed: mu_0 --- ET: 0.6 seconds --- 
--- Estimator computed: de --- ET: 0.6 seconds --- 
--- Estimator computed: oe --- ET: 0.7 seconds --- 
--- Estimator computed: se_1 --- ET: 0.6 seconds --- 
--- Estimator computed: se_0 --- ET: 0.6 seconds --- 
--- Total run time: 283.5 seconds --- 
--- Total run time: 296.4 seconds --- ###################################################
### Job finished at Thu Jun  5 14:09:45 EDT 2025 ###
###################################################
