##############################################################
### Job started at Thu Jun  5 13:46:55 EDT 2025 with p=TypeB, m=200, r=200, s=1 ###
##############################################################

Attaching package: ‘dplyr’

The following objects are masked from ‘package:stats’:

    filter, lag

The following objects are masked from ‘package:base’:

    intersect, setdiff, setequal, union

Loading required package: foreach
Loading required package: iterators
Loading required package: parallel

 randomForestSRC 3.2.2 
 
 Type rfsrc.news() to see new features, changes, and bug fixes. 
 

[conflicted] Will prefer dplyr::select over any other package.
[conflicted] Will prefer dplyr::filter over any other package.
[conflicted] Will prefer reshape2::melt over any other package.
── Attaching core tidyverse packages ──────────────────────── tidyverse 2.0.0 ──
✔ forcats   1.0.0     ✔ readr     2.1.4
✔ ggplot2   3.5.2     ✔ stringr   1.5.1
✔ lubridate 1.9.3     ✔ tibble    3.2.1
✔ purrr     0.3.5     ✔ tidyr     1.2.1
# A tibble: 42 × 4
   theta   tau estimand   truth
   <dbl> <dbl> <chr>      <dbl>
 1  0.3    0.2 de       -0.285 
 2  0.3    0.2 mu        0.458 
 3  0.3    0.2 mu_0      0.543 
 4  0.3    0.2 mu_1      0.259 
 5  0.3    0.2 oe        0.0672
 6  0.3    0.2 se_0      0.0226
 7  0.3    0.2 se_1      0.0267
 8  0.45   0.2 de       -0.289 
 9  0.45   0.2 mu        0.391 
10  0.45   0.2 mu_0      0.521 
11  0.45   0.2 mu_1      0.232 
12  0.45   0.2 oe        0     
13  0.45   0.2 se_0      0     
14  0.45   0.2 se_1      0     
15  0.6    0.2 de       -0.278 
16  0.6    0.2 mu        0.316 
17  0.6    0.2 mu_0      0.483 
18  0.6    0.2 mu_1      0.205 
19  0.6    0.2 oe       -0.0748
20  0.6    0.2 se_0     -0.0378
21  0.6    0.2 se_1     -0.0272
22  0.3    0.4 de       -0.266 
23  0.3    0.4 mu        0.563 
24  0.3    0.4 mu_0      0.642 
25  0.3    0.4 mu_1      0.376 
26  0.3    0.4 oe        0.0654
27  0.3    0.4 se_0      0.0200
28  0.3    0.4 se_1      0.0321
29  0.45   0.4 de       -0.279 
30  0.45   0.4 mu        0.497 
31  0.45   0.4 mu_0      0.622 
32  0.45   0.4 mu_1      0.344 
33  0.45   0.4 oe        0     
34  0.45   0.4 se_0      0     
35  0.45   0.4 se_1      0     
36  0.6    0.4 de       -0.273 
37  0.6    0.4 mu        0.418 
38  0.6    0.4 mu_0      0.582 
39  0.6    0.4 mu_1      0.309 
40  0.6    0.4 oe       -0.0789
41  0.6    0.4 se_0     -0.0407
42  0.6    0.4 se_1     -0.0348
Loading required package: Matrix

Attaching package: ‘Matrix’

The following objects are masked from ‘package:tidyr’:

    expand, pack, unpack


==========================================================================
===========================   Analysis setting  ==========================
==========================================================================

- taus: 0.1, 0.2, 0.3, 0.4, 0.5 

- policy: TypeB 

- thetas: 0.3, 0.31, 0.32, 0.33, 0.34, 0.35, 0.36, 0.37, 0.38, 0.39, 0.4, 0.41, 0.42, 0.43, 0.44, 0.45, 0.46, 0.47, 0.48, 0.49, 0.5, 0.51, 0.52, 0.53, 0.54, 0.55, 0.56, 0.57, 0.58, 0.59, 0.6 

- r: 200 

- K: 2 

- Nuisance estimation method: T nonpara / C nonpara / A nonpara 

- m: 200 

- N_total: 2458 

- cluster size dist'n: 
 5  6  7  8  9 10 11 12 13 14 15 16 17 18 19 20 
13 15 10 15 18  8 13 10  7 16 18  9 16 11 11 10 

 - observed time summary: 
    Min.  1st Qu.   Median     Mean  3rd Qu.     Max. 
 0.00000  0.02502  0.21614  0.63637  0.84348 10.36964 

 - event indicator table: 
   0    1 
 905 1553 

 - event time summary: 
    Min.  1st Qu.   Median     Mean  3rd Qu.     Max. 
 0.00000  0.01797  0.19092  0.59918  0.77948 10.36964 

 - censoring time summary: 
   Min. 1st Qu.  Median    Mean 3rd Qu.    Max. 
0.00000 0.04106 0.26744 0.70019 0.96605 7.06227 

 - treatment indicator table: 
   0    1 
1265 1193 

==========================================================================
===========================   Estimation start  ==========================
==========================================================================

--- Split:1 ---

Running BART with binary y

number of trees: 25
number of chains: 1, number of threads 1
tree thinning rate: 1
Prior:
	prior on k: chi with 1.250000 degrees of freedom and inf scale
	power and base for tree prior: 2.000000 0.950000
	use quantiles for rule cut points: false
	proposal probabilities: birth/death 0.50, swap 0.10, change 0.40; birth 0.50
data:
	number of training observations: 1173
	number of test observations: 0
	number of explanatory variables: 15

Cutoff rules c in x<=c vs x>c
Number of cutoffs: (var: number of possible c):
(1: 100) (2: 100) (3: 100) (4: 100) (5: 100) 
(6: 100) (7: 100) (8: 100) (9: 100) (10: 100) 
(11: 100) (12: 100) (13: 100) (14: 100) (15: 100) 


   [*---------] 10% | ET: 20.8s 
   [**--------] 20% | ET: 33.4s 
   [***-------] 30% | ET: 45.4s 
   [****------] 40% | ET: 56.5s 
   [*****-----] 50% | ET: 68.1s 
   [******----] 60% | ET: 79.8s 
   [*******---] 70% | ET: 91.5s 
   [********--] 80% | ET: 102.7s 
   [*********-] 90% | ET: 115.5s 
   [**********] 100% | ET: 128.4s 

--- Split:2 ---

Running BART with binary y

number of trees: 25
number of chains: 1, number of threads 1
tree thinning rate: 1
Prior:
	prior on k: chi with 1.250000 degrees of freedom and inf scale
	power and base for tree prior: 2.000000 0.950000
	use quantiles for rule cut points: false
	proposal probabilities: birth/death 0.50, swap 0.10, change 0.40; birth 0.50
data:
	number of training observations: 1285
	number of test observations: 0
	number of explanatory variables: 15

Cutoff rules c in x<=c vs x>c
Number of cutoffs: (var: number of possible c):
(1: 100) (2: 100) (3: 100) (4: 100) (5: 100) 
(6: 100) (7: 100) (8: 100) (9: 100) (10: 100) 
(11: 100) (12: 100) (13: 100) (14: 100) (15: 100) 


   [*---------] 10% | ET: 10.6s 
   [**--------] 20% | ET: 21.5s 
   [***-------] 30% | ET: 34.2s 
   [****------] 40% | ET: 46.1s 
   [*****-----] 50% | ET: 58.9s 
   [******----] 60% | ET: 70.2s 
   [*******---] 70% | ET: 82.7s 
   [********--] 80% | ET: 96.4s 
   [*********-] 90% | ET: 110.6s 
   [**********] 100% | ET: 121.3s 

--- IF for proposed nonparametric estimator computed --- ET: 266.3 seconds
--- Estimator computed: mu --- ET: 0.6 seconds --- 
--- Estimator computed: mu_1 --- ET: 0.5 seconds --- 
--- Estimator computed: mu_0 --- ET: 0.6 seconds --- 
--- Estimator computed: de --- ET: 0.5 seconds --- 
--- Estimator computed: oe --- ET: 0.5 seconds --- 
--- Estimator computed: se_1 --- ET: 0.5 seconds --- 
--- Estimator computed: se_0 --- ET: 0.5 seconds --- 
--- Total run time: 272.1 seconds --- 
--- Total run time: 283.9 seconds --- ###################################################
### Job finished at Thu Jun  5 13:51:39 EDT 2025 ###
###################################################
