##############################################################
### Job started at Thu Jun  5 13:56:43 EDT 2025 with p=TypeB, m=200, r=200, s=1 ###
##############################################################

Attaching package: ‘dplyr’

The following objects are masked from ‘package:stats’:

    filter, lag

The following objects are masked from ‘package:base’:

    intersect, setdiff, setequal, union

Loading required package: foreach
Loading required package: iterators
Loading required package: parallel

 randomForestSRC 3.2.2 
 
 Type rfsrc.news() to see new features, changes, and bug fixes. 
 

[conflicted] Will prefer dplyr::select over any other package.
[conflicted] Will prefer dplyr::filter over any other package.
[conflicted] Will prefer reshape2::melt over any other package.
── Attaching core tidyverse packages ──────────────────────── tidyverse 2.0.0 ──
✔ forcats   1.0.0     ✔ readr     2.1.4
✔ ggplot2   3.5.2     ✔ stringr   1.5.1
✔ lubridate 1.9.3     ✔ tibble    3.2.1
✔ purrr     0.3.5     ✔ tidyr     1.2.1
# A tibble: 42 × 4
   theta   tau estimand   truth
   <dbl> <dbl> <chr>      <dbl>
 1  0.3    0.2 de       -0.310 
 2  0.3    0.2 mu        0.484 
 3  0.3    0.2 mu_0      0.577 
 4  0.3    0.2 mu_1      0.267 
 5  0.3    0.2 oe        0.0986
 6  0.3    0.2 se_0      0.0625
 7  0.3    0.2 se_1      0.0392
 8  0.45   0.2 de       -0.287 
 9  0.45   0.2 mu        0.385 
10  0.45   0.2 mu_0      0.515 
11  0.45   0.2 mu_1      0.228 
12  0.45   0.2 oe        0     
13  0.45   0.2 se_0      0     
14  0.45   0.2 se_1      0     
15  0.6    0.2 de       -0.272 
16  0.6    0.2 mu        0.314 
17  0.6    0.2 mu_0      0.477 
18  0.6    0.2 mu_1      0.205 
19  0.6    0.2 oe       -0.0717
20  0.6    0.2 se_0     -0.0374
21  0.6    0.2 se_1     -0.0227
22  0.3    0.4 de       -0.295 
23  0.3    0.4 mu        0.592 
24  0.3    0.4 mu_0      0.680 
25  0.3    0.4 mu_1      0.386 
26  0.3    0.4 oe        0.103 
27  0.3    0.4 se_0      0.0668
28  0.3    0.4 se_1      0.0491
29  0.45   0.4 de       -0.277 
30  0.45   0.4 mu        0.489 
31  0.45   0.4 mu_0      0.614 
32  0.45   0.4 mu_1      0.337 
33  0.45   0.4 oe        0     
34  0.45   0.4 se_0      0     
35  0.45   0.4 se_1      0     
36  0.6    0.4 de       -0.265 
37  0.6    0.4 mu        0.415 
38  0.6    0.4 mu_0      0.574 
39  0.6    0.4 mu_1      0.309 
40  0.6    0.4 oe       -0.0738
41  0.6    0.4 se_0     -0.0393
42  0.6    0.4 se_1     -0.0277
Loading required package: Matrix

Attaching package: ‘Matrix’

The following objects are masked from ‘package:tidyr’:

    expand, pack, unpack


==========================================================================
===========================   Analysis setting  ==========================
==========================================================================

- taus: 0.1, 0.2, 0.3, 0.4, 0.5 

- policy: TypeB 

- thetas: 0.3, 0.31, 0.32, 0.33, 0.34, 0.35, 0.36, 0.37, 0.38, 0.39, 0.4, 0.41, 0.42, 0.43, 0.44, 0.45, 0.46, 0.47, 0.48, 0.49, 0.5, 0.51, 0.52, 0.53, 0.54, 0.55, 0.56, 0.57, 0.58, 0.59, 0.6 

- r: 200 

- K: 2 

- Nuisance estimation method: T nonpara / C nonpara / A nonpara 

- m: 200 

- N_total: 2552 

- cluster size dist'n: 
 5  6  7  8  9 10 11 12 13 14 15 16 17 18 19 20 
11 14 12 11 12  7 10 16 13 13 12 17 13 16 11 12 

 - observed time summary: 
   Min. 1st Qu.  Median    Mean 3rd Qu.    Max. 
0.00000 0.02288 0.22575 0.62831 0.82132 8.41391 

 - event indicator table: 
   0    1 
 971 1581 

 - event time summary: 
   Min. 1st Qu.  Median    Mean 3rd Qu.    Max. 
0.00000 0.01385 0.17665 0.55158 0.71714 6.56095 

 - censoring time summary: 
   Min. 1st Qu.  Median    Mean 3rd Qu.    Max. 
0.00000 0.05066 0.31648 0.75325 1.00565 8.41391 

 - treatment indicator table: 
   0    1 
1342 1210 

==========================================================================
===========================   Estimation start  ==========================
==========================================================================

--- Split:1 ---

Running BART with binary y

number of trees: 25
number of chains: 1, number of threads 1
tree thinning rate: 1
Prior:
	prior on k: chi with 1.250000 degrees of freedom and inf scale
	power and base for tree prior: 2.000000 0.950000
	use quantiles for rule cut points: false
	proposal probabilities: birth/death 0.50, swap 0.10, change 0.40; birth 0.50
data:
	number of training observations: 1271
	number of test observations: 0
	number of explanatory variables: 15

Cutoff rules c in x<=c vs x>c
Number of cutoffs: (var: number of possible c):
(1: 100) (2: 100) (3: 100) (4: 100) (5: 100) 
(6: 100) (7: 100) (8: 100) (9: 100) (10: 100) 
(11: 100) (12: 100) (13: 100) (14: 100) (15: 100) 


   [*---------] 10% | ET: 20.1s 
   [**--------] 20% | ET: 43.2s 
   [***-------] 30% | ET: 65.3s 
   [****------] 40% | ET: 85.5s 
   [*****-----] 50% | ET: 106.1s 
   [******----] 60% | ET: 127.7s 
   [*******---] 70% | ET: 149.6s 
   [********--] 80% | ET: 168.5s 
   [*********-] 90% | ET: 190.1s 
   [**********] 100% | ET: 213.6s 

--- Split:2 ---

Running BART with binary y

number of trees: 25
number of chains: 1, number of threads 1
tree thinning rate: 1
Prior:
	prior on k: chi with 1.250000 degrees of freedom and inf scale
	power and base for tree prior: 2.000000 0.950000
	use quantiles for rule cut points: false
	proposal probabilities: birth/death 0.50, swap 0.10, change 0.40; birth 0.50
data:
	number of training observations: 1281
	number of test observations: 0
	number of explanatory variables: 15

Cutoff rules c in x<=c vs x>c
Number of cutoffs: (var: number of possible c):
(1: 100) (2: 100) (3: 100) (4: 100) (5: 100) 
(6: 100) (7: 100) (8: 100) (9: 100) (10: 100) 
(11: 100) (12: 100) (13: 100) (14: 100) (15: 100) 


   [*---------] 10% | ET: 21.3s 
   [**--------] 20% | ET: 40.4s 
   [***-------] 30% | ET: 55.4s 
   [****------] 40% | ET: 72s 
   [*****-----] 50% | ET: 85.1s 
   [******----] 60% | ET: 100s 
   [*******---] 70% | ET: 112.8s 
   [********--] 80% | ET: 126.5s 
   [*********-] 90% | ET: 139.8s 
   [**********] 100% | ET: 151.4s 

--- IF for proposed nonparametric estimator computed --- ET: 381.8 seconds
--- Estimator computed: mu --- ET: 0.6 seconds --- 
--- Estimator computed: mu_1 --- ET: 0.5 seconds --- 
--- Estimator computed: mu_0 --- ET: 0.5 seconds --- 
--- Estimator computed: de --- ET: 0.5 seconds --- 
--- Estimator computed: oe --- ET: 0.5 seconds --- 
--- Estimator computed: se_1 --- ET: 0.5 seconds --- 
--- Estimator computed: se_0 --- ET: 0.6 seconds --- 
--- Total run time: 387.4 seconds --- 
--- Total run time: 399.1 seconds --- ###################################################
### Job finished at Thu Jun  5 14:03:22 EDT 2025 ###
###################################################
