##############################################################
### Job started at Thu Jun  5 14:33:01 EDT 2025 with p=TypeB, m=200, r=200, s=1 ###
##############################################################

Attaching package: ‘dplyr’

The following objects are masked from ‘package:stats’:

    filter, lag

The following objects are masked from ‘package:base’:

    intersect, setdiff, setequal, union

Loading required package: foreach
Loading required package: iterators
Loading required package: parallel

 randomForestSRC 3.2.2 
 
 Type rfsrc.news() to see new features, changes, and bug fixes. 
 

[conflicted] Will prefer dplyr::select over any other package.
[conflicted] Will prefer dplyr::filter over any other package.
[conflicted] Will prefer reshape2::melt over any other package.
── Attaching core tidyverse packages ──────────────────────── tidyverse 2.0.0 ──
✔ forcats   1.0.0     ✔ readr     2.1.4
✔ ggplot2   3.5.2     ✔ stringr   1.5.1
✔ lubridate 1.9.3     ✔ tibble    3.2.1
✔ purrr     0.3.5     ✔ tidyr     1.2.1
# A tibble: 42 × 4
   theta   tau estimand   truth
   <dbl> <dbl> <chr>      <dbl>
 1  0.3    0.2 de       -0.278 
 2  0.3    0.2 mu        0.436 
 3  0.3    0.2 mu_0      0.519 
 4  0.3    0.2 mu_1      0.241 
 5  0.3    0.2 oe        0.0741
 6  0.3    0.2 se_0      0.0373
 7  0.3    0.2 se_1      0.0263
 8  0.45   0.2 de       -0.267 
 9  0.45   0.2 mu        0.362 
10  0.45   0.2 mu_0      0.482 
11  0.45   0.2 mu_1      0.215 
12  0.45   0.2 oe        0     
13  0.45   0.2 se_0      0     
14  0.45   0.2 se_1      0     
15  0.6    0.2 de       -0.263 
16  0.6    0.2 mu        0.301 
17  0.6    0.2 mu_0      0.459 
18  0.6    0.2 mu_1      0.196 
19  0.6    0.2 oe       -0.0606
20  0.6    0.2 se_0     -0.0233
21  0.6    0.2 se_1     -0.0187
22  0.3    0.4 de       -0.265 
23  0.3    0.4 mu        0.539 
24  0.3    0.4 mu_0      0.618 
25  0.3    0.4 mu_1      0.353 
26  0.3    0.4 oe        0.0748
27  0.3    0.4 se_0      0.0375
28  0.3    0.4 se_1      0.0320
29  0.45   0.4 de       -0.259 
30  0.45   0.4 mu        0.464 
31  0.45   0.4 mu_0      0.581 
32  0.45   0.4 mu_1      0.321 
33  0.45   0.4 oe        0     
34  0.45   0.4 se_0      0     
35  0.45   0.4 se_1      0     
36  0.6    0.4 de       -0.259 
37  0.6    0.4 mu        0.401 
38  0.6    0.4 mu_0      0.557 
39  0.6    0.4 mu_1      0.298 
40  0.6    0.4 oe       -0.0624
41  0.6    0.4 se_0     -0.0237
42  0.6    0.4 se_1     -0.0234
Loading required package: Matrix

Attaching package: ‘Matrix’

The following objects are masked from ‘package:tidyr’:

    expand, pack, unpack


==========================================================================
===========================   Analysis setting  ==========================
==========================================================================

- taus: 0.1, 0.2, 0.3, 0.4, 0.5 

- policy: TypeB 

- thetas: 0.3, 0.31, 0.32, 0.33, 0.34, 0.35, 0.36, 0.37, 0.38, 0.39, 0.4, 0.41, 0.42, 0.43, 0.44, 0.45, 0.46, 0.47, 0.48, 0.49, 0.5, 0.51, 0.52, 0.53, 0.54, 0.55, 0.56, 0.57, 0.58, 0.59, 0.6 

- r: 200 

- K: 2 

- Nuisance estimation method: T nonpara / C nonpara / A nonpara 

- m: 200 

- N_total: 2633 

- cluster size dist'n: 
 5  6  7  8  9 10 11 12 13 14 15 16 17 18 19 20 
 9  4  6 13 11 15 14 18 11 12 19 20 13 12 14  9 

 - observed time summary: 
   Min. 1st Qu.  Median    Mean 3rd Qu.    Max. 
0.00000 0.01803 0.16882 0.58936 0.77298 8.89716 

 - event indicator table: 
   0    1 
1047 1586 

 - event time summary: 
   Min. 1st Qu.  Median    Mean 3rd Qu.    Max. 
0.00000 0.01051 0.12810 0.52328 0.65889 8.89716 

 - censoring time summary: 
   Min. 1st Qu.  Median    Mean 3rd Qu.    Max. 
0.00000 0.04038 0.25432 0.68947 0.95644 6.86793 

 - treatment indicator table: 
   0    1 
1398 1235 

==========================================================================
===========================   Estimation start  ==========================
==========================================================================

--- Split:1 ---

Running BART with binary y

number of trees: 25
number of chains: 1, number of threads 1
tree thinning rate: 1
Prior:
	prior on k: chi with 1.250000 degrees of freedom and inf scale
	power and base for tree prior: 2.000000 0.950000
	use quantiles for rule cut points: false
	proposal probabilities: birth/death 0.50, swap 0.10, change 0.40; birth 0.50
data:
	number of training observations: 1292
	number of test observations: 0
	number of explanatory variables: 15

Cutoff rules c in x<=c vs x>c
Number of cutoffs: (var: number of possible c):
(1: 100) (2: 100) (3: 100) (4: 100) (5: 100) 
(6: 100) (7: 100) (8: 100) (9: 100) (10: 100) 
(11: 100) (12: 100) (13: 100) (14: 100) (15: 100) 


   [*---------] 10% | ET: 23.3s 
   [**--------] 20% | ET: 46.1s 
   [***-------] 30% | ET: 71.5s 
   [****------] 40% | ET: 96.3s 
   [*****-----] 50% | ET: 120.4s 
   [******----] 60% | ET: 146.3s 
   [*******---] 70% | ET: 171.4s 
   [********--] 80% | ET: 195.2s 
   [*********-] 90% | ET: 218.8s 
   [**********] 100% | ET: 244s 

--- Split:2 ---

Running BART with binary y

number of trees: 25
number of chains: 1, number of threads 1
tree thinning rate: 1
Prior:
	prior on k: chi with 1.250000 degrees of freedom and inf scale
	power and base for tree prior: 2.000000 0.950000
	use quantiles for rule cut points: false
	proposal probabilities: birth/death 0.50, swap 0.10, change 0.40; birth 0.50
data:
	number of training observations: 1341
	number of test observations: 0
	number of explanatory variables: 15

Cutoff rules c in x<=c vs x>c
Number of cutoffs: (var: number of possible c):
(1: 100) (2: 100) (3: 100) (4: 100) (5: 100) 
(6: 100) (7: 100) (8: 100) (9: 100) (10: 100) 
(11: 100) (12: 100) (13: 100) (14: 100) (15: 100) 


   [*---------] 10% | ET: 20s 
   [**--------] 20% | ET: 42.1s 
   [***-------] 30% | ET: 65.4s 
   [****------] 40% | ET: 91.1s 
   [*****-----] 50% | ET: 111.5s 
   [******----] 60% | ET: 137.5s 
   [*******---] 70% | ET: 162.5s 
   [********--] 80% | ET: 190.2s 
   [*********-] 90% | ET: 215.9s 
   [**********] 100% | ET: 241.7s 

--- IF for proposed nonparametric estimator computed --- ET: 520.6 seconds
--- Estimator computed: mu --- ET: 1 seconds --- 
--- Estimator computed: mu_1 --- ET: 1 seconds --- 
--- Estimator computed: mu_0 --- ET: 1 seconds --- 
--- Estimator computed: de --- ET: 1 seconds --- 
--- Estimator computed: oe --- ET: 1 seconds --- 
--- Estimator computed: se_1 --- ET: 1 seconds --- 
--- Estimator computed: se_0 --- ET: 1 seconds --- 
--- Total run time: 530.8 seconds --- 
--- Total run time: 555.6 seconds --- ###################################################
### Job finished at Thu Jun  5 14:42:17 EDT 2025 ###
###################################################
