##############################################################
### Job started at Tue Dec 23 06:00:01 AM EST 2025 with m=200, r=100, CensoringRate=0.4 ###
##############################################################

Attaching package: ‘dplyr’

The following objects are masked from ‘package:stats’:

    filter, lag

The following objects are masked from ‘package:base’:

    intersect, setdiff, setequal, union

Warning message:
package ‘dplyr’ was built under R version 4.5.0 
Loading required package: foreach
Loading required package: iterators
Loading required package: parallel

 randomForestSRC 3.4.5 
 
 Type rfsrc.news() to see new features, changes, and bug fixes. 
 

[conflicted] Will prefer dplyr::select over any other package.
[conflicted] Will prefer dplyr::filter over any other package.
[conflicted] Will prefer reshape2::melt over any other package.
--- Target Censoring rate: 0.4 || Censoring factor: 0 --- 
Loading required package: Matrix

Attaching package: ‘Matrix’

The following objects are masked from ‘package:tidyr’:

    expand, pack, unpack

--- Censoring rate: 42.6% --- 
--- Desired censoring rate: 40% --- 

==========================================================================
===========================   Analysis setting  ==========================
==========================================================================

- taus: 0.2, 0.4 

- policy: TypeB 

- thetas: 0.3, 0.31, 0.32, 0.33, 0.34, 0.35, 0.36, 0.37, 0.38, 0.39, 0.4, 0.41, 0.42, 0.43, 0.44, 0.45, 0.46, 0.47, 0.48, 0.49, 0.5, 0.51, 0.52, 0.53, 0.54, 0.55, 0.56, 0.57, 0.58, 0.59, 0.6 

- r: 100 

- K: 2 

- Nuisance estimation method: T nonpara / C nonpara / A nonpara 

- m: 200 

- N_total: 2460 

- cluster size dist'n: 
 5  6  7  8  9 10 11 12 13 14 15 16 17 18 19 20 
13 17 16  7 10 16 14 13  6 15 11 11 15 12 15  9 

 - observed time summary: 
   Min. 1st Qu.  Median    Mean 3rd Qu.    Max. 
0.00000 0.02421 0.17936 0.54053 0.70545 7.15101 

 - event indicator table: 
   0    1 
1049 1411 

 - event time summary: 
   Min. 1st Qu.  Median    Mean 3rd Qu.    Max. 
0.00000 0.01706 0.14504 0.48692 0.59616 7.15101 

 - censoring time summary: 
   Min. 1st Qu.  Median    Mean 3rd Qu.    Max. 
0.00000 0.03578 0.24201 0.61265 0.87147 6.81558 

 - treatment indicator table: 
   0    1 
1347 1113 

==========================================================================
===========================   Estimation start  ==========================
==========================================================================

--- Split:1 ---

Running BART with binary y

number of trees: 25
number of chains: 1, default number of threads 1
tree thinning rate: 1
Prior:
	prior on k: chi with 1.250000 degrees of freedom and inf scale
	power and base for tree prior: 2.000000 0.950000
	use quantiles for rule cut points: false
	proposal probabilities: birth/death 0.50, swap 0.10, change 0.40; birth 0.50
data:
	number of training observations: 1164
	number of test observations: 0
	number of explanatory variables: 15

Cutoff rules c in x<=c vs x>c
Number of cutoffs: (var: number of possible c):
(1: 100) (2: 100) (3: 100) (4: 100) (5: 100) 
(6: 100) (7: 100) (8: 100) (9: 100) (10: 100) 
(11: 100) (12: 100) (13: 100) (14: 100) (15: 100) 


   [*---------] 10% | ET: 10.7s 
   [**--------] 20% | ET: 22.5s 
   [***-------] 30% | ET: 35.4s 
   [****------] 40% | ET: 47.9s 
   [*****-----] 50% | ET: 60.3s 
   [******----] 60% | ET: 72.8s 
   [*******---] 70% | ET: 85.7s 
   [********--] 80% | ET: 97.9s 
   [*********-] 90% | ET: 110.9s 
   [**********] 100% | ET: 124s 

--- Split:2 ---

Running BART with binary y

number of trees: 25
number of chains: 1, default number of threads 1
tree thinning rate: 1
Prior:
	prior on k: chi with 1.250000 degrees of freedom and inf scale
	power and base for tree prior: 2.000000 0.950000
	use quantiles for rule cut points: false
	proposal probabilities: birth/death 0.50, swap 0.10, change 0.40; birth 0.50
data:
	number of training observations: 1296
	number of test observations: 0
	number of explanatory variables: 15

Cutoff rules c in x<=c vs x>c
Number of cutoffs: (var: number of possible c):
(1: 100) (2: 100) (3: 100) (4: 100) (5: 100) 
(6: 100) (7: 100) (8: 100) (9: 100) (10: 100) 
(11: 100) (12: 100) (13: 100) (14: 100) (15: 100) 


   [*---------] 10% | ET: 11.4s 
   [**--------] 20% | ET: 24.4s 
   [***-------] 30% | ET: 37.9s 
   [****------] 40% | ET: 51.2s 
   [*****-----] 50% | ET: 64.3s 
   [******----] 60% | ET: 77.7s 
   [*******---] 70% | ET: 89.5s 
   [********--] 80% | ET: 102.6s 
   [*********-] 90% | ET: 115.8s 
   [**********] 100% | ET: 127.2s 

--- IF for proposed nonparametric estimator computed --- ET: 279.4 seconds
--- Estimator computed: mu --- ET: 0.4 seconds --- 
--- Estimator computed: mu_1 --- ET: 0.4 seconds --- 
--- Estimator computed: mu_0 --- ET: 0.4 seconds --- 
--- Estimator computed: de --- ET: 0.4 seconds --- 
--- Estimator computed: oe --- ET: 0.4 seconds --- 
--- Estimator computed: se_1 --- ET: 0.3 seconds --- 
--- Estimator computed: se_0 --- ET: 0.4 seconds --- 
--- Total run time: 283.1 seconds --- 
--- Total run time: 287.8 seconds --- 
\n###################################################
### Job finished at Tue Dec 23 06:04:49 AM EST 2025 ###
###################################################
