##############################################################
### Job started at Thu Jun  5 11:30:09 EDT 2025 with m=200 for Chakladar IPCW ###
##############################################################
Loading required package: stats4

Attaching package: ‘sn’

The following object is masked from ‘package:stats’:

    sd

Loading required package: survival
Loading required package: Matrix

Attaching package: ‘dplyr’

The following objects are masked from ‘package:plyr’:

    arrange, count, desc, failwith, id, mutate, rename, summarise,
    summarize

The following objects are masked from ‘package:stats’:

    filter, lag

The following objects are masked from ‘package:base’:

    intersect, setdiff, setequal, union


Attaching package: ‘geex’

The following object is masked from ‘package:lme4’:

    show

The following object is masked from ‘package:Matrix’:

    show

The following object is masked from ‘package:sn’:

    show

The following object is masked from ‘package:stats4’:

    show

The following object is masked from ‘package:methods’:

    show

── Attaching core tidyverse packages ──────────────────────── tidyverse 2.0.0 ──
✔ forcats   1.0.0     ✔ readr     2.1.4
✔ ggplot2   3.4.4     ✔ stringr   1.5.1
✔ lubridate 1.9.3     ✔ tibble    3.2.1
✔ purrr     0.3.5     ✔ tidyr     1.2.1
── Conflicts ────────────────────────────────────────── tidyverse_conflicts() ──
✖ dplyr::arrange()   masks plyr::arrange()
✖ purrr::compact()   masks plyr::compact()
✖ dplyr::count()     masks plyr::count()
✖ dplyr::desc()      masks plyr::desc()
✖ lubridate::dst()   masks sn::dst()
✖ tidyr::expand()    masks Matrix::expand()
✖ dplyr::failwith()  masks plyr::failwith()
✖ dplyr::filter()    masks stats::filter()
✖ dplyr::id()        masks plyr::id()
✖ dplyr::lag()       masks stats::lag()
✖ dplyr::mutate()    masks plyr::mutate()
✖ tidyr::pack()      masks Matrix::pack()
✖ dplyr::rename()    masks plyr::rename()
✖ lubridate::show()  masks geex::show(), lme4::show(), Matrix::show(), sn::show(), stats4::show(), methods::show()
✖ dplyr::summarise() masks plyr::summarise()
✖ dplyr::summarize() masks plyr::summarize()
✖ tidyr::unpack()    masks Matrix::unpack()
ℹ Use the conflicted package (<http://conflicted.r-lib.org/>) to force all conflicts to become errors
# A tibble: 42 × 4
   theta   tau estimand   truth
   <dbl> <dbl> <chr>      <dbl>
 1  0.3    0.2 de       -0.271 
 2  0.3    0.2 mu        0.430 
 3  0.3    0.2 mu_0      0.512 
 4  0.3    0.2 mu_1      0.241 
 5  0.3    0.2 oe        0.0605
 6  0.3    0.2 se_0      0.0204
 7  0.3    0.2 se_1      0.0192
 8  0.45   0.2 de       -0.270 
 9  0.45   0.2 mu        0.370 
10  0.45   0.2 mu_0      0.491 
11  0.45   0.2 mu_1      0.222 
12  0.45   0.2 oe        0     
13  0.45   0.2 se_0      0     
14  0.45   0.2 se_1      0     
15  0.6    0.2 de       -0.267 
16  0.6    0.2 mu        0.309 
17  0.6    0.2 mu_0      0.469 
18  0.6    0.2 mu_1      0.203 
19  0.6    0.2 oe       -0.0604
20  0.6    0.2 se_0     -0.0219
21  0.6    0.2 se_1     -0.0187
22  0.3    0.4 de       -0.255 
23  0.3    0.4 mu        0.531 
24  0.3    0.4 mu_0      0.607 
25  0.3    0.4 mu_1      0.352 
26  0.3    0.4 oe        0.0576
27  0.3    0.4 se_0      0.0174
28  0.3    0.4 se_1      0.0217
29  0.45   0.4 de       -0.260 
30  0.45   0.4 mu        0.473 
31  0.45   0.4 mu_0      0.590 
32  0.45   0.4 mu_1      0.330 
33  0.45   0.4 oe        0     
34  0.45   0.4 se_0      0     
35  0.45   0.4 se_1      0     
36  0.6    0.4 de       -0.261 
37  0.6    0.4 mu        0.412 
38  0.6    0.4 mu_0      0.568 
39  0.6    0.4 mu_1      0.307 
40  0.6    0.4 oe       -0.0615
41  0.6    0.4 se_0     -0.0219
42  0.6    0.4 se_1     -0.0230
[1] "[Analysis setting]"
[1] "taus: 0.2"
[1] "thetas: 0.3, 0.45, 0.6"
[1] "m: 200"
[1] "N_total: 2346"
[1] "cluster size dist'n: "

 5  6  7  8  9 10 11 12 13 14 15 16 17 18 19 20 
14 21 20 12 15  9  9 12  5 11 15 20  7 15  7  8 
[1] "observed time summary: "
    Min.  1st Qu.   Median     Mean  3rd Qu.     Max. 
 0.00000  0.01747  0.20779  0.62524  0.77708 12.05235 
[1] "event indicator table: "

   0    1 
 883 1463 
[1] "treatment indicator table: "

   0    1 
1250 1096 
[1] "C model fitted"
[1] "A model fitted"
[1] "Estimates computed"
[1] "SEs computed"
  estimand theta tau       est         se       PCL       PCU UCL UCU
1     mu_1  0.30 0.2 0.2141833 0.02791433 0.1594712 0.2688954   0   0
2     mu_1  0.45 0.2 0.1707986 0.01508582 0.1412304 0.2003668   0   0
3     mu_1  0.60 0.2 0.1714836 0.01665932 0.1388314 0.2041359   0   0
4     mu_0  0.30 0.2 0.4971364 0.03093518 0.4365035 0.5577694   0   0
5     mu_0  0.45 0.2 0.4831036 0.02476432 0.4345655 0.5316416   0   0
6     mu_0  0.60 0.2 0.4731717 0.02758881 0.4190976 0.5272457   0   0
Warning message:
In checkConv(attr(opt, "derivs"), opt$par, ctrl = control$checkConv,  :
  Model failed to converge with max|grad| = 0.00759855 (tol = 0.002, component 1)
[1] "Total run time was 779.923 seconds"
###################################################
### Job finished at Thu Jun  5 11:43:10 EDT 2025 ###
###################################################
