##############################################################
### Job started at Thu Jun  5 11:29:46 EDT 2025 with m=200 for Chakladar IPCW ###
##############################################################
Loading required package: stats4

Attaching package: ‘sn’

The following object is masked from ‘package:stats’:

    sd

Loading required package: survival
Loading required package: Matrix

Attaching package: ‘dplyr’

The following objects are masked from ‘package:plyr’:

    arrange, count, desc, failwith, id, mutate, rename, summarise,
    summarize

The following objects are masked from ‘package:stats’:

    filter, lag

The following objects are masked from ‘package:base’:

    intersect, setdiff, setequal, union


Attaching package: ‘geex’

The following object is masked from ‘package:lme4’:

    show

The following object is masked from ‘package:Matrix’:

    show

The following object is masked from ‘package:sn’:

    show

The following object is masked from ‘package:stats4’:

    show

The following object is masked from ‘package:methods’:

    show

── Attaching core tidyverse packages ──────────────────────── tidyverse 2.0.0 ──
✔ forcats   1.0.0     ✔ readr     2.1.4
✔ ggplot2   3.4.4     ✔ stringr   1.5.1
✔ lubridate 1.9.3     ✔ tibble    3.2.1
✔ purrr     0.3.5     ✔ tidyr     1.2.1
── Conflicts ────────────────────────────────────────── tidyverse_conflicts() ──
✖ dplyr::arrange()   masks plyr::arrange()
✖ purrr::compact()   masks plyr::compact()
✖ dplyr::count()     masks plyr::count()
✖ dplyr::desc()      masks plyr::desc()
✖ lubridate::dst()   masks sn::dst()
✖ tidyr::expand()    masks Matrix::expand()
✖ dplyr::failwith()  masks plyr::failwith()
✖ dplyr::filter()    masks stats::filter()
✖ dplyr::id()        masks plyr::id()
✖ dplyr::lag()       masks stats::lag()
✖ dplyr::mutate()    masks plyr::mutate()
✖ tidyr::pack()      masks Matrix::pack()
✖ dplyr::rename()    masks plyr::rename()
✖ lubridate::show()  masks geex::show(), lme4::show(), Matrix::show(), sn::show(), stats4::show(), methods::show()
✖ dplyr::summarise() masks plyr::summarise()
✖ dplyr::summarize() masks plyr::summarize()
✖ tidyr::unpack()    masks Matrix::unpack()
ℹ Use the conflicted package (<http://conflicted.r-lib.org/>) to force all conflicts to become errors
# A tibble: 42 × 4
   theta   tau estimand   truth
   <dbl> <dbl> <chr>      <dbl>
 1  0.3    0.2 de       -0.276 
 2  0.3    0.2 mu        0.438 
 3  0.3    0.2 mu_0      0.521 
 4  0.3    0.2 mu_1      0.245 
 5  0.3    0.2 oe        0.0774
 6  0.3    0.2 se_0      0.0409
 7  0.3    0.2 se_1      0.0297
 8  0.45   0.2 de       -0.265 
 9  0.45   0.2 mu        0.361 
10  0.45   0.2 mu_0      0.480 
11  0.45   0.2 mu_1      0.215 
12  0.45   0.2 oe        0     
13  0.45   0.2 se_0      0     
14  0.45   0.2 se_1      0     
15  0.6    0.2 de       -0.261 
16  0.6    0.2 mu        0.299 
17  0.6    0.2 mu_0      0.456 
18  0.6    0.2 mu_1      0.195 
19  0.6    0.2 oe       -0.0616
20  0.6    0.2 se_0     -0.0243
21  0.6    0.2 se_1     -0.0202
22  0.3    0.4 de       -0.263 
23  0.3    0.4 mu        0.542 
24  0.3    0.4 mu_0      0.621 
25  0.3    0.4 mu_1      0.358 
26  0.3    0.4 oe        0.0796
27  0.3    0.4 se_0      0.0425
28  0.3    0.4 se_1      0.0370
29  0.45   0.4 de       -0.258 
30  0.45   0.4 mu        0.463 
31  0.45   0.4 mu_0      0.579 
32  0.45   0.4 mu_1      0.321 
33  0.45   0.4 oe        0     
34  0.45   0.4 se_0      0     
35  0.45   0.4 se_1      0     
36  0.6    0.4 de       -0.257 
37  0.6    0.4 mu        0.399 
38  0.6    0.4 mu_0      0.553 
39  0.6    0.4 mu_1      0.296 
40  0.6    0.4 oe       -0.0638
41  0.6    0.4 se_0     -0.0257
42  0.6    0.4 se_1     -0.0248
[1] "[Analysis setting]"
[1] "taus: 0.2"
[1] "thetas: 0.3, 0.45, 0.6"
[1] "m: 200"
[1] "N_total: 2618"
[1] "cluster size dist'n: "

 5  6  7  8  9 10 11 12 13 14 15 16 17 18 19 20 
 5  9 10  9 17 15 17 14 11 12 14 12 12 16  6 21 
[1] "observed time summary: "
   Min. 1st Qu.  Median    Mean 3rd Qu.    Max. 
0.00000 0.01839 0.20095 0.59377 0.75665 7.97801 
[1] "event indicator table: "

   0    1 
1063 1555 
[1] "treatment indicator table: "

   0    1 
1425 1193 
[1] "C model fitted"
[1] "A model fitted"
[1] "Estimates computed"
[1] "SEs computed"
  estimand theta tau       est         se       PCL       PCU UCL UCU
1     mu_1  0.30 0.2 0.2092434 0.02288877 0.1643814 0.2541054   0   0
2     mu_1  0.45 0.2 0.1900261 0.01667265 0.1573477 0.2227044   0   0
3     mu_1  0.60 0.2 0.1647994 0.01692908 0.1316184 0.1979804   0   0
4     mu_0  0.30 0.2 0.4607885 0.03303562 0.3960387 0.5255383   0   0
5     mu_0  0.45 0.2 0.4511225 0.02494636 0.4022276 0.5000173   0   0
6     mu_0  0.60 0.2 0.4448172 0.03154775 0.3829837 0.5066508   0   0
Warning message:
In checkConv(attr(opt, "derivs"), opt$par, ctrl = control$checkConv,  :
  Model failed to converge with max|grad| = 0.00587074 (tol = 0.002, component 1)
[1] "Total run time was 804.629 seconds"
###################################################
### Job finished at Thu Jun  5 11:43:11 EDT 2025 ###
###################################################
