##############################################################
### Job started at Thu Jun  5 11:25:04 EDT 2025 with m=200 for Chakladar IPCW ###
##############################################################
Loading required package: stats4

Attaching package: ‘sn’

The following object is masked from ‘package:stats’:

    sd

Loading required package: survival
Loading required package: Matrix

Attaching package: ‘dplyr’

The following objects are masked from ‘package:plyr’:

    arrange, count, desc, failwith, id, mutate, rename, summarise,
    summarize

The following objects are masked from ‘package:stats’:

    filter, lag

The following objects are masked from ‘package:base’:

    intersect, setdiff, setequal, union


Attaching package: ‘geex’

The following object is masked from ‘package:lme4’:

    show

The following object is masked from ‘package:Matrix’:

    show

The following object is masked from ‘package:sn’:

    show

The following object is masked from ‘package:stats4’:

    show

The following object is masked from ‘package:methods’:

    show

── Attaching core tidyverse packages ──────────────────────── tidyverse 2.0.0 ──
✔ forcats   1.0.0     ✔ readr     2.1.4
✔ ggplot2   3.4.4     ✔ stringr   1.5.1
✔ lubridate 1.9.3     ✔ tibble    3.2.1
✔ purrr     0.3.5     ✔ tidyr     1.2.1
── Conflicts ────────────────────────────────────────── tidyverse_conflicts() ──
✖ dplyr::arrange()   masks plyr::arrange()
✖ purrr::compact()   masks plyr::compact()
✖ dplyr::count()     masks plyr::count()
✖ dplyr::desc()      masks plyr::desc()
✖ lubridate::dst()   masks sn::dst()
✖ tidyr::expand()    masks Matrix::expand()
✖ dplyr::failwith()  masks plyr::failwith()
✖ dplyr::filter()    masks stats::filter()
✖ dplyr::id()        masks plyr::id()
✖ dplyr::lag()       masks stats::lag()
✖ dplyr::mutate()    masks plyr::mutate()
✖ tidyr::pack()      masks Matrix::pack()
✖ dplyr::rename()    masks plyr::rename()
✖ lubridate::show()  masks geex::show(), lme4::show(), Matrix::show(), sn::show(), stats4::show(), methods::show()
✖ dplyr::summarise() masks plyr::summarise()
✖ dplyr::summarize() masks plyr::summarize()
✖ tidyr::unpack()    masks Matrix::unpack()
ℹ Use the conflicted package (<http://conflicted.r-lib.org/>) to force all conflicts to become errors
# A tibble: 42 × 4
   theta   tau estimand   truth
   <dbl> <dbl> <chr>      <dbl>
 1  0.3    0.2 de       -0.293 
 2  0.3    0.2 mu        0.457 
 3  0.3    0.2 mu_0      0.545 
 4  0.3    0.2 mu_1      0.252 
 5  0.3    0.2 oe        0.0817
 6  0.3    0.2 se_0      0.0421
 7  0.3    0.2 se_1      0.0323
 8  0.45   0.2 de       -0.283 
 9  0.45   0.2 mu        0.375 
10  0.45   0.2 mu_0      0.503 
11  0.45   0.2 mu_1      0.220 
12  0.45   0.2 oe        0     
13  0.45   0.2 se_0      0     
14  0.45   0.2 se_1      0     
15  0.6    0.2 de       -0.268 
16  0.6    0.2 mu        0.302 
17  0.6    0.2 mu_0      0.463 
18  0.6    0.2 mu_1      0.195 
19  0.6    0.2 oe       -0.0733
20  0.6    0.2 se_0     -0.0402
21  0.6    0.2 se_1     -0.0246
22  0.3    0.4 de       -0.279 
23  0.3    0.4 mu        0.563 
24  0.3    0.4 mu_0      0.646 
25  0.3    0.4 mu_1      0.367 
26  0.3    0.4 oe        0.0840
27  0.3    0.4 se_0      0.0438
28  0.3    0.4 se_1      0.0399
29  0.45   0.4 de       -0.276 
30  0.45   0.4 mu        0.479 
31  0.45   0.4 mu_0      0.603 
32  0.45   0.4 mu_1      0.327 
33  0.45   0.4 oe        0     
34  0.45   0.4 se_0      0     
35  0.45   0.4 se_1      0     
36  0.6    0.4 de       -0.263 
37  0.6    0.4 mu        0.401 
38  0.6    0.4 mu_0      0.559 
39  0.6    0.4 mu_1      0.296 
40  0.6    0.4 oe       -0.0777
41  0.6    0.4 se_0     -0.0440
42  0.6    0.4 se_1     -0.0313
[1] "[Analysis setting]"
[1] "taus: 0.2"
[1] "thetas: 0.3, 0.45, 0.6"
[1] "m: 200"
[1] "N_total: 2488"
[1] "cluster size dist'n: "

 5  6  7  8  9 10 11 12 13 14 15 16 17 18 19 20 
 8 19 11 12 14 16  7 13 13 11 19 13  8  9 12 15 
[1] "observed time summary: "
   Min. 1st Qu.  Median    Mean 3rd Qu.    Max. 
0.00000 0.02375 0.21518 0.61021 0.79882 7.82123 
[1] "event indicator table: "

   0    1 
 941 1547 
[1] "treatment indicator table: "

   0    1 
1265 1223 
[1] "C model fitted"
[1] "A model fitted"
[1] "Estimates computed"
[1] "SEs computed"
  estimand theta tau       est         se       PCL       PCU UCL UCU
1     mu_1  0.30 0.2 0.2726203 0.03157243 0.2107384 0.3345023   0   0
2     mu_1  0.45 0.2 0.2602703 0.02835915 0.2046863 0.3158542   0   0
3     mu_1  0.60 0.2 0.2070617 0.01892128 0.1699759 0.2441474   0   0
4     mu_0  0.30 0.2 0.4630784 0.03323144 0.3979448 0.5282121   0   0
5     mu_0  0.45 0.2 0.4617724 0.02836065 0.4061855 0.5173592   0   0
6     mu_0  0.60 0.2 0.5370103 0.05575791 0.4277248 0.6462958   0   0
[1] "Total run time was 709.499 seconds"
###################################################
### Job finished at Thu Jun  5 11:36:53 EDT 2025 ###
###################################################
