##############################################################
### Job started at Thu Jun  5 11:38:12 EDT 2025 with m=200 for Chakladar IPCW ###
##############################################################
Loading required package: stats4

Attaching package: ‘sn’

The following object is masked from ‘package:stats’:

    sd

Loading required package: survival
Loading required package: Matrix

Attaching package: ‘dplyr’

The following objects are masked from ‘package:plyr’:

    arrange, count, desc, failwith, id, mutate, rename, summarise,
    summarize

The following objects are masked from ‘package:stats’:

    filter, lag

The following objects are masked from ‘package:base’:

    intersect, setdiff, setequal, union


Attaching package: ‘geex’

The following object is masked from ‘package:lme4’:

    show

The following object is masked from ‘package:Matrix’:

    show

The following object is masked from ‘package:sn’:

    show

The following object is masked from ‘package:stats4’:

    show

The following object is masked from ‘package:methods’:

    show

── Attaching core tidyverse packages ──────────────────────── tidyverse 2.0.0 ──
✔ forcats   1.0.0     ✔ readr     2.1.4
✔ ggplot2   3.4.4     ✔ stringr   1.5.1
✔ lubridate 1.9.3     ✔ tibble    3.2.1
✔ purrr     0.3.5     ✔ tidyr     1.2.1
── Conflicts ────────────────────────────────────────── tidyverse_conflicts() ──
✖ dplyr::arrange()   masks plyr::arrange()
✖ purrr::compact()   masks plyr::compact()
✖ dplyr::count()     masks plyr::count()
✖ dplyr::desc()      masks plyr::desc()
✖ lubridate::dst()   masks sn::dst()
✖ tidyr::expand()    masks Matrix::expand()
✖ dplyr::failwith()  masks plyr::failwith()
✖ dplyr::filter()    masks stats::filter()
✖ dplyr::id()        masks plyr::id()
✖ dplyr::lag()       masks stats::lag()
✖ dplyr::mutate()    masks plyr::mutate()
✖ tidyr::pack()      masks Matrix::pack()
✖ dplyr::rename()    masks plyr::rename()
✖ lubridate::show()  masks geex::show(), lme4::show(), Matrix::show(), sn::show(), stats4::show(), methods::show()
✖ dplyr::summarise() masks plyr::summarise()
✖ dplyr::summarize() masks plyr::summarize()
✖ tidyr::unpack()    masks Matrix::unpack()
ℹ Use the conflicted package (<http://conflicted.r-lib.org/>) to force all conflicts to become errors
# A tibble: 42 × 4
   theta   tau estimand   truth
   <dbl> <dbl> <chr>      <dbl>
 1  0.3    0.2 de       -0.281 
 2  0.3    0.2 mu        0.446 
 3  0.3    0.2 mu_0      0.530 
 4  0.3    0.2 mu_1      0.249 
 5  0.3    0.2 oe        0.0697
 6  0.3    0.2 se_0      0.0300
 7  0.3    0.2 se_1      0.0245
 8  0.45   0.2 de       -0.276 
 9  0.45   0.2 mu        0.376 
10  0.45   0.2 mu_0      0.500 
11  0.45   0.2 mu_1      0.224 
12  0.45   0.2 oe        0     
13  0.45   0.2 se_0      0     
14  0.45   0.2 se_1      0     
15  0.6    0.2 de       -0.272 
16  0.6    0.2 mu        0.317 
17  0.6    0.2 mu_0      0.480 
18  0.6    0.2 mu_1      0.208 
19  0.6    0.2 oe       -0.0594
20  0.6    0.2 se_0     -0.0202
21  0.6    0.2 se_1     -0.0166
22  0.3    0.4 de       -0.265 
23  0.3    0.4 mu        0.549 
24  0.3    0.4 mu_0      0.628 
25  0.3    0.4 mu_1      0.363 
26  0.3    0.4 oe        0.0685
27  0.3    0.4 se_0      0.0285
28  0.3    0.4 se_1      0.0289
29  0.45   0.4 de       -0.266 
30  0.45   0.4 mu        0.480 
31  0.45   0.4 mu_0      0.600 
32  0.45   0.4 mu_1      0.334 
33  0.45   0.4 oe        0     
34  0.45   0.4 se_0      0     
35  0.45   0.4 se_1      0     
36  0.6    0.4 de       -0.265 
37  0.6    0.4 mu        0.421 
38  0.6    0.4 mu_0      0.580 
39  0.6    0.4 mu_1      0.315 
40  0.6    0.4 oe       -0.0593
41  0.6    0.4 se_0     -0.0198
42  0.6    0.4 se_1     -0.0192
[1] "[Analysis setting]"
[1] "taus: 0.2"
[1] "thetas: 0.3, 0.45, 0.6"
[1] "m: 200"
[1] "N_total: 2496"
[1] "cluster size dist'n: "

 5  6  7  8  9 10 11 12 13 14 15 16 17 18 19 20 
 8 14 19 13  9 15 14 10 13  8 14 13 12 11 11 16 
[1] "observed time summary: "
    Min.  1st Qu.   Median     Mean  3rd Qu.     Max. 
 0.00000  0.02502  0.21416  0.64010  0.78354 15.19394 
[1] "event indicator table: "

   0    1 
 972 1524 
[1] "treatment indicator table: "

   0    1 
1288 1208 
[1] "C model fitted"
[1] "A model fitted"
[1] "Estimates computed"
[1] "SEs computed"
  estimand theta tau       est         se       PCL       PCU UCL UCU
1     mu_1  0.30 0.2 0.2412990 0.02733310 0.1877261 0.2948719   0   0
2     mu_1  0.45 0.2 0.2027662 0.01858421 0.1663412 0.2391913   0   0
3     mu_1  0.60 0.2 0.1863616 0.01951876 0.1481048 0.2246183   0   0
4     mu_0  0.30 0.2 0.4172676 0.02485334 0.3685550 0.4659801   0   0
5     mu_0  0.45 0.2 0.4102477 0.02397973 0.3632474 0.4572480   0   0
6     mu_0  0.60 0.2 0.3903525 0.02822295 0.3350355 0.4456695   0   0
[1] "Total run time was 782.166 seconds"
###################################################
### Job finished at Thu Jun  5 11:51:15 EDT 2025 ###
###################################################
