##############################################################
### Job started at Thu Jun  5 11:29:07 EDT 2025 with m=200 for Chakladar IPCW ###
##############################################################
Loading required package: stats4

Attaching package: ‘sn’

The following object is masked from ‘package:stats’:

    sd

Loading required package: survival
Loading required package: Matrix

Attaching package: ‘dplyr’

The following objects are masked from ‘package:plyr’:

    arrange, count, desc, failwith, id, mutate, rename, summarise,
    summarize

The following objects are masked from ‘package:stats’:

    filter, lag

The following objects are masked from ‘package:base’:

    intersect, setdiff, setequal, union


Attaching package: ‘geex’

The following object is masked from ‘package:lme4’:

    show

The following object is masked from ‘package:Matrix’:

    show

The following object is masked from ‘package:sn’:

    show

The following object is masked from ‘package:stats4’:

    show

The following object is masked from ‘package:methods’:

    show

── Attaching core tidyverse packages ──────────────────────── tidyverse 2.0.0 ──
✔ forcats   1.0.0     ✔ readr     2.1.4
✔ ggplot2   3.4.4     ✔ stringr   1.5.1
✔ lubridate 1.9.3     ✔ tibble    3.2.1
✔ purrr     0.3.5     ✔ tidyr     1.2.1
── Conflicts ────────────────────────────────────────── tidyverse_conflicts() ──
✖ dplyr::arrange()   masks plyr::arrange()
✖ purrr::compact()   masks plyr::compact()
✖ dplyr::count()     masks plyr::count()
✖ dplyr::desc()      masks plyr::desc()
✖ lubridate::dst()   masks sn::dst()
✖ tidyr::expand()    masks Matrix::expand()
✖ dplyr::failwith()  masks plyr::failwith()
✖ dplyr::filter()    masks stats::filter()
✖ dplyr::id()        masks plyr::id()
✖ dplyr::lag()       masks stats::lag()
✖ dplyr::mutate()    masks plyr::mutate()
✖ tidyr::pack()      masks Matrix::pack()
✖ dplyr::rename()    masks plyr::rename()
✖ lubridate::show()  masks geex::show(), lme4::show(), Matrix::show(), sn::show(), stats4::show(), methods::show()
✖ dplyr::summarise() masks plyr::summarise()
✖ dplyr::summarize() masks plyr::summarize()
✖ tidyr::unpack()    masks Matrix::unpack()
ℹ Use the conflicted package (<http://conflicted.r-lib.org/>) to force all conflicts to become errors
# A tibble: 42 × 4
   theta   tau estimand   truth
   <dbl> <dbl> <chr>      <dbl>
 1  0.3    0.2 de       -0.274 
 2  0.3    0.2 mu        0.442 
 3  0.3    0.2 mu_0      0.524 
 4  0.3    0.2 mu_1      0.250 
 5  0.3    0.2 oe        0.0679
 6  0.3    0.2 se_0      0.0286
 7  0.3    0.2 se_1      0.0243
 8  0.45   0.2 de       -0.270 
 9  0.45   0.2 mu        0.374 
10  0.45   0.2 mu_0      0.495 
11  0.45   0.2 mu_1      0.225 
12  0.45   0.2 oe        0     
13  0.45   0.2 se_0      0     
14  0.45   0.2 se_1      0     
15  0.6    0.2 de       -0.265 
16  0.6    0.2 mu        0.309 
17  0.6    0.2 mu_0      0.467 
18  0.6    0.2 mu_1      0.203 
19  0.6    0.2 oe       -0.0653
20  0.6    0.2 se_0     -0.0281
21  0.6    0.2 se_1     -0.0227
22  0.3    0.4 de       -0.257 
23  0.3    0.4 mu        0.545 
24  0.3    0.4 mu_0      0.622 
25  0.3    0.4 mu_1      0.364 
26  0.3    0.4 oe        0.0653
27  0.3    0.4 se_0      0.0255
28  0.3    0.4 se_1      0.0282
29  0.45   0.4 de       -0.260 
30  0.45   0.4 mu        0.479 
31  0.45   0.4 mu_0      0.596 
32  0.45   0.4 mu_1      0.336 
33  0.45   0.4 oe        0     
34  0.45   0.4 se_0      0     
35  0.45   0.4 se_1      0     
36  0.6    0.4 de       -0.260 
37  0.6    0.4 mu        0.412 
38  0.6    0.4 mu_0      0.568 
39  0.6    0.4 mu_1      0.308 
40  0.6    0.4 oe       -0.0674
41  0.6    0.4 se_0     -0.0284
42  0.6    0.4 se_1     -0.0283
[1] "[Analysis setting]"
[1] "taus: 0.2"
[1] "thetas: 0.3, 0.45, 0.6"
[1] "m: 200"
[1] "N_total: 2351"
[1] "cluster size dist'n: "

 5  6  7  8  9 10 11 12 13 14 15 16 17 18 19 20 
15 12 13 15 16 14 18 18 13 12  7 10  8  7  9 13 
[1] "observed time summary: "
   Min. 1st Qu.  Median    Mean 3rd Qu.    Max. 
0.00000 0.01746 0.19423 0.58672 0.72641 9.94477 
[1] "event indicator table: "

   0    1 
 960 1391 
[1] "treatment indicator table: "

   0    1 
1299 1052 
[1] "C model fitted"
[1] "A model fitted"
[1] "Estimates computed"
[1] "SEs computed"
  estimand theta tau       est         se       PCL       PCU UCL UCU
1     mu_1  0.30 0.2 0.2106488 0.02337779 0.1648283 0.2564693   0   0
2     mu_1  0.45 0.2 0.1965826 0.01805590 0.1611930 0.2319721   0   0
3     mu_1  0.60 0.2 0.1834215 0.01875458 0.1466625 0.2201805   0   0
4     mu_0  0.30 0.2 0.4241301 0.03281185 0.3598188 0.4884413   0   0
5     mu_0  0.45 0.2 0.4266217 0.02348796 0.3805853 0.4726581   0   0
6     mu_0  0.60 0.2 0.4334368 0.03417841 0.3664471 0.5004265   0   0
Warning message:
In checkConv(attr(opt, "derivs"), opt$par, ctrl = control$checkConv,  :
  Model failed to converge with max|grad| = 0.00225541 (tol = 0.002, component 1)
[1] "Total run time was 751.063 seconds"
###################################################
### Job finished at Thu Jun  5 11:41:38 EDT 2025 ###
###################################################
