##############################################################
### Job started at Thu Jun  5 11:32:10 EDT 2025 with m=200 for Chakladar IPCW ###
##############################################################
Loading required package: stats4

Attaching package: ‘sn’

The following object is masked from ‘package:stats’:

    sd

Loading required package: survival
Loading required package: Matrix

Attaching package: ‘dplyr’

The following objects are masked from ‘package:plyr’:

    arrange, count, desc, failwith, id, mutate, rename, summarise,
    summarize

The following objects are masked from ‘package:stats’:

    filter, lag

The following objects are masked from ‘package:base’:

    intersect, setdiff, setequal, union


Attaching package: ‘geex’

The following object is masked from ‘package:lme4’:

    show

The following object is masked from ‘package:Matrix’:

    show

The following object is masked from ‘package:sn’:

    show

The following object is masked from ‘package:stats4’:

    show

The following object is masked from ‘package:methods’:

    show

── Attaching core tidyverse packages ──────────────────────── tidyverse 2.0.0 ──
✔ forcats   1.0.0     ✔ readr     2.1.4
✔ ggplot2   3.4.4     ✔ stringr   1.5.1
✔ lubridate 1.9.3     ✔ tibble    3.2.1
✔ purrr     0.3.5     ✔ tidyr     1.2.1
── Conflicts ────────────────────────────────────────── tidyverse_conflicts() ──
✖ dplyr::arrange()   masks plyr::arrange()
✖ purrr::compact()   masks plyr::compact()
✖ dplyr::count()     masks plyr::count()
✖ dplyr::desc()      masks plyr::desc()
✖ lubridate::dst()   masks sn::dst()
✖ tidyr::expand()    masks Matrix::expand()
✖ dplyr::failwith()  masks plyr::failwith()
✖ dplyr::filter()    masks stats::filter()
✖ dplyr::id()        masks plyr::id()
✖ dplyr::lag()       masks stats::lag()
✖ dplyr::mutate()    masks plyr::mutate()
✖ tidyr::pack()      masks Matrix::pack()
✖ dplyr::rename()    masks plyr::rename()
✖ lubridate::show()  masks geex::show(), lme4::show(), Matrix::show(), sn::show(), stats4::show(), methods::show()
✖ dplyr::summarise() masks plyr::summarise()
✖ dplyr::summarize() masks plyr::summarize()
✖ tidyr::unpack()    masks Matrix::unpack()
ℹ Use the conflicted package (<http://conflicted.r-lib.org/>) to force all conflicts to become errors
# A tibble: 42 × 4
   theta   tau estimand    truth
   <dbl> <dbl> <chr>       <dbl>
 1  0.3    0.2 de       -0.281  
 2  0.3    0.2 mu        0.442  
 3  0.3    0.2 mu_0      0.527  
 4  0.3    0.2 mu_1      0.246  
 5  0.3    0.2 oe        0.0700 
 6  0.3    0.2 se_0      0.0321 
 7  0.3    0.2 se_1      0.0228 
 8  0.45   0.2 de       -0.271  
 9  0.45   0.2 mu        0.372  
10  0.45   0.2 mu_0      0.495  
11  0.45   0.2 mu_1      0.223  
12  0.45   0.2 oe        0      
13  0.45   0.2 se_0      0      
14  0.45   0.2 se_1      0      
15  0.6    0.2 de       -0.274  
16  0.6    0.2 mu        0.319  
17  0.6    0.2 mu_0      0.484  
18  0.6    0.2 mu_1      0.209  
19  0.6    0.2 oe       -0.0533 
20  0.6    0.2 se_0     -0.0108 
21  0.6    0.2 se_1     -0.0139 
22  0.3    0.4 de       -0.265  
23  0.3    0.4 mu        0.544  
24  0.3    0.4 mu_0      0.623  
25  0.3    0.4 mu_1      0.358  
26  0.3    0.4 oe        0.0693 
27  0.3    0.4 se_0      0.0319 
28  0.3    0.4 se_1      0.0266 
29  0.45   0.4 de       -0.260  
30  0.45   0.4 mu        0.474  
31  0.45   0.4 mu_0      0.591  
32  0.45   0.4 mu_1      0.332  
33  0.45   0.4 oe        0      
34  0.45   0.4 se_0      0      
35  0.45   0.4 se_1      0      
36  0.6    0.4 de       -0.266  
37  0.6    0.4 mu        0.423  
38  0.6    0.4 mu_0      0.583  
39  0.6    0.4 mu_1      0.316  
40  0.6    0.4 oe       -0.0516 
41  0.6    0.4 se_0     -0.00870
42  0.6    0.4 se_1     -0.0152 
[1] "[Analysis setting]"
[1] "taus: 0.2"
[1] "thetas: 0.3, 0.45, 0.6"
[1] "m: 200"
[1] "N_total: 2470"
[1] "cluster size dist'n: "

 5  6  7  8  9 10 11 12 13 14 15 16 17 18 19 20 
16 16 14  4 11 16 15 13  9 12 12 13 10 13 13 13 
[1] "observed time summary: "
    Min.  1st Qu.   Median     Mean  3rd Qu.     Max. 
 0.00000  0.01439  0.16453  0.54092  0.68513 10.43123 
[1] "event indicator table: "

   0    1 
 944 1526 
[1] "treatment indicator table: "

   0    1 
1367 1103 
[1] "C model fitted"
[1] "A model fitted"
[1] "Estimates computed"
[1] "SEs computed"
  estimand theta tau       est         se       PCL       PCU UCL UCU
1     mu_1  0.30 0.2 0.3218773 0.03847049 0.2464752 0.3972795   0   0
2     mu_1  0.45 0.2 0.2372152 0.01888227 0.2002059 0.2742244   0   0
3     mu_1  0.60 0.2 0.2262192 0.02429752 0.1785961 0.2738424   0   0
4     mu_0  0.30 0.2 0.5445944 0.05025051 0.4461034 0.6430854   0   0
5     mu_0  0.45 0.2 0.4833953 0.03269599 0.4193111 0.5474794   0   0
6     mu_0  0.60 0.2 0.4374252 0.02980209 0.3790131 0.4958373   0   0
[1] "Total run time was 851.105 seconds"
###################################################
### Job finished at Thu Jun  5 11:46:22 EDT 2025 ###
###################################################
