##############################################################
### Job started at Thu Jun  5 11:25:25 EDT 2025 with m=200 for Chakladar IPCW ###
##############################################################
Loading required package: stats4

Attaching package: ‘sn’

The following object is masked from ‘package:stats’:

    sd

Loading required package: survival
Loading required package: Matrix

Attaching package: ‘dplyr’

The following objects are masked from ‘package:plyr’:

    arrange, count, desc, failwith, id, mutate, rename, summarise,
    summarize

The following objects are masked from ‘package:stats’:

    filter, lag

The following objects are masked from ‘package:base’:

    intersect, setdiff, setequal, union


Attaching package: ‘geex’

The following object is masked from ‘package:lme4’:

    show

The following object is masked from ‘package:Matrix’:

    show

The following object is masked from ‘package:sn’:

    show

The following object is masked from ‘package:stats4’:

    show

The following object is masked from ‘package:methods’:

    show

── Attaching core tidyverse packages ──────────────────────── tidyverse 2.0.0 ──
✔ forcats   1.0.0     ✔ readr     2.1.4
✔ ggplot2   3.4.4     ✔ stringr   1.5.1
✔ lubridate 1.9.3     ✔ tibble    3.2.1
✔ purrr     0.3.5     ✔ tidyr     1.2.1
── Conflicts ────────────────────────────────────────── tidyverse_conflicts() ──
✖ dplyr::arrange()   masks plyr::arrange()
✖ purrr::compact()   masks plyr::compact()
✖ dplyr::count()     masks plyr::count()
✖ dplyr::desc()      masks plyr::desc()
✖ lubridate::dst()   masks sn::dst()
✖ tidyr::expand()    masks Matrix::expand()
✖ dplyr::failwith()  masks plyr::failwith()
✖ dplyr::filter()    masks stats::filter()
✖ dplyr::id()        masks plyr::id()
✖ dplyr::lag()       masks stats::lag()
✖ dplyr::mutate()    masks plyr::mutate()
✖ tidyr::pack()      masks Matrix::pack()
✖ dplyr::rename()    masks plyr::rename()
✖ lubridate::show()  masks geex::show(), lme4::show(), Matrix::show(), sn::show(), stats4::show(), methods::show()
✖ dplyr::summarise() masks plyr::summarise()
✖ dplyr::summarize() masks plyr::summarize()
✖ tidyr::unpack()    masks Matrix::unpack()
ℹ Use the conflicted package (<http://conflicted.r-lib.org/>) to force all conflicts to become errors
# A tibble: 42 × 4
   theta   tau estimand   truth
   <dbl> <dbl> <chr>      <dbl>
 1  0.3    0.2 de       -0.283 
 2  0.3    0.2 mu        0.448 
 3  0.3    0.2 mu_0      0.533 
 4  0.3    0.2 mu_1      0.251 
 5  0.3    0.2 oe        0.0763
 6  0.3    0.2 se_0      0.0371
 7  0.3    0.2 se_1      0.0300
 8  0.45   0.2 de       -0.276 
 9  0.45   0.2 mu        0.372 
10  0.45   0.2 mu_0      0.496 
11  0.45   0.2 mu_1      0.221 
12  0.45   0.2 oe        0     
13  0.45   0.2 se_0      0     
14  0.45   0.2 se_1      0     
15  0.6    0.2 de       -0.267 
16  0.6    0.2 mu        0.306 
17  0.6    0.2 mu_0      0.466 
18  0.6    0.2 mu_1      0.199 
19  0.6    0.2 oe       -0.0662
20  0.6    0.2 se_0     -0.0298
21  0.6    0.2 se_1     -0.0216
22  0.3    0.4 de       -0.266 
23  0.3    0.4 mu        0.551 
24  0.3    0.4 mu_0      0.631 
25  0.3    0.4 mu_1      0.365 
26  0.3    0.4 oe        0.0769
27  0.3    0.4 se_0      0.0370
28  0.3    0.4 se_1      0.0371
29  0.45   0.4 de       -0.266 
30  0.45   0.4 mu        0.474 
31  0.45   0.4 mu_0      0.594 
32  0.45   0.4 mu_1      0.328 
33  0.45   0.4 oe        0     
34  0.45   0.4 se_0      0     
35  0.45   0.4 se_1      0     
36  0.6    0.4 de       -0.262 
37  0.6    0.4 mu        0.406 
38  0.6    0.4 mu_0      0.563 
39  0.6    0.4 mu_1      0.301 
40  0.6    0.4 oe       -0.0684
41  0.6    0.4 se_0     -0.0310
42  0.6    0.4 se_1     -0.0268
[1] "[Analysis setting]"
[1] "taus: 0.2"
[1] "thetas: 0.3, 0.45, 0.6"
[1] "m: 200"
[1] "N_total: 2413"
[1] "cluster size dist'n: "

 5  6  7  8  9 10 11 12 13 14 15 16 17 18 19 20 
12 16  9 17 11 11 15 16 15 14 13 13  8 14 10  6 
[1] "observed time summary: "
    Min.  1st Qu.   Median     Mean  3rd Qu.     Max. 
 0.00000  0.02126  0.20183  0.63303  0.80259 10.92842 
[1] "event indicator table: "

   0    1 
 900 1513 
[1] "treatment indicator table: "

   0    1 
1209 1204 
[1] "C model fitted"
[1] "A model fitted"
[1] "Estimates computed"
[1] "SEs computed"
  estimand theta tau       est         se       PCL       PCU UCL UCU
1     mu_1  0.30 0.2 0.2144749 0.02370260 0.1680178 0.2609320   0   0
2     mu_1  0.45 0.2 0.1863619 0.01648137 0.1540584 0.2186654   0   0
3     mu_1  0.60 0.2 0.1886737 0.01721134 0.1549395 0.2224080   0   0
4     mu_0  0.30 0.2 0.5460733 0.02788597 0.4914168 0.6007298   0   0
5     mu_0  0.45 0.2 0.4850012 0.02370337 0.4385426 0.5314598   0   0
6     mu_0  0.60 0.2 0.4494113 0.02560243 0.3992306 0.4995921   0   0
[1] "Total run time was 762.202 seconds"
###################################################
### Job finished at Thu Jun  5 11:38:07 EDT 2025 ###
###################################################
