##############################################################
### Job started at Thu Jun  5 11:24:43 EDT 2025 with m=200 for Chakladar IPCW ###
##############################################################
Loading required package: stats4

Attaching package: ‘sn’

The following object is masked from ‘package:stats’:

    sd

Loading required package: survival
Loading required package: Matrix

Attaching package: ‘dplyr’

The following objects are masked from ‘package:plyr’:

    arrange, count, desc, failwith, id, mutate, rename, summarise,
    summarize

The following objects are masked from ‘package:stats’:

    filter, lag

The following objects are masked from ‘package:base’:

    intersect, setdiff, setequal, union


Attaching package: ‘geex’

The following object is masked from ‘package:lme4’:

    show

The following object is masked from ‘package:Matrix’:

    show

The following object is masked from ‘package:sn’:

    show

The following object is masked from ‘package:stats4’:

    show

The following object is masked from ‘package:methods’:

    show

── Attaching core tidyverse packages ──────────────────────── tidyverse 2.0.0 ──
✔ forcats   1.0.0     ✔ readr     2.1.4
✔ ggplot2   3.4.4     ✔ stringr   1.5.1
✔ lubridate 1.9.3     ✔ tibble    3.2.1
✔ purrr     0.3.5     ✔ tidyr     1.2.1
── Conflicts ────────────────────────────────────────── tidyverse_conflicts() ──
✖ dplyr::arrange()   masks plyr::arrange()
✖ purrr::compact()   masks plyr::compact()
✖ dplyr::count()     masks plyr::count()
✖ dplyr::desc()      masks plyr::desc()
✖ lubridate::dst()   masks sn::dst()
✖ tidyr::expand()    masks Matrix::expand()
✖ dplyr::failwith()  masks plyr::failwith()
✖ dplyr::filter()    masks stats::filter()
✖ dplyr::id()        masks plyr::id()
✖ dplyr::lag()       masks stats::lag()
✖ dplyr::mutate()    masks plyr::mutate()
✖ tidyr::pack()      masks Matrix::pack()
✖ dplyr::rename()    masks plyr::rename()
✖ lubridate::show()  masks geex::show(), lme4::show(), Matrix::show(), sn::show(), stats4::show(), methods::show()
✖ dplyr::summarise() masks plyr::summarise()
✖ dplyr::summarize() masks plyr::summarize()
✖ tidyr::unpack()    masks Matrix::unpack()
ℹ Use the conflicted package (<http://conflicted.r-lib.org/>) to force all conflicts to become errors
# A tibble: 42 × 4
   theta   tau estimand   truth
   <dbl> <dbl> <chr>      <dbl>
 1  0.3    0.2 de       -0.272 
 2  0.3    0.2 mu        0.442 
 3  0.3    0.2 mu_0      0.524 
 4  0.3    0.2 mu_1      0.251 
 5  0.3    0.2 oe        0.0682
 6  0.3    0.2 se_0      0.0286
 7  0.3    0.2 se_1      0.0259
 8  0.45   0.2 de       -0.270 
 9  0.45   0.2 mu        0.374 
10  0.45   0.2 mu_0      0.495 
11  0.45   0.2 mu_1      0.225 
12  0.45   0.2 oe        0     
13  0.45   0.2 se_0      0     
14  0.45   0.2 se_1      0     
15  0.6    0.2 de       -0.268 
16  0.6    0.2 mu        0.308 
17  0.6    0.2 mu_0      0.469 
18  0.6    0.2 mu_1      0.201 
19  0.6    0.2 oe       -0.0657
20  0.6    0.2 se_0     -0.0260
21  0.6    0.2 se_1     -0.0248
22  0.3    0.4 de       -0.255 
23  0.3    0.4 mu        0.546 
24  0.3    0.4 mu_0      0.622 
25  0.3    0.4 mu_1      0.367 
26  0.3    0.4 oe        0.0667
27  0.3    0.4 se_0      0.0266
28  0.3    0.4 se_1      0.0306
29  0.45   0.4 de       -0.259 
30  0.45   0.4 mu        0.479 
31  0.45   0.4 mu_0      0.596 
32  0.45   0.4 mu_1      0.336 
33  0.45   0.4 oe        0     
34  0.45   0.4 se_0      0     
35  0.45   0.4 se_1      0     
36  0.6    0.4 de       -0.264 
37  0.6    0.4 mu        0.411 
38  0.6    0.4 mu_0      0.569 
39  0.6    0.4 mu_1      0.305 
40  0.6    0.4 oe       -0.0682
41  0.6    0.4 se_0     -0.0264
42  0.6    0.4 se_1     -0.0313
[1] "[Analysis setting]"
[1] "taus: 0.2"
[1] "thetas: 0.3, 0.45, 0.6"
[1] "m: 200"
[1] "N_total: 2640"
[1] "cluster size dist'n: "

 5  6  7  8  9 10 11 12 13 14 15 16 17 18 19 20 
 8 12 11  8 11 14 12 12  7 12 19 17 12 15 18 12 
[1] "observed time summary: "
    Min.  1st Qu.   Median     Mean  3rd Qu.     Max. 
 0.00000  0.02114  0.22055  0.64781  0.82788 11.62945 
[1] "event indicator table: "

   0    1 
1052 1588 
[1] "treatment indicator table: "

   0    1 
1339 1301 
[1] "C model fitted"
[1] "A model fitted"
[1] "Estimates computed"
[1] "SEs computed"
  estimand theta tau       est         se       PCL       PCU UCL UCU
1     mu_1  0.30 0.2 0.2085966 0.02454711 0.1604843 0.2567089   0   0
2     mu_1  0.45 0.2 0.2112930 0.01976852 0.1725467 0.2500393   0   0
3     mu_1  0.60 0.2 0.2369858 0.02675130 0.1845532 0.2894183   0   0
4     mu_0  0.30 0.2 0.4273292 0.03246775 0.3636924 0.4909660   0   0
5     mu_0  0.45 0.2 0.4391324 0.03193588 0.3765380 0.5017267   0   0
6     mu_0  0.60 0.2 0.4454031 0.03423102 0.3783103 0.5124959   0   0
[1] "Total run time was 1305.355 seconds"
###################################################
### Job finished at Thu Jun  5 11:46:28 EDT 2025 ###
###################################################
