##############################################################
### Job started at Thu Jun  5 11:27:06 EDT 2025 with m=200 for Chakladar IPCW ###
##############################################################
Loading required package: stats4

Attaching package: ‘sn’

The following object is masked from ‘package:stats’:

    sd

Loading required package: survival
Loading required package: Matrix

Attaching package: ‘dplyr’

The following objects are masked from ‘package:plyr’:

    arrange, count, desc, failwith, id, mutate, rename, summarise,
    summarize

The following objects are masked from ‘package:stats’:

    filter, lag

The following objects are masked from ‘package:base’:

    intersect, setdiff, setequal, union


Attaching package: ‘geex’

The following object is masked from ‘package:lme4’:

    show

The following object is masked from ‘package:Matrix’:

    show

The following object is masked from ‘package:sn’:

    show

The following object is masked from ‘package:stats4’:

    show

The following object is masked from ‘package:methods’:

    show

── Attaching core tidyverse packages ──────────────────────── tidyverse 2.0.0 ──
✔ forcats   1.0.0     ✔ readr     2.1.4
✔ ggplot2   3.4.4     ✔ stringr   1.5.1
✔ lubridate 1.9.3     ✔ tibble    3.2.1
✔ purrr     0.3.5     ✔ tidyr     1.2.1
── Conflicts ────────────────────────────────────────── tidyverse_conflicts() ──
✖ dplyr::arrange()   masks plyr::arrange()
✖ purrr::compact()   masks plyr::compact()
✖ dplyr::count()     masks plyr::count()
✖ dplyr::desc()      masks plyr::desc()
✖ lubridate::dst()   masks sn::dst()
✖ tidyr::expand()    masks Matrix::expand()
✖ dplyr::failwith()  masks plyr::failwith()
✖ dplyr::filter()    masks stats::filter()
✖ dplyr::id()        masks plyr::id()
✖ dplyr::lag()       masks stats::lag()
✖ dplyr::mutate()    masks plyr::mutate()
✖ tidyr::pack()      masks Matrix::pack()
✖ dplyr::rename()    masks plyr::rename()
✖ lubridate::show()  masks geex::show(), lme4::show(), Matrix::show(), sn::show(), stats4::show(), methods::show()
✖ dplyr::summarise() masks plyr::summarise()
✖ dplyr::summarize() masks plyr::summarize()
✖ tidyr::unpack()    masks Matrix::unpack()
ℹ Use the conflicted package (<http://conflicted.r-lib.org/>) to force all conflicts to become errors
# A tibble: 42 × 4
   theta   tau estimand   truth
   <dbl> <dbl> <chr>      <dbl>
 1  0.3    0.2 de       -0.274 
 2  0.3    0.2 mu        0.440 
 3  0.3    0.2 mu_0      0.522 
 4  0.3    0.2 mu_1      0.248 
 5  0.3    0.2 oe        0.0696
 6  0.3    0.2 se_0      0.0288
 7  0.3    0.2 se_1      0.0283
 8  0.45   0.2 de       -0.273 
 9  0.45   0.2 mu        0.370 
10  0.45   0.2 mu_0      0.493 
11  0.45   0.2 mu_1      0.220 
12  0.45   0.2 oe        0     
13  0.45   0.2 se_0      0     
14  0.45   0.2 se_1      0     
15  0.6    0.2 de       -0.269 
16  0.6    0.2 mu        0.307 
17  0.6    0.2 mu_0      0.468 
18  0.6    0.2 mu_1      0.199 
19  0.6    0.2 oe       -0.0633
20  0.6    0.2 se_0     -0.0248
21  0.6    0.2 se_1     -0.0207
22  0.3    0.4 de       -0.257 
23  0.3    0.4 mu        0.544 
24  0.3    0.4 mu_0      0.621 
25  0.3    0.4 mu_1      0.364 
26  0.3    0.4 oe        0.0695
27  0.3    0.4 se_0      0.0276
28  0.3    0.4 se_1      0.0349
29  0.45   0.4 de       -0.264 
30  0.45   0.4 mu        0.474 
31  0.45   0.4 mu_0      0.593 
32  0.45   0.4 mu_1      0.329 
33  0.45   0.4 oe        0     
34  0.45   0.4 se_0      0     
35  0.45   0.4 se_1      0     
36  0.6    0.4 de       -0.265 
37  0.6    0.4 mu        0.408 
38  0.6    0.4 mu_0      0.567 
39  0.6    0.4 mu_1      0.303 
40  0.6    0.4 oe       -0.0657
41  0.6    0.4 se_0     -0.0258
42  0.6    0.4 se_1     -0.0261
[1] "[Analysis setting]"
[1] "taus: 0.2"
[1] "thetas: 0.3, 0.45, 0.6"
[1] "m: 200"
[1] "N_total: 2608"
[1] "cluster size dist'n: "

 5  6  7  8  9 10 11 12 13 14 15 16 17 18 19 20 
12  2 12 17 10 12 16 10 10 14 16 15 10 14 18 12 
[1] "observed time summary: "
    Min.  1st Qu.   Median     Mean  3rd Qu.     Max. 
 0.00000  0.01768  0.19436  0.59708  0.75239 13.58389 
[1] "event indicator table: "

   0    1 
1008 1600 
[1] "treatment indicator table: "

   0    1 
1384 1224 
[1] "C model fitted"
[1] "A model fitted"
[1] "Estimates computed"
[1] "SEs computed"
  estimand theta tau       est         se       PCL       PCU UCL UCU
1     mu_1  0.30 0.2 0.2101605 0.02074812 0.1694942 0.2508269   0   0
2     mu_1  0.45 0.2 0.2165586 0.01704385 0.1831526 0.2499645   0   0
3     mu_1  0.60 0.2 0.2218901 0.01727786 0.1880255 0.2557547   0   0
4     mu_0  0.30 0.2 0.4579419 0.03089302 0.3973916 0.5184922   0   0
5     mu_0  0.45 0.2 0.4325004 0.02447729 0.3845249 0.4804759   0   0
6     mu_0  0.60 0.2 0.4340860 0.02609118 0.3829473 0.4852247   0   0
[1] "Total run time was 722.692 seconds"
###################################################
### Job finished at Thu Jun  5 11:39:09 EDT 2025 ###
###################################################
