##############################################################
### Job started at Thu Jun  5 11:25:04 EDT 2025 with m=200 for Chakladar IPCW ###
##############################################################
Loading required package: stats4

Attaching package: ‘sn’

The following object is masked from ‘package:stats’:

    sd

Loading required package: survival
Loading required package: Matrix

Attaching package: ‘dplyr’

The following objects are masked from ‘package:plyr’:

    arrange, count, desc, failwith, id, mutate, rename, summarise,
    summarize

The following objects are masked from ‘package:stats’:

    filter, lag

The following objects are masked from ‘package:base’:

    intersect, setdiff, setequal, union


Attaching package: ‘geex’

The following object is masked from ‘package:lme4’:

    show

The following object is masked from ‘package:Matrix’:

    show

The following object is masked from ‘package:sn’:

    show

The following object is masked from ‘package:stats4’:

    show

The following object is masked from ‘package:methods’:

    show

── Attaching core tidyverse packages ──────────────────────── tidyverse 2.0.0 ──
✔ forcats   1.0.0     ✔ readr     2.1.4
✔ ggplot2   3.4.4     ✔ stringr   1.5.1
✔ lubridate 1.9.3     ✔ tibble    3.2.1
✔ purrr     0.3.5     ✔ tidyr     1.2.1
── Conflicts ────────────────────────────────────────── tidyverse_conflicts() ──
✖ dplyr::arrange()   masks plyr::arrange()
✖ purrr::compact()   masks plyr::compact()
✖ dplyr::count()     masks plyr::count()
✖ dplyr::desc()      masks plyr::desc()
✖ lubridate::dst()   masks sn::dst()
✖ tidyr::expand()    masks Matrix::expand()
✖ dplyr::failwith()  masks plyr::failwith()
✖ dplyr::filter()    masks stats::filter()
✖ dplyr::id()        masks plyr::id()
✖ dplyr::lag()       masks stats::lag()
✖ dplyr::mutate()    masks plyr::mutate()
✖ tidyr::pack()      masks Matrix::pack()
✖ dplyr::rename()    masks plyr::rename()
✖ lubridate::show()  masks geex::show(), lme4::show(), Matrix::show(), sn::show(), stats4::show(), methods::show()
✖ dplyr::summarise() masks plyr::summarise()
✖ dplyr::summarize() masks plyr::summarize()
✖ tidyr::unpack()    masks Matrix::unpack()
ℹ Use the conflicted package (<http://conflicted.r-lib.org/>) to force all conflicts to become errors
# A tibble: 42 × 4
   theta   tau estimand   truth
   <dbl> <dbl> <chr>      <dbl>
 1  0.3    0.2 de       -0.275 
 2  0.3    0.2 mu        0.446 
 3  0.3    0.2 mu_0      0.528 
 4  0.3    0.2 mu_1      0.253 
 5  0.3    0.2 oe        0.0645
 6  0.3    0.2 se_0      0.0233
 7  0.3    0.2 se_1      0.0234
 8  0.45   0.2 de       -0.275 
 9  0.45   0.2 mu        0.381 
10  0.45   0.2 mu_0      0.505 
11  0.45   0.2 mu_1      0.230 
12  0.45   0.2 oe        0     
13  0.45   0.2 se_0      0     
14  0.45   0.2 se_1      0     
15  0.6    0.2 de       -0.271 
16  0.6    0.2 mu        0.316 
17  0.6    0.2 mu_0      0.479 
18  0.6    0.2 mu_1      0.207 
19  0.6    0.2 oe       -0.0654
20  0.6    0.2 se_0     -0.0262
21  0.6    0.2 se_1     -0.0228
22  0.3    0.4 de       -0.255 
23  0.3    0.4 mu        0.547 
24  0.3    0.4 mu_0      0.624 
25  0.3    0.4 mu_1      0.368 
26  0.3    0.4 oe        0.0614
27  0.3    0.4 se_0      0.0199
28  0.3    0.4 se_1      0.0270
29  0.45   0.4 de       -0.262 
30  0.45   0.4 mu        0.486 
31  0.45   0.4 mu_0      0.604 
32  0.45   0.4 mu_1      0.341 
33  0.45   0.4 oe        0     
34  0.45   0.4 se_0      0     
35  0.45   0.4 se_1      0     
36  0.6    0.4 de       -0.264 
37  0.6    0.4 mu        0.419 
38  0.6    0.4 mu_0      0.577 
39  0.6    0.4 mu_1      0.313 
40  0.6    0.4 oe       -0.0671
41  0.6    0.4 se_0     -0.0267
42  0.6    0.4 se_1     -0.0285
[1] "[Analysis setting]"
[1] "taus: 0.2"
[1] "thetas: 0.3, 0.45, 0.6"
[1] "m: 200"
[1] "N_total: 2483"
[1] "cluster size dist'n: "

 5  6  7  8  9 10 11 12 13 14 15 16 17 18 19 20 
17 13  6 12 16 13 12 18  8 10 11 12  7 20 20  5 
[1] "observed time summary: "
   Min. 1st Qu.  Median    Mean 3rd Qu.    Max. 
 0.0000  0.0213  0.2023  0.5976  0.7788  8.8901 
[1] "event indicator table: "

   0    1 
1002 1481 
[1] "treatment indicator table: "

   0    1 
1315 1168 
[1] "C model fitted"
[1] "A model fitted"
[1] "Estimates computed"
[1] "SEs computed"
  estimand theta tau       est        se         PCL       PCU UCL UCU
1     mu_1  0.30 0.2 0.1967579 0.1233160 -0.04494139 0.4384572   0   0
2     mu_1  0.45 0.2 0.2015754 0.2334331 -0.25595348 0.6591042   0   0
3     mu_1  0.60 0.2 0.1794400 0.1074202 -0.03110355 0.3899835   0   0
4     mu_0  0.30 0.2 0.4423462 0.2453811 -0.03860085 0.9232932   0   0
5     mu_0  0.45 0.2 0.4573268 0.4310640 -0.38755855 1.3022122   0   0
6     mu_0  0.60 0.2 0.4338695 0.4287804 -0.40654014 1.2742791   0   0
[1] "Total run time was 689.315 seconds"
###################################################
### Job finished at Thu Jun  5 11:36:33 EDT 2025 ###
###################################################
