##############################################################
### Job started at Thu Jun  5 11:29:29 EDT 2025 with m=200 for Chakladar IPCW ###
##############################################################
Loading required package: stats4

Attaching package: ‘sn’

The following object is masked from ‘package:stats’:

    sd

Loading required package: survival
Loading required package: Matrix

Attaching package: ‘dplyr’

The following objects are masked from ‘package:plyr’:

    arrange, count, desc, failwith, id, mutate, rename, summarise,
    summarize

The following objects are masked from ‘package:stats’:

    filter, lag

The following objects are masked from ‘package:base’:

    intersect, setdiff, setequal, union


Attaching package: ‘geex’

The following object is masked from ‘package:lme4’:

    show

The following object is masked from ‘package:Matrix’:

    show

The following object is masked from ‘package:sn’:

    show

The following object is masked from ‘package:stats4’:

    show

The following object is masked from ‘package:methods’:

    show

── Attaching core tidyverse packages ──────────────────────── tidyverse 2.0.0 ──
✔ forcats   1.0.0     ✔ readr     2.1.4
✔ ggplot2   3.4.4     ✔ stringr   1.5.1
✔ lubridate 1.9.3     ✔ tibble    3.2.1
✔ purrr     0.3.5     ✔ tidyr     1.2.1
── Conflicts ────────────────────────────────────────── tidyverse_conflicts() ──
✖ dplyr::arrange()   masks plyr::arrange()
✖ purrr::compact()   masks plyr::compact()
✖ dplyr::count()     masks plyr::count()
✖ dplyr::desc()      masks plyr::desc()
✖ lubridate::dst()   masks sn::dst()
✖ tidyr::expand()    masks Matrix::expand()
✖ dplyr::failwith()  masks plyr::failwith()
✖ dplyr::filter()    masks stats::filter()
✖ dplyr::id()        masks plyr::id()
✖ dplyr::lag()       masks stats::lag()
✖ dplyr::mutate()    masks plyr::mutate()
✖ tidyr::pack()      masks Matrix::pack()
✖ dplyr::rename()    masks plyr::rename()
✖ lubridate::show()  masks geex::show(), lme4::show(), Matrix::show(), sn::show(), stats4::show(), methods::show()
✖ dplyr::summarise() masks plyr::summarise()
✖ dplyr::summarize() masks plyr::summarize()
✖ tidyr::unpack()    masks Matrix::unpack()
ℹ Use the conflicted package (<http://conflicted.r-lib.org/>) to force all conflicts to become errors
# A tibble: 42 × 4
   theta   tau estimand   truth
   <dbl> <dbl> <chr>      <dbl>
 1  0.3    0.2 de       -0.293 
 2  0.3    0.2 mu        0.468 
 3  0.3    0.2 mu_0      0.556 
 4  0.3    0.2 mu_1      0.263 
 5  0.3    0.2 oe        0.0789
 6  0.3    0.2 se_0      0.0374
 7  0.3    0.2 se_1      0.0318
 8  0.45   0.2 de       -0.288 
 9  0.45   0.2 mu        0.390 
10  0.45   0.2 mu_0      0.519 
11  0.45   0.2 mu_1      0.231 
12  0.45   0.2 oe        0     
13  0.45   0.2 se_0      0     
14  0.45   0.2 se_1      0     
15  0.6    0.2 de       -0.274 
16  0.6    0.2 mu        0.312 
17  0.6    0.2 mu_0      0.476 
18  0.6    0.2 mu_1      0.203 
19  0.6    0.2 oe       -0.0776
20  0.6    0.2 se_0     -0.0430
21  0.6    0.2 se_1     -0.0288
22  0.3    0.4 de       -0.276 
23  0.3    0.4 mu        0.576 
24  0.3    0.4 mu_0      0.659 
25  0.3    0.4 mu_1      0.383 
26  0.3    0.4 oe        0.0793
27  0.3    0.4 se_0      0.0368
28  0.3    0.4 se_1      0.0392
29  0.45   0.4 de       -0.278 
30  0.45   0.4 mu        0.497 
31  0.45   0.4 mu_0      0.622 
32  0.45   0.4 mu_1      0.344 
33  0.45   0.4 oe        0     
34  0.45   0.4 se_0      0     
35  0.45   0.4 se_1      0     
36  0.6    0.4 de       -0.269 
37  0.6    0.4 mu        0.414 
38  0.6    0.4 mu_0      0.575 
39  0.6    0.4 mu_1      0.307 
40  0.6    0.4 oe       -0.0826
41  0.6    0.4 se_0     -0.0467
42  0.6    0.4 se_1     -0.0370
[1] "[Analysis setting]"
[1] "taus: 0.2"
[1] "thetas: 0.3, 0.45, 0.6"
[1] "m: 200"
[1] "N_total: 2619"
[1] "cluster size dist'n: "

 5  6  7  8  9 10 11 12 13 14 15 16 17 18 19 20 
 8  8 16 13 11  9 11 13 10 13 12 22 11 13 16 14 
[1] "observed time summary: "
   Min. 1st Qu.  Median    Mean 3rd Qu.    Max. 
0.00000 0.01855 0.19581 0.62104 0.79592 7.62577 
[1] "event indicator table: "

   0    1 
1061 1558 
[1] "treatment indicator table: "

   0    1 
1349 1270 
[1] "C model fitted"
[1] "A model fitted"
[1] "Estimates computed"
[1] "SEs computed"
  estimand theta tau       est         se       PCL       PCU UCL UCU
1     mu_1  0.30 0.2 0.1949337 0.02168382 0.1524334 0.2374340   0   0
2     mu_1  0.45 0.2 0.2087596 0.01866368 0.1721788 0.2453404   0   0
3     mu_1  0.60 0.2 0.1709348 0.01554397 0.1404686 0.2014010   0   0
4     mu_0  0.30 0.2 0.4600446 0.03552196 0.3904216 0.5296677   0   0
5     mu_0  0.45 0.2 0.4806763 0.02554188 0.4306142 0.5307384   0   0
6     mu_0  0.60 0.2 0.4914635 0.02996179 0.4327384 0.5501886   0   0
[1] "Total run time was 913.879 seconds"
###################################################
### Job finished at Thu Jun  5 11:44:43 EDT 2025 ###
###################################################
