##############################################################
### Job started at Thu Jun  5 11:28:07 EDT 2025 with m=200 for Chakladar IPCW ###
##############################################################
Loading required package: stats4

Attaching package: ‘sn’

The following object is masked from ‘package:stats’:

    sd

Loading required package: survival
Loading required package: Matrix

Attaching package: ‘dplyr’

The following objects are masked from ‘package:plyr’:

    arrange, count, desc, failwith, id, mutate, rename, summarise,
    summarize

The following objects are masked from ‘package:stats’:

    filter, lag

The following objects are masked from ‘package:base’:

    intersect, setdiff, setequal, union


Attaching package: ‘geex’

The following object is masked from ‘package:lme4’:

    show

The following object is masked from ‘package:Matrix’:

    show

The following object is masked from ‘package:sn’:

    show

The following object is masked from ‘package:stats4’:

    show

The following object is masked from ‘package:methods’:

    show

── Attaching core tidyverse packages ──────────────────────── tidyverse 2.0.0 ──
✔ forcats   1.0.0     ✔ readr     2.1.4
✔ ggplot2   3.4.4     ✔ stringr   1.5.1
✔ lubridate 1.9.3     ✔ tibble    3.2.1
✔ purrr     0.3.5     ✔ tidyr     1.2.1
── Conflicts ────────────────────────────────────────── tidyverse_conflicts() ──
✖ dplyr::arrange()   masks plyr::arrange()
✖ purrr::compact()   masks plyr::compact()
✖ dplyr::count()     masks plyr::count()
✖ dplyr::desc()      masks plyr::desc()
✖ lubridate::dst()   masks sn::dst()
✖ tidyr::expand()    masks Matrix::expand()
✖ dplyr::failwith()  masks plyr::failwith()
✖ dplyr::filter()    masks stats::filter()
✖ dplyr::id()        masks plyr::id()
✖ dplyr::lag()       masks stats::lag()
✖ dplyr::mutate()    masks plyr::mutate()
✖ tidyr::pack()      masks Matrix::pack()
✖ dplyr::rename()    masks plyr::rename()
✖ lubridate::show()  masks geex::show(), lme4::show(), Matrix::show(), sn::show(), stats4::show(), methods::show()
✖ dplyr::summarise() masks plyr::summarise()
✖ dplyr::summarize() masks plyr::summarize()
✖ tidyr::unpack()    masks Matrix::unpack()
ℹ Use the conflicted package (<http://conflicted.r-lib.org/>) to force all conflicts to become errors
# A tibble: 42 × 4
   theta   tau estimand   truth
   <dbl> <dbl> <chr>      <dbl>
 1  0.3    0.2 de       -0.281 
 2  0.3    0.2 mu        0.448 
 3  0.3    0.2 mu_0      0.532 
 4  0.3    0.2 mu_1      0.251 
 5  0.3    0.2 oe        0.0689
 6  0.3    0.2 se_0      0.0281
 7  0.3    0.2 se_1      0.0249
 8  0.45   0.2 de       -0.278 
 9  0.45   0.2 mu        0.379 
10  0.45   0.2 mu_0      0.504 
11  0.45   0.2 mu_1      0.226 
12  0.45   0.2 oe        0     
13  0.45   0.2 se_0      0     
14  0.45   0.2 se_1      0     
15  0.6    0.2 de       -0.276 
16  0.6    0.2 mu        0.316 
17  0.6    0.2 mu_0      0.482 
18  0.6    0.2 mu_1      0.206 
19  0.6    0.2 oe       -0.0626
20  0.6    0.2 se_0     -0.0220
21  0.6    0.2 se_1     -0.0201
22  0.3    0.4 de       -0.265 
23  0.3    0.4 mu        0.553 
24  0.3    0.4 mu_0      0.632 
25  0.3    0.4 mu_1      0.367 
26  0.3    0.4 oe        0.0678
27  0.3    0.4 se_0      0.0265
28  0.3    0.4 se_1      0.0299
29  0.45   0.4 de       -0.268 
30  0.45   0.4 mu        0.485 
31  0.45   0.4 mu_0      0.606 
32  0.45   0.4 mu_1      0.337 
33  0.45   0.4 oe        0     
34  0.45   0.4 se_0      0     
35  0.45   0.4 se_1      0     
36  0.6    0.4 de       -0.271 
37  0.6    0.4 mu        0.420 
38  0.6    0.4 mu_0      0.583 
39  0.6    0.4 mu_1      0.312 
40  0.6    0.4 oe       -0.0645
41  0.6    0.4 se_0     -0.0228
42  0.6    0.4 se_1     -0.0252
[1] "[Analysis setting]"
[1] "taus: 0.2"
[1] "thetas: 0.3, 0.45, 0.6"
[1] "m: 200"
[1] "N_total: 2475"
[1] "cluster size dist'n: "

 5  6  7  8  9 10 11 12 13 14 15 16 17 18 19 20 
19  7 20 12 12 11  8  9 12 10 15 11 13 19 12 10 
[1] "observed time summary: "
   Min. 1st Qu.  Median    Mean 3rd Qu.    Max. 
0.00000 0.02318 0.22933 0.65023 0.86514 8.01536 
[1] "event indicator table: "

   0    1 
 975 1500 
[1] "treatment indicator table: "

   0    1 
1246 1229 
[1] "C model fitted"
[1] "A model fitted"
[1] "Estimates computed"
[1] "SEs computed"
  estimand theta tau       est         se       PCL       PCU UCL UCU
1     mu_1  0.30 0.2 0.1804179 0.02789802 0.1257378 0.2350981   0   0
2     mu_1  0.45 0.2 0.1873380 0.01501341 0.1579117 0.2167643   0   0
3     mu_1  0.60 0.2 0.2014047 0.01821608 0.1657012 0.2371082   0   0
4     mu_0  0.30 0.2 0.4470211 0.03902764 0.3705269 0.5235153   0   0
5     mu_0  0.45 0.2 0.4202751 0.02173578 0.3776730 0.4628772   0   0
6     mu_0  0.60 0.2 0.4655870 0.03124888 0.4043392 0.5268348   0   0
Warning message:
In checkConv(attr(opt, "derivs"), opt$par, ctrl = control$checkConv,  :
  Model failed to converge with max|grad| = 0.0035146 (tol = 0.002, component 1)
[1] "Total run time was 792.365 seconds"
###################################################
### Job finished at Thu Jun  5 11:41:19 EDT 2025 ###
###################################################
