##############################################################
### Job started at Thu Jun  5 11:28:07 EDT 2025 with m=200 for Chakladar IPCW ###
##############################################################
Loading required package: stats4

Attaching package: ‘sn’

The following object is masked from ‘package:stats’:

    sd

Loading required package: survival
Loading required package: Matrix

Attaching package: ‘dplyr’

The following objects are masked from ‘package:plyr’:

    arrange, count, desc, failwith, id, mutate, rename, summarise,
    summarize

The following objects are masked from ‘package:stats’:

    filter, lag

The following objects are masked from ‘package:base’:

    intersect, setdiff, setequal, union


Attaching package: ‘geex’

The following object is masked from ‘package:lme4’:

    show

The following object is masked from ‘package:Matrix’:

    show

The following object is masked from ‘package:sn’:

    show

The following object is masked from ‘package:stats4’:

    show

The following object is masked from ‘package:methods’:

    show

── Attaching core tidyverse packages ──────────────────────── tidyverse 2.0.0 ──
✔ forcats   1.0.0     ✔ readr     2.1.4
✔ ggplot2   3.4.4     ✔ stringr   1.5.1
✔ lubridate 1.9.3     ✔ tibble    3.2.1
✔ purrr     0.3.5     ✔ tidyr     1.2.1
── Conflicts ────────────────────────────────────────── tidyverse_conflicts() ──
✖ dplyr::arrange()   masks plyr::arrange()
✖ purrr::compact()   masks plyr::compact()
✖ dplyr::count()     masks plyr::count()
✖ dplyr::desc()      masks plyr::desc()
✖ lubridate::dst()   masks sn::dst()
✖ tidyr::expand()    masks Matrix::expand()
✖ dplyr::failwith()  masks plyr::failwith()
✖ dplyr::filter()    masks stats::filter()
✖ dplyr::id()        masks plyr::id()
✖ dplyr::lag()       masks stats::lag()
✖ dplyr::mutate()    masks plyr::mutate()
✖ tidyr::pack()      masks Matrix::pack()
✖ dplyr::rename()    masks plyr::rename()
✖ lubridate::show()  masks geex::show(), lme4::show(), Matrix::show(), sn::show(), stats4::show(), methods::show()
✖ dplyr::summarise() masks plyr::summarise()
✖ dplyr::summarize() masks plyr::summarize()
✖ tidyr::unpack()    masks Matrix::unpack()
ℹ Use the conflicted package (<http://conflicted.r-lib.org/>) to force all conflicts to become errors
# A tibble: 42 × 4
   theta   tau estimand   truth
   <dbl> <dbl> <chr>      <dbl>
 1  0.3    0.2 de       -0.288 
 2  0.3    0.2 mu        0.464 
 3  0.3    0.2 mu_0      0.551 
 4  0.3    0.2 mu_1      0.263 
 5  0.3    0.2 oe        0.0757
 6  0.3    0.2 se_0      0.0373
 7  0.3    0.2 se_1      0.0265
 8  0.45   0.2 de       -0.277 
 9  0.45   0.2 mu        0.389 
10  0.45   0.2 mu_0      0.513 
11  0.45   0.2 mu_1      0.236 
12  0.45   0.2 oe        0     
13  0.45   0.2 se_0      0     
14  0.45   0.2 se_1      0     
15  0.6    0.2 de       -0.275 
16  0.6    0.2 mu        0.320 
17  0.6    0.2 mu_0      0.485 
18  0.6    0.2 mu_1      0.210 
19  0.6    0.2 oe       -0.0683
20  0.6    0.2 se_0     -0.0282
21  0.6    0.2 se_1     -0.0256
22  0.3    0.4 de       -0.271 
23  0.3    0.4 mu        0.571 
24  0.3    0.4 mu_0      0.652 
25  0.3    0.4 mu_1      0.381 
26  0.3    0.4 oe        0.0755
27  0.3    0.4 se_0      0.0374
28  0.3    0.4 se_1      0.0319
29  0.45   0.4 de       -0.265 
30  0.45   0.4 mu        0.495 
31  0.45   0.4 mu_0      0.615 
32  0.45   0.4 mu_1      0.349 
33  0.45   0.4 oe        0     
34  0.45   0.4 se_0      0     
35  0.45   0.4 se_1      0     
36  0.6    0.4 de       -0.268 
37  0.6    0.4 mu        0.425 
38  0.6    0.4 mu_0      0.586 
39  0.6    0.4 mu_1      0.317 
40  0.6    0.4 oe       -0.0706
41  0.6    0.4 se_0     -0.0290
42  0.6    0.4 se_1     -0.0320
[1] "[Analysis setting]"
[1] "taus: 0.2"
[1] "thetas: 0.3, 0.45, 0.6"
[1] "m: 200"
[1] "N_total: 2546"
[1] "cluster size dist'n: "

 5  6  7  8  9 10 11 12 13 14 15 16 17 18 19 20 
11 15 12 12 14 13  7 13 10 13  9 11 14 20  9 17 
[1] "observed time summary: "
    Min.  1st Qu.   Median     Mean  3rd Qu.     Max. 
 0.00000  0.02142  0.18751  0.58976  0.76406 11.10045 
[1] "event indicator table: "

   0    1 
1075 1471 
[1] "treatment indicator table: "

   0    1 
1354 1192 
[1] "C model fitted"
[1] "A model fitted"
[1] "Estimates computed"
[1] "SEs computed"
  estimand theta tau       est         se       PCL       PCU UCL UCU
1     mu_1  0.30 0.2 0.2331550 0.02734728 0.1795543 0.2867557   0   0
2     mu_1  0.45 0.2 0.1996934 0.01775135 0.1649007 0.2344860   0   0
3     mu_1  0.60 0.2 0.1878988 0.01715100 0.1542829 0.2215148   0   0
4     mu_0  0.30 0.2 0.4563296 0.03353791 0.3905953 0.5220639   0   0
5     mu_0  0.45 0.2 0.4571803 0.03054410 0.3973138 0.5170467   0   0
6     mu_0  0.60 0.2 0.4303244 0.03668779 0.3584164 0.5022325   0   0
[1] "Total run time was 770.108 seconds"
###################################################
### Job finished at Thu Jun  5 11:40:57 EDT 2025 ###
###################################################
