##############################################################
### Job started at Thu Jun  5 11:27:14 EDT 2025 with m=200 for Chakladar IPCW ###
##############################################################
Loading required package: stats4

Attaching package: ‘sn’

The following object is masked from ‘package:stats’:

    sd

Loading required package: survival
Loading required package: Matrix

Attaching package: ‘dplyr’

The following objects are masked from ‘package:plyr’:

    arrange, count, desc, failwith, id, mutate, rename, summarise,
    summarize

The following objects are masked from ‘package:stats’:

    filter, lag

The following objects are masked from ‘package:base’:

    intersect, setdiff, setequal, union


Attaching package: ‘geex’

The following object is masked from ‘package:lme4’:

    show

The following object is masked from ‘package:Matrix’:

    show

The following object is masked from ‘package:sn’:

    show

The following object is masked from ‘package:stats4’:

    show

The following object is masked from ‘package:methods’:

    show

── Attaching core tidyverse packages ──────────────────────── tidyverse 2.0.0 ──
✔ forcats   1.0.0     ✔ readr     2.1.4
✔ ggplot2   3.4.4     ✔ stringr   1.5.1
✔ lubridate 1.9.3     ✔ tibble    3.2.1
✔ purrr     0.3.5     ✔ tidyr     1.2.1
── Conflicts ────────────────────────────────────────── tidyverse_conflicts() ──
✖ dplyr::arrange()   masks plyr::arrange()
✖ purrr::compact()   masks plyr::compact()
✖ dplyr::count()     masks plyr::count()
✖ dplyr::desc()      masks plyr::desc()
✖ lubridate::dst()   masks sn::dst()
✖ tidyr::expand()    masks Matrix::expand()
✖ dplyr::failwith()  masks plyr::failwith()
✖ dplyr::filter()    masks stats::filter()
✖ dplyr::id()        masks plyr::id()
✖ dplyr::lag()       masks stats::lag()
✖ dplyr::mutate()    masks plyr::mutate()
✖ tidyr::pack()      masks Matrix::pack()
✖ dplyr::rename()    masks plyr::rename()
✖ lubridate::show()  masks geex::show(), lme4::show(), Matrix::show(), sn::show(), stats4::show(), methods::show()
✖ dplyr::summarise() masks plyr::summarise()
✖ dplyr::summarize() masks plyr::summarize()
✖ tidyr::unpack()    masks Matrix::unpack()
ℹ Use the conflicted package (<http://conflicted.r-lib.org/>) to force all conflicts to become errors
# A tibble: 42 × 4
   theta   tau estimand   truth
   <dbl> <dbl> <chr>      <dbl>
 1  0.3    0.2 de       -0.282 
 2  0.3    0.2 mu        0.448 
 3  0.3    0.2 mu_0      0.533 
 4  0.3    0.2 mu_1      0.251 
 5  0.3    0.2 oe        0.0714
 6  0.3    0.2 se_0      0.0327
 7  0.3    0.2 se_1      0.0246
 8  0.45   0.2 de       -0.274 
 9  0.45   0.2 mu        0.377 
10  0.45   0.2 mu_0      0.500 
11  0.45   0.2 mu_1      0.226 
12  0.45   0.2 oe        0     
13  0.45   0.2 se_0      0     
14  0.45   0.2 se_1      0     
15  0.6    0.2 de       -0.269 
16  0.6    0.2 mu        0.313 
17  0.6    0.2 mu_0      0.474 
18  0.6    0.2 mu_1      0.205 
19  0.6    0.2 oe       -0.0641
20  0.6    0.2 se_0     -0.0262
21  0.6    0.2 se_1     -0.0208
22  0.3    0.4 de       -0.267 
23  0.3    0.4 mu        0.552 
24  0.3    0.4 mu_0      0.632 
25  0.3    0.4 mu_1      0.366 
26  0.3    0.4 oe        0.0707
27  0.3    0.4 se_0      0.0318
28  0.3    0.4 se_1      0.0293
29  0.45   0.4 de       -0.264 
30  0.45   0.4 mu        0.482 
31  0.45   0.4 mu_0      0.601 
32  0.45   0.4 mu_1      0.336 
33  0.45   0.4 oe        0     
34  0.45   0.4 se_0      0     
35  0.45   0.4 se_1      0     
36  0.6    0.4 de       -0.263 
37  0.6    0.4 mu        0.416 
38  0.6    0.4 mu_0      0.574 
39  0.6    0.4 mu_1      0.311 
40  0.6    0.4 oe       -0.0657
41  0.6    0.4 se_0     -0.0267
42  0.6    0.4 se_1     -0.0256
[1] "[Analysis setting]"
[1] "taus: 0.2"
[1] "thetas: 0.3, 0.45, 0.6"
[1] "m: 200"
[1] "N_total: 2489"
[1] "cluster size dist'n: "

 5  6  7  8  9 10 11 12 13 14 15 16 17 18 19 20 
12 13 14 13 11 14 12 13  7 12 16 16 14 12  7 14 
[1] "observed time summary: "
   Min. 1st Qu.  Median    Mean 3rd Qu.    Max. 
0.00000 0.01526 0.18677 0.56909 0.68044 8.41243 
[1] "event indicator table: "

   0    1 
1001 1488 
[1] "treatment indicator table: "

   0    1 
1381 1108 
[1] "C model fitted"
[1] "A model fitted"
[1] "Estimates computed"
[1] "SEs computed"
  estimand theta tau       est         se       PCL       PCU UCL UCU
1     mu_1  0.30 0.2 0.2105148 0.02333984 0.1647687 0.2562609   0   0
2     mu_1  0.45 0.2 0.1969973 0.01939711 0.1589790 0.2350157   0   0
3     mu_1  0.60 0.2 0.1794949 0.01943365 0.1414049 0.2175848   0   0
4     mu_0  0.30 0.2 0.4516736 0.02717123 0.3984180 0.5049293   0   0
5     mu_0  0.45 0.2 0.4612872 0.02852515 0.4053779 0.5171965   0   0
6     mu_0  0.60 0.2 0.4752637 0.03698504 0.4027730 0.5477543   0   0
[1] "Total run time was 728.256 seconds"
###################################################
### Job finished at Thu Jun  5 11:39:23 EDT 2025 ###
###################################################
