##############################################################
### Job started at Thu Jun  5 11:24:43 EDT 2025 with m=200 for Chakladar IPCW ###
##############################################################
Loading required package: stats4

Attaching package: ‘sn’

The following object is masked from ‘package:stats’:

    sd

Loading required package: survival
Loading required package: Matrix

Attaching package: ‘dplyr’

The following objects are masked from ‘package:plyr’:

    arrange, count, desc, failwith, id, mutate, rename, summarise,
    summarize

The following objects are masked from ‘package:stats’:

    filter, lag

The following objects are masked from ‘package:base’:

    intersect, setdiff, setequal, union


Attaching package: ‘geex’

The following object is masked from ‘package:lme4’:

    show

The following object is masked from ‘package:Matrix’:

    show

The following object is masked from ‘package:sn’:

    show

The following object is masked from ‘package:stats4’:

    show

The following object is masked from ‘package:methods’:

    show

── Attaching core tidyverse packages ──────────────────────── tidyverse 2.0.0 ──
✔ forcats   1.0.0     ✔ readr     2.1.4
✔ ggplot2   3.4.4     ✔ stringr   1.5.1
✔ lubridate 1.9.3     ✔ tibble    3.2.1
✔ purrr     0.3.5     ✔ tidyr     1.2.1
── Conflicts ────────────────────────────────────────── tidyverse_conflicts() ──
✖ dplyr::arrange()   masks plyr::arrange()
✖ purrr::compact()   masks plyr::compact()
✖ dplyr::count()     masks plyr::count()
✖ dplyr::desc()      masks plyr::desc()
✖ lubridate::dst()   masks sn::dst()
✖ tidyr::expand()    masks Matrix::expand()
✖ dplyr::failwith()  masks plyr::failwith()
✖ dplyr::filter()    masks stats::filter()
✖ dplyr::id()        masks plyr::id()
✖ dplyr::lag()       masks stats::lag()
✖ dplyr::mutate()    masks plyr::mutate()
✖ tidyr::pack()      masks Matrix::pack()
✖ dplyr::rename()    masks plyr::rename()
✖ lubridate::show()  masks geex::show(), lme4::show(), Matrix::show(), sn::show(), stats4::show(), methods::show()
✖ dplyr::summarise() masks plyr::summarise()
✖ dplyr::summarize() masks plyr::summarize()
✖ tidyr::unpack()    masks Matrix::unpack()
ℹ Use the conflicted package (<http://conflicted.r-lib.org/>) to force all conflicts to become errors
# A tibble: 42 × 4
   theta   tau estimand   truth
   <dbl> <dbl> <chr>      <dbl>
 1  0.3    0.2 de       -0.281 
 2  0.3    0.2 mu        0.437 
 3  0.3    0.2 mu_0      0.522 
 4  0.3    0.2 mu_1      0.240 
 5  0.3    0.2 oe        0.0749
 6  0.3    0.2 se_0      0.0383
 7  0.3    0.2 se_1      0.0260
 8  0.45   0.2 de       -0.269 
 9  0.45   0.2 mu        0.362 
10  0.45   0.2 mu_0      0.483 
11  0.45   0.2 mu_1      0.214 
12  0.45   0.2 oe        0     
13  0.45   0.2 se_0      0     
14  0.45   0.2 se_1      0     
15  0.6    0.2 de       -0.260 
16  0.6    0.2 mu        0.303 
17  0.6    0.2 mu_0      0.459 
18  0.6    0.2 mu_1      0.199 
19  0.6    0.2 oe       -0.0591
20  0.6    0.2 se_0     -0.0240
21  0.6    0.2 se_1     -0.0154
22  0.3    0.4 de       -0.268 
23  0.3    0.4 mu        0.540 
24  0.3    0.4 mu_0      0.620 
25  0.3    0.4 mu_1      0.353 
26  0.3    0.4 oe        0.0756
27  0.3    0.4 se_0      0.0388
28  0.3    0.4 se_1      0.0315
29  0.45   0.4 de       -0.260 
30  0.45   0.4 mu        0.464 
31  0.45   0.4 mu_0      0.582 
32  0.45   0.4 mu_1      0.321 
33  0.45   0.4 oe        0     
34  0.45   0.4 se_0      0     
35  0.45   0.4 se_1      0     
36  0.6    0.4 de       -0.254 
37  0.6    0.4 mu        0.405 
38  0.6    0.4 mu_0      0.558 
39  0.6    0.4 mu_1      0.303 
40  0.6    0.4 oe       -0.0594
41  0.6    0.4 se_0     -0.0240
42  0.6    0.4 se_1     -0.0179
[1] "[Analysis setting]"
[1] "taus: 0.2"
[1] "thetas: 0.3, 0.45, 0.6"
[1] "m: 200"
[1] "N_total: 2498"
[1] "cluster size dist'n: "

 5  6  7  8  9 10 11 12 13 14 15 16 17 18 19 20 
12 12 13 16 17 10  8  9 15 11 13 13 11 13 15 12 
[1] "observed time summary: "
    Min.  1st Qu.   Median     Mean  3rd Qu.     Max. 
 0.00000  0.01608  0.19344  0.60030  0.73901 10.35542 
[1] "event indicator table: "

   0    1 
 995 1503 
[1] "treatment indicator table: "

   0    1 
1374 1124 
[1] "C model fitted"
[1] "A model fitted"
[1] "Estimates computed"
[1] "SEs computed"
  estimand theta tau       est         se       PCL       PCU UCL UCU
1     mu_1  0.30 0.2 0.2489283 0.02647107 0.1970450 0.3008116   0   0
2     mu_1  0.45 0.2 0.1959804 0.01676298 0.1631250 0.2288359   0   0
3     mu_1  0.60 0.2 0.1619402 0.01585835 0.1308578 0.1930225   0   0
4     mu_0  0.30 0.2 0.4662213 0.03016160 0.4071045 0.5253380   0   0
5     mu_0  0.45 0.2 0.4523855 0.02803459 0.3974377 0.5073333   0   0
6     mu_0  0.60 0.2 0.4201101 0.03045967 0.3604091 0.4798110   0   0
Warning message:
In checkConv(attr(opt, "derivs"), opt$par, ctrl = control$checkConv,  :
  Model failed to converge with max|grad| = 0.00425306 (tol = 0.002, component 1)
[1] "Total run time was 1380.974 seconds"
###################################################
### Job finished at Thu Jun  5 11:47:44 EDT 2025 ###
###################################################
