##############################################################
### Job started at Thu Jun  5 11:25:05 EDT 2025 with m=200 for Chakladar IPCW ###
##############################################################
Loading required package: stats4

Attaching package: ‘sn’

The following object is masked from ‘package:stats’:

    sd

Loading required package: survival
Loading required package: Matrix

Attaching package: ‘dplyr’

The following objects are masked from ‘package:plyr’:

    arrange, count, desc, failwith, id, mutate, rename, summarise,
    summarize

The following objects are masked from ‘package:stats’:

    filter, lag

The following objects are masked from ‘package:base’:

    intersect, setdiff, setequal, union


Attaching package: ‘geex’

The following object is masked from ‘package:lme4’:

    show

The following object is masked from ‘package:Matrix’:

    show

The following object is masked from ‘package:sn’:

    show

The following object is masked from ‘package:stats4’:

    show

The following object is masked from ‘package:methods’:

    show

── Attaching core tidyverse packages ──────────────────────── tidyverse 2.0.0 ──
✔ forcats   1.0.0     ✔ readr     2.1.4
✔ ggplot2   3.4.4     ✔ stringr   1.5.1
✔ lubridate 1.9.3     ✔ tibble    3.2.1
✔ purrr     0.3.5     ✔ tidyr     1.2.1
── Conflicts ────────────────────────────────────────── tidyverse_conflicts() ──
✖ dplyr::arrange()   masks plyr::arrange()
✖ purrr::compact()   masks plyr::compact()
✖ dplyr::count()     masks plyr::count()
✖ dplyr::desc()      masks plyr::desc()
✖ lubridate::dst()   masks sn::dst()
✖ tidyr::expand()    masks Matrix::expand()
✖ dplyr::failwith()  masks plyr::failwith()
✖ dplyr::filter()    masks stats::filter()
✖ dplyr::id()        masks plyr::id()
✖ dplyr::lag()       masks stats::lag()
✖ dplyr::mutate()    masks plyr::mutate()
✖ tidyr::pack()      masks Matrix::pack()
✖ dplyr::rename()    masks plyr::rename()
✖ lubridate::show()  masks geex::show(), lme4::show(), Matrix::show(), sn::show(), stats4::show(), methods::show()
✖ dplyr::summarise() masks plyr::summarise()
✖ dplyr::summarize() masks plyr::summarize()
✖ tidyr::unpack()    masks Matrix::unpack()
ℹ Use the conflicted package (<http://conflicted.r-lib.org/>) to force all conflicts to become errors
# A tibble: 42 × 4
   theta   tau estimand   truth
   <dbl> <dbl> <chr>      <dbl>
 1  0.3    0.2 de       -0.287 
 2  0.3    0.2 mu        0.460 
 3  0.3    0.2 mu_0      0.546 
 4  0.3    0.2 mu_1      0.259 
 5  0.3    0.2 oe        0.0757
 6  0.3    0.2 se_0      0.0341
 7  0.3    0.2 se_1      0.0308
 8  0.45   0.2 de       -0.284 
 9  0.45   0.2 mu        0.384 
10  0.45   0.2 mu_0      0.512 
11  0.45   0.2 mu_1      0.228 
12  0.45   0.2 oe        0     
13  0.45   0.2 se_0      0     
14  0.45   0.2 se_1      0     
15  0.6    0.2 de       -0.267 
16  0.6    0.2 mu        0.310 
17  0.6    0.2 mu_0      0.470 
18  0.6    0.2 mu_1      0.203 
19  0.6    0.2 oe       -0.0743
20  0.6    0.2 se_0     -0.0416
21  0.6    0.2 se_1     -0.0252
22  0.3    0.4 de       -0.270 
23  0.3    0.4 mu        0.567 
24  0.3    0.4 mu_0      0.648 
25  0.3    0.4 mu_1      0.378 
26  0.3    0.4 oe        0.0757
27  0.3    0.4 se_0      0.0331
28  0.3    0.4 se_1      0.0377
29  0.45   0.4 de       -0.275 
30  0.45   0.4 mu        0.491 
31  0.45   0.4 mu_0      0.615 
32  0.45   0.4 mu_1      0.340 
33  0.45   0.4 oe        0     
34  0.45   0.4 se_0      0     
35  0.45   0.4 se_1      0     
36  0.6    0.4 de       -0.262 
37  0.6    0.4 mu        0.413 
38  0.6    0.4 mu_0      0.570 
39  0.6    0.4 mu_1      0.308 
40  0.6    0.4 oe       -0.0784
41  0.6    0.4 se_0     -0.0449
42  0.6    0.4 se_1     -0.0321
[1] "[Analysis setting]"
[1] "taus: 0.2"
[1] "thetas: 0.3, 0.45, 0.6"
[1] "m: 200"
[1] "N_total: 2390"
[1] "cluster size dist'n: "

 5  6  7  8  9 10 11 12 13 14 15 16 17 18 19 20 
 9 15 16 17 15 15  9 15 12 15 14  7 14  7  9 11 
[1] "observed time summary: "
    Min.  1st Qu.   Median     Mean  3rd Qu.     Max. 
 0.00000  0.02345  0.20815  0.61047  0.73582 10.77876 
[1] "event indicator table: "

   0    1 
 954 1436 
[1] "treatment indicator table: "

   0    1 
1253 1137 
[1] "C model fitted"
[1] "A model fitted"
[1] "Estimates computed"
[1] "SEs computed"
  estimand theta tau       est         se       PCL       PCU UCL UCU
1     mu_1  0.30 0.2 0.1989816 0.02110500 0.1576158 0.2403474   0   0
2     mu_1  0.45 0.2 0.2058861 0.01651635 0.1735140 0.2382581   0   0
3     mu_1  0.60 0.2 0.2036203 0.01721792 0.1698732 0.2373674   0   0
4     mu_0  0.30 0.2 0.4299225 0.02352053 0.3838223 0.4760228   0   0
5     mu_0  0.45 0.2 0.4556486 0.01831183 0.4197574 0.4915397   0   0
6     mu_0  0.60 0.2 0.4875038 0.02946500 0.4297524 0.5452552   0   0
[1] "Total run time was 982.629 seconds"
###################################################
### Job finished at Thu Jun  5 11:41:27 EDT 2025 ###
###################################################
