##############################################################
### Job started at Thu Jun  5 11:25:43 EDT 2025 with m=200 for Chakladar IPCW ###
##############################################################
Loading required package: stats4

Attaching package: ‘sn’

The following object is masked from ‘package:stats’:

    sd

Loading required package: survival
Loading required package: Matrix

Attaching package: ‘dplyr’

The following objects are masked from ‘package:plyr’:

    arrange, count, desc, failwith, id, mutate, rename, summarise,
    summarize

The following objects are masked from ‘package:stats’:

    filter, lag

The following objects are masked from ‘package:base’:

    intersect, setdiff, setequal, union


Attaching package: ‘geex’

The following object is masked from ‘package:lme4’:

    show

The following object is masked from ‘package:Matrix’:

    show

The following object is masked from ‘package:sn’:

    show

The following object is masked from ‘package:stats4’:

    show

The following object is masked from ‘package:methods’:

    show

── Attaching core tidyverse packages ──────────────────────── tidyverse 2.0.0 ──
✔ forcats   1.0.0     ✔ readr     2.1.4
✔ ggplot2   3.4.4     ✔ stringr   1.5.1
✔ lubridate 1.9.3     ✔ tibble    3.2.1
✔ purrr     0.3.5     ✔ tidyr     1.2.1
── Conflicts ────────────────────────────────────────── tidyverse_conflicts() ──
✖ dplyr::arrange()   masks plyr::arrange()
✖ purrr::compact()   masks plyr::compact()
✖ dplyr::count()     masks plyr::count()
✖ dplyr::desc()      masks plyr::desc()
✖ lubridate::dst()   masks sn::dst()
✖ tidyr::expand()    masks Matrix::expand()
✖ dplyr::failwith()  masks plyr::failwith()
✖ dplyr::filter()    masks stats::filter()
✖ dplyr::id()        masks plyr::id()
✖ dplyr::lag()       masks stats::lag()
✖ dplyr::mutate()    masks plyr::mutate()
✖ tidyr::pack()      masks Matrix::pack()
✖ dplyr::rename()    masks plyr::rename()
✖ lubridate::show()  masks geex::show(), lme4::show(), Matrix::show(), sn::show(), stats4::show(), methods::show()
✖ dplyr::summarise() masks plyr::summarise()
✖ dplyr::summarize() masks plyr::summarize()
✖ tidyr::unpack()    masks Matrix::unpack()
ℹ Use the conflicted package (<http://conflicted.r-lib.org/>) to force all conflicts to become errors
# A tibble: 42 × 4
   theta   tau estimand   truth
   <dbl> <dbl> <chr>      <dbl>
 1  0.3    0.2 de       -0.292 
 2  0.3    0.2 mu        0.467 
 3  0.3    0.2 mu_0      0.554 
 4  0.3    0.2 mu_1      0.262 
 5  0.3    0.2 oe        0.0735
 6  0.3    0.2 se_0      0.0327
 7  0.3    0.2 se_1      0.0259
 8  0.45   0.2 de       -0.286 
 9  0.45   0.2 mu        0.393 
10  0.45   0.2 mu_0      0.522 
11  0.45   0.2 mu_1      0.236 
12  0.45   0.2 oe        0     
13  0.45   0.2 se_0      0     
14  0.45   0.2 se_1      0     
15  0.6    0.2 de       -0.283 
16  0.6    0.2 mu        0.325 
17  0.6    0.2 mu_0      0.495 
18  0.6    0.2 mu_1      0.212 
19  0.6    0.2 oe       -0.0682
20  0.6    0.2 se_0     -0.0273
21  0.6    0.2 se_1     -0.0241
22  0.3    0.4 de       -0.273 
23  0.3    0.4 mu        0.571 
24  0.3    0.4 mu_0      0.653 
25  0.3    0.4 mu_1      0.380 
26  0.3    0.4 oe        0.0716
27  0.3    0.4 se_0      0.0310
28  0.3    0.4 se_1      0.0302
29  0.45   0.4 de       -0.273 
30  0.45   0.4 mu        0.500 
31  0.45   0.4 mu_0      0.622 
32  0.45   0.4 mu_1      0.350 
33  0.45   0.4 oe        0     
34  0.45   0.4 se_0      0     
35  0.45   0.4 se_1      0     
36  0.6    0.4 de       -0.275 
37  0.6    0.4 mu        0.429 
38  0.6    0.4 mu_0      0.594 
39  0.6    0.4 mu_1      0.319 
40  0.6    0.4 oe       -0.0705
41  0.6    0.4 se_0     -0.0280
42  0.6    0.4 se_1     -0.0306
[1] "[Analysis setting]"
[1] "taus: 0.2"
[1] "thetas: 0.3, 0.45, 0.6"
[1] "m: 200"
[1] "N_total: 2526"
[1] "cluster size dist'n: "

 5  6  7  8  9 10 11 12 13 14 15 16 17 18 19 20 
16  4 12 16 11 13 14 12 10 15 14 13 12 15  9 14 
[1] "observed time summary: "
   Min. 1st Qu.  Median    Mean 3rd Qu.    Max. 
0.00000 0.01645 0.17331 0.56551 0.69165 9.14897 
[1] "event indicator table: "

   0    1 
 955 1571 
[1] "treatment indicator table: "

   0    1 
1395 1131 
[1] "C model fitted"
[1] "A model fitted"
[1] "Estimates computed"
[1] "SEs computed"
  estimand theta tau       est         se       PCL       PCU UCL UCU
1     mu_1  0.30 0.2 0.2637495 0.02731287 0.2102163 0.3172828   0   0
2     mu_1  0.45 0.2 0.2657375 0.03201169 0.2029946 0.3284805   0   0
3     mu_1  0.60 0.2 0.2452805 0.03001093 0.1864591 0.3041019   0   0
4     mu_0  0.30 0.2 0.4572618 0.02609940 0.4061070 0.5084166   0   0
5     mu_0  0.45 0.2 0.4797645 0.02780561 0.4252655 0.5342635   0   0
6     mu_0  0.60 0.2 0.4769138 0.03544837 0.4074350 0.5463926   0   0
Warning message:
In checkConv(attr(opt, "derivs"), opt$par, ctrl = control$checkConv,  :
  Model failed to converge with max|grad| = 0.00277989 (tol = 0.002, component 1)
[1] "Total run time was 800.739 seconds"
###################################################
### Job finished at Thu Jun  5 11:39:04 EDT 2025 ###
###################################################
