##############################################################
### Job started at Thu Jun  5 11:25:05 EDT 2025 with m=200 for Chakladar IPCW ###
##############################################################
Loading required package: stats4

Attaching package: ‘sn’

The following object is masked from ‘package:stats’:

    sd

Loading required package: survival
Loading required package: Matrix

Attaching package: ‘dplyr’

The following objects are masked from ‘package:plyr’:

    arrange, count, desc, failwith, id, mutate, rename, summarise,
    summarize

The following objects are masked from ‘package:stats’:

    filter, lag

The following objects are masked from ‘package:base’:

    intersect, setdiff, setequal, union


Attaching package: ‘geex’

The following object is masked from ‘package:lme4’:

    show

The following object is masked from ‘package:Matrix’:

    show

The following object is masked from ‘package:sn’:

    show

The following object is masked from ‘package:stats4’:

    show

The following object is masked from ‘package:methods’:

    show

── Attaching core tidyverse packages ──────────────────────── tidyverse 2.0.0 ──
✔ forcats   1.0.0     ✔ readr     2.1.4
✔ ggplot2   3.4.4     ✔ stringr   1.5.1
✔ lubridate 1.9.3     ✔ tibble    3.2.1
✔ purrr     0.3.5     ✔ tidyr     1.2.1
── Conflicts ────────────────────────────────────────── tidyverse_conflicts() ──
✖ dplyr::arrange()   masks plyr::arrange()
✖ purrr::compact()   masks plyr::compact()
✖ dplyr::count()     masks plyr::count()
✖ dplyr::desc()      masks plyr::desc()
✖ lubridate::dst()   masks sn::dst()
✖ tidyr::expand()    masks Matrix::expand()
✖ dplyr::failwith()  masks plyr::failwith()
✖ dplyr::filter()    masks stats::filter()
✖ dplyr::id()        masks plyr::id()
✖ dplyr::lag()       masks stats::lag()
✖ dplyr::mutate()    masks plyr::mutate()
✖ tidyr::pack()      masks Matrix::pack()
✖ dplyr::rename()    masks plyr::rename()
✖ lubridate::show()  masks geex::show(), lme4::show(), Matrix::show(), sn::show(), stats4::show(), methods::show()
✖ dplyr::summarise() masks plyr::summarise()
✖ dplyr::summarize() masks plyr::summarize()
✖ tidyr::unpack()    masks Matrix::unpack()
ℹ Use the conflicted package (<http://conflicted.r-lib.org/>) to force all conflicts to become errors
# A tibble: 42 × 4
   theta   tau estimand   truth
   <dbl> <dbl> <chr>      <dbl>
 1  0.3    0.2 de       -0.285 
 2  0.3    0.2 mu        0.450 
 3  0.3    0.2 mu_0      0.535 
 4  0.3    0.2 mu_1      0.250 
 5  0.3    0.2 oe        0.0710
 6  0.3    0.2 se_0      0.0311
 7  0.3    0.2 se_1      0.0246
 8  0.45   0.2 de       -0.279 
 9  0.45   0.2 mu        0.379 
10  0.45   0.2 mu_0      0.504 
11  0.45   0.2 mu_1      0.225 
12  0.45   0.2 oe        0     
13  0.45   0.2 se_0      0     
14  0.45   0.2 se_1      0     
15  0.6    0.2 de       -0.276 
16  0.6    0.2 mu        0.313 
17  0.6    0.2 mu_0      0.479 
18  0.6    0.2 mu_1      0.203 
19  0.6    0.2 oe       -0.0655
20  0.6    0.2 se_0     -0.0253
21  0.6    0.2 se_1     -0.0227
22  0.3    0.4 de       -0.267 
23  0.3    0.4 mu        0.550 
24  0.3    0.4 mu_0      0.630 
25  0.3    0.4 mu_1      0.363 
26  0.3    0.4 oe        0.0692
27  0.3    0.4 se_0      0.0294
28  0.3    0.4 se_1      0.0288
29  0.45   0.4 de       -0.267 
30  0.45   0.4 mu        0.480 
31  0.45   0.4 mu_0      0.600 
32  0.45   0.4 mu_1      0.334 
33  0.45   0.4 oe        0     
34  0.45   0.4 se_0      0     
35  0.45   0.4 se_1      0     
36  0.6    0.4 de       -0.269 
37  0.6    0.4 mu        0.413 
38  0.6    0.4 mu_0      0.575 
39  0.6    0.4 mu_1      0.306 
40  0.6    0.4 oe       -0.0673
41  0.6    0.4 se_0     -0.0259
42  0.6    0.4 se_1     -0.0283
[1] "[Analysis setting]"
[1] "taus: 0.2"
[1] "thetas: 0.3, 0.45, 0.6"
[1] "m: 200"
[1] "N_total: 2384"
[1] "cluster size dist'n: "

 5  6  7  8  9 10 11 12 13 14 15 16 17 18 19 20 
14 10 13 12 18 16  7 15 17 19 16 15  8  4  7  9 
[1] "observed time summary: "
    Min.  1st Qu.   Median     Mean  3rd Qu.     Max. 
 0.00000  0.01692  0.20485  0.62300  0.76279 10.62578 
[1] "event indicator table: "

   0    1 
 892 1492 
[1] "treatment indicator table: "

   0    1 
1279 1105 
[1] "C model fitted"
[1] "A model fitted"
[1] "Estimates computed"
[1] "SEs computed"
  estimand theta tau       est         se       PCL       PCU UCL UCU
1     mu_1  0.30 0.2 0.2336717 0.02957515 0.1757044 0.2916390   0   0
2     mu_1  0.45 0.2 0.1816389 0.01797775 0.1464025 0.2168753   0   0
3     mu_1  0.60 0.2 0.1558259 0.01605053 0.1243668 0.1872849   0   0
4     mu_0  0.30 0.2 0.5580158 0.04132320 0.4770223 0.6390092   0   0
5     mu_0  0.45 0.2 0.4889415 0.03219536 0.4258386 0.5520444   0   0
6     mu_0  0.60 0.2 0.4273293 0.02943081 0.3696449 0.4850137   0   0
Warning message:
In checkConv(attr(opt, "derivs"), opt$par, ctrl = control$checkConv,  :
  Model failed to converge with max|grad| = 0.00334752 (tol = 0.002, component 1)
[1] "Total run time was 763.674 seconds"
###################################################
### Job finished at Thu Jun  5 11:37:49 EDT 2025 ###
###################################################
