##############################################################
### Job started at Thu Jun  5 11:27:06 EDT 2025 with m=200 for Chakladar IPCW ###
##############################################################
Loading required package: stats4

Attaching package: ‘sn’

The following object is masked from ‘package:stats’:

    sd

Loading required package: survival
Loading required package: Matrix

Attaching package: ‘dplyr’

The following objects are masked from ‘package:plyr’:

    arrange, count, desc, failwith, id, mutate, rename, summarise,
    summarize

The following objects are masked from ‘package:stats’:

    filter, lag

The following objects are masked from ‘package:base’:

    intersect, setdiff, setequal, union


Attaching package: ‘geex’

The following object is masked from ‘package:lme4’:

    show

The following object is masked from ‘package:Matrix’:

    show

The following object is masked from ‘package:sn’:

    show

The following object is masked from ‘package:stats4’:

    show

The following object is masked from ‘package:methods’:

    show

── Attaching core tidyverse packages ──────────────────────── tidyverse 2.0.0 ──
✔ forcats   1.0.0     ✔ readr     2.1.4
✔ ggplot2   3.4.4     ✔ stringr   1.5.1
✔ lubridate 1.9.3     ✔ tibble    3.2.1
✔ purrr     0.3.5     ✔ tidyr     1.2.1
── Conflicts ────────────────────────────────────────── tidyverse_conflicts() ──
✖ dplyr::arrange()   masks plyr::arrange()
✖ purrr::compact()   masks plyr::compact()
✖ dplyr::count()     masks plyr::count()
✖ dplyr::desc()      masks plyr::desc()
✖ lubridate::dst()   masks sn::dst()
✖ tidyr::expand()    masks Matrix::expand()
✖ dplyr::failwith()  masks plyr::failwith()
✖ dplyr::filter()    masks stats::filter()
✖ dplyr::id()        masks plyr::id()
✖ dplyr::lag()       masks stats::lag()
✖ dplyr::mutate()    masks plyr::mutate()
✖ tidyr::pack()      masks Matrix::pack()
✖ dplyr::rename()    masks plyr::rename()
✖ lubridate::show()  masks geex::show(), lme4::show(), Matrix::show(), sn::show(), stats4::show(), methods::show()
✖ dplyr::summarise() masks plyr::summarise()
✖ dplyr::summarize() masks plyr::summarize()
✖ tidyr::unpack()    masks Matrix::unpack()
ℹ Use the conflicted package (<http://conflicted.r-lib.org/>) to force all conflicts to become errors
# A tibble: 42 × 4
   theta   tau estimand   truth
   <dbl> <dbl> <chr>      <dbl>
 1  0.3    0.2 de       -0.300 
 2  0.3    0.2 mu        0.469 
 3  0.3    0.2 mu_0      0.560 
 4  0.3    0.2 mu_1      0.259 
 5  0.3    0.2 oe        0.0883
 6  0.3    0.2 se_0      0.0510
 7  0.3    0.2 se_1      0.0337
 8  0.45   0.2 de       -0.283 
 9  0.45   0.2 mu        0.381 
10  0.45   0.2 mu_0      0.509 
11  0.45   0.2 mu_1      0.226 
12  0.45   0.2 oe        0     
13  0.45   0.2 se_0      0     
14  0.45   0.2 se_1      0     
15  0.6    0.2 de       -0.268 
16  0.6    0.2 mu        0.304 
17  0.6    0.2 mu_0      0.465 
18  0.6    0.2 mu_1      0.197 
19  0.6    0.2 oe       -0.0771
20  0.6    0.2 se_0     -0.0434
21  0.6    0.2 se_1     -0.0288
22  0.3    0.4 de       -0.287 
23  0.3    0.4 mu        0.580 
24  0.3    0.4 mu_0      0.666 
25  0.3    0.4 mu_1      0.379 
26  0.3    0.4 oe        0.0919
27  0.3    0.4 se_0      0.0542
28  0.3    0.4 se_1      0.0423
29  0.45   0.4 de       -0.275 
30  0.45   0.4 mu        0.488 
31  0.45   0.4 mu_0      0.612 
32  0.45   0.4 mu_1      0.337 
33  0.45   0.4 oe        0     
34  0.45   0.4 se_0      0     
35  0.45   0.4 se_1      0     
36  0.6    0.4 de       -0.264 
37  0.6    0.4 mu        0.405 
38  0.6    0.4 mu_0      0.563 
39  0.6    0.4 mu_1      0.299 
40  0.6    0.4 oe       -0.0830
41  0.6    0.4 se_0     -0.0481
42  0.6    0.4 se_1     -0.0375
[1] "[Analysis setting]"
[1] "taus: 0.2"
[1] "thetas: 0.3, 0.45, 0.6"
[1] "m: 200"
[1] "N_total: 2541"
[1] "cluster size dist'n: "

 5  6  7  8  9 10 11 12 13 14 15 16 17 18 19 20 
14 11 16  8 12 17  7  8 12  8 20 11 15 14 13 14 
[1] "observed time summary: "
   Min. 1st Qu.  Median    Mean 3rd Qu.    Max. 
0.00000 0.02085 0.21888 0.61924 0.78310 8.03523 
[1] "event indicator table: "

   0    1 
1028 1513 
[1] "treatment indicator table: "

   0    1 
1368 1173 
[1] "C model fitted"
[1] "A model fitted"
[1] "Estimates computed"
[1] "SEs computed"
  estimand theta tau       est         se       PCL       PCU UCL UCU
1     mu_1  0.30 0.2 0.2163169 0.02434422 0.1686022 0.2640315   0   0
2     mu_1  0.45 0.2 0.2067697 0.01931844 0.1689055 0.2446338   0   0
3     mu_1  0.60 0.2 0.1933147 0.02041216 0.1533069 0.2333225   0   0
4     mu_0  0.30 0.2 0.4513457 0.03363065 0.3854296 0.5172618   0   0
5     mu_0  0.45 0.2 0.4108452 0.03144558 0.3492119 0.4724785   0   0
6     mu_0  0.60 0.2 0.4283544 0.04207096 0.3458954 0.5108135   0   0
Warning message:
In checkConv(attr(opt, "derivs"), opt$par, ctrl = control$checkConv,  :
  Model failed to converge with max|grad| = 0.00569478 (tol = 0.002, component 1)
[1] "Total run time was 755.083 seconds"
###################################################
### Job finished at Thu Jun  5 11:39:41 EDT 2025 ###
###################################################
