##############################################################
### Job started at Thu Jun  5 11:24:43 EDT 2025 with m=200 for Chakladar IPCW ###
##############################################################
Loading required package: stats4

Attaching package: ‘sn’

The following object is masked from ‘package:stats’:

    sd

Loading required package: survival
Loading required package: Matrix

Attaching package: ‘dplyr’

The following objects are masked from ‘package:plyr’:

    arrange, count, desc, failwith, id, mutate, rename, summarise,
    summarize

The following objects are masked from ‘package:stats’:

    filter, lag

The following objects are masked from ‘package:base’:

    intersect, setdiff, setequal, union


Attaching package: ‘geex’

The following object is masked from ‘package:lme4’:

    show

The following object is masked from ‘package:Matrix’:

    show

The following object is masked from ‘package:sn’:

    show

The following object is masked from ‘package:stats4’:

    show

The following object is masked from ‘package:methods’:

    show

── Attaching core tidyverse packages ──────────────────────── tidyverse 2.0.0 ──
✔ forcats   1.0.0     ✔ readr     2.1.4
✔ ggplot2   3.4.4     ✔ stringr   1.5.1
✔ lubridate 1.9.3     ✔ tibble    3.2.1
✔ purrr     0.3.5     ✔ tidyr     1.2.1
── Conflicts ────────────────────────────────────────── tidyverse_conflicts() ──
✖ dplyr::arrange()   masks plyr::arrange()
✖ purrr::compact()   masks plyr::compact()
✖ dplyr::count()     masks plyr::count()
✖ dplyr::desc()      masks plyr::desc()
✖ lubridate::dst()   masks sn::dst()
✖ tidyr::expand()    masks Matrix::expand()
✖ dplyr::failwith()  masks plyr::failwith()
✖ dplyr::filter()    masks stats::filter()
✖ dplyr::id()        masks plyr::id()
✖ dplyr::lag()       masks stats::lag()
✖ dplyr::mutate()    masks plyr::mutate()
✖ tidyr::pack()      masks Matrix::pack()
✖ dplyr::rename()    masks plyr::rename()
✖ lubridate::show()  masks geex::show(), lme4::show(), Matrix::show(), sn::show(), stats4::show(), methods::show()
✖ dplyr::summarise() masks plyr::summarise()
✖ dplyr::summarize() masks plyr::summarize()
✖ tidyr::unpack()    masks Matrix::unpack()
ℹ Use the conflicted package (<http://conflicted.r-lib.org/>) to force all conflicts to become errors
# A tibble: 42 × 4
   theta   tau estimand   truth
   <dbl> <dbl> <chr>      <dbl>
 1  0.3    0.2 de       -0.284 
 2  0.3    0.2 mu        0.449 
 3  0.3    0.2 mu_0      0.534 
 4  0.3    0.2 mu_1      0.250 
 5  0.3    0.2 oe        0.0765
 6  0.3    0.2 se_0      0.0385
 7  0.3    0.2 se_1      0.0284
 8  0.45   0.2 de       -0.273 
 9  0.45   0.2 mu        0.372 
10  0.45   0.2 mu_0      0.495 
11  0.45   0.2 mu_1      0.222 
12  0.45   0.2 oe        0     
13  0.45   0.2 se_0      0     
14  0.45   0.2 se_1      0     
15  0.6    0.2 de       -0.267 
16  0.6    0.2 mu        0.312 
17  0.6    0.2 mu_0      0.472 
18  0.6    0.2 mu_1      0.205 
19  0.6    0.2 oe       -0.0603
20  0.6    0.2 se_0     -0.0230
21  0.6    0.2 se_1     -0.0167
22  0.3    0.4 de       -0.268 
23  0.3    0.4 mu        0.553 
24  0.3    0.4 mu_0      0.633 
25  0.3    0.4 mu_1      0.365 
26  0.3    0.4 oe        0.0772
27  0.3    0.4 se_0      0.0390
28  0.3    0.4 se_1      0.0347
29  0.45   0.4 de       -0.264 
30  0.45   0.4 mu        0.476 
31  0.45   0.4 mu_0      0.594 
32  0.45   0.4 mu_1      0.331 
33  0.45   0.4 oe        0     
34  0.45   0.4 se_0      0     
35  0.45   0.4 se_1      0     
36  0.6    0.4 de       -0.260 
37  0.6    0.4 mu        0.415 
38  0.6    0.4 mu_0      0.571 
39  0.6    0.4 mu_1      0.311 
40  0.6    0.4 oe       -0.0604
41  0.6    0.4 se_0     -0.0230
42  0.6    0.4 se_1     -0.0195
[1] "[Analysis setting]"
[1] "taus: 0.2"
[1] "thetas: 0.3, 0.45, 0.6"
[1] "m: 200"
[1] "N_total: 2458"
[1] "cluster size dist'n: "

 5  6  7  8  9 10 11 12 13 14 15 16 17 18 19 20 
13 11 18  8 18  7 13 15 13 11 11 18 14 11 10  9 
[1] "observed time summary: "
   Min. 1st Qu.  Median    Mean 3rd Qu.    Max. 
 0.0000  0.0193  0.2041  0.6057  0.7588 11.0121 
[1] "event indicator table: "

   0    1 
 963 1495 
[1] "treatment indicator table: "

   0    1 
1244 1214 
[1] "C model fitted"
[1] "A model fitted"
[1] "Estimates computed"
[1] "SEs computed"
  estimand theta tau       est         se       PCL       PCU UCL UCU
1     mu_1  0.30 0.2 0.2225451 0.02912030 0.1654693 0.2796209   0   0
2     mu_1  0.45 0.2 0.2169796 0.01989189 0.1779915 0.2559677   0   0
3     mu_1  0.60 0.2 0.1941855 0.02016427 0.1546635 0.2337074   0   0
4     mu_0  0.30 0.2 0.4598196 0.03650380 0.3882721 0.5313670   0   0
5     mu_0  0.45 0.2 0.4656494 0.02873248 0.4093338 0.5219651   0   0
6     mu_0  0.60 0.2 0.4354822 0.02941009 0.3778385 0.4931260   0   0
Warning message:
In checkConv(attr(opt, "derivs"), opt$par, ctrl = control$checkConv,  :
  Model failed to converge with max|grad| = 0.0040821 (tol = 0.002, component 1)
[1] "Total run time was 741.787 seconds"
###################################################
### Job finished at Thu Jun  5 11:37:05 EDT 2025 ###
###################################################
