##############################################################
### Job started at Thu Jun  5 11:25:04 EDT 2025 with m=200 for Chakladar IPCW ###
##############################################################
Loading required package: stats4

Attaching package: ‘sn’

The following object is masked from ‘package:stats’:

    sd

Loading required package: survival
Loading required package: Matrix

Attaching package: ‘dplyr’

The following objects are masked from ‘package:plyr’:

    arrange, count, desc, failwith, id, mutate, rename, summarise,
    summarize

The following objects are masked from ‘package:stats’:

    filter, lag

The following objects are masked from ‘package:base’:

    intersect, setdiff, setequal, union


Attaching package: ‘geex’

The following object is masked from ‘package:lme4’:

    show

The following object is masked from ‘package:Matrix’:

    show

The following object is masked from ‘package:sn’:

    show

The following object is masked from ‘package:stats4’:

    show

The following object is masked from ‘package:methods’:

    show

── Attaching core tidyverse packages ──────────────────────── tidyverse 2.0.0 ──
✔ forcats   1.0.0     ✔ readr     2.1.4
✔ ggplot2   3.4.4     ✔ stringr   1.5.1
✔ lubridate 1.9.3     ✔ tibble    3.2.1
✔ purrr     0.3.5     ✔ tidyr     1.2.1
── Conflicts ────────────────────────────────────────── tidyverse_conflicts() ──
✖ dplyr::arrange()   masks plyr::arrange()
✖ purrr::compact()   masks plyr::compact()
✖ dplyr::count()     masks plyr::count()
✖ dplyr::desc()      masks plyr::desc()
✖ lubridate::dst()   masks sn::dst()
✖ tidyr::expand()    masks Matrix::expand()
✖ dplyr::failwith()  masks plyr::failwith()
✖ dplyr::filter()    masks stats::filter()
✖ dplyr::id()        masks plyr::id()
✖ dplyr::lag()       masks stats::lag()
✖ dplyr::mutate()    masks plyr::mutate()
✖ tidyr::pack()      masks Matrix::pack()
✖ dplyr::rename()    masks plyr::rename()
✖ lubridate::show()  masks geex::show(), lme4::show(), Matrix::show(), sn::show(), stats4::show(), methods::show()
✖ dplyr::summarise() masks plyr::summarise()
✖ dplyr::summarize() masks plyr::summarize()
✖ tidyr::unpack()    masks Matrix::unpack()
ℹ Use the conflicted package (<http://conflicted.r-lib.org/>) to force all conflicts to become errors
# A tibble: 42 × 4
   theta   tau estimand    truth
   <dbl> <dbl> <chr>       <dbl>
 1  0.3    0.2 de       -0.289  
 2  0.3    0.2 mu        0.455  
 3  0.3    0.2 mu_0      0.541  
 4  0.3    0.2 mu_1      0.252  
 5  0.3    0.2 oe        0.0756 
 6  0.3    0.2 se_0      0.0388 
 7  0.3    0.2 se_1      0.0242 
 8  0.45   0.2 de       -0.275  
 9  0.45   0.2 mu        0.379  
10  0.45   0.2 mu_0      0.503  
11  0.45   0.2 mu_1      0.228  
12  0.45   0.2 oe        0      
13  0.45   0.2 se_0      0      
14  0.45   0.2 se_1      0      
15  0.6    0.2 de       -0.277  
16  0.6    0.2 mu        0.324  
17  0.6    0.2 mu_0      0.490  
18  0.6    0.2 mu_1      0.214  
19  0.6    0.2 oe       -0.0546 
20  0.6    0.2 se_0     -0.0121 
21  0.6    0.2 se_1     -0.0143 
22  0.3    0.4 de       -0.273  
23  0.3    0.4 mu        0.558  
24  0.3    0.4 mu_0      0.640  
25  0.3    0.4 mu_1      0.367  
26  0.3    0.4 oe        0.0748 
27  0.3    0.4 se_0      0.0386 
28  0.3    0.4 se_1      0.0280 
29  0.45   0.4 de       -0.263  
30  0.45   0.4 mu        0.483  
31  0.45   0.4 mu_0      0.601  
32  0.45   0.4 mu_1      0.339  
33  0.45   0.4 oe        0      
34  0.45   0.4 se_0      0      
35  0.45   0.4 se_1      0      
36  0.6    0.4 de       -0.269  
37  0.6    0.4 mu        0.430  
38  0.6    0.4 mu_0      0.592  
39  0.6    0.4 mu_1      0.323  
40  0.6    0.4 oe       -0.0527 
41  0.6    0.4 se_0     -0.00969
42  0.6    0.4 se_1     -0.0158 
[1] "[Analysis setting]"
[1] "taus: 0.2"
[1] "thetas: 0.3, 0.45, 0.6"
[1] "m: 200"
[1] "N_total: 2604"
[1] "cluster size dist'n: "

 5  6  7  8  9 10 11 12 13 14 15 16 17 18 19 20 
16  9 11  8  8 10 12 12 18  9 12 19 14 14 13 15 
[1] "observed time summary: "
   Min. 1st Qu.  Median    Mean 3rd Qu.    Max. 
0.00000 0.02213 0.21301 0.60109 0.77347 8.92171 
[1] "event indicator table: "

   0    1 
1009 1595 
[1] "treatment indicator table: "

   0    1 
1359 1245 
[1] "C model fitted"
[1] "A model fitted"
[1] "Estimates computed"
[1] "SEs computed"
  estimand theta tau       est         se       PCL       PCU UCL UCU
1     mu_1  0.30 0.2 0.2338571 0.03458946 0.1660618 0.3016525   0   0
2     mu_1  0.45 0.2 0.2070418 0.01999658 0.1678486 0.2462351   0   0
3     mu_1  0.60 0.2 0.1736927 0.01493644 0.1444173 0.2029681   0   0
4     mu_0  0.30 0.2 0.4401411 0.03206140 0.3773008 0.5029815   0   0
5     mu_0  0.45 0.2 0.4663937 0.03235606 0.4029758 0.5298116   0   0
6     mu_0  0.60 0.2 0.4597901 0.04090462 0.3796171 0.5399632   0   0
[1] "Total run time was 684.452 seconds"
###################################################
### Job finished at Thu Jun  5 11:36:29 EDT 2025 ###
###################################################
