##############################################################
### Job started at Thu Jun  5 11:28:46 EDT 2025 with m=200 for Chakladar IPCW ###
##############################################################
Loading required package: stats4

Attaching package: ‘sn’

The following object is masked from ‘package:stats’:

    sd

Loading required package: survival
Loading required package: Matrix

Attaching package: ‘dplyr’

The following objects are masked from ‘package:plyr’:

    arrange, count, desc, failwith, id, mutate, rename, summarise,
    summarize

The following objects are masked from ‘package:stats’:

    filter, lag

The following objects are masked from ‘package:base’:

    intersect, setdiff, setequal, union


Attaching package: ‘geex’

The following object is masked from ‘package:lme4’:

    show

The following object is masked from ‘package:Matrix’:

    show

The following object is masked from ‘package:sn’:

    show

The following object is masked from ‘package:stats4’:

    show

The following object is masked from ‘package:methods’:

    show

── Attaching core tidyverse packages ──────────────────────── tidyverse 2.0.0 ──
✔ forcats   1.0.0     ✔ readr     2.1.4
✔ ggplot2   3.4.4     ✔ stringr   1.5.1
✔ lubridate 1.9.3     ✔ tibble    3.2.1
✔ purrr     0.3.5     ✔ tidyr     1.2.1
── Conflicts ────────────────────────────────────────── tidyverse_conflicts() ──
✖ dplyr::arrange()   masks plyr::arrange()
✖ purrr::compact()   masks plyr::compact()
✖ dplyr::count()     masks plyr::count()
✖ dplyr::desc()      masks plyr::desc()
✖ lubridate::dst()   masks sn::dst()
✖ tidyr::expand()    masks Matrix::expand()
✖ dplyr::failwith()  masks plyr::failwith()
✖ dplyr::filter()    masks stats::filter()
✖ dplyr::id()        masks plyr::id()
✖ dplyr::lag()       masks stats::lag()
✖ dplyr::mutate()    masks plyr::mutate()
✖ tidyr::pack()      masks Matrix::pack()
✖ dplyr::rename()    masks plyr::rename()
✖ lubridate::show()  masks geex::show(), lme4::show(), Matrix::show(), sn::show(), stats4::show(), methods::show()
✖ dplyr::summarise() masks plyr::summarise()
✖ dplyr::summarize() masks plyr::summarize()
✖ tidyr::unpack()    masks Matrix::unpack()
ℹ Use the conflicted package (<http://conflicted.r-lib.org/>) to force all conflicts to become errors
# A tibble: 42 × 4
   theta   tau estimand   truth
   <dbl> <dbl> <chr>      <dbl>
 1  0.3    0.2 de       -0.258 
 2  0.3    0.2 mu        0.421 
 3  0.3    0.2 mu_0      0.499 
 4  0.3    0.2 mu_1      0.241 
 5  0.3    0.2 oe        0.0567
 6  0.3    0.2 se_0      0.0153
 7  0.3    0.2 se_1      0.0214
 8  0.45   0.2 de       -0.264 
 9  0.45   0.2 mu        0.365 
10  0.45   0.2 mu_0      0.483 
11  0.45   0.2 mu_1      0.220 
12  0.45   0.2 oe        0     
13  0.45   0.2 se_0      0     
14  0.45   0.2 se_1      0     
15  0.6    0.2 de       -0.263 
16  0.6    0.2 mu        0.311 
17  0.6    0.2 mu_0      0.469 
18  0.6    0.2 mu_1      0.206 
19  0.6    0.2 oe       -0.0538
20  0.6    0.2 se_0     -0.0146
21  0.6    0.2 se_1     -0.0140
22  0.3    0.4 de       -0.240 
23  0.3    0.4 mu        0.519 
24  0.3    0.4 mu_0      0.591 
25  0.3    0.4 mu_1      0.352 
26  0.3    0.4 oe        0.0531
27  0.3    0.4 se_0      0.0113
28  0.3    0.4 se_1      0.0244
29  0.45   0.4 de       -0.253 
30  0.45   0.4 mu        0.466 
31  0.45   0.4 mu_0      0.580 
32  0.45   0.4 mu_1      0.327 
33  0.45   0.4 oe        0     
34  0.45   0.4 se_0      0     
35  0.45   0.4 se_1      0     
36  0.6    0.4 de       -0.255 
37  0.6    0.4 mu        0.414 
38  0.6    0.4 mu_0      0.567 
39  0.6    0.4 mu_1      0.312 
40  0.6    0.4 oe       -0.0522
41  0.6    0.4 se_0     -0.0128
42  0.6    0.4 se_1     -0.0153
[1] "[Analysis setting]"
[1] "taus: 0.2"
[1] "thetas: 0.3, 0.45, 0.6"
[1] "m: 200"
[1] "N_total: 2534"
[1] "cluster size dist'n: "

 5  6  7  8  9 10 11 12 13 14 15 16 17 18 19 20 
11 13 12 17 12  9  7 13 13  9 13 19 16 11 14 11 
[1] "observed time summary: "
   Min. 1st Qu.  Median    Mean 3rd Qu.    Max. 
 0.0000  0.0208  0.2082  0.6209  0.7709 17.0044 
[1] "event indicator table: "

   0    1 
1029 1505 
[1] "treatment indicator table: "

   0    1 
1328 1206 
[1] "C model fitted"
[1] "A model fitted"
[1] "Estimates computed"
[1] "SEs computed"
  estimand theta tau       est         se       PCL       PCU UCL UCU
1     mu_1  0.30 0.2 0.2495040 0.02354247 0.2033608 0.2956473   0   0
2     mu_1  0.45 0.2 0.2269638 0.02053359 0.1867180 0.2672096   0   0
3     mu_1  0.60 0.2 0.1728569 0.01474321 0.1439602 0.2017536   0   0
4     mu_0  0.30 0.2 0.4414387 0.02920026 0.3842062 0.4986712   0   0
5     mu_0  0.45 0.2 0.4807114 0.02943023 0.4230281 0.5383946   0   0
6     mu_0  0.60 0.2 0.4343645 0.03036335 0.3748523 0.4938766   0   0
Warning message:
In checkConv(attr(opt, "derivs"), opt$par, ctrl = control$checkConv,  :
  Model failed to converge with max|grad| = 0.00788102 (tol = 0.002, component 1)
[1] "Total run time was 1174.143 seconds"
###################################################
### Job finished at Thu Jun  5 11:48:20 EDT 2025 ###
###################################################
