##############################################################
### Job started at Thu Jun  5 11:28:46 EDT 2025 with m=200 for Chakladar IPCW ###
##############################################################
Loading required package: stats4

Attaching package: ‘sn’

The following object is masked from ‘package:stats’:

    sd

Loading required package: survival
Loading required package: Matrix

Attaching package: ‘dplyr’

The following objects are masked from ‘package:plyr’:

    arrange, count, desc, failwith, id, mutate, rename, summarise,
    summarize

The following objects are masked from ‘package:stats’:

    filter, lag

The following objects are masked from ‘package:base’:

    intersect, setdiff, setequal, union


Attaching package: ‘geex’

The following object is masked from ‘package:lme4’:

    show

The following object is masked from ‘package:Matrix’:

    show

The following object is masked from ‘package:sn’:

    show

The following object is masked from ‘package:stats4’:

    show

The following object is masked from ‘package:methods’:

    show

── Attaching core tidyverse packages ──────────────────────── tidyverse 2.0.0 ──
✔ forcats   1.0.0     ✔ readr     2.1.4
✔ ggplot2   3.4.4     ✔ stringr   1.5.1
✔ lubridate 1.9.3     ✔ tibble    3.2.1
✔ purrr     0.3.5     ✔ tidyr     1.2.1
── Conflicts ────────────────────────────────────────── tidyverse_conflicts() ──
✖ dplyr::arrange()   masks plyr::arrange()
✖ purrr::compact()   masks plyr::compact()
✖ dplyr::count()     masks plyr::count()
✖ dplyr::desc()      masks plyr::desc()
✖ lubridate::dst()   masks sn::dst()
✖ tidyr::expand()    masks Matrix::expand()
✖ dplyr::failwith()  masks plyr::failwith()
✖ dplyr::filter()    masks stats::filter()
✖ dplyr::id()        masks plyr::id()
✖ dplyr::lag()       masks stats::lag()
✖ dplyr::mutate()    masks plyr::mutate()
✖ tidyr::pack()      masks Matrix::pack()
✖ dplyr::rename()    masks plyr::rename()
✖ lubridate::show()  masks geex::show(), lme4::show(), Matrix::show(), sn::show(), stats4::show(), methods::show()
✖ dplyr::summarise() masks plyr::summarise()
✖ dplyr::summarize() masks plyr::summarize()
✖ tidyr::unpack()    masks Matrix::unpack()
ℹ Use the conflicted package (<http://conflicted.r-lib.org/>) to force all conflicts to become errors
# A tibble: 42 × 4
   theta   tau estimand   truth
   <dbl> <dbl> <chr>      <dbl>
 1  0.3    0.2 de       -0.303 
 2  0.3    0.2 mu        0.481 
 3  0.3    0.2 mu_0      0.572 
 4  0.3    0.2 mu_1      0.269 
 5  0.3    0.2 oe        0.0793
 6  0.3    0.2 se_0      0.0395
 7  0.3    0.2 se_1      0.0271
 8  0.45   0.2 de       -0.290 
 9  0.45   0.2 mu        0.401 
10  0.45   0.2 mu_0      0.532 
11  0.45   0.2 mu_1      0.242 
12  0.45   0.2 oe        0     
13  0.45   0.2 se_0      0     
14  0.45   0.2 se_1      0     
15  0.6    0.2 de       -0.287 
16  0.6    0.2 mu        0.338 
17  0.6    0.2 mu_0      0.510 
18  0.6    0.2 mu_1      0.223 
19  0.6    0.2 oe       -0.0635
20  0.6    0.2 se_0     -0.0218
21  0.6    0.2 se_1     -0.0187
22  0.3    0.4 de       -0.283 
23  0.3    0.4 mu        0.584 
24  0.3    0.4 mu_0      0.669 
25  0.3    0.4 mu_1      0.386 
26  0.3    0.4 oe        0.0783
27  0.3    0.4 se_0      0.0394
28  0.3    0.4 se_1      0.0316
29  0.45   0.4 de       -0.275 
30  0.45   0.4 mu        0.506 
31  0.45   0.4 mu_0      0.629 
32  0.45   0.4 mu_1      0.354 
33  0.45   0.4 oe        0     
34  0.45   0.4 se_0      0     
35  0.45   0.4 se_1      0     
36  0.6    0.4 de       -0.275 
37  0.6    0.4 mu        0.443 
38  0.6    0.4 mu_0      0.608 
39  0.6    0.4 mu_1      0.333 
40  0.6    0.4 oe       -0.0628
41  0.6    0.4 se_0     -0.0215
42  0.6    0.4 se_1     -0.0216
[1] "[Analysis setting]"
[1] "taus: 0.2"
[1] "thetas: 0.3, 0.45, 0.6"
[1] "m: 200"
[1] "N_total: 2510"
[1] "cluster size dist'n: "

 5  6  7  8  9 10 11 12 13 14 15 16 17 18 19 20 
12 15 11  9 16 10 13 13 14 12 12 12 14 10 12 15 
[1] "observed time summary: "
    Min.  1st Qu.   Median     Mean  3rd Qu.     Max. 
 0.00000  0.01655  0.18329  0.59136  0.71200 10.00756 
[1] "event indicator table: "

   0    1 
 974 1536 
[1] "treatment indicator table: "

   0    1 
1314 1196 
[1] "C model fitted"
[1] "A model fitted"
[1] "Estimates computed"
[1] "SEs computed"
  estimand theta tau       est         se       PCL       PCU UCL UCU
1     mu_1  0.30 0.2 0.2355087 0.02571063 0.1851158 0.2859015   0   0
2     mu_1  0.45 0.2 0.2029579 0.01920070 0.1653246 0.2405913   0   0
3     mu_1  0.60 0.2 0.2015235 0.02367479 0.1551209 0.2479261   0   0
4     mu_0  0.30 0.2 0.4314843 0.02822191 0.3761694 0.4867993   0   0
5     mu_0  0.45 0.2 0.4179145 0.02539546 0.3681394 0.4676896   0   0
6     mu_0  0.60 0.2 0.4364587 0.03008674 0.3774887 0.4954287   0   0
[1] "Total run time was 818.97 seconds"
###################################################
### Job finished at Thu Jun  5 11:42:26 EDT 2025 ###
###################################################
