##############################################################
### Job started at Thu Jun  5 11:24:43 EDT 2025 with m=200 for Chakladar IPCW ###
##############################################################
Loading required package: stats4

Attaching package: ‘sn’

The following object is masked from ‘package:stats’:

    sd

Loading required package: survival
Loading required package: Matrix

Attaching package: ‘dplyr’

The following objects are masked from ‘package:plyr’:

    arrange, count, desc, failwith, id, mutate, rename, summarise,
    summarize

The following objects are masked from ‘package:stats’:

    filter, lag

The following objects are masked from ‘package:base’:

    intersect, setdiff, setequal, union


Attaching package: ‘geex’

The following object is masked from ‘package:lme4’:

    show

The following object is masked from ‘package:Matrix’:

    show

The following object is masked from ‘package:sn’:

    show

The following object is masked from ‘package:stats4’:

    show

The following object is masked from ‘package:methods’:

    show

── Attaching core tidyverse packages ──────────────────────── tidyverse 2.0.0 ──
✔ forcats   1.0.0     ✔ readr     2.1.4
✔ ggplot2   3.4.4     ✔ stringr   1.5.1
✔ lubridate 1.9.3     ✔ tibble    3.2.1
✔ purrr     0.3.5     ✔ tidyr     1.2.1
── Conflicts ────────────────────────────────────────── tidyverse_conflicts() ──
✖ dplyr::arrange()   masks plyr::arrange()
✖ purrr::compact()   masks plyr::compact()
✖ dplyr::count()     masks plyr::count()
✖ dplyr::desc()      masks plyr::desc()
✖ lubridate::dst()   masks sn::dst()
✖ tidyr::expand()    masks Matrix::expand()
✖ dplyr::failwith()  masks plyr::failwith()
✖ dplyr::filter()    masks stats::filter()
✖ dplyr::id()        masks plyr::id()
✖ dplyr::lag()       masks stats::lag()
✖ dplyr::mutate()    masks plyr::mutate()
✖ tidyr::pack()      masks Matrix::pack()
✖ dplyr::rename()    masks plyr::rename()
✖ lubridate::show()  masks geex::show(), lme4::show(), Matrix::show(), sn::show(), stats4::show(), methods::show()
✖ dplyr::summarise() masks plyr::summarise()
✖ dplyr::summarize() masks plyr::summarize()
✖ tidyr::unpack()    masks Matrix::unpack()
ℹ Use the conflicted package (<http://conflicted.r-lib.org/>) to force all conflicts to become errors
# A tibble: 42 × 4
   theta   tau estimand   truth
   <dbl> <dbl> <chr>      <dbl>
 1  0.3    0.2 de       -0.278 
 2  0.3    0.2 mu        0.442 
 3  0.3    0.2 mu_0      0.525 
 4  0.3    0.2 mu_1      0.247 
 5  0.3    0.2 oe        0.0744
 6  0.3    0.2 se_0      0.0366
 7  0.3    0.2 se_1      0.0279
 8  0.45   0.2 de       -0.269 
 9  0.45   0.2 mu        0.367 
10  0.45   0.2 mu_0      0.488 
11  0.45   0.2 mu_1      0.219 
12  0.45   0.2 oe        0     
13  0.45   0.2 se_0      0     
14  0.45   0.2 se_1      0     
15  0.6    0.2 de       -0.266 
16  0.6    0.2 mu        0.306 
17  0.6    0.2 mu_0      0.465 
18  0.6    0.2 mu_1      0.200 
19  0.6    0.2 oe       -0.0613
20  0.6    0.2 se_0     -0.0231
21  0.6    0.2 se_1     -0.0195
22  0.3    0.4 de       -0.263 
23  0.3    0.4 mu        0.543 
24  0.3    0.4 mu_0      0.622 
25  0.3    0.4 mu_1      0.359 
26  0.3    0.4 oe        0.0744
27  0.3    0.4 se_0      0.0363
28  0.3    0.4 se_1      0.0333
29  0.45   0.4 de       -0.260 
30  0.45   0.4 mu        0.469 
31  0.45   0.4 mu_0      0.586 
32  0.45   0.4 mu_1      0.326 
33  0.45   0.4 oe        0     
34  0.45   0.4 se_0      0     
35  0.45   0.4 se_1      0     
36  0.6    0.4 de       -0.261 
37  0.6    0.4 mu        0.407 
38  0.6    0.4 mu_0      0.563 
39  0.6    0.4 mu_1      0.303 
40  0.6    0.4 oe       -0.0621
41  0.6    0.4 se_0     -0.0225
42  0.6    0.4 se_1     -0.0235
[1] "[Analysis setting]"
[1] "taus: 0.2"
[1] "thetas: 0.3, 0.45, 0.6"
[1] "m: 200"
[1] "N_total: 2548"
[1] "cluster size dist'n: "

 5  6  7  8  9 10 11 12 13 14 15 16 17 18 19 20 
 6 11 16 20 12  7 12 12 10 12 14 14 14 14 16 10 
[1] "observed time summary: "
   Min. 1st Qu.  Median    Mean 3rd Qu.    Max. 
 0.0000  0.0215  0.1905  0.5883  0.7468 14.5466 
[1] "event indicator table: "

   0    1 
1057 1491 
[1] "treatment indicator table: "

   0    1 
1392 1156 
[1] "C model fitted"
[1] "A model fitted"
[1] "Estimates computed"
[1] "SEs computed"
  estimand theta tau       est         se       PCL       PCU UCL UCU
1     mu_1  0.30 0.2 0.2485465 0.02303483 0.2033982 0.2936948   0   0
2     mu_1  0.45 0.2 0.2322822 0.01835363 0.1963091 0.2682553   0   0
3     mu_1  0.60 0.2 0.2208593 0.02038515 0.1809044 0.2608142   0   0
4     mu_0  0.30 0.2 0.4030779 0.02404549 0.3559487 0.4502071   0   0
5     mu_0  0.45 0.2 0.3910111 0.01996622 0.3518773 0.4301449   0   0
6     mu_0  0.60 0.2 0.3857247 0.02530348 0.3361298 0.4353195   0   0
Warning message:
In checkConv(attr(opt, "derivs"), opt$par, ctrl = control$checkConv,  :
  Model failed to converge with max|grad| = 0.003809 (tol = 0.002, component 1)
[1] "Total run time was 1347.57 seconds"
###################################################
### Job finished at Thu Jun  5 11:47:11 EDT 2025 ###
###################################################
