##############################################################
### Job started at Thu Jun  5 04:00:54 EDT 2025 with p=TypeB, m=200, r=100, s=21 ###
##############################################################

Attaching package: ‘dplyr’

The following objects are masked from ‘package:stats’:

    filter, lag

The following objects are masked from ‘package:base’:

    intersect, setdiff, setequal, union

Loading required package: foreach
Loading required package: iterators
Loading required package: parallel

 randomForestSRC 3.2.2 
 
 Type rfsrc.news() to see new features, changes, and bug fixes. 
 

[conflicted] Will prefer dplyr::select over any other package.
[conflicted] Will prefer dplyr::filter over any other package.
[conflicted] Will prefer reshape2::melt over any other package.
── Attaching core tidyverse packages ──────────────────────── tidyverse 2.0.0 ──
✔ forcats   1.0.0     ✔ readr     2.1.4
✔ ggplot2   3.5.2     ✔ stringr   1.5.1
✔ lubridate 1.9.3     ✔ tibble    3.2.1
✔ purrr     0.3.5     ✔ tidyr     1.2.1
# A tibble: 42 × 4
   theta   tau estimand   truth
   <dbl> <dbl> <chr>      <dbl>
 1  0.3    0.2 de       -0.283 
 2  0.3    0.2 mu        0.444 
 3  0.3    0.2 mu_0      0.529 
 4  0.3    0.2 mu_1      0.246 
 5  0.3    0.2 oe        0.0812
 6  0.3    0.2 se_0      0.0446
 7  0.3    0.2 se_1      0.0317
 8  0.45   0.2 de       -0.270 
 9  0.45   0.2 mu        0.363 
10  0.45   0.2 mu_0      0.484 
11  0.45   0.2 mu_1      0.215 
12  0.45   0.2 oe        0     
13  0.45   0.2 se_0      0     
14  0.45   0.2 se_1      0     
15  0.6    0.2 de       -0.260 
16  0.6    0.2 mu        0.299 
17  0.6    0.2 mu_0      0.455 
18  0.6    0.2 mu_1      0.195 
19  0.6    0.2 oe       -0.0642
20  0.6    0.2 se_0     -0.0295
21  0.6    0.2 se_1     -0.0199
22  0.3    0.4 de       -0.268 
23  0.3    0.4 mu        0.546 
24  0.3    0.4 mu_0      0.627 
25  0.3    0.4 mu_1      0.359 
26  0.3    0.4 oe        0.0833
27  0.3    0.4 se_0      0.0461
28  0.3    0.4 se_1      0.0395
29  0.45   0.4 de       -0.261 
30  0.45   0.4 mu        0.463 
31  0.45   0.4 mu_0      0.581 
32  0.45   0.4 mu_1      0.320 
33  0.45   0.4 oe        0     
34  0.45   0.4 se_0      0     
35  0.45   0.4 se_1      0     
36  0.6    0.4 de       -0.255 
37  0.6    0.4 mu        0.397 
38  0.6    0.4 mu_0      0.550 
39  0.6    0.4 mu_1      0.295 
40  0.6    0.4 oe       -0.0660
41  0.6    0.4 se_0     -0.0308
42  0.6    0.4 se_1     -0.0242
Loading required package: Matrix

Attaching package: ‘Matrix’

The following objects are masked from ‘package:tidyr’:

    expand, pack, unpack


==========================================================================
===========================   Analysis setting  ==========================
==========================================================================

- taus: 0.1, 0.2, 0.3, 0.4, 0.5 

- policy: TypeB 

- thetas: 0.3, 0.31, 0.32, 0.33, 0.34, 0.35, 0.36, 0.37, 0.38, 0.39, 0.4, 0.41, 0.42, 0.43, 0.44, 0.45, 0.46, 0.47, 0.48, 0.49, 0.5, 0.51, 0.52, 0.53, 0.54, 0.55, 0.56, 0.57, 0.58, 0.59, 0.6 

- r: 100 

- K: 2 

- Nuisance estimation method: T nonpara / C nonpara / A para 

- m: 200 

- N_total: 2563 

- cluster size dist'n: 
 5  6  7  8  9 10 11 12 13 14 15 16 17 18 19 20 
14 11 12  5 13 15  7 16 14 15 12 11 16 10 13 16 

 - observed time summary: 
   Min. 1st Qu.  Median    Mean 3rd Qu.    Max. 
0.00000 0.02052 0.22099 0.61109 0.79525 6.81879 

 - event indicator table: 
   0    1 
1017 1546 

 - event time summary: 
   Min. 1st Qu.  Median    Mean 3rd Qu.    Max. 
0.00000 0.01201 0.17714 0.58053 0.73878 6.81879 

 - censoring time summary: 
   Min. 1st Qu.  Median    Mean 3rd Qu.    Max. 
0.00000 0.04639 0.27749 0.65754 0.90961 6.64609 

 - treatment indicator table: 
   0    1 
1347 1216 

==========================================================================
===========================   Estimation start  ==========================
==========================================================================

--- Split:1 ---

   [*---------] 10% | ET: 10.9s 
   [**--------] 20% | ET: 24.3s 
   [***-------] 30% | ET: 37.3s 
   [****------] 40% | ET: 49.9s 
   [*****-----] 50% | ET: 63.2s 
   [******----] 60% | ET: 77.5s 
   [*******---] 70% | ET: 88.3s 
   [********--] 80% | ET: 101.8s 
   [*********-] 90% | ET: 114.8s 
   [**********] 100% | ET: 128.1s 

--- Split:2 ---

   [*---------] 10% | ET: 9.9s 
   [**--------] 20% | ET: 23.2s 
   [***-------] 30% | ET: 35.1s 
   [****------] 40% | ET: 45.4s 
   [*****-----] 50% | ET: 54.8s 
   [******----] 60% | ET: 64s 
   [*******---] 70% | ET: 74.4s 
   [********--] 80% | ET: 83.3s 
   [*********-] 90% | ET: 91.9s 
   [**********] 100% | ET: 100.5s 

--- IF for proposed nonparametric estimator computed --- ET: 248.3 seconds
--- Estimator computed: mu --- ET: 0.6 seconds --- 
--- Estimator computed: mu_1 --- ET: 0.7 seconds --- 
--- Estimator computed: mu_0 --- ET: 0.7 seconds --- 
--- Estimator computed: de --- ET: 0.6 seconds --- 
--- Estimator computed: oe --- ET: 0.7 seconds --- 
--- Estimator computed: se_1 --- ET: 0.6 seconds --- 
--- Estimator computed: se_0 --- ET: 0.6 seconds --- 
--- Total run time: 256.3 seconds --- 
--- Total run time: 269.6 seconds --- ###################################################
### Job finished at Thu Jun  5 04:05:24 EDT 2025 ###
###################################################
