##############################################################
### Job started at Thu Jun  5 03:58:33 EDT 2025 with p=TypeB, m=200, r=100, s=21 ###
##############################################################

Attaching package: ‘dplyr’

The following objects are masked from ‘package:stats’:

    filter, lag

The following objects are masked from ‘package:base’:

    intersect, setdiff, setequal, union

Loading required package: foreach
Loading required package: iterators
Loading required package: parallel

 randomForestSRC 3.2.2 
 
 Type rfsrc.news() to see new features, changes, and bug fixes. 
 

[conflicted] Will prefer dplyr::select over any other package.
[conflicted] Will prefer dplyr::filter over any other package.
[conflicted] Will prefer reshape2::melt over any other package.
── Attaching core tidyverse packages ──────────────────────── tidyverse 2.0.0 ──
✔ forcats   1.0.0     ✔ readr     2.1.4
✔ ggplot2   3.5.2     ✔ stringr   1.5.1
✔ lubridate 1.9.3     ✔ tibble    3.2.1
✔ purrr     0.3.5     ✔ tidyr     1.2.1
# A tibble: 42 × 4
   theta   tau estimand   truth
   <dbl> <dbl> <chr>      <dbl>
 1  0.3    0.2 de       -0.293 
 2  0.3    0.2 mu        0.463 
 3  0.3    0.2 mu_0      0.551 
 4  0.3    0.2 mu_1      0.258 
 5  0.3    0.2 oe        0.0788
 6  0.3    0.2 se_0      0.0406
 7  0.3    0.2 se_1      0.0277
 8  0.45   0.2 de       -0.280 
 9  0.45   0.2 mu        0.384 
10  0.45   0.2 mu_0      0.511 
11  0.45   0.2 mu_1      0.230 
12  0.45   0.2 oe        0     
13  0.45   0.2 se_0      0     
14  0.45   0.2 se_1      0     
15  0.6    0.2 de       -0.269 
16  0.6    0.2 mu        0.318 
17  0.6    0.2 mu_0      0.479 
18  0.6    0.2 mu_1      0.210 
19  0.6    0.2 oe       -0.0669
20  0.6    0.2 se_0     -0.0316
21  0.6    0.2 se_1     -0.0202
22  0.3    0.4 de       -0.276 
23  0.3    0.4 mu        0.567 
24  0.3    0.4 mu_0      0.650 
25  0.3    0.4 mu_1      0.374 
26  0.3    0.4 oe        0.0787
27  0.3    0.4 se_0      0.0408
28  0.3    0.4 se_1      0.0332
29  0.45   0.4 de       -0.268 
30  0.45   0.4 mu        0.489 
31  0.45   0.4 mu_0      0.609 
32  0.45   0.4 mu_1      0.341 
33  0.45   0.4 oe        0     
34  0.45   0.4 se_0      0     
35  0.45   0.4 se_1      0     
36  0.6    0.4 de       -0.260 
37  0.6    0.4 mu        0.421 
38  0.6    0.4 mu_0      0.576 
39  0.6    0.4 mu_1      0.317 
40  0.6    0.4 oe       -0.0682
41  0.6    0.4 se_0     -0.0331
42  0.6    0.4 se_1     -0.0246
Loading required package: Matrix

Attaching package: ‘Matrix’

The following objects are masked from ‘package:tidyr’:

    expand, pack, unpack


==========================================================================
===========================   Analysis setting  ==========================
==========================================================================

- taus: 0.1, 0.2, 0.3, 0.4, 0.5 

- policy: TypeB 

- thetas: 0.3, 0.31, 0.32, 0.33, 0.34, 0.35, 0.36, 0.37, 0.38, 0.39, 0.4, 0.41, 0.42, 0.43, 0.44, 0.45, 0.46, 0.47, 0.48, 0.49, 0.5, 0.51, 0.52, 0.53, 0.54, 0.55, 0.56, 0.57, 0.58, 0.59, 0.6 

- r: 100 

- K: 2 

- Nuisance estimation method: T nonpara / C nonpara / A para 

- m: 200 

- N_total: 2562 

- cluster size dist'n: 
 5  6  7  8  9 10 11 12 13 14 15 16 17 18 19 20 
11 14  8 10 19 16  8  8 12 13 12 11 14 13 14 17 

 - observed time summary: 
   Min. 1st Qu.  Median    Mean 3rd Qu.    Max. 
0.00000 0.02119 0.22908 0.63887 0.85279 8.47709 

 - event indicator table: 
   0    1 
1002 1560 

 - event time summary: 
   Min. 1st Qu.  Median    Mean 3rd Qu.    Max. 
0.00000 0.01546 0.16060 0.56840 0.75545 8.47709 

 - censoring time summary: 
   Min. 1st Qu.  Median    Mean 3rd Qu.    Max. 
 0.0000  0.0380  0.3196  0.7486  0.9962  7.2250 

 - treatment indicator table: 
   0    1 
1314 1248 

==========================================================================
===========================   Estimation start  ==========================
==========================================================================

--- Split:1 ---

   [*---------] 10% | ET: 9.6s 
   [**--------] 20% | ET: 21.5s 
   [***-------] 30% | ET: 32.1s 
   [****------] 40% | ET: 42.5s 
   [*****-----] 50% | ET: 55s 
   [******----] 60% | ET: 66.3s 
   [*******---] 70% | ET: 78.4s 
   [********--] 80% | ET: 89.4s 
   [*********-] 90% | ET: 100.9s 
   [**********] 100% | ET: 111.8s 

--- Split:2 ---

   [*---------] 10% | ET: 9.6s 
   [**--------] 20% | ET: 21.4s 
   [***-------] 30% | ET: 33.5s 
   [****------] 40% | ET: 45.8s 
   [*****-----] 50% | ET: 57.2s 
   [******----] 60% | ET: 69.9s 
   [*******---] 70% | ET: 81.4s 
   [********--] 80% | ET: 91.8s 
   [*********-] 90% | ET: 104.1s 
   [**********] 100% | ET: 114.4s 

--- IF for proposed nonparametric estimator computed --- ET: 256.7 seconds
--- Estimator computed: mu --- ET: 1 seconds --- 
--- Estimator computed: mu_1 --- ET: 0.9 seconds --- 
--- Estimator computed: mu_0 --- ET: 0.9 seconds --- 
--- Estimator computed: de --- ET: 0.9 seconds --- 
--- Estimator computed: oe --- ET: 0.9 seconds --- 
--- Estimator computed: se_1 --- ET: 0.9 seconds --- 
--- Estimator computed: se_0 --- ET: 0.9 seconds --- 
--- Total run time: 265.9 seconds --- 
--- Total run time: 287.3 seconds --- ###################################################
### Job finished at Thu Jun  5 04:03:20 EDT 2025 ###
###################################################
