##############################################################
### Job started at Thu Jun  5 03:56:31 EDT 2025 with p=TypeB, m=200, r=100, s=21 ###
##############################################################

Attaching package: ‘dplyr’

The following objects are masked from ‘package:stats’:

    filter, lag

The following objects are masked from ‘package:base’:

    intersect, setdiff, setequal, union

Loading required package: foreach
Loading required package: iterators
Loading required package: parallel

 randomForestSRC 3.2.2 
 
 Type rfsrc.news() to see new features, changes, and bug fixes. 
 

[conflicted] Will prefer dplyr::select over any other package.
[conflicted] Will prefer dplyr::filter over any other package.
[conflicted] Will prefer reshape2::melt over any other package.
── Attaching core tidyverse packages ──────────────────────── tidyverse 2.0.0 ──
✔ forcats   1.0.0     ✔ readr     2.1.4
✔ ggplot2   3.5.2     ✔ stringr   1.5.1
✔ lubridate 1.9.3     ✔ tibble    3.2.1
✔ purrr     0.3.5     ✔ tidyr     1.2.1
# A tibble: 42 × 4
   theta   tau estimand   truth
   <dbl> <dbl> <chr>      <dbl>
 1  0.3    0.2 de       -0.292 
 2  0.3    0.2 mu        0.469 
 3  0.3    0.2 mu_0      0.556 
 4  0.3    0.2 mu_1      0.265 
 5  0.3    0.2 oe        0.0833
 6  0.3    0.2 se_0      0.0422
 7  0.3    0.2 se_1      0.0361
 8  0.45   0.2 de       -0.286 
 9  0.45   0.2 mu        0.386 
10  0.45   0.2 mu_0      0.514 
11  0.45   0.2 mu_1      0.228 
12  0.45   0.2 oe        0     
13  0.45   0.2 se_0      0     
14  0.45   0.2 se_1      0     
15  0.6    0.2 de       -0.269 
16  0.6    0.2 mu        0.305 
17  0.6    0.2 mu_0      0.467 
18  0.6    0.2 mu_1      0.198 
19  0.6    0.2 oe       -0.0802
20  0.6    0.2 se_0     -0.0472
21  0.6    0.2 se_1     -0.0308
22  0.3    0.4 de       -0.275 
23  0.3    0.4 mu        0.578 
24  0.3    0.4 mu_0      0.660 
25  0.3    0.4 mu_1      0.386 
26  0.3    0.4 oe        0.0857
27  0.3    0.4 se_0      0.0434
28  0.3    0.4 se_1      0.0459
29  0.45   0.4 de       -0.277 
30  0.45   0.4 mu        0.492 
31  0.45   0.4 mu_0      0.617 
32  0.45   0.4 mu_1      0.340 
33  0.45   0.4 oe        0     
34  0.45   0.4 se_0      0     
35  0.45   0.4 se_1      0     
36  0.6    0.4 de       -0.264 
37  0.6    0.4 mu        0.405 
38  0.6    0.4 mu_0      0.564 
39  0.6    0.4 mu_1      0.299 
40  0.6    0.4 oe       -0.0874
41  0.6    0.4 se_0     -0.0535
42  0.6    0.4 se_1     -0.0408
Loading required package: Matrix

Attaching package: ‘Matrix’

The following objects are masked from ‘package:tidyr’:

    expand, pack, unpack


==========================================================================
===========================   Analysis setting  ==========================
==========================================================================

- taus: 0.1, 0.2, 0.3, 0.4, 0.5 

- policy: TypeB 

- thetas: 0.3, 0.31, 0.32, 0.33, 0.34, 0.35, 0.36, 0.37, 0.38, 0.39, 0.4, 0.41, 0.42, 0.43, 0.44, 0.45, 0.46, 0.47, 0.48, 0.49, 0.5, 0.51, 0.52, 0.53, 0.54, 0.55, 0.56, 0.57, 0.58, 0.59, 0.6 

- r: 100 

- K: 2 

- Nuisance estimation method: T nonpara / C nonpara / A para 

- m: 200 

- N_total: 2385 

- cluster size dist'n: 
 5  6  7  8  9 10 11 12 13 14 15 16 17 18 19 20 
12 13 14 17 13  8 14 18 22 12 12  9  8  9 10  9 

 - observed time summary: 
    Min.  1st Qu.   Median     Mean  3rd Qu.     Max. 
 0.00000  0.02032  0.20136  0.63495  0.80326 13.44242 

 - event indicator table: 
   0    1 
 919 1466 

 - event time summary: 
    Min.  1st Qu.   Median     Mean  3rd Qu.     Max. 
 0.00000  0.01508  0.16899  0.57813  0.70668 13.44242 

 - censoring time summary: 
    Min.  1st Qu.   Median     Mean  3rd Qu.     Max. 
 0.00000  0.03507  0.25477  0.72559  0.95319 11.45042 

 - treatment indicator table: 
   0    1 
1261 1124 

==========================================================================
===========================   Estimation start  ==========================
==========================================================================

--- Split:1 ---

   [*---------] 10% | ET: 7.2s 
   [**--------] 20% | ET: 15s 
   [***-------] 30% | ET: 22.5s 
   [****------] 40% | ET: 30.5s 
   [*****-----] 50% | ET: 37.5s 
   [******----] 60% | ET: 45.1s 
   [*******---] 70% | ET: 53.2s 
   [********--] 80% | ET: 62.3s 
   [*********-] 90% | ET: 71.4s 
   [**********] 100% | ET: 79.8s 

--- Split:2 ---

   [*---------] 10% | ET: 6.6s 
   [**--------] 20% | ET: 15.4s 
   [***-------] 30% | ET: 23s 
   [****------] 40% | ET: 31.8s 
   [*****-----] 50% | ET: 40s 
   [******----] 60% | ET: 47.8s 
   [*******---] 70% | ET: 55.8s 
   [********--] 80% | ET: 63.8s 
   [*********-] 90% | ET: 72.8s 
   [**********] 100% | ET: 81.6s 

--- IF for proposed nonparametric estimator computed --- ET: 179.9 seconds
--- Estimator computed: mu --- ET: 0.6 seconds --- 
--- Estimator computed: mu_1 --- ET: 0.5 seconds --- 
--- Estimator computed: mu_0 --- ET: 0.5 seconds --- 
--- Estimator computed: de --- ET: 0.5 seconds --- 
--- Estimator computed: oe --- ET: 0.5 seconds --- 
--- Estimator computed: se_1 --- ET: 0.5 seconds --- 
--- Estimator computed: se_0 --- ET: 0.6 seconds --- 
--- Total run time: 185.8 seconds --- 
--- Total run time: 197.7 seconds --- ###################################################
### Job finished at Thu Jun  5 03:59:49 EDT 2025 ###
###################################################
