##############################################################
### Job started at Thu Jun  5 03:48:26 EDT 2025 with p=TypeB, m=200, r=100, s=21 ###
##############################################################

Attaching package: ‘dplyr’

The following objects are masked from ‘package:stats’:

    filter, lag

The following objects are masked from ‘package:base’:

    intersect, setdiff, setequal, union

Loading required package: foreach
Loading required package: iterators
Loading required package: parallel

 randomForestSRC 3.2.2 
 
 Type rfsrc.news() to see new features, changes, and bug fixes. 
 

[conflicted] Will prefer dplyr::select over any other package.
[conflicted] Will prefer dplyr::filter over any other package.
[conflicted] Will prefer reshape2::melt over any other package.
── Attaching core tidyverse packages ──────────────────────── tidyverse 2.0.0 ──
✔ forcats   1.0.0     ✔ readr     2.1.4
✔ ggplot2   3.5.2     ✔ stringr   1.5.1
✔ lubridate 1.9.3     ✔ tibble    3.2.1
✔ purrr     0.3.5     ✔ tidyr     1.2.1
# A tibble: 42 × 4
   theta   tau estimand   truth
   <dbl> <dbl> <chr>      <dbl>
 1  0.3    0.2 de       -0.280 
 2  0.3    0.2 mu        0.447 
 3  0.3    0.2 mu_0      0.530 
 4  0.3    0.2 mu_1      0.251 
 5  0.3    0.2 oe        0.0715
 6  0.3    0.2 se_0      0.0326
 7  0.3    0.2 se_1      0.0259
 8  0.45   0.2 de       -0.273 
 9  0.45   0.2 mu        0.375 
10  0.45   0.2 mu_0      0.498 
11  0.45   0.2 mu_1      0.225 
12  0.45   0.2 oe        0     
13  0.45   0.2 se_0      0     
14  0.45   0.2 se_1      0     
15  0.6    0.2 de       -0.264 
16  0.6    0.2 mu        0.317 
17  0.6    0.2 mu_0      0.476 
18  0.6    0.2 mu_1      0.212 
19  0.6    0.2 oe       -0.0576
20  0.6    0.2 se_0     -0.0217
21  0.6    0.2 se_1     -0.0133
22  0.3    0.4 de       -0.263 
23  0.3    0.4 mu        0.549 
24  0.3    0.4 mu_0      0.628 
25  0.3    0.4 mu_1      0.366 
26  0.3    0.4 oe        0.0699
27  0.3    0.4 se_0      0.0307
28  0.3    0.4 se_1      0.0304
29  0.45   0.4 de       -0.262 
30  0.45   0.4 mu        0.479 
31  0.45   0.4 mu_0      0.597 
32  0.45   0.4 mu_1      0.335 
33  0.45   0.4 oe        0     
34  0.45   0.4 se_0      0     
35  0.45   0.4 se_1      0     
36  0.6    0.4 de       -0.255 
37  0.6    0.4 mu        0.423 
38  0.6    0.4 mu_0      0.576 
39  0.6    0.4 mu_1      0.321 
40  0.6    0.4 oe       -0.0561
41  0.6    0.4 se_0     -0.0209
42  0.6    0.4 se_1     -0.0140
Loading required package: Matrix

Attaching package: ‘Matrix’

The following objects are masked from ‘package:tidyr’:

    expand, pack, unpack


==========================================================================
===========================   Analysis setting  ==========================
==========================================================================

- taus: 0.1, 0.2, 0.3, 0.4, 0.5 

- policy: TypeB 

- thetas: 0.3, 0.31, 0.32, 0.33, 0.34, 0.35, 0.36, 0.37, 0.38, 0.39, 0.4, 0.41, 0.42, 0.43, 0.44, 0.45, 0.46, 0.47, 0.48, 0.49, 0.5, 0.51, 0.52, 0.53, 0.54, 0.55, 0.56, 0.57, 0.58, 0.59, 0.6 

- r: 100 

- K: 2 

- Nuisance estimation method: T nonpara / C nonpara / A para 

- m: 200 

- N_total: 2560 

- cluster size dist'n: 
 5  6  7  8  9 10 11 12 13 14 15 16 17 18 19 20 
 9 10 14 10 14 13  9 13 15 12 16 18 11  8 16 12 

 - observed time summary: 
   Min. 1st Qu.  Median    Mean 3rd Qu.    Max. 
0.00000 0.02056 0.20264 0.60545 0.77011 9.64066 

 - event indicator table: 
   0    1 
1043 1517 

 - event time summary: 
   Min. 1st Qu.  Median    Mean 3rd Qu.    Max. 
0.00000 0.01354 0.17504 0.57672 0.72838 9.64066 

 - censoring time summary: 
   Min. 1st Qu.  Median    Mean 3rd Qu.    Max. 
0.00000 0.03644 0.24034 0.64722 0.83104 7.85176 

 - treatment indicator table: 
   0    1 
1412 1148 

==========================================================================
===========================   Estimation start  ==========================
==========================================================================

--- Split:1 ---

   [*---------] 10% | ET: 17.1s 
   [**--------] 20% | ET: 33.1s 
   [***-------] 30% | ET: 56s 
   [****------] 40% | ET: 79s 
   [*****-----] 50% | ET: 101.4s 
   [******----] 60% | ET: 121.5s 
   [*******---] 70% | ET: 142.9s 
   [********--] 80% | ET: 166s 
   [*********-] 90% | ET: 185.5s 
   [**********] 100% | ET: 205.5s 

--- Split:2 ---

   [*---------] 10% | ET: 12s 
   [**--------] 20% | ET: 33.2s 
   [***-------] 30% | ET: 54.4s 
   [****------] 40% | ET: 74.6s 
   [*****-----] 50% | ET: 97.1s 
   [******----] 60% | ET: 112.9s 
   [*******---] 70% | ET: 125.8s 
   [********--] 80% | ET: 141.4s 
   [*********-] 90% | ET: 165.6s 
   [**********] 100% | ET: 186.9s 

--- IF for proposed nonparametric estimator computed --- ET: 416.9 seconds
--- Estimator computed: mu --- ET: 0.6 seconds --- 
--- Estimator computed: mu_1 --- ET: 0.6 seconds --- 
--- Estimator computed: mu_0 --- ET: 0.6 seconds --- 
--- Estimator computed: de --- ET: 0.6 seconds --- 
--- Estimator computed: oe --- ET: 0.7 seconds --- 
--- Estimator computed: se_1 --- ET: 0.6 seconds --- 
--- Estimator computed: se_0 --- ET: 0.7 seconds --- 
--- Total run time: 424.2 seconds --- 
Warning messages:
1: In checkConv(attr(opt, "derivs"), opt$par, ctrl = control$checkConv,  :
  Model failed to converge with max|grad| = 0.00247462 (tol = 0.002, component 1)
2: In checkConv(attr(opt, "derivs"), opt$par, ctrl = control$checkConv,  :
  Model failed to converge with max|grad| = 0.0055146 (tol = 0.002, component 1)
--- Total run time: 437.6 seconds --- ###################################################
### Job finished at Thu Jun  5 03:55:44 EDT 2025 ###
###################################################
