##############################################################
### Job started at Thu Jun  5 03:59:34 EDT 2025 with p=TypeB, m=200, r=100, s=21 ###
##############################################################

Attaching package: ‘dplyr’

The following objects are masked from ‘package:stats’:

    filter, lag

The following objects are masked from ‘package:base’:

    intersect, setdiff, setequal, union

Loading required package: foreach
Loading required package: iterators
Loading required package: parallel

 randomForestSRC 3.2.2 
 
 Type rfsrc.news() to see new features, changes, and bug fixes. 
 

[conflicted] Will prefer dplyr::select over any other package.
[conflicted] Will prefer dplyr::filter over any other package.
[conflicted] Will prefer reshape2::melt over any other package.
── Attaching core tidyverse packages ──────────────────────── tidyverse 2.0.0 ──
✔ forcats   1.0.0     ✔ readr     2.1.4
✔ ggplot2   3.5.2     ✔ stringr   1.5.1
✔ lubridate 1.9.3     ✔ tibble    3.2.1
✔ purrr     0.3.5     ✔ tidyr     1.2.1
# A tibble: 42 × 4
   theta   tau estimand   truth
   <dbl> <dbl> <chr>      <dbl>
 1  0.3    0.2 de       -0.283 
 2  0.3    0.2 mu        0.442 
 3  0.3    0.2 mu_0      0.527 
 4  0.3    0.2 mu_1      0.244 
 5  0.3    0.2 oe        0.0655
 6  0.3    0.2 se_0      0.0254
 7  0.3    0.2 se_1      0.0203
 8  0.45   0.2 de       -0.278 
 9  0.45   0.2 mu        0.376 
10  0.45   0.2 mu_0      0.501 
11  0.45   0.2 mu_1      0.224 
12  0.45   0.2 oe        0     
13  0.45   0.2 se_0      0     
14  0.45   0.2 se_1      0     
15  0.6    0.2 de       -0.274 
16  0.6    0.2 mu        0.314 
17  0.6    0.2 mu_0      0.478 
18  0.6    0.2 mu_1      0.204 
19  0.6    0.2 oe       -0.0630
20  0.6    0.2 se_0     -0.0234
21  0.6    0.2 se_1     -0.0199
22  0.3    0.4 de       -0.267 
23  0.3    0.4 mu        0.544 
24  0.3    0.4 mu_0      0.624 
25  0.3    0.4 mu_1      0.357 
26  0.3    0.4 oe        0.0632
27  0.3    0.4 se_0      0.0233
28  0.3    0.4 se_1      0.0229
29  0.45   0.4 de       -0.267 
30  0.45   0.4 mu        0.481 
31  0.45   0.4 mu_0      0.601 
32  0.45   0.4 mu_1      0.334 
33  0.45   0.4 oe        0     
34  0.45   0.4 se_0      0     
35  0.45   0.4 se_1      0     
36  0.6    0.4 de       -0.268 
37  0.6    0.4 mu        0.416 
38  0.6    0.4 mu_0      0.577 
39  0.6    0.4 mu_1      0.309 
40  0.6    0.4 oe       -0.0641
41  0.6    0.4 se_0     -0.0233
42  0.6    0.4 se_1     -0.0246
Loading required package: Matrix

Attaching package: ‘Matrix’

The following objects are masked from ‘package:tidyr’:

    expand, pack, unpack


==========================================================================
===========================   Analysis setting  ==========================
==========================================================================

- taus: 0.1, 0.2, 0.3, 0.4, 0.5 

- policy: TypeB 

- thetas: 0.3, 0.31, 0.32, 0.33, 0.34, 0.35, 0.36, 0.37, 0.38, 0.39, 0.4, 0.41, 0.42, 0.43, 0.44, 0.45, 0.46, 0.47, 0.48, 0.49, 0.5, 0.51, 0.52, 0.53, 0.54, 0.55, 0.56, 0.57, 0.58, 0.59, 0.6 

- r: 100 

- K: 2 

- Nuisance estimation method: T nonpara / C nonpara / A para 

- m: 200 

- N_total: 2609 

- cluster size dist'n: 
 5  6  7  8  9 10 11 12 13 14 15 16 17 18 19 20 
11 12  9  8 10 13 15 10 17 12 14 12 15 11 14 17 

 - observed time summary: 
    Min.  1st Qu.   Median     Mean  3rd Qu.     Max. 
 0.00000  0.02239  0.20639  0.63189  0.77979 13.03761 

 - event indicator table: 
   0    1 
1050 1559 

 - event time summary: 
     Min.   1st Qu.    Median      Mean   3rd Qu.      Max. 
 0.000000  0.008366  0.145958  0.547153  0.630756 13.037610 

 - censoring time summary: 
   Min. 1st Qu.  Median    Mean 3rd Qu.    Max. 
0.00000 0.06222 0.31256 0.75771 1.02422 8.48704 

 - treatment indicator table: 
   0    1 
1330 1279 

==========================================================================
===========================   Estimation start  ==========================
==========================================================================

--- Split:1 ---

   [*---------] 10% | ET: 10.9s 
   [**--------] 20% | ET: 24.3s 
   [***-------] 30% | ET: 38.7s 
   [****------] 40% | ET: 57.5s 
   [*****-----] 50% | ET: 77.8s 
   [******----] 60% | ET: 96.8s 
   [*******---] 70% | ET: 114.6s 
   [********--] 80% | ET: 132s 
   [*********-] 90% | ET: 154.4s 
   [**********] 100% | ET: 174.1s 

--- Split:2 ---

   [*---------] 10% | ET: 22.2s 
   [**--------] 20% | ET: 43.3s 
   [***-------] 30% | ET: 61.3s 
   [****------] 40% | ET: 81.5s 
   [*****-----] 50% | ET: 100.7s 
   [******----] 60% | ET: 112s 
   [*******---] 70% | ET: 122.8s 
   [********--] 80% | ET: 132.2s 
   [*********-] 90% | ET: 142.8s 
   [**********] 100% | ET: 153.6s 

--- IF for proposed nonparametric estimator computed --- ET: 351.1 seconds
--- Estimator computed: mu --- ET: 0.7 seconds --- 
--- Estimator computed: mu_1 --- ET: 0.6 seconds --- 
--- Estimator computed: mu_0 --- ET: 0.6 seconds --- 
--- Estimator computed: de --- ET: 0.7 seconds --- 
--- Estimator computed: oe --- ET: 0.6 seconds --- 
--- Estimator computed: se_1 --- ET: 0.7 seconds --- 
--- Estimator computed: se_0 --- ET: 0.8 seconds --- 
--- Total run time: 359 seconds --- 
--- Total run time: 372.6 seconds --- ###################################################
### Job finished at Thu Jun  5 04:05:47 EDT 2025 ###
###################################################
