##############################################################
### Job started at Thu Jun  5 03:45:34 EDT 2025 with p=TypeB, m=200, r=100, s=21 ###
##############################################################

Attaching package: ‘dplyr’

The following objects are masked from ‘package:stats’:

    filter, lag

The following objects are masked from ‘package:base’:

    intersect, setdiff, setequal, union

Loading required package: foreach
Loading required package: iterators
Loading required package: parallel

 randomForestSRC 3.2.2 
 
 Type rfsrc.news() to see new features, changes, and bug fixes. 
 

[conflicted] Will prefer dplyr::select over any other package.
[conflicted] Will prefer dplyr::filter over any other package.
[conflicted] Will prefer reshape2::melt over any other package.
── Attaching core tidyverse packages ──────────────────────── tidyverse 2.0.0 ──
✔ forcats   1.0.0     ✔ readr     2.1.4
✔ ggplot2   3.5.2     ✔ stringr   1.5.1
✔ lubridate 1.9.3     ✔ tibble    3.2.1
✔ purrr     0.3.5     ✔ tidyr     1.2.1
# A tibble: 42 × 4
   theta   tau estimand   truth
   <dbl> <dbl> <chr>      <dbl>
 1  0.3    0.2 de       -0.281 
 2  0.3    0.2 mu        0.450 
 3  0.3    0.2 mu_0      0.534 
 4  0.3    0.2 mu_1      0.253 
 5  0.3    0.2 oe        0.0694
 6  0.3    0.2 se_0      0.0279
 7  0.3    0.2 se_1      0.0265
 8  0.45   0.2 de       -0.280 
 9  0.45   0.2 mu        0.380 
10  0.45   0.2 mu_0      0.506 
11  0.45   0.2 mu_1      0.226 
12  0.45   0.2 oe        0     
13  0.45   0.2 se_0      0     
14  0.45   0.2 se_1      0     
15  0.6    0.2 de       -0.271 
16  0.6    0.2 mu        0.309 
17  0.6    0.2 mu_0      0.472 
18  0.6    0.2 mu_1      0.201 
19  0.6    0.2 oe       -0.0709
20  0.6    0.2 se_0     -0.0341
21  0.6    0.2 se_1     -0.0255
22  0.3    0.4 de       -0.263 
23  0.3    0.4 mu        0.553 
24  0.3    0.4 mu_0      0.632 
25  0.3    0.4 mu_1      0.369 
26  0.3    0.4 oe        0.0677
27  0.3    0.4 se_0      0.0255
28  0.3    0.4 se_1      0.0316
29  0.45   0.4 de       -0.269 
30  0.45   0.4 mu        0.485 
31  0.45   0.4 mu_0      0.606 
32  0.45   0.4 mu_1      0.337 
33  0.45   0.4 oe        0     
34  0.45   0.4 se_0      0     
35  0.45   0.4 se_1      0     
36  0.6    0.4 de       -0.266 
37  0.6    0.4 mu        0.411 
38  0.6    0.4 mu_0      0.570 
39  0.6    0.4 mu_1      0.304 
40  0.6    0.4 oe       -0.0743
41  0.6    0.4 se_0     -0.0360
42  0.6    0.4 se_1     -0.0326
Loading required package: Matrix

Attaching package: ‘Matrix’

The following objects are masked from ‘package:tidyr’:

    expand, pack, unpack


==========================================================================
===========================   Analysis setting  ==========================
==========================================================================

- taus: 0.1, 0.2, 0.3, 0.4, 0.5 

- policy: TypeB 

- thetas: 0.3, 0.31, 0.32, 0.33, 0.34, 0.35, 0.36, 0.37, 0.38, 0.39, 0.4, 0.41, 0.42, 0.43, 0.44, 0.45, 0.46, 0.47, 0.48, 0.49, 0.5, 0.51, 0.52, 0.53, 0.54, 0.55, 0.56, 0.57, 0.58, 0.59, 0.6 

- r: 100 

- K: 2 

- Nuisance estimation method: T nonpara / C nonpara / A para 

- m: 200 

- N_total: 2542 

- cluster size dist'n: 
 5  6  7  8  9 10 11 12 13 14 15 16 17 18 19 20 
13  9 16 11 15  7 11 13 10 15 15 12  9 16 17 11 

 - observed time summary: 
   Min. 1st Qu.  Median    Mean 3rd Qu.    Max. 
 0.0000  0.0246  0.2103  0.6274  0.7855  8.9347 

 - event indicator table: 
   0    1 
 966 1576 

 - event time summary: 
   Min. 1st Qu.  Median    Mean 3rd Qu.    Max. 
0.00000 0.01515 0.17305 0.56449 0.67808 7.69955 

 - censoring time summary: 
   Min. 1st Qu.  Median    Mean 3rd Qu.    Max. 
0.00000 0.04954 0.30017 0.73003 0.92068 8.93472 

 - treatment indicator table: 
   0    1 
1304 1238 

==========================================================================
===========================   Estimation start  ==========================
==========================================================================

--- Split:1 ---

   [*---------] 10% | ET: 7.6s 
   [**--------] 20% | ET: 16.5s 
   [***-------] 30% | ET: 26.8s 
   [****------] 40% | ET: 36.5s 
   [*****-----] 50% | ET: 46.3s 
   [******----] 60% | ET: 54.6s 
   [*******---] 70% | ET: 63s 
   [********--] 80% | ET: 72.1s 
   [*********-] 90% | ET: 81.7s 
   [**********] 100% | ET: 90.2s 

--- Split:2 ---

   [*---------] 10% | ET: 7.8s 
   [**--------] 20% | ET: 16.8s 
   [***-------] 30% | ET: 25.6s 
   [****------] 40% | ET: 34.8s 
   [*****-----] 50% | ET: 45.8s 
   [******----] 60% | ET: 56.8s 
   [*******---] 70% | ET: 67.8s 
   [********--] 80% | ET: 78.6s 
   [*********-] 90% | ET: 90.2s 
   [**********] 100% | ET: 102.5s 

--- IF for proposed nonparametric estimator computed --- ET: 212 seconds
--- Estimator computed: mu --- ET: 1.1 seconds --- 
--- Estimator computed: mu_1 --- ET: 0.7 seconds --- 
--- Estimator computed: mu_0 --- ET: 0.6 seconds --- 
--- Estimator computed: de --- ET: 0.7 seconds --- 
--- Estimator computed: oe --- ET: 0.6 seconds --- 
--- Estimator computed: se_1 --- ET: 0.6 seconds --- 
--- Estimator computed: se_0 --- ET: 0.7 seconds --- 
--- Total run time: 220.6 seconds --- 
--- Total run time: 233.3 seconds --- ###################################################
### Job finished at Thu Jun  5 03:49:28 EDT 2025 ###
###################################################
