##############################################################
### Job started at Thu Jun  5 03:44:24 EDT 2025 with p=TypeB, m=200, r=100, s=21 ###
##############################################################

Attaching package: ‘dplyr’

The following objects are masked from ‘package:stats’:

    filter, lag

The following objects are masked from ‘package:base’:

    intersect, setdiff, setequal, union

Loading required package: foreach
Loading required package: iterators
Loading required package: parallel

 randomForestSRC 3.2.2 
 
 Type rfsrc.news() to see new features, changes, and bug fixes. 
 

[conflicted] Will prefer dplyr::select over any other package.
[conflicted] Will prefer dplyr::filter over any other package.
[conflicted] Will prefer reshape2::melt over any other package.
── Attaching core tidyverse packages ──────────────────────── tidyverse 2.0.0 ──
✔ forcats   1.0.0     ✔ readr     2.1.4
✔ ggplot2   3.5.2     ✔ stringr   1.5.1
✔ lubridate 1.9.3     ✔ tibble    3.2.1
✔ purrr     0.3.5     ✔ tidyr     1.2.1
# A tibble: 42 × 4
   theta   tau estimand   truth
   <dbl> <dbl> <chr>      <dbl>
 1  0.3    0.2 de       -0.279 
 2  0.3    0.2 mu        0.438 
 3  0.3    0.2 mu_0      0.521 
 4  0.3    0.2 mu_1      0.243 
 5  0.3    0.2 oe        0.0788
 6  0.3    0.2 se_0      0.0443
 7  0.3    0.2 se_1      0.0281
 8  0.45   0.2 de       -0.262 
 9  0.45   0.2 mu        0.359 
10  0.45   0.2 mu_0      0.477 
11  0.45   0.2 mu_1      0.214 
12  0.45   0.2 oe        0     
13  0.45   0.2 se_0      0     
14  0.45   0.2 se_1      0     
15  0.6    0.2 de       -0.252 
16  0.6    0.2 mu        0.294 
17  0.6    0.2 mu_0      0.445 
18  0.6    0.2 mu_1      0.194 
19  0.6    0.2 oe       -0.0646
20  0.6    0.2 se_0     -0.0316
21  0.6    0.2 se_1     -0.0209
22  0.3    0.4 de       -0.265 
23  0.3    0.4 mu        0.541 
24  0.3    0.4 mu_0      0.621 
25  0.3    0.4 mu_1      0.356 
26  0.3    0.4 oe        0.0804
27  0.3    0.4 se_0      0.0458
28  0.3    0.4 se_1      0.0342
29  0.45   0.4 de       -0.254 
30  0.45   0.4 mu        0.461 
31  0.45   0.4 mu_0      0.575 
32  0.45   0.4 mu_1      0.321 
33  0.45   0.4 oe        0     
34  0.45   0.4 se_0      0     
35  0.45   0.4 se_1      0     
36  0.6    0.4 de       -0.246 
37  0.6    0.4 mu        0.394 
38  0.6    0.4 mu_0      0.541 
39  0.6    0.4 mu_1      0.295 
40  0.6    0.4 oe       -0.0671
41  0.6    0.4 se_0     -0.0336
42  0.6    0.4 se_1     -0.0260
Loading required package: Matrix

Attaching package: ‘Matrix’

The following objects are masked from ‘package:tidyr’:

    expand, pack, unpack


==========================================================================
===========================   Analysis setting  ==========================
==========================================================================

- taus: 0.1, 0.2, 0.3, 0.4, 0.5 

- policy: TypeB 

- thetas: 0.3, 0.31, 0.32, 0.33, 0.34, 0.35, 0.36, 0.37, 0.38, 0.39, 0.4, 0.41, 0.42, 0.43, 0.44, 0.45, 0.46, 0.47, 0.48, 0.49, 0.5, 0.51, 0.52, 0.53, 0.54, 0.55, 0.56, 0.57, 0.58, 0.59, 0.6 

- r: 100 

- K: 2 

- Nuisance estimation method: T nonpara / C nonpara / A para 

- m: 200 

- N_total: 2513 

- cluster size dist'n: 
 5  6  7  8  9 10 11 12 13 14 15 16 17 18 19 20 
13 11 10 13 10 19 11  9 13 18 13  8 16 14  9 13 

 - observed time summary: 
   Min. 1st Qu.  Median    Mean 3rd Qu.    Max. 
0.00000 0.01461 0.18118 0.60007 0.78340 8.73287 

 - event indicator table: 
   0    1 
1065 1448 

 - event time summary: 
   Min. 1st Qu.  Median    Mean 3rd Qu.    Max. 
0.00000 0.01017 0.13755 0.54235 0.69428 8.72593 

 - censoring time summary: 
   Min. 1st Qu.  Median    Mean 3rd Qu.    Max. 
0.00000 0.02619 0.23061 0.67854 0.86197 8.73287 

 - treatment indicator table: 
   0    1 
1368 1145 

==========================================================================
===========================   Estimation start  ==========================
==========================================================================

--- Split:1 ---

   [*---------] 10% | ET: 7.8s 
   [**--------] 20% | ET: 16.7s 
   [***-------] 30% | ET: 26.9s 
   [****------] 40% | ET: 37.1s 
   [*****-----] 50% | ET: 47.7s 
   [******----] 60% | ET: 58s 
   [*******---] 70% | ET: 68.7s 
   [********--] 80% | ET: 78s 
   [*********-] 90% | ET: 87.1s 
   [**********] 100% | ET: 98.7s 

--- Split:2 ---

   [*---------] 10% | ET: 8s 
   [**--------] 20% | ET: 16.6s 
   [***-------] 30% | ET: 25.6s 
   [****------] 40% | ET: 34.3s 
   [*****-----] 50% | ET: 42.4s 
   [******----] 60% | ET: 50.1s 
   [*******---] 70% | ET: 58.5s 
   [********--] 80% | ET: 67s 
   [*********-] 90% | ET: 74.7s 
   [**********] 100% | ET: 82.4s 

--- IF for proposed nonparametric estimator computed --- ET: 200.8 seconds
--- Estimator computed: mu --- ET: 0.7 seconds --- 
--- Estimator computed: mu_1 --- ET: 0.6 seconds --- 
--- Estimator computed: mu_0 --- ET: 0.6 seconds --- 
--- Estimator computed: de --- ET: 0.6 seconds --- 
--- Estimator computed: oe --- ET: 0.6 seconds --- 
--- Estimator computed: se_1 --- ET: 0.6 seconds --- 
--- Estimator computed: se_0 --- ET: 0.8 seconds --- 
--- Total run time: 208 seconds --- 
--- Total run time: 220.7 seconds --- ###################################################
### Job finished at Thu Jun  5 03:48:05 EDT 2025 ###
###################################################
