##############################################################
### Job started at Thu Jun  5 03:52:28 EDT 2025 with p=TypeB, m=200, r=100, s=21 ###
##############################################################

Attaching package: ‘dplyr’

The following objects are masked from ‘package:stats’:

    filter, lag

The following objects are masked from ‘package:base’:

    intersect, setdiff, setequal, union

Loading required package: foreach
Loading required package: iterators
Loading required package: parallel

 randomForestSRC 3.2.2 
 
 Type rfsrc.news() to see new features, changes, and bug fixes. 
 

[conflicted] Will prefer dplyr::select over any other package.
[conflicted] Will prefer dplyr::filter over any other package.
[conflicted] Will prefer reshape2::melt over any other package.
── Attaching core tidyverse packages ──────────────────────── tidyverse 2.0.0 ──
✔ forcats   1.0.0     ✔ readr     2.1.4
✔ ggplot2   3.5.2     ✔ stringr   1.5.1
✔ lubridate 1.9.3     ✔ tibble    3.2.1
✔ purrr     0.3.5     ✔ tidyr     1.2.1
# A tibble: 42 × 4
   theta   tau estimand   truth
   <dbl> <dbl> <chr>      <dbl>
 1  0.3    0.2 de       -0.263 
 2  0.3    0.2 mu        0.425 
 3  0.3    0.2 mu_0      0.504 
 4  0.3    0.2 mu_1      0.241 
 5  0.3    0.2 oe        0.0597
 6  0.3    0.2 se_0      0.0214
 7  0.3    0.2 se_1      0.0189
 8  0.45   0.2 de       -0.261 
 9  0.45   0.2 mu        0.366 
10  0.45   0.2 mu_0      0.483 
11  0.45   0.2 mu_1      0.222 
12  0.45   0.2 oe        0     
13  0.45   0.2 se_0      0     
14  0.45   0.2 se_1      0     
15  0.6    0.2 de       -0.265 
16  0.6    0.2 mu        0.309 
17  0.6    0.2 mu_0      0.468 
18  0.6    0.2 mu_1      0.203 
19  0.6    0.2 oe       -0.0568
20  0.6    0.2 se_0     -0.0149
21  0.6    0.2 se_1     -0.0196
22  0.3    0.4 de       -0.246 
23  0.3    0.4 mu        0.524 
24  0.3    0.4 mu_0      0.598 
25  0.3    0.4 mu_1      0.352 
26  0.3    0.4 oe        0.0563
27  0.3    0.4 se_0      0.0181
28  0.3    0.4 se_1      0.0210
29  0.45   0.4 de       -0.249 
30  0.45   0.4 mu        0.468 
31  0.45   0.4 mu_0      0.579 
32  0.45   0.4 mu_1      0.331 
33  0.45   0.4 oe        0     
34  0.45   0.4 se_0      0     
35  0.45   0.4 se_1      0     
36  0.6    0.4 de       -0.260 
37  0.6    0.4 mu        0.410 
38  0.6    0.4 mu_0      0.566 
39  0.6    0.4 mu_1      0.307 
40  0.6    0.4 oe       -0.0571
41  0.6    0.4 se_0     -0.0133
42  0.6    0.4 se_1     -0.0241
Loading required package: Matrix

Attaching package: ‘Matrix’

The following objects are masked from ‘package:tidyr’:

    expand, pack, unpack


==========================================================================
===========================   Analysis setting  ==========================
==========================================================================

- taus: 0.1, 0.2, 0.3, 0.4, 0.5 

- policy: TypeB 

- thetas: 0.3, 0.31, 0.32, 0.33, 0.34, 0.35, 0.36, 0.37, 0.38, 0.39, 0.4, 0.41, 0.42, 0.43, 0.44, 0.45, 0.46, 0.47, 0.48, 0.49, 0.5, 0.51, 0.52, 0.53, 0.54, 0.55, 0.56, 0.57, 0.58, 0.59, 0.6 

- r: 100 

- K: 2 

- Nuisance estimation method: T nonpara / C nonpara / A para 

- m: 200 

- N_total: 2549 

- cluster size dist'n: 
 5  6  7  8  9 10 11 12 13 14 15 16 17 18 19 20 
 9  9 14 14 13 11 15  8 12 14 16 15 10 18 14  8 

 - observed time summary: 
   Min. 1st Qu.  Median    Mean 3rd Qu.    Max. 
0.00000 0.02561 0.21016 0.63901 0.87791 6.96466 

 - event indicator table: 
   0    1 
 976 1573 

 - event time summary: 
   Min. 1st Qu.  Median    Mean 3rd Qu.    Max. 
0.00000 0.01932 0.16891 0.58112 0.78480 5.28056 

 - censoring time summary: 
   Min. 1st Qu.  Median    Mean 3rd Qu.    Max. 
 0.0000  0.0365  0.2824  0.7323  1.0679  6.9647 

 - treatment indicator table: 
   0    1 
1279 1270 

==========================================================================
===========================   Estimation start  ==========================
==========================================================================

--- Split:1 ---

   [*---------] 10% | ET: 8.3s 
   [**--------] 20% | ET: 18.9s 
   [***-------] 30% | ET: 28.7s 
   [****------] 40% | ET: 39.5s 
   [*****-----] 50% | ET: 50.2s 
   [******----] 60% | ET: 62.1s 
   [*******---] 70% | ET: 73.7s 
   [********--] 80% | ET: 85.1s 
   [*********-] 90% | ET: 94.8s 
   [**********] 100% | ET: 105s 

--- Split:2 ---

   [*---------] 10% | ET: 7.9s 
   [**--------] 20% | ET: 16.4s 
   [***-------] 30% | ET: 26.2s 
   [****------] 40% | ET: 36.4s 
   [*****-----] 50% | ET: 46.8s 
   [******----] 60% | ET: 58.6s 
   [*******---] 70% | ET: 71.7s 
   [********--] 80% | ET: 85s 
   [*********-] 90% | ET: 98.2s 
   [**********] 100% | ET: 112.1s 

--- IF for proposed nonparametric estimator computed --- ET: 236.9 seconds
--- Estimator computed: mu --- ET: 0.8 seconds --- 
--- Estimator computed: mu_1 --- ET: 0.8 seconds --- 
--- Estimator computed: mu_0 --- ET: 0.6 seconds --- 
--- Estimator computed: de --- ET: 0.6 seconds --- 
--- Estimator computed: oe --- ET: 0.9 seconds --- 
--- Estimator computed: se_1 --- ET: 0.6 seconds --- 
--- Estimator computed: se_0 --- ET: 0.6 seconds --- 
--- Total run time: 245.3 seconds --- 
--- Total run time: 258.4 seconds --- ###################################################
### Job finished at Thu Jun  5 03:56:48 EDT 2025 ###
###################################################
