##############################################################
### Job started at Thu Jun  5 03:37:58 EDT 2025 with p=TypeB, m=200, r=100, s=21 ###
##############################################################

Attaching package: ‘dplyr’

The following objects are masked from ‘package:stats’:

    filter, lag

The following objects are masked from ‘package:base’:

    intersect, setdiff, setequal, union

Loading required package: foreach
Loading required package: iterators
Loading required package: parallel

 randomForestSRC 3.2.2 
 
 Type rfsrc.news() to see new features, changes, and bug fixes. 
 

[conflicted] Will prefer dplyr::select over any other package.
[conflicted] Will prefer dplyr::filter over any other package.
[conflicted] Will prefer reshape2::melt over any other package.
── Attaching core tidyverse packages ──────────────────────── tidyverse 2.0.0 ──
✔ forcats   1.0.0     ✔ readr     2.1.4
✔ ggplot2   3.5.2     ✔ stringr   1.5.1
✔ lubridate 1.9.3     ✔ tibble    3.2.1
✔ purrr     0.3.5     ✔ tidyr     1.2.1
# A tibble: 42 × 4
   theta   tau estimand   truth
   <dbl> <dbl> <chr>      <dbl>
 1  0.3    0.2 de       -0.293 
 2  0.3    0.2 mu        0.453 
 3  0.3    0.2 mu_0      0.541 
 4  0.3    0.2 mu_1      0.248 
 5  0.3    0.2 oe        0.0875
 6  0.3    0.2 se_0      0.0537
 7  0.3    0.2 se_1      0.0313
 8  0.45   0.2 de       -0.270 
 9  0.45   0.2 mu        0.365 
10  0.45   0.2 mu_0      0.487 
11  0.45   0.2 mu_1      0.217 
12  0.45   0.2 oe        0     
13  0.45   0.2 se_0      0     
14  0.45   0.2 se_1      0     
15  0.6    0.2 de       -0.267 
16  0.6    0.2 mu        0.303 
17  0.6    0.2 mu_0      0.463 
18  0.6    0.2 mu_1      0.196 
19  0.6    0.2 oe       -0.0624
20  0.6    0.2 se_0     -0.0237
21  0.6    0.2 se_1     -0.0205
22  0.3    0.4 de       -0.279 
23  0.3    0.4 mu        0.557 
24  0.3    0.4 mu_0      0.641 
25  0.3    0.4 mu_1      0.361 
26  0.3    0.4 oe        0.0911
27  0.3    0.4 se_0      0.0575
28  0.3    0.4 se_1      0.0390
29  0.45   0.4 de       -0.261 
30  0.45   0.4 mu        0.466 
31  0.45   0.4 mu_0      0.583 
32  0.45   0.4 mu_1      0.322 
33  0.45   0.4 oe        0     
34  0.45   0.4 se_0      0     
35  0.45   0.4 se_1      0     
36  0.6    0.4 de       -0.262 
37  0.6    0.4 mu        0.401 
38  0.6    0.4 mu_0      0.559 
39  0.6    0.4 mu_1      0.297 
40  0.6    0.4 oe       -0.0645
41  0.6    0.4 se_0     -0.0248
42  0.6    0.4 se_1     -0.0258
Loading required package: Matrix

Attaching package: ‘Matrix’

The following objects are masked from ‘package:tidyr’:

    expand, pack, unpack


==========================================================================
===========================   Analysis setting  ==========================
==========================================================================

- taus: 0.1, 0.2, 0.3, 0.4, 0.5 

- policy: TypeB 

- thetas: 0.3, 0.31, 0.32, 0.33, 0.34, 0.35, 0.36, 0.37, 0.38, 0.39, 0.4, 0.41, 0.42, 0.43, 0.44, 0.45, 0.46, 0.47, 0.48, 0.49, 0.5, 0.51, 0.52, 0.53, 0.54, 0.55, 0.56, 0.57, 0.58, 0.59, 0.6 

- r: 100 

- K: 2 

- Nuisance estimation method: T nonpara / C nonpara / A para 

- m: 200 

- N_total: 2411 

- cluster size dist'n: 
 5  6  7  8  9 10 11 12 13 14 15 16 17 18 19 20 
16 18 11  9 18  9 11 13 17 12 11 12 11  9 10 13 

 - observed time summary: 
   Min. 1st Qu.  Median    Mean 3rd Qu.    Max. 
0.00000 0.01824 0.18253 0.57731 0.74779 8.22388 

 - event indicator table: 
   0    1 
 966 1445 

 - event time summary: 
   Min. 1st Qu.  Median    Mean 3rd Qu.    Max. 
0.00000 0.01176 0.14603 0.53325 0.67305 8.00973 

 - censoring time summary: 
   Min. 1st Qu.  Median    Mean 3rd Qu.    Max. 
0.00000 0.03475 0.25198 0.64321 0.80250 8.22388 

 - treatment indicator table: 
   0    1 
1305 1106 

==========================================================================
===========================   Estimation start  ==========================
==========================================================================

--- Split:1 ---

   [*---------] 10% | ET: 6.5s 
   [**--------] 20% | ET: 13.2s 
   [***-------] 30% | ET: 20.9s 
   [****------] 40% | ET: 29.2s 
   [*****-----] 50% | ET: 39.2s 
   [******----] 60% | ET: 49.1s 
   [*******---] 70% | ET: 59.6s 
   [********--] 80% | ET: 69.8s 
   [*********-] 90% | ET: 79.5s 
   [**********] 100% | ET: 90.2s 

--- Split:2 ---

   [*---------] 10% | ET: 8.6s 
   [**--------] 20% | ET: 18.7s 
   [***-------] 30% | ET: 28.9s 
   [****------] 40% | ET: 37.8s 
   [*****-----] 50% | ET: 45.6s 
   [******----] 60% | ET: 57s 
   [*******---] 70% | ET: 67.8s 
   [********--] 80% | ET: 79.2s 
   [*********-] 90% | ET: 90.2s 
   [**********] 100% | ET: 99.6s 

--- IF for proposed nonparametric estimator computed --- ET: 208.9 seconds
--- Estimator computed: mu --- ET: 0.6 seconds --- 
--- Estimator computed: mu_1 --- ET: 0.6 seconds --- 
--- Estimator computed: mu_0 --- ET: 0.6 seconds --- 
--- Estimator computed: de --- ET: 0.8 seconds --- 
--- Estimator computed: oe --- ET: 0.6 seconds --- 
--- Estimator computed: se_1 --- ET: 0.6 seconds --- 
--- Estimator computed: se_0 --- ET: 0.5 seconds --- 
--- Total run time: 215.5 seconds --- 
Warning message:
In checkConv(attr(opt, "derivs"), opt$par, ctrl = control$checkConv,  :
  Model failed to converge with max|grad| = 0.00910564 (tol = 0.002, component 1)
--- Total run time: 227.2 seconds --- ###################################################
### Job finished at Thu Jun  5 03:41:46 EDT 2025 ###
###################################################
