##############################################################
### Job started at Thu Jun  5 03:59:53 EDT 2025 with p=TypeB, m=200, r=100, s=21 ###
##############################################################

Attaching package: ‘dplyr’

The following objects are masked from ‘package:stats’:

    filter, lag

The following objects are masked from ‘package:base’:

    intersect, setdiff, setequal, union

Loading required package: foreach
Loading required package: iterators
Loading required package: parallel

 randomForestSRC 3.2.2 
 
 Type rfsrc.news() to see new features, changes, and bug fixes. 
 

[conflicted] Will prefer dplyr::select over any other package.
[conflicted] Will prefer dplyr::filter over any other package.
[conflicted] Will prefer reshape2::melt over any other package.
── Attaching core tidyverse packages ──────────────────────── tidyverse 2.0.0 ──
✔ forcats   1.0.0     ✔ readr     2.1.4
✔ ggplot2   3.5.2     ✔ stringr   1.5.1
✔ lubridate 1.9.3     ✔ tibble    3.2.1
✔ purrr     0.3.5     ✔ tidyr     1.2.1
# A tibble: 42 × 4
   theta   tau estimand   truth
   <dbl> <dbl> <chr>      <dbl>
 1  0.3    0.2 de       -0.286 
 2  0.3    0.2 mu        0.452 
 3  0.3    0.2 mu_0      0.538 
 4  0.3    0.2 mu_1      0.252 
 5  0.3    0.2 oe        0.0792
 6  0.3    0.2 se_0      0.0428
 7  0.3    0.2 se_1      0.0282
 8  0.45   0.2 de       -0.272 
 9  0.45   0.2 mu        0.373 
10  0.45   0.2 mu_0      0.495 
11  0.45   0.2 mu_1      0.223 
12  0.45   0.2 oe        0     
13  0.45   0.2 se_0      0     
14  0.45   0.2 se_1      0     
15  0.6    0.2 de       -0.262 
16  0.6    0.2 mu        0.309 
17  0.6    0.2 mu_0      0.466 
18  0.6    0.2 mu_1      0.204 
19  0.6    0.2 oe       -0.0642
20  0.6    0.2 se_0     -0.0292
21  0.6    0.2 se_1     -0.0197
22  0.3    0.4 de       -0.270 
23  0.3    0.4 mu        0.557 
24  0.3    0.4 mu_0      0.638 
25  0.3    0.4 mu_1      0.368 
26  0.3    0.4 oe        0.0799
27  0.3    0.4 se_0      0.0435
28  0.3    0.4 se_1      0.0342
29  0.45   0.4 de       -0.261 
30  0.45   0.4 mu        0.477 
31  0.45   0.4 mu_0      0.594 
32  0.45   0.4 mu_1      0.333 
33  0.45   0.4 oe        0     
34  0.45   0.4 se_0      0     
35  0.45   0.4 se_1      0     
36  0.6    0.4 de       -0.256 
37  0.6    0.4 mu        0.411 
38  0.6    0.4 mu_0      0.565 
39  0.6    0.4 mu_1      0.309 
40  0.6    0.4 oe       -0.0655
41  0.6    0.4 se_0     -0.0294
42  0.6    0.4 se_1     -0.0244
Loading required package: Matrix

Attaching package: ‘Matrix’

The following objects are masked from ‘package:tidyr’:

    expand, pack, unpack


==========================================================================
===========================   Analysis setting  ==========================
==========================================================================

- taus: 0.1, 0.2, 0.3, 0.4, 0.5 

- policy: TypeB 

- thetas: 0.3, 0.31, 0.32, 0.33, 0.34, 0.35, 0.36, 0.37, 0.38, 0.39, 0.4, 0.41, 0.42, 0.43, 0.44, 0.45, 0.46, 0.47, 0.48, 0.49, 0.5, 0.51, 0.52, 0.53, 0.54, 0.55, 0.56, 0.57, 0.58, 0.59, 0.6 

- r: 100 

- K: 2 

- Nuisance estimation method: T nonpara / C nonpara / A para 

- m: 200 

- N_total: 2521 

- cluster size dist'n: 
 5  6  7  8  9 10 11 12 13 14 15 16 17 18 19 20 
17 11 10 11  6 12 15 15  9 10 14 18 20 15 12  5 

 - observed time summary: 
   Min. 1st Qu.  Median    Mean 3rd Qu.    Max. 
 0.0000  0.0189  0.1897  0.5984  0.7594 10.0134 

 - event indicator table: 
   0    1 
1022 1499 

 - event time summary: 
     Min.   1st Qu.    Median      Mean   3rd Qu.      Max. 
 0.000000  0.009091  0.137666  0.552890  0.658812 10.013367 

 - censoring time summary: 
   Min. 1st Qu.  Median    Mean 3rd Qu.    Max. 
0.00000 0.04091 0.24679 0.66505 0.87908 6.52620 

 - treatment indicator table: 
   0    1 
1357 1164 

==========================================================================
===========================   Estimation start  ==========================
==========================================================================

--- Split:1 ---

   [*---------] 10% | ET: 7.6s 
   [**--------] 20% | ET: 15.2s 
   [***-------] 30% | ET: 23.6s 
   [****------] 40% | ET: 32.1s 
   [*****-----] 50% | ET: 41.4s 
   [******----] 60% | ET: 50.7s 
   [*******---] 70% | ET: 59.5s 
   [********--] 80% | ET: 69s 
   [*********-] 90% | ET: 79s 
   [**********] 100% | ET: 86.1s 

--- Split:2 ---

   [*---------] 10% | ET: 9.9s 
   [**--------] 20% | ET: 21s 
   [***-------] 30% | ET: 29.6s 
   [****------] 40% | ET: 39s 
   [*****-----] 50% | ET: 47.5s 
   [******----] 60% | ET: 57.5s 
   [*******---] 70% | ET: 66.4s 
   [********--] 80% | ET: 75.8s 
   [*********-] 90% | ET: 85.8s 
   [**********] 100% | ET: 95.2s 

--- IF for proposed nonparametric estimator computed --- ET: 204.3 seconds
--- Estimator computed: mu --- ET: 0.9 seconds --- 
--- Estimator computed: mu_1 --- ET: 0.8 seconds --- 
--- Estimator computed: mu_0 --- ET: 0.8 seconds --- 
--- Estimator computed: de --- ET: 0.8 seconds --- 
--- Estimator computed: oe --- ET: 0.9 seconds --- 
--- Estimator computed: se_1 --- ET: 0.8 seconds --- 
--- Estimator computed: se_0 --- ET: 0.8 seconds --- 
--- Total run time: 212.7 seconds --- 
Warning message:
In checkConv(attr(opt, "derivs"), opt$par, ctrl = control$checkConv,  :
  Model failed to converge with max|grad| = 0.00355695 (tol = 0.002, component 1)
--- Total run time: 229.1 seconds --- ###################################################
### Job finished at Thu Jun  5 04:03:43 EDT 2025 ###
###################################################
