##############################################################
### Job started at Thu Jun  5 03:51:28 EDT 2025 with p=TypeB, m=200, r=100, s=21 ###
##############################################################

Attaching package: ‘dplyr’

The following objects are masked from ‘package:stats’:

    filter, lag

The following objects are masked from ‘package:base’:

    intersect, setdiff, setequal, union

Loading required package: foreach
Loading required package: iterators
Loading required package: parallel

 randomForestSRC 3.2.2 
 
 Type rfsrc.news() to see new features, changes, and bug fixes. 
 

[conflicted] Will prefer dplyr::select over any other package.
[conflicted] Will prefer dplyr::filter over any other package.
[conflicted] Will prefer reshape2::melt over any other package.
── Attaching core tidyverse packages ──────────────────────── tidyverse 2.0.0 ──
✔ forcats   1.0.0     ✔ readr     2.1.4
✔ ggplot2   3.5.2     ✔ stringr   1.5.1
✔ lubridate 1.9.3     ✔ tibble    3.2.1
✔ purrr     0.3.5     ✔ tidyr     1.2.1
# A tibble: 42 × 4
   theta   tau estimand   truth
   <dbl> <dbl> <chr>      <dbl>
 1  0.3    0.2 de       -0.300 
 2  0.3    0.2 mu        0.466 
 3  0.3    0.2 mu_0      0.556 
 4  0.3    0.2 mu_1      0.256 
 5  0.3    0.2 oe        0.0893
 6  0.3    0.2 se_0      0.0521
 7  0.3    0.2 se_1      0.0347
 8  0.45   0.2 de       -0.283 
 9  0.45   0.2 mu        0.377 
10  0.45   0.2 mu_0      0.504 
11  0.45   0.2 mu_1      0.221 
12  0.45   0.2 oe        0     
13  0.45   0.2 se_0      0     
14  0.45   0.2 se_1      0     
15  0.6    0.2 de       -0.268 
16  0.6    0.2 mu        0.306 
17  0.6    0.2 mu_0      0.466 
18  0.6    0.2 mu_1      0.199 
19  0.6    0.2 oe       -0.0710
20  0.6    0.2 se_0     -0.0376
21  0.6    0.2 se_1     -0.0226
22  0.3    0.4 de       -0.286 
23  0.3    0.4 mu        0.574 
24  0.3    0.4 mu_0      0.659 
25  0.3    0.4 mu_1      0.374 
26  0.3    0.4 oe        0.0931
27  0.3    0.4 se_0      0.0553
28  0.3    0.4 se_1      0.0440
29  0.45   0.4 de       -0.274 
30  0.45   0.4 mu        0.480 
31  0.45   0.4 mu_0      0.604 
32  0.45   0.4 mu_1      0.330 
33  0.45   0.4 oe        0     
34  0.45   0.4 se_0      0     
35  0.45   0.4 se_1      0     
36  0.6    0.4 de       -0.262 
37  0.6    0.4 mu        0.405 
38  0.6    0.4 mu_0      0.562 
39  0.6    0.4 mu_1      0.301 
40  0.6    0.4 oe       -0.0750
41  0.6    0.4 se_0     -0.0414
42  0.6    0.4 se_1     -0.0289
Loading required package: Matrix

Attaching package: ‘Matrix’

The following objects are masked from ‘package:tidyr’:

    expand, pack, unpack


==========================================================================
===========================   Analysis setting  ==========================
==========================================================================

- taus: 0.1, 0.2, 0.3, 0.4, 0.5 

- policy: TypeB 

- thetas: 0.3, 0.31, 0.32, 0.33, 0.34, 0.35, 0.36, 0.37, 0.38, 0.39, 0.4, 0.41, 0.42, 0.43, 0.44, 0.45, 0.46, 0.47, 0.48, 0.49, 0.5, 0.51, 0.52, 0.53, 0.54, 0.55, 0.56, 0.57, 0.58, 0.59, 0.6 

- r: 100 

- K: 2 

- Nuisance estimation method: T nonpara / C nonpara / A para 

- m: 200 

- N_total: 2527 

- cluster size dist'n: 
 5  6  7  8  9 10 11 12 13 14 15 16 17 18 19 20 
 9  8 14 22  9 12 10 15 13 13 14 10 13 11 11 16 

 - observed time summary: 
    Min.  1st Qu.   Median     Mean  3rd Qu.     Max. 
 0.00000  0.01778  0.17189  0.58453  0.73064 10.39636 

 - event indicator table: 
   0    1 
1009 1518 

 - event time summary: 
    Min.  1st Qu.   Median     Mean  3rd Qu.     Max. 
 0.00000  0.01206  0.14629  0.53243  0.63994 10.39636 

 - censoring time summary: 
   Min. 1st Qu.  Median    Mean 3rd Qu.    Max. 
0.00000 0.03524 0.20625 0.66292 0.87521 8.42513 

 - treatment indicator table: 
   0    1 
1363 1164 

==========================================================================
===========================   Estimation start  ==========================
==========================================================================

--- Split:1 ---

   [*---------] 10% | ET: 8.2s 
   [**--------] 20% | ET: 15.5s 
   [***-------] 30% | ET: 22.8s 
   [****------] 40% | ET: 29.8s 
   [*****-----] 50% | ET: 36.7s 
   [******----] 60% | ET: 44.4s 
   [*******---] 70% | ET: 51.7s 
   [********--] 80% | ET: 59.4s 
   [*********-] 90% | ET: 66.6s 
   [**********] 100% | ET: 74.1s 

--- Split:2 ---

   [*---------] 10% | ET: 7.1s 
   [**--------] 20% | ET: 15.1s 
   [***-------] 30% | ET: 22.8s 
   [****------] 40% | ET: 30.1s 
   [*****-----] 50% | ET: 38s 
   [******----] 60% | ET: 45.8s 
   [*******---] 70% | ET: 53.7s 
   [********--] 80% | ET: 62.1s 
   [*********-] 90% | ET: 70.2s 
   [**********] 100% | ET: 78.1s 

--- IF for proposed nonparametric estimator computed --- ET: 171.8 seconds
--- Estimator computed: mu --- ET: 0.6 seconds --- 
--- Estimator computed: mu_1 --- ET: 0.5 seconds --- 
--- Estimator computed: mu_0 --- ET: 0.5 seconds --- 
--- Estimator computed: de --- ET: 0.6 seconds --- 
--- Estimator computed: oe --- ET: 0.6 seconds --- 
--- Estimator computed: se_1 --- ET: 0.5 seconds --- 
--- Estimator computed: se_0 --- ET: 0.5 seconds --- 
--- Total run time: 177.6 seconds --- 
--- Total run time: 189 seconds --- ###################################################
### Job finished at Thu Jun  5 03:54:37 EDT 2025 ###
###################################################
