##############################################################
### Job started at Thu Jun  5 03:47:04 EDT 2025 with p=TypeB, m=200, r=100, s=21 ###
##############################################################

Attaching package: ‘dplyr’

The following objects are masked from ‘package:stats’:

    filter, lag

The following objects are masked from ‘package:base’:

    intersect, setdiff, setequal, union

Loading required package: foreach
Loading required package: iterators
Loading required package: parallel

 randomForestSRC 3.2.2 
 
 Type rfsrc.news() to see new features, changes, and bug fixes. 
 

[conflicted] Will prefer dplyr::select over any other package.
[conflicted] Will prefer dplyr::filter over any other package.
[conflicted] Will prefer reshape2::melt over any other package.
── Attaching core tidyverse packages ──────────────────────── tidyverse 2.0.0 ──
✔ forcats   1.0.0     ✔ readr     2.1.4
✔ ggplot2   3.5.2     ✔ stringr   1.5.1
✔ lubridate 1.9.3     ✔ tibble    3.2.1
✔ purrr     0.3.5     ✔ tidyr     1.2.1
# A tibble: 42 × 4
   theta   tau estimand   truth
   <dbl> <dbl> <chr>      <dbl>
 1  0.3    0.2 de       -0.286 
 2  0.3    0.2 mu        0.448 
 3  0.3    0.2 mu_0      0.534 
 4  0.3    0.2 mu_1      0.248 
 5  0.3    0.2 oe        0.0749
 6  0.3    0.2 se_0      0.0372
 7  0.3    0.2 se_1      0.0257
 8  0.45   0.2 de       -0.274 
 9  0.45   0.2 mu        0.373 
10  0.45   0.2 mu_0      0.497 
11  0.45   0.2 mu_1      0.222 
12  0.45   0.2 oe        0     
13  0.45   0.2 se_0      0     
14  0.45   0.2 se_1      0     
15  0.6    0.2 de       -0.270 
16  0.6    0.2 mu        0.308 
17  0.6    0.2 mu_0      0.469 
18  0.6    0.2 mu_1      0.200 
19  0.6    0.2 oe       -0.0657
20  0.6    0.2 se_0     -0.0275
21  0.6    0.2 se_1     -0.0226
22  0.3    0.4 de       -0.271 
23  0.3    0.4 mu        0.553 
24  0.3    0.4 mu_0      0.634 
25  0.3    0.4 mu_1      0.363 
26  0.3    0.4 oe        0.0748
27  0.3    0.4 se_0      0.0368
28  0.3    0.4 se_1      0.0307
29  0.45   0.4 de       -0.265 
30  0.45   0.4 mu        0.478 
31  0.45   0.4 mu_0      0.597 
32  0.45   0.4 mu_1      0.332 
33  0.45   0.4 oe        0     
34  0.45   0.4 se_0      0     
35  0.45   0.4 se_1      0     
36  0.6    0.4 de       -0.266 
37  0.6    0.4 mu        0.410 
38  0.6    0.4 mu_0      0.569 
39  0.6    0.4 mu_1      0.304 
40  0.6    0.4 oe       -0.0682
41  0.6    0.4 se_0     -0.0282
42  0.6    0.4 se_1     -0.0285
Loading required package: Matrix

Attaching package: ‘Matrix’

The following objects are masked from ‘package:tidyr’:

    expand, pack, unpack


==========================================================================
===========================   Analysis setting  ==========================
==========================================================================

- taus: 0.1, 0.2, 0.3, 0.4, 0.5 

- policy: TypeB 

- thetas: 0.3, 0.31, 0.32, 0.33, 0.34, 0.35, 0.36, 0.37, 0.38, 0.39, 0.4, 0.41, 0.42, 0.43, 0.44, 0.45, 0.46, 0.47, 0.48, 0.49, 0.5, 0.51, 0.52, 0.53, 0.54, 0.55, 0.56, 0.57, 0.58, 0.59, 0.6 

- r: 100 

- K: 2 

- Nuisance estimation method: T nonpara / C nonpara / A para 

- m: 200 

- N_total: 2435 

- cluster size dist'n: 
 5  6  7  8  9 10 11 12 13 14 15 16 17 18 19 20 
16 10 17 12 13  9  8 21 15 16  8 13  7 10 13 12 

 - observed time summary: 
    Min.  1st Qu.   Median     Mean  3rd Qu.     Max. 
 0.00000  0.02111  0.20429  0.61116  0.74833 10.38884 

 - event indicator table: 
   0    1 
1007 1428 

 - event time summary: 
   Min. 1st Qu.  Median    Mean 3rd Qu.    Max. 
0.00000 0.01437 0.18206 0.58090 0.69092 6.16785 

 - censoring time summary: 
    Min.  1st Qu.   Median     Mean  3rd Qu.     Max. 
 0.00000  0.03447  0.25362  0.65409  0.83229 10.38884 

 - treatment indicator table: 
   0    1 
1246 1189 

==========================================================================
===========================   Estimation start  ==========================
==========================================================================

--- Split:1 ---

   [*---------] 10% | ET: 8.4s 
   [**--------] 20% | ET: 20.7s 
   [***-------] 30% | ET: 31.5s 
   [****------] 40% | ET: 43.7s 
   [*****-----] 50% | ET: 57s 
   [******----] 60% | ET: 71.7s 
   [*******---] 70% | ET: 86.6s 
   [********--] 80% | ET: 102.8s 
   [*********-] 90% | ET: 118.4s 
   [**********] 100% | ET: 132.7s 

--- Split:2 ---

   [*---------] 10% | ET: 11.5s 
   [**--------] 20% | ET: 23.2s 
   [***-------] 30% | ET: 35.6s 
   [****------] 40% | ET: 43.5s 
   [*****-----] 50% | ET: 52.8s 
   [******----] 60% | ET: 62.1s 
   [*******---] 70% | ET: 72.2s 
   [********--] 80% | ET: 85.9s 
   [*********-] 90% | ET: 100.1s 
   [**********] 100% | ET: 116.7s 

--- IF for proposed nonparametric estimator computed --- ET: 269.6 seconds
--- Estimator computed: mu --- ET: 0.6 seconds --- 
--- Estimator computed: mu_1 --- ET: 0.6 seconds --- 
--- Estimator computed: mu_0 --- ET: 0.8 seconds --- 
--- Estimator computed: de --- ET: 0.6 seconds --- 
--- Estimator computed: oe --- ET: 0.7 seconds --- 
--- Estimator computed: se_1 --- ET: 0.6 seconds --- 
--- Estimator computed: se_0 --- ET: 0.7 seconds --- 
--- Total run time: 277.4 seconds --- 
Warning message:
In checkConv(attr(opt, "derivs"), opt$par, ctrl = control$checkConv,  :
  Model failed to converge with max|grad| = 0.00287401 (tol = 0.002, component 1)
--- Total run time: 290.4 seconds --- ###################################################
### Job finished at Thu Jun  5 03:51:56 EDT 2025 ###
###################################################
