
Attaching package: ‘dplyr’

The following objects are masked from ‘package:stats’:

    filter, lag

The following objects are masked from ‘package:base’:

    intersect, setdiff, setequal, union

Loading required package: foreach
Loading required package: iterators
Loading required package: parallel

 randomForestSRC 3.2.2 
 
 Type rfsrc.news() to see new features, changes, and bug fixes. 
 

── Attaching core tidyverse packages ──────────────────────── tidyverse 2.0.0 ──
✔ forcats   1.0.0     ✔ readr     2.1.4
✔ ggplot2   3.3.6     ✔ stringr   1.5.1
✔ lubridate 1.9.3     ✔ tibble    3.2.1
✔ purrr     0.3.5     ✔ tidyr     1.2.1
── Conflicts ────────────────────────────────────────── tidyverse_conflicts() ──
✖ purrr::accumulate() masks foreach::accumulate()
✖ tidyr::extract()    masks dbarts::extract()
✖ dplyr::filter()     masks stats::filter()
✖ dplyr::lag()        masks stats::lag()
✖ purrr::partial()    masks randomForestSRC::partial()
✖ purrr::when()       masks foreach::when()
ℹ Use the [conflicted package](http://conflicted.r-lib.org/) to force all conflicts to become errors
[1] "[Analysis setting]"
[1] "n.cpus: 8"
[1] "method: nonpara"
[1] "taus: 0.1, 0.2, 0.3, 0.4, 0.5"
[1] "thetas: 0.1, 0.2, 0.3, 0.4, 0.5, 0.6, 0.7, 0.8, 0.9"
[1] "r: 100"
[1] "m: 200"
[1] "N_total: 2586"
[1] "cluster size dist'n: "

 5  6  7  8  9 10 11 12 13 14 15 16 17 18 19 20 
11 16  4  9 11 12 11 17 15 13 16  8 17 14 15 11 
[1] "observed time summary: "
   Min. 1st Qu.  Median    Mean 3rd Qu.    Max. 
0.00000 0.03846 0.34916 0.60244 1.00000 6.80612 
[1] "event indicator table: "

   0    1 
1548 1038 
[1] "treatment indicator table: "

   0    1 
 931 1655 
[1] ""
[1] "Estimation start"
[1] "   Split: 1"
Note: Using an external vector in selections is ambiguous.
ℹ Use `all_of(X.T.names)` instead of `X.T.names` to silence this message.
ℹ See <https://tidyselect.r-lib.org/reference/faq-external-vector.html>.
This message is displayed once per session.
Note: Using an external vector in selections is ambiguous.
ℹ Use `all_of(X.C.names)` instead of `X.C.names` to silence this message.
ℹ See <https://tidyselect.r-lib.org/reference/faq-external-vector.html>.
This message is displayed once per session.
Note: Using an external vector in selections is ambiguous.
ℹ Use `all_of(X.A.names)` instead of `X.A.names` to silence this message.
ℹ See <https://tidyselect.r-lib.org/reference/faq-external-vector.html>.
This message is displayed once per session.

Running BART with binary y

number of trees: 25
number of chains: 1, number of threads 1
tree thinning rate: 1
Prior:
	prior on k: chi with 1.250000 degrees of freedom and inf scale
	power and base for tree prior: 2.000000 0.950000
	use quantiles for rule cut points: false
	proposal probabilities: birth/death 0.50, swap 0.10, change 0.40; birth 0.50
data:
	number of training observations: 1313
	number of test observations: 0
	number of explanatory variables: 15

Cutoff rules c in x<=c vs x>c
Number of cutoffs: (var: number of possible c):
(1: 100) (2: 100) (3: 100) (4: 100) (5: 100) 
(6: 100) (7: 100) (8: 100) (9: 100) (10: 100) 
(11: 100) (12: 100) (13: 100) (14: 100) (15: 100) 

[1] "     Cluster: 7"
[1] "     Cluster: 8"
[1] "     Cluster: 10"
[1] "     Cluster: 11"
[1] "     Cluster: 12"
[1] "     Cluster: 14"
[1] "     Cluster: 15"
[1] "     Cluster: 16"
[1] "     Cluster: 17"
[1] "     Cluster: 18"
[1] "     Cluster: 19"
[1] "     Cluster: 23"
[1] "     Cluster: 26"
[1] "     Cluster: 28"
[1] "     Cluster: 29"
[1] "     Cluster: 32"
[1] "     Cluster: 34"
[1] "     Cluster: 38"
[1] "     Cluster: 42"
[1] "     Cluster: 48"
[1] "     Cluster: 51"
[1] "     Cluster: 52"
[1] "     Cluster: 53"
[1] "     Cluster: 55"
[1] "     Cluster: 57"
[1] "     Cluster: 58"
[1] "     Cluster: 60"
[1] "     Cluster: 62"
[1] "     Cluster: 63"
[1] "     Cluster: 65"
[1] "     Cluster: 68"
[1] "     Cluster: 69"
[1] "     Cluster: 71"
[1] "     Cluster: 73"
[1] "     Cluster: 76"
[1] "     Cluster: 77"
[1] "     Cluster: 79"
[1] "     Cluster: 80"
[1] "     Cluster: 81"
[1] "     Cluster: 86"
[1] "     Cluster: 87"
[1] "     Cluster: 89"
[1] "     Cluster: 91"
[1] "     Cluster: 95"
[1] "     Cluster: 97"
[1] "     Cluster: 98"
[1] "     Cluster: 99"
[1] "     Cluster: 101"
[1] "     Cluster: 104"
[1] "     Cluster: 106"
[1] "     Cluster: 107"
[1] "     Cluster: 108"
[1] "     Cluster: 110"
[1] "     Cluster: 111"
[1] "     Cluster: 117"
[1] "     Cluster: 118"
[1] "     Cluster: 119"
[1] "     Cluster: 120"
[1] "     Cluster: 121"
[1] "     Cluster: 123"
[1] "     Cluster: 124"
[1] "     Cluster: 126"
[1] "     Cluster: 129"
[1] "     Cluster: 130"
[1] "     Cluster: 131"
[1] "     Cluster: 133"
[1] "     Cluster: 134"
[1] "     Cluster: 135"
[1] "     Cluster: 137"
[1] "     Cluster: 138"
[1] "     Cluster: 141"
[1] "     Cluster: 143"
[1] "     Cluster: 145"
[1] "     Cluster: 148"
[1] "     Cluster: 149"
[1] "     Cluster: 151"
[1] "     Cluster: 153"
[1] "     Cluster: 154"
[1] "     Cluster: 156"
[1] "     Cluster: 158"
[1] "     Cluster: 163"
[1] "     Cluster: 167"
[1] "     Cluster: 168"
[1] "     Cluster: 169"
[1] "     Cluster: 170"
[1] "     Cluster: 172"
[1] "     Cluster: 173"
[1] "     Cluster: 174"
[1] "     Cluster: 175"
[1] "     Cluster: 182"
[1] "     Cluster: 183"
[1] "     Cluster: 186"
[1] "     Cluster: 189"
[1] "     Cluster: 190"
[1] "     Cluster: 192"
[1] "     Cluster: 195"
[1] "     Cluster: 196"
[1] "     Cluster: 197"
[1] "     Cluster: 198"
[1] "     Cluster: 200"
[1] "   Split: 2"

Running BART with binary y

number of trees: 25
number of chains: 1, number of threads 1
tree thinning rate: 1
Prior:
	prior on k: chi with 1.250000 degrees of freedom and inf scale
	power and base for tree prior: 2.000000 0.950000
	use quantiles for rule cut points: false
	proposal probabilities: birth/death 0.50, swap 0.10, change 0.40; birth 0.50
data:
	number of training observations: 1273
	number of test observations: 0
	number of explanatory variables: 15

Cutoff rules c in x<=c vs x>c
Number of cutoffs: (var: number of possible c):
(1: 100) (2: 100) (3: 100) (4: 100) (5: 100) 
(6: 100) (7: 100) (8: 100) (9: 100) (10: 100) 
(11: 100) (12: 100) (13: 100) (14: 100) (15: 100) 

[1] "     Cluster: 1"
[1] "     Cluster: 2"
[1] "     Cluster: 3"
[1] "     Cluster: 4"
[1] "     Cluster: 5"
[1] "     Cluster: 6"
[1] "     Cluster: 9"
[1] "     Cluster: 13"
[1] "     Cluster: 20"
[1] "     Cluster: 21"
[1] "     Cluster: 22"
[1] "     Cluster: 24"
[1] "     Cluster: 25"
[1] "     Cluster: 27"
[1] "     Cluster: 30"
[1] "     Cluster: 31"
[1] "     Cluster: 33"
[1] "     Cluster: 35"
[1] "     Cluster: 36"
[1] "     Cluster: 37"
[1] "     Cluster: 39"
[1] "     Cluster: 40"
[1] "     Cluster: 41"
[1] "     Cluster: 43"
[1] "     Cluster: 44"
[1] "     Cluster: 45"
[1] "     Cluster: 46"
[1] "     Cluster: 47"
[1] "     Cluster: 49"
[1] "     Cluster: 50"
[1] "     Cluster: 54"
[1] "     Cluster: 56"
[1] "     Cluster: 59"
[1] "     Cluster: 61"
[1] "     Cluster: 64"
[1] "     Cluster: 66"
[1] "     Cluster: 67"
[1] "     Cluster: 70"
[1] "     Cluster: 72"
[1] "     Cluster: 74"
[1] "     Cluster: 75"
[1] "     Cluster: 78"
[1] "     Cluster: 82"
[1] "     Cluster: 83"
[1] "     Cluster: 84"
[1] "     Cluster: 85"
[1] "     Cluster: 88"
[1] "     Cluster: 90"
[1] "     Cluster: 92"
[1] "     Cluster: 93"
[1] "     Cluster: 94"
[1] "     Cluster: 96"
[1] "     Cluster: 100"
[1] "     Cluster: 102"
[1] "     Cluster: 103"
[1] "     Cluster: 105"
[1] "     Cluster: 109"
[1] "     Cluster: 112"
[1] "     Cluster: 113"
[1] "     Cluster: 114"
[1] "     Cluster: 115"
[1] "     Cluster: 116"
[1] "     Cluster: 122"
[1] "     Cluster: 125"
[1] "     Cluster: 127"
[1] "     Cluster: 128"
[1] "     Cluster: 132"
[1] "     Cluster: 136"
[1] "     Cluster: 139"
[1] "     Cluster: 140"
[1] "     Cluster: 142"
[1] "     Cluster: 144"
[1] "     Cluster: 146"
[1] "     Cluster: 147"
[1] "     Cluster: 150"
[1] "     Cluster: 152"
[1] "     Cluster: 155"
[1] "     Cluster: 157"
[1] "     Cluster: 159"
[1] "     Cluster: 160"
[1] "     Cluster: 161"
[1] "     Cluster: 162"
[1] "     Cluster: 164"
[1] "     Cluster: 165"
[1] "     Cluster: 166"
[1] "     Cluster: 171"
[1] "     Cluster: 176"
[1] "     Cluster: 177"
[1] "     Cluster: 178"
[1] "     Cluster: 179"
[1] "     Cluster: 180"
[1] "     Cluster: 181"
[1] "     Cluster: 184"
[1] "     Cluster: 185"
[1] "     Cluster: 187"
[1] "     Cluster: 188"
[1] "     Cluster: 191"
[1] "     Cluster: 193"
[1] "     Cluster: 194"
[1] "     Cluster: 199"
[1] ""
[1] "IF for proposed nonparametric estimator computed."
`summarise()` has grouped output by 'theta', 'tau'. You can override using the
`.groups` argument.
`summarise()` has grouped output by 'theta'. You can override using the
`.groups` argument.
`summarise()` has grouped output by 'theta', 'tau'. You can override using the
`.groups` argument.
`summarise()` has grouped output by 'theta'. You can override using the
`.groups` argument.
`summarise()` has grouped output by 'theta', 'tau'. You can override using the
`.groups` argument.
`summarise()` has grouped output by 'theta'. You can override using the
`.groups` argument.
`summarise()` has grouped output by 'theta', 'tau'. You can override using the
`.groups` argument.
`summarise()` has grouped output by 'theta'. You can override using the
`.groups` argument.
`summarise()` has grouped output by 'theta', 'tau'. You can override using the
`.groups` argument.
`summarise()` has grouped output by 'theta'. You can override using the
`.groups` argument.
`summarise()` has grouped output by 'theta', 'tau'. You can override using the
`.groups` argument.
`summarise()` has grouped output by 'theta'. You can override using the
`.groups` argument.
`summarise()` has grouped output by 'theta', 'tau'. You can override using the
`.groups` argument.
`summarise()` has grouped output by 'theta'. You can override using the
`.groups` argument.
`summarise()` has grouped output by 'theta', 'tau'. You can override using the
`.groups` argument.
`summarise()` has grouped output by 'theta'. You can override using the
`.groups` argument.
[1] ""
[1] "Total run time was 244.013 seconds"
[1] "Estimation result: "
# A tibble: 360 × 5
   estimand theta   tau   est     se
   <chr>    <dbl> <dbl> <dbl>  <dbl>
 1 mu         0.1   0.1 0.438 0.0796
 2 mu         0.1   0.2 0.545 0.0999
 3 mu         0.1   0.3 0.599 0.0979
 4 mu         0.1   0.4 0.644 0.104 
 5 mu         0.1   0.5 0.657 0.107 
 6 mu         0.2   0.1 0.380 0.0594
 7 mu         0.2   0.2 0.494 0.0800
 8 mu         0.2   0.3 0.548 0.0714
 9 mu         0.2   0.4 0.589 0.0709
10 mu         0.2   0.5 0.609 0.0694
# ℹ 350 more rows
[1] ""
[1] "OR weights"
`summarise()` has grouped output by 'estimand'. You can override using the
`.groups` argument.
# A tibble: 27 × 6
# Groups:   estimand [3]
   estimand theta mean_value median_value  min_value max_value
   <fct>    <dbl>      <dbl>        <dbl>      <dbl>     <dbl>
 1 mu         0.1      0.761        0.541 0.00000646     15.7 
 2 mu         0.2      0.883        0.908 0.00138        11.4 
 3 mu         0.3      0.968        0.995 0.0210          7.13
 4 mu         0.4      0.995        1     0.107           3.88
 5 mu         0.5      0.996        1     0.306           1.87
 6 mu         0.6      0.999        1     0.607           1.39
 7 mu         0.7      1.00         1     0.615           1.98
 8 mu         0.8      0.997        1     0.209           2.42
 9 mu         0.9      0.975        1     0.0119          2.42
10 mu_1       0.1      0.856        0.747 0.0000344      16.2 
11 mu_1       0.2      0.945        0.991 0.00372         9.21
12 mu_1       0.3      0.991        1     0.0387          5.68
13 mu_1       0.4      0.998        1     0.156           2.74
14 mu_1       0.5      0.996        1     0.382           1.70
15 mu_1       0.6      1.00         1     0.684           1.36
16 mu_1       0.7      1.00         1     0.553           2.11
17 mu_1       0.8      0.995        1     0.172           2.38
18 mu_1       0.9      0.973        1     0.00891         2.47
19 mu_0       0.1      0.751        0.502 0.00000336     15.6 
20 mu_0       0.2      0.868        0.870 0.000796       12.7 
21 mu_0       0.3      0.958        0.999 0.0134          7.75
22 mu_0       0.4      0.994        1     0.0747          4.63
23 mu_0       0.5      0.996        1     0.230           2.28
24 mu_0       0.6      0.997        1     0.492           1.53
25 mu_0       0.7      1.00         1     0.759           1.68
26 mu_0       0.8      1.01         1     0.356           2.58
27 mu_0       0.9      0.993        1     0.0386          1.99
[1] ""
[1] "IPCW weights"
`summarise()` has grouped output by 'estimand'. You can override using the
`.groups` argument.
# A tibble: 27 × 6
# Groups:   estimand [3]
   estimand theta mean_value median_value min_value max_value
   <fct>    <dbl>      <dbl>        <dbl>     <dbl>     <dbl>
 1 mu         0.1      43.5     0.0000302  2.50e-14    6646. 
 2 mu         0.2      62.9     0.00493    2.58e- 9   10222. 
 3 mu         0.3      34.1     0.0754     1.15e- 6    5320. 
 4 mu         0.4      11.0     0.375      6.44e- 5    1457. 
 5 mu         0.5       3.05    0.821      1.47e- 3     222. 
 6 mu         0.6       1.44    1.03       1.88e- 2      16.8
 7 mu         0.7       1.86    1.13       4.35e- 4     140. 
 8 mu         0.8       6.55    0.667      1.13e- 6    1029. 
 9 mu         0.9      23.1     0.106      2.76e-11    4288. 
10 mu_1       0.1      69.6     0.000156   0          11729. 
11 mu_1       0.2      54.3     0.0152     0           9019. 
12 mu_1       0.3      20.2     0.150      0           3129. 
13 mu_1       0.4       5.49    0.621      0            643. 
14 mu_1       0.5       1.84    0.921      0             78.2
15 mu_1       0.6       1.27    1.04       0             18.3
16 mu_1       0.7       2.11    1.03       0            189. 
17 mu_1       0.8       7.54    0.547      0           1219. 
18 mu_1       0.9      24.3     0.0808     0           4514. 
19 mu_0       0.1      40.6     0.0000114  0           6081. 
20 mu_0       0.2      65.0     0.00194    0          10522. 
21 mu_0       0.3      40.0     0.0341     0           6259. 
22 mu_0       0.4      14.6     0.198      0           2000. 
23 mu_0       0.5       4.26    0.646      0            365. 
24 mu_0       0.6       1.69    0.975      0             34.7
25 mu_0       0.7       1.29    1.08       0             24.5
26 mu_0       0.8       2.57    0.942      0            271. 
27 mu_0       0.9      12.8     0.197      0           2257. 
[1] "Total run time was 247.321 seconds"
