##############################################################
### Job started at Thu Jun  5 04:37:20 EDT 2025 with p=TypeB, m=200, r=100, s=22 ###
##############################################################

Attaching package: ‘dplyr’

The following objects are masked from ‘package:stats’:

    filter, lag

The following objects are masked from ‘package:base’:

    intersect, setdiff, setequal, union

Loading required package: foreach
Loading required package: iterators
Loading required package: parallel

 randomForestSRC 3.2.2 
 
 Type rfsrc.news() to see new features, changes, and bug fixes. 
 

[conflicted] Will prefer dplyr::select over any other package.
[conflicted] Will prefer dplyr::filter over any other package.
[conflicted] Will prefer reshape2::melt over any other package.
── Attaching core tidyverse packages ──────────────────────── tidyverse 2.0.0 ──
✔ forcats   1.0.0     ✔ readr     2.1.4
✔ ggplot2   3.5.2     ✔ stringr   1.5.1
✔ lubridate 1.9.3     ✔ tibble    3.2.1
✔ purrr     0.3.5     ✔ tidyr     1.2.1
# A tibble: 42 × 4
   theta   tau estimand   truth
   <dbl> <dbl> <chr>      <dbl>
 1  0.3    0.2 de       -0.293 
 2  0.3    0.2 mu        0.454 
 3  0.3    0.2 mu_0      0.542 
 4  0.3    0.2 mu_1      0.249 
 5  0.3    0.2 oe        0.0877
 6  0.3    0.2 se_0      0.0528
 7  0.3    0.2 se_1      0.0327
 8  0.45   0.2 de       -0.273 
 9  0.45   0.2 mu        0.366 
10  0.45   0.2 mu_0      0.489 
11  0.45   0.2 mu_1      0.216 
12  0.45   0.2 oe        0     
13  0.45   0.2 se_0      0     
14  0.45   0.2 se_1      0     
15  0.6    0.2 de       -0.261 
16  0.6    0.2 mu        0.305 
17  0.6    0.2 mu_0      0.461 
18  0.6    0.2 mu_1      0.201 
19  0.6    0.2 oe       -0.0613
20  0.6    0.2 se_0     -0.0276
21  0.6    0.2 se_1     -0.0156
22  0.3    0.4 de       -0.279 
23  0.3    0.4 mu        0.557 
24  0.3    0.4 mu_0      0.641 
25  0.3    0.4 mu_1      0.362 
26  0.3    0.4 oe        0.0904
27  0.3    0.4 se_0      0.0554
28  0.3    0.4 se_1      0.0401
29  0.45   0.4 de       -0.264 
30  0.45   0.4 mu        0.467 
31  0.45   0.4 mu_0      0.586 
32  0.45   0.4 mu_1      0.322 
33  0.45   0.4 oe        0     
34  0.45   0.4 se_0      0     
35  0.45   0.4 se_1      0     
36  0.6    0.4 de       -0.254 
37  0.6    0.4 mu        0.406 
38  0.6    0.4 mu_0      0.558 
39  0.6    0.4 mu_1      0.304 
40  0.6    0.4 oe       -0.0613
41  0.6    0.4 se_0     -0.0279
42  0.6    0.4 se_1     -0.0175
Loading required package: Matrix

Attaching package: ‘Matrix’

The following objects are masked from ‘package:tidyr’:

    expand, pack, unpack


==========================================================================
===========================   Analysis setting  ==========================
==========================================================================

- taus: 0.1, 0.2, 0.3, 0.4, 0.5 

- policy: TypeB 

- thetas: 0.3, 0.31, 0.32, 0.33, 0.34, 0.35, 0.36, 0.37, 0.38, 0.39, 0.4, 0.41, 0.42, 0.43, 0.44, 0.45, 0.46, 0.47, 0.48, 0.49, 0.5, 0.51, 0.52, 0.53, 0.54, 0.55, 0.56, 0.57, 0.58, 0.59, 0.6 

- r: 100 

- K: 2 

- Nuisance estimation method: T nonpara / C para / A nonpara 

- m: 200 

- N_total: 2453 

- cluster size dist'n: 
 5  6  7  8  9 10 11 12 13 14 15 16 17 18 19 20 
16 15 11  6 13 26 16  2 11 11 11 10 13 16 10 13 

 - observed time summary: 
   Min. 1st Qu.  Median    Mean 3rd Qu.    Max. 
0.00000 0.01679 0.19219 0.59501 0.72950 8.21418 

 - event indicator table: 
   0    1 
 985 1468 

 - event time summary: 
   Min. 1st Qu.  Median    Mean 3rd Qu.    Max. 
0.00000 0.01003 0.15310 0.52162 0.62216 8.21418 

 - censoring time summary: 
   Min. 1st Qu.  Median    Mean 3rd Qu.    Max. 
0.00000 0.03501 0.26370 0.70438 0.92745 7.97194 

 - treatment indicator table: 
   0    1 
1329 1124 

==========================================================================
===========================   Estimation start  ==========================
==========================================================================

--- Split:1 ---

Running BART with binary y

number of trees: 25
number of chains: 1, number of threads 1
tree thinning rate: 1
Prior:
	prior on k: chi with 1.250000 degrees of freedom and inf scale
	power and base for tree prior: 2.000000 0.950000
	use quantiles for rule cut points: false
	proposal probabilities: birth/death 0.50, swap 0.10, change 0.40; birth 0.50
data:
	number of training observations: 1216
	number of test observations: 0
	number of explanatory variables: 15

Cutoff rules c in x<=c vs x>c
Number of cutoffs: (var: number of possible c):
(1: 100) (2: 100) (3: 100) (4: 100) (5: 100) 
(6: 100) (7: 100) (8: 100) (9: 100) (10: 100) 
(11: 100) (12: 100) (13: 100) (14: 100) (15: 100) 


   [*---------] 10% | ET: 8.4s 
   [**--------] 20% | ET: 17s 
   [***-------] 30% | ET: 26s 
   [****------] 40% | ET: 35.3s 
   [*****-----] 50% | ET: 44.6s 
   [******----] 60% | ET: 53.9s 
   [*******---] 70% | ET: 62.6s 
   [********--] 80% | ET: 71.9s 
   [*********-] 90% | ET: 81.1s 
   [**********] 100% | ET: 90.2s 

--- Split:2 ---

Running BART with binary y

number of trees: 25
number of chains: 1, number of threads 1
tree thinning rate: 1
Prior:
	prior on k: chi with 1.250000 degrees of freedom and inf scale
	power and base for tree prior: 2.000000 0.950000
	use quantiles for rule cut points: false
	proposal probabilities: birth/death 0.50, swap 0.10, change 0.40; birth 0.50
data:
	number of training observations: 1237
	number of test observations: 0
	number of explanatory variables: 15

Cutoff rules c in x<=c vs x>c
Number of cutoffs: (var: number of possible c):
(1: 100) (2: 100) (3: 100) (4: 100) (5: 100) 
(6: 100) (7: 100) (8: 100) (9: 100) (10: 100) 
(11: 100) (12: 100) (13: 100) (14: 100) (15: 100) 


   [*---------] 10% | ET: 9.1s 
   [**--------] 20% | ET: 18.6s 
   [***-------] 30% | ET: 28s 
   [****------] 40% | ET: 39.5s 
   [*****-----] 50% | ET: 52.3s 
   [******----] 60% | ET: 67.2s 
   [*******---] 70% | ET: 82.5s 
   [********--] 80% | ET: 96.5s 
   [*********-] 90% | ET: 111.5s 
   [**********] 100% | ET: 127.6s 

--- IF for proposed nonparametric estimator computed --- ET: 228.6 seconds
--- Estimator computed: mu --- ET: 0.6 seconds --- 
--- Estimator computed: mu_1 --- ET: 0.6 seconds --- 
--- Estimator computed: mu_0 --- ET: 0.8 seconds --- 
--- Estimator computed: de --- ET: 0.6 seconds --- 
--- Estimator computed: oe --- ET: 0.6 seconds --- 
--- Estimator computed: se_1 --- ET: 0.6 seconds --- 
--- Estimator computed: se_0 --- ET: 0.8 seconds --- 
--- Total run time: 235.6 seconds --- 
--- Total run time: 248.1 seconds --- ###################################################
### Job finished at Thu Jun  5 04:41:30 EDT 2025 ###
###################################################
