##############################################################
### Job started at Thu Jun  5 04:08:19 EDT 2025 with p=TypeB, m=200, r=100, s=22 ###
##############################################################

Attaching package: ‘dplyr’

The following objects are masked from ‘package:stats’:

    filter, lag

The following objects are masked from ‘package:base’:

    intersect, setdiff, setequal, union

Loading required package: foreach
Loading required package: iterators
Loading required package: parallel

 randomForestSRC 3.2.2 
 
 Type rfsrc.news() to see new features, changes, and bug fixes. 
 

[conflicted] Will prefer dplyr::select over any other package.
[conflicted] Will prefer dplyr::filter over any other package.
[conflicted] Will prefer reshape2::melt over any other package.
── Attaching core tidyverse packages ──────────────────────── tidyverse 2.0.0 ──
✔ forcats   1.0.0     ✔ readr     2.1.4
✔ ggplot2   3.5.2     ✔ stringr   1.5.1
✔ lubridate 1.9.3     ✔ tibble    3.2.1
✔ purrr     0.3.5     ✔ tidyr     1.2.1
# A tibble: 42 × 4
   theta   tau estimand   truth
   <dbl> <dbl> <chr>      <dbl>
 1  0.3    0.2 de       -0.307 
 2  0.3    0.2 mu        0.474 
 3  0.3    0.2 mu_0      0.566 
 4  0.3    0.2 mu_1      0.259 
 5  0.3    0.2 oe        0.0920
 6  0.3    0.2 se_0      0.0566
 7  0.3    0.2 se_1      0.0328
 8  0.45   0.2 de       -0.283 
 9  0.45   0.2 mu        0.382 
10  0.45   0.2 mu_0      0.510 
11  0.45   0.2 mu_1      0.226 
12  0.45   0.2 oe        0     
13  0.45   0.2 se_0      0     
14  0.45   0.2 se_1      0     
15  0.6    0.2 de       -0.272 
16  0.6    0.2 mu        0.315 
17  0.6    0.2 mu_0      0.478 
18  0.6    0.2 mu_1      0.206 
19  0.6    0.2 oe       -0.0674
20  0.6    0.2 se_0     -0.0319
21  0.6    0.2 se_1     -0.0201
22  0.3    0.4 de       -0.291 
23  0.3    0.4 mu        0.580 
24  0.3    0.4 mu_0      0.667 
25  0.3    0.4 mu_1      0.376 
26  0.3    0.4 oe        0.0940
27  0.3    0.4 se_0      0.0587
28  0.3    0.4 se_1      0.0400
29  0.45   0.4 de       -0.273 
30  0.45   0.4 mu        0.486 
31  0.45   0.4 mu_0      0.609 
32  0.45   0.4 mu_1      0.336 
33  0.45   0.4 oe        0     
34  0.45   0.4 se_0      0     
35  0.45   0.4 se_1      0     
36  0.6    0.4 de       -0.264 
37  0.6    0.4 mu        0.417 
38  0.6    0.4 mu_0      0.576 
39  0.6    0.4 mu_1      0.312 
40  0.6    0.4 oe       -0.0689
41  0.6    0.4 se_0     -0.0332
42  0.6    0.4 se_1     -0.0244
Loading required package: Matrix

Attaching package: ‘Matrix’

The following objects are masked from ‘package:tidyr’:

    expand, pack, unpack


==========================================================================
===========================   Analysis setting  ==========================
==========================================================================

- taus: 0.1, 0.2, 0.3, 0.4, 0.5 

- policy: TypeB 

- thetas: 0.3, 0.31, 0.32, 0.33, 0.34, 0.35, 0.36, 0.37, 0.38, 0.39, 0.4, 0.41, 0.42, 0.43, 0.44, 0.45, 0.46, 0.47, 0.48, 0.49, 0.5, 0.51, 0.52, 0.53, 0.54, 0.55, 0.56, 0.57, 0.58, 0.59, 0.6 

- r: 100 

- K: 2 

- Nuisance estimation method: T nonpara / C para / A nonpara 

- m: 200 

- N_total: 2539 

- cluster size dist'n: 
 5  6  7  8  9 10 11 12 13 14 15 16 17 18 19 20 
13 17 10  8  6 14 13  9 12 14 17 16 21  8 11 11 

 - observed time summary: 
   Min. 1st Qu.  Median    Mean 3rd Qu.    Max. 
0.00000 0.02058 0.18956 0.59703 0.77937 7.54543 

 - event indicator table: 
   0    1 
1030 1509 

 - event time summary: 
   Min. 1st Qu.  Median    Mean 3rd Qu.    Max. 
0.00000 0.01139 0.14652 0.52792 0.65953 6.67192 

 - censoring time summary: 
   Min. 1st Qu.  Median    Mean 3rd Qu.    Max. 
0.00000 0.03792 0.27133 0.69828 0.93641 7.54543 

 - treatment indicator table: 
   0    1 
1325 1214 

==========================================================================
===========================   Estimation start  ==========================
==========================================================================

--- Split:1 ---

Running BART with binary y

number of trees: 25
number of chains: 1, number of threads 1
tree thinning rate: 1
Prior:
	prior on k: chi with 1.250000 degrees of freedom and inf scale
	power and base for tree prior: 2.000000 0.950000
	use quantiles for rule cut points: false
	proposal probabilities: birth/death 0.50, swap 0.10, change 0.40; birth 0.50
data:
	number of training observations: 1283
	number of test observations: 0
	number of explanatory variables: 15

Cutoff rules c in x<=c vs x>c
Number of cutoffs: (var: number of possible c):
(1: 100) (2: 100) (3: 100) (4: 100) (5: 100) 
(6: 100) (7: 100) (8: 100) (9: 100) (10: 100) 
(11: 100) (12: 100) (13: 100) (14: 100) (15: 100) 


   [*---------] 10% | ET: 13.5s 
   [**--------] 20% | ET: 30.6s 
   [***-------] 30% | ET: 45.7s 
   [****------] 40% | ET: 63.4s 
   [*****-----] 50% | ET: 78.5s 
   [******----] 60% | ET: 95.3s 
   [*******---] 70% | ET: 111.4s 
   [********--] 80% | ET: 129.2s 
   [*********-] 90% | ET: 145.4s 
   [**********] 100% | ET: 165s 

--- Split:2 ---

Running BART with binary y

number of trees: 25
number of chains: 1, number of threads 1
tree thinning rate: 1
Prior:
	prior on k: chi with 1.250000 degrees of freedom and inf scale
	power and base for tree prior: 2.000000 0.950000
	use quantiles for rule cut points: false
	proposal probabilities: birth/death 0.50, swap 0.10, change 0.40; birth 0.50
data:
	number of training observations: 1256
	number of test observations: 0
	number of explanatory variables: 15

Cutoff rules c in x<=c vs x>c
Number of cutoffs: (var: number of possible c):
(1: 100) (2: 100) (3: 100) (4: 100) (5: 100) 
(6: 100) (7: 100) (8: 100) (9: 100) (10: 100) 
(11: 100) (12: 100) (13: 100) (14: 100) (15: 100) 


   [*---------] 10% | ET: 19.4s 
   [**--------] 20% | ET: 38.8s 
   [***-------] 30% | ET: 58s 
   [****------] 40% | ET: 74.8s 
   [*****-----] 50% | ET: 88.9s 
   [******----] 60% | ET: 104.2s 
   [*******---] 70% | ET: 118.1s 
   [********--] 80% | ET: 128.5s 
   [*********-] 90% | ET: 139.3s 
   [**********] 100% | ET: 150.8s 

--- IF for proposed nonparametric estimator computed --- ET: 328.3 seconds
--- Estimator computed: mu --- ET: 0.6 seconds --- 
--- Estimator computed: mu_1 --- ET: 0.6 seconds --- 
--- Estimator computed: mu_0 --- ET: 0.6 seconds --- 
--- Estimator computed: de --- ET: 0.5 seconds --- 
--- Estimator computed: oe --- ET: 0.6 seconds --- 
--- Estimator computed: se_1 --- ET: 0.5 seconds --- 
--- Estimator computed: se_0 --- ET: 0.8 seconds --- 
--- Total run time: 334.8 seconds --- 
--- Total run time: 347.2 seconds --- ###################################################
### Job finished at Thu Jun  5 04:14:08 EDT 2025 ###
###################################################
