
Attaching package: ‘dplyr’

The following objects are masked from ‘package:stats’:

    filter, lag

The following objects are masked from ‘package:base’:

    intersect, setdiff, setequal, union

Loading required package: foreach
Loading required package: iterators
Loading required package: parallel

 randomForestSRC 3.2.2 
 
 Type rfsrc.news() to see new features, changes, and bug fixes. 
 

── Attaching core tidyverse packages ──────────────────────── tidyverse 2.0.0 ──
✔ forcats   1.0.0     ✔ readr     2.1.4
✔ ggplot2   3.3.6     ✔ stringr   1.5.1
✔ lubridate 1.9.3     ✔ tibble    3.2.1
✔ purrr     0.3.5     ✔ tidyr     1.2.1
── Conflicts ────────────────────────────────────────── tidyverse_conflicts() ──
✖ purrr::accumulate() masks foreach::accumulate()
✖ tidyr::extract()    masks dbarts::extract()
✖ dplyr::filter()     masks stats::filter()
✖ dplyr::lag()        masks stats::lag()
✖ purrr::partial()    masks randomForestSRC::partial()
✖ purrr::when()       masks foreach::when()
ℹ Use the [conflicted package](http://conflicted.r-lib.org/) to force all conflicts to become errors
[1] "[Analysis setting]"
[1] "n.cpus: 8"
[1] "method: nonpara"
[1] "taus: 0.1, 0.2, 0.3, 0.4, 0.5"
[1] "thetas: 0.1, 0.2, 0.3, 0.4, 0.5, 0.6, 0.7, 0.8, 0.9"
[1] "r: 500"
[1] "m: 100"
[1] "N_total: 1295"
[1] "cluster size dist'n: "

 5  6  7  8  9 10 11 12 13 14 15 16 17 18 19 20 
 2  6  7  9  4  6  7  5  8  6  7  2  7 11  7  6 
[1] "observed time summary: "
   Min. 1st Qu.  Median    Mean 3rd Qu.    Max. 
0.00000 0.03624 0.34277 0.59808 1.00000 4.00000 
[1] "event indicator table: "

  0   1 
759 536 
[1] "treatment indicator table: "

  0   1 
484 811 
[1] ""
[1] "Estimation start"
[1] "   Split: 1"
Note: Using an external vector in selections is ambiguous.
ℹ Use `all_of(X.T.names)` instead of `X.T.names` to silence this message.
ℹ See <https://tidyselect.r-lib.org/reference/faq-external-vector.html>.
This message is displayed once per session.
Note: Using an external vector in selections is ambiguous.
ℹ Use `all_of(X.C.names)` instead of `X.C.names` to silence this message.
ℹ See <https://tidyselect.r-lib.org/reference/faq-external-vector.html>.
This message is displayed once per session.
Note: Using an external vector in selections is ambiguous.
ℹ Use `all_of(X.A.names)` instead of `X.A.names` to silence this message.
ℹ See <https://tidyselect.r-lib.org/reference/faq-external-vector.html>.
This message is displayed once per session.

Running BART with binary y

number of trees: 25
number of chains: 1, number of threads 1
tree thinning rate: 1
Prior:
	prior on k: chi with 1.250000 degrees of freedom and inf scale
	power and base for tree prior: 2.000000 0.950000
	use quantiles for rule cut points: false
	proposal probabilities: birth/death 0.50, swap 0.10, change 0.40; birth 0.50
data:
	number of training observations: 635
	number of test observations: 0
	number of explanatory variables: 15

Cutoff rules c in x<=c vs x>c
Number of cutoffs: (var: number of possible c):
(1: 100) (2: 100) (3: 100) (4: 100) (5: 100) 
(6: 100) (7: 100) (8: 100) (9: 100) (10: 100) 
(11: 100) (12: 100) (13: 100) (14: 100) (15: 100) 

[1] "     Cluster: 4"
[1] "     Cluster: 6"
[1] "     Cluster: 8"
[1] "     Cluster: 9"
[1] "     Cluster: 11"
[1] "     Cluster: 12"
[1] "     Cluster: 14"
[1] "     Cluster: 15"
[1] "     Cluster: 16"
[1] "     Cluster: 17"
[1] "     Cluster: 18"
[1] "     Cluster: 21"
[1] "     Cluster: 22"
[1] "     Cluster: 24"
[1] "     Cluster: 26"
[1] "     Cluster: 28"
[1] "     Cluster: 30"
[1] "     Cluster: 31"
[1] "     Cluster: 32"
[1] "     Cluster: 36"
[1] "     Cluster: 37"
[1] "     Cluster: 40"
[1] "     Cluster: 41"
[1] "     Cluster: 45"
[1] "     Cluster: 46"
[1] "     Cluster: 47"
[1] "     Cluster: 51"
[1] "     Cluster: 52"
[1] "     Cluster: 53"
[1] "     Cluster: 55"
[1] "     Cluster: 56"
[1] "     Cluster: 57"
[1] "     Cluster: 58"
[1] "     Cluster: 60"
[1] "     Cluster: 63"
[1] "     Cluster: 65"
[1] "     Cluster: 66"
[1] "     Cluster: 67"
[1] "     Cluster: 70"
[1] "     Cluster: 72"
[1] "     Cluster: 76"
[1] "     Cluster: 77"
[1] "     Cluster: 82"
[1] "     Cluster: 83"
[1] "     Cluster: 87"
[1] "     Cluster: 88"
[1] "     Cluster: 89"
[1] "     Cluster: 91"
[1] "     Cluster: 92"
[1] "     Cluster: 94"
[1] "   Split: 2"

Running BART with binary y

number of trees: 25
number of chains: 1, number of threads 1
tree thinning rate: 1
Prior:
	prior on k: chi with 1.250000 degrees of freedom and inf scale
	power and base for tree prior: 2.000000 0.950000
	use quantiles for rule cut points: false
	proposal probabilities: birth/death 0.50, swap 0.10, change 0.40; birth 0.50
data:
	number of training observations: 660
	number of test observations: 0
	number of explanatory variables: 15

Cutoff rules c in x<=c vs x>c
Number of cutoffs: (var: number of possible c):
(1: 100) (2: 100) (3: 100) (4: 100) (5: 100) 
(6: 100) (7: 100) (8: 100) (9: 100) (10: 100) 
(11: 100) (12: 100) (13: 100) (14: 100) (15: 100) 

[1] "     Cluster: 1"
[1] "     Cluster: 2"
[1] "     Cluster: 3"
[1] "     Cluster: 5"
[1] "     Cluster: 7"
[1] "     Cluster: 10"
[1] "     Cluster: 13"
[1] "     Cluster: 19"
[1] "     Cluster: 20"
[1] "     Cluster: 23"
[1] "     Cluster: 25"
[1] "     Cluster: 27"
[1] "     Cluster: 29"
[1] "     Cluster: 33"
[1] "     Cluster: 34"
[1] "     Cluster: 35"
[1] "     Cluster: 38"
[1] "     Cluster: 39"
[1] "     Cluster: 42"
[1] "     Cluster: 43"
[1] "     Cluster: 44"
[1] "     Cluster: 48"
[1] "     Cluster: 49"
[1] "     Cluster: 50"
[1] "     Cluster: 54"
[1] "     Cluster: 59"
[1] "     Cluster: 61"
[1] "     Cluster: 62"
[1] "     Cluster: 64"
[1] "     Cluster: 68"
[1] "     Cluster: 69"
[1] "     Cluster: 71"
[1] "     Cluster: 73"
[1] "     Cluster: 74"
[1] "     Cluster: 75"
[1] "     Cluster: 78"
[1] "     Cluster: 79"
[1] "     Cluster: 80"
[1] "     Cluster: 81"
[1] "     Cluster: 84"
[1] "     Cluster: 85"
[1] "     Cluster: 86"
[1] "     Cluster: 90"
[1] "     Cluster: 93"
[1] "     Cluster: 95"
[1] "     Cluster: 96"
[1] "     Cluster: 97"
[1] "     Cluster: 98"
[1] "     Cluster: 99"
[1] "     Cluster: 100"
[1] ""
[1] "IF for proposed nonparametric estimator computed."
`summarise()` has grouped output by 'theta', 'tau'. You can override using the
`.groups` argument.
`summarise()` has grouped output by 'theta'. You can override using the
`.groups` argument.
`summarise()` has grouped output by 'theta', 'tau'. You can override using the
`.groups` argument.
`summarise()` has grouped output by 'theta'. You can override using the
`.groups` argument.
`summarise()` has grouped output by 'theta', 'tau'. You can override using the
`.groups` argument.
`summarise()` has grouped output by 'theta'. You can override using the
`.groups` argument.
`summarise()` has grouped output by 'theta', 'tau'. You can override using the
`.groups` argument.
`summarise()` has grouped output by 'theta'. You can override using the
`.groups` argument.
`summarise()` has grouped output by 'theta', 'tau'. You can override using the
`.groups` argument.
`summarise()` has grouped output by 'theta'. You can override using the
`.groups` argument.
`summarise()` has grouped output by 'theta', 'tau'. You can override using the
`.groups` argument.
`summarise()` has grouped output by 'theta'. You can override using the
`.groups` argument.
`summarise()` has grouped output by 'theta', 'tau'. You can override using the
`.groups` argument.
`summarise()` has grouped output by 'theta'. You can override using the
`.groups` argument.
`summarise()` has grouped output by 'theta', 'tau'. You can override using the
`.groups` argument.
`summarise()` has grouped output by 'theta'. You can override using the
`.groups` argument.
[1] ""
[1] "Total run time was 375.491 seconds"
[1] "Estimation result: "
# A tibble: 360 × 5
   estimand theta   tau   est     se
   <chr>    <dbl> <dbl> <dbl>  <dbl>
 1 mu         0.1   0.1 0.365 0.123 
 2 mu         0.1   0.2 0.397 0.0924
 3 mu         0.1   0.3 0.391 0.0588
 4 mu         0.1   0.4 0.421 0.0754
 5 mu         0.1   0.5 0.412 0.0739
 6 mu         0.2   0.1 0.326 0.106 
 7 mu         0.2   0.2 0.394 0.0908
 8 mu         0.2   0.3 0.413 0.0584
 9 mu         0.2   0.4 0.455 0.0730
10 mu         0.2   0.5 0.450 0.0691
# ℹ 350 more rows
[1] ""
[1] "OR weights"
`summarise()` has grouped output by 'estimand'. You can override using the
`.groups` argument.
# A tibble: 27 × 6
# Groups:   estimand [3]
   estimand theta mean_value median_value min_value max_value
   <fct>    <dbl>      <dbl>        <dbl>     <dbl>     <dbl>
 1 mu         0.1      0.728        0.951 0.0000613      4.44
 2 mu         0.2      0.835        0.967 0.00968        4.02
 3 mu         0.3      0.920        0.996 0.105          3.59
 4 mu         0.4      0.972        1     0.370          2.02
 5 mu         0.5      0.991        1     0.600          1.34
 6 mu         0.6      0.995        1     0.784          1.08
 7 mu         0.7      1.00         1     0.916          1.10
 8 mu         0.8      1.01         1     0.893          1.26
 9 mu         0.9      1.01         1     0.568          1.36
10 mu_1       0.1      0.797        0.941 0.000279       4.12
11 mu_1       0.2      0.887        0.989 0.0224         4.59
12 mu_1       0.3      0.951        1     0.168          2.98
13 mu_1       0.4      0.985        1     0.470          1.61
14 mu_1       0.5      0.994        1     0.686          1.24
15 mu_1       0.6      0.996        1     0.838          1.09
16 mu_1       0.7      1.00         1     0.911          1.11
17 mu_1       0.8      1.01         1     0.860          1.27
18 mu_1       0.9      1.01         1     0.533          1.38
19 mu_0       0.1      0.720        0.949 0.0000372      4.47
20 mu_0       0.2      0.822        0.958 0.00650        3.88
21 mu_0       0.3      0.907        0.987 0.0783         3.85
22 mu_0       0.4      0.963        1     0.304          2.30
23 mu_0       0.5      0.988        1     0.515          1.44
24 mu_0       0.6      0.994        1     0.703          1.12
25 mu_0       0.7      0.997        1     0.856          1.09
26 mu_0       0.8      1.00         1     0.904          1.19
27 mu_0       0.9      1.01         1     0.830          1.40
[1] ""
[1] "IPCW weights"
`summarise()` has grouped output by 'estimand'. You can override using the
`.groups` argument.
# A tibble: 27 × 6
# Groups:   estimand [3]
   estimand theta mean_value median_value min_value  max_value
   <fct>    <dbl>      <dbl>        <dbl>     <dbl>      <dbl>
 1 mu         0.1   13725.      0.0000961  1.10e-16 1184212.  
 2 mu         0.2   16992.      0.00994    5.13e-11 1439061.  
 3 mu         0.3    6932.      0.109      9.94e- 8  573432.  
 4 mu         0.4    1441.      0.414      2.02e- 5  115385.  
 5 mu         0.5     162.      0.898      1.17e- 3   12189.  
 6 mu         0.6      10.3     1.22       2.77e- 2     593.  
 7 mu         0.7       1.57    1.34       2.05e- 2       9.44
 8 mu         0.8       1.62    0.723      3.46e- 4       8.81
 9 mu         0.9       2.27    0.0843     8.45e- 9      65.2 
10 mu_1       0.1   21844.      0.000632   1.04e-15 1869809.  
11 mu_1       0.2   13541.      0.0360     2.43e-10 1136101.  
12 mu_1       0.3    3691.      0.225      3.15e- 7  301806.  
13 mu_1       0.4     579.      0.694      4.79e- 5   45547.  
14 mu_1       0.5      53.9     0.989      2.21e- 3    3849.  
15 mu_1       0.6       3.98    1.12       4.30e- 2     156.  
16 mu_1       0.7       1.42    1.34       8.10e- 3       5.19
17 mu_1       0.8       1.67    0.527      8.64e- 5      11.0 
18 mu_1       0.9       2.31    0.0593     1.88e- 9      72.5 
19 mu_0       0.1   12823.      0.0000399  0        1108035.  
20 mu_0       0.2   17855.      0.00407    0        1514801.  
21 mu_0       0.3    8321.      0.0499     0         689843.  
22 mu_0       0.4    2016.      0.250      0         161944.  
23 mu_0       0.5     270.      0.740      0          20529.  
24 mu_0       0.6      19.7     1.05       0           1248.  
25 mu_0       0.7       1.94    1.23       0             26.5 
26 mu_0       0.8       1.42    1.04       0              4.63
27 mu_0       0.9       1.86    0.268      0             10.6 
[1] "Total run time was 379.212 seconds"
