
Attaching package: ‘dplyr’

The following objects are masked from ‘package:stats’:

    filter, lag

The following objects are masked from ‘package:base’:

    intersect, setdiff, setequal, union

Loading required package: foreach
Loading required package: iterators
Loading required package: parallel

 randomForestSRC 3.2.2 
 
 Type rfsrc.news() to see new features, changes, and bug fixes. 
 

── Attaching core tidyverse packages ──────────────────────── tidyverse 2.0.0 ──
✔ forcats   1.0.0     ✔ readr     2.1.4
✔ ggplot2   3.3.6     ✔ stringr   1.5.1
✔ lubridate 1.9.3     ✔ tibble    3.2.1
✔ purrr     0.3.5     ✔ tidyr     1.2.1
── Conflicts ────────────────────────────────────────── tidyverse_conflicts() ──
✖ purrr::accumulate() masks foreach::accumulate()
✖ tidyr::extract()    masks dbarts::extract()
✖ dplyr::filter()     masks stats::filter()
✖ dplyr::lag()        masks stats::lag()
✖ purrr::partial()    masks randomForestSRC::partial()
✖ purrr::when()       masks foreach::when()
ℹ Use the [conflicted package](http://conflicted.r-lib.org/) to force all conflicts to become errors
[1] "[Analysis setting]"
[1] "n.cpus: 8"
[1] "method: nonpara"
[1] "taus: 0.1, 0.2, 0.3, 0.4, 0.5"
[1] "thetas: 0.1, 0.2, 0.3, 0.4, 0.5, 0.6, 0.7, 0.8, 0.9"
[1] "r: 500"
[1] "m: 100"
[1] "N_total: 1211"
[1] "cluster size dist'n: "

 5  6  7  8  9 10 11 12 13 14 15 16 17 18 19 20 
 6 11  9  7  5  2  7  5  6  5  4  9  8  5  4  7 
[1] "observed time summary: "
   Min. 1st Qu.  Median    Mean 3rd Qu.    Max. 
0.00000 0.02084 0.26162 0.56308 0.88212 7.00000 
[1] "event indicator table: "

  0   1 
678 533 
[1] "treatment indicator table: "

  0   1 
490 721 
[1] ""
[1] "Estimation start"
[1] "   Split: 1"
Note: Using an external vector in selections is ambiguous.
ℹ Use `all_of(X.T.names)` instead of `X.T.names` to silence this message.
ℹ See <https://tidyselect.r-lib.org/reference/faq-external-vector.html>.
This message is displayed once per session.
Note: Using an external vector in selections is ambiguous.
ℹ Use `all_of(X.C.names)` instead of `X.C.names` to silence this message.
ℹ See <https://tidyselect.r-lib.org/reference/faq-external-vector.html>.
This message is displayed once per session.
Note: Using an external vector in selections is ambiguous.
ℹ Use `all_of(X.A.names)` instead of `X.A.names` to silence this message.
ℹ See <https://tidyselect.r-lib.org/reference/faq-external-vector.html>.
This message is displayed once per session.

Running BART with binary y

number of trees: 25
number of chains: 1, number of threads 1
tree thinning rate: 1
Prior:
	prior on k: chi with 1.250000 degrees of freedom and inf scale
	power and base for tree prior: 2.000000 0.950000
	use quantiles for rule cut points: false
	proposal probabilities: birth/death 0.50, swap 0.10, change 0.40; birth 0.50
data:
	number of training observations: 616
	number of test observations: 0
	number of explanatory variables: 15

Cutoff rules c in x<=c vs x>c
Number of cutoffs: (var: number of possible c):
(1: 100) (2: 100) (3: 100) (4: 100) (5: 100) 
(6: 100) (7: 100) (8: 100) (9: 100) (10: 100) 
(11: 100) (12: 100) (13: 100) (14: 100) (15: 100) 

[1] "     Cluster: 1"
[1] "     Cluster: 3"
[1] "     Cluster: 4"
[1] "     Cluster: 5"
[1] "     Cluster: 8"
[1] "     Cluster: 9"
[1] "     Cluster: 10"
[1] "     Cluster: 12"
[1] "     Cluster: 13"
[1] "     Cluster: 18"
[1] "     Cluster: 20"
[1] "     Cluster: 21"
[1] "     Cluster: 24"
[1] "     Cluster: 25"
[1] "     Cluster: 29"
[1] "     Cluster: 30"
[1] "     Cluster: 31"
[1] "     Cluster: 35"
[1] "     Cluster: 37"
[1] "     Cluster: 38"
[1] "     Cluster: 39"
[1] "     Cluster: 40"
[1] "     Cluster: 44"
[1] "     Cluster: 48"
[1] "     Cluster: 49"
[1] "     Cluster: 52"
[1] "     Cluster: 53"
[1] "     Cluster: 57"
[1] "     Cluster: 60"
[1] "     Cluster: 64"
[1] "     Cluster: 65"
[1] "     Cluster: 67"
[1] "     Cluster: 68"
[1] "     Cluster: 71"
[1] "     Cluster: 73"
[1] "     Cluster: 74"
[1] "     Cluster: 75"
[1] "     Cluster: 78"
[1] "     Cluster: 79"
[1] "     Cluster: 80"
[1] "     Cluster: 81"
[1] "     Cluster: 84"
[1] "     Cluster: 86"
[1] "     Cluster: 89"
[1] "     Cluster: 90"
[1] "     Cluster: 92"
[1] "     Cluster: 93"
[1] "     Cluster: 94"
[1] "     Cluster: 95"
[1] "     Cluster: 100"
[1] "   Split: 2"

Running BART with binary y

number of trees: 25
number of chains: 1, number of threads 1
tree thinning rate: 1
Prior:
	prior on k: chi with 1.250000 degrees of freedom and inf scale
	power and base for tree prior: 2.000000 0.950000
	use quantiles for rule cut points: false
	proposal probabilities: birth/death 0.50, swap 0.10, change 0.40; birth 0.50
data:
	number of training observations: 595
	number of test observations: 0
	number of explanatory variables: 15

Cutoff rules c in x<=c vs x>c
Number of cutoffs: (var: number of possible c):
(1: 100) (2: 100) (3: 100) (4: 100) (5: 100) 
(6: 100) (7: 100) (8: 100) (9: 100) (10: 100) 
(11: 100) (12: 100) (13: 100) (14: 100) (15: 100) 

[1] "     Cluster: 2"
[1] "     Cluster: 6"
[1] "     Cluster: 7"
[1] "     Cluster: 11"
[1] "     Cluster: 14"
[1] "     Cluster: 15"
[1] "     Cluster: 16"
[1] "     Cluster: 17"
[1] "     Cluster: 19"
[1] "     Cluster: 22"
[1] "     Cluster: 23"
[1] "     Cluster: 26"
[1] "     Cluster: 27"
[1] "     Cluster: 28"
[1] "     Cluster: 32"
[1] "     Cluster: 33"
[1] "     Cluster: 34"
[1] "     Cluster: 36"
[1] "     Cluster: 41"
[1] "     Cluster: 42"
[1] "     Cluster: 43"
[1] "     Cluster: 45"
[1] "     Cluster: 46"
[1] "     Cluster: 47"
[1] "     Cluster: 50"
[1] "     Cluster: 51"
[1] "     Cluster: 54"
[1] "     Cluster: 55"
[1] "     Cluster: 56"
[1] "     Cluster: 58"
[1] "     Cluster: 59"
[1] "     Cluster: 61"
[1] "     Cluster: 62"
[1] "     Cluster: 63"
[1] "     Cluster: 66"
[1] "     Cluster: 69"
[1] "     Cluster: 70"
[1] "     Cluster: 72"
[1] "     Cluster: 76"
[1] "     Cluster: 77"
[1] "     Cluster: 82"
[1] "     Cluster: 83"
[1] "     Cluster: 85"
[1] "     Cluster: 87"
[1] "     Cluster: 88"
[1] "     Cluster: 91"
[1] "     Cluster: 96"
[1] "     Cluster: 97"
[1] "     Cluster: 98"
[1] "     Cluster: 99"
[1] ""
[1] "IF for proposed nonparametric estimator computed."
`summarise()` has grouped output by 'theta', 'tau'. You can override using the
`.groups` argument.
`summarise()` has grouped output by 'theta'. You can override using the
`.groups` argument.
`summarise()` has grouped output by 'theta', 'tau'. You can override using the
`.groups` argument.
`summarise()` has grouped output by 'theta'. You can override using the
`.groups` argument.
`summarise()` has grouped output by 'theta', 'tau'. You can override using the
`.groups` argument.
`summarise()` has grouped output by 'theta'. You can override using the
`.groups` argument.
`summarise()` has grouped output by 'theta', 'tau'. You can override using the
`.groups` argument.
`summarise()` has grouped output by 'theta'. You can override using the
`.groups` argument.
`summarise()` has grouped output by 'theta', 'tau'. You can override using the
`.groups` argument.
`summarise()` has grouped output by 'theta'. You can override using the
`.groups` argument.
`summarise()` has grouped output by 'theta', 'tau'. You can override using the
`.groups` argument.
`summarise()` has grouped output by 'theta'. You can override using the
`.groups` argument.
`summarise()` has grouped output by 'theta', 'tau'. You can override using the
`.groups` argument.
`summarise()` has grouped output by 'theta'. You can override using the
`.groups` argument.
`summarise()` has grouped output by 'theta', 'tau'. You can override using the
`.groups` argument.
`summarise()` has grouped output by 'theta'. You can override using the
`.groups` argument.
[1] ""
[1] "Total run time was 380.465 seconds"
[1] "Estimation result: "
# A tibble: 360 × 5
   estimand theta   tau   est     se
   <chr>    <dbl> <dbl> <dbl>  <dbl>
 1 mu         0.1   0.1 0.403 0.0427
 2 mu         0.1   0.2 0.540 0.0573
 3 mu         0.1   0.3 0.712 0.135 
 4 mu         0.1   0.4 0.698 0.0978
 5 mu         0.1   0.5 0.751 0.123 
 6 mu         0.2   0.1 0.389 0.0381
 7 mu         0.2   0.2 0.499 0.0389
 8 mu         0.2   0.3 0.613 0.0728
 9 mu         0.2   0.4 0.627 0.0536
10 mu         0.2   0.5 0.683 0.0685
# ℹ 350 more rows
[1] ""
[1] "OR weights"
`summarise()` has grouped output by 'estimand'. You can override using the
`.groups` argument.
# A tibble: 27 × 6
# Groups:   estimand [3]
   estimand theta mean_value median_value min_value max_value
   <fct>    <dbl>      <dbl>        <dbl>     <dbl>     <dbl>
 1 mu         0.1      0.959            1     0.373      1.79
 2 mu         0.2      0.992            1     0.694      1.38
 3 mu         0.3      0.999            1     0.839      1.20
 4 mu         0.4      0.998            1     0.884      1.14
 5 mu         0.5      0.998            1     0.935      1.06
 6 mu         0.6      0.998            1     0.927      1.05
 7 mu         0.7      1.00             1     0.864      1.09
 8 mu         0.8      1.01             1     0.888      1.15
 9 mu         0.9      1.01             1     0.707      1.27
10 mu_1       0.1      0.987            1     0.530      1.39
11 mu_1       0.2      0.999            1     0.776      1.27
12 mu_1       0.3      0.999            1     0.842      1.17
13 mu_1       0.4      0.998            1     0.909      1.12
14 mu_1       0.5      0.998            1     0.937      1.05
15 mu_1       0.6      0.999            1     0.902      1.06
16 mu_1       0.7      1.00             1     0.857      1.11
17 mu_1       0.8      1.01             1     0.880      1.17
18 mu_1       0.9      1.02             1     0.688      1.30
19 mu_0       0.1      0.955            1     0.355      1.86
20 mu_0       0.2      0.990            1     0.656      1.45
21 mu_0       0.3      0.999            1     0.828      1.21
22 mu_0       0.4      0.999            1     0.864      1.15
23 mu_0       0.5      0.998            1     0.913      1.10
24 mu_0       0.6      0.997            1     0.940      1.05
25 mu_0       0.7      0.999            1     0.871      1.07
26 mu_0       0.8      1.00             1     0.839      1.15
27 mu_0       0.9      1.01             1     0.875      1.24
[1] ""
[1] "IPCW weights"
`summarise()` has grouped output by 'estimand'. You can override using the
`.groups` argument.
# A tibble: 27 × 6
# Groups:   estimand [3]
   estimand theta mean_value median_value min_value max_value
   <fct>    <dbl>      <dbl>        <dbl>     <dbl>     <dbl>
 1 mu         0.1      1.32     0.000175   1.94e-16     76.4 
 2 mu         0.2      0.940    0.0112     5.08e-11     20.6 
 3 mu         0.3      0.910    0.111      7.51e- 8      6.27
 4 mu         0.4      0.923    0.409      1.33e- 5      4.19
 5 mu         0.5      0.937    0.959      7.40e- 4      2.58
 6 mu         0.6      1.01     0.983      4.72e- 4      2.45
 7 mu         0.7      1.08     1.18       4.14e- 6      3.27
 8 mu         0.8      1.18     0.619      4.81e- 9      5.07
 9 mu         0.9      1.73     0.0530     4.13e-14     29.1 
10 mu_1       0.1      1.08     0.000996   0            42.5 
11 mu_1       0.2      0.854    0.0378     0             7.62
12 mu_1       0.3      0.913    0.242      0             4.80
13 mu_1       0.4      0.929    0.609      0             3.93
14 mu_1       0.5      0.966    0.980      0             2.67
15 mu_1       0.6      1.05     1.13       0             2.66
16 mu_1       0.7      1.12     1.29       0             3.37
17 mu_1       0.8      1.25     0.499      0             6.34
18 mu_1       0.9      1.82     0.0359     0            32.3 
19 mu_0       0.1      1.34     0.0000597  0            80.2 
20 mu_0       0.2      0.962    0.00540    0            24.4 
21 mu_0       0.3      0.908    0.0390     0             7.96
22 mu_0       0.4      0.919    0.282      0             4.37
23 mu_0       0.5      0.909    0.782      0             3.23
24 mu_0       0.6      0.945    0.935      0             2.57
25 mu_0       0.7      0.988    0.942      0             3.03
26 mu_0       0.8      0.940    0.831      0             3.91
27 mu_0       0.9      0.953    0.111      0             7.67
[1] "Total run time was 384.372 seconds"
