
Attaching package: ‘dplyr’

The following objects are masked from ‘package:stats’:

    filter, lag

The following objects are masked from ‘package:base’:

    intersect, setdiff, setequal, union

Loading required package: foreach
Loading required package: iterators
Loading required package: parallel

 randomForestSRC 3.2.2 
 
 Type rfsrc.news() to see new features, changes, and bug fixes. 
 

── Attaching core tidyverse packages ──────────────────────── tidyverse 2.0.0 ──
✔ forcats   1.0.0     ✔ readr     2.1.4
✔ ggplot2   3.3.6     ✔ stringr   1.5.1
✔ lubridate 1.9.3     ✔ tibble    3.2.1
✔ purrr     0.3.5     ✔ tidyr     1.2.1
── Conflicts ────────────────────────────────────────── tidyverse_conflicts() ──
✖ purrr::accumulate() masks foreach::accumulate()
✖ tidyr::extract()    masks dbarts::extract()
✖ dplyr::filter()     masks stats::filter()
✖ dplyr::lag()        masks stats::lag()
✖ purrr::partial()    masks randomForestSRC::partial()
✖ purrr::when()       masks foreach::when()
ℹ Use the [conflicted package](http://conflicted.r-lib.org/) to force all conflicts to become errors
[1] "[Analysis setting]"
[1] "n.cpus: 8"
[1] "method: nonpara"
[1] "taus: 0.1, 0.2, 0.3, 0.4, 0.5"
[1] "thetas: 0.1, 0.2, 0.3, 0.4, 0.5, 0.6, 0.7, 0.8, 0.9"
[1] "r: 500"
[1] "m: 100"
[1] "N_total: 1263"
[1] "cluster size dist'n: "

 5  6  7  8  9 10 11 12 13 14 15 16 17 18 19 20 
 3  8  9  6  6  7  4  3  6  7 11  6  4  7  6  7 
[1] "observed time summary: "
   Min. 1st Qu.  Median    Mean 3rd Qu.    Max. 
0.00000 0.02932 0.32236 0.58746 1.00000 7.00000 
[1] "event indicator table: "

  0   1 
746 517 
[1] "treatment indicator table: "

  0   1 
460 803 
[1] ""
[1] "Estimation start"
[1] "   Split: 1"
Note: Using an external vector in selections is ambiguous.
ℹ Use `all_of(X.T.names)` instead of `X.T.names` to silence this message.
ℹ See <https://tidyselect.r-lib.org/reference/faq-external-vector.html>.
This message is displayed once per session.
Note: Using an external vector in selections is ambiguous.
ℹ Use `all_of(X.C.names)` instead of `X.C.names` to silence this message.
ℹ See <https://tidyselect.r-lib.org/reference/faq-external-vector.html>.
This message is displayed once per session.
Note: Using an external vector in selections is ambiguous.
ℹ Use `all_of(X.A.names)` instead of `X.A.names` to silence this message.
ℹ See <https://tidyselect.r-lib.org/reference/faq-external-vector.html>.
This message is displayed once per session.

Running BART with binary y

number of trees: 25
number of chains: 1, number of threads 1
tree thinning rate: 1
Prior:
	prior on k: chi with 1.250000 degrees of freedom and inf scale
	power and base for tree prior: 2.000000 0.950000
	use quantiles for rule cut points: false
	proposal probabilities: birth/death 0.50, swap 0.10, change 0.40; birth 0.50
data:
	number of training observations: 609
	number of test observations: 0
	number of explanatory variables: 15

Cutoff rules c in x<=c vs x>c
Number of cutoffs: (var: number of possible c):
(1: 100) (2: 100) (3: 100) (4: 100) (5: 100) 
(6: 100) (7: 100) (8: 100) (9: 100) (10: 100) 
(11: 100) (12: 100) (13: 100) (14: 100) (15: 100) 

[1] "     Cluster: 1"
[1] "     Cluster: 3"
[1] "     Cluster: 5"
[1] "     Cluster: 6"
[1] "     Cluster: 9"
[1] "     Cluster: 11"
[1] "     Cluster: 13"
[1] "     Cluster: 14"
[1] "     Cluster: 16"
[1] "     Cluster: 17"
[1] "     Cluster: 18"
[1] "     Cluster: 24"
[1] "     Cluster: 26"
[1] "     Cluster: 27"
[1] "     Cluster: 29"
[1] "     Cluster: 30"
[1] "     Cluster: 31"
[1] "     Cluster: 32"
[1] "     Cluster: 33"
[1] "     Cluster: 38"
[1] "     Cluster: 39"
[1] "     Cluster: 44"
[1] "     Cluster: 45"
[1] "     Cluster: 47"
[1] "     Cluster: 48"
[1] "     Cluster: 50"
[1] "     Cluster: 51"
[1] "     Cluster: 52"
[1] "     Cluster: 54"
[1] "     Cluster: 55"
[1] "     Cluster: 56"
[1] "     Cluster: 63"
[1] "     Cluster: 64"
[1] "     Cluster: 66"
[1] "     Cluster: 68"
[1] "     Cluster: 71"
[1] "     Cluster: 74"
[1] "     Cluster: 75"
[1] "     Cluster: 77"
[1] "     Cluster: 78"
[1] "     Cluster: 82"
[1] "     Cluster: 83"
[1] "     Cluster: 84"
[1] "     Cluster: 87"
[1] "     Cluster: 88"
[1] "     Cluster: 89"
[1] "     Cluster: 90"
[1] "     Cluster: 94"
[1] "     Cluster: 98"
[1] "     Cluster: 99"
[1] "   Split: 2"

Running BART with binary y

number of trees: 25
number of chains: 1, number of threads 1
tree thinning rate: 1
Prior:
	prior on k: chi with 1.250000 degrees of freedom and inf scale
	power and base for tree prior: 2.000000 0.950000
	use quantiles for rule cut points: false
	proposal probabilities: birth/death 0.50, swap 0.10, change 0.40; birth 0.50
data:
	number of training observations: 654
	number of test observations: 0
	number of explanatory variables: 15

Cutoff rules c in x<=c vs x>c
Number of cutoffs: (var: number of possible c):
(1: 100) (2: 100) (3: 100) (4: 100) (5: 100) 
(6: 100) (7: 100) (8: 100) (9: 100) (10: 100) 
(11: 100) (12: 100) (13: 100) (14: 100) (15: 100) 

[1] "     Cluster: 2"
[1] "     Cluster: 4"
[1] "     Cluster: 7"
[1] "     Cluster: 8"
[1] "     Cluster: 10"
[1] "     Cluster: 12"
[1] "     Cluster: 15"
[1] "     Cluster: 19"
[1] "     Cluster: 20"
[1] "     Cluster: 21"
[1] "     Cluster: 22"
[1] "     Cluster: 23"
[1] "     Cluster: 25"
[1] "     Cluster: 28"
[1] "     Cluster: 34"
[1] "     Cluster: 35"
[1] "     Cluster: 36"
[1] "     Cluster: 37"
[1] "     Cluster: 40"
[1] "     Cluster: 41"
[1] "     Cluster: 42"
[1] "     Cluster: 43"
[1] "     Cluster: 46"
[1] "     Cluster: 49"
[1] "     Cluster: 53"
[1] "     Cluster: 57"
[1] "     Cluster: 58"
[1] "     Cluster: 59"
[1] "     Cluster: 60"
[1] "     Cluster: 61"
[1] "     Cluster: 62"
[1] "     Cluster: 65"
[1] "     Cluster: 67"
[1] "     Cluster: 69"
[1] "     Cluster: 70"
[1] "     Cluster: 72"
[1] "     Cluster: 73"
[1] "     Cluster: 76"
[1] "     Cluster: 79"
[1] "     Cluster: 80"
[1] "     Cluster: 81"
[1] "     Cluster: 85"
[1] "     Cluster: 86"
[1] "     Cluster: 91"
[1] "     Cluster: 92"
[1] "     Cluster: 93"
[1] "     Cluster: 95"
[1] "     Cluster: 96"
[1] "     Cluster: 97"
[1] "     Cluster: 100"
[1] ""
[1] "IF for proposed nonparametric estimator computed."
`summarise()` has grouped output by 'theta', 'tau'. You can override using the
`.groups` argument.
`summarise()` has grouped output by 'theta'. You can override using the
`.groups` argument.
`summarise()` has grouped output by 'theta', 'tau'. You can override using the
`.groups` argument.
`summarise()` has grouped output by 'theta'. You can override using the
`.groups` argument.
`summarise()` has grouped output by 'theta', 'tau'. You can override using the
`.groups` argument.
`summarise()` has grouped output by 'theta'. You can override using the
`.groups` argument.
`summarise()` has grouped output by 'theta', 'tau'. You can override using the
`.groups` argument.
`summarise()` has grouped output by 'theta'. You can override using the
`.groups` argument.
`summarise()` has grouped output by 'theta', 'tau'. You can override using the
`.groups` argument.
`summarise()` has grouped output by 'theta'. You can override using the
`.groups` argument.
`summarise()` has grouped output by 'theta', 'tau'. You can override using the
`.groups` argument.
`summarise()` has grouped output by 'theta'. You can override using the
`.groups` argument.
`summarise()` has grouped output by 'theta', 'tau'. You can override using the
`.groups` argument.
`summarise()` has grouped output by 'theta'. You can override using the
`.groups` argument.
`summarise()` has grouped output by 'theta', 'tau'. You can override using the
`.groups` argument.
`summarise()` has grouped output by 'theta'. You can override using the
`.groups` argument.
[1] ""
[1] "Total run time was 431.922 seconds"
[1] "Estimation result: "
# A tibble: 360 × 5
   estimand theta   tau   est     se
   <chr>    <dbl> <dbl> <dbl>  <dbl>
 1 mu         0.1   0.1 0.438 0.0490
 2 mu         0.1   0.2 0.588 0.0908
 3 mu         0.1   0.3 0.608 0.0806
 4 mu         0.1   0.4 0.632 0.0768
 5 mu         0.1   0.5 0.648 0.0730
 6 mu         0.2   0.1 0.372 0.0388
 7 mu         0.2   0.2 0.484 0.0524
 8 mu         0.2   0.3 0.512 0.0469
 9 mu         0.2   0.4 0.551 0.0484
10 mu         0.2   0.5 0.580 0.0478
# ℹ 350 more rows
[1] ""
[1] "OR weights"
`summarise()` has grouped output by 'estimand'. You can override using the
`.groups` argument.
# A tibble: 27 × 6
# Groups:   estimand [3]
   estimand theta mean_value median_value min_value max_value
   <fct>    <dbl>      <dbl>        <dbl>     <dbl>     <dbl>
 1 mu         0.1      1.03             1     0.251      3.13
 2 mu         0.2      1.01             1     0.578      1.55
 3 mu         0.3      1.00             1     0.746      1.29
 4 mu         0.4      1.00             1     0.843      1.19
 5 mu         0.5      1.00             1     0.862      1.11
 6 mu         0.6      0.999            1     0.904      1.06
 7 mu         0.7      0.997            1     0.921      1.09
 8 mu         0.8      0.998            1     0.889      1.10
 9 mu         0.9      1.00             1     0.765      1.21
10 mu_1       0.1      1.03             1     0.503      1.86
11 mu_1       0.2      1.01             1     0.664      1.33
12 mu_1       0.3      1.00             1     0.784      1.27
13 mu_1       0.4      1.00             1     0.851      1.14
14 mu_1       0.5      1.00             1     0.869      1.08
15 mu_1       0.6      0.998            1     0.930      1.07
16 mu_1       0.7      0.997            1     0.907      1.10
17 mu_1       0.8      0.998            1     0.880      1.11
18 mu_1       0.9      1.00             1     0.753      1.23
19 mu_0       0.1      1.03             1     0.213      3.27
20 mu_0       0.2      1.01             1     0.542      1.65
21 mu_0       0.3      1.00             1     0.720      1.30
22 mu_0       0.4      1.00             1     0.815      1.23
23 mu_0       0.5      1.00             1     0.855      1.15
24 mu_0       0.6      1.00             1     0.864      1.08
25 mu_0       0.7      0.998            1     0.922      1.07
26 mu_0       0.8      0.997            1     0.861      1.13
27 mu_0       0.9      0.999            1     0.840      1.16
[1] ""
[1] "IPCW weights"
`summarise()` has grouped output by 'estimand'. You can override using the
`.groups` argument.
# A tibble: 27 × 6
# Groups:   estimand [3]
   estimand theta mean_value median_value min_value max_value
   <fct>    <dbl>      <dbl>        <dbl>     <dbl>     <dbl>
 1 mu         0.1      0.839    0.0000357  3.61e-15     56.1 
 2 mu         0.2      0.909    0.00474    4.20e-10     17.3 
 3 mu         0.3      1.12     0.0455     3.62e- 7      8.08
 4 mu         0.4      1.15     0.268      4.13e- 5      7.73
 5 mu         0.5      1.04     0.746      1.53e- 3      4.57
 6 mu         0.6      0.964    0.859      1.69e- 2      2.77
 7 mu         0.7      1.00     0.918      9.51e- 4      4.26
 8 mu         0.8      1.13     0.819      7.98e- 6      4.90
 9 mu         0.9      1.21     0.118      1.39e- 9     12.0 
10 mu_1       0.1      0.625    0.000236   0            13.5 
11 mu_1       0.2      1.03     0.0113     0             9.91
12 mu_1       0.3      1.19     0.105      0             8.75
13 mu_1       0.4      1.12     0.430      0             6.90
14 mu_1       0.5      0.997    0.781      0             4.22
15 mu_1       0.6      0.952    0.858      0             3.23
16 mu_1       0.7      1.02     0.977      0             4.26
17 mu_1       0.8      1.15     0.645      0             5.18
18 mu_1       0.9      1.21     0.0845     0            13.4 
19 mu_0       0.1      0.863    0.0000101  0            62.4 
20 mu_0       0.2      0.877    0.00141    0            21.6 
21 mu_0       0.3      1.10     0.0222     0             8.66
22 mu_0       0.4      1.17     0.159      0             8.28
23 mu_0       0.5      1.09     0.483      0             5.88
24 mu_0       0.6      0.982    0.840      0             3.25
25 mu_0       0.7      0.960    0.891      0             4.26
26 mu_0       0.8      1.03     0.928      0             3.77
27 mu_0       0.9      1.19     0.366      0             6.88
[1] "Total run time was 436.217 seconds"
