
Attaching package: ‘dplyr’

The following objects are masked from ‘package:stats’:

    filter, lag

The following objects are masked from ‘package:base’:

    intersect, setdiff, setequal, union

Loading required package: foreach
Loading required package: iterators
Loading required package: parallel

 randomForestSRC 3.2.2 
 
 Type rfsrc.news() to see new features, changes, and bug fixes. 
 

── Attaching core tidyverse packages ──────────────────────── tidyverse 2.0.0 ──
✔ forcats   1.0.0     ✔ readr     2.1.4
✔ ggplot2   3.3.6     ✔ stringr   1.5.1
✔ lubridate 1.9.3     ✔ tibble    3.2.1
✔ purrr     0.3.5     ✔ tidyr     1.2.1
── Conflicts ────────────────────────────────────────── tidyverse_conflicts() ──
✖ purrr::accumulate() masks foreach::accumulate()
✖ tidyr::extract()    masks dbarts::extract()
✖ dplyr::filter()     masks stats::filter()
✖ dplyr::lag()        masks stats::lag()
✖ purrr::partial()    masks randomForestSRC::partial()
✖ purrr::when()       masks foreach::when()
ℹ Use the [conflicted package](http://conflicted.r-lib.org/) to force all conflicts to become errors
[1] "[Analysis setting]"
[1] "n.cpus: 8"
[1] "method: nonpara"
[1] "taus: 0.1, 0.2, 0.3, 0.4, 0.5"
[1] "thetas: 0.1, 0.2, 0.3, 0.4, 0.5, 0.6, 0.7, 0.8, 0.9"
[1] "r: 500"
[1] "m: 100"
[1] "N_total: 1319"
[1] "cluster size dist'n: "

 5  6  7  8  9 10 11 12 13 14 15 16 17 18 19 20 
 4  4  8  6  3  8  7  4  7  7  8  3  6  6  8 11 
[1] "observed time summary: "
   Min. 1st Qu.  Median    Mean 3rd Qu.    Max. 
0.00000 0.05842 0.34842 0.64117 1.00000 5.49769 
[1] "event indicator table: "

  0   1 
778 541 
[1] "treatment indicator table: "

  0   1 
458 861 
[1] ""
[1] "Estimation start"
[1] "   Split: 1"
Note: Using an external vector in selections is ambiguous.
ℹ Use `all_of(X.T.names)` instead of `X.T.names` to silence this message.
ℹ See <https://tidyselect.r-lib.org/reference/faq-external-vector.html>.
This message is displayed once per session.
Note: Using an external vector in selections is ambiguous.
ℹ Use `all_of(X.C.names)` instead of `X.C.names` to silence this message.
ℹ See <https://tidyselect.r-lib.org/reference/faq-external-vector.html>.
This message is displayed once per session.
Note: Using an external vector in selections is ambiguous.
ℹ Use `all_of(X.A.names)` instead of `X.A.names` to silence this message.
ℹ See <https://tidyselect.r-lib.org/reference/faq-external-vector.html>.
This message is displayed once per session.

Running BART with binary y

number of trees: 25
number of chains: 1, number of threads 1
tree thinning rate: 1
Prior:
	prior on k: chi with 1.250000 degrees of freedom and inf scale
	power and base for tree prior: 2.000000 0.950000
	use quantiles for rule cut points: false
	proposal probabilities: birth/death 0.50, swap 0.10, change 0.40; birth 0.50
data:
	number of training observations: 667
	number of test observations: 0
	number of explanatory variables: 15

Cutoff rules c in x<=c vs x>c
Number of cutoffs: (var: number of possible c):
(1: 100) (2: 100) (3: 100) (4: 100) (5: 100) 
(6: 100) (7: 100) (8: 100) (9: 100) (10: 100) 
(11: 100) (12: 100) (13: 100) (14: 100) (15: 100) 

[1] "     Cluster: 1"
[1] "     Cluster: 3"
[1] "     Cluster: 4"
[1] "     Cluster: 6"
[1] "     Cluster: 7"
[1] "     Cluster: 8"
[1] "     Cluster: 9"
[1] "     Cluster: 13"
[1] "     Cluster: 14"
[1] "     Cluster: 18"
[1] "     Cluster: 21"
[1] "     Cluster: 24"
[1] "     Cluster: 25"
[1] "     Cluster: 27"
[1] "     Cluster: 28"
[1] "     Cluster: 30"
[1] "     Cluster: 31"
[1] "     Cluster: 32"
[1] "     Cluster: 33"
[1] "     Cluster: 34"
[1] "     Cluster: 40"
[1] "     Cluster: 43"
[1] "     Cluster: 44"
[1] "     Cluster: 46"
[1] "     Cluster: 47"
[1] "     Cluster: 49"
[1] "     Cluster: 52"
[1] "     Cluster: 53"
[1] "     Cluster: 55"
[1] "     Cluster: 56"
[1] "     Cluster: 59"
[1] "     Cluster: 64"
[1] "     Cluster: 65"
[1] "     Cluster: 66"
[1] "     Cluster: 67"
[1] "     Cluster: 70"
[1] "     Cluster: 73"
[1] "     Cluster: 75"
[1] "     Cluster: 76"
[1] "     Cluster: 79"
[1] "     Cluster: 82"
[1] "     Cluster: 83"
[1] "     Cluster: 84"
[1] "     Cluster: 86"
[1] "     Cluster: 89"
[1] "     Cluster: 93"
[1] "     Cluster: 94"
[1] "     Cluster: 96"
[1] "     Cluster: 98"
[1] "     Cluster: 99"
[1] "   Split: 2"

Running BART with binary y

number of trees: 25
number of chains: 1, number of threads 1
tree thinning rate: 1
Prior:
	prior on k: chi with 1.250000 degrees of freedom and inf scale
	power and base for tree prior: 2.000000 0.950000
	use quantiles for rule cut points: false
	proposal probabilities: birth/death 0.50, swap 0.10, change 0.40; birth 0.50
data:
	number of training observations: 652
	number of test observations: 0
	number of explanatory variables: 15

Cutoff rules c in x<=c vs x>c
Number of cutoffs: (var: number of possible c):
(1: 100) (2: 100) (3: 100) (4: 100) (5: 100) 
(6: 100) (7: 100) (8: 100) (9: 100) (10: 100) 
(11: 100) (12: 100) (13: 100) (14: 100) (15: 100) 

[1] "     Cluster: 2"
[1] "     Cluster: 5"
[1] "     Cluster: 10"
[1] "     Cluster: 11"
[1] "     Cluster: 12"
[1] "     Cluster: 15"
[1] "     Cluster: 16"
[1] "     Cluster: 17"
[1] "     Cluster: 19"
[1] "     Cluster: 20"
[1] "     Cluster: 22"
[1] "     Cluster: 23"
[1] "     Cluster: 26"
[1] "     Cluster: 29"
[1] "     Cluster: 35"
[1] "     Cluster: 36"
[1] "     Cluster: 37"
[1] "     Cluster: 38"
[1] "     Cluster: 39"
[1] "     Cluster: 41"
[1] "     Cluster: 42"
[1] "     Cluster: 45"
[1] "     Cluster: 48"
[1] "     Cluster: 50"
[1] "     Cluster: 51"
[1] "     Cluster: 54"
[1] "     Cluster: 57"
[1] "     Cluster: 58"
[1] "     Cluster: 60"
[1] "     Cluster: 61"
[1] "     Cluster: 62"
[1] "     Cluster: 63"
[1] "     Cluster: 68"
[1] "     Cluster: 69"
[1] "     Cluster: 71"
[1] "     Cluster: 72"
[1] "     Cluster: 74"
[1] "     Cluster: 77"
[1] "     Cluster: 78"
[1] "     Cluster: 80"
[1] "     Cluster: 81"
[1] "     Cluster: 85"
[1] "     Cluster: 87"
[1] "     Cluster: 88"
[1] "     Cluster: 90"
[1] "     Cluster: 91"
[1] "     Cluster: 92"
[1] "     Cluster: 95"
[1] "     Cluster: 97"
[1] "     Cluster: 100"
[1] ""
[1] "IF for proposed nonparametric estimator computed."
`summarise()` has grouped output by 'theta', 'tau'. You can override using the
`.groups` argument.
`summarise()` has grouped output by 'theta'. You can override using the
`.groups` argument.
`summarise()` has grouped output by 'theta', 'tau'. You can override using the
`.groups` argument.
`summarise()` has grouped output by 'theta'. You can override using the
`.groups` argument.
`summarise()` has grouped output by 'theta', 'tau'. You can override using the
`.groups` argument.
`summarise()` has grouped output by 'theta'. You can override using the
`.groups` argument.
`summarise()` has grouped output by 'theta', 'tau'. You can override using the
`.groups` argument.
`summarise()` has grouped output by 'theta'. You can override using the
`.groups` argument.
`summarise()` has grouped output by 'theta', 'tau'. You can override using the
`.groups` argument.
`summarise()` has grouped output by 'theta'. You can override using the
`.groups` argument.
`summarise()` has grouped output by 'theta', 'tau'. You can override using the
`.groups` argument.
`summarise()` has grouped output by 'theta'. You can override using the
`.groups` argument.
`summarise()` has grouped output by 'theta', 'tau'. You can override using the
`.groups` argument.
`summarise()` has grouped output by 'theta'. You can override using the
`.groups` argument.
`summarise()` has grouped output by 'theta', 'tau'. You can override using the
`.groups` argument.
`summarise()` has grouped output by 'theta'. You can override using the
`.groups` argument.
[1] ""
[1] "Total run time was 397.442 seconds"
[1] "Estimation result: "
# A tibble: 360 × 5
   estimand theta   tau   est     se
   <chr>    <dbl> <dbl> <dbl>  <dbl>
 1 mu         0.1   0.1 0.338 0.0912
 2 mu         0.1   0.2 0.617 0.260 
 3 mu         0.1   0.3 0.620 0.245 
 4 mu         0.1   0.4 0.627 0.218 
 5 mu         0.1   0.5 0.672 0.181 
 6 mu         0.2   0.1 0.342 0.0634
 7 mu         0.2   0.2 0.587 0.195 
 8 mu         0.2   0.3 0.599 0.183 
 9 mu         0.2   0.4 0.623 0.161 
10 mu         0.2   0.5 0.668 0.132 
# ℹ 350 more rows
[1] ""
[1] "OR weights"
`summarise()` has grouped output by 'estimand'. You can override using the
`.groups` argument.
# A tibble: 27 × 6
# Groups:   estimand [3]
   estimand theta mean_value median_value min_value max_value
   <fct>    <dbl>      <dbl>        <dbl>     <dbl>     <dbl>
 1 mu         0.1      0.840        0.773   0.00868     10.3 
 2 mu         0.2      0.973        1       0.128        5.13
 3 mu         0.3      1.00         1       0.374        2.17
 4 mu         0.4      0.999        1       0.652        1.68
 5 mu         0.5      0.994        1       0.834        1.27
 6 mu         0.6      0.994        1       0.883        1.07
 7 mu         0.7      0.998        1       0.927        1.08
 8 mu         0.8      1.01         1       0.854        1.17
 9 mu         0.9      1.02         1       0.737        1.62
10 mu_1       0.1      0.973        1       0.0264      10.4 
11 mu_1       0.2      1.01         1       0.208        2.76
12 mu_1       0.3      1.01         1       0.471        2.08
13 mu_1       0.4      0.998        1       0.730        1.52
14 mu_1       0.5      0.994        1       0.852        1.20
15 mu_1       0.6      0.994        1       0.893        1.07
16 mu_1       0.7      1.00         1       0.919        1.08
17 mu_1       0.8      1.01         1       0.842        1.21
18 mu_1       0.9      1.02         1       0.714        1.69
19 mu_0       0.1      0.825        0.728   0.00671     10.3 
20 mu_0       0.2      0.963        1       0.106        5.72
21 mu_0       0.3      0.997        1       0.333        2.20
22 mu_0       0.4      0.999        1       0.599        1.78
23 mu_0       0.5      0.995        1       0.815        1.34
24 mu_0       0.6      0.993        1       0.868        1.11
25 mu_0       0.7      0.994        1.00    0.892        1.08
26 mu_0       0.8      1.00         1       0.897        1.09
27 mu_0       0.9      1.01         1.00    0.731        1.18
[1] ""
[1] "IPCW weights"
`summarise()` has grouped output by 'estimand'. You can override using the
`.groups` argument.
# A tibble: 27 × 6
# Groups:   estimand [3]
   estimand theta mean_value median_value min_value max_value
   <fct>    <dbl>      <dbl>        <dbl>     <dbl>     <dbl>
 1 mu         0.1      3.58    0.0000160   7.14e-15    163.  
 2 mu         0.2      2.12    0.00329     1.48e- 9     71.4 
 3 mu         0.3      1.76    0.0543      7.27e- 7     28.1 
 4 mu         0.4      1.75    0.281       5.44e- 5     29.0 
 5 mu         0.5      1.52    0.635       1.55e- 3     19.4 
 6 mu         0.6      1.23    0.956       2.22e- 2      6.22
 7 mu         0.7      1.15    1.11        1.20e- 2      3.96
 8 mu         0.8      1.20    1.03        4.68e- 4      6.35
 9 mu         0.9      1.20    0.287       1.83e- 6     13.2 
10 mu_1       0.1      0.711   0.0000490   0            43.6 
11 mu_1       0.2      0.907   0.00653     0            19.1 
12 mu_1       0.3      1.38    0.0858      0            30.8 
13 mu_1       0.4      1.59    0.395       0            29.0 
14 mu_1       0.5      1.40    0.852       0            15.5 
15 mu_1       0.6      1.19    1.02        0             6.22
16 mu_1       0.7      1.17    1.15        0             4.20
17 mu_1       0.8      1.21    0.938       0             7.14
18 mu_1       0.9      1.20    0.218       0            13.2 
19 mu_0       0.1      3.90    0.00000373  0           181.  
20 mu_0       0.2      2.42    0.00151     0            89.3 
21 mu_0       0.3      1.92    0.0258      0            40.1 
22 mu_0       0.4      1.85    0.109       0            29.1 
23 mu_0       0.5      1.63    0.366       0            23.2 
24 mu_0       0.6      1.29    0.863       0             8.58
25 mu_0       0.7      1.11    1.01        0             5.28
26 mu_0       0.8      1.16    1.09        0             5.16
27 mu_0       0.9      1.16    0.260       0            13.2 
[1] "Total run time was 400.908 seconds"
