##############################################################
### Job started at Thu Jun  5 21:48:14 EDT 2025 with p=TypeB, m=25, r=100, s=1 ###
##############################################################

Attaching package: ‘dplyr’

The following objects are masked from ‘package:stats’:

    filter, lag

The following objects are masked from ‘package:base’:

    intersect, setdiff, setequal, union

Loading required package: foreach
Loading required package: iterators
Loading required package: parallel

 randomForestSRC 3.2.2 
 
 Type rfsrc.news() to see new features, changes, and bug fixes. 
 

[conflicted] Will prefer dplyr::select over any other package.
[conflicted] Will prefer dplyr::filter over any other package.
[conflicted] Will prefer reshape2::melt over any other package.
── Attaching core tidyverse packages ──────────────────────── tidyverse 2.0.0 ──
✔ forcats   1.0.0     ✔ readr     2.1.4
✔ ggplot2   3.5.2     ✔ stringr   1.5.1
✔ lubridate 1.9.3     ✔ tibble    3.2.1
✔ purrr     0.3.5     ✔ tidyr     1.2.1
# A tibble: 42 × 4
   theta   tau estimand   truth
   <dbl> <dbl> <chr>      <dbl>
 1  0.3    0.2 de       -0.308 
 2  0.3    0.2 mu        0.488 
 3  0.3    0.2 mu_0      0.581 
 4  0.3    0.2 mu_1      0.273 
 5  0.3    0.2 oe        0.0986
 6  0.3    0.2 se_0      0.0628
 7  0.3    0.2 se_1      0.0396
 8  0.45   0.2 de       -0.285 
 9  0.45   0.2 mu        0.390 
10  0.45   0.2 mu_0      0.518 
11  0.45   0.2 mu_1      0.233 
12  0.45   0.2 oe        0     
13  0.45   0.2 se_0      0     
14  0.45   0.2 se_1      0     
15  0.6    0.2 de       -0.272 
16  0.6    0.2 mu        0.314 
17  0.6    0.2 mu_0      0.477 
18  0.6    0.2 mu_1      0.205 
19  0.6    0.2 oe       -0.0757
20  0.6    0.2 se_0     -0.0410
21  0.6    0.2 se_1     -0.0276
22  0.3    0.4 de       -0.292 
23  0.3    0.4 mu        0.601 
24  0.3    0.4 mu_0      0.689 
25  0.3    0.4 mu_1      0.396 
26  0.3    0.4 oe        0.104 
27  0.3    0.4 se_0      0.0682
28  0.3    0.4 se_1      0.0507
29  0.45   0.4 de       -0.275 
30  0.45   0.4 mu        0.497 
31  0.45   0.4 mu_0      0.621 
32  0.45   0.4 mu_1      0.346 
33  0.45   0.4 oe        0     
34  0.45   0.4 se_0      0     
35  0.45   0.4 se_1      0     
36  0.6    0.4 de       -0.266 
37  0.6    0.4 mu        0.416 
38  0.6    0.4 mu_0      0.576 
39  0.6    0.4 mu_1      0.310 
40  0.6    0.4 oe       -0.0807
41  0.6    0.4 se_0     -0.0448
42  0.6    0.4 se_1     -0.0359
Loading required package: Matrix

Attaching package: ‘Matrix’

The following objects are masked from ‘package:tidyr’:

    expand, pack, unpack


==========================================================================
===========================   Analysis setting  ==========================
==========================================================================

- taus: 0.1, 0.2, 0.3, 0.4, 0.5 

- policy: TypeB 

- thetas: 0.3, 0.31, 0.32, 0.33, 0.34, 0.35, 0.36, 0.37, 0.38, 0.39, 0.4, 0.41, 0.42, 0.43, 0.44, 0.45, 0.46, 0.47, 0.48, 0.49, 0.5, 0.51, 0.52, 0.53, 0.54, 0.55, 0.56, 0.57, 0.58, 0.59, 0.6 

- r: 100 

- K: 2 

- Nuisance estimation method: T nonpara / C nonpara / A nonpara 

- m: 25 

- N_total: 309 

- cluster size dist'n: 
 5  6  7  8  9 10 11 12 13 15 16 17 18 19 20 
 1  2  3  3  1  1  1  1  2  1  2  1  1  3  2 

 - observed time summary: 
   Min. 1st Qu.  Median    Mean 3rd Qu.    Max. 
0.00000 0.02362 0.19552 0.59316 0.77844 9.87371 

 - event indicator table: 
  0   1 
 99 210 

 - event time summary: 
    Min.  1st Qu.   Median     Mean  3rd Qu.     Max. 
0.000000 0.006716 0.143707 0.509831 0.657778 9.873711 

 - censoring time summary: 
    Min.  1st Qu.   Median     Mean  3rd Qu.     Max. 
0.000004 0.060362 0.381803 0.769923 1.050884 5.228826 

 - treatment indicator table: 
  0   1 
181 128 

==========================================================================
===========================   Estimation start  ==========================
==========================================================================

--- Split:1 ---

Running BART with binary y

number of trees: 25
number of chains: 1, number of threads 1
tree thinning rate: 1
Prior:
	prior on k: chi with 1.250000 degrees of freedom and inf scale
	power and base for tree prior: 2.000000 0.950000
	use quantiles for rule cut points: false
	proposal probabilities: birth/death 0.50, swap 0.10, change 0.40; birth 0.50
data:
	number of training observations: 166
	number of test observations: 0
	number of explanatory variables: 15

Cutoff rules c in x<=c vs x>c
Number of cutoffs: (var: number of possible c):
(1: 100) (2: 100) (3: 100) (4: 100) (5: 100) 
(6: 100) (7: 100) (8: 100) (9: 100) (10: 100) 
(11: 100) (12: 100) (13: 100) (14: 100) (15: 100) 


   [*---------] 10% | ET: 0s 
   [**--------] 20% | ET: 0.7s 
   [***-------] 30% | ET: 1.3s 
   [****------] 40% | ET: 1.8s 
   [*****-----] 50% | ET: 2.9s 
   [******----] 60% | ET: 3.5s 
   [*******---] 70% | ET: 4s 
   [********--] 80% | ET: 4.6s 
   [*********-] 90% | ET: 5.2s 
   [**********] 100% | ET: 6.3s 

--- Split:2 ---

Running BART with binary y

number of trees: 25
number of chains: 1, number of threads 1
tree thinning rate: 1
Prior:
	prior on k: chi with 1.250000 degrees of freedom and inf scale
	power and base for tree prior: 2.000000 0.950000
	use quantiles for rule cut points: false
	proposal probabilities: birth/death 0.50, swap 0.10, change 0.40; birth 0.50
data:
	number of training observations: 143
	number of test observations: 0
	number of explanatory variables: 15

Cutoff rules c in x<=c vs x>c
Number of cutoffs: (var: number of possible c):
(1: 100) (2: 100) (3: 100) (4: 100) (5: 100) 
(6: 100) (7: 100) (8: 100) (9: 100) (10: 100) 
(11: 100) (12: 100) (13: 100) (14: 100) (15: 100) 


   [*---------] 10% | ET: 0s 
   [**--------] 20% | ET: 0.6s 
   [***-------] 30% | ET: 1.2s 
   [****------] 40% | ET: 2.9s 
   [*****-----] 50% | ET: 3.8s 
   [******----] 60% | ET: 4.4s 
   [*******---] 70% | ET: 5.6s 
   [********--] 80% | ET: 6.3s 
   [*********-] 90% | ET: 7s 
   [**********] 100% | ET: 8.3s 

--- IF for proposed nonparametric estimator computed --- ET: 16.5 seconds
--- Estimator computed: mu --- ET: 0.4 seconds --- 
--- Estimator computed: mu_1 --- ET: 0.4 seconds --- 
--- Estimator computed: mu_0 --- ET: 0.3 seconds --- 
--- Estimator computed: de --- ET: 0.3 seconds --- 
--- Estimator computed: oe --- ET: 0.3 seconds --- 
--- Estimator computed: se_1 --- ET: 0.6 seconds --- 
--- Estimator computed: se_0 --- ET: 0.3 seconds --- 
--- Total run time: 19.6 seconds --- 
--- Total run time: 34.1 seconds --- ###################################################
### Job finished at Thu Jun  5 21:48:49 EDT 2025 ###
###################################################
