##############################################################
### Job started at Thu Jun  5 07:46:44 EDT 2025 with p=TypeB, m=100, r=100, s=43 ###
##############################################################

Attaching package: ‘dplyr’

The following objects are masked from ‘package:stats’:

    filter, lag

The following objects are masked from ‘package:base’:

    intersect, setdiff, setequal, union

Loading required package: foreach
Loading required package: iterators
Loading required package: parallel

 randomForestSRC 3.2.2 
 
 Type rfsrc.news() to see new features, changes, and bug fixes. 
 

[conflicted] Will prefer dplyr::select over any other package.
[conflicted] Will prefer dplyr::filter over any other package.
[conflicted] Will prefer reshape2::melt over any other package.
── Attaching core tidyverse packages ──────────────────────── tidyverse 2.0.0 ──
✔ forcats   1.0.0     ✔ readr     2.1.4
✔ ggplot2   3.5.2     ✔ stringr   1.5.1
✔ lubridate 1.9.3     ✔ tibble    3.2.1
✔ purrr     0.3.5     ✔ tidyr     1.2.1
# A tibble: 42 × 4
   theta   tau estimand   truth
   <dbl> <dbl> <chr>      <dbl>
 1  0.3    0.2 de       -0.284 
 2  0.3    0.2 mu        0.451 
 3  0.3    0.2 mu_0      0.536 
 4  0.3    0.2 mu_1      0.252 
 5  0.3    0.2 oe        0.0796
 6  0.3    0.2 se_0      0.0426
 7  0.3    0.2 se_1      0.0301
 8  0.45   0.2 de       -0.272 
 9  0.45   0.2 mu        0.371 
10  0.45   0.2 mu_0      0.493 
11  0.45   0.2 mu_1      0.222 
12  0.45   0.2 oe        0     
13  0.45   0.2 se_0      0     
14  0.45   0.2 se_1      0     
15  0.6    0.2 de       -0.263 
16  0.6    0.2 mu        0.306 
17  0.6    0.2 mu_0      0.464 
18  0.6    0.2 mu_1      0.201 
19  0.6    0.2 oe       -0.0653
20  0.6    0.2 se_0     -0.0298
21  0.6    0.2 se_1     -0.0210
22  0.3    0.4 de       -0.270 
23  0.3    0.4 mu        0.556 
24  0.3    0.4 mu_0      0.637 
25  0.3    0.4 mu_1      0.367 
26  0.3    0.4 oe        0.0809
27  0.3    0.4 se_0      0.0434
28  0.3    0.4 se_1      0.0370
29  0.45   0.4 de       -0.263 
30  0.45   0.4 mu        0.475 
31  0.45   0.4 mu_0      0.593 
32  0.45   0.4 mu_1      0.330 
33  0.45   0.4 oe        0     
34  0.45   0.4 se_0      0     
35  0.45   0.4 se_1      0     
36  0.6    0.4 de       -0.258 
37  0.6    0.4 mu        0.408 
38  0.6    0.4 mu_0      0.562 
39  0.6    0.4 mu_1      0.305 
40  0.6    0.4 oe       -0.0673
41  0.6    0.4 se_0     -0.0311
42  0.6    0.4 se_1     -0.0256
Loading required package: Matrix

Attaching package: ‘Matrix’

The following objects are masked from ‘package:tidyr’:

    expand, pack, unpack


==========================================================================
===========================   Analysis setting  ==========================
==========================================================================

- taus: 0.1, 0.2, 0.3, 0.4, 0.5 

- policy: TypeB 

- thetas: 0.3, 0.31, 0.32, 0.33, 0.34, 0.35, 0.36, 0.37, 0.38, 0.39, 0.4, 0.41, 0.42, 0.43, 0.44, 0.45, 0.46, 0.47, 0.48, 0.49, 0.5, 0.51, 0.52, 0.53, 0.54, 0.55, 0.56, 0.57, 0.58, 0.59, 0.6 

- r: 100 

- K: 2 

- Nuisance estimation method: T para / C para / A para 

- m: 100 

- N_total: 1205 

- cluster size dist'n: 
 5  6  7  8  9 10 11 12 13 14 15 16 17 18 19 20 
 5  4 10  6  8  9  9 10  5  2  3  7  4  6  9  3 

 - observed time summary: 
   Min. 1st Qu.  Median    Mean 3rd Qu.    Max. 
0.00000 0.01676 0.21363 0.62075 0.82013 6.23397 

 - event indicator table: 
  0   1 
456 749 

 - event time summary: 
    Min.  1st Qu.   Median     Mean  3rd Qu.     Max. 
0.000000 0.009788 0.166203 0.530831 0.628826 6.233965 

 - censoring time summary: 
   Min. 1st Qu.  Median    Mean 3rd Qu.    Max. 
0.00000 0.04383 0.34500 0.76845 1.14556 6.06663 

 - treatment indicator table: 
  0   1 
607 598 

==========================================================================
===========================   Estimation start  ==========================
==========================================================================

--- Split:1 ---

   [*---------] 10% | ET: 3.6s 
   [**--------] 20% | ET: 7.6s 
   [***-------] 30% | ET: 12.3s 
   [****------] 40% | ET: 17s 
   [*****-----] 50% | ET: 21.1s 
   [******----] 60% | ET: 24.6s 
   [*******---] 70% | ET: 28.1s 
   [********--] 80% | ET: 31.7s 
   [*********-] 90% | ET: 35.4s 
   [**********] 100% | ET: 39.1s 

--- Split:2 ---

   [*---------] 10% | ET: 2.7s 
   [**--------] 20% | ET: 6.6s 
   [***-------] 30% | ET: 10.9s 
   [****------] 40% | ET: 15.3s 
   [*****-----] 50% | ET: 18.4s 
   [******----] 60% | ET: 23.2s 
   [*******---] 70% | ET: 27.3s 
   [********--] 80% | ET: 32.2s 
   [*********-] 90% | ET: 36.2s 
   [**********] 100% | ET: 41.9s 

--- IF for proposed nonparametric estimator computed --- ET: 85.2 seconds
--- Estimator computed: mu --- ET: 0.6 seconds --- 
--- Estimator computed: mu_1 --- ET: 0.7 seconds --- 
--- Estimator computed: mu_0 --- ET: 0.4 seconds --- 
--- Estimator computed: de --- ET: 0.6 seconds --- 
--- Estimator computed: oe --- ET: 0.6 seconds --- 
--- Estimator computed: se_1 --- ET: 0.4 seconds --- 
--- Estimator computed: se_0 --- ET: 0.4 seconds --- 
--- Total run time: 89.9 seconds --- 
--- Total run time: 101.6 seconds --- ###################################################
### Job finished at Thu Jun  5 07:48:27 EDT 2025 ###
###################################################
