##############################################################
### Job started at Thu Jun  5 07:49:16 EDT 2025 with p=TypeB, m=100, r=100, s=43 ###
##############################################################

Attaching package: ‘dplyr’

The following objects are masked from ‘package:stats’:

    filter, lag

The following objects are masked from ‘package:base’:

    intersect, setdiff, setequal, union

Loading required package: foreach
Loading required package: iterators
Loading required package: parallel

 randomForestSRC 3.2.2 
 
 Type rfsrc.news() to see new features, changes, and bug fixes. 
 

[conflicted] Will prefer dplyr::select over any other package.
[conflicted] Will prefer dplyr::filter over any other package.
[conflicted] Will prefer reshape2::melt over any other package.
── Attaching core tidyverse packages ──────────────────────── tidyverse 2.0.0 ──
✔ forcats   1.0.0     ✔ readr     2.1.4
✔ ggplot2   3.5.2     ✔ stringr   1.5.1
✔ lubridate 1.9.3     ✔ tibble    3.2.1
✔ purrr     0.3.5     ✔ tidyr     1.2.1
# A tibble: 42 × 4
   theta   tau estimand   truth
   <dbl> <dbl> <chr>      <dbl>
 1  0.3    0.2 de       -0.284 
 2  0.3    0.2 mu        0.455 
 3  0.3    0.2 mu_0      0.540 
 4  0.3    0.2 mu_1      0.255 
 5  0.3    0.2 oe        0.0713
 6  0.3    0.2 se_0      0.0295
 7  0.3    0.2 se_1      0.0275
 8  0.45   0.2 de       -0.283 
 9  0.45   0.2 mu        0.383 
10  0.45   0.2 mu_0      0.510 
11  0.45   0.2 mu_1      0.228 
12  0.45   0.2 oe        0     
13  0.45   0.2 se_0      0     
14  0.45   0.2 se_1      0     
15  0.6    0.2 de       -0.276 
16  0.6    0.2 mu        0.318 
17  0.6    0.2 mu_0      0.484 
18  0.6    0.2 mu_1      0.208 
19  0.6    0.2 oe       -0.0649
20  0.6    0.2 se_0     -0.0262
21  0.6    0.2 se_1     -0.0201
22  0.3    0.4 de       -0.265 
23  0.3    0.4 mu        0.555 
24  0.3    0.4 mu_0      0.635 
25  0.3    0.4 mu_1      0.370 
26  0.3    0.4 oe        0.0692
27  0.3    0.4 se_0      0.0269
28  0.3    0.4 se_1      0.0327
29  0.45   0.4 de       -0.271 
30  0.45   0.4 mu        0.486 
31  0.45   0.4 mu_0      0.608 
32  0.45   0.4 mu_1      0.337 
33  0.45   0.4 oe        0     
34  0.45   0.4 se_0      0     
35  0.45   0.4 se_1      0     
36  0.6    0.4 de       -0.269 
37  0.6    0.4 mu        0.421 
38  0.6    0.4 mu_0      0.582 
39  0.6    0.4 mu_1      0.313 
40  0.6    0.4 oe       -0.0656
41  0.6    0.4 se_0     -0.0261
42  0.6    0.4 se_1     -0.0242
Loading required package: Matrix

Attaching package: ‘Matrix’

The following objects are masked from ‘package:tidyr’:

    expand, pack, unpack


==========================================================================
===========================   Analysis setting  ==========================
==========================================================================

- taus: 0.1, 0.2, 0.3, 0.4, 0.5 

- policy: TypeB 

- thetas: 0.3, 0.31, 0.32, 0.33, 0.34, 0.35, 0.36, 0.37, 0.38, 0.39, 0.4, 0.41, 0.42, 0.43, 0.44, 0.45, 0.46, 0.47, 0.48, 0.49, 0.5, 0.51, 0.52, 0.53, 0.54, 0.55, 0.56, 0.57, 0.58, 0.59, 0.6 

- r: 100 

- K: 2 

- Nuisance estimation method: T para / C para / A para 

- m: 100 

- N_total: 1343 

- cluster size dist'n: 
 5  6  7  8  9 10 11 12 13 14 15 16 17 18 19 20 
 5  5  6  2  3  4 11  6  3  9  7  7  8 11  6  7 

 - observed time summary: 
   Min. 1st Qu.  Median    Mean 3rd Qu.    Max. 
0.00000 0.01395 0.18785 0.58786 0.77501 9.03399 

 - event indicator table: 
  0   1 
527 816 

 - event time summary: 
    Min.  1st Qu.   Median     Mean  3rd Qu.     Max. 
0.000000 0.006867 0.131162 0.531323 0.656011 9.033991 

 - censoring time summary: 
   Min. 1st Qu.  Median    Mean 3rd Qu.    Max. 
0.00000 0.03232 0.28824 0.67541 0.99406 6.09142 

 - treatment indicator table: 
  0   1 
709 634 

==========================================================================
===========================   Estimation start  ==========================
==========================================================================

--- Split:1 ---

   [*---------] 10% | ET: 4.5s 
   [**--------] 20% | ET: 12.7s 
   [***-------] 30% | ET: 19.1s 
   [****------] 40% | ET: 24s 
   [*****-----] 50% | ET: 28.5s 
   [******----] 60% | ET: 32.6s 
   [*******---] 70% | ET: 36.9s 
   [********--] 80% | ET: 42s 
   [*********-] 90% | ET: 46s 
   [**********] 100% | ET: 50.3s 

--- Split:2 ---

   [*---------] 10% | ET: 4.1s 
   [**--------] 20% | ET: 8.7s 
   [***-------] 30% | ET: 13.2s 
   [****------] 40% | ET: 17.3s 
   [*****-----] 50% | ET: 22.5s 
   [******----] 60% | ET: 27.3s 
   [*******---] 70% | ET: 31.4s 
   [********--] 80% | ET: 35.7s 
   [*********-] 90% | ET: 39.8s 
   [**********] 100% | ET: 44.3s 

--- IF for proposed nonparametric estimator computed --- ET: 98.9 seconds
--- Estimator computed: mu --- ET: 0.7 seconds --- 
--- Estimator computed: mu_1 --- ET: 0.8 seconds --- 
--- Estimator computed: mu_0 --- ET: 0.4 seconds --- 
--- Estimator computed: de --- ET: 0.4 seconds --- 
--- Estimator computed: oe --- ET: 0.6 seconds --- 
--- Estimator computed: se_1 --- ET: 0.6 seconds --- 
--- Estimator computed: se_0 --- ET: 0.4 seconds --- 
--- Total run time: 104.1 seconds --- 
--- Total run time: 117.5 seconds --- ###################################################
### Job finished at Thu Jun  5 07:51:13 EDT 2025 ###
###################################################
