##############################################################
### Job started at Thu Jun  5 07:44:12 EDT 2025 with p=TypeB, m=100, r=100, s=43 ###
##############################################################

Attaching package: ‘dplyr’

The following objects are masked from ‘package:stats’:

    filter, lag

The following objects are masked from ‘package:base’:

    intersect, setdiff, setequal, union

Loading required package: foreach
Loading required package: iterators
Loading required package: parallel

 randomForestSRC 3.2.2 
 
 Type rfsrc.news() to see new features, changes, and bug fixes. 
 

[conflicted] Will prefer dplyr::select over any other package.
[conflicted] Will prefer dplyr::filter over any other package.
[conflicted] Will prefer reshape2::melt over any other package.
── Attaching core tidyverse packages ──────────────────────── tidyverse 2.0.0 ──
✔ forcats   1.0.0     ✔ readr     2.1.4
✔ ggplot2   3.5.2     ✔ stringr   1.5.1
✔ lubridate 1.9.3     ✔ tibble    3.2.1
✔ purrr     0.3.5     ✔ tidyr     1.2.1
# A tibble: 42 × 4
   theta   tau estimand   truth
   <dbl> <dbl> <chr>      <dbl>
 1  0.3    0.2 de       -0.282 
 2  0.3    0.2 mu        0.442 
 3  0.3    0.2 mu_0      0.526 
 4  0.3    0.2 mu_1      0.245 
 5  0.3    0.2 oe        0.0721
 6  0.3    0.2 se_0      0.0342
 7  0.3    0.2 se_1      0.0246
 8  0.45   0.2 de       -0.272 
 9  0.45   0.2 mu        0.370 
10  0.45   0.2 mu_0      0.492 
11  0.45   0.2 mu_1      0.220 
12  0.45   0.2 oe        0     
13  0.45   0.2 se_0      0     
14  0.45   0.2 se_1      0     
15  0.6    0.2 de       -0.265 
16  0.6    0.2 mu        0.306 
17  0.6    0.2 mu_0      0.465 
18  0.6    0.2 mu_1      0.200 
19  0.6    0.2 oe       -0.0635
20  0.6    0.2 se_0     -0.0270
21  0.6    0.2 se_1     -0.0199
22  0.3    0.4 de       -0.269 
23  0.3    0.4 mu        0.548 
24  0.3    0.4 mu_0      0.629 
25  0.3    0.4 mu_1      0.360 
26  0.3    0.4 oe        0.0722
27  0.3    0.4 se_0      0.0338
28  0.3    0.4 se_1      0.0294
29  0.45   0.4 de       -0.265 
30  0.45   0.4 mu        0.476 
31  0.45   0.4 mu_0      0.595 
32  0.45   0.4 mu_1      0.330 
33  0.45   0.4 oe        0     
34  0.45   0.4 se_0      0     
35  0.45   0.4 se_1      0     
36  0.6    0.4 de       -0.261 
37  0.6    0.4 mu        0.410 
38  0.6    0.4 mu_0      0.567 
39  0.6    0.4 mu_1      0.306 
40  0.6    0.4 oe       -0.0655
41  0.6    0.4 se_0     -0.0280
42  0.6    0.4 se_1     -0.0244
Loading required package: Matrix

Attaching package: ‘Matrix’

The following objects are masked from ‘package:tidyr’:

    expand, pack, unpack


==========================================================================
===========================   Analysis setting  ==========================
==========================================================================

- taus: 0.1, 0.2, 0.3, 0.4, 0.5 

- policy: TypeB 

- thetas: 0.3, 0.31, 0.32, 0.33, 0.34, 0.35, 0.36, 0.37, 0.38, 0.39, 0.4, 0.41, 0.42, 0.43, 0.44, 0.45, 0.46, 0.47, 0.48, 0.49, 0.5, 0.51, 0.52, 0.53, 0.54, 0.55, 0.56, 0.57, 0.58, 0.59, 0.6 

- r: 100 

- K: 2 

- Nuisance estimation method: T para / C para / A para 

- m: 100 

- N_total: 1215 

- cluster size dist'n: 
 5  6  7  8  9 10 11 12 13 14 15 16 17 18 19 20 
 7 12  4  9  6  3  4  5  9  5  6  8  5  3  4 10 

 - observed time summary: 
   Min. 1st Qu.  Median    Mean 3rd Qu.    Max. 
 0.0000  0.0133  0.1855  0.5725  0.7164  7.7381 

 - event indicator table: 
  0   1 
503 712 

 - event time summary: 
    Min.  1st Qu.   Median     Mean  3rd Qu.     Max. 
0.000000 0.007003 0.133452 0.479425 0.535129 7.730948 

 - censoring time summary: 
   Min. 1st Qu.  Median    Mean 3rd Qu.    Max. 
0.00000 0.04366 0.28721 0.70432 0.87136 7.73809 

 - treatment indicator table: 
  0   1 
648 567 

==========================================================================
===========================   Estimation start  ==========================
==========================================================================

--- Split:1 ---

   [*---------] 10% | ET: 3.1s 
   [**--------] 20% | ET: 7s 
   [***-------] 30% | ET: 11.1s 
   [****------] 40% | ET: 13.8s 
   [*****-----] 50% | ET: 16.8s 
   [******----] 60% | ET: 19.9s 
   [*******---] 70% | ET: 23.3s 
   [********--] 80% | ET: 26.4s 
   [*********-] 90% | ET: 29.4s 
   [**********] 100% | ET: 32.6s 

--- Split:2 ---

   [*---------] 10% | ET: 2.5s 
   [**--------] 20% | ET: 6s 
   [***-------] 30% | ET: 10.2s 
   [****------] 40% | ET: 13.2s 
   [*****-----] 50% | ET: 15.8s 
   [******----] 60% | ET: 18.8s 
   [*******---] 70% | ET: 22.1s 
   [********--] 80% | ET: 25.3s 
   [*********-] 90% | ET: 28.7s 
   [**********] 100% | ET: 32.3s 

--- IF for proposed nonparametric estimator computed --- ET: 68.8 seconds
--- Estimator computed: mu --- ET: 0.6 seconds --- 
--- Estimator computed: mu_1 --- ET: 0.7 seconds --- 
--- Estimator computed: mu_0 --- ET: 0.4 seconds --- 
--- Estimator computed: de --- ET: 0.4 seconds --- 
--- Estimator computed: oe --- ET: 0.6 seconds --- 
--- Estimator computed: se_1 --- ET: 0.6 seconds --- 
--- Estimator computed: se_0 --- ET: 0.4 seconds --- 
--- Total run time: 73.5 seconds --- 
--- Total run time: 84.9 seconds --- ###################################################
### Job finished at Thu Jun  5 07:45:37 EDT 2025 ###
###################################################
