##############################################################
### Job started at Thu Jun  5 07:40:09 EDT 2025 with p=TypeB, m=100, r=100, s=43 ###
##############################################################

Attaching package: ‘dplyr’

The following objects are masked from ‘package:stats’:

    filter, lag

The following objects are masked from ‘package:base’:

    intersect, setdiff, setequal, union

Loading required package: foreach
Loading required package: iterators
Loading required package: parallel

 randomForestSRC 3.2.2 
 
 Type rfsrc.news() to see new features, changes, and bug fixes. 
 

[conflicted] Will prefer dplyr::select over any other package.
[conflicted] Will prefer dplyr::filter over any other package.
[conflicted] Will prefer reshape2::melt over any other package.
── Attaching core tidyverse packages ──────────────────────── tidyverse 2.0.0 ──
✔ forcats   1.0.0     ✔ readr     2.1.4
✔ ggplot2   3.5.2     ✔ stringr   1.5.1
✔ lubridate 1.9.3     ✔ tibble    3.2.1
✔ purrr     0.3.5     ✔ tidyr     1.2.1
# A tibble: 42 × 4
   theta   tau estimand   truth
   <dbl> <dbl> <chr>      <dbl>
 1  0.3    0.2 de       -0.286 
 2  0.3    0.2 mu        0.448 
 3  0.3    0.2 mu_0      0.534 
 4  0.3    0.2 mu_1      0.247 
 5  0.3    0.2 oe        0.0886
 6  0.3    0.2 se_0      0.0531
 7  0.3    0.2 se_1      0.0364
 8  0.45   0.2 de       -0.270 
 9  0.45   0.2 mu        0.359 
10  0.45   0.2 mu_0      0.480 
11  0.45   0.2 mu_1      0.211 
12  0.45   0.2 oe        0     
13  0.45   0.2 se_0      0     
14  0.45   0.2 se_1      0     
15  0.6    0.2 de       -0.256 
16  0.6    0.2 mu        0.289 
17  0.6    0.2 mu_0      0.442 
18  0.6    0.2 mu_1      0.186 
19  0.6    0.2 oe       -0.0703
20  0.6    0.2 se_0     -0.0383
21  0.6    0.2 se_1     -0.0242
22  0.3    0.4 de       -0.274 
23  0.3    0.4 mu        0.554 
24  0.3    0.4 mu_0      0.636 
25  0.3    0.4 mu_1      0.362 
26  0.3    0.4 oe        0.0925
27  0.3    0.4 se_0      0.0559
28  0.3    0.4 se_1      0.0460
29  0.45   0.4 de       -0.264 
30  0.45   0.4 mu        0.461 
31  0.45   0.4 mu_0      0.580 
32  0.45   0.4 mu_1      0.316 
33  0.45   0.4 oe        0     
34  0.45   0.4 se_0      0     
35  0.45   0.4 se_1      0     
36  0.6    0.4 de       -0.253 
37  0.6    0.4 mu        0.387 
38  0.6    0.4 mu_0      0.539 
39  0.6    0.4 mu_1      0.285 
40  0.6    0.4 oe       -0.0746
41  0.6    0.4 se_0     -0.0412
42  0.6    0.4 se_1     -0.0308
Loading required package: Matrix

Attaching package: ‘Matrix’

The following objects are masked from ‘package:tidyr’:

    expand, pack, unpack


==========================================================================
===========================   Analysis setting  ==========================
==========================================================================

- taus: 0.1, 0.2, 0.3, 0.4, 0.5 

- policy: TypeB 

- thetas: 0.3, 0.31, 0.32, 0.33, 0.34, 0.35, 0.36, 0.37, 0.38, 0.39, 0.4, 0.41, 0.42, 0.43, 0.44, 0.45, 0.46, 0.47, 0.48, 0.49, 0.5, 0.51, 0.52, 0.53, 0.54, 0.55, 0.56, 0.57, 0.58, 0.59, 0.6 

- r: 100 

- K: 2 

- Nuisance estimation method: T para / C para / A para 

- m: 100 

- N_total: 1245 

- cluster size dist'n: 
 5  6  7  8  9 10 11 12 13 14 15 16 17 18 19 20 
 8  8  5  8  4  3  4  7 11  7  6  2  6  7  7  7 

 - observed time summary: 
   Min. 1st Qu.  Median    Mean 3rd Qu.    Max. 
0.00000 0.01499 0.16893 0.61812 0.73473 9.02295 

 - event indicator table: 
  0   1 
515 730 

 - event time summary: 
    Min.  1st Qu.   Median     Mean  3rd Qu.     Max. 
0.000000 0.009901 0.143705 0.551701 0.685762 6.772689 

 - censoring time summary: 
   Min. 1st Qu.  Median    Mean 3rd Qu.    Max. 
0.00000 0.02352 0.21780 0.71227 0.86336 9.02295 

 - treatment indicator table: 
  0   1 
714 531 

==========================================================================
===========================   Estimation start  ==========================
==========================================================================

--- Split:1 ---

   [*---------] 10% | ET: 3.2s 
   [**--------] 20% | ET: 7.6s 
   [***-------] 30% | ET: 11.1s 
   [****------] 40% | ET: 16s 
   [*****-----] 50% | ET: 19.7s 
   [******----] 60% | ET: 22.9s 
   [*******---] 70% | ET: 26s 
   [********--] 80% | ET: 29.4s 
   [*********-] 90% | ET: 32.7s 
   [**********] 100% | ET: 36.1s 

--- Split:2 ---

   [*---------] 10% | ET: 3.2s 
   [**--------] 20% | ET: 6.9s 
   [***-------] 30% | ET: 10.2s 
   [****------] 40% | ET: 13.5s 
   [*****-----] 50% | ET: 16.5s 
   [******----] 60% | ET: 19.6s 
   [*******---] 70% | ET: 23.3s 
   [********--] 80% | ET: 27s 
   [*********-] 90% | ET: 32.2s 
   [**********] 100% | ET: 35.8s 

--- IF for proposed nonparametric estimator computed --- ET: 75.3 seconds
--- Estimator computed: mu --- ET: 0.6 seconds --- 
--- Estimator computed: mu_1 --- ET: 0.6 seconds --- 
--- Estimator computed: mu_0 --- ET: 0.6 seconds --- 
--- Estimator computed: de --- ET: 0.6 seconds --- 
--- Estimator computed: oe --- ET: 0.6 seconds --- 
--- Estimator computed: se_1 --- ET: 0.4 seconds --- 
--- Estimator computed: se_0 --- ET: 0.6 seconds --- 
--- Total run time: 80.4 seconds --- 
--- Total run time: 92.3 seconds --- ###################################################
### Job finished at Thu Jun  5 07:41:42 EDT 2025 ###
###################################################
