##############################################################
### Job started at Thu Jun  5 07:52:48 EDT 2025 with p=TypeB, m=100, r=100, s=43 ###
##############################################################

Attaching package: ‘dplyr’

The following objects are masked from ‘package:stats’:

    filter, lag

The following objects are masked from ‘package:base’:

    intersect, setdiff, setequal, union

Loading required package: foreach
Loading required package: iterators
Loading required package: parallel

 randomForestSRC 3.2.2 
 
 Type rfsrc.news() to see new features, changes, and bug fixes. 
 

[conflicted] Will prefer dplyr::select over any other package.
[conflicted] Will prefer dplyr::filter over any other package.
[conflicted] Will prefer reshape2::melt over any other package.
── Attaching core tidyverse packages ──────────────────────── tidyverse 2.0.0 ──
✔ forcats   1.0.0     ✔ readr     2.1.4
✔ ggplot2   3.5.2     ✔ stringr   1.5.1
✔ lubridate 1.9.3     ✔ tibble    3.2.1
✔ purrr     0.3.5     ✔ tidyr     1.2.1
# A tibble: 42 × 4
   theta   tau estimand   truth
   <dbl> <dbl> <chr>      <dbl>
 1  0.3    0.2 de       -0.298 
 2  0.3    0.2 mu        0.474 
 3  0.3    0.2 mu_0      0.564 
 4  0.3    0.2 mu_1      0.266 
 5  0.3    0.2 oe        0.0795
 6  0.3    0.2 se_0      0.0374
 7  0.3    0.2 se_1      0.0316
 8  0.45   0.2 de       -0.292 
 9  0.45   0.2 mu        0.395 
10  0.45   0.2 mu_0      0.526 
11  0.45   0.2 mu_1      0.234 
12  0.45   0.2 oe        0     
13  0.45   0.2 se_0      0     
14  0.45   0.2 se_1      0     
15  0.6    0.2 de       -0.281 
16  0.6    0.2 mu        0.320 
17  0.6    0.2 mu_0      0.489 
18  0.6    0.2 mu_1      0.208 
19  0.6    0.2 oe       -0.0742
20  0.6    0.2 se_0     -0.0371
21  0.6    0.2 se_1     -0.0259
22  0.3    0.4 de       -0.279 
23  0.3    0.4 mu        0.579 
24  0.3    0.4 mu_0      0.662 
25  0.3    0.4 mu_1      0.384 
26  0.3    0.4 oe        0.0785
27  0.3    0.4 se_0      0.0358
28  0.3    0.4 se_1      0.0378
29  0.45   0.4 de       -0.281 
30  0.45   0.4 mu        0.500 
31  0.45   0.4 mu_0      0.627 
32  0.45   0.4 mu_1      0.346 
33  0.45   0.4 oe        0     
34  0.45   0.4 se_0      0     
35  0.45   0.4 se_1      0     
36  0.6    0.4 de       -0.274 
37  0.6    0.4 mu        0.423 
38  0.6    0.4 mu_0      0.588 
39  0.6    0.4 mu_1      0.314 
40  0.6    0.4 oe       -0.0771
41  0.6    0.4 se_0     -0.0390
42  0.6    0.4 se_1     -0.0323
Loading required package: Matrix

Attaching package: ‘Matrix’

The following objects are masked from ‘package:tidyr’:

    expand, pack, unpack


==========================================================================
===========================   Analysis setting  ==========================
==========================================================================

- taus: 0.1, 0.2, 0.3, 0.4, 0.5 

- policy: TypeB 

- thetas: 0.3, 0.31, 0.32, 0.33, 0.34, 0.35, 0.36, 0.37, 0.38, 0.39, 0.4, 0.41, 0.42, 0.43, 0.44, 0.45, 0.46, 0.47, 0.48, 0.49, 0.5, 0.51, 0.52, 0.53, 0.54, 0.55, 0.56, 0.57, 0.58, 0.59, 0.6 

- r: 100 

- K: 2 

- Nuisance estimation method: T para / C para / A para 

- m: 100 

- N_total: 1260 

- cluster size dist'n: 
 5  6  7  8  9 10 11 12 13 14 15 16 17 18 19 20 
 7  9  4  5  7  7  8  4  4  3  5  7  9  6  8  7 

 - observed time summary: 
   Min. 1st Qu.  Median    Mean 3rd Qu.    Max. 
0.00000 0.02067 0.19555 0.60835 0.82347 8.06505 

 - event indicator table: 
  0   1 
467 793 

 - event time summary: 
   Min. 1st Qu.  Median    Mean 3rd Qu.    Max. 
0.00000 0.01455 0.16958 0.55948 0.74436 7.86230 

 - censoring time summary: 
   Min. 1st Qu.  Median    Mean 3rd Qu.    Max. 
0.00000 0.03108 0.29533 0.69134 0.89956 8.06505 

 - treatment indicator table: 
  0   1 
690 570 

==========================================================================
===========================   Estimation start  ==========================
==========================================================================

--- Split:1 ---

   [*---------] 10% | ET: 3.6s 
   [**--------] 20% | ET: 7.4s 
   [***-------] 30% | ET: 11.5s 
   [****------] 40% | ET: 14.8s 
   [*****-----] 50% | ET: 18.4s 
   [******----] 60% | ET: 21.9s 
   [*******---] 70% | ET: 25.2s 
   [********--] 80% | ET: 29s 
   [*********-] 90% | ET: 32.8s 
   [**********] 100% | ET: 38.5s 

--- Split:2 ---

   [*---------] 10% | ET: 3.4s 
   [**--------] 20% | ET: 8s 
   [***-------] 30% | ET: 11.5s 
   [****------] 40% | ET: 15.3s 
   [*****-----] 50% | ET: 19s 
   [******----] 60% | ET: 23.4s 
   [*******---] 70% | ET: 27.5s 
   [********--] 80% | ET: 31.8s 
   [*********-] 90% | ET: 35.4s 
   [**********] 100% | ET: 39s 

--- IF for proposed nonparametric estimator computed --- ET: 81 seconds
--- Estimator computed: mu --- ET: 0.7 seconds --- 
--- Estimator computed: mu_1 --- ET: 0.6 seconds --- 
--- Estimator computed: mu_0 --- ET: 0.6 seconds --- 
--- Estimator computed: de --- ET: 0.4 seconds --- 
--- Estimator computed: oe --- ET: 0.6 seconds --- 
--- Estimator computed: se_1 --- ET: 0.4 seconds --- 
--- Estimator computed: se_0 --- ET: 0.6 seconds --- 
--- Total run time: 85.8 seconds --- 
--- Total run time: 97.2 seconds --- ###################################################
### Job finished at Thu Jun  5 07:54:26 EDT 2025 ###
###################################################
