##############################################################
### Job started at Thu Jun  5 07:45:13 EDT 2025 with p=TypeB, m=100, r=100, s=43 ###
##############################################################

Attaching package: ‘dplyr’

The following objects are masked from ‘package:stats’:

    filter, lag

The following objects are masked from ‘package:base’:

    intersect, setdiff, setequal, union

Loading required package: foreach
Loading required package: iterators
Loading required package: parallel

 randomForestSRC 3.2.2 
 
 Type rfsrc.news() to see new features, changes, and bug fixes. 
 

[conflicted] Will prefer dplyr::select over any other package.
[conflicted] Will prefer dplyr::filter over any other package.
[conflicted] Will prefer reshape2::melt over any other package.
── Attaching core tidyverse packages ──────────────────────── tidyverse 2.0.0 ──
✔ forcats   1.0.0     ✔ readr     2.1.4
✔ ggplot2   3.5.2     ✔ stringr   1.5.1
✔ lubridate 1.9.3     ✔ tibble    3.2.1
✔ purrr     0.3.5     ✔ tidyr     1.2.1
# A tibble: 42 × 4
   theta   tau estimand   truth
   <dbl> <dbl> <chr>      <dbl>
 1  0.3    0.2 de       -0.289 
 2  0.3    0.2 mu        0.462 
 3  0.3    0.2 mu_0      0.549 
 4  0.3    0.2 mu_1      0.260 
 5  0.3    0.2 oe        0.0765
 6  0.3    0.2 se_0      0.0347
 7  0.3    0.2 se_1      0.0314
 8  0.45   0.2 de       -0.285 
 9  0.45   0.2 mu        0.386 
10  0.45   0.2 mu_0      0.514 
11  0.45   0.2 mu_1      0.229 
12  0.45   0.2 oe        0     
13  0.45   0.2 se_0      0     
14  0.45   0.2 se_1      0     
15  0.6    0.2 de       -0.276 
16  0.6    0.2 mu        0.315 
17  0.6    0.2 mu_0      0.481 
18  0.6    0.2 mu_1      0.205 
19  0.6    0.2 oe       -0.0702
20  0.6    0.2 se_0     -0.0332
21  0.6    0.2 se_1     -0.0236
22  0.3    0.4 de       -0.270 
23  0.3    0.4 mu        0.567 
24  0.3    0.4 mu_0      0.648 
25  0.3    0.4 mu_1      0.378 
26  0.3    0.4 oe        0.0765
27  0.3    0.4 se_0      0.0339
28  0.3    0.4 se_1      0.0385
29  0.45   0.4 de       -0.275 
30  0.45   0.4 mu        0.491 
31  0.45   0.4 mu_0      0.614 
32  0.45   0.4 mu_1      0.340 
33  0.45   0.4 oe        0     
34  0.45   0.4 se_0      0     
35  0.45   0.4 se_1      0     
36  0.6    0.4 de       -0.269 
37  0.6    0.4 mu        0.418 
38  0.6    0.4 mu_0      0.579 
39  0.6    0.4 mu_1      0.310 
40  0.6    0.4 oe       -0.0731
41  0.6    0.4 se_0     -0.0351
42  0.6    0.4 se_1     -0.0297
Loading required package: Matrix

Attaching package: ‘Matrix’

The following objects are masked from ‘package:tidyr’:

    expand, pack, unpack


==========================================================================
===========================   Analysis setting  ==========================
==========================================================================

- taus: 0.1, 0.2, 0.3, 0.4, 0.5 

- policy: TypeB 

- thetas: 0.3, 0.31, 0.32, 0.33, 0.34, 0.35, 0.36, 0.37, 0.38, 0.39, 0.4, 0.41, 0.42, 0.43, 0.44, 0.45, 0.46, 0.47, 0.48, 0.49, 0.5, 0.51, 0.52, 0.53, 0.54, 0.55, 0.56, 0.57, 0.58, 0.59, 0.6 

- r: 100 

- K: 2 

- Nuisance estimation method: T para / C para / A para 

- m: 100 

- N_total: 1251 

- cluster size dist'n: 
 5  6  7  8  9 10 11 12 13 14 15 16 17 18 19 20 
 7  5  5  7  4  8  9  9  4  4  5  6  9  6  8  4 

 - observed time summary: 
   Min. 1st Qu.  Median    Mean 3rd Qu.    Max. 
0.00000 0.01352 0.17263 0.59540 0.73985 7.84554 

 - event indicator table: 
  0   1 
492 759 

 - event time summary: 
    Min.  1st Qu.   Median     Mean  3rd Qu.     Max. 
0.000000 0.006463 0.133234 0.511307 0.568931 7.845537 

 - censoring time summary: 
   Min. 1st Qu.  Median    Mean 3rd Qu.    Max. 
0.00000 0.03221 0.25731 0.72513 0.93104 7.37154 

 - treatment indicator table: 
  0   1 
702 549 

==========================================================================
===========================   Estimation start  ==========================
==========================================================================

--- Split:1 ---

   [*---------] 10% | ET: 5.6s 
   [**--------] 20% | ET: 11.8s 
   [***-------] 30% | ET: 19s 
   [****------] 40% | ET: 24.4s 
   [*****-----] 50% | ET: 29.6s 
   [******----] 60% | ET: 34.7s 
   [*******---] 70% | ET: 39.5s 
   [********--] 80% | ET: 43.8s 
   [*********-] 90% | ET: 48s 
   [**********] 100% | ET: 52.1s 

--- Split:2 ---

   [*---------] 10% | ET: 4.4s 
   [**--------] 20% | ET: 9s 
   [***-------] 30% | ET: 13.3s 
   [****------] 40% | ET: 17.2s 
   [*****-----] 50% | ET: 20.4s 
   [******----] 60% | ET: 23.7s 
   [*******---] 70% | ET: 28.5s 
   [********--] 80% | ET: 31.9s 
   [*********-] 90% | ET: 35.6s 
   [**********] 100% | ET: 39s 

--- IF for proposed nonparametric estimator computed --- ET: 94.4 seconds
--- Estimator computed: mu --- ET: 0.6 seconds --- 
--- Estimator computed: mu_1 --- ET: 0.6 seconds --- 
--- Estimator computed: mu_0 --- ET: 0.6 seconds --- 
--- Estimator computed: de --- ET: 0.6 seconds --- 
--- Estimator computed: oe --- ET: 0.4 seconds --- 
--- Estimator computed: se_1 --- ET: 0.6 seconds --- 
--- Estimator computed: se_0 --- ET: 0.4 seconds --- 
--- Total run time: 99 seconds --- 
--- Total run time: 111 seconds --- ###################################################
### Job finished at Thu Jun  5 07:47:04 EDT 2025 ###
###################################################
