##############################################################
### Job started at Thu Jun  5 07:50:16 EDT 2025 with p=TypeB, m=100, r=100, s=43 ###
##############################################################

Attaching package: ‘dplyr’

The following objects are masked from ‘package:stats’:

    filter, lag

The following objects are masked from ‘package:base’:

    intersect, setdiff, setequal, union

Loading required package: foreach
Loading required package: iterators
Loading required package: parallel

 randomForestSRC 3.2.2 
 
 Type rfsrc.news() to see new features, changes, and bug fixes. 
 

[conflicted] Will prefer dplyr::select over any other package.
[conflicted] Will prefer dplyr::filter over any other package.
[conflicted] Will prefer reshape2::melt over any other package.
── Attaching core tidyverse packages ──────────────────────── tidyverse 2.0.0 ──
✔ forcats   1.0.0     ✔ readr     2.1.4
✔ ggplot2   3.5.2     ✔ stringr   1.5.1
✔ lubridate 1.9.3     ✔ tibble    3.2.1
✔ purrr     0.3.5     ✔ tidyr     1.2.1
# A tibble: 42 × 4
   theta   tau estimand   truth
   <dbl> <dbl> <chr>      <dbl>
 1  0.3    0.2 de       -0.271 
 2  0.3    0.2 mu        0.448 
 3  0.3    0.2 mu_0      0.530 
 4  0.3    0.2 mu_1      0.258 
 5  0.3    0.2 oe        0.0607
 6  0.3    0.2 se_0      0.0174
 7  0.3    0.2 se_1      0.0231
 8  0.45   0.2 de       -0.277 
 9  0.45   0.2 mu        0.388 
10  0.45   0.2 mu_0      0.512 
11  0.45   0.2 mu_1      0.235 
12  0.45   0.2 oe        0     
13  0.45   0.2 se_0      0     
14  0.45   0.2 se_1      0     
15  0.6    0.2 de       -0.272 
16  0.6    0.2 mu        0.317 
17  0.6    0.2 mu_0      0.480 
18  0.6    0.2 mu_1      0.208 
19  0.6    0.2 oe       -0.0705
20  0.6    0.2 se_0     -0.0320
21  0.6    0.2 se_1     -0.0268
22  0.3    0.4 de       -0.252 
23  0.3    0.4 mu        0.554 
24  0.3    0.4 mu_0      0.630 
25  0.3    0.4 mu_1      0.378 
26  0.3    0.4 oe        0.0571
27  0.3    0.4 se_0      0.0130
28  0.3    0.4 se_1      0.0270
29  0.45   0.4 de       -0.266 
30  0.45   0.4 mu        0.497 
31  0.45   0.4 mu_0      0.617 
32  0.45   0.4 mu_1      0.351 
33  0.45   0.4 oe        0     
34  0.45   0.4 se_0      0     
35  0.45   0.4 se_1      0     
36  0.6    0.4 de       -0.267 
37  0.6    0.4 mu        0.422 
38  0.6    0.4 mu_0      0.582 
39  0.6    0.4 mu_1      0.316 
40  0.6    0.4 oe       -0.0748
41  0.6    0.4 se_0     -0.0345
42  0.6    0.4 se_1     -0.0350
Loading required package: Matrix

Attaching package: ‘Matrix’

The following objects are masked from ‘package:tidyr’:

    expand, pack, unpack


==========================================================================
===========================   Analysis setting  ==========================
==========================================================================

- taus: 0.1, 0.2, 0.3, 0.4, 0.5 

- policy: TypeB 

- thetas: 0.3, 0.31, 0.32, 0.33, 0.34, 0.35, 0.36, 0.37, 0.38, 0.39, 0.4, 0.41, 0.42, 0.43, 0.44, 0.45, 0.46, 0.47, 0.48, 0.49, 0.5, 0.51, 0.52, 0.53, 0.54, 0.55, 0.56, 0.57, 0.58, 0.59, 0.6 

- r: 100 

- K: 2 

- Nuisance estimation method: T para / C para / A para 

- m: 100 

- N_total: 1240 

- cluster size dist'n: 
 5  6  7  8  9 10 11 12 13 14 15 16 17 18 19 20 
 5  7  6  6  8  5 11  3  4  9  7  6  4  7  9  3 

 - observed time summary: 
   Min. 1st Qu.  Median    Mean 3rd Qu.    Max. 
0.00000 0.02322 0.21565 0.63560 0.80873 9.01586 

 - event indicator table: 
  0   1 
464 776 

 - event time summary: 
   Min. 1st Qu.  Median    Mean 3rd Qu.    Max. 
0.00000 0.01633 0.17503 0.58418 0.73024 9.01586 

 - censoring time summary: 
   Min. 1st Qu.  Median    Mean 3rd Qu.    Max. 
0.00000 0.04632 0.31409 0.72158 0.99699 6.89668 

 - treatment indicator table: 
  0   1 
615 625 

==========================================================================
===========================   Estimation start  ==========================
==========================================================================

--- Split:1 ---

   [*---------] 10% | ET: 7.7s 
   [**--------] 20% | ET: 18.5s 
   [***-------] 30% | ET: 26.9s 
   [****------] 40% | ET: 39.3s 
   [*****-----] 50% | ET: 45s 
   [******----] 60% | ET: 52.2s 
   [*******---] 70% | ET: 60.2s 
   [********--] 80% | ET: 68.6s 
   [*********-] 90% | ET: 74.3s 
   [**********] 100% | ET: 78.6s 

--- Split:2 ---

   [*---------] 10% | ET: 5.5s 
   [**--------] 20% | ET: 12.3s 
   [***-------] 30% | ET: 20.6s 
   [****------] 40% | ET: 27s 
   [*****-----] 50% | ET: 34s 
   [******----] 60% | ET: 40s 
   [*******---] 70% | ET: 44.4s 
   [********--] 80% | ET: 51.6s 
   [*********-] 90% | ET: 57.1s 
   [**********] 100% | ET: 62.4s 

--- IF for proposed nonparametric estimator computed --- ET: 145.3 seconds
--- Estimator computed: mu --- ET: 0.6 seconds --- 
--- Estimator computed: mu_1 --- ET: 0.6 seconds --- 
--- Estimator computed: mu_0 --- ET: 0.6 seconds --- 
--- Estimator computed: de --- ET: 0.6 seconds --- 
--- Estimator computed: oe --- ET: 0.6 seconds --- 
--- Estimator computed: se_1 --- ET: 0.6 seconds --- 
--- Estimator computed: se_0 --- ET: 0.6 seconds --- 
--- Total run time: 150.4 seconds --- 
--- Total run time: 162.4 seconds --- ###################################################
### Job finished at Thu Jun  5 07:52:59 EDT 2025 ###
###################################################
