##############################################################
### Job started at Thu Jun  5 07:52:17 EDT 2025 with p=TypeB, m=100, r=100, s=43 ###
##############################################################

Attaching package: ‘dplyr’

The following objects are masked from ‘package:stats’:

    filter, lag

The following objects are masked from ‘package:base’:

    intersect, setdiff, setequal, union

Loading required package: foreach
Loading required package: iterators
Loading required package: parallel

 randomForestSRC 3.2.2 
 
 Type rfsrc.news() to see new features, changes, and bug fixes. 
 

[conflicted] Will prefer dplyr::select over any other package.
[conflicted] Will prefer dplyr::filter over any other package.
[conflicted] Will prefer reshape2::melt over any other package.
── Attaching core tidyverse packages ──────────────────────── tidyverse 2.0.0 ──
✔ forcats   1.0.0     ✔ readr     2.1.4
✔ ggplot2   3.5.2     ✔ stringr   1.5.1
✔ lubridate 1.9.3     ✔ tibble    3.2.1
✔ purrr     0.3.5     ✔ tidyr     1.2.1
# A tibble: 42 × 4
   theta   tau estimand   truth
   <dbl> <dbl> <chr>      <dbl>
 1  0.3    0.2 de       -0.290 
 2  0.3    0.2 mu        0.460 
 3  0.3    0.2 mu_0      0.547 
 4  0.3    0.2 mu_1      0.256 
 5  0.3    0.2 oe        0.0872
 6  0.3    0.2 se_0      0.0503
 7  0.3    0.2 se_1      0.0354
 8  0.45   0.2 de       -0.276 
 9  0.45   0.2 mu        0.372 
10  0.45   0.2 mu_0      0.496 
11  0.45   0.2 mu_1      0.221 
12  0.45   0.2 oe        0     
13  0.45   0.2 se_0      0     
14  0.45   0.2 se_1      0     
15  0.6    0.2 de       -0.268 
16  0.6    0.2 mu        0.309 
17  0.6    0.2 mu_0      0.470 
18  0.6    0.2 mu_1      0.202 
19  0.6    0.2 oe       -0.0636
20  0.6    0.2 se_0     -0.0268
21  0.6    0.2 se_1     -0.0193
22  0.3    0.4 de       -0.275 
23  0.3    0.4 mu        0.565 
24  0.3    0.4 mu_0      0.648 
25  0.3    0.4 mu_1      0.373 
26  0.3    0.4 oe        0.0901
27  0.3    0.4 se_0      0.0527
28  0.3    0.4 se_1      0.0443
29  0.45   0.4 de       -0.266 
30  0.45   0.4 mu        0.475 
31  0.45   0.4 mu_0      0.595 
32  0.45   0.4 mu_1      0.329 
33  0.45   0.4 oe        0     
34  0.45   0.4 se_0      0     
35  0.45   0.4 se_1      0     
36  0.6    0.4 de       -0.261 
37  0.6    0.4 mu        0.411 
38  0.6    0.4 mu_0      0.567 
39  0.6    0.4 mu_1      0.306 
40  0.6    0.4 oe       -0.0645
41  0.6    0.4 se_0     -0.0275
42  0.6    0.4 se_1     -0.0227
Loading required package: Matrix

Attaching package: ‘Matrix’

The following objects are masked from ‘package:tidyr’:

    expand, pack, unpack


==========================================================================
===========================   Analysis setting  ==========================
==========================================================================

- taus: 0.1, 0.2, 0.3, 0.4, 0.5 

- policy: TypeB 

- thetas: 0.3, 0.31, 0.32, 0.33, 0.34, 0.35, 0.36, 0.37, 0.38, 0.39, 0.4, 0.41, 0.42, 0.43, 0.44, 0.45, 0.46, 0.47, 0.48, 0.49, 0.5, 0.51, 0.52, 0.53, 0.54, 0.55, 0.56, 0.57, 0.58, 0.59, 0.6 

- r: 100 

- K: 2 

- Nuisance estimation method: T para / C para / A para 

- m: 100 

- N_total: 1207 

- cluster size dist'n: 
 5  6  7  8  9 10 11 12 13 14 15 16 17 18 19 20 
 9  6  4  7 11  8  5  3  4  5  7 10  7  3  8  3 

 - observed time summary: 
    Min.  1st Qu.   Median     Mean  3rd Qu.     Max. 
 0.00000  0.01495  0.19094  0.62282  0.76933 13.56993 

 - event indicator table: 
  0   1 
513 694 

 - event time summary: 
     Min.   1st Qu.    Median      Mean   3rd Qu.      Max. 
 0.000000  0.009781  0.150908  0.591583  0.645388 13.168662 

 - censoring time summary: 
    Min.  1st Qu.   Median     Mean  3rd Qu.     Max. 
 0.00000  0.03188  0.24950  0.66507  0.83954 13.56993 

 - treatment indicator table: 
  0   1 
662 545 

==========================================================================
===========================   Estimation start  ==========================
==========================================================================

--- Split:1 ---

   [*---------] 10% | ET: 3.9s 
   [**--------] 20% | ET: 9.2s 
   [***-------] 30% | ET: 14.4s 
   [****------] 40% | ET: 19.8s 
   [*****-----] 50% | ET: 24.8s 
   [******----] 60% | ET: 28.3s 
   [*******---] 70% | ET: 32.3s 
   [********--] 80% | ET: 36.1s 
   [*********-] 90% | ET: 40.6s 
   [**********] 100% | ET: 45.4s 

--- Split:2 ---

   [*---------] 10% | ET: 3.6s 
   [**--------] 20% | ET: 9.1s 
   [***-------] 30% | ET: 12.8s 
   [****------] 40% | ET: 17.1s 
   [*****-----] 50% | ET: 21.2s 
   [******----] 60% | ET: 25.7s 
   [*******---] 70% | ET: 30.2s 
   [********--] 80% | ET: 34.2s 
   [*********-] 90% | ET: 38.1s 
   [**********] 100% | ET: 43.7s 

--- IF for proposed nonparametric estimator computed --- ET: 93.2 seconds
--- Estimator computed: mu --- ET: 0.6 seconds --- 
--- Estimator computed: mu_1 --- ET: 0.6 seconds --- 
--- Estimator computed: mu_0 --- ET: 0.6 seconds --- 
--- Estimator computed: de --- ET: 0.4 seconds --- 
--- Estimator computed: oe --- ET: 0.6 seconds --- 
--- Estimator computed: se_1 --- ET: 0.6 seconds --- 
--- Estimator computed: se_0 --- ET: 0.4 seconds --- 
--- Total run time: 97.9 seconds --- 
--- Total run time: 109.3 seconds --- ###################################################
### Job finished at Thu Jun  5 07:54:07 EDT 2025 ###
###################################################
