##############################################################
### Job started at Thu Jun  5 07:51:16 EDT 2025 with p=TypeB, m=100, r=100, s=43 ###
##############################################################

Attaching package: ‘dplyr’

The following objects are masked from ‘package:stats’:

    filter, lag

The following objects are masked from ‘package:base’:

    intersect, setdiff, setequal, union

Loading required package: foreach
Loading required package: iterators
Loading required package: parallel

 randomForestSRC 3.2.2 
 
 Type rfsrc.news() to see new features, changes, and bug fixes. 
 

[conflicted] Will prefer dplyr::select over any other package.
[conflicted] Will prefer dplyr::filter over any other package.
[conflicted] Will prefer reshape2::melt over any other package.
── Attaching core tidyverse packages ──────────────────────── tidyverse 2.0.0 ──
✔ forcats   1.0.0     ✔ readr     2.1.4
✔ ggplot2   3.5.2     ✔ stringr   1.5.1
✔ lubridate 1.9.3     ✔ tibble    3.2.1
✔ purrr     0.3.5     ✔ tidyr     1.2.1
# A tibble: 42 × 4
   theta   tau estimand   truth
   <dbl> <dbl> <chr>      <dbl>
 1  0.3    0.2 de       -0.280 
 2  0.3    0.2 mu        0.444 
 3  0.3    0.2 mu_0      0.528 
 4  0.3    0.2 mu_1      0.248 
 5  0.3    0.2 oe        0.0722
 6  0.3    0.2 se_0      0.0351
 7  0.3    0.2 se_1      0.0241
 8  0.45   0.2 de       -0.270 
 9  0.45   0.2 mu        0.372 
10  0.45   0.2 mu_0      0.493 
11  0.45   0.2 mu_1      0.224 
12  0.45   0.2 oe        0     
13  0.45   0.2 se_0      0     
14  0.45   0.2 se_1      0     
15  0.6    0.2 de       -0.267 
16  0.6    0.2 mu        0.311 
17  0.6    0.2 mu_0      0.471 
18  0.6    0.2 mu_1      0.204 
19  0.6    0.2 oe       -0.0611
20  0.6    0.2 se_0     -0.0219
21  0.6    0.2 se_1     -0.0198
22  0.3    0.4 de       -0.266 
23  0.3    0.4 mu        0.550 
24  0.3    0.4 mu_0      0.630 
25  0.3    0.4 mu_1      0.363 
26  0.3    0.4 oe        0.0720
27  0.3    0.4 se_0      0.0349
28  0.3    0.4 se_1      0.0287
29  0.45   0.4 de       -0.260 
30  0.45   0.4 mu        0.478 
31  0.45   0.4 mu_0      0.595 
32  0.45   0.4 mu_1      0.335 
33  0.45   0.4 oe        0     
34  0.45   0.4 se_0      0     
35  0.45   0.4 se_1      0     
36  0.6    0.4 de       -0.262 
37  0.6    0.4 mu        0.415 
38  0.6    0.4 mu_0      0.573 
39  0.6    0.4 mu_1      0.310 
40  0.6    0.4 oe       -0.0625
41  0.6    0.4 se_0     -0.0221
42  0.6    0.4 se_1     -0.0245
Loading required package: Matrix

Attaching package: ‘Matrix’

The following objects are masked from ‘package:tidyr’:

    expand, pack, unpack


==========================================================================
===========================   Analysis setting  ==========================
==========================================================================

- taus: 0.1, 0.2, 0.3, 0.4, 0.5 

- policy: TypeB 

- thetas: 0.3, 0.31, 0.32, 0.33, 0.34, 0.35, 0.36, 0.37, 0.38, 0.39, 0.4, 0.41, 0.42, 0.43, 0.44, 0.45, 0.46, 0.47, 0.48, 0.49, 0.5, 0.51, 0.52, 0.53, 0.54, 0.55, 0.56, 0.57, 0.58, 0.59, 0.6 

- r: 100 

- K: 2 

- Nuisance estimation method: T para / C para / A para 

- m: 100 

- N_total: 1296 

- cluster size dist'n: 
 5  6  7  8  9 10 11 12 13 14 15 16 17 18 19 20 
 7  4  3  6  4 13  4  5  8  8  6  6  2  5  8 11 

 - observed time summary: 
   Min. 1st Qu.  Median    Mean 3rd Qu.    Max. 
0.00000 0.01055 0.17451 0.60847 0.74355 6.68310 

 - event indicator table: 
  0   1 
495 801 

 - event time summary: 
   Min. 1st Qu.  Median    Mean 3rd Qu.    Max. 
 0.0000  0.0043  0.1041  0.5377  0.6620  6.6589 

 - censoring time summary: 
   Min. 1st Qu.  Median    Mean 3rd Qu.    Max. 
0.00000 0.04656 0.28786 0.72302 0.96308 6.68310 

 - treatment indicator table: 
  0   1 
699 597 

==========================================================================
===========================   Estimation start  ==========================
==========================================================================

--- Split:1 ---

   [*---------] 10% | ET: 3.2s 
   [**--------] 20% | ET: 7.5s 
   [***-------] 30% | ET: 11s 
   [****------] 40% | ET: 15.6s 
   [*****-----] 50% | ET: 18.7s 
   [******----] 60% | ET: 21.9s 
   [*******---] 70% | ET: 25.4s 
   [********--] 80% | ET: 29.4s 
   [*********-] 90% | ET: 33.4s 
   [**********] 100% | ET: 39.4s 

--- Split:2 ---

   [*---------] 10% | ET: 3.2s 
   [**--------] 20% | ET: 7.3s 
   [***-------] 30% | ET: 10.7s 
   [****------] 40% | ET: 14.4s 
   [*****-----] 50% | ET: 18s 
   [******----] 60% | ET: 21.7s 
   [*******---] 70% | ET: 26.1s 
   [********--] 80% | ET: 29.7s 
   [*********-] 90% | ET: 33.1s 
   [**********] 100% | ET: 36.8s 

--- IF for proposed nonparametric estimator computed --- ET: 79.7 seconds
--- Estimator computed: mu --- ET: 0.7 seconds --- 
--- Estimator computed: mu_1 --- ET: 0.6 seconds --- 
--- Estimator computed: mu_0 --- ET: 0.6 seconds --- 
--- Estimator computed: de --- ET: 0.6 seconds --- 
--- Estimator computed: oe --- ET: 0.6 seconds --- 
--- Estimator computed: se_1 --- ET: 0.4 seconds --- 
--- Estimator computed: se_0 --- ET: 0.6 seconds --- 
--- Total run time: 84.8 seconds --- 
--- Total run time: 96.1 seconds --- ###################################################
### Job finished at Thu Jun  5 07:52:53 EDT 2025 ###
###################################################
