##############################################################
### Job started at Thu Jun  5 07:51:47 EDT 2025 with p=TypeB, m=100, r=100, s=43 ###
##############################################################

Attaching package: ‘dplyr’

The following objects are masked from ‘package:stats’:

    filter, lag

The following objects are masked from ‘package:base’:

    intersect, setdiff, setequal, union

Loading required package: foreach
Loading required package: iterators
Loading required package: parallel

 randomForestSRC 3.2.2 
 
 Type rfsrc.news() to see new features, changes, and bug fixes. 
 

[conflicted] Will prefer dplyr::select over any other package.
[conflicted] Will prefer dplyr::filter over any other package.
[conflicted] Will prefer reshape2::melt over any other package.
── Attaching core tidyverse packages ──────────────────────── tidyverse 2.0.0 ──
✔ forcats   1.0.0     ✔ readr     2.1.4
✔ ggplot2   3.5.2     ✔ stringr   1.5.1
✔ lubridate 1.9.3     ✔ tibble    3.2.1
✔ purrr     0.3.5     ✔ tidyr     1.2.1
# A tibble: 42 × 4
   theta   tau estimand   truth
   <dbl> <dbl> <chr>      <dbl>
 1  0.3    0.2 de       -0.284 
 2  0.3    0.2 mu        0.450 
 3  0.3    0.2 mu_0      0.535 
 4  0.3    0.2 mu_1      0.251 
 5  0.3    0.2 oe        0.0747
 6  0.3    0.2 se_0      0.0345
 7  0.3    0.2 se_1      0.0293
 8  0.45   0.2 de       -0.278 
 9  0.45   0.2 mu        0.375 
10  0.45   0.2 mu_0      0.500 
11  0.45   0.2 mu_1      0.222 
12  0.45   0.2 oe        0     
13  0.45   0.2 se_0      0     
14  0.45   0.2 se_1      0     
15  0.6    0.2 de       -0.266 
16  0.6    0.2 mu        0.303 
17  0.6    0.2 mu_0      0.462 
18  0.6    0.2 mu_1      0.196 
19  0.6    0.2 oe       -0.0721
20  0.6    0.2 se_0     -0.0376
21  0.6    0.2 se_1     -0.0255
22  0.3    0.4 de       -0.267 
23  0.3    0.4 mu        0.553 
24  0.3    0.4 mu_0      0.633 
25  0.3    0.4 mu_1      0.366 
26  0.3    0.4 oe        0.0751
27  0.3    0.4 se_0      0.0343
28  0.3    0.4 se_1      0.0361
29  0.45   0.4 de       -0.269 
30  0.45   0.4 mu        0.478 
31  0.45   0.4 mu_0      0.598 
32  0.45   0.4 mu_1      0.330 
33  0.45   0.4 oe        0     
34  0.45   0.4 se_0      0     
35  0.45   0.4 se_1      0     
36  0.6    0.4 de       -0.260 
37  0.6    0.4 mu        0.401 
38  0.6    0.4 mu_0      0.557 
39  0.6    0.4 mu_1      0.297 
40  0.6    0.4 oe       -0.0765
41  0.6    0.4 se_0     -0.0412
42  0.6    0.4 se_1     -0.0328
Loading required package: Matrix

Attaching package: ‘Matrix’

The following objects are masked from ‘package:tidyr’:

    expand, pack, unpack


==========================================================================
===========================   Analysis setting  ==========================
==========================================================================

- taus: 0.1, 0.2, 0.3, 0.4, 0.5 

- policy: TypeB 

- thetas: 0.3, 0.31, 0.32, 0.33, 0.34, 0.35, 0.36, 0.37, 0.38, 0.39, 0.4, 0.41, 0.42, 0.43, 0.44, 0.45, 0.46, 0.47, 0.48, 0.49, 0.5, 0.51, 0.52, 0.53, 0.54, 0.55, 0.56, 0.57, 0.58, 0.59, 0.6 

- r: 100 

- K: 2 

- Nuisance estimation method: T para / C para / A para 

- m: 100 

- N_total: 1198 

- cluster size dist'n: 
 5  6  7  8  9 10 11 12 13 14 15 16 17 18 19 20 
 6 11  7  8  6  6  3  5  4  9 10  7  3  2  5  8 

 - observed time summary: 
   Min. 1st Qu.  Median    Mean 3rd Qu.    Max. 
0.00000 0.02697 0.24246 0.68415 0.90199 8.59460 

 - event indicator table: 
  0   1 
449 749 

 - event time summary: 
   Min. 1st Qu.  Median    Mean 3rd Qu.    Max. 
0.00000 0.01956 0.21790 0.63455 0.85509 7.66034 

 - censoring time summary: 
   Min. 1st Qu.  Median    Mean 3rd Qu.    Max. 
0.00000 0.04421 0.31727 0.76690 0.99061 8.59460 

 - treatment indicator table: 
  0   1 
587 611 

==========================================================================
===========================   Estimation start  ==========================
==========================================================================

--- Split:1 ---

   [*---------] 10% | ET: 5.6s 
   [**--------] 20% | ET: 10.9s 
   [***-------] 30% | ET: 18.5s 
   [****------] 40% | ET: 22.6s 
   [*****-----] 50% | ET: 26.2s 
   [******----] 60% | ET: 30.3s 
   [*******---] 70% | ET: 34.3s 
   [********--] 80% | ET: 39.8s 
   [*********-] 90% | ET: 43.9s 
   [**********] 100% | ET: 47.4s 

--- Split:2 ---

   [*---------] 10% | ET: 3s 
   [**--------] 20% | ET: 6.4s 
   [***-------] 30% | ET: 9.5s 
   [****------] 40% | ET: 13.4s 
   [*****-----] 50% | ET: 18.1s 
   [******----] 60% | ET: 21.7s 
   [*******---] 70% | ET: 25.4s 
   [********--] 80% | ET: 28.9s 
   [*********-] 90% | ET: 32.6s 
   [**********] 100% | ET: 35.9s 

--- IF for proposed nonparametric estimator computed --- ET: 87.7 seconds
--- Estimator computed: mu --- ET: 0.6 seconds --- 
--- Estimator computed: mu_1 --- ET: 0.6 seconds --- 
--- Estimator computed: mu_0 --- ET: 0.6 seconds --- 
--- Estimator computed: de --- ET: 0.6 seconds --- 
--- Estimator computed: oe --- ET: 0.6 seconds --- 
--- Estimator computed: se_1 --- ET: 0.4 seconds --- 
--- Estimator computed: se_0 --- ET: 0.6 seconds --- 
--- Total run time: 92.6 seconds --- 
Warning message:
In checkConv(attr(opt, "derivs"), opt$par, ctrl = control$checkConv,  :
  Model failed to converge with max|grad| = 0.0036937 (tol = 0.002, component 1)
--- Total run time: 104.1 seconds --- ###################################################
### Job finished at Thu Jun  5 07:53:31 EDT 2025 ###
###################################################
