##############################################################
### Job started at Thu Jun  5 07:45:13 EDT 2025 with p=TypeB, m=100, r=100, s=43 ###
##############################################################

Attaching package: ‘dplyr’

The following objects are masked from ‘package:stats’:

    filter, lag

The following objects are masked from ‘package:base’:

    intersect, setdiff, setequal, union

Loading required package: foreach
Loading required package: iterators
Loading required package: parallel

 randomForestSRC 3.2.2 
 
 Type rfsrc.news() to see new features, changes, and bug fixes. 
 

[conflicted] Will prefer dplyr::select over any other package.
[conflicted] Will prefer dplyr::filter over any other package.
[conflicted] Will prefer reshape2::melt over any other package.
── Attaching core tidyverse packages ──────────────────────── tidyverse 2.0.0 ──
✔ forcats   1.0.0     ✔ readr     2.1.4
✔ ggplot2   3.5.2     ✔ stringr   1.5.1
✔ lubridate 1.9.3     ✔ tibble    3.2.1
✔ purrr     0.3.5     ✔ tidyr     1.2.1
# A tibble: 42 × 4
   theta   tau estimand   truth
   <dbl> <dbl> <chr>      <dbl>
 1  0.3    0.2 de       -0.293 
 2  0.3    0.2 mu        0.459 
 3  0.3    0.2 mu_0      0.547 
 4  0.3    0.2 mu_1      0.254 
 5  0.3    0.2 oe        0.0799
 6  0.3    0.2 se_0      0.0421
 7  0.3    0.2 se_1      0.0285
 8  0.45   0.2 de       -0.279 
 9  0.45   0.2 mu        0.379 
10  0.45   0.2 mu_0      0.505 
11  0.45   0.2 mu_1      0.225 
12  0.45   0.2 oe        0     
13  0.45   0.2 se_0      0     
14  0.45   0.2 se_1      0     
15  0.6    0.2 de       -0.275 
16  0.6    0.2 mu        0.312 
17  0.6    0.2 mu_0      0.478 
18  0.6    0.2 mu_1      0.202 
19  0.6    0.2 oe       -0.0665
20  0.6    0.2 se_0     -0.0270
21  0.6    0.2 se_1     -0.0230
22  0.3    0.4 de       -0.276 
23  0.3    0.4 mu        0.561 
24  0.3    0.4 mu_0      0.644 
25  0.3    0.4 mu_1      0.368 
26  0.3    0.4 oe        0.0805
27  0.3    0.4 se_0      0.0426
28  0.3    0.4 se_1      0.0346
29  0.45   0.4 de       -0.268 
30  0.45   0.4 mu        0.481 
31  0.45   0.4 mu_0      0.602 
32  0.45   0.4 mu_1      0.333 
33  0.45   0.4 oe        0     
34  0.45   0.4 se_0      0     
35  0.45   0.4 se_1      0     
36  0.6    0.4 de       -0.269 
37  0.6    0.4 mu        0.412 
38  0.6    0.4 mu_0      0.574 
39  0.6    0.4 mu_1      0.305 
40  0.6    0.4 oe       -0.0685
41  0.6    0.4 se_0     -0.0279
42  0.6    0.4 se_1     -0.0285
Loading required package: Matrix

Attaching package: ‘Matrix’

The following objects are masked from ‘package:tidyr’:

    expand, pack, unpack


==========================================================================
===========================   Analysis setting  ==========================
==========================================================================

- taus: 0.1, 0.2, 0.3, 0.4, 0.5 

- policy: TypeB 

- thetas: 0.3, 0.31, 0.32, 0.33, 0.34, 0.35, 0.36, 0.37, 0.38, 0.39, 0.4, 0.41, 0.42, 0.43, 0.44, 0.45, 0.46, 0.47, 0.48, 0.49, 0.5, 0.51, 0.52, 0.53, 0.54, 0.55, 0.56, 0.57, 0.58, 0.59, 0.6 

- r: 100 

- K: 2 

- Nuisance estimation method: T para / C para / A para 

- m: 100 

- N_total: 1252 

- cluster size dist'n: 
 5  6  7  8  9 10 11 12 13 14 15 16 17 18 19 20 
 2  6  7  7 10  3  7  9  9  6  4  6  7  7  6  4 

 - observed time summary: 
    Min.  1st Qu.   Median     Mean  3rd Qu.     Max. 
 0.00000  0.02984  0.22597  0.67499  0.84501 15.96859 

 - event indicator table: 
  0   1 
513 739 

 - event time summary: 
   Min. 1st Qu.  Median    Mean 3rd Qu.    Max. 
0.00000 0.01871 0.18613 0.60374 0.75615 8.24987 

 - censoring time summary: 
    Min.  1st Qu.   Median     Mean  3rd Qu.     Max. 
 0.00000  0.05183  0.29829  0.77763  1.01382 15.96859 

 - treatment indicator table: 
  0   1 
633 619 

==========================================================================
===========================   Estimation start  ==========================
==========================================================================

--- Split:1 ---

   [*---------] 10% | ET: 3.1s 
   [**--------] 20% | ET: 6.6s 
   [***-------] 30% | ET: 10.8s 
   [****------] 40% | ET: 14.5s 
   [*****-----] 50% | ET: 17.9s 
   [******----] 60% | ET: 21.2s 
   [*******---] 70% | ET: 24.5s 
   [********--] 80% | ET: 27.6s 
   [*********-] 90% | ET: 30.7s 
   [**********] 100% | ET: 33.9s 

--- Split:2 ---

   [*---------] 10% | ET: 3.3s 
   [**--------] 20% | ET: 7.3s 
   [***-------] 30% | ET: 10.4s 
   [****------] 40% | ET: 13.6s 
   [*****-----] 50% | ET: 16.6s 
   [******----] 60% | ET: 19.6s 
   [*******---] 70% | ET: 22.7s 
   [********--] 80% | ET: 26.2s 
   [*********-] 90% | ET: 30.1s 
   [**********] 100% | ET: 33.4s 

--- IF for proposed nonparametric estimator computed --- ET: 70.9 seconds
--- Estimator computed: mu --- ET: 0.6 seconds --- 
--- Estimator computed: mu_1 --- ET: 0.6 seconds --- 
--- Estimator computed: mu_0 --- ET: 0.6 seconds --- 
--- Estimator computed: de --- ET: 0.6 seconds --- 
--- Estimator computed: oe --- ET: 0.6 seconds --- 
--- Estimator computed: se_1 --- ET: 0.6 seconds --- 
--- Estimator computed: se_0 --- ET: 0.6 seconds --- 
--- Total run time: 76.2 seconds --- 
--- Total run time: 87.8 seconds --- ###################################################
### Job finished at Thu Jun  5 07:46:41 EDT 2025 ###
###################################################
