##############################################################
### Job started at Thu Jun  5 07:37:37 EDT 2025 with p=TypeB, m=100, r=100, s=43 ###
##############################################################

Attaching package: ‘dplyr’

The following objects are masked from ‘package:stats’:

    filter, lag

The following objects are masked from ‘package:base’:

    intersect, setdiff, setequal, union

Loading required package: foreach
Loading required package: iterators
Loading required package: parallel

 randomForestSRC 3.2.2 
 
 Type rfsrc.news() to see new features, changes, and bug fixes. 
 

[conflicted] Will prefer dplyr::select over any other package.
[conflicted] Will prefer dplyr::filter over any other package.
[conflicted] Will prefer reshape2::melt over any other package.
── Attaching core tidyverse packages ──────────────────────── tidyverse 2.0.0 ──
✔ forcats   1.0.0     ✔ readr     2.1.4
✔ ggplot2   3.5.2     ✔ stringr   1.5.1
✔ lubridate 1.9.3     ✔ tibble    3.2.1
✔ purrr     0.3.5     ✔ tidyr     1.2.1
# A tibble: 42 × 4
   theta   tau estimand   truth
   <dbl> <dbl> <chr>      <dbl>
 1  0.3    0.2 de       -0.293 
 2  0.3    0.2 mu        0.452 
 3  0.3    0.2 mu_0      0.540 
 4  0.3    0.2 mu_1      0.247 
 5  0.3    0.2 oe        0.0725
 6  0.3    0.2 se_0      0.0331
 7  0.3    0.2 se_1      0.0232
 8  0.45   0.2 de       -0.283 
 9  0.45   0.2 mu        0.379 
10  0.45   0.2 mu_0      0.506 
11  0.45   0.2 mu_1      0.224 
12  0.45   0.2 oe        0     
13  0.45   0.2 se_0      0     
14  0.45   0.2 se_1      0     
15  0.6    0.2 de       -0.273 
16  0.6    0.2 mu        0.312 
17  0.6    0.2 mu_0      0.476 
18  0.6    0.2 mu_1      0.203 
19  0.6    0.2 oe       -0.0670
20  0.6    0.2 se_0     -0.0302
21  0.6    0.2 se_1     -0.0209
22  0.3    0.4 de       -0.277 
23  0.3    0.4 mu        0.553 
24  0.3    0.4 mu_0      0.636 
25  0.3    0.4 mu_1      0.359 
26  0.3    0.4 oe        0.0708
27  0.3    0.4 se_0      0.0315
28  0.3    0.4 se_1      0.0265
29  0.45   0.4 de       -0.272 
30  0.45   0.4 mu        0.482 
31  0.45   0.4 mu_0      0.604 
32  0.45   0.4 mu_1      0.332 
33  0.45   0.4 oe        0     
34  0.45   0.4 se_0      0     
35  0.45   0.4 se_1      0     
36  0.6    0.4 de       -0.267 
37  0.6    0.4 mu        0.413 
38  0.6    0.4 mu_0      0.573 
39  0.6    0.4 mu_1      0.306 
40  0.6    0.4 oe       -0.0689
41  0.6    0.4 se_0     -0.0314
42  0.6    0.4 se_1     -0.0258
Loading required package: Matrix

Attaching package: ‘Matrix’

The following objects are masked from ‘package:tidyr’:

    expand, pack, unpack


==========================================================================
===========================   Analysis setting  ==========================
==========================================================================

- taus: 0.1, 0.2, 0.3, 0.4, 0.5 

- policy: TypeB 

- thetas: 0.3, 0.31, 0.32, 0.33, 0.34, 0.35, 0.36, 0.37, 0.38, 0.39, 0.4, 0.41, 0.42, 0.43, 0.44, 0.45, 0.46, 0.47, 0.48, 0.49, 0.5, 0.51, 0.52, 0.53, 0.54, 0.55, 0.56, 0.57, 0.58, 0.59, 0.6 

- r: 100 

- K: 2 

- Nuisance estimation method: T para / C para / A para 

- m: 100 

- N_total: 1279 

- cluster size dist'n: 
 5  6  7  8  9 10 11 12 13 14 15 16 17 18 19 20 
 5  4  5  8  5  3 10  6  8  5 11  7  8  4  5  6 

 - observed time summary: 
   Min. 1st Qu.  Median    Mean 3rd Qu.    Max. 
0.00000 0.02632 0.18741 0.61569 0.78809 9.39856 

 - event indicator table: 
  0   1 
516 763 

 - event time summary: 
   Min. 1st Qu.  Median    Mean 3rd Qu.    Max. 
0.00000 0.01861 0.14360 0.54743 0.69408 9.39856 

 - censoring time summary: 
   Min. 1st Qu.  Median    Mean 3rd Qu.    Max. 
0.00000 0.03827 0.26073 0.71663 0.89033 9.23564 

 - treatment indicator table: 
  0   1 
667 612 

==========================================================================
===========================   Estimation start  ==========================
==========================================================================

--- Split:1 ---

   [*---------] 10% | ET: 5s 
   [**--------] 20% | ET: 9.9s 
   [***-------] 30% | ET: 14.4s 
   [****------] 40% | ET: 21s 
   [*****-----] 50% | ET: 26.7s 
   [******----] 60% | ET: 31.5s 
   [*******---] 70% | ET: 38.1s 
   [********--] 80% | ET: 43.3s 
   [*********-] 90% | ET: 48.2s 
   [**********] 100% | ET: 54s 

--- Split:2 ---

   [*---------] 10% | ET: 5s 
   [**--------] 20% | ET: 10.7s 
   [***-------] 30% | ET: 17s 
   [****------] 40% | ET: 22.3s 
   [*****-----] 50% | ET: 27s 
   [******----] 60% | ET: 32.9s 
   [*******---] 70% | ET: 38.2s 
   [********--] 80% | ET: 44s 
   [*********-] 90% | ET: 49.6s 
   [**********] 100% | ET: 55s 

--- IF for proposed nonparametric estimator computed --- ET: 113.1 seconds
--- Estimator computed: mu --- ET: 0.8 seconds --- 
--- Estimator computed: mu_1 --- ET: 0.4 seconds --- 
--- Estimator computed: mu_0 --- ET: 0.8 seconds --- 
--- Estimator computed: de --- ET: 0.6 seconds --- 
--- Estimator computed: oe --- ET: 0.7 seconds --- 
--- Estimator computed: se_1 --- ET: 0.7 seconds --- 
--- Estimator computed: se_0 --- ET: 0.7 seconds --- 
--- Total run time: 118.9 seconds --- 
--- Total run time: 134.2 seconds --- ###################################################
### Job finished at Thu Jun  5 07:39:52 EDT 2025 ###
###################################################
