##############################################################
### Job started at Thu Jun  5 07:49:46 EDT 2025 with p=TypeB, m=100, r=100, s=43 ###
##############################################################

Attaching package: ‘dplyr’

The following objects are masked from ‘package:stats’:

    filter, lag

The following objects are masked from ‘package:base’:

    intersect, setdiff, setequal, union

Loading required package: foreach
Loading required package: iterators
Loading required package: parallel

 randomForestSRC 3.2.2 
 
 Type rfsrc.news() to see new features, changes, and bug fixes. 
 

[conflicted] Will prefer dplyr::select over any other package.
[conflicted] Will prefer dplyr::filter over any other package.
[conflicted] Will prefer reshape2::melt over any other package.
── Attaching core tidyverse packages ──────────────────────── tidyverse 2.0.0 ──
✔ forcats   1.0.0     ✔ readr     2.1.4
✔ ggplot2   3.5.2     ✔ stringr   1.5.1
✔ lubridate 1.9.3     ✔ tibble    3.2.1
✔ purrr     0.3.5     ✔ tidyr     1.2.1
# A tibble: 42 × 4
   theta   tau estimand   truth
   <dbl> <dbl> <chr>      <dbl>
 1  0.3    0.2 de       -0.281 
 2  0.3    0.2 mu        0.447 
 3  0.3    0.2 mu_0      0.531 
 4  0.3    0.2 mu_1      0.250 
 5  0.3    0.2 oe        0.0744
 6  0.3    0.2 se_0      0.0368
 7  0.3    0.2 se_1      0.0266
 8  0.45   0.2 de       -0.271 
 9  0.45   0.2 mu        0.373 
10  0.45   0.2 mu_0      0.495 
11  0.45   0.2 mu_1      0.224 
12  0.45   0.2 oe        0     
13  0.45   0.2 se_0      0     
14  0.45   0.2 se_1      0     
15  0.6    0.2 de       -0.265 
16  0.6    0.2 mu        0.307 
17  0.6    0.2 mu_0      0.466 
18  0.6    0.2 mu_1      0.202 
19  0.6    0.2 oe       -0.0653
20  0.6    0.2 se_0     -0.0286
21  0.6    0.2 se_1     -0.0221
22  0.3    0.4 de       -0.265 
23  0.3    0.4 mu        0.552 
24  0.3    0.4 mu_0      0.631 
25  0.3    0.4 mu_1      0.366 
26  0.3    0.4 oe        0.0739
27  0.3    0.4 se_0      0.0358
28  0.3    0.4 se_1      0.0320
29  0.45   0.4 de       -0.261 
30  0.45   0.4 mu        0.478 
31  0.45   0.4 mu_0      0.595 
32  0.45   0.4 mu_1      0.334 
33  0.45   0.4 oe        0     
34  0.45   0.4 se_0      0     
35  0.45   0.4 se_1      0     
36  0.6    0.4 de       -0.259 
37  0.6    0.4 mu        0.410 
38  0.6    0.4 mu_0      0.566 
39  0.6    0.4 mu_1      0.306 
40  0.6    0.4 oe       -0.0677
41  0.6    0.4 se_0     -0.0295
42  0.6    0.4 se_1     -0.0279
Loading required package: Matrix

Attaching package: ‘Matrix’

The following objects are masked from ‘package:tidyr’:

    expand, pack, unpack


==========================================================================
===========================   Analysis setting  ==========================
==========================================================================

- taus: 0.1, 0.2, 0.3, 0.4, 0.5 

- policy: TypeB 

- thetas: 0.3, 0.31, 0.32, 0.33, 0.34, 0.35, 0.36, 0.37, 0.38, 0.39, 0.4, 0.41, 0.42, 0.43, 0.44, 0.45, 0.46, 0.47, 0.48, 0.49, 0.5, 0.51, 0.52, 0.53, 0.54, 0.55, 0.56, 0.57, 0.58, 0.59, 0.6 

- r: 100 

- K: 2 

- Nuisance estimation method: T para / C para / A para 

- m: 100 

- N_total: 1305 

- cluster size dist'n: 
 5  6  7  8  9 10 11 12 13 14 15 16 17 18 19 20 
 6  4  7  4  6  5  4  8  6 10  6  5  7  7  7  8 

 - observed time summary: 
    Min.  1st Qu.   Median     Mean  3rd Qu.     Max. 
 0.00000  0.01759  0.17659  0.62790  0.72608 11.51556 

 - event indicator table: 
  0   1 
491 814 

 - event time summary: 
    Min.  1st Qu.   Median     Mean  3rd Qu.     Max. 
 0.00000  0.01125  0.11768  0.55141  0.61168 11.51556 

 - censoring time summary: 
    Min.  1st Qu.   Median     Mean  3rd Qu.     Max. 
 0.00000  0.03701  0.29386  0.75471  0.95466 10.17123 

 - treatment indicator table: 
  0   1 
697 608 

==========================================================================
===========================   Estimation start  ==========================
==========================================================================

--- Split:1 ---

   [*---------] 10% | ET: 3.6s 
   [**--------] 20% | ET: 8.1s 
   [***-------] 30% | ET: 13.8s 
   [****------] 40% | ET: 17.8s 
   [*****-----] 50% | ET: 21.3s 
   [******----] 60% | ET: 24.5s 
   [*******---] 70% | ET: 27.7s 
   [********--] 80% | ET: 30.9s 
   [*********-] 90% | ET: 33.9s 
   [**********] 100% | ET: 38.6s 

--- Split:2 ---

   [*---------] 10% | ET: 2.8s 
   [**--------] 20% | ET: 6.6s 
   [***-------] 30% | ET: 9.9s 
   [****------] 40% | ET: 13.6s 
   [*****-----] 50% | ET: 16.9s 
   [******----] 60% | ET: 20.2s 
   [*******---] 70% | ET: 23.7s 
   [********--] 80% | ET: 27.6s 
   [*********-] 90% | ET: 31.3s 
   [**********] 100% | ET: 35.1s 

--- IF for proposed nonparametric estimator computed --- ET: 76.4 seconds
--- Estimator computed: mu --- ET: 0.6 seconds --- 
--- Estimator computed: mu_1 --- ET: 0.6 seconds --- 
--- Estimator computed: mu_0 --- ET: 0.6 seconds --- 
--- Estimator computed: de --- ET: 0.6 seconds --- 
--- Estimator computed: oe --- ET: 0.6 seconds --- 
--- Estimator computed: se_1 --- ET: 0.6 seconds --- 
--- Estimator computed: se_0 --- ET: 0.6 seconds --- 
--- Total run time: 81.6 seconds --- 
--- Total run time: 93.5 seconds --- ###################################################
### Job finished at Thu Jun  5 07:51:20 EDT 2025 ###
###################################################
