##############################################################
### Job started at Thu Jun  5 07:48:45 EDT 2025 with p=TypeB, m=100, r=100, s=43 ###
##############################################################

Attaching package: ‘dplyr’

The following objects are masked from ‘package:stats’:

    filter, lag

The following objects are masked from ‘package:base’:

    intersect, setdiff, setequal, union

Loading required package: foreach
Loading required package: iterators
Loading required package: parallel

 randomForestSRC 3.2.2 
 
 Type rfsrc.news() to see new features, changes, and bug fixes. 
 

[conflicted] Will prefer dplyr::select over any other package.
[conflicted] Will prefer dplyr::filter over any other package.
[conflicted] Will prefer reshape2::melt over any other package.
── Attaching core tidyverse packages ──────────────────────── tidyverse 2.0.0 ──
✔ forcats   1.0.0     ✔ readr     2.1.4
✔ ggplot2   3.5.2     ✔ stringr   1.5.1
✔ lubridate 1.9.3     ✔ tibble    3.2.1
✔ purrr     0.3.5     ✔ tidyr     1.2.1
# A tibble: 42 × 4
   theta   tau estimand   truth
   <dbl> <dbl> <chr>      <dbl>
 1  0.3    0.2 de       -0.287 
 2  0.3    0.2 mu        0.456 
 3  0.3    0.2 mu_0      0.542 
 4  0.3    0.2 mu_1      0.255 
 5  0.3    0.2 oe        0.0767
 6  0.3    0.2 se_0      0.0380
 7  0.3    0.2 se_1      0.0285
 8  0.45   0.2 de       -0.277 
 9  0.45   0.2 mu        0.379 
10  0.45   0.2 mu_0      0.504 
11  0.45   0.2 mu_1      0.227 
12  0.45   0.2 oe        0     
13  0.45   0.2 se_0      0     
14  0.45   0.2 se_1      0     
15  0.6    0.2 de       -0.274 
16  0.6    0.2 mu        0.317 
17  0.6    0.2 mu_0      0.482 
18  0.6    0.2 mu_1      0.208 
19  0.6    0.2 oe       -0.0620
20  0.6    0.2 se_0     -0.0222
21  0.6    0.2 se_1     -0.0192
22  0.3    0.4 de       -0.271 
23  0.3    0.4 mu        0.562 
24  0.3    0.4 mu_0      0.643 
25  0.3    0.4 mu_1      0.372 
26  0.3    0.4 oe        0.0771
27  0.3    0.4 se_0      0.0382
28  0.3    0.4 se_1      0.0345
29  0.45   0.4 de       -0.267 
30  0.45   0.4 mu        0.485 
31  0.45   0.4 mu_0      0.605 
32  0.45   0.4 mu_1      0.338 
33  0.45   0.4 oe        0     
34  0.45   0.4 se_0      0     
35  0.45   0.4 se_1      0     
36  0.6    0.4 de       -0.268 
37  0.6    0.4 mu        0.422 
38  0.6    0.4 mu_0      0.583 
39  0.6    0.4 mu_1      0.314 
40  0.6    0.4 oe       -0.0629
41  0.6    0.4 se_0     -0.0221
42  0.6    0.4 se_1     -0.0234
Loading required package: Matrix

Attaching package: ‘Matrix’

The following objects are masked from ‘package:tidyr’:

    expand, pack, unpack


==========================================================================
===========================   Analysis setting  ==========================
==========================================================================

- taus: 0.1, 0.2, 0.3, 0.4, 0.5 

- policy: TypeB 

- thetas: 0.3, 0.31, 0.32, 0.33, 0.34, 0.35, 0.36, 0.37, 0.38, 0.39, 0.4, 0.41, 0.42, 0.43, 0.44, 0.45, 0.46, 0.47, 0.48, 0.49, 0.5, 0.51, 0.52, 0.53, 0.54, 0.55, 0.56, 0.57, 0.58, 0.59, 0.6 

- r: 100 

- K: 2 

- Nuisance estimation method: T para / C para / A para 

- m: 100 

- N_total: 1269 

- cluster size dist'n: 
 5  6  7  8  9 10 11 12 13 14 15 16 17 18 19 20 
 5  5  6  4  5  6 10  6 13  6  3  8  6  5  5  7 

 - observed time summary: 
    Min.  1st Qu.   Median     Mean  3rd Qu.     Max. 
 0.00000  0.01875  0.19173  0.63651  0.85524 14.10154 

 - event indicator table: 
  0   1 
505 764 

 - event time summary: 
    Min.  1st Qu.   Median     Mean  3rd Qu.     Max. 
0.000000 0.009669 0.144192 0.539258 0.720368 7.320488 

 - censoring time summary: 
    Min.  1st Qu.   Median     Mean  3rd Qu.     Max. 
 0.00000  0.03625  0.29837  0.78363  1.01446 14.10154 

 - treatment indicator table: 
  0   1 
646 623 

==========================================================================
===========================   Estimation start  ==========================
==========================================================================

--- Split:1 ---

   [*---------] 10% | ET: 5.9s 
   [**--------] 20% | ET: 12.5s 
   [***-------] 30% | ET: 18.8s 
   [****------] 40% | ET: 25.7s 
   [*****-----] 50% | ET: 32.6s 
   [******----] 60% | ET: 37.4s 
   [*******---] 70% | ET: 44.3s 
   [********--] 80% | ET: 50.9s 
   [*********-] 90% | ET: 57.2s 
   [**********] 100% | ET: 64.2s 

--- Split:2 ---

   [*---------] 10% | ET: 5.8s 
   [**--------] 20% | ET: 13.7s 
   [***-------] 30% | ET: 18.7s 
   [****------] 40% | ET: 26.1s 
   [*****-----] 50% | ET: 32.9s 
   [******----] 60% | ET: 40.4s 
   [*******---] 70% | ET: 48.3s 
   [********--] 80% | ET: 54.1s 
   [*********-] 90% | ET: 60.9s 
   [**********] 100% | ET: 67.4s 

--- IF for proposed nonparametric estimator computed --- ET: 136.8 seconds
--- Estimator computed: mu --- ET: 0.7 seconds --- 
--- Estimator computed: mu_1 --- ET: 0.7 seconds --- 
--- Estimator computed: mu_0 --- ET: 0.7 seconds --- 
--- Estimator computed: de --- ET: 0.7 seconds --- 
--- Estimator computed: oe --- ET: 0.7 seconds --- 
--- Estimator computed: se_1 --- ET: 0.7 seconds --- 
--- Estimator computed: se_0 --- ET: 0.7 seconds --- 
--- Total run time: 142.8 seconds --- 
--- Total run time: 159.7 seconds --- ###################################################
### Job finished at Thu Jun  5 07:51:25 EDT 2025 ###
###################################################
