##############################################################
### Job started at Thu Jun  5 07:48:15 EDT 2025 with p=TypeB, m=100, r=100, s=43 ###
##############################################################

Attaching package: ‘dplyr’

The following objects are masked from ‘package:stats’:

    filter, lag

The following objects are masked from ‘package:base’:

    intersect, setdiff, setequal, union

Loading required package: foreach
Loading required package: iterators
Loading required package: parallel

 randomForestSRC 3.2.2 
 
 Type rfsrc.news() to see new features, changes, and bug fixes. 
 

[conflicted] Will prefer dplyr::select over any other package.
[conflicted] Will prefer dplyr::filter over any other package.
[conflicted] Will prefer reshape2::melt over any other package.
── Attaching core tidyverse packages ──────────────────────── tidyverse 2.0.0 ──
✔ forcats   1.0.0     ✔ readr     2.1.4
✔ ggplot2   3.5.2     ✔ stringr   1.5.1
✔ lubridate 1.9.3     ✔ tibble    3.2.1
✔ purrr     0.3.5     ✔ tidyr     1.2.1
# A tibble: 42 × 4
   theta   tau estimand   truth
   <dbl> <dbl> <chr>      <dbl>
 1  0.3    0.2 de       -0.285 
 2  0.3    0.2 mu        0.447 
 3  0.3    0.2 mu_0      0.532 
 4  0.3    0.2 mu_1      0.247 
 5  0.3    0.2 oe        0.0787
 6  0.3    0.2 se_0      0.0433
 7  0.3    0.2 se_1      0.0269
 8  0.45   0.2 de       -0.269 
 9  0.45   0.2 mu        0.368 
10  0.45   0.2 mu_0      0.489 
11  0.45   0.2 mu_1      0.220 
12  0.45   0.2 oe        0     
13  0.45   0.2 se_0      0     
14  0.45   0.2 se_1      0     
15  0.6    0.2 de       -0.265 
16  0.6    0.2 mu        0.310 
17  0.6    0.2 mu_0      0.469 
18  0.6    0.2 mu_1      0.205 
19  0.6    0.2 oe       -0.0574
20  0.6    0.2 se_0     -0.0196
21  0.6    0.2 se_1     -0.0155
22  0.3    0.4 de       -0.269 
23  0.3    0.4 mu        0.547 
24  0.3    0.4 mu_0      0.628 
25  0.3    0.4 mu_1      0.359 
26  0.3    0.4 oe        0.0787
27  0.3    0.4 se_0      0.0436
28  0.3    0.4 se_1      0.0320
29  0.45   0.4 de       -0.257 
30  0.45   0.4 mu        0.469 
31  0.45   0.4 mu_0      0.584 
32  0.45   0.4 mu_1      0.327 
33  0.45   0.4 oe        0     
34  0.45   0.4 se_0      0     
35  0.45   0.4 se_1      0     
36  0.6    0.4 de       -0.256 
37  0.6    0.4 mu        0.412 
38  0.6    0.4 mu_0      0.566 
39  0.6    0.4 mu_1      0.310 
40  0.6    0.4 oe       -0.0562
41  0.6    0.4 se_0     -0.0181
42  0.6    0.4 se_1     -0.0172
Loading required package: Matrix

Attaching package: ‘Matrix’

The following objects are masked from ‘package:tidyr’:

    expand, pack, unpack


==========================================================================
===========================   Analysis setting  ==========================
==========================================================================

- taus: 0.1, 0.2, 0.3, 0.4, 0.5 

- policy: TypeB 

- thetas: 0.3, 0.31, 0.32, 0.33, 0.34, 0.35, 0.36, 0.37, 0.38, 0.39, 0.4, 0.41, 0.42, 0.43, 0.44, 0.45, 0.46, 0.47, 0.48, 0.49, 0.5, 0.51, 0.52, 0.53, 0.54, 0.55, 0.56, 0.57, 0.58, 0.59, 0.6 

- r: 100 

- K: 2 

- Nuisance estimation method: T para / C para / A para 

- m: 100 

- N_total: 1212 

- cluster size dist'n: 
 5  6  7  8  9 10 11 12 13 14 15 16 17 18 19 20 
 6  6 11  5  5  8  6  7  7  2  9  6  7  7  1  7 

 - observed time summary: 
   Min. 1st Qu.  Median    Mean 3rd Qu.    Max. 
0.00000 0.02407 0.22120 0.63758 0.81378 6.97328 

 - event indicator table: 
  0   1 
499 713 

 - event time summary: 
   Min. 1st Qu.  Median    Mean 3rd Qu.    Max. 
0.00000 0.01254 0.17302 0.54488 0.71550 6.97328 

 - censoring time summary: 
   Min. 1st Qu.  Median    Mean 3rd Qu.    Max. 
 0.0000  0.0540  0.3083  0.7700  0.9438  6.9359 

 - treatment indicator table: 
  0   1 
617 595 

==========================================================================
===========================   Estimation start  ==========================
==========================================================================

--- Split:1 ---

   [*---------] 10% | ET: 6s 
   [**--------] 20% | ET: 10.9s 
   [***-------] 30% | ET: 15.8s 
   [****------] 40% | ET: 22.8s 
   [*****-----] 50% | ET: 27.3s 
   [******----] 60% | ET: 31s 
   [*******---] 70% | ET: 34.7s 
   [********--] 80% | ET: 38.9s 
   [*********-] 90% | ET: 43.4s 
   [**********] 100% | ET: 48.3s 

--- Split:2 ---

   [*---------] 10% | ET: 4.8s 
   [**--------] 20% | ET: 8.2s 
   [***-------] 30% | ET: 11.3s 
   [****------] 40% | ET: 15.6s 
   [*****-----] 50% | ET: 20.7s 
   [******----] 60% | ET: 25.2s 
   [*******---] 70% | ET: 29s 
   [********--] 80% | ET: 33.5s 
   [*********-] 90% | ET: 36.8s 
   [**********] 100% | ET: 42.7s 

--- IF for proposed nonparametric estimator computed --- ET: 95.3 seconds
--- Estimator computed: mu --- ET: 0.6 seconds --- 
--- Estimator computed: mu_1 --- ET: 0.6 seconds --- 
--- Estimator computed: mu_0 --- ET: 0.6 seconds --- 
--- Estimator computed: de --- ET: 0.6 seconds --- 
--- Estimator computed: oe --- ET: 0.6 seconds --- 
--- Estimator computed: se_1 --- ET: 0.4 seconds --- 
--- Estimator computed: se_0 --- ET: 0.6 seconds --- 
--- Total run time: 100.2 seconds --- 
--- Total run time: 112.3 seconds --- ###################################################
### Job finished at Thu Jun  5 07:50:07 EDT 2025 ###
###################################################
