##############################################################
### Job started at Thu Jun  5 07:41:09 EDT 2025 with p=TypeB, m=100, r=100, s=43 ###
##############################################################

Attaching package: ‘dplyr’

The following objects are masked from ‘package:stats’:

    filter, lag

The following objects are masked from ‘package:base’:

    intersect, setdiff, setequal, union

Loading required package: foreach
Loading required package: iterators
Loading required package: parallel

 randomForestSRC 3.2.2 
 
 Type rfsrc.news() to see new features, changes, and bug fixes. 
 

[conflicted] Will prefer dplyr::select over any other package.
[conflicted] Will prefer dplyr::filter over any other package.
[conflicted] Will prefer reshape2::melt over any other package.
── Attaching core tidyverse packages ──────────────────────── tidyverse 2.0.0 ──
✔ forcats   1.0.0     ✔ readr     2.1.4
✔ ggplot2   3.5.2     ✔ stringr   1.5.1
✔ lubridate 1.9.3     ✔ tibble    3.2.1
✔ purrr     0.3.5     ✔ tidyr     1.2.1
# A tibble: 42 × 4
   theta   tau estimand   truth
   <dbl> <dbl> <chr>      <dbl>
 1  0.3    0.2 de       -0.286 
 2  0.3    0.2 mu        0.443 
 3  0.3    0.2 mu_0      0.529 
 4  0.3    0.2 mu_1      0.243 
 5  0.3    0.2 oe        0.0758
 6  0.3    0.2 se_0      0.0391
 7  0.3    0.2 se_1      0.0254
 8  0.45   0.2 de       -0.272 
 9  0.45   0.2 mu        0.367 
10  0.45   0.2 mu_0      0.490 
11  0.45   0.2 mu_1      0.218 
12  0.45   0.2 oe        0     
13  0.45   0.2 se_0      0     
14  0.45   0.2 se_1      0     
15  0.6    0.2 de       -0.265 
16  0.6    0.2 mu        0.311 
17  0.6    0.2 mu_0      0.470 
18  0.6    0.2 mu_1      0.205 
19  0.6    0.2 oe       -0.0562
20  0.6    0.2 se_0     -0.0200
21  0.6    0.2 se_1     -0.0123
22  0.3    0.4 de       -0.272 
23  0.3    0.4 mu        0.545 
24  0.3    0.4 mu_0      0.626 
25  0.3    0.4 mu_1      0.354 
26  0.3    0.4 oe        0.0757
27  0.3    0.4 se_0      0.0390
28  0.3    0.4 se_1      0.0297
29  0.45   0.4 de       -0.263 
30  0.45   0.4 mu        0.469 
31  0.45   0.4 mu_0      0.587 
32  0.45   0.4 mu_1      0.324 
33  0.45   0.4 oe        0     
34  0.45   0.4 se_0      0     
35  0.45   0.4 se_1      0     
36  0.6    0.4 de       -0.257 
37  0.6    0.4 mu        0.415 
38  0.6    0.4 mu_0      0.569 
39  0.6    0.4 mu_1      0.312 
40  0.6    0.4 oe       -0.0544
41  0.6    0.4 se_0     -0.0185
42  0.6    0.4 se_1     -0.0125
Loading required package: Matrix

Attaching package: ‘Matrix’

The following objects are masked from ‘package:tidyr’:

    expand, pack, unpack


==========================================================================
===========================   Analysis setting  ==========================
==========================================================================

- taus: 0.1, 0.2, 0.3, 0.4, 0.5 

- policy: TypeB 

- thetas: 0.3, 0.31, 0.32, 0.33, 0.34, 0.35, 0.36, 0.37, 0.38, 0.39, 0.4, 0.41, 0.42, 0.43, 0.44, 0.45, 0.46, 0.47, 0.48, 0.49, 0.5, 0.51, 0.52, 0.53, 0.54, 0.55, 0.56, 0.57, 0.58, 0.59, 0.6 

- r: 100 

- K: 2 

- Nuisance estimation method: T para / C para / A para 

- m: 100 

- N_total: 1295 

- cluster size dist'n: 
 5  6  7  8  9 10 11 12 13 14 15 16 17 18 19 20 
 5  4  7  7  5  5  6 11  2  5 10  7  5  3  9  9 

 - observed time summary: 
   Min. 1st Qu.  Median    Mean 3rd Qu.    Max. 
0.00000 0.01684 0.19344 0.60050 0.74725 6.50485 

 - event indicator table: 
  0   1 
516 779 

 - event time summary: 
   Min. 1st Qu.  Median    Mean 3rd Qu.    Max. 
0.00000 0.01022 0.14208 0.50596 0.57686 6.47024 

 - censoring time summary: 
   Min. 1st Qu.  Median    Mean 3rd Qu.    Max. 
0.00000 0.03361 0.32054 0.74322 0.96389 6.50485 

 - treatment indicator table: 
  0   1 
688 607 

==========================================================================
===========================   Estimation start  ==========================
==========================================================================

--- Split:1 ---

   [*---------] 10% | ET: 4s 
   [**--------] 20% | ET: 8.5s 
   [***-------] 30% | ET: 14.2s 
   [****------] 40% | ET: 17.9s 
   [*****-----] 50% | ET: 22.2s 
   [******----] 60% | ET: 26.1s 
   [*******---] 70% | ET: 29.9s 
   [********--] 80% | ET: 34.3s 
   [*********-] 90% | ET: 41.5s 
   [**********] 100% | ET: 45.3s 

--- Split:2 ---

   [*---------] 10% | ET: 3.4s 
   [**--------] 20% | ET: 7.6s 
   [***-------] 30% | ET: 11.8s 
   [****------] 40% | ET: 15.9s 
   [*****-----] 50% | ET: 20.2s 
   [******----] 60% | ET: 23.9s 
   [*******---] 70% | ET: 28.3s 
   [********--] 80% | ET: 32.3s 
   [*********-] 90% | ET: 36.1s 
   [**********] 100% | ET: 40.6s 

--- IF for proposed nonparametric estimator computed --- ET: 90.1 seconds
--- Estimator computed: mu --- ET: 0.6 seconds --- 
--- Estimator computed: mu_1 --- ET: 0.6 seconds --- 
--- Estimator computed: mu_0 --- ET: 0.6 seconds --- 
--- Estimator computed: de --- ET: 0.8 seconds --- 
--- Estimator computed: oe --- ET: 0.4 seconds --- 
--- Estimator computed: se_1 --- ET: 0.6 seconds --- 
--- Estimator computed: se_0 --- ET: 0.4 seconds --- 
--- Total run time: 95 seconds --- 
--- Total run time: 106.7 seconds --- ###################################################
### Job finished at Thu Jun  5 07:42:57 EDT 2025 ###
###################################################
