##############################################################
### Job started at Thu Jun  5 07:36:06 EDT 2025 with p=TypeB, m=100, r=100, s=43 ###
##############################################################

Attaching package: ‘dplyr’

The following objects are masked from ‘package:stats’:

    filter, lag

The following objects are masked from ‘package:base’:

    intersect, setdiff, setequal, union

Loading required package: foreach
Loading required package: iterators
Loading required package: parallel

 randomForestSRC 3.2.2 
 
 Type rfsrc.news() to see new features, changes, and bug fixes. 
 

[conflicted] Will prefer dplyr::select over any other package.
[conflicted] Will prefer dplyr::filter over any other package.
[conflicted] Will prefer reshape2::melt over any other package.
── Attaching core tidyverse packages ──────────────────────── tidyverse 2.0.0 ──
✔ forcats   1.0.0     ✔ readr     2.1.4
✔ ggplot2   3.5.2     ✔ stringr   1.5.1
✔ lubridate 1.9.3     ✔ tibble    3.2.1
✔ purrr     0.3.5     ✔ tidyr     1.2.1
# A tibble: 42 × 4
   theta   tau estimand   truth
   <dbl> <dbl> <chr>      <dbl>
 1  0.3    0.2 de       -0.281 
 2  0.3    0.2 mu        0.439 
 3  0.3    0.2 mu_0      0.524 
 4  0.3    0.2 mu_1      0.243 
 5  0.3    0.2 oe        0.0747
 6  0.3    0.2 se_0      0.0387
 7  0.3    0.2 se_1      0.0249
 8  0.45   0.2 de       -0.267 
 9  0.45   0.2 mu        0.365 
10  0.45   0.2 mu_0      0.485 
11  0.45   0.2 mu_1      0.218 
12  0.45   0.2 oe        0     
13  0.45   0.2 se_0      0     
14  0.45   0.2 se_1      0     
15  0.6    0.2 de       -0.265 
16  0.6    0.2 mu        0.309 
17  0.6    0.2 mu_0      0.468 
18  0.6    0.2 mu_1      0.203 
19  0.6    0.2 oe       -0.0559
20  0.6    0.2 se_0     -0.0173
21  0.6    0.2 se_1     -0.0148
22  0.3    0.4 de       -0.268 
23  0.3    0.4 mu        0.543 
24  0.3    0.4 mu_0      0.623 
25  0.3    0.4 mu_1      0.355 
26  0.3    0.4 oe        0.0747
27  0.3    0.4 se_0      0.0387
28  0.3    0.4 se_1      0.0294
29  0.45   0.4 de       -0.259 
30  0.45   0.4 mu        0.468 
31  0.45   0.4 mu_0      0.585 
32  0.45   0.4 mu_1      0.326 
33  0.45   0.4 oe        0     
34  0.45   0.4 se_0      0     
35  0.45   0.4 se_1      0     
36  0.6    0.4 de       -0.260 
37  0.6    0.4 mu        0.413 
38  0.6    0.4 mu_0      0.569 
39  0.6    0.4 mu_1      0.309 
40  0.6    0.4 oe       -0.0553
41  0.6    0.4 se_0     -0.0159
42  0.6    0.4 se_1     -0.0169
Loading required package: Matrix

Attaching package: ‘Matrix’

The following objects are masked from ‘package:tidyr’:

    expand, pack, unpack


==========================================================================
===========================   Analysis setting  ==========================
==========================================================================

- taus: 0.1, 0.2, 0.3, 0.4, 0.5 

- policy: TypeB 

- thetas: 0.3, 0.31, 0.32, 0.33, 0.34, 0.35, 0.36, 0.37, 0.38, 0.39, 0.4, 0.41, 0.42, 0.43, 0.44, 0.45, 0.46, 0.47, 0.48, 0.49, 0.5, 0.51, 0.52, 0.53, 0.54, 0.55, 0.56, 0.57, 0.58, 0.59, 0.6 

- r: 100 

- K: 2 

- Nuisance estimation method: T para / C para / A para 

- m: 100 

- N_total: 1296 

- cluster size dist'n: 
 5  6  7  8  9 10 11 12 13 14 15 16 17 18 19 20 
 6  3  6  5  4 10  6  9  3  6  7  7  8  6  8  6 

 - observed time summary: 
   Min. 1st Qu.  Median    Mean 3rd Qu.    Max. 
0.00000 0.02798 0.19704 0.61986 0.80730 8.61852 

 - event indicator table: 
  0   1 
547 749 

 - event time summary: 
   Min. 1st Qu.  Median    Mean 3rd Qu.    Max. 
0.00000 0.01757 0.15386 0.55303 0.64682 8.61852 

 - censoring time summary: 
   Min. 1st Qu.  Median    Mean 3rd Qu.    Max. 
0.00000 0.03882 0.30590 0.71137 0.96763 6.51506 

 - treatment indicator table: 
  0   1 
661 635 

==========================================================================
===========================   Estimation start  ==========================
==========================================================================

--- Split:1 ---

   [*---------] 10% | ET: 6s 
   [**--------] 20% | ET: 14.4s 
   [***-------] 30% | ET: 22.6s 
   [****------] 40% | ET: 30.7s 
   [*****-----] 50% | ET: 37.5s 
   [******----] 60% | ET: 44.6s 
   [*******---] 70% | ET: 52.4s 
   [********--] 80% | ET: 59.1s 
   [*********-] 90% | ET: 66.5s 
   [**********] 100% | ET: 75.2s 

--- Split:2 ---

   [*---------] 10% | ET: 5.9s 
   [**--------] 20% | ET: 12s 
   [***-------] 30% | ET: 18.9s 
   [****------] 40% | ET: 24.1s 
   [*****-----] 50% | ET: 29.4s 
   [******----] 60% | ET: 34.6s 
   [*******---] 70% | ET: 41.1s 
   [********--] 80% | ET: 46.2s 
   [*********-] 90% | ET: 50.9s 
   [**********] 100% | ET: 55.9s 

--- IF for proposed nonparametric estimator computed --- ET: 136.8 seconds
--- Estimator computed: mu --- ET: 0.9 seconds --- 
--- Estimator computed: mu_1 --- ET: 0.6 seconds --- 
--- Estimator computed: mu_0 --- ET: 0.7 seconds --- 
--- Estimator computed: de --- ET: 0.6 seconds --- 
--- Estimator computed: oe --- ET: 0.8 seconds --- 
--- Estimator computed: se_1 --- ET: 0.5 seconds --- 
--- Estimator computed: se_0 --- ET: 0.7 seconds --- 
--- Total run time: 142.8 seconds --- 
--- Total run time: 160.7 seconds --- ###################################################
### Job finished at Thu Jun  5 07:38:47 EDT 2025 ###
###################################################
