Loading required package: stats4

Attaching package: ‘sn’

The following object is masked from ‘package:stats’:

    sd

Loading required package: survival
Loading required package: Matrix

Attaching package: ‘dplyr’

The following objects are masked from ‘package:plyr’:

    arrange, count, desc, failwith, id, mutate, rename, summarise,
    summarize

The following objects are masked from ‘package:stats’:

    filter, lag

The following objects are masked from ‘package:base’:

    intersect, setdiff, setequal, union


Attaching package: ‘geex’

The following object is masked from ‘package:lme4’:

    show

The following object is masked from ‘package:Matrix’:

    show

The following object is masked from ‘package:sn’:

    show

The following object is masked from ‘package:stats4’:

    show

The following object is masked from ‘package:methods’:

    show

── Attaching core tidyverse packages ──────────────────────── tidyverse 2.0.0 ──
✔ forcats   1.0.0     ✔ readr     2.1.4
✔ ggplot2   3.4.4     ✔ stringr   1.5.1
✔ lubridate 1.9.3     ✔ tibble    3.2.1
✔ purrr     0.3.5     ✔ tidyr     1.2.1
── Conflicts ────────────────────────────────────────── tidyverse_conflicts() ──
✖ dplyr::arrange()   masks plyr::arrange()
✖ purrr::compact()   masks plyr::compact()
✖ dplyr::count()     masks plyr::count()
✖ dplyr::desc()      masks plyr::desc()
✖ lubridate::dst()   masks sn::dst()
✖ tidyr::expand()    masks Matrix::expand()
✖ dplyr::failwith()  masks plyr::failwith()
✖ dplyr::filter()    masks stats::filter()
✖ dplyr::id()        masks plyr::id()
✖ dplyr::lag()       masks stats::lag()
✖ dplyr::mutate()    masks plyr::mutate()
✖ tidyr::pack()      masks Matrix::pack()
✖ dplyr::rename()    masks plyr::rename()
✖ lubridate::show()  masks geex::show(), lme4::show(), Matrix::show(), sn::show(), stats4::show(), methods::show()
✖ dplyr::summarise() masks plyr::summarise()
✖ dplyr::summarize() masks plyr::summarize()
✖ tidyr::unpack()    masks Matrix::unpack()
ℹ Use the conflicted package (<http://conflicted.r-lib.org/>) to force all conflicts to become errors
[1] "[Analysis setting]"
[1] "taus: 0.3"
[1] "thetas: 0.1, 0.2, 0.3, 0.4, 0.5, 0.6, 0.7, 0.8, 0.9"
[1] "m: 200"
[1] "N_total: 2563"
[1] "cluster size dist'n: "

 5  6  7  8  9 10 11 12 13 14 15 16 17 18 19 20 
10  5 12 14 11 12 21  9 17 13 12 19  9  9 13 14 
[1] "observed time summary: "
   Min. 1st Qu.  Median    Mean 3rd Qu.    Max. 
0.00000 0.04837 0.39215 0.65651 1.00000 6.00000 
[1] "event indicator table: "

   0    1 
1523 1040 
[1] "treatment indicator table: "

   0    1 
 859 1704 
[1] "C model fitted"
[1] "A model fitted"
[1] "Estimates computed"
[1] "SEs computed"
      mu-hat0    mu-hat1       ASE0       ASE1
0.1 0.4922628 0.37811280 0.18165580 0.21234338
0.2 0.5369914 0.28522608 0.10481854 0.11942900
0.3 0.4563583 0.17821308 0.06539520 0.04431337
0.4 0.3723867 0.14529049 0.03652005 0.02112593
0.5 0.3459356 0.13938210 0.02918713 0.01675595
0.6 0.3524949 0.13216863 0.02561839 0.01355322
0.7 0.3632518 0.12253661 0.02628246 0.01427237
0.8 0.3647955 0.10591306 0.03201277 0.01363020
0.9 0.3704727 0.07589385 0.05574349 0.01032670
Warning messages:
1: In parfm(Surv(X_ij, 1 - Delta_ij) ~ L1_ij + L2_ij + L3_ij + L4_ij +  :
  optimisation procedure did not converge,
              conv = : see ?optimx for details
2: In checkConv(attr(opt, "derivs"), opt$par, ctrl = control$checkConv,  :
  Model failed to converge with max|grad| = 0.00984764 (tol = 0.002, component 1)
[1] "Total run time was 5631.88 seconds"
