Loading required package: stats4

Attaching package: ‘sn’

The following object is masked from ‘package:stats’:

    sd

Loading required package: survival
Loading required package: Matrix

Attaching package: ‘dplyr’

The following objects are masked from ‘package:plyr’:

    arrange, count, desc, failwith, id, mutate, rename, summarise,
    summarize

The following objects are masked from ‘package:stats’:

    filter, lag

The following objects are masked from ‘package:base’:

    intersect, setdiff, setequal, union


Attaching package: ‘geex’

The following object is masked from ‘package:lme4’:

    show

The following object is masked from ‘package:Matrix’:

    show

The following object is masked from ‘package:sn’:

    show

The following object is masked from ‘package:stats4’:

    show

The following object is masked from ‘package:methods’:

    show

── Attaching core tidyverse packages ──────────────────────── tidyverse 2.0.0 ──
✔ forcats   1.0.0     ✔ readr     2.1.4
✔ ggplot2   3.4.4     ✔ stringr   1.5.1
✔ lubridate 1.9.3     ✔ tibble    3.2.1
✔ purrr     0.3.5     ✔ tidyr     1.2.1
── Conflicts ────────────────────────────────────────── tidyverse_conflicts() ──
✖ dplyr::arrange()   masks plyr::arrange()
✖ purrr::compact()   masks plyr::compact()
✖ dplyr::count()     masks plyr::count()
✖ dplyr::desc()      masks plyr::desc()
✖ lubridate::dst()   masks sn::dst()
✖ tidyr::expand()    masks Matrix::expand()
✖ dplyr::failwith()  masks plyr::failwith()
✖ dplyr::filter()    masks stats::filter()
✖ dplyr::id()        masks plyr::id()
✖ dplyr::lag()       masks stats::lag()
✖ dplyr::mutate()    masks plyr::mutate()
✖ tidyr::pack()      masks Matrix::pack()
✖ dplyr::rename()    masks plyr::rename()
✖ lubridate::show()  masks geex::show(), lme4::show(), Matrix::show(), sn::show(), stats4::show(), methods::show()
✖ dplyr::summarise() masks plyr::summarise()
✖ dplyr::summarize() masks plyr::summarize()
✖ tidyr::unpack()    masks Matrix::unpack()
ℹ Use the conflicted package (<http://conflicted.r-lib.org/>) to force all conflicts to become errors
[1] "[Analysis setting]"
[1] "taus: 0.3"
[1] "thetas: 0.1, 0.2, 0.3, 0.4, 0.5, 0.6, 0.7, 0.8, 0.9"
[1] "m: 200"
[1] "N_total: 2456"
[1] "cluster size dist'n: "

 5  6  7  8  9 10 11 12 13 14 15 16 17 18 19 20 
12 14 17 14  7 15 13 12 14 12 15 11  7  9 11 17 
[1] "observed time summary: "
   Min. 1st Qu.  Median    Mean 3rd Qu.    Max. 
0.00000 0.04155 0.36246 0.59661 1.00000 5.00000 
[1] "event indicator table: "

   0    1 
1432 1024 
[1] "treatment indicator table: "

   0    1 
 955 1501 
[1] "C model fitted"
[1] "A model fitted"
[1] "Estimates computed"
[1] "SEs computed"
      mu-hat0    mu-hat1       ASE0       ASE1
0.1 0.4265727 0.05749957 0.24330483 0.02885782
0.2 0.3973428 0.10399192 0.10034358 0.02732387
0.3 0.3941260 0.13596256 0.03394069 0.02450858
0.4 0.4171604 0.15581938 0.03199089 0.02308171
0.5 0.4324338 0.15522152 0.02758145 0.02014740
0.6 0.4206763 0.13302633 0.02523625 0.01486932
0.7 0.3861648 0.10948648 0.02616837 0.01091771
0.8 0.3779638 0.10265274 0.03770800 0.01151837
0.9 0.4303327 0.11217082 0.07789098 0.02008687
Warning message:
In checkConv(attr(opt, "derivs"), opt$par, ctrl = control$checkConv,  :
  Model failed to converge with max|grad| = 0.0112228 (tol = 0.002, component 1)
[1] "Total run time was 4997.826 seconds"
