Loading required package: stats4

Attaching package: ‘sn’

The following object is masked from ‘package:stats’:

    sd

Loading required package: survival
Loading required package: Matrix

Attaching package: ‘dplyr’

The following objects are masked from ‘package:plyr’:

    arrange, count, desc, failwith, id, mutate, rename, summarise,
    summarize

The following objects are masked from ‘package:stats’:

    filter, lag

The following objects are masked from ‘package:base’:

    intersect, setdiff, setequal, union


Attaching package: ‘geex’

The following object is masked from ‘package:lme4’:

    show

The following object is masked from ‘package:Matrix’:

    show

The following object is masked from ‘package:sn’:

    show

The following object is masked from ‘package:stats4’:

    show

The following object is masked from ‘package:methods’:

    show

── Attaching core tidyverse packages ──────────────────────── tidyverse 2.0.0 ──
✔ forcats   1.0.0     ✔ readr     2.1.4
✔ ggplot2   3.4.4     ✔ stringr   1.5.1
✔ lubridate 1.9.3     ✔ tibble    3.2.1
✔ purrr     0.3.5     ✔ tidyr     1.2.1
── Conflicts ────────────────────────────────────────── tidyverse_conflicts() ──
✖ dplyr::arrange()   masks plyr::arrange()
✖ purrr::compact()   masks plyr::compact()
✖ dplyr::count()     masks plyr::count()
✖ dplyr::desc()      masks plyr::desc()
✖ lubridate::dst()   masks sn::dst()
✖ tidyr::expand()    masks Matrix::expand()
✖ dplyr::failwith()  masks plyr::failwith()
✖ dplyr::filter()    masks stats::filter()
✖ dplyr::id()        masks plyr::id()
✖ dplyr::lag()       masks stats::lag()
✖ dplyr::mutate()    masks plyr::mutate()
✖ tidyr::pack()      masks Matrix::pack()
✖ dplyr::rename()    masks plyr::rename()
✖ lubridate::show()  masks geex::show(), lme4::show(), Matrix::show(), sn::show(), stats4::show(), methods::show()
✖ dplyr::summarise() masks plyr::summarise()
✖ dplyr::summarize() masks plyr::summarize()
✖ tidyr::unpack()    masks Matrix::unpack()
ℹ Use the conflicted package (<http://conflicted.r-lib.org/>) to force all conflicts to become errors
[1] "[Analysis setting]"
[1] "taus: 0.3"
[1] "thetas: 0.1, 0.2, 0.3, 0.4, 0.5, 0.6, 0.7, 0.8, 0.9"
[1] "m: 200"
[1] "N_total: 2471"
[1] "cluster size dist'n: "

 5  6  7  8  9 10 11 12 13 14 15 16 17 18 19 20 
12 10 19  7 12 11 19 14 16  8 16  9 14 12 11 10 
[1] "observed time summary: "
   Min. 1st Qu.  Median    Mean 3rd Qu.    Max. 
0.00000 0.03947 0.38488 0.63650 1.00000 7.00000 
[1] "event indicator table: "

   0    1 
1509  962 
[1] "treatment indicator table: "

   0    1 
 867 1604 
[1] "C model fitted"
[1] "A model fitted"
[1] "Estimates computed"
[1] "SEs computed"
      mu-hat0    mu-hat1       ASE0        ASE1
0.1 0.6413167 0.13613479 0.24428643 0.044567849
0.2 0.4802719 0.20929498 0.12062967 0.040541492
0.3 0.4363817 0.23580455 0.05536532 0.036111724
0.4 0.4344067 0.21485433 0.03686268 0.028030412
0.5 0.4183283 0.17200065 0.02962026 0.020058008
0.6 0.3907828 0.13039762 0.02352808 0.013368270
0.7 0.3713150 0.10100749 0.02601178 0.009749884
0.8 0.3496259 0.08377015 0.03161312 0.009525005
0.9 0.3005330 0.07093399 0.04370658 0.012087206
[1] "Total run time was 5653.859 seconds"
