##############################################################
### Job started at Wed Jun  4 21:44:44 EDT 2025 ###
##############################################################

Attaching package: ‘dplyr’

The following objects are masked from ‘package:stats’:

    filter, lag

The following objects are masked from ‘package:base’:

    intersect, setdiff, setequal, union

── Attaching core tidyverse packages ──────────────────────── tidyverse 2.0.0 ──
✔ forcats   1.0.0     ✔ readr     2.1.4
✔ ggplot2   3.5.2     ✔ stringr   1.5.1
✔ lubridate 1.9.3     ✔ tibble    3.2.1
✔ purrr     0.3.5     ✔ tidyr     1.2.1
── Conflicts ────────────────────────────────────────── tidyverse_conflicts() ──
✖ dplyr::filter() masks stats::filter()
✖ dplyr::lag()    masks stats::lag()
ℹ Use the [conflicted package](http://conflicted.r-lib.org/) to force all conflicts to become errors
# A tibble: 42 × 4
   theta   tau estimand   truth
   <dbl> <dbl> <chr>      <dbl>
 1  0.3    0.2 de       -0.281 
 2  0.3    0.2 mu        0.446 
 3  0.3    0.2 mu_0      0.531 
 4  0.3    0.2 mu_1      0.250 
 5  0.3    0.2 oe        0.0711
 6  0.3    0.2 se_0      0.0312
 7  0.3    0.2 se_1      0.0263
 8  0.45   0.2 de       -0.276 
 9  0.45   0.2 mu        0.375 
10  0.45   0.2 mu_0      0.499 
11  0.45   0.2 mu_1      0.224 
12  0.45   0.2 oe        0     
13  0.45   0.2 se_0      0     
14  0.45   0.2 se_1      0     
15  0.6    0.2 de       -0.269 
16  0.6    0.2 mu        0.306 
17  0.6    0.2 mu_0      0.467 
18  0.6    0.2 mu_1      0.199 
19  0.6    0.2 oe       -0.0692
20  0.6    0.2 se_0     -0.0321
21  0.6    0.2 se_1     -0.0250
22  0.3    0.4 de       -0.264 
23  0.3    0.4 mu        0.549 
24  0.3    0.4 mu_0      0.628 
25  0.3    0.4 mu_1      0.364 
26  0.3    0.4 oe        0.0700
27  0.3    0.4 se_0      0.0297
28  0.3    0.4 se_1      0.0313
29  0.45   0.4 de       -0.266 
30  0.45   0.4 mu        0.479 
31  0.45   0.4 mu_0      0.598 
32  0.45   0.4 mu_1      0.333 
33  0.45   0.4 oe        0     
34  0.45   0.4 se_0      0     
35  0.45   0.4 se_1      0     
36  0.6    0.4 de       -0.264 
37  0.6    0.4 mu        0.406 
38  0.6    0.4 mu_0      0.565 
39  0.6    0.4 mu_1      0.301 
40  0.6    0.4 oe       -0.0726
41  0.6    0.4 se_0     -0.0338
42  0.6    0.4 se_1     -0.0320

[Simulation setting] 

- M: 1000 

- taus: 0.1, 0.2, 0.3, 0.4, 0.5 

- thetas: 0.3, 0.31, 0.32, 0.33, 0.34, 0.35, 0.36, 0.37, 0.38, 0.39, 0.4, 0.41, 0.42, 0.43, 0.44, 0.45, 0.46, 0.47, 0.48, 0.49, 0.5, 0.51, 0.52, 0.53, 0.54, 0.55, 0.56, 0.57, 0.58, 0.59, 0.6 

- r: 100 

# A tibble: 1,085 × 4
   theta   tau estimand   truth
   <dbl> <dbl> <chr>      <dbl>
 1   0.3   0.1 mu        0.371 
 2   0.3   0.1 mu_1      0.172 
 3   0.3   0.1 mu_0      0.455 
 4   0.3   0.1 de       -0.283 
 5   0.3   0.1 se_1      0.0223
 6   0.3   0.1 se_0      0.0367
 7   0.3   0.1 oe        0.0727
 8   0.3   0.2 mu        0.454 
 9   0.3   0.2 mu_1      0.254 
10   0.3   0.2 mu_0      0.540 
# ℹ 1,075 more rows
[1] "Total run time was 250.754 seconds"
###################################################
### Job finished at Wed Jun  4 21:48:55 EDT 2025 ###
###################################################
