##############################################################
### Job started at Thu Jun  5 11:55:09 EDT 2025 with m=200 for Chakladar IPCW ###
##############################################################
Loading required package: stats4

Attaching package: ‘sn’

The following object is masked from ‘package:stats’:

    sd

Loading required package: survival
Loading required package: Matrix

Attaching package: ‘dplyr’

The following objects are masked from ‘package:plyr’:

    arrange, count, desc, failwith, id, mutate, rename, summarise,
    summarize

The following objects are masked from ‘package:stats’:

    filter, lag

The following objects are masked from ‘package:base’:

    intersect, setdiff, setequal, union


Attaching package: ‘geex’

The following object is masked from ‘package:lme4’:

    show

The following object is masked from ‘package:Matrix’:

    show

The following object is masked from ‘package:sn’:

    show

The following object is masked from ‘package:stats4’:

    show

The following object is masked from ‘package:methods’:

    show

── Attaching core tidyverse packages ──────────────────────── tidyverse 2.0.0 ──
✔ forcats   1.0.0     ✔ readr     2.1.4
✔ ggplot2   3.4.4     ✔ stringr   1.5.1
✔ lubridate 1.9.3     ✔ tibble    3.2.1
✔ purrr     0.3.5     ✔ tidyr     1.2.1
── Conflicts ────────────────────────────────────────── tidyverse_conflicts() ──
✖ dplyr::arrange()   masks plyr::arrange()
✖ purrr::compact()   masks plyr::compact()
✖ dplyr::count()     masks plyr::count()
✖ dplyr::desc()      masks plyr::desc()
✖ lubridate::dst()   masks sn::dst()
✖ tidyr::expand()    masks Matrix::expand()
✖ dplyr::failwith()  masks plyr::failwith()
✖ dplyr::filter()    masks stats::filter()
✖ dplyr::id()        masks plyr::id()
✖ dplyr::lag()       masks stats::lag()
✖ dplyr::mutate()    masks plyr::mutate()
✖ tidyr::pack()      masks Matrix::pack()
✖ dplyr::rename()    masks plyr::rename()
✖ lubridate::show()  masks geex::show(), lme4::show(), Matrix::show(), sn::show(), stats4::show(), methods::show()
✖ dplyr::summarise() masks plyr::summarise()
✖ dplyr::summarize() masks plyr::summarize()
✖ tidyr::unpack()    masks Matrix::unpack()
ℹ Use the conflicted package (<http://conflicted.r-lib.org/>) to force all conflicts to become errors
# A tibble: 42 × 4
   theta   tau estimand   truth
   <dbl> <dbl> <chr>      <dbl>
 1  0.3    0.2 de       -0.285 
 2  0.3    0.2 mu        0.452 
 3  0.3    0.2 mu_0      0.537 
 4  0.3    0.2 mu_1      0.252 
 5  0.3    0.2 oe        0.0755
 6  0.3    0.2 se_0      0.0375
 7  0.3    0.2 se_1      0.0270
 8  0.45   0.2 de       -0.275 
 9  0.45   0.2 mu        0.376 
10  0.45   0.2 mu_0      0.500 
11  0.45   0.2 mu_1      0.225 
12  0.45   0.2 oe        0     
13  0.45   0.2 se_0      0     
14  0.45   0.2 se_1      0     
15  0.6    0.2 de       -0.271 
16  0.6    0.2 mu        0.314 
17  0.6    0.2 mu_0      0.477 
18  0.6    0.2 mu_1      0.206 
19  0.6    0.2 oe       -0.0623
20  0.6    0.2 se_0     -0.0233
21  0.6    0.2 se_1     -0.0197
22  0.3    0.4 de       -0.270 
23  0.3    0.4 mu        0.557 
24  0.3    0.4 mu_0      0.638 
25  0.3    0.4 mu_1      0.368 
26  0.3    0.4 oe        0.0755
27  0.3    0.4 se_0      0.0377
28  0.3    0.4 se_1      0.0318
29  0.45   0.4 de       -0.264 
30  0.45   0.4 mu        0.481 
31  0.45   0.4 mu_0      0.600 
32  0.45   0.4 mu_1      0.336 
33  0.45   0.4 oe        0     
34  0.45   0.4 se_0      0     
35  0.45   0.4 se_1      0     
36  0.6    0.4 de       -0.265 
37  0.6    0.4 mu        0.418 
38  0.6    0.4 mu_0      0.577 
39  0.6    0.4 mu_1      0.312 
40  0.6    0.4 oe       -0.0629
41  0.6    0.4 se_0     -0.0228
42  0.6    0.4 se_1     -0.0236
[1] "[Analysis setting]"
[1] "taus: 0.4"
[1] "thetas: 0.3, 0.45, 0.6"
[1] "m: 200"
[1] "N_total: 2476"
[1] "cluster size dist'n: "

 5  6  7  8  9 10 11 12 13 14 15 16 17 18 19 20 
16 11 13 12  7 14 15 16  9 14 15  9 12 16 11 10 
[1] "observed time summary: "
    Min.  1st Qu.   Median     Mean  3rd Qu.     Max. 
 0.00000  0.02019  0.19408  0.60256  0.77479 12.59211 
[1] "event indicator table: "

   0    1 
1007 1469 
[1] "treatment indicator table: "

   0    1 
1326 1150 
[1] "C model fitted"
[1] "A model fitted"
[1] "Estimates computed"
[1] "SEs computed"
  estimand theta tau       est         se       PCL       PCU UCL UCU
1     mu_1  0.30 0.4 0.3529309 0.03069688 0.2927650 0.4130968   0   0
2     mu_1  0.45 0.4 0.2898313 0.02355619 0.2436611 0.3360014   0   0
3     mu_1  0.60 0.4 0.2566758 0.02509812 0.2074835 0.3058681   0   0
4     mu_0  0.30 0.4 0.5932469 0.04588006 0.5033220 0.6831719   0   0
5     mu_0  0.45 0.4 0.5472402 0.02777254 0.4928060 0.6016744   0   0
6     mu_0  0.60 0.4 0.5068714 0.03543828 0.4374124 0.5763305   0   0
Warning message:
In checkConv(attr(opt, "derivs"), opt$par, ctrl = control$checkConv,  :
  Model failed to converge with max|grad| = 0.00330628 (tol = 0.002, component 1)
[1] "Total run time was 1654.804 seconds"
###################################################
### Job finished at Thu Jun  5 12:22:44 EDT 2025 ###
###################################################
