##############################################################
### Job started at Thu Jun  5 11:55:09 EDT 2025 with m=200 for Chakladar IPCW ###
##############################################################
Loading required package: stats4

Attaching package: ‘sn’

The following object is masked from ‘package:stats’:

    sd

Loading required package: survival
Loading required package: Matrix

Attaching package: ‘dplyr’

The following objects are masked from ‘package:plyr’:

    arrange, count, desc, failwith, id, mutate, rename, summarise,
    summarize

The following objects are masked from ‘package:stats’:

    filter, lag

The following objects are masked from ‘package:base’:

    intersect, setdiff, setequal, union


Attaching package: ‘geex’

The following object is masked from ‘package:lme4’:

    show

The following object is masked from ‘package:Matrix’:

    show

The following object is masked from ‘package:sn’:

    show

The following object is masked from ‘package:stats4’:

    show

The following object is masked from ‘package:methods’:

    show

── Attaching core tidyverse packages ──────────────────────── tidyverse 2.0.0 ──
✔ forcats   1.0.0     ✔ readr     2.1.4
✔ ggplot2   3.4.4     ✔ stringr   1.5.1
✔ lubridate 1.9.3     ✔ tibble    3.2.1
✔ purrr     0.3.5     ✔ tidyr     1.2.1
── Conflicts ────────────────────────────────────────── tidyverse_conflicts() ──
✖ dplyr::arrange()   masks plyr::arrange()
✖ purrr::compact()   masks plyr::compact()
✖ dplyr::count()     masks plyr::count()
✖ dplyr::desc()      masks plyr::desc()
✖ lubridate::dst()   masks sn::dst()
✖ tidyr::expand()    masks Matrix::expand()
✖ dplyr::failwith()  masks plyr::failwith()
✖ dplyr::filter()    masks stats::filter()
✖ dplyr::id()        masks plyr::id()
✖ dplyr::lag()       masks stats::lag()
✖ dplyr::mutate()    masks plyr::mutate()
✖ tidyr::pack()      masks Matrix::pack()
✖ dplyr::rename()    masks plyr::rename()
✖ lubridate::show()  masks geex::show(), lme4::show(), Matrix::show(), sn::show(), stats4::show(), methods::show()
✖ dplyr::summarise() masks plyr::summarise()
✖ dplyr::summarize() masks plyr::summarize()
✖ tidyr::unpack()    masks Matrix::unpack()
ℹ Use the conflicted package (<http://conflicted.r-lib.org/>) to force all conflicts to become errors
# A tibble: 42 × 4
   theta   tau estimand   truth
   <dbl> <dbl> <chr>      <dbl>
 1  0.3    0.2 de       -0.292 
 2  0.3    0.2 mu        0.453 
 3  0.3    0.2 mu_0      0.541 
 4  0.3    0.2 mu_1      0.249 
 5  0.3    0.2 oe        0.0828
 6  0.3    0.2 se_0      0.0476
 7  0.3    0.2 se_1      0.0285
 8  0.45   0.2 de       -0.273 
 9  0.45   0.2 mu        0.370 
10  0.45   0.2 mu_0      0.493 
11  0.45   0.2 mu_1      0.220 
12  0.45   0.2 oe        0     
13  0.45   0.2 se_0      0     
14  0.45   0.2 se_1      0     
15  0.6    0.2 de       -0.267 
16  0.6    0.2 mu        0.307 
17  0.6    0.2 mu_0      0.468 
18  0.6    0.2 mu_1      0.201 
19  0.6    0.2 oe       -0.0630
20  0.6    0.2 se_0     -0.0255
21  0.6    0.2 se_1     -0.0199
22  0.3    0.4 de       -0.279 
23  0.3    0.4 mu        0.560 
24  0.3    0.4 mu_0      0.643 
25  0.3    0.4 mu_1      0.365 
26  0.3    0.4 oe        0.0844
27  0.3    0.4 se_0      0.0490
28  0.3    0.4 se_1      0.0347
29  0.45   0.4 de       -0.264 
30  0.45   0.4 mu        0.475 
31  0.45   0.4 mu_0      0.594 
32  0.45   0.4 mu_1      0.330 
33  0.45   0.4 oe        0     
34  0.45   0.4 se_0      0     
35  0.45   0.4 se_1      0     
36  0.6    0.4 de       -0.263 
37  0.6    0.4 mu        0.411 
38  0.6    0.4 mu_0      0.568 
39  0.6    0.4 mu_1      0.306 
40  0.6    0.4 oe       -0.0646
41  0.6    0.4 se_0     -0.0259
42  0.6    0.4 se_1     -0.0243
[1] "[Analysis setting]"
[1] "taus: 0.4"
[1] "thetas: 0.3, 0.45, 0.6"
[1] "m: 200"
[1] "N_total: 2568"
[1] "cluster size dist'n: "

 5  6  7  8  9 10 11 12 13 14 15 16 17 18 19 20 
10 11 13 11 15  8 13 12 19 14  5 12 14 10 17 16 
[1] "observed time summary: "
   Min. 1st Qu.  Median    Mean 3rd Qu.    Max. 
0.00000 0.02445 0.22148 0.63928 0.80673 9.40337 
[1] "event indicator table: "

   0    1 
1005 1563 
[1] "treatment indicator table: "

   0    1 
1334 1234 
[1] "C model fitted"
[1] "A model fitted"
[1] "Estimates computed"
[1] "SEs computed"
  estimand theta tau       est         se       PCL       PCU UCL UCU
1     mu_1  0.30 0.4 0.3248111 0.03179644 0.2624901 0.3871321   0   0
2     mu_1  0.45 0.4 0.2978292 0.02192863 0.2548491 0.3408093   0   0
3     mu_1  0.60 0.4 0.3105587 0.02861386 0.2544756 0.3666419   0   0
4     mu_0  0.30 0.4 0.5517813 0.03537171 0.4824528 0.6211099   0   0
5     mu_0  0.45 0.4 0.5173496 0.03761312 0.4436279 0.5910714   0   0
6     mu_0  0.60 0.4 0.4704745 0.03486447 0.4021402 0.5388089   0   0
[1] "Total run time was 1700.472 seconds"
###################################################
### Job finished at Thu Jun  5 12:23:30 EDT 2025 ###
###################################################
