##############################################################
### Job started at Thu Jun  5 11:55:07 EDT 2025 with m=200 for Chakladar IPCW ###
##############################################################
Loading required package: stats4

Attaching package: ‘sn’

The following object is masked from ‘package:stats’:

    sd

Loading required package: survival
Loading required package: Matrix

Attaching package: ‘dplyr’

The following objects are masked from ‘package:plyr’:

    arrange, count, desc, failwith, id, mutate, rename, summarise,
    summarize

The following objects are masked from ‘package:stats’:

    filter, lag

The following objects are masked from ‘package:base’:

    intersect, setdiff, setequal, union


Attaching package: ‘geex’

The following object is masked from ‘package:lme4’:

    show

The following object is masked from ‘package:Matrix’:

    show

The following object is masked from ‘package:sn’:

    show

The following object is masked from ‘package:stats4’:

    show

The following object is masked from ‘package:methods’:

    show

── Attaching core tidyverse packages ──────────────────────── tidyverse 2.0.0 ──
✔ forcats   1.0.0     ✔ readr     2.1.4
✔ ggplot2   3.4.4     ✔ stringr   1.5.1
✔ lubridate 1.9.3     ✔ tibble    3.2.1
✔ purrr     0.3.5     ✔ tidyr     1.2.1
── Conflicts ────────────────────────────────────────── tidyverse_conflicts() ──
✖ dplyr::arrange()   masks plyr::arrange()
✖ purrr::compact()   masks plyr::compact()
✖ dplyr::count()     masks plyr::count()
✖ dplyr::desc()      masks plyr::desc()
✖ lubridate::dst()   masks sn::dst()
✖ tidyr::expand()    masks Matrix::expand()
✖ dplyr::failwith()  masks plyr::failwith()
✖ dplyr::filter()    masks stats::filter()
✖ dplyr::id()        masks plyr::id()
✖ dplyr::lag()       masks stats::lag()
✖ dplyr::mutate()    masks plyr::mutate()
✖ tidyr::pack()      masks Matrix::pack()
✖ dplyr::rename()    masks plyr::rename()
✖ lubridate::show()  masks geex::show(), lme4::show(), Matrix::show(), sn::show(), stats4::show(), methods::show()
✖ dplyr::summarise() masks plyr::summarise()
✖ dplyr::summarize() masks plyr::summarize()
✖ tidyr::unpack()    masks Matrix::unpack()
ℹ Use the conflicted package (<http://conflicted.r-lib.org/>) to force all conflicts to become errors
# A tibble: 42 × 4
   theta   tau estimand   truth
   <dbl> <dbl> <chr>      <dbl>
 1  0.3    0.2 de       -0.289 
 2  0.3    0.2 mu        0.468 
 3  0.3    0.2 mu_0      0.554 
 4  0.3    0.2 mu_1      0.265 
 5  0.3    0.2 oe        0.0640
 6  0.3    0.2 se_0      0.0190
 7  0.3    0.2 se_1      0.0227
 8  0.45   0.2 de       -0.293 
 9  0.45   0.2 mu        0.404 
10  0.45   0.2 mu_0      0.535 
11  0.45   0.2 mu_1      0.243 
12  0.45   0.2 oe        0     
13  0.45   0.2 se_0      0     
14  0.45   0.2 se_1      0     
15  0.6    0.2 de       -0.292 
16  0.6    0.2 mu        0.335 
17  0.6    0.2 mu_0      0.510 
18  0.6    0.2 mu_1      0.219 
19  0.6    0.2 oe       -0.0683
20  0.6    0.2 se_0     -0.0251
21  0.6    0.2 se_1     -0.0240
22  0.3    0.4 de       -0.267 
23  0.3    0.4 mu        0.570 
24  0.3    0.4 mu_0      0.650 
25  0.3    0.4 mu_1      0.383 
26  0.3    0.4 oe        0.0592
27  0.3    0.4 se_0      0.0144
28  0.3    0.4 se_1      0.0251
29  0.45   0.4 de       -0.278 
30  0.45   0.4 mu        0.511 
31  0.45   0.4 mu_0      0.636 
32  0.45   0.4 mu_1      0.358 
33  0.45   0.4 oe        0     
34  0.45   0.4 se_0      0     
35  0.45   0.4 se_1      0     
36  0.6    0.4 de       -0.283 
37  0.6    0.4 mu        0.441 
38  0.6    0.4 mu_0      0.611 
39  0.6    0.4 mu_1      0.328 
40  0.6    0.4 oe       -0.0692
41  0.6    0.4 se_0     -0.0246
42  0.6    0.4 se_1     -0.0296
[1] "[Analysis setting]"
[1] "taus: 0.4"
[1] "thetas: 0.3, 0.45, 0.6"
[1] "m: 200"
[1] "N_total: 2533"
[1] "cluster size dist'n: "

 5  6  7  8  9 10 11 12 13 14 15 16 17 18 19 20 
11 12 10  8 16 13 17 13 11 14 15 10 12  9 15 14 
[1] "observed time summary: "
   Min. 1st Qu.  Median    Mean 3rd Qu.    Max. 
0.00000 0.01674 0.19478 0.58976 0.74235 9.61633 
[1] "event indicator table: "

   0    1 
1022 1511 
[1] "treatment indicator table: "

   0    1 
1399 1134 
[1] "C model fitted"
[1] "A model fitted"
[1] "Estimates computed"
[1] "SEs computed"
  estimand theta tau       est         se          PCL       PCU UCL UCU
1     mu_1  0.30 0.4 0.3509795 0.29338734 -0.224059670 0.9260187   0   0
2     mu_1  0.45 0.4 0.2963163 0.32002639 -0.330935456 0.9235680   0   0
3     mu_1  0.60 0.4 0.2774568 0.05751823  0.164721031 0.3901925   0   0
4     mu_0  0.30 0.4 0.5729359 0.28799220  0.008471204 1.1374006   0   0
5     mu_0  0.45 0.4 0.5101720 0.44481116 -0.361657892 1.3820018   0   0
6     mu_0  0.60 0.4 0.5029438 0.35243121 -0.187821387 1.1937090   0   0
[1] "Total run time was 1838.77 seconds"
###################################################
### Job finished at Thu Jun  5 12:25:46 EDT 2025 ###
###################################################
