##############################################################
### Job started at Thu Jun  5 11:55:36 EDT 2025 with m=200 for Chakladar IPCW ###
##############################################################
Loading required package: stats4

Attaching package: ‘sn’

The following object is masked from ‘package:stats’:

    sd

Loading required package: survival
Loading required package: Matrix

Attaching package: ‘dplyr’

The following objects are masked from ‘package:plyr’:

    arrange, count, desc, failwith, id, mutate, rename, summarise,
    summarize

The following objects are masked from ‘package:stats’:

    filter, lag

The following objects are masked from ‘package:base’:

    intersect, setdiff, setequal, union


Attaching package: ‘geex’

The following object is masked from ‘package:lme4’:

    show

The following object is masked from ‘package:Matrix’:

    show

The following object is masked from ‘package:sn’:

    show

The following object is masked from ‘package:stats4’:

    show

The following object is masked from ‘package:methods’:

    show

── Attaching core tidyverse packages ──────────────────────── tidyverse 2.0.0 ──
✔ forcats   1.0.0     ✔ readr     2.1.4
✔ ggplot2   3.4.4     ✔ stringr   1.5.1
✔ lubridate 1.9.3     ✔ tibble    3.2.1
✔ purrr     0.3.5     ✔ tidyr     1.2.1
── Conflicts ────────────────────────────────────────── tidyverse_conflicts() ──
✖ dplyr::arrange()   masks plyr::arrange()
✖ purrr::compact()   masks plyr::compact()
✖ dplyr::count()     masks plyr::count()
✖ dplyr::desc()      masks plyr::desc()
✖ lubridate::dst()   masks sn::dst()
✖ tidyr::expand()    masks Matrix::expand()
✖ dplyr::failwith()  masks plyr::failwith()
✖ dplyr::filter()    masks stats::filter()
✖ dplyr::id()        masks plyr::id()
✖ dplyr::lag()       masks stats::lag()
✖ dplyr::mutate()    masks plyr::mutate()
✖ tidyr::pack()      masks Matrix::pack()
✖ dplyr::rename()    masks plyr::rename()
✖ lubridate::show()  masks geex::show(), lme4::show(), Matrix::show(), sn::show(), stats4::show(), methods::show()
✖ dplyr::summarise() masks plyr::summarise()
✖ dplyr::summarize() masks plyr::summarize()
✖ tidyr::unpack()    masks Matrix::unpack()
ℹ Use the conflicted package (<http://conflicted.r-lib.org/>) to force all conflicts to become errors
# A tibble: 42 × 4
   theta   tau estimand   truth
   <dbl> <dbl> <chr>      <dbl>
 1  0.3    0.2 de       -0.286 
 2  0.3    0.2 mu        0.452 
 3  0.3    0.2 mu_0      0.538 
 4  0.3    0.2 mu_1      0.251 
 5  0.3    0.2 oe        0.0765
 6  0.3    0.2 se_0      0.0396
 7  0.3    0.2 se_1      0.0263
 8  0.45   0.2 de       -0.273 
 9  0.45   0.2 mu        0.375 
10  0.45   0.2 mu_0      0.498 
11  0.45   0.2 mu_1      0.225 
12  0.45   0.2 oe        0     
13  0.45   0.2 se_0      0     
14  0.45   0.2 se_1      0     
15  0.6    0.2 de       -0.266 
16  0.6    0.2 mu        0.313 
17  0.6    0.2 mu_0      0.472 
18  0.6    0.2 mu_1      0.207 
19  0.6    0.2 oe       -0.0620
20  0.6    0.2 se_0     -0.0256
21  0.6    0.2 se_1     -0.0181
22  0.3    0.4 de       -0.271 
23  0.3    0.4 mu        0.556 
24  0.3    0.4 mu_0      0.637 
25  0.3    0.4 mu_1      0.367 
26  0.3    0.4 oe        0.0768
27  0.3    0.4 se_0      0.0399
28  0.3    0.4 se_1      0.0317
29  0.45   0.4 de       -0.262 
30  0.45   0.4 mu        0.479 
31  0.45   0.4 mu_0      0.597 
32  0.45   0.4 mu_1      0.335 
33  0.45   0.4 oe        0     
34  0.45   0.4 se_0      0     
35  0.45   0.4 se_1      0     
36  0.6    0.4 de       -0.257 
37  0.6    0.4 mu        0.416 
38  0.6    0.4 mu_0      0.570 
39  0.6    0.4 mu_1      0.313 
40  0.6    0.4 oe       -0.0633
41  0.6    0.4 se_0     -0.0270
42  0.6    0.4 se_1     -0.0219
[1] "[Analysis setting]"
[1] "taus: 0.4"
[1] "thetas: 0.3, 0.45, 0.6"
[1] "m: 200"
[1] "N_total: 2534"
[1] "cluster size dist'n: "

 5  6  7  8  9 10 11 12 13 14 15 16 17 18 19 20 
11 14 12 11 10 13 15 11 15  9 13 14 13 12 11 16 
[1] "observed time summary: "
   Min. 1st Qu.  Median    Mean 3rd Qu.    Max. 
 0.0000  0.0169  0.1945  0.5950  0.7635 10.0089 
[1] "event indicator table: "

   0    1 
1009 1525 
[1] "treatment indicator table: "

   0    1 
1378 1156 
[1] "C model fitted"
[1] "A model fitted"
[1] "Estimates computed"
[1] "SEs computed"
  estimand theta tau       est         se       PCL       PCU UCL UCU
1     mu_1  0.30 0.4 0.2843213 0.02889080 0.2276954 0.3409473   0   0
2     mu_1  0.45 0.4 0.3129489 0.02311011 0.2676530 0.3582447   0   0
3     mu_1  0.60 0.4 0.3277234 0.02946855 0.2699650 0.3854817   0   0
4     mu_0  0.30 0.4 0.5390390 0.03746375 0.4656100 0.6124680   0   0
5     mu_0  0.45 0.4 0.5283803 0.02845723 0.4726042 0.5841565   0   0
6     mu_0  0.60 0.4 0.5552704 0.04142378 0.4740798 0.6364611   0   0
[1] "Total run time was 1737.947 seconds"
###################################################
### Job finished at Thu Jun  5 12:24:34 EDT 2025 ###
###################################################
