##############################################################
### Job started at Thu Jun  5 11:55:09 EDT 2025 with m=200 for Chakladar IPCW ###
##############################################################
Loading required package: stats4

Attaching package: ‘sn’

The following object is masked from ‘package:stats’:

    sd

Loading required package: survival
Loading required package: Matrix

Attaching package: ‘dplyr’

The following objects are masked from ‘package:plyr’:

    arrange, count, desc, failwith, id, mutate, rename, summarise,
    summarize

The following objects are masked from ‘package:stats’:

    filter, lag

The following objects are masked from ‘package:base’:

    intersect, setdiff, setequal, union


Attaching package: ‘geex’

The following object is masked from ‘package:lme4’:

    show

The following object is masked from ‘package:Matrix’:

    show

The following object is masked from ‘package:sn’:

    show

The following object is masked from ‘package:stats4’:

    show

The following object is masked from ‘package:methods’:

    show

── Attaching core tidyverse packages ──────────────────────── tidyverse 2.0.0 ──
✔ forcats   1.0.0     ✔ readr     2.1.4
✔ ggplot2   3.4.4     ✔ stringr   1.5.1
✔ lubridate 1.9.3     ✔ tibble    3.2.1
✔ purrr     0.3.5     ✔ tidyr     1.2.1
── Conflicts ────────────────────────────────────────── tidyverse_conflicts() ──
✖ dplyr::arrange()   masks plyr::arrange()
✖ purrr::compact()   masks plyr::compact()
✖ dplyr::count()     masks plyr::count()
✖ dplyr::desc()      masks plyr::desc()
✖ lubridate::dst()   masks sn::dst()
✖ tidyr::expand()    masks Matrix::expand()
✖ dplyr::failwith()  masks plyr::failwith()
✖ dplyr::filter()    masks stats::filter()
✖ dplyr::id()        masks plyr::id()
✖ dplyr::lag()       masks stats::lag()
✖ dplyr::mutate()    masks plyr::mutate()
✖ tidyr::pack()      masks Matrix::pack()
✖ dplyr::rename()    masks plyr::rename()
✖ lubridate::show()  masks geex::show(), lme4::show(), Matrix::show(), sn::show(), stats4::show(), methods::show()
✖ dplyr::summarise() masks plyr::summarise()
✖ dplyr::summarize() masks plyr::summarize()
✖ tidyr::unpack()    masks Matrix::unpack()
ℹ Use the conflicted package (<http://conflicted.r-lib.org/>) to force all conflicts to become errors
# A tibble: 42 × 4
   theta   tau estimand   truth
   <dbl> <dbl> <chr>      <dbl>
 1  0.3    0.2 de       -0.267 
 2  0.3    0.2 mu        0.416 
 3  0.3    0.2 mu_0      0.496 
 4  0.3    0.2 mu_1      0.230 
 5  0.3    0.2 oe        0.0707
 6  0.3    0.2 se_0      0.0368
 7  0.3    0.2 se_1      0.0232
 8  0.45   0.2 de       -0.253 
 9  0.45   0.2 mu        0.346 
10  0.45   0.2 mu_0      0.459 
11  0.45   0.2 mu_1      0.206 
12  0.45   0.2 oe        0     
13  0.45   0.2 se_0      0     
14  0.45   0.2 se_1      0     
15  0.6    0.2 de       -0.251 
16  0.6    0.2 mu        0.294 
17  0.6    0.2 mu_0      0.444 
18  0.6    0.2 mu_1      0.193 
19  0.6    0.2 oe       -0.0521
20  0.6    0.2 se_0     -0.0155
21  0.6    0.2 se_1     -0.0132
22  0.3    0.4 de       -0.254 
23  0.3    0.4 mu        0.514 
24  0.3    0.4 mu_0      0.590 
25  0.3    0.4 mu_1      0.337 
26  0.3    0.4 oe        0.0706
27  0.3    0.4 se_0      0.0368
28  0.3    0.4 se_1      0.0273
29  0.45   0.4 de       -0.244 
30  0.45   0.4 mu        0.444 
31  0.45   0.4 mu_0      0.554 
32  0.45   0.4 mu_1      0.309 
33  0.45   0.4 oe        0     
34  0.45   0.4 se_0      0     
35  0.45   0.4 se_1      0     
36  0.6    0.4 de       -0.245 
37  0.6    0.4 mu        0.392 
38  0.6    0.4 mu_0      0.539 
39  0.6    0.4 mu_1      0.294 
40  0.6    0.4 oe       -0.0513
41  0.6    0.4 se_0     -0.0143
42  0.6    0.4 se_1     -0.0149
[1] "[Analysis setting]"
[1] "taus: 0.4"
[1] "thetas: 0.3, 0.45, 0.6"
[1] "m: 200"
[1] "N_total: 2539"
[1] "cluster size dist'n: "

 5  6  7  8  9 10 11 12 13 14 15 16 17 18 19 20 
13 17 10  8  6 14 13  9 12 14 17 16 21  8 11 11 
[1] "observed time summary: "
   Min. 1st Qu.  Median    Mean 3rd Qu.    Max. 
0.00000 0.02058 0.18956 0.59703 0.77937 7.54543 
[1] "event indicator table: "

   0    1 
1030 1509 
[1] "treatment indicator table: "

   0    1 
1325 1214 
[1] "C model fitted"
[1] "A model fitted"
[1] "Estimates computed"
[1] "SEs computed"
  estimand theta tau       est         se       PCL       PCU UCL UCU
1     mu_1  0.30 0.4 0.3770331 0.03179613 0.3147127 0.4393535   0   0
2     mu_1  0.45 0.4 0.4130694 0.03725550 0.3400486 0.4860901   0   0
3     mu_1  0.60 0.4 0.3719488 0.03348357 0.3063210 0.4375766   0   0
4     mu_0  0.30 0.4 0.5001495 0.03166731 0.4380816 0.5622175   0   0
5     mu_0  0.45 0.4 0.5289896 0.04409114 0.4425710 0.6154082   0   0
6     mu_0  0.60 0.4 0.5011699 0.03690746 0.4288313 0.5735085   0   0
Warning message:
In checkConv(attr(opt, "derivs"), opt$par, ctrl = control$checkConv,  :
  Model failed to converge with max|grad| = 0.0023242 (tol = 0.002, component 1)
[1] "Total run time was 1559.93 seconds"
###################################################
### Job finished at Thu Jun  5 12:21:10 EDT 2025 ###
###################################################
