##############################################################
### Job started at Thu Jun  5 11:55:10 EDT 2025 with m=200 for Chakladar IPCW ###
##############################################################
Loading required package: stats4

Attaching package: ‘sn’

The following object is masked from ‘package:stats’:

    sd

Loading required package: survival
Loading required package: Matrix

Attaching package: ‘dplyr’

The following objects are masked from ‘package:plyr’:

    arrange, count, desc, failwith, id, mutate, rename, summarise,
    summarize

The following objects are masked from ‘package:stats’:

    filter, lag

The following objects are masked from ‘package:base’:

    intersect, setdiff, setequal, union


Attaching package: ‘geex’

The following object is masked from ‘package:lme4’:

    show

The following object is masked from ‘package:Matrix’:

    show

The following object is masked from ‘package:sn’:

    show

The following object is masked from ‘package:stats4’:

    show

The following object is masked from ‘package:methods’:

    show

── Attaching core tidyverse packages ──────────────────────── tidyverse 2.0.0 ──
✔ forcats   1.0.0     ✔ readr     2.1.4
✔ ggplot2   3.4.4     ✔ stringr   1.5.1
✔ lubridate 1.9.3     ✔ tibble    3.2.1
✔ purrr     0.3.5     ✔ tidyr     1.2.1
── Conflicts ────────────────────────────────────────── tidyverse_conflicts() ──
✖ dplyr::arrange()   masks plyr::arrange()
✖ purrr::compact()   masks plyr::compact()
✖ dplyr::count()     masks plyr::count()
✖ dplyr::desc()      masks plyr::desc()
✖ lubridate::dst()   masks sn::dst()
✖ tidyr::expand()    masks Matrix::expand()
✖ dplyr::failwith()  masks plyr::failwith()
✖ dplyr::filter()    masks stats::filter()
✖ dplyr::id()        masks plyr::id()
✖ dplyr::lag()       masks stats::lag()
✖ dplyr::mutate()    masks plyr::mutate()
✖ tidyr::pack()      masks Matrix::pack()
✖ dplyr::rename()    masks plyr::rename()
✖ lubridate::show()  masks geex::show(), lme4::show(), Matrix::show(), sn::show(), stats4::show(), methods::show()
✖ dplyr::summarise() masks plyr::summarise()
✖ dplyr::summarize() masks plyr::summarize()
✖ tidyr::unpack()    masks Matrix::unpack()
ℹ Use the conflicted package (<http://conflicted.r-lib.org/>) to force all conflicts to become errors
# A tibble: 42 × 4
   theta   tau estimand   truth
   <dbl> <dbl> <chr>      <dbl>
 1  0.3    0.2 de       -0.285 
 2  0.3    0.2 mu        0.452 
 3  0.3    0.2 mu_0      0.538 
 4  0.3    0.2 mu_1      0.253 
 5  0.3    0.2 oe        0.0727
 6  0.3    0.2 se_0      0.0345
 7  0.3    0.2 se_1      0.0243
 8  0.45   0.2 de       -0.275 
 9  0.45   0.2 mu        0.379 
10  0.45   0.2 mu_0      0.503 
11  0.45   0.2 mu_1      0.228 
12  0.45   0.2 oe        0     
13  0.45   0.2 se_0      0     
14  0.45   0.2 se_1      0     
15  0.6    0.2 de       -0.270 
16  0.6    0.2 mu        0.320 
17  0.6    0.2 mu_0      0.482 
18  0.6    0.2 mu_1      0.212 
19  0.6    0.2 oe       -0.0591
20  0.6    0.2 se_0     -0.0209
21  0.6    0.2 se_1     -0.0159
22  0.3    0.4 de       -0.269 
23  0.3    0.4 mu        0.556 
24  0.3    0.4 mu_0      0.636 
25  0.3    0.4 mu_1      0.368 
26  0.3    0.4 oe        0.0710
27  0.3    0.4 se_0      0.0329
28  0.3    0.4 se_1      0.0281
29  0.45   0.4 de       -0.264 
30  0.45   0.4 mu        0.485 
31  0.45   0.4 mu_0      0.603 
32  0.45   0.4 mu_1      0.340 
33  0.45   0.4 oe        0     
34  0.45   0.4 se_0      0     
35  0.45   0.4 se_1      0     
36  0.6    0.4 de       -0.263 
37  0.6    0.4 mu        0.426 
38  0.6    0.4 mu_0      0.584 
39  0.6    0.4 mu_1      0.321 
40  0.6    0.4 oe       -0.0584
41  0.6    0.4 se_0     -0.0194
42  0.6    0.4 se_1     -0.0185
[1] "[Analysis setting]"
[1] "taus: 0.4"
[1] "thetas: 0.3, 0.45, 0.6"
[1] "m: 200"
[1] "N_total: 2471"
[1] "cluster size dist'n: "

 5  6  7  8  9 10 11 12 13 14 15 16 17 18 19 20 
 9 13 15 20 14 12  8  6 16 14 10 18 12  8 13 12 
[1] "observed time summary: "
    Min.  1st Qu.   Median     Mean  3rd Qu.     Max. 
 0.00000  0.01955  0.20888  0.61727  0.74729 12.87353 
[1] "event indicator table: "

   0    1 
 983 1488 
[1] "treatment indicator table: "

   0    1 
1265 1206 
[1] "C model fitted"
[1] "A model fitted"
[1] "Estimates computed"
[1] "SEs computed"
  estimand theta tau       est         se       PCL       PCU UCL UCU
1     mu_1  0.30 0.4 0.3350175 0.03158301 0.2731148 0.3969202   0   0
2     mu_1  0.45 0.4 0.3005461 0.02206472 0.2572993 0.3437930   0   0
3     mu_1  0.60 0.4 0.2731402 0.02277424 0.2285027 0.3177777   0   0
4     mu_0  0.30 0.4 0.5358880 0.03694652 0.4634729 0.6083032   0   0
5     mu_0  0.45 0.4 0.5213226 0.02873389 0.4650041 0.5776410   0   0
6     mu_0  0.60 0.4 0.4698152 0.02752012 0.4158757 0.5237546   0   0
[1] "Total run time was 1627.722 seconds"
###################################################
### Job finished at Thu Jun  5 12:22:18 EDT 2025 ###
###################################################
