##############################################################
### Job started at Thu Jun  5 11:55:29 EDT 2025 with m=200 for Chakladar IPCW ###
##############################################################
Loading required package: stats4

Attaching package: ‘sn’

The following object is masked from ‘package:stats’:

    sd

Loading required package: survival
Loading required package: Matrix

Attaching package: ‘dplyr’

The following objects are masked from ‘package:plyr’:

    arrange, count, desc, failwith, id, mutate, rename, summarise,
    summarize

The following objects are masked from ‘package:stats’:

    filter, lag

The following objects are masked from ‘package:base’:

    intersect, setdiff, setequal, union


Attaching package: ‘geex’

The following object is masked from ‘package:lme4’:

    show

The following object is masked from ‘package:Matrix’:

    show

The following object is masked from ‘package:sn’:

    show

The following object is masked from ‘package:stats4’:

    show

The following object is masked from ‘package:methods’:

    show

── Attaching core tidyverse packages ──────────────────────── tidyverse 2.0.0 ──
✔ forcats   1.0.0     ✔ readr     2.1.4
✔ ggplot2   3.4.4     ✔ stringr   1.5.1
✔ lubridate 1.9.3     ✔ tibble    3.2.1
✔ purrr     0.3.5     ✔ tidyr     1.2.1
── Conflicts ────────────────────────────────────────── tidyverse_conflicts() ──
✖ dplyr::arrange()   masks plyr::arrange()
✖ purrr::compact()   masks plyr::compact()
✖ dplyr::count()     masks plyr::count()
✖ dplyr::desc()      masks plyr::desc()
✖ lubridate::dst()   masks sn::dst()
✖ tidyr::expand()    masks Matrix::expand()
✖ dplyr::failwith()  masks plyr::failwith()
✖ dplyr::filter()    masks stats::filter()
✖ dplyr::id()        masks plyr::id()
✖ dplyr::lag()       masks stats::lag()
✖ dplyr::mutate()    masks plyr::mutate()
✖ tidyr::pack()      masks Matrix::pack()
✖ dplyr::rename()    masks plyr::rename()
✖ lubridate::show()  masks geex::show(), lme4::show(), Matrix::show(), sn::show(), stats4::show(), methods::show()
✖ dplyr::summarise() masks plyr::summarise()
✖ dplyr::summarize() masks plyr::summarize()
✖ tidyr::unpack()    masks Matrix::unpack()
ℹ Use the conflicted package (<http://conflicted.r-lib.org/>) to force all conflicts to become errors
# A tibble: 42 × 4
   theta   tau estimand   truth
   <dbl> <dbl> <chr>      <dbl>
 1  0.3    0.2 de       -0.284 
 2  0.3    0.2 mu        0.451 
 3  0.3    0.2 mu_0      0.536 
 4  0.3    0.2 mu_1      0.252 
 5  0.3    0.2 oe        0.0717
 6  0.3    0.2 se_0      0.0338
 7  0.3    0.2 se_1      0.0234
 8  0.45   0.2 de       -0.273 
 9  0.45   0.2 mu        0.379 
10  0.45   0.2 mu_0      0.502 
11  0.45   0.2 mu_1      0.229 
12  0.45   0.2 oe        0     
13  0.45   0.2 se_0      0     
14  0.45   0.2 se_1      0     
15  0.6    0.2 de       -0.274 
16  0.6    0.2 mu        0.319 
17  0.6    0.2 mu_0      0.484 
18  0.6    0.2 mu_1      0.210 
19  0.6    0.2 oe       -0.0597
20  0.6    0.2 se_0     -0.0183
21  0.6    0.2 se_1     -0.0189
22  0.3    0.4 de       -0.266 
23  0.3    0.4 mu        0.553 
24  0.3    0.4 mu_0      0.633 
25  0.3    0.4 mu_1      0.366 
26  0.3    0.4 oe        0.0700
27  0.3    0.4 se_0      0.0325
28  0.3    0.4 se_1      0.0269
29  0.45   0.4 de       -0.261 
30  0.45   0.4 mu        0.483 
31  0.45   0.4 mu_0      0.600 
32  0.45   0.4 mu_1      0.339 
33  0.45   0.4 oe        0     
34  0.45   0.4 se_0      0     
35  0.45   0.4 se_1      0     
36  0.6    0.4 de       -0.266 
37  0.6    0.4 mu        0.423 
38  0.6    0.4 mu_0      0.583 
39  0.6    0.4 mu_1      0.317 
40  0.6    0.4 oe       -0.0597
41  0.6    0.4 se_0     -0.0174
42  0.6    0.4 se_1     -0.0228
[1] "[Analysis setting]"
[1] "taus: 0.4"
[1] "thetas: 0.3, 0.45, 0.6"
[1] "m: 200"
[1] "N_total: 2430"
[1] "cluster size dist'n: "

 5  6  7  8  9 10 11 12 13 14 15 16 17 18 19 20 
 8 13 18 16 14 15 17  9  8  8 15 15 16  8 10 10 
[1] "observed time summary: "
    Min.  1st Qu.   Median     Mean  3rd Qu.     Max. 
 0.00000  0.01962  0.20568  0.63741  0.76863 12.78783 
[1] "event indicator table: "

   0    1 
 933 1497 
[1] "treatment indicator table: "

   0    1 
1296 1134 
[1] "C model fitted"
[1] "A model fitted"
[1] "Estimates computed"
[1] "SEs computed"
  estimand theta tau       est         se       PCL       PCU UCL UCU
1     mu_1  0.30 0.4 0.3151755 0.02948970 0.2573757 0.3729753   0   0
2     mu_1  0.45 0.4 0.2823296 0.02170772 0.2397825 0.3248767   0   0
3     mu_1  0.60 0.4 0.2741577 0.01972861 0.2354896 0.3128257   0   0
4     mu_0  0.30 0.4 0.5309211 0.02971772 0.4726744 0.5891679   0   0
5     mu_0  0.45 0.4 0.5158442 0.02379675 0.4692026 0.5624859   0   0
6     mu_0  0.60 0.4 0.5066342 0.02629533 0.4550953 0.5581730   0   0
Warning message:
In checkConv(attr(opt, "derivs"), opt$par, ctrl = control$checkConv,  :
  Model failed to converge with max|grad| = 0.00789414 (tol = 0.002, component 1)
[1] "Total run time was 1572.479 seconds"
###################################################
### Job finished at Thu Jun  5 12:21:41 EDT 2025 ###
###################################################
