##############################################################
### Job started at Thu Jun  5 11:55:09 EDT 2025 with m=200 for Chakladar IPCW ###
##############################################################
Loading required package: stats4

Attaching package: ‘sn’

The following object is masked from ‘package:stats’:

    sd

Loading required package: survival
Loading required package: Matrix

Attaching package: ‘dplyr’

The following objects are masked from ‘package:plyr’:

    arrange, count, desc, failwith, id, mutate, rename, summarise,
    summarize

The following objects are masked from ‘package:stats’:

    filter, lag

The following objects are masked from ‘package:base’:

    intersect, setdiff, setequal, union


Attaching package: ‘geex’

The following object is masked from ‘package:lme4’:

    show

The following object is masked from ‘package:Matrix’:

    show

The following object is masked from ‘package:sn’:

    show

The following object is masked from ‘package:stats4’:

    show

The following object is masked from ‘package:methods’:

    show

── Attaching core tidyverse packages ──────────────────────── tidyverse 2.0.0 ──
✔ forcats   1.0.0     ✔ readr     2.1.4
✔ ggplot2   3.4.4     ✔ stringr   1.5.1
✔ lubridate 1.9.3     ✔ tibble    3.2.1
✔ purrr     0.3.5     ✔ tidyr     1.2.1
── Conflicts ────────────────────────────────────────── tidyverse_conflicts() ──
✖ dplyr::arrange()   masks plyr::arrange()
✖ purrr::compact()   masks plyr::compact()
✖ dplyr::count()     masks plyr::count()
✖ dplyr::desc()      masks plyr::desc()
✖ lubridate::dst()   masks sn::dst()
✖ tidyr::expand()    masks Matrix::expand()
✖ dplyr::failwith()  masks plyr::failwith()
✖ dplyr::filter()    masks stats::filter()
✖ dplyr::id()        masks plyr::id()
✖ dplyr::lag()       masks stats::lag()
✖ dplyr::mutate()    masks plyr::mutate()
✖ tidyr::pack()      masks Matrix::pack()
✖ dplyr::rename()    masks plyr::rename()
✖ lubridate::show()  masks geex::show(), lme4::show(), Matrix::show(), sn::show(), stats4::show(), methods::show()
✖ dplyr::summarise() masks plyr::summarise()
✖ dplyr::summarize() masks plyr::summarize()
✖ tidyr::unpack()    masks Matrix::unpack()
ℹ Use the conflicted package (<http://conflicted.r-lib.org/>) to force all conflicts to become errors
# A tibble: 42 × 4
   theta   tau estimand   truth
   <dbl> <dbl> <chr>      <dbl>
 1  0.3    0.2 de       -0.277 
 2  0.3    0.2 mu        0.437 
 3  0.3    0.2 mu_0      0.520 
 4  0.3    0.2 mu_1      0.243 
 5  0.3    0.2 oe        0.0675
 6  0.3    0.2 se_0      0.0286
 7  0.3    0.2 se_1      0.0226
 8  0.45   0.2 de       -0.271 
 9  0.45   0.2 mu        0.369 
10  0.45   0.2 mu_0      0.491 
11  0.45   0.2 mu_1      0.220 
12  0.45   0.2 oe        0     
13  0.45   0.2 se_0      0     
14  0.45   0.2 se_1      0     
15  0.6    0.2 de       -0.269 
16  0.6    0.2 mu        0.307 
17  0.6    0.2 mu_0      0.468 
18  0.6    0.2 mu_1      0.200 
19  0.6    0.2 oe       -0.0621
20  0.6    0.2 se_0     -0.0230
21  0.6    0.2 se_1     -0.0203
22  0.3    0.4 de       -0.262 
23  0.3    0.4 mu        0.538 
24  0.3    0.4 mu_0      0.617 
25  0.3    0.4 mu_1      0.355 
26  0.3    0.4 oe        0.0660
27  0.3    0.4 se_0      0.0272
28  0.3    0.4 se_1      0.0262
29  0.45   0.4 de       -0.261 
30  0.45   0.4 mu        0.472 
31  0.45   0.4 mu_0      0.590 
32  0.45   0.4 mu_1      0.329 
33  0.45   0.4 oe        0     
34  0.45   0.4 se_0      0     
35  0.45   0.4 se_1      0     
36  0.6    0.4 de       -0.263 
37  0.6    0.4 mu        0.409 
38  0.6    0.4 mu_0      0.566 
39  0.6    0.4 mu_1      0.303 
40  0.6    0.4 oe       -0.0635
41  0.6    0.4 se_0     -0.0231
42  0.6    0.4 se_1     -0.0252
[1] "[Analysis setting]"
[1] "taus: 0.4"
[1] "thetas: 0.3, 0.45, 0.6"
[1] "m: 200"
[1] "N_total: 2528"
[1] "cluster size dist'n: "

 5  6  7  8  9 10 11 12 13 14 15 16 17 18 19 20 
 8 14  9 12 18  8 17  9 11 14 16 17 16 13  9  9 
[1] "observed time summary: "
   Min. 1st Qu.  Median    Mean 3rd Qu.    Max. 
0.00000 0.01552 0.18951 0.57490 0.75769 9.73623 
[1] "event indicator table: "

   0    1 
1014 1514 
[1] "treatment indicator table: "

   0    1 
1358 1170 
[1] "C model fitted"
[1] "A model fitted"
[1] "Estimates computed"
[1] "SEs computed"
  estimand theta tau       est         se       PCL       PCU UCL UCU
1     mu_1  0.30 0.4 0.2847596 0.02606598 0.2336702 0.3358489   0   0
2     mu_1  0.45 0.4 0.3157786 0.02311936 0.2704647 0.3610926   0   0
3     mu_1  0.60 0.4 0.3004859 0.02086008 0.2596001 0.3413717   0   0
4     mu_0  0.30 0.4 0.5076697 0.03312776 0.4427393 0.5726001   0   0
5     mu_0  0.45 0.4 0.5273027 0.02511101 0.4780852 0.5765203   0   0
6     mu_0  0.60 0.4 0.5368838 0.03197706 0.4742088 0.5995588   0   0
[1] "Total run time was 1649.196 seconds"
###################################################
### Job finished at Thu Jun  5 12:22:38 EDT 2025 ###
###################################################
