##############################################################
### Job started at Thu Jun  5 11:55:09 EDT 2025 with m=200 for Chakladar IPCW ###
##############################################################
Loading required package: stats4

Attaching package: ‘sn’

The following object is masked from ‘package:stats’:

    sd

Loading required package: survival
Loading required package: Matrix

Attaching package: ‘dplyr’

The following objects are masked from ‘package:plyr’:

    arrange, count, desc, failwith, id, mutate, rename, summarise,
    summarize

The following objects are masked from ‘package:stats’:

    filter, lag

The following objects are masked from ‘package:base’:

    intersect, setdiff, setequal, union


Attaching package: ‘geex’

The following object is masked from ‘package:lme4’:

    show

The following object is masked from ‘package:Matrix’:

    show

The following object is masked from ‘package:sn’:

    show

The following object is masked from ‘package:stats4’:

    show

The following object is masked from ‘package:methods’:

    show

── Attaching core tidyverse packages ──────────────────────── tidyverse 2.0.0 ──
✔ forcats   1.0.0     ✔ readr     2.1.4
✔ ggplot2   3.4.4     ✔ stringr   1.5.1
✔ lubridate 1.9.3     ✔ tibble    3.2.1
✔ purrr     0.3.5     ✔ tidyr     1.2.1
── Conflicts ────────────────────────────────────────── tidyverse_conflicts() ──
✖ dplyr::arrange()   masks plyr::arrange()
✖ purrr::compact()   masks plyr::compact()
✖ dplyr::count()     masks plyr::count()
✖ dplyr::desc()      masks plyr::desc()
✖ lubridate::dst()   masks sn::dst()
✖ tidyr::expand()    masks Matrix::expand()
✖ dplyr::failwith()  masks plyr::failwith()
✖ dplyr::filter()    masks stats::filter()
✖ dplyr::id()        masks plyr::id()
✖ dplyr::lag()       masks stats::lag()
✖ dplyr::mutate()    masks plyr::mutate()
✖ tidyr::pack()      masks Matrix::pack()
✖ dplyr::rename()    masks plyr::rename()
✖ lubridate::show()  masks geex::show(), lme4::show(), Matrix::show(), sn::show(), stats4::show(), methods::show()
✖ dplyr::summarise() masks plyr::summarise()
✖ dplyr::summarize() masks plyr::summarize()
✖ tidyr::unpack()    masks Matrix::unpack()
ℹ Use the conflicted package (<http://conflicted.r-lib.org/>) to force all conflicts to become errors
# A tibble: 42 × 4
   theta   tau estimand   truth
   <dbl> <dbl> <chr>      <dbl>
 1  0.3    0.2 de       -0.288 
 2  0.3    0.2 mu        0.452 
 3  0.3    0.2 mu_0      0.538 
 4  0.3    0.2 mu_1      0.250 
 5  0.3    0.2 oe        0.0837
 6  0.3    0.2 se_0      0.0484
 7  0.3    0.2 se_1      0.0307
 8  0.45   0.2 de       -0.271 
 9  0.45   0.2 mu        0.368 
10  0.45   0.2 mu_0      0.490 
11  0.45   0.2 mu_1      0.219 
12  0.45   0.2 oe        0     
13  0.45   0.2 se_0      0     
14  0.45   0.2 se_1      0     
15  0.6    0.2 de       -0.266 
16  0.6    0.2 mu        0.307 
17  0.6    0.2 mu_0      0.466 
18  0.6    0.2 mu_1      0.201 
19  0.6    0.2 oe       -0.0611
20  0.6    0.2 se_0     -0.0236
21  0.6    0.2 se_1     -0.0184
22  0.3    0.4 de       -0.275 
23  0.3    0.4 mu        0.558 
24  0.3    0.4 mu_0      0.640 
25  0.3    0.4 mu_1      0.365 
26  0.3    0.4 oe        0.0864
27  0.3    0.4 se_0      0.0510
28  0.3    0.4 se_1      0.0380
29  0.45   0.4 de       -0.262 
30  0.45   0.4 mu        0.471 
31  0.45   0.4 mu_0      0.589 
32  0.45   0.4 mu_1      0.327 
33  0.45   0.4 oe        0     
34  0.45   0.4 se_0      0     
35  0.45   0.4 se_1      0     
36  0.6    0.4 de       -0.260 
37  0.6    0.4 mu        0.409 
38  0.6    0.4 mu_0      0.565 
39  0.6    0.4 mu_1      0.305 
40  0.6    0.4 oe       -0.0624
41  0.6    0.4 se_0     -0.0244
42  0.6    0.4 se_1     -0.0222
[1] "[Analysis setting]"
[1] "taus: 0.4"
[1] "thetas: 0.3, 0.45, 0.6"
[1] "m: 200"
[1] "N_total: 2475"
[1] "cluster size dist'n: "

 5  6  7  8  9 10 11 12 13 14 15 16 17 18 19 20 
18 16 10 11 11 15  6 12 13 13 10 12 14 10 19 10 
[1] "observed time summary: "
    Min.  1st Qu.   Median     Mean  3rd Qu.     Max. 
 0.00000  0.02203  0.19534  0.62716  0.80268 10.55741 
[1] "event indicator table: "

   0    1 
1001 1474 
[1] "treatment indicator table: "

   0    1 
1269 1206 
[1] "C model fitted"
[1] "A model fitted"
[1] "Estimates computed"
[1] "SEs computed"
  estimand theta tau       est         se       PCL       PCU UCL UCU
1     mu_1  0.30 0.4 0.3057749 0.02945498 0.2480432 0.3635067   0   0
2     mu_1  0.45 0.4 0.3197975 0.02337818 0.2739763 0.3656187   0   0
3     mu_1  0.60 0.4 0.3038199 0.02237085 0.2599730 0.3476667   0   0
4     mu_0  0.30 0.4 0.4810768 0.03117077 0.4199821 0.5421715   0   0
5     mu_0  0.45 0.4 0.5434007 0.03240493 0.4798870 0.6069143   0   0
6     mu_0  0.60 0.4 0.5674526 0.03748288 0.4939862 0.6409191   0   0
[1] "Total run time was 1790.838 seconds"
###################################################
### Job finished at Thu Jun  5 12:25:00 EDT 2025 ###
###################################################
