##############################################################
### Job started at Thu Jun  5 11:55:09 EDT 2025 with m=200 for Chakladar IPCW ###
##############################################################
Loading required package: stats4

Attaching package: ‘sn’

The following object is masked from ‘package:stats’:

    sd

Loading required package: survival
Loading required package: Matrix

Attaching package: ‘dplyr’

The following objects are masked from ‘package:plyr’:

    arrange, count, desc, failwith, id, mutate, rename, summarise,
    summarize

The following objects are masked from ‘package:stats’:

    filter, lag

The following objects are masked from ‘package:base’:

    intersect, setdiff, setequal, union


Attaching package: ‘geex’

The following object is masked from ‘package:lme4’:

    show

The following object is masked from ‘package:Matrix’:

    show

The following object is masked from ‘package:sn’:

    show

The following object is masked from ‘package:stats4’:

    show

The following object is masked from ‘package:methods’:

    show

── Attaching core tidyverse packages ──────────────────────── tidyverse 2.0.0 ──
✔ forcats   1.0.0     ✔ readr     2.1.4
✔ ggplot2   3.4.4     ✔ stringr   1.5.1
✔ lubridate 1.9.3     ✔ tibble    3.2.1
✔ purrr     0.3.5     ✔ tidyr     1.2.1
── Conflicts ────────────────────────────────────────── tidyverse_conflicts() ──
✖ dplyr::arrange()   masks plyr::arrange()
✖ purrr::compact()   masks plyr::compact()
✖ dplyr::count()     masks plyr::count()
✖ dplyr::desc()      masks plyr::desc()
✖ lubridate::dst()   masks sn::dst()
✖ tidyr::expand()    masks Matrix::expand()
✖ dplyr::failwith()  masks plyr::failwith()
✖ dplyr::filter()    masks stats::filter()
✖ dplyr::id()        masks plyr::id()
✖ dplyr::lag()       masks stats::lag()
✖ dplyr::mutate()    masks plyr::mutate()
✖ tidyr::pack()      masks Matrix::pack()
✖ dplyr::rename()    masks plyr::rename()
✖ lubridate::show()  masks geex::show(), lme4::show(), Matrix::show(), sn::show(), stats4::show(), methods::show()
✖ dplyr::summarise() masks plyr::summarise()
✖ dplyr::summarize() masks plyr::summarize()
✖ tidyr::unpack()    masks Matrix::unpack()
ℹ Use the conflicted package (<http://conflicted.r-lib.org/>) to force all conflicts to become errors
# A tibble: 42 × 4
   theta   tau estimand   truth
   <dbl> <dbl> <chr>      <dbl>
 1  0.3    0.2 de       -0.284 
 2  0.3    0.2 mu        0.447 
 3  0.3    0.2 mu_0      0.533 
 4  0.3    0.2 mu_1      0.249 
 5  0.3    0.2 oe        0.0765
 6  0.3    0.2 se_0      0.0382
 7  0.3    0.2 se_1      0.0288
 8  0.45   0.2 de       -0.274 
 9  0.45   0.2 mu        0.371 
10  0.45   0.2 mu_0      0.494 
11  0.45   0.2 mu_1      0.220 
12  0.45   0.2 oe        0     
13  0.45   0.2 se_0      0     
14  0.45   0.2 se_1      0     
15  0.6    0.2 de       -0.269 
16  0.6    0.2 mu        0.307 
17  0.6    0.2 mu_0      0.468 
18  0.6    0.2 mu_1      0.200 
19  0.6    0.2 oe       -0.0638
20  0.6    0.2 se_0     -0.0260
21  0.6    0.2 se_1     -0.0205
22  0.3    0.4 de       -0.269 
23  0.3    0.4 mu        0.552 
24  0.3    0.4 mu_0      0.633 
25  0.3    0.4 mu_1      0.364 
26  0.3    0.4 oe        0.0771
27  0.3    0.4 se_0      0.0384
28  0.3    0.4 se_1      0.0347
29  0.45   0.4 de       -0.265 
30  0.45   0.4 mu        0.475 
31  0.45   0.4 mu_0      0.594 
32  0.45   0.4 mu_1      0.329 
33  0.45   0.4 oe        0     
34  0.45   0.4 se_0      0     
35  0.45   0.4 se_1      0     
36  0.6    0.4 de       -0.264 
37  0.6    0.4 mu        0.410 
38  0.6    0.4 mu_0      0.568 
39  0.6    0.4 mu_1      0.304 
40  0.6    0.4 oe       -0.0655
41  0.6    0.4 se_0     -0.0264
42  0.6    0.4 se_1     -0.0252
[1] "[Analysis setting]"
[1] "taus: 0.4"
[1] "thetas: 0.3, 0.45, 0.6"
[1] "m: 200"
[1] "N_total: 2480"
[1] "cluster size dist'n: "

 5  6  7  8  9 10 11 12 13 14 15 16 17 18 19 20 
10 11  9 15 16 15 14 13 16  9 17 14  8 11 10 12 
[1] "observed time summary: "
    Min.  1st Qu.   Median     Mean  3rd Qu.     Max. 
 0.00000  0.02283  0.22232  0.63684  0.83176 10.42586 
[1] "event indicator table: "

   0    1 
1010 1470 
[1] "treatment indicator table: "

   0    1 
1278 1202 
[1] "C model fitted"
[1] "A model fitted"
[1] "Estimates computed"
[1] "SEs computed"
  estimand theta tau       est         se       PCL       PCU UCL UCU
1     mu_1  0.30 0.4 0.3136064 0.03502730 0.2449529 0.3822599   0   0
2     mu_1  0.45 0.4 0.3090277 0.02571925 0.2586180 0.3594375   0   0
3     mu_1  0.60 0.4 0.2639364 0.02403104 0.2168356 0.3110372   0   0
4     mu_0  0.30 0.4 0.4938932 0.02567365 0.4435729 0.5442136   0   0
5     mu_0  0.45 0.4 0.5231659 0.02273809 0.4785992 0.5677326   0   0
6     mu_0  0.60 0.4 0.5364619 0.02853653 0.4805303 0.5923935   0   0
[1] "Total run time was 1630.367 seconds"
###################################################
### Job finished at Thu Jun  5 12:22:20 EDT 2025 ###
###################################################
