##############################################################
### Job started at Thu Jun  5 11:55:27 EDT 2025 with m=200 for Chakladar IPCW ###
##############################################################
Loading required package: stats4

Attaching package: ‘sn’

The following object is masked from ‘package:stats’:

    sd

Loading required package: survival
Loading required package: Matrix

Attaching package: ‘dplyr’

The following objects are masked from ‘package:plyr’:

    arrange, count, desc, failwith, id, mutate, rename, summarise,
    summarize

The following objects are masked from ‘package:stats’:

    filter, lag

The following objects are masked from ‘package:base’:

    intersect, setdiff, setequal, union


Attaching package: ‘geex’

The following object is masked from ‘package:lme4’:

    show

The following object is masked from ‘package:Matrix’:

    show

The following object is masked from ‘package:sn’:

    show

The following object is masked from ‘package:stats4’:

    show

The following object is masked from ‘package:methods’:

    show

── Attaching core tidyverse packages ──────────────────────── tidyverse 2.0.0 ──
✔ forcats   1.0.0     ✔ readr     2.1.4
✔ ggplot2   3.4.4     ✔ stringr   1.5.1
✔ lubridate 1.9.3     ✔ tibble    3.2.1
✔ purrr     0.3.5     ✔ tidyr     1.2.1
── Conflicts ────────────────────────────────────────── tidyverse_conflicts() ──
✖ dplyr::arrange()   masks plyr::arrange()
✖ purrr::compact()   masks plyr::compact()
✖ dplyr::count()     masks plyr::count()
✖ dplyr::desc()      masks plyr::desc()
✖ lubridate::dst()   masks sn::dst()
✖ tidyr::expand()    masks Matrix::expand()
✖ dplyr::failwith()  masks plyr::failwith()
✖ dplyr::filter()    masks stats::filter()
✖ dplyr::id()        masks plyr::id()
✖ dplyr::lag()       masks stats::lag()
✖ dplyr::mutate()    masks plyr::mutate()
✖ tidyr::pack()      masks Matrix::pack()
✖ dplyr::rename()    masks plyr::rename()
✖ lubridate::show()  masks geex::show(), lme4::show(), Matrix::show(), sn::show(), stats4::show(), methods::show()
✖ dplyr::summarise() masks plyr::summarise()
✖ dplyr::summarize() masks plyr::summarize()
✖ tidyr::unpack()    masks Matrix::unpack()
ℹ Use the conflicted package (<http://conflicted.r-lib.org/>) to force all conflicts to become errors
# A tibble: 42 × 4
   theta   tau estimand   truth
   <dbl> <dbl> <chr>      <dbl>
 1  0.3    0.2 de       -0.284 
 2  0.3    0.2 mu        0.457 
 3  0.3    0.2 mu_0      0.542 
 4  0.3    0.2 mu_1      0.258 
 5  0.3    0.2 oe        0.0663
 6  0.3    0.2 se_0      0.0247
 7  0.3    0.2 se_1      0.0225
 8  0.45   0.2 de       -0.282 
 9  0.45   0.2 mu        0.391 
10  0.45   0.2 mu_0      0.518 
11  0.45   0.2 mu_1      0.236 
12  0.45   0.2 oe        0     
13  0.45   0.2 se_0      0     
14  0.45   0.2 se_1      0     
15  0.6    0.2 de       -0.281 
16  0.6    0.2 mu        0.328 
17  0.6    0.2 mu_0      0.497 
18  0.6    0.2 mu_1      0.215 
19  0.6    0.2 oe       -0.0630
20  0.6    0.2 se_0     -0.0210
21  0.6    0.2 se_1     -0.0205
22  0.3    0.4 de       -0.265 
23  0.3    0.4 mu        0.560 
24  0.3    0.4 mu_0      0.639 
25  0.3    0.4 mu_1      0.374 
26  0.3    0.4 oe        0.0637
27  0.3    0.4 se_0      0.0225
28  0.3    0.4 se_1      0.0257
29  0.45   0.4 de       -0.268 
30  0.45   0.4 mu        0.496 
31  0.45   0.4 mu_0      0.617 
32  0.45   0.4 mu_1      0.348 
33  0.45   0.4 oe        0     
34  0.45   0.4 se_0      0     
35  0.45   0.4 se_1      0     
36  0.6    0.4 de       -0.272 
37  0.6    0.4 mu        0.433 
38  0.6    0.4 mu_0      0.596 
39  0.6    0.4 mu_1      0.324 
40  0.6    0.4 oe       -0.0633
41  0.6    0.4 se_0     -0.0208
42  0.6    0.4 se_1     -0.0247
[1] "[Analysis setting]"
[1] "taus: 0.4"
[1] "thetas: 0.3, 0.45, 0.6"
[1] "m: 200"
[1] "N_total: 2413"
[1] "cluster size dist'n: "

 5  6  7  8  9 10 11 12 13 14 15 16 17 18 19 20 
14 16 12 15 15 13 16 15  5 12  6 14  9 12 14 12 
[1] "observed time summary: "
   Min. 1st Qu.  Median    Mean 3rd Qu.    Max. 
0.00000 0.02359 0.23183 0.67888 0.86726 9.82203 
[1] "event indicator table: "

   0    1 
 975 1438 
[1] "treatment indicator table: "

   0    1 
1236 1177 
[1] "C model fitted"
[1] "A model fitted"
[1] "Estimates computed"
[1] "SEs computed"
  estimand theta tau       est         se       PCL       PCU UCL UCU
1     mu_1  0.30 0.4 0.3130482 0.03320174 0.2479728 0.3781236   0   0
2     mu_1  0.45 0.4 0.2522895 0.01854253 0.2159461 0.2886328   0   0
3     mu_1  0.60 0.4 0.2550914 0.02151991 0.2129124 0.2972704   0   0
4     mu_0  0.30 0.4 0.6655636 0.09431277 0.4807105 0.8504166   0   0
5     mu_0  0.45 0.4 0.5009780 0.03581306 0.4307844 0.5711716   0   0
6     mu_0  0.60 0.4 0.4558196 0.02851964 0.3999211 0.5117181   0   0
Warning message:
In checkConv(attr(opt, "derivs"), opt$par, ctrl = control$checkConv,  :
  Model failed to converge with max|grad| = 0.00238867 (tol = 0.002, component 1)
[1] "Total run time was 1783.226 seconds"
###################################################
### Job finished at Thu Jun  5 12:25:11 EDT 2025 ###
###################################################
