##############################################################
### Job started at Thu Jun  5 11:55:36 EDT 2025 with m=200 for Chakladar IPCW ###
##############################################################
Loading required package: stats4

Attaching package: ‘sn’

The following object is masked from ‘package:stats’:

    sd

Loading required package: survival
Loading required package: Matrix

Attaching package: ‘dplyr’

The following objects are masked from ‘package:plyr’:

    arrange, count, desc, failwith, id, mutate, rename, summarise,
    summarize

The following objects are masked from ‘package:stats’:

    filter, lag

The following objects are masked from ‘package:base’:

    intersect, setdiff, setequal, union


Attaching package: ‘geex’

The following object is masked from ‘package:lme4’:

    show

The following object is masked from ‘package:Matrix’:

    show

The following object is masked from ‘package:sn’:

    show

The following object is masked from ‘package:stats4’:

    show

The following object is masked from ‘package:methods’:

    show

── Attaching core tidyverse packages ──────────────────────── tidyverse 2.0.0 ──
✔ forcats   1.0.0     ✔ readr     2.1.4
✔ ggplot2   3.4.4     ✔ stringr   1.5.1
✔ lubridate 1.9.3     ✔ tibble    3.2.1
✔ purrr     0.3.5     ✔ tidyr     1.2.1
── Conflicts ────────────────────────────────────────── tidyverse_conflicts() ──
✖ dplyr::arrange()   masks plyr::arrange()
✖ purrr::compact()   masks plyr::compact()
✖ dplyr::count()     masks plyr::count()
✖ dplyr::desc()      masks plyr::desc()
✖ lubridate::dst()   masks sn::dst()
✖ tidyr::expand()    masks Matrix::expand()
✖ dplyr::failwith()  masks plyr::failwith()
✖ dplyr::filter()    masks stats::filter()
✖ dplyr::id()        masks plyr::id()
✖ dplyr::lag()       masks stats::lag()
✖ dplyr::mutate()    masks plyr::mutate()
✖ tidyr::pack()      masks Matrix::pack()
✖ dplyr::rename()    masks plyr::rename()
✖ lubridate::show()  masks geex::show(), lme4::show(), Matrix::show(), sn::show(), stats4::show(), methods::show()
✖ dplyr::summarise() masks plyr::summarise()
✖ dplyr::summarize() masks plyr::summarize()
✖ tidyr::unpack()    masks Matrix::unpack()
ℹ Use the conflicted package (<http://conflicted.r-lib.org/>) to force all conflicts to become errors
# A tibble: 42 × 4
   theta   tau estimand    truth
   <dbl> <dbl> <chr>       <dbl>
 1  0.3    0.2 de       -0.282  
 2  0.3    0.2 mu        0.439  
 3  0.3    0.2 mu_0      0.524  
 4  0.3    0.2 mu_1      0.242  
 5  0.3    0.2 oe        0.0710 
 6  0.3    0.2 se_0      0.0339 
 7  0.3    0.2 se_1      0.0223 
 8  0.45   0.2 de       -0.270  
 9  0.45   0.2 mu        0.368  
10  0.45   0.2 mu_0      0.490  
11  0.45   0.2 mu_1      0.220  
12  0.45   0.2 oe        0      
13  0.45   0.2 se_0      0      
14  0.45   0.2 se_1      0      
15  0.6    0.2 de       -0.272  
16  0.6    0.2 mu        0.316  
17  0.6    0.2 mu_0      0.479  
18  0.6    0.2 mu_1      0.207  
19  0.6    0.2 oe       -0.0526 
20  0.6    0.2 se_0     -0.0110 
21  0.6    0.2 se_1     -0.0128 
22  0.3    0.4 de       -0.268  
23  0.3    0.4 mu        0.541  
24  0.3    0.4 mu_0      0.621  
25  0.3    0.4 mu_1      0.354  
26  0.3    0.4 oe        0.0706 
27  0.3    0.4 se_0      0.0341 
28  0.3    0.4 se_1      0.0259 
29  0.45   0.4 de       -0.259  
30  0.45   0.4 mu        0.470  
31  0.45   0.4 mu_0      0.587  
32  0.45   0.4 mu_1      0.328  
33  0.45   0.4 oe        0      
34  0.45   0.4 se_0      0      
35  0.45   0.4 se_1      0      
36  0.6    0.4 de       -0.264  
37  0.6    0.4 mu        0.420  
38  0.6    0.4 mu_0      0.578  
39  0.6    0.4 mu_1      0.314  
40  0.6    0.4 oe       -0.0509 
41  0.6    0.4 se_0     -0.00890
42  0.6    0.4 se_1     -0.0140 
[1] "[Analysis setting]"
[1] "taus: 0.4"
[1] "thetas: 0.3, 0.45, 0.6"
[1] "m: 200"
[1] "N_total: 2493"
[1] "cluster size dist'n: "

 5  6  7  8  9 10 11 12 13 14 15 16 17 18 19 20 
14 15 11 10 13 13  8 12 17  7 19 11 18 11  7 14 
[1] "observed time summary: "
    Min.  1st Qu.   Median     Mean  3rd Qu.     Max. 
 0.00000  0.01848  0.18948  0.59584  0.78460 10.21407 
[1] "event indicator table: "

   0    1 
1016 1477 
[1] "treatment indicator table: "

   0    1 
1352 1141 
[1] "C model fitted"
[1] "A model fitted"
[1] "Estimates computed"
[1] "SEs computed"
  estimand theta tau       est         se       PCL       PCU UCL UCU
1     mu_1  0.30 0.4 0.3832954 0.03202182 0.3205326 0.4460581   0   0
2     mu_1  0.45 0.4 0.2981602 0.02173661 0.2555564 0.3407639   0   0
3     mu_1  0.60 0.4 0.2619114 0.02168547 0.2194079 0.3044149   0   0
4     mu_0  0.30 0.4 0.5216184 0.03279173 0.4573466 0.5858902   0   0
5     mu_0  0.45 0.4 0.4999818 0.02916473 0.4428189 0.5571447   0   0
6     mu_0  0.60 0.4 0.4747976 0.03653231 0.4031943 0.5464010   0   0
Warning message:
In checkConv(attr(opt, "derivs"), opt$par, ctrl = control$checkConv,  :
  Model failed to converge with max|grad| = 0.00308604 (tol = 0.002, component 1)
[1] "Total run time was 1784.259 seconds"
###################################################
### Job finished at Thu Jun  5 12:25:20 EDT 2025 ###
###################################################
