##############################################################
### Job started at Thu Jun  5 11:55:09 EDT 2025 with m=200 for Chakladar IPCW ###
##############################################################
Loading required package: stats4

Attaching package: ‘sn’

The following object is masked from ‘package:stats’:

    sd

Loading required package: survival
Loading required package: Matrix

Attaching package: ‘dplyr’

The following objects are masked from ‘package:plyr’:

    arrange, count, desc, failwith, id, mutate, rename, summarise,
    summarize

The following objects are masked from ‘package:stats’:

    filter, lag

The following objects are masked from ‘package:base’:

    intersect, setdiff, setequal, union


Attaching package: ‘geex’

The following object is masked from ‘package:lme4’:

    show

The following object is masked from ‘package:Matrix’:

    show

The following object is masked from ‘package:sn’:

    show

The following object is masked from ‘package:stats4’:

    show

The following object is masked from ‘package:methods’:

    show

── Attaching core tidyverse packages ──────────────────────── tidyverse 2.0.0 ──
✔ forcats   1.0.0     ✔ readr     2.1.4
✔ ggplot2   3.4.4     ✔ stringr   1.5.1
✔ lubridate 1.9.3     ✔ tibble    3.2.1
✔ purrr     0.3.5     ✔ tidyr     1.2.1
── Conflicts ────────────────────────────────────────── tidyverse_conflicts() ──
✖ dplyr::arrange()   masks plyr::arrange()
✖ purrr::compact()   masks plyr::compact()
✖ dplyr::count()     masks plyr::count()
✖ dplyr::desc()      masks plyr::desc()
✖ lubridate::dst()   masks sn::dst()
✖ tidyr::expand()    masks Matrix::expand()
✖ dplyr::failwith()  masks plyr::failwith()
✖ dplyr::filter()    masks stats::filter()
✖ dplyr::id()        masks plyr::id()
✖ dplyr::lag()       masks stats::lag()
✖ dplyr::mutate()    masks plyr::mutate()
✖ tidyr::pack()      masks Matrix::pack()
✖ dplyr::rename()    masks plyr::rename()
✖ lubridate::show()  masks geex::show(), lme4::show(), Matrix::show(), sn::show(), stats4::show(), methods::show()
✖ dplyr::summarise() masks plyr::summarise()
✖ dplyr::summarize() masks plyr::summarize()
✖ tidyr::unpack()    masks Matrix::unpack()
ℹ Use the conflicted package (<http://conflicted.r-lib.org/>) to force all conflicts to become errors
# A tibble: 42 × 4
   theta   tau estimand   truth
   <dbl> <dbl> <chr>      <dbl>
 1  0.3    0.2 de       -0.295 
 2  0.3    0.2 mu        0.461 
 3  0.3    0.2 mu_0      0.550 
 4  0.3    0.2 mu_1      0.255 
 5  0.3    0.2 oe        0.0863
 6  0.3    0.2 se_0      0.0487
 7  0.3    0.2 se_1      0.0337
 8  0.45   0.2 de       -0.280 
 9  0.45   0.2 mu        0.375 
10  0.45   0.2 mu_0      0.501 
11  0.45   0.2 mu_1      0.221 
12  0.45   0.2 oe        0     
13  0.45   0.2 se_0      0     
14  0.45   0.2 se_1      0     
15  0.6    0.2 de       -0.264 
16  0.6    0.2 mu        0.304 
17  0.6    0.2 mu_0      0.462 
18  0.6    0.2 mu_1      0.198 
19  0.6    0.2 oe       -0.0714
20  0.6    0.2 se_0     -0.0394
21  0.6    0.2 se_1     -0.0227
22  0.3    0.4 de       -0.280 
23  0.3    0.4 mu        0.567 
24  0.3    0.4 mu_0      0.651 
25  0.3    0.4 mu_1      0.371 
26  0.3    0.4 oe        0.0887
27  0.3    0.4 se_0      0.0504
28  0.3    0.4 se_1      0.0421
29  0.45   0.4 de       -0.272 
30  0.45   0.4 mu        0.479 
31  0.45   0.4 mu_0      0.601 
32  0.45   0.4 mu_1      0.329 
33  0.45   0.4 oe        0     
34  0.45   0.4 se_0      0     
35  0.45   0.4 se_1      0     
36  0.6    0.4 de       -0.259 
37  0.6    0.4 mu        0.404 
38  0.6    0.4 mu_0      0.559 
39  0.6    0.4 mu_1      0.300 
40  0.6    0.4 oe       -0.0750
41  0.6    0.4 se_0     -0.0424
42  0.6    0.4 se_1     -0.0287
[1] "[Analysis setting]"
[1] "taus: 0.4"
[1] "thetas: 0.3, 0.45, 0.6"
[1] "m: 200"
[1] "N_total: 2483"
[1] "cluster size dist'n: "

 5  6  7  8  9 10 11 12 13 14 15 16 17 18 19 20 
17 13  6 12 16 13 12 18  8 10 11 12  7 20 20  5 
[1] "observed time summary: "
   Min. 1st Qu.  Median    Mean 3rd Qu.    Max. 
 0.0000  0.0213  0.2023  0.5976  0.7788  8.8901 
[1] "event indicator table: "

   0    1 
1002 1481 
[1] "treatment indicator table: "

   0    1 
1315 1168 
[1] "C model fitted"
[1] "A model fitted"
[1] "Estimates computed"
[1] "SEs computed"
  estimand theta tau       est        se         PCL       PCU UCL UCU
1     mu_1  0.30 0.4 0.2976449 0.1678047 -0.03125241 0.6265422   0   0
2     mu_1  0.45 0.4 0.3165752 0.3696444 -0.40792785 1.0410783   0   0
3     mu_1  0.60 0.4 0.2916436 0.1894162 -0.07961225 0.6628994   0   0
4     mu_0  0.30 0.4 0.5141374 0.2782882 -0.03130745 1.0595823   0   0
5     mu_0  0.45 0.4 0.5519486 0.5345957 -0.49585892 1.5997562   0   0
6     mu_0  0.60 0.4 0.5502707 0.5293142 -0.48718515 1.5877265   0   0
[1] "Total run time was 1576.23 seconds"
###################################################
### Job finished at Thu Jun  5 12:21:26 EDT 2025 ###
###################################################
