##############################################################
### Job started at Thu Jun  5 11:55:27 EDT 2025 with m=200 for Chakladar IPCW ###
##############################################################
Loading required package: stats4

Attaching package: ‘sn’

The following object is masked from ‘package:stats’:

    sd

Loading required package: survival
Loading required package: Matrix

Attaching package: ‘dplyr’

The following objects are masked from ‘package:plyr’:

    arrange, count, desc, failwith, id, mutate, rename, summarise,
    summarize

The following objects are masked from ‘package:stats’:

    filter, lag

The following objects are masked from ‘package:base’:

    intersect, setdiff, setequal, union


Attaching package: ‘geex’

The following object is masked from ‘package:lme4’:

    show

The following object is masked from ‘package:Matrix’:

    show

The following object is masked from ‘package:sn’:

    show

The following object is masked from ‘package:stats4’:

    show

The following object is masked from ‘package:methods’:

    show

── Attaching core tidyverse packages ──────────────────────── tidyverse 2.0.0 ──
✔ forcats   1.0.0     ✔ readr     2.1.4
✔ ggplot2   3.4.4     ✔ stringr   1.5.1
✔ lubridate 1.9.3     ✔ tibble    3.2.1
✔ purrr     0.3.5     ✔ tidyr     1.2.1
── Conflicts ────────────────────────────────────────── tidyverse_conflicts() ──
✖ dplyr::arrange()   masks plyr::arrange()
✖ purrr::compact()   masks plyr::compact()
✖ dplyr::count()     masks plyr::count()
✖ dplyr::desc()      masks plyr::desc()
✖ lubridate::dst()   masks sn::dst()
✖ tidyr::expand()    masks Matrix::expand()
✖ dplyr::failwith()  masks plyr::failwith()
✖ dplyr::filter()    masks stats::filter()
✖ dplyr::id()        masks plyr::id()
✖ dplyr::lag()       masks stats::lag()
✖ dplyr::mutate()    masks plyr::mutate()
✖ tidyr::pack()      masks Matrix::pack()
✖ dplyr::rename()    masks plyr::rename()
✖ lubridate::show()  masks geex::show(), lme4::show(), Matrix::show(), sn::show(), stats4::show(), methods::show()
✖ dplyr::summarise() masks plyr::summarise()
✖ dplyr::summarize() masks plyr::summarize()
✖ tidyr::unpack()    masks Matrix::unpack()
ℹ Use the conflicted package (<http://conflicted.r-lib.org/>) to force all conflicts to become errors
# A tibble: 42 × 4
   theta   tau estimand   truth
   <dbl> <dbl> <chr>      <dbl>
 1  0.3    0.2 de       -0.283 
 2  0.3    0.2 mu        0.444 
 3  0.3    0.2 mu_0      0.529 
 4  0.3    0.2 mu_1      0.245 
 5  0.3    0.2 oe        0.0713
 6  0.3    0.2 se_0      0.0334
 7  0.3    0.2 se_1      0.0231
 8  0.45   0.2 de       -0.273 
 9  0.45   0.2 mu        0.372 
10  0.45   0.2 mu_0      0.495 
11  0.45   0.2 mu_1      0.222 
12  0.45   0.2 oe        0     
13  0.45   0.2 se_0      0     
14  0.45   0.2 se_1      0     
15  0.6    0.2 de       -0.265 
16  0.6    0.2 mu        0.311 
17  0.6    0.2 mu_0      0.470 
18  0.6    0.2 mu_1      0.205 
19  0.6    0.2 oe       -0.0617
20  0.6    0.2 se_0     -0.0257
21  0.6    0.2 se_1     -0.0174
22  0.3    0.4 de       -0.269 
23  0.3    0.4 mu        0.547 
24  0.3    0.4 mu_0      0.628 
25  0.3    0.4 mu_1      0.359 
26  0.3    0.4 oe        0.0699
27  0.3    0.4 se_0      0.0318
28  0.3    0.4 se_1      0.0270
29  0.45   0.4 de       -0.264 
30  0.45   0.4 mu        0.477 
31  0.45   0.4 mu_0      0.596 
32  0.45   0.4 mu_1      0.332 
33  0.45   0.4 oe        0     
34  0.45   0.4 se_0      0     
35  0.45   0.4 se_1      0     
36  0.6    0.4 de       -0.258 
37  0.6    0.4 mu        0.415 
38  0.6    0.4 mu_0      0.570 
39  0.6    0.4 mu_1      0.312 
40  0.6    0.4 oe       -0.0621
41  0.6    0.4 se_0     -0.0261
42  0.6    0.4 se_1     -0.0201
[1] "[Analysis setting]"
[1] "taus: 0.4"
[1] "thetas: 0.3, 0.45, 0.6"
[1] "m: 200"
[1] "N_total: 2538"
[1] "cluster size dist'n: "

 5  6  7  8  9 10 11 12 13 14 15 16 17 18 19 20 
 9 19 14 10 13 12  7 12  9  8 19 12 14 12 17 13 
[1] "observed time summary: "
   Min. 1st Qu.  Median    Mean 3rd Qu.    Max. 
0.00000 0.02335 0.21200 0.63853 0.83800 9.72382 
[1] "event indicator table: "

   0    1 
 995 1543 
[1] "treatment indicator table: "

   0    1 
1319 1219 
[1] "C model fitted"
[1] "A model fitted"
[1] "Estimates computed"
[1] "SEs computed"
  estimand theta tau       est         se       PCL       PCU UCL UCU
1     mu_1  0.30 0.4 0.3192135 0.02811328 0.2641115 0.3743155   0   0
2     mu_1  0.45 0.4 0.3229314 0.02353242 0.2768078 0.3690549   0   0
3     mu_1  0.60 0.4 0.3028917 0.02343225 0.2569644 0.3488189   0   0
4     mu_0  0.30 0.4 0.5289022 0.06086142 0.4096138 0.6481906   0   0
5     mu_0  0.45 0.4 0.5573443 0.05323076 0.4530120 0.6616766   0   0
6     mu_0  0.60 0.4 0.5285592 0.04011445 0.4499348 0.6071835   0   0
[1] "Total run time was 1766.515 seconds"
###################################################
### Job finished at Thu Jun  5 12:24:54 EDT 2025 ###
###################################################
