##############################################################
### Job started at Thu Jun  5 11:55:10 EDT 2025 with m=200 for Chakladar IPCW ###
##############################################################
Loading required package: stats4

Attaching package: ‘sn’

The following object is masked from ‘package:stats’:

    sd

Loading required package: survival
Loading required package: Matrix

Attaching package: ‘dplyr’

The following objects are masked from ‘package:plyr’:

    arrange, count, desc, failwith, id, mutate, rename, summarise,
    summarize

The following objects are masked from ‘package:stats’:

    filter, lag

The following objects are masked from ‘package:base’:

    intersect, setdiff, setequal, union


Attaching package: ‘geex’

The following object is masked from ‘package:lme4’:

    show

The following object is masked from ‘package:Matrix’:

    show

The following object is masked from ‘package:sn’:

    show

The following object is masked from ‘package:stats4’:

    show

The following object is masked from ‘package:methods’:

    show

── Attaching core tidyverse packages ──────────────────────── tidyverse 2.0.0 ──
✔ forcats   1.0.0     ✔ readr     2.1.4
✔ ggplot2   3.4.4     ✔ stringr   1.5.1
✔ lubridate 1.9.3     ✔ tibble    3.2.1
✔ purrr     0.3.5     ✔ tidyr     1.2.1
── Conflicts ────────────────────────────────────────── tidyverse_conflicts() ──
✖ dplyr::arrange()   masks plyr::arrange()
✖ purrr::compact()   masks plyr::compact()
✖ dplyr::count()     masks plyr::count()
✖ dplyr::desc()      masks plyr::desc()
✖ lubridate::dst()   masks sn::dst()
✖ tidyr::expand()    masks Matrix::expand()
✖ dplyr::failwith()  masks plyr::failwith()
✖ dplyr::filter()    masks stats::filter()
✖ dplyr::id()        masks plyr::id()
✖ dplyr::lag()       masks stats::lag()
✖ dplyr::mutate()    masks plyr::mutate()
✖ tidyr::pack()      masks Matrix::pack()
✖ dplyr::rename()    masks plyr::rename()
✖ lubridate::show()  masks geex::show(), lme4::show(), Matrix::show(), sn::show(), stats4::show(), methods::show()
✖ dplyr::summarise() masks plyr::summarise()
✖ dplyr::summarize() masks plyr::summarize()
✖ tidyr::unpack()    masks Matrix::unpack()
ℹ Use the conflicted package (<http://conflicted.r-lib.org/>) to force all conflicts to become errors
# A tibble: 42 × 4
   theta   tau estimand   truth
   <dbl> <dbl> <chr>      <dbl>
 1  0.3    0.2 de       -0.287 
 2  0.3    0.2 mu        0.457 
 3  0.3    0.2 mu_0      0.543 
 4  0.3    0.2 mu_1      0.256 
 5  0.3    0.2 oe        0.0731
 6  0.3    0.2 se_0      0.0343
 7  0.3    0.2 se_1      0.0248
 8  0.45   0.2 de       -0.278 
 9  0.45   0.2 mu        0.384 
10  0.45   0.2 mu_0      0.509 
11  0.45   0.2 mu_1      0.231 
12  0.45   0.2 oe        0     
13  0.45   0.2 se_0      0     
14  0.45   0.2 se_1      0     
15  0.6    0.2 de       -0.279 
16  0.6    0.2 mu        0.321 
17  0.6    0.2 mu_0      0.488 
18  0.6    0.2 mu_1      0.209 
19  0.6    0.2 oe       -0.0630
20  0.6    0.2 se_0     -0.0206
21  0.6    0.2 se_1     -0.0217
22  0.3    0.4 de       -0.270 
23  0.3    0.4 mu        0.561 
24  0.3    0.4 mu_0      0.642 
25  0.3    0.4 mu_1      0.372 
26  0.3    0.4 oe        0.0724
27  0.3    0.4 se_0      0.0340
28  0.3    0.4 se_1      0.0294
29  0.45   0.4 de       -0.265 
30  0.45   0.4 mu        0.488 
31  0.45   0.4 mu_0      0.608 
32  0.45   0.4 mu_1      0.342 
33  0.45   0.4 oe        0     
34  0.45   0.4 se_0      0     
35  0.45   0.4 se_1      0     
36  0.6    0.4 de       -0.272 
37  0.6    0.4 mu        0.424 
38  0.6    0.4 mu_0      0.587 
39  0.6    0.4 mu_1      0.315 
40  0.6    0.4 oe       -0.0642
41  0.6    0.4 se_0     -0.0203
42  0.6    0.4 se_1     -0.0271
[1] "[Analysis setting]"
[1] "taus: 0.4"
[1] "thetas: 0.3, 0.45, 0.6"
[1] "m: 200"
[1] "N_total: 2515"
[1] "cluster size dist'n: "

 5  6  7  8  9 10 11 12 13 14 15 16 17 18 19 20 
24 10  9 12  8 18  5 12  4 16 13 13 13 13  9 21 
[1] "observed time summary: "
    Min.  1st Qu.   Median     Mean  3rd Qu.     Max. 
 0.00000  0.01862  0.19253  0.58826  0.75018 10.29861 
[1] "event indicator table: "

   0    1 
 988 1527 
[1] "treatment indicator table: "

   0    1 
1320 1195 
[1] "C model fitted"
[1] "A model fitted"
[1] "Estimates computed"
[1] "SEs computed"
  estimand theta tau       est         se       PCL       PCU UCL UCU
1     mu_1  0.30 0.4 0.3310891 0.03270586 0.2669856 0.3951926   0   0
2     mu_1  0.45 0.4 0.3255821 0.02338251 0.2797524 0.3714118   0   0
3     mu_1  0.60 0.4 0.3020020 0.02834068 0.2464542 0.3575497   0   0
4     mu_0  0.30 0.4 0.5145073 0.03810867 0.4398143 0.5892003   0   0
5     mu_0  0.45 0.4 0.5124514 0.02882267 0.4559589 0.5689438   0   0
6     mu_0  0.60 0.4 0.5328790 0.03660406 0.4611351 0.6046230   0   0
[1] "Total run time was 1732.003 seconds"
###################################################
### Job finished at Thu Jun  5 12:24:02 EDT 2025 ###
###################################################
