##############################################################
### Job started at Thu Jun  5 11:55:09 EDT 2025 with m=200 for Chakladar IPCW ###
##############################################################
Loading required package: stats4

Attaching package: ‘sn’

The following object is masked from ‘package:stats’:

    sd

Loading required package: survival
Loading required package: Matrix

Attaching package: ‘dplyr’

The following objects are masked from ‘package:plyr’:

    arrange, count, desc, failwith, id, mutate, rename, summarise,
    summarize

The following objects are masked from ‘package:stats’:

    filter, lag

The following objects are masked from ‘package:base’:

    intersect, setdiff, setequal, union


Attaching package: ‘geex’

The following object is masked from ‘package:lme4’:

    show

The following object is masked from ‘package:Matrix’:

    show

The following object is masked from ‘package:sn’:

    show

The following object is masked from ‘package:stats4’:

    show

The following object is masked from ‘package:methods’:

    show

── Attaching core tidyverse packages ──────────────────────── tidyverse 2.0.0 ──
✔ forcats   1.0.0     ✔ readr     2.1.4
✔ ggplot2   3.4.4     ✔ stringr   1.5.1
✔ lubridate 1.9.3     ✔ tibble    3.2.1
✔ purrr     0.3.5     ✔ tidyr     1.2.1
── Conflicts ────────────────────────────────────────── tidyverse_conflicts() ──
✖ dplyr::arrange()   masks plyr::arrange()
✖ purrr::compact()   masks plyr::compact()
✖ dplyr::count()     masks plyr::count()
✖ dplyr::desc()      masks plyr::desc()
✖ lubridate::dst()   masks sn::dst()
✖ tidyr::expand()    masks Matrix::expand()
✖ dplyr::failwith()  masks plyr::failwith()
✖ dplyr::filter()    masks stats::filter()
✖ dplyr::id()        masks plyr::id()
✖ dplyr::lag()       masks stats::lag()
✖ dplyr::mutate()    masks plyr::mutate()
✖ tidyr::pack()      masks Matrix::pack()
✖ dplyr::rename()    masks plyr::rename()
✖ lubridate::show()  masks geex::show(), lme4::show(), Matrix::show(), sn::show(), stats4::show(), methods::show()
✖ dplyr::summarise() masks plyr::summarise()
✖ dplyr::summarize() masks plyr::summarize()
✖ tidyr::unpack()    masks Matrix::unpack()
ℹ Use the conflicted package (<http://conflicted.r-lib.org/>) to force all conflicts to become errors
# A tibble: 42 × 4
   theta   tau estimand   truth
   <dbl> <dbl> <chr>      <dbl>
 1  0.3    0.2 de       -0.279 
 2  0.3    0.2 mu        0.439 
 3  0.3    0.2 mu_0      0.522 
 4  0.3    0.2 mu_1      0.243 
 5  0.3    0.2 oe        0.0733
 6  0.3    0.2 se_0      0.0364
 7  0.3    0.2 se_1      0.0254
 8  0.45   0.2 de       -0.268 
 9  0.45   0.2 mu        0.365 
10  0.45   0.2 mu_0      0.486 
11  0.45   0.2 mu_1      0.218 
12  0.45   0.2 oe        0     
13  0.45   0.2 se_0      0     
14  0.45   0.2 se_1      0     
15  0.6    0.2 de       -0.260 
16  0.6    0.2 mu        0.307 
17  0.6    0.2 mu_0      0.463 
18  0.6    0.2 mu_1      0.203 
19  0.6    0.2 oe       -0.0588
20  0.6    0.2 se_0     -0.0234
21  0.6    0.2 se_1     -0.0153
22  0.3    0.4 de       -0.265 
23  0.3    0.4 mu        0.542 
24  0.3    0.4 mu_0      0.622 
25  0.3    0.4 mu_1      0.357 
26  0.3    0.4 oe        0.0733
27  0.3    0.4 se_0      0.0361
28  0.3    0.4 se_1      0.0303
29  0.45   0.4 de       -0.259 
30  0.45   0.4 mu        0.469 
31  0.45   0.4 mu_0      0.586 
32  0.45   0.4 mu_1      0.326 
33  0.45   0.4 oe        0     
34  0.45   0.4 se_0      0     
35  0.45   0.4 se_1      0     
36  0.6    0.4 de       -0.254 
37  0.6    0.4 mu        0.410 
38  0.6    0.4 mu_0      0.563 
39  0.6    0.4 mu_1      0.309 
40  0.6    0.4 oe       -0.0587
41  0.6    0.4 se_0     -0.0231
42  0.6    0.4 se_1     -0.0175
[1] "[Analysis setting]"
[1] "taus: 0.4"
[1] "thetas: 0.3, 0.45, 0.6"
[1] "m: 200"
[1] "N_total: 2472"
[1] "cluster size dist'n: "

 5  6  7  8  9 10 11 12 13 14 15 16 17 18 19 20 
11 17 11 12 14 11 16 12 11 13  9 19 10 11  6 17 
[1] "observed time summary: "
   Min. 1st Qu.  Median    Mean 3rd Qu.    Max. 
 0.0000  0.0139  0.1726  0.5643  0.7281 10.5472 
[1] "event indicator table: "

   0    1 
 947 1525 
[1] "treatment indicator table: "

   0    1 
1348 1124 
[1] "C model fitted"
[1] "A model fitted"
[1] "Estimates computed"
[1] "SEs computed"
  estimand theta tau       est         se       PCL       PCU UCL UCU
1     mu_1  0.30 0.4 0.3519467 0.03207773 0.2890743 0.4148190   0   0
2     mu_1  0.45 0.4 0.3847801 0.02971687 0.3265350 0.4430252   0   0
3     mu_1  0.60 0.4 0.3648245 0.03186047 0.3023779 0.4272710   0   0
4     mu_0  0.30 0.4 0.4726830 0.02580948 0.4220964 0.5232695   0   0
5     mu_0  0.45 0.4 0.5502107 0.03046809 0.4904932 0.6099281   0   0
6     mu_0  0.60 0.4 0.5962562 0.03826088 0.5212649 0.6712475   0   0
[1] "Total run time was 1678.916 seconds"
###################################################
### Job finished at Thu Jun  5 12:23:08 EDT 2025 ###
###################################################
