##############################################################
### Job started at Thu Jun  5 11:55:09 EDT 2025 with m=200 for Chakladar IPCW ###
##############################################################
Loading required package: stats4

Attaching package: ‘sn’

The following object is masked from ‘package:stats’:

    sd

Loading required package: survival
Loading required package: Matrix

Attaching package: ‘dplyr’

The following objects are masked from ‘package:plyr’:

    arrange, count, desc, failwith, id, mutate, rename, summarise,
    summarize

The following objects are masked from ‘package:stats’:

    filter, lag

The following objects are masked from ‘package:base’:

    intersect, setdiff, setequal, union


Attaching package: ‘geex’

The following object is masked from ‘package:lme4’:

    show

The following object is masked from ‘package:Matrix’:

    show

The following object is masked from ‘package:sn’:

    show

The following object is masked from ‘package:stats4’:

    show

The following object is masked from ‘package:methods’:

    show

── Attaching core tidyverse packages ──────────────────────── tidyverse 2.0.0 ──
✔ forcats   1.0.0     ✔ readr     2.1.4
✔ ggplot2   3.4.4     ✔ stringr   1.5.1
✔ lubridate 1.9.3     ✔ tibble    3.2.1
✔ purrr     0.3.5     ✔ tidyr     1.2.1
── Conflicts ────────────────────────────────────────── tidyverse_conflicts() ──
✖ dplyr::arrange()   masks plyr::arrange()
✖ purrr::compact()   masks plyr::compact()
✖ dplyr::count()     masks plyr::count()
✖ dplyr::desc()      masks plyr::desc()
✖ lubridate::dst()   masks sn::dst()
✖ tidyr::expand()    masks Matrix::expand()
✖ dplyr::failwith()  masks plyr::failwith()
✖ dplyr::filter()    masks stats::filter()
✖ dplyr::id()        masks plyr::id()
✖ dplyr::lag()       masks stats::lag()
✖ dplyr::mutate()    masks plyr::mutate()
✖ tidyr::pack()      masks Matrix::pack()
✖ dplyr::rename()    masks plyr::rename()
✖ lubridate::show()  masks geex::show(), lme4::show(), Matrix::show(), sn::show(), stats4::show(), methods::show()
✖ dplyr::summarise() masks plyr::summarise()
✖ dplyr::summarize() masks plyr::summarize()
✖ tidyr::unpack()    masks Matrix::unpack()
ℹ Use the conflicted package (<http://conflicted.r-lib.org/>) to force all conflicts to become errors
# A tibble: 42 × 4
   theta   tau estimand   truth
   <dbl> <dbl> <chr>      <dbl>
 1  0.3    0.2 de       -0.293 
 2  0.3    0.2 mu        0.467 
 3  0.3    0.2 mu_0      0.555 
 4  0.3    0.2 mu_1      0.263 
 5  0.3    0.2 oe        0.0765
 6  0.3    0.2 se_0      0.0395
 7  0.3    0.2 se_1      0.0241
 8  0.45   0.2 de       -0.277 
 9  0.45   0.2 mu        0.391 
10  0.45   0.2 mu_0      0.516 
11  0.45   0.2 mu_1      0.238 
12  0.45   0.2 oe        0     
13  0.45   0.2 se_0      0     
14  0.45   0.2 se_1      0     
15  0.6    0.2 de       -0.275 
16  0.6    0.2 mu        0.330 
17  0.6    0.2 mu_0      0.495 
18  0.6    0.2 mu_1      0.220 
19  0.6    0.2 oe       -0.0607
20  0.6    0.2 se_0     -0.0207
21  0.6    0.2 se_1     -0.0181
22  0.3    0.4 de       -0.275 
23  0.3    0.4 mu        0.574 
24  0.3    0.4 mu_0      0.656 
25  0.3    0.4 mu_1      0.381 
26  0.3    0.4 oe        0.0754
27  0.3    0.4 se_0      0.0390
28  0.3    0.4 se_1      0.0282
29  0.45   0.4 de       -0.264 
30  0.45   0.4 mu        0.499 
31  0.45   0.4 mu_0      0.618 
32  0.45   0.4 mu_1      0.353 
33  0.45   0.4 oe        0     
34  0.45   0.4 se_0      0     
35  0.45   0.4 se_1      0     
36  0.6    0.4 de       -0.266 
37  0.6    0.4 mu        0.438 
38  0.6    0.4 mu_0      0.597 
39  0.6    0.4 mu_1      0.332 
40  0.6    0.4 oe       -0.0607
41  0.6    0.4 se_0     -0.0202
42  0.6    0.4 se_1     -0.0216
[1] "[Analysis setting]"
[1] "taus: 0.4"
[1] "thetas: 0.3, 0.45, 0.6"
[1] "m: 200"
[1] "N_total: 2497"
[1] "cluster size dist'n: "

 5  6  7  8  9 10 11 12 13 14 15 16 17 18 19 20 
11  9 12 15 18 12 11 12 16 15 10 11 11 11 12 14 
[1] "observed time summary: "
    Min.  1st Qu.   Median     Mean  3rd Qu.     Max. 
 0.00000  0.01971  0.19516  0.65250  0.76952 11.30364 
[1] "event indicator table: "

   0    1 
1021 1476 
[1] "treatment indicator table: "

   0    1 
1293 1204 
[1] "C model fitted"
[1] "A model fitted"
[1] "Estimates computed"
[1] "SEs computed"
  estimand theta tau       est         se       PCL       PCU UCL UCU
1     mu_1  0.30 0.4 0.3395651 0.03564623 0.2696985 0.4094317   0   0
2     mu_1  0.45 0.4 0.3329197 0.02454213 0.2848171 0.3810223   0   0
3     mu_1  0.60 0.4 0.3130242 0.02769835 0.2587354 0.3673130   0   0
4     mu_0  0.30 0.4 0.4809295 0.02930896 0.4234839 0.5383751   0   0
5     mu_0  0.45 0.4 0.5022192 0.03694714 0.4298028 0.5746356   0   0
6     mu_0  0.60 0.4 0.4878130 0.03304820 0.4230385 0.5525874   0   0
[1] "Total run time was 1644.672 seconds"
###################################################
### Job finished at Thu Jun  5 12:22:34 EDT 2025 ###
###################################################
