##############################################################
### Job started at Thu Jun  5 11:55:09 EDT 2025 with m=200 for Chakladar IPCW ###
##############################################################
Loading required package: stats4

Attaching package: ‘sn’

The following object is masked from ‘package:stats’:

    sd

Loading required package: survival
Loading required package: Matrix

Attaching package: ‘dplyr’

The following objects are masked from ‘package:plyr’:

    arrange, count, desc, failwith, id, mutate, rename, summarise,
    summarize

The following objects are masked from ‘package:stats’:

    filter, lag

The following objects are masked from ‘package:base’:

    intersect, setdiff, setequal, union


Attaching package: ‘geex’

The following object is masked from ‘package:lme4’:

    show

The following object is masked from ‘package:Matrix’:

    show

The following object is masked from ‘package:sn’:

    show

The following object is masked from ‘package:stats4’:

    show

The following object is masked from ‘package:methods’:

    show

── Attaching core tidyverse packages ──────────────────────── tidyverse 2.0.0 ──
✔ forcats   1.0.0     ✔ readr     2.1.4
✔ ggplot2   3.4.4     ✔ stringr   1.5.1
✔ lubridate 1.9.3     ✔ tibble    3.2.1
✔ purrr     0.3.5     ✔ tidyr     1.2.1
── Conflicts ────────────────────────────────────────── tidyverse_conflicts() ──
✖ dplyr::arrange()   masks plyr::arrange()
✖ purrr::compact()   masks plyr::compact()
✖ dplyr::count()     masks plyr::count()
✖ dplyr::desc()      masks plyr::desc()
✖ lubridate::dst()   masks sn::dst()
✖ tidyr::expand()    masks Matrix::expand()
✖ dplyr::failwith()  masks plyr::failwith()
✖ dplyr::filter()    masks stats::filter()
✖ dplyr::id()        masks plyr::id()
✖ dplyr::lag()       masks stats::lag()
✖ dplyr::mutate()    masks plyr::mutate()
✖ tidyr::pack()      masks Matrix::pack()
✖ dplyr::rename()    masks plyr::rename()
✖ lubridate::show()  masks geex::show(), lme4::show(), Matrix::show(), sn::show(), stats4::show(), methods::show()
✖ dplyr::summarise() masks plyr::summarise()
✖ dplyr::summarize() masks plyr::summarize()
✖ tidyr::unpack()    masks Matrix::unpack()
ℹ Use the conflicted package (<http://conflicted.r-lib.org/>) to force all conflicts to become errors
# A tibble: 42 × 4
   theta   tau estimand   truth
   <dbl> <dbl> <chr>      <dbl>
 1  0.3    0.2 de       -0.282 
 2  0.3    0.2 mu        0.450 
 3  0.3    0.2 mu_0      0.534 
 4  0.3    0.2 mu_1      0.252 
 5  0.3    0.2 oe        0.0715
 6  0.3    0.2 se_0      0.0319
 7  0.3    0.2 se_1      0.0261
 8  0.45   0.2 de       -0.276 
 9  0.45   0.2 mu        0.378 
10  0.45   0.2 mu_0      0.502 
11  0.45   0.2 mu_1      0.226 
12  0.45   0.2 oe        0     
13  0.45   0.2 se_0      0     
14  0.45   0.2 se_1      0     
15  0.6    0.2 de       -0.266 
16  0.6    0.2 mu        0.309 
17  0.6    0.2 mu_0      0.468 
18  0.6    0.2 mu_1      0.202 
19  0.6    0.2 oe       -0.0695
20  0.6    0.2 se_0     -0.0340
21  0.6    0.2 se_1     -0.0241
22  0.3    0.4 de       -0.266 
23  0.3    0.4 mu        0.554 
24  0.3    0.4 mu_0      0.634 
25  0.3    0.4 mu_1      0.368 
26  0.3    0.4 oe        0.0712
27  0.3    0.4 se_0      0.0313
28  0.3    0.4 se_1      0.0315
29  0.45   0.4 de       -0.266 
30  0.45   0.4 mu        0.483 
31  0.45   0.4 mu_0      0.603 
32  0.45   0.4 mu_1      0.337 
33  0.45   0.4 oe        0     
34  0.45   0.4 se_0      0     
35  0.45   0.4 se_1      0     
36  0.6    0.4 de       -0.260 
37  0.6    0.4 mu        0.410 
38  0.6    0.4 mu_0      0.566 
39  0.6    0.4 mu_1      0.306 
40  0.6    0.4 oe       -0.0728
41  0.6    0.4 se_0     -0.0364
42  0.6    0.4 se_1     -0.0305
[1] "[Analysis setting]"
[1] "taus: 0.4"
[1] "thetas: 0.3, 0.45, 0.6"
[1] "m: 200"
[1] "N_total: 2559"
[1] "cluster size dist'n: "

 5  6  7  8  9 10 11 12 13 14 15 16 17 18 19 20 
 9 13 11 12  9 12 12 14 19  9 13 18 13  8 19  9 
[1] "observed time summary: "
    Min.  1st Qu.   Median     Mean  3rd Qu.     Max. 
 0.00000  0.01957  0.22912  0.61506  0.76406 10.19177 
[1] "event indicator table: "

   0    1 
1001 1558 
[1] "treatment indicator table: "

   0    1 
1351 1208 
[1] "C model fitted"
[1] "A model fitted"
[1] "Estimates computed"
[1] "SEs computed"
  estimand theta tau       est         se       PCL       PCU UCL UCU
1     mu_1  0.30 0.4 0.3292394 0.03476396 0.2611021 0.3973768   0   0
2     mu_1  0.45 0.4 0.3002242 0.02528067 0.2506741 0.3497744   0   0
3     mu_1  0.60 0.4 0.2852431 0.02577413 0.2347258 0.3357604   0   0
4     mu_0  0.30 0.4 0.4879353 0.02974950 0.4296263 0.5462443   0   0
5     mu_0  0.45 0.4 0.4945751 0.02516120 0.4452591 0.5438910   0   0
6     mu_0  0.60 0.4 0.5024530 0.03147687 0.4407583 0.5641477   0   0
[1] "Total run time was 1555.322 seconds"
###################################################
### Job finished at Thu Jun  5 12:21:05 EDT 2025 ###
###################################################
