##############################################################
### Job started at Thu Jun  5 11:55:07 EDT 2025 with m=200 for Chakladar IPCW ###
##############################################################
Loading required package: stats4

Attaching package: ‘sn’

The following object is masked from ‘package:stats’:

    sd

Loading required package: survival
Loading required package: Matrix

Attaching package: ‘dplyr’

The following objects are masked from ‘package:plyr’:

    arrange, count, desc, failwith, id, mutate, rename, summarise,
    summarize

The following objects are masked from ‘package:stats’:

    filter, lag

The following objects are masked from ‘package:base’:

    intersect, setdiff, setequal, union


Attaching package: ‘geex’

The following object is masked from ‘package:lme4’:

    show

The following object is masked from ‘package:Matrix’:

    show

The following object is masked from ‘package:sn’:

    show

The following object is masked from ‘package:stats4’:

    show

The following object is masked from ‘package:methods’:

    show

── Attaching core tidyverse packages ──────────────────────── tidyverse 2.0.0 ──
✔ forcats   1.0.0     ✔ readr     2.1.4
✔ ggplot2   3.4.4     ✔ stringr   1.5.1
✔ lubridate 1.9.3     ✔ tibble    3.2.1
✔ purrr     0.3.5     ✔ tidyr     1.2.1
── Conflicts ────────────────────────────────────────── tidyverse_conflicts() ──
✖ dplyr::arrange()   masks plyr::arrange()
✖ purrr::compact()   masks plyr::compact()
✖ dplyr::count()     masks plyr::count()
✖ dplyr::desc()      masks plyr::desc()
✖ lubridate::dst()   masks sn::dst()
✖ tidyr::expand()    masks Matrix::expand()
✖ dplyr::failwith()  masks plyr::failwith()
✖ dplyr::filter()    masks stats::filter()
✖ dplyr::id()        masks plyr::id()
✖ dplyr::lag()       masks stats::lag()
✖ dplyr::mutate()    masks plyr::mutate()
✖ tidyr::pack()      masks Matrix::pack()
✖ dplyr::rename()    masks plyr::rename()
✖ lubridate::show()  masks geex::show(), lme4::show(), Matrix::show(), sn::show(), stats4::show(), methods::show()
✖ dplyr::summarise() masks plyr::summarise()
✖ dplyr::summarize() masks plyr::summarize()
✖ tidyr::unpack()    masks Matrix::unpack()
ℹ Use the conflicted package (<http://conflicted.r-lib.org/>) to force all conflicts to become errors
# A tibble: 42 × 4
   theta   tau estimand   truth
   <dbl> <dbl> <chr>      <dbl>
 1  0.3    0.2 de       -0.302 
 2  0.3    0.2 mu        0.478 
 3  0.3    0.2 mu_0      0.569 
 4  0.3    0.2 mu_1      0.266 
 5  0.3    0.2 oe        0.0861
 6  0.3    0.2 se_0      0.0466
 7  0.3    0.2 se_1      0.0336
 8  0.45   0.2 de       -0.289 
 9  0.45   0.2 mu        0.392 
10  0.45   0.2 mu_0      0.522 
11  0.45   0.2 mu_1      0.233 
12  0.45   0.2 oe        0     
13  0.45   0.2 se_0      0     
14  0.45   0.2 se_1      0     
15  0.6    0.2 de       -0.276 
16  0.6    0.2 mu        0.317 
17  0.6    0.2 mu_0      0.482 
18  0.6    0.2 mu_1      0.207 
19  0.6    0.2 oe       -0.0750
20  0.6    0.2 se_0     -0.0398
21  0.6    0.2 se_1     -0.0262
22  0.3    0.4 de       -0.284 
23  0.3    0.4 mu        0.584 
24  0.3    0.4 mu_0      0.669 
25  0.3    0.4 mu_1      0.385 
26  0.3    0.4 oe        0.0874
27  0.3    0.4 se_0      0.0478
28  0.3    0.4 se_1      0.0411
29  0.45   0.4 de       -0.278 
30  0.45   0.4 mu        0.496 
31  0.45   0.4 mu_0      0.621 
32  0.45   0.4 mu_1      0.344 
33  0.45   0.4 oe        0     
34  0.45   0.4 se_0      0     
35  0.45   0.4 se_1      0     
36  0.6    0.4 de       -0.268 
37  0.6    0.4 mu        0.418 
38  0.6    0.4 mu_0      0.579 
39  0.6    0.4 mu_1      0.311 
40  0.6    0.4 oe       -0.0784
41  0.6    0.4 se_0     -0.0425
42  0.6    0.4 se_1     -0.0329
[1] "[Analysis setting]"
[1] "taus: 0.4"
[1] "thetas: 0.3, 0.45, 0.6"
[1] "m: 200"
[1] "N_total: 2415"
[1] "cluster size dist'n: "

 5  6  7  8  9 10 11 12 13 14 15 16 17 18 19 20 
13 11 18 14 12 16 13  9 17 13 11 11  7 11 14 10 
[1] "observed time summary: "
   Min. 1st Qu.  Median    Mean 3rd Qu.    Max. 
 0.0000  0.0151  0.1917  0.5973  0.7283  8.9046 
[1] "event indicator table: "

   0    1 
 939 1476 
[1] "treatment indicator table: "

   0    1 
1287 1128 
[1] "C model fitted"
[1] "A model fitted"
[1] "Estimates computed"
[1] "SEs computed"
  estimand theta tau       est         se       PCL       PCU UCL UCU
1     mu_1  0.30 0.4 0.3342016 0.02524463 0.2847221 0.3836811   0   0
2     mu_1  0.45 0.4 0.3136774 0.01990124 0.2746710 0.3526839   0   0
3     mu_1  0.60 0.4 0.3047159 0.02070961 0.2641251 0.3453067   0   0
4     mu_0  0.30 0.4 0.5119926 0.02816928 0.4567809 0.5672044   0   0
5     mu_0  0.45 0.4 0.5315340 0.02468316 0.4831550 0.5799130   0   0
6     mu_0  0.60 0.4 0.5714703 0.03151271 0.5097053 0.6332352   0   0
[1] "Total run time was 1684.106 seconds"
###################################################
### Job finished at Thu Jun  5 12:23:12 EDT 2025 ###
###################################################
