##############################################################
### Job started at Thu Jun  5 11:55:09 EDT 2025 with m=200 for Chakladar IPCW ###
##############################################################
Loading required package: stats4

Attaching package: ‘sn’

The following object is masked from ‘package:stats’:

    sd

Loading required package: survival
Loading required package: Matrix

Attaching package: ‘dplyr’

The following objects are masked from ‘package:plyr’:

    arrange, count, desc, failwith, id, mutate, rename, summarise,
    summarize

The following objects are masked from ‘package:stats’:

    filter, lag

The following objects are masked from ‘package:base’:

    intersect, setdiff, setequal, union


Attaching package: ‘geex’

The following object is masked from ‘package:lme4’:

    show

The following object is masked from ‘package:Matrix’:

    show

The following object is masked from ‘package:sn’:

    show

The following object is masked from ‘package:stats4’:

    show

The following object is masked from ‘package:methods’:

    show

── Attaching core tidyverse packages ──────────────────────── tidyverse 2.0.0 ──
✔ forcats   1.0.0     ✔ readr     2.1.4
✔ ggplot2   3.4.4     ✔ stringr   1.5.1
✔ lubridate 1.9.3     ✔ tibble    3.2.1
✔ purrr     0.3.5     ✔ tidyr     1.2.1
── Conflicts ────────────────────────────────────────── tidyverse_conflicts() ──
✖ dplyr::arrange()   masks plyr::arrange()
✖ purrr::compact()   masks plyr::compact()
✖ dplyr::count()     masks plyr::count()
✖ dplyr::desc()      masks plyr::desc()
✖ lubridate::dst()   masks sn::dst()
✖ tidyr::expand()    masks Matrix::expand()
✖ dplyr::failwith()  masks plyr::failwith()
✖ dplyr::filter()    masks stats::filter()
✖ dplyr::id()        masks plyr::id()
✖ dplyr::lag()       masks stats::lag()
✖ dplyr::mutate()    masks plyr::mutate()
✖ tidyr::pack()      masks Matrix::pack()
✖ dplyr::rename()    masks plyr::rename()
✖ lubridate::show()  masks geex::show(), lme4::show(), Matrix::show(), sn::show(), stats4::show(), methods::show()
✖ dplyr::summarise() masks plyr::summarise()
✖ dplyr::summarize() masks plyr::summarize()
✖ tidyr::unpack()    masks Matrix::unpack()
ℹ Use the conflicted package (<http://conflicted.r-lib.org/>) to force all conflicts to become errors
# A tibble: 42 × 4
   theta   tau estimand   truth
   <dbl> <dbl> <chr>      <dbl>
 1  0.3    0.2 de       -0.284 
 2  0.3    0.2 mu        0.454 
 3  0.3    0.2 mu_0      0.539 
 4  0.3    0.2 mu_1      0.255 
 5  0.3    0.2 oe        0.0731
 6  0.3    0.2 se_0      0.0323
 7  0.3    0.2 se_1      0.0283
 8  0.45   0.2 de       -0.280 
 9  0.45   0.2 mu        0.381 
10  0.45   0.2 mu_0      0.507 
11  0.45   0.2 mu_1      0.226 
12  0.45   0.2 oe        0     
13  0.45   0.2 se_0      0     
14  0.45   0.2 se_1      0     
15  0.6    0.2 de       -0.270 
16  0.6    0.2 mu        0.308 
17  0.6    0.2 mu_0      0.471 
18  0.6    0.2 mu_1      0.200 
19  0.6    0.2 oe       -0.0723
20  0.6    0.2 se_0     -0.0362
21  0.6    0.2 se_1     -0.0263
22  0.3    0.4 de       -0.268 
23  0.3    0.4 mu        0.560 
24  0.3    0.4 mu_0      0.641 
25  0.3    0.4 mu_1      0.373 
26  0.3    0.4 oe        0.0730
27  0.3    0.4 se_0      0.0312
28  0.3    0.4 se_1      0.0347
29  0.45   0.4 de       -0.271 
30  0.45   0.4 mu        0.487 
31  0.45   0.4 mu_0      0.609 
32  0.45   0.4 mu_1      0.338 
33  0.45   0.4 oe        0     
34  0.45   0.4 se_0      0     
35  0.45   0.4 se_1      0     
36  0.6    0.4 de       -0.266 
37  0.6    0.4 mu        0.410 
38  0.6    0.4 mu_0      0.570 
39  0.6    0.4 mu_1      0.304 
40  0.6    0.4 oe       -0.0770
41  0.6    0.4 se_0     -0.0395
42  0.6    0.4 se_1     -0.0341
[1] "[Analysis setting]"
[1] "taus: 0.4"
[1] "thetas: 0.3, 0.45, 0.6"
[1] "m: 200"
[1] "N_total: 2453"
[1] "cluster size dist'n: "

 5  6  7  8  9 10 11 12 13 14 15 16 17 18 19 20 
13 11 15 14 14 10 17 15 13  8  8 15 10 14 11 12 
[1] "observed time summary: "
   Min. 1st Qu.  Median    Mean 3rd Qu.    Max. 
0.00000 0.02163 0.19379 0.60764 0.73818 9.72341 
[1] "event indicator table: "

   0    1 
 951 1502 
[1] "treatment indicator table: "

   0    1 
1259 1194 
[1] "C model fitted"
[1] "A model fitted"
[1] "Estimates computed"
[1] "SEs computed"
  estimand theta tau       est        se         PCL       PCU UCL UCU
1     mu_1  0.30 0.4 0.3437533 0.2306356 -0.10829247 0.7957990   0   0
2     mu_1  0.45 0.4 0.3346918 0.7849476 -1.20380558 1.8731891   0   0
3     mu_1  0.60 0.4 0.3344380 0.1812700 -0.02085108 0.6897272   0   0
4     mu_0  0.30 0.4 0.5195637 0.8973918 -1.23932428 2.2784517   0   0
5     mu_0  0.45 0.4 0.5101304 0.7747176 -1.00831613 2.0285769   0   0
6     mu_0  0.60 0.4 0.5339517 0.8921721 -1.21470563 2.2826091   0   0
[1] "Total run time was 1547.951 seconds"
###################################################
### Job finished at Thu Jun  5 12:20:58 EDT 2025 ###
###################################################
