##############################################################
### Job started at Thu Jun  5 11:55:07 EDT 2025 with m=200 for Chakladar IPCW ###
##############################################################
Loading required package: stats4

Attaching package: ‘sn’

The following object is masked from ‘package:stats’:

    sd

Loading required package: survival
Loading required package: Matrix

Attaching package: ‘dplyr’

The following objects are masked from ‘package:plyr’:

    arrange, count, desc, failwith, id, mutate, rename, summarise,
    summarize

The following objects are masked from ‘package:stats’:

    filter, lag

The following objects are masked from ‘package:base’:

    intersect, setdiff, setequal, union


Attaching package: ‘geex’

The following object is masked from ‘package:lme4’:

    show

The following object is masked from ‘package:Matrix’:

    show

The following object is masked from ‘package:sn’:

    show

The following object is masked from ‘package:stats4’:

    show

The following object is masked from ‘package:methods’:

    show

── Attaching core tidyverse packages ──────────────────────── tidyverse 2.0.0 ──
✔ forcats   1.0.0     ✔ readr     2.1.4
✔ ggplot2   3.4.4     ✔ stringr   1.5.1
✔ lubridate 1.9.3     ✔ tibble    3.2.1
✔ purrr     0.3.5     ✔ tidyr     1.2.1
── Conflicts ────────────────────────────────────────── tidyverse_conflicts() ──
✖ dplyr::arrange()   masks plyr::arrange()
✖ purrr::compact()   masks plyr::compact()
✖ dplyr::count()     masks plyr::count()
✖ dplyr::desc()      masks plyr::desc()
✖ lubridate::dst()   masks sn::dst()
✖ tidyr::expand()    masks Matrix::expand()
✖ dplyr::failwith()  masks plyr::failwith()
✖ dplyr::filter()    masks stats::filter()
✖ dplyr::id()        masks plyr::id()
✖ dplyr::lag()       masks stats::lag()
✖ dplyr::mutate()    masks plyr::mutate()
✖ tidyr::pack()      masks Matrix::pack()
✖ dplyr::rename()    masks plyr::rename()
✖ lubridate::show()  masks geex::show(), lme4::show(), Matrix::show(), sn::show(), stats4::show(), methods::show()
✖ dplyr::summarise() masks plyr::summarise()
✖ dplyr::summarize() masks plyr::summarize()
✖ tidyr::unpack()    masks Matrix::unpack()
ℹ Use the conflicted package (<http://conflicted.r-lib.org/>) to force all conflicts to become errors
# A tibble: 42 × 4
   theta   tau estimand   truth
   <dbl> <dbl> <chr>      <dbl>
 1  0.3    0.2 de       -0.299 
 2  0.3    0.2 mu        0.466 
 3  0.3    0.2 mu_0      0.556 
 4  0.3    0.2 mu_1      0.257 
 5  0.3    0.2 oe        0.0855
 6  0.3    0.2 se_0      0.0486
 7  0.3    0.2 se_1      0.0310
 8  0.45   0.2 de       -0.281 
 9  0.45   0.2 mu        0.381 
10  0.45   0.2 mu_0      0.507 
11  0.45   0.2 mu_1      0.226 
12  0.45   0.2 oe        0     
13  0.45   0.2 se_0      0     
14  0.45   0.2 se_1      0     
15  0.6    0.2 de       -0.271 
16  0.6    0.2 mu        0.314 
17  0.6    0.2 mu_0      0.477 
18  0.6    0.2 mu_1      0.206 
19  0.6    0.2 oe       -0.0663
20  0.6    0.2 se_0     -0.0300
21  0.6    0.2 se_1     -0.0203
22  0.3    0.4 de       -0.283 
23  0.3    0.4 mu        0.571 
24  0.3    0.4 mu_0      0.656 
25  0.3    0.4 mu_1      0.373 
26  0.3    0.4 oe        0.0877
27  0.3    0.4 se_0      0.0510
28  0.3    0.4 se_1      0.0383
29  0.45   0.4 de       -0.270 
30  0.45   0.4 mu        0.483 
31  0.45   0.4 mu_0      0.605 
32  0.45   0.4 mu_1      0.335 
33  0.45   0.4 oe        0     
34  0.45   0.4 se_0      0     
35  0.45   0.4 se_1      0     
36  0.6    0.4 de       -0.263 
37  0.6    0.4 mu        0.415 
38  0.6    0.4 mu_0      0.573 
39  0.6    0.4 mu_1      0.310 
40  0.6    0.4 oe       -0.0682
41  0.6    0.4 se_0     -0.0318
42  0.6    0.4 se_1     -0.0250
[1] "[Analysis setting]"
[1] "taus: 0.4"
[1] "thetas: 0.3, 0.45, 0.6"
[1] "m: 200"
[1] "N_total: 2640"
[1] "cluster size dist'n: "

 5  6  7  8  9 10 11 12 13 14 15 16 17 18 19 20 
 8 12 11  8 11 14 12 12  7 12 19 17 12 15 18 12 
[1] "observed time summary: "
    Min.  1st Qu.   Median     Mean  3rd Qu.     Max. 
 0.00000  0.02114  0.22055  0.64781  0.82788 11.62945 
[1] "event indicator table: "

   0    1 
1052 1588 
[1] "treatment indicator table: "

   0    1 
1339 1301 
[1] "C model fitted"
[1] "A model fitted"
[1] "Estimates computed"
[1] "SEs computed"
  estimand theta tau       est         se       PCL       PCU UCL UCU
1     mu_1  0.30 0.4 0.3258280 0.03399026 0.2592071 0.3924489   0   0
2     mu_1  0.45 0.4 0.3242627 0.02668404 0.2719620 0.3765635   0   0
3     mu_1  0.60 0.4 0.3411311 0.03010521 0.2821249 0.4001373   0   0
4     mu_0  0.30 0.4 0.4758390 0.03518406 0.4068782 0.5447997   0   0
5     mu_0  0.45 0.4 0.5056635 0.03574557 0.4356022 0.5757249   0   0
6     mu_0  0.60 0.4 0.5205723 0.03884901 0.4444282 0.5967164   0   0
[1] "Total run time was 1712.042 seconds"
###################################################
### Job finished at Thu Jun  5 12:23:40 EDT 2025 ###
###################################################
