##############################################################
### Job started at Thu Jun  5 11:55:29 EDT 2025 with m=200 for Chakladar IPCW ###
##############################################################
Loading required package: stats4

Attaching package: ‘sn’

The following object is masked from ‘package:stats’:

    sd

Loading required package: survival
Loading required package: Matrix

Attaching package: ‘dplyr’

The following objects are masked from ‘package:plyr’:

    arrange, count, desc, failwith, id, mutate, rename, summarise,
    summarize

The following objects are masked from ‘package:stats’:

    filter, lag

The following objects are masked from ‘package:base’:

    intersect, setdiff, setequal, union


Attaching package: ‘geex’

The following object is masked from ‘package:lme4’:

    show

The following object is masked from ‘package:Matrix’:

    show

The following object is masked from ‘package:sn’:

    show

The following object is masked from ‘package:stats4’:

    show

The following object is masked from ‘package:methods’:

    show

── Attaching core tidyverse packages ──────────────────────── tidyverse 2.0.0 ──
✔ forcats   1.0.0     ✔ readr     2.1.4
✔ ggplot2   3.4.4     ✔ stringr   1.5.1
✔ lubridate 1.9.3     ✔ tibble    3.2.1
✔ purrr     0.3.5     ✔ tidyr     1.2.1
── Conflicts ────────────────────────────────────────── tidyverse_conflicts() ──
✖ dplyr::arrange()   masks plyr::arrange()
✖ purrr::compact()   masks plyr::compact()
✖ dplyr::count()     masks plyr::count()
✖ dplyr::desc()      masks plyr::desc()
✖ lubridate::dst()   masks sn::dst()
✖ tidyr::expand()    masks Matrix::expand()
✖ dplyr::failwith()  masks plyr::failwith()
✖ dplyr::filter()    masks stats::filter()
✖ dplyr::id()        masks plyr::id()
✖ dplyr::lag()       masks stats::lag()
✖ dplyr::mutate()    masks plyr::mutate()
✖ tidyr::pack()      masks Matrix::pack()
✖ dplyr::rename()    masks plyr::rename()
✖ lubridate::show()  masks geex::show(), lme4::show(), Matrix::show(), sn::show(), stats4::show(), methods::show()
✖ dplyr::summarise() masks plyr::summarise()
✖ dplyr::summarize() masks plyr::summarize()
✖ tidyr::unpack()    masks Matrix::unpack()
ℹ Use the conflicted package (<http://conflicted.r-lib.org/>) to force all conflicts to become errors
# A tibble: 42 × 4
   theta   tau estimand   truth
   <dbl> <dbl> <chr>      <dbl>
 1  0.3    0.2 de       -0.275 
 2  0.3    0.2 mu        0.437 
 3  0.3    0.2 mu_0      0.520 
 4  0.3    0.2 mu_1      0.244 
 5  0.3    0.2 oe        0.0663
 6  0.3    0.2 se_0      0.0270
 7  0.3    0.2 se_1      0.0226
 8  0.45   0.2 de       -0.271 
 9  0.45   0.2 mu        0.371 
10  0.45   0.2 mu_0      0.493 
11  0.45   0.2 mu_1      0.222 
12  0.45   0.2 oe        0     
13  0.45   0.2 se_0      0     
14  0.45   0.2 se_1      0     
15  0.6    0.2 de       -0.271 
16  0.6    0.2 mu        0.312 
17  0.6    0.2 mu_0      0.474 
18  0.6    0.2 mu_1      0.203 
19  0.6    0.2 oe       -0.0591
20  0.6    0.2 se_0     -0.0187
21  0.6    0.2 se_1     -0.0182
22  0.3    0.4 de       -0.258 
23  0.3    0.4 mu        0.537 
24  0.3    0.4 mu_0      0.614 
25  0.3    0.4 mu_1      0.356 
26  0.3    0.4 oe        0.0639
27  0.3    0.4 se_0      0.0243
28  0.3    0.4 se_1      0.0263
29  0.45   0.4 de       -0.260 
30  0.45   0.4 mu        0.473 
31  0.45   0.4 mu_0      0.590 
32  0.45   0.4 mu_1      0.330 
33  0.45   0.4 oe        0     
34  0.45   0.4 se_0      0     
35  0.45   0.4 se_1      0     
36  0.6    0.4 de       -0.265 
37  0.6    0.4 mu        0.414 
38  0.6    0.4 mu_0      0.572 
39  0.6    0.4 mu_1      0.308 
40  0.6    0.4 oe       -0.0591
41  0.6    0.4 se_0     -0.0175
42  0.6    0.4 se_1     -0.0217
[1] "[Analysis setting]"
[1] "taus: 0.4"
[1] "thetas: 0.3, 0.45, 0.6"
[1] "m: 200"
[1] "N_total: 2495"
[1] "cluster size dist'n: "

 5  6  7  8  9 10 11 12 13 14 15 16 17 18 19 20 
14  8  9 16 12 10 20 15  7 17 10 11 18 14 15  4 
[1] "observed time summary: "
   Min. 1st Qu.  Median    Mean 3rd Qu.    Max. 
0.00000 0.01819 0.17607 0.58611 0.72861 9.85308 
[1] "event indicator table: "

   0    1 
1002 1493 
[1] "treatment indicator table: "

   0    1 
1350 1145 
[1] "C model fitted"
[1] "A model fitted"
[1] "Estimates computed"
[1] "SEs computed"
  estimand theta tau       est         se       PCL       PCU UCL UCU
1     mu_1  0.30 0.4 0.3546909 0.03558550 0.2849433 0.4244384   0   0
2     mu_1  0.45 0.4 0.3034126 0.02460789 0.2551812 0.3516441   0   0
3     mu_1  0.60 0.4 0.2803971 0.02381072 0.2337281 0.3270661   0   0
4     mu_0  0.30 0.4 0.5282896 0.03471406 0.4602500 0.5963291   0   0
5     mu_0  0.45 0.4 0.4996286 0.02508926 0.4504536 0.5488035   0   0
6     mu_0  0.60 0.4 0.4580452 0.02778150 0.4035935 0.5124969   0   0
[1] "Total run time was 1646.294 seconds"
###################################################
### Job finished at Thu Jun  5 12:22:55 EDT 2025 ###
###################################################
