##############################################################
### Job started at Thu Jun  5 11:55:10 EDT 2025 with m=200 for Chakladar IPCW ###
##############################################################
Loading required package: stats4

Attaching package: ‘sn’

The following object is masked from ‘package:stats’:

    sd

Loading required package: survival
Loading required package: Matrix

Attaching package: ‘dplyr’

The following objects are masked from ‘package:plyr’:

    arrange, count, desc, failwith, id, mutate, rename, summarise,
    summarize

The following objects are masked from ‘package:stats’:

    filter, lag

The following objects are masked from ‘package:base’:

    intersect, setdiff, setequal, union


Attaching package: ‘geex’

The following object is masked from ‘package:lme4’:

    show

The following object is masked from ‘package:Matrix’:

    show

The following object is masked from ‘package:sn’:

    show

The following object is masked from ‘package:stats4’:

    show

The following object is masked from ‘package:methods’:

    show

── Attaching core tidyverse packages ──────────────────────── tidyverse 2.0.0 ──
✔ forcats   1.0.0     ✔ readr     2.1.4
✔ ggplot2   3.4.4     ✔ stringr   1.5.1
✔ lubridate 1.9.3     ✔ tibble    3.2.1
✔ purrr     0.3.5     ✔ tidyr     1.2.1
── Conflicts ────────────────────────────────────────── tidyverse_conflicts() ──
✖ dplyr::arrange()   masks plyr::arrange()
✖ purrr::compact()   masks plyr::compact()
✖ dplyr::count()     masks plyr::count()
✖ dplyr::desc()      masks plyr::desc()
✖ lubridate::dst()   masks sn::dst()
✖ tidyr::expand()    masks Matrix::expand()
✖ dplyr::failwith()  masks plyr::failwith()
✖ dplyr::filter()    masks stats::filter()
✖ dplyr::id()        masks plyr::id()
✖ dplyr::lag()       masks stats::lag()
✖ dplyr::mutate()    masks plyr::mutate()
✖ tidyr::pack()      masks Matrix::pack()
✖ dplyr::rename()    masks plyr::rename()
✖ lubridate::show()  masks geex::show(), lme4::show(), Matrix::show(), sn::show(), stats4::show(), methods::show()
✖ dplyr::summarise() masks plyr::summarise()
✖ dplyr::summarize() masks plyr::summarize()
✖ tidyr::unpack()    masks Matrix::unpack()
ℹ Use the conflicted package (<http://conflicted.r-lib.org/>) to force all conflicts to become errors
# A tibble: 42 × 4
   theta   tau estimand   truth
   <dbl> <dbl> <chr>      <dbl>
 1  0.3    0.2 de       -0.285 
 2  0.3    0.2 mu        0.454 
 3  0.3    0.2 mu_0      0.539 
 4  0.3    0.2 mu_1      0.254 
 5  0.3    0.2 oe        0.0751
 6  0.3    0.2 se_0      0.0340
 7  0.3    0.2 se_1      0.0305
 8  0.45   0.2 de       -0.281 
 9  0.45   0.2 mu        0.379 
10  0.45   0.2 mu_0      0.505 
11  0.45   0.2 mu_1      0.224 
12  0.45   0.2 oe        0     
13  0.45   0.2 se_0      0     
14  0.45   0.2 se_1      0     
15  0.6    0.2 de       -0.274 
16  0.6    0.2 mu        0.305 
17  0.6    0.2 mu_0      0.470 
18  0.6    0.2 mu_1      0.196 
19  0.6    0.2 oe       -0.0731
20  0.6    0.2 se_0     -0.0355
21  0.6    0.2 se_1     -0.0280
22  0.3    0.4 de       -0.268 
23  0.3    0.4 mu        0.559 
24  0.3    0.4 mu_0      0.639 
25  0.3    0.4 mu_1      0.371 
26  0.3    0.4 oe        0.0754
27  0.3    0.4 se_0      0.0336
28  0.3    0.4 se_1      0.0372
29  0.45   0.4 de       -0.272 
30  0.45   0.4 mu        0.483 
31  0.45   0.4 mu_0      0.605 
32  0.45   0.4 mu_1      0.334 
33  0.45   0.4 oe        0     
34  0.45   0.4 se_0      0     
35  0.45   0.4 se_1      0     
36  0.6    0.4 de       -0.270 
37  0.6    0.4 mu        0.405 
38  0.6    0.4 mu_0      0.567 
39  0.6    0.4 mu_1      0.298 
40  0.6    0.4 oe       -0.0778
41  0.6    0.4 se_0     -0.0382
42  0.6    0.4 se_1     -0.0363
[1] "[Analysis setting]"
[1] "taus: 0.4"
[1] "thetas: 0.3, 0.45, 0.6"
[1] "m: 200"
[1] "N_total: 2411"
[1] "cluster size dist'n: "

 5  6  7  8  9 10 11 12 13 14 15 16 17 18 19 20 
19 14 12 12 16 15  8 13 11 10 11 11 12 11 12 13 
[1] "observed time summary: "
   Min. 1st Qu.  Median    Mean 3rd Qu.    Max. 
0.00000 0.01586 0.17461 0.57675 0.68970 8.58581 
[1] "event indicator table: "

   0    1 
 925 1486 
[1] "treatment indicator table: "

   0    1 
1269 1142 
[1] "C model fitted"
[1] "A model fitted"
[1] "Estimates computed"
[1] "SEs computed"
  estimand theta tau       est         se       PCL       PCU UCL UCU
1     mu_1  0.30 0.4 0.3673491 0.03491588 0.2989140 0.4357842   0   0
2     mu_1  0.45 0.4 0.3575406 0.02247958 0.3134806 0.4016006   0   0
3     mu_1  0.60 0.4 0.3248525 0.02476840 0.2763064 0.3733986   0   0
4     mu_0  0.30 0.4 0.5355323 0.03876945 0.4595442 0.6115204   0   0
5     mu_0  0.45 0.4 0.5510195 0.02999985 0.4922198 0.6098192   0   0
6     mu_0  0.60 0.4 0.5293523 0.03073188 0.4691178 0.5895868   0   0
[1] "Total run time was 1588.936 seconds"
###################################################
### Job finished at Thu Jun  5 12:21:39 EDT 2025 ###
###################################################
