##############################################################
### Job started at Thu Jun  5 11:55:09 EDT 2025 with m=200 for Chakladar IPCW ###
##############################################################
Loading required package: stats4

Attaching package: ‘sn’

The following object is masked from ‘package:stats’:

    sd

Loading required package: survival
Loading required package: Matrix

Attaching package: ‘dplyr’

The following objects are masked from ‘package:plyr’:

    arrange, count, desc, failwith, id, mutate, rename, summarise,
    summarize

The following objects are masked from ‘package:stats’:

    filter, lag

The following objects are masked from ‘package:base’:

    intersect, setdiff, setequal, union


Attaching package: ‘geex’

The following object is masked from ‘package:lme4’:

    show

The following object is masked from ‘package:Matrix’:

    show

The following object is masked from ‘package:sn’:

    show

The following object is masked from ‘package:stats4’:

    show

The following object is masked from ‘package:methods’:

    show

── Attaching core tidyverse packages ──────────────────────── tidyverse 2.0.0 ──
✔ forcats   1.0.0     ✔ readr     2.1.4
✔ ggplot2   3.4.4     ✔ stringr   1.5.1
✔ lubridate 1.9.3     ✔ tibble    3.2.1
✔ purrr     0.3.5     ✔ tidyr     1.2.1
── Conflicts ────────────────────────────────────────── tidyverse_conflicts() ──
✖ dplyr::arrange()   masks plyr::arrange()
✖ purrr::compact()   masks plyr::compact()
✖ dplyr::count()     masks plyr::count()
✖ dplyr::desc()      masks plyr::desc()
✖ lubridate::dst()   masks sn::dst()
✖ tidyr::expand()    masks Matrix::expand()
✖ dplyr::failwith()  masks plyr::failwith()
✖ dplyr::filter()    masks stats::filter()
✖ dplyr::id()        masks plyr::id()
✖ dplyr::lag()       masks stats::lag()
✖ dplyr::mutate()    masks plyr::mutate()
✖ tidyr::pack()      masks Matrix::pack()
✖ dplyr::rename()    masks plyr::rename()
✖ lubridate::show()  masks geex::show(), lme4::show(), Matrix::show(), sn::show(), stats4::show(), methods::show()
✖ dplyr::summarise() masks plyr::summarise()
✖ dplyr::summarize() masks plyr::summarize()
✖ tidyr::unpack()    masks Matrix::unpack()
ℹ Use the conflicted package (<http://conflicted.r-lib.org/>) to force all conflicts to become errors
# A tibble: 42 × 4
   theta   tau estimand   truth
   <dbl> <dbl> <chr>      <dbl>
 1  0.3    0.2 de       -0.282 
 2  0.3    0.2 mu        0.446 
 3  0.3    0.2 mu_0      0.531 
 4  0.3    0.2 mu_1      0.248 
 5  0.3    0.2 oe        0.0703
 6  0.3    0.2 se_0      0.0312
 7  0.3    0.2 se_1      0.0241
 8  0.45   0.2 de       -0.275 
 9  0.45   0.2 mu        0.376 
10  0.45   0.2 mu_0      0.499 
11  0.45   0.2 mu_1      0.224 
12  0.45   0.2 oe        0     
13  0.45   0.2 se_0      0     
14  0.45   0.2 se_1      0     
15  0.6    0.2 de       -0.272 
16  0.6    0.2 mu        0.306 
17  0.6    0.2 mu_0      0.469 
18  0.6    0.2 mu_1      0.198 
19  0.6    0.2 oe       -0.0693
20  0.6    0.2 se_0     -0.0301
21  0.6    0.2 se_1     -0.0266
22  0.3    0.4 de       -0.267 
23  0.3    0.4 mu        0.549 
24  0.3    0.4 mu_0      0.629 
25  0.3    0.4 mu_1      0.362 
26  0.3    0.4 oe        0.0691
27  0.3    0.4 se_0      0.0296
28  0.3    0.4 se_1      0.0285
29  0.45   0.4 de       -0.266 
30  0.45   0.4 mu        0.480 
31  0.45   0.4 mu_0      0.599 
32  0.45   0.4 mu_1      0.334 
33  0.45   0.4 oe        0     
34  0.45   0.4 se_0      0     
35  0.45   0.4 se_1      0     
36  0.6    0.4 de       -0.268 
37  0.6    0.4 mu        0.407 
38  0.6    0.4 mu_0      0.567 
39  0.6    0.4 mu_1      0.299 
40  0.6    0.4 oe       -0.0732
41  0.6    0.4 se_0     -0.0319
42  0.6    0.4 se_1     -0.0343
[1] "[Analysis setting]"
[1] "taus: 0.4"
[1] "thetas: 0.3, 0.45, 0.6"
[1] "m: 200"
[1] "N_total: 2503"
[1] "cluster size dist'n: "

 5  6  7  8  9 10 11 12 13 14 15 16 17 18 19 20 
14  8 13  7 20  6 18 14 11 12 16 16 14 14  5 12 
[1] "observed time summary: "
   Min. 1st Qu.  Median    Mean 3rd Qu.    Max. 
0.00000 0.01944 0.18280 0.60515 0.76093 7.54062 
[1] "event indicator table: "

   0    1 
 959 1544 
[1] "treatment indicator table: "

   0    1 
1340 1163 
[1] "C model fitted"
[1] "A model fitted"
[1] "Estimates computed"
[1] "SEs computed"
  estimand theta tau       est         se       PCL       PCU UCL UCU
1     mu_1  0.30 0.4 0.3504581 0.03507359 0.2817139 0.4192024   0   0
2     mu_1  0.45 0.4 0.3184846 0.02166543 0.2760203 0.3609488   0   0
3     mu_1  0.60 0.4 0.2725476 0.02018627 0.2329825 0.3121127   0   0
4     mu_0  0.30 0.4 0.4846540 0.02813594 0.4295076 0.5398004   0   0
5     mu_0  0.45 0.4 0.5641976 0.03295059 0.4996144 0.6287808   0   0
6     mu_0  0.60 0.4 0.5426655 0.03244809 0.4790673 0.6062638   0   0
Warning message:
In checkConv(attr(opt, "derivs"), opt$par, ctrl = control$checkConv,  :
  Model failed to converge with max|grad| = 0.0184695 (tol = 0.002, component 1)
[1] "Total run time was 1703.686 seconds"
###################################################
### Job finished at Thu Jun  5 12:23:33 EDT 2025 ###
###################################################
