##############################################################
### Job started at Thu Jun  5 11:55:09 EDT 2025 with m=200 for Chakladar IPCW ###
##############################################################
Loading required package: stats4

Attaching package: ‘sn’

The following object is masked from ‘package:stats’:

    sd

Loading required package: survival
Loading required package: Matrix

Attaching package: ‘dplyr’

The following objects are masked from ‘package:plyr’:

    arrange, count, desc, failwith, id, mutate, rename, summarise,
    summarize

The following objects are masked from ‘package:stats’:

    filter, lag

The following objects are masked from ‘package:base’:

    intersect, setdiff, setequal, union


Attaching package: ‘geex’

The following object is masked from ‘package:lme4’:

    show

The following object is masked from ‘package:Matrix’:

    show

The following object is masked from ‘package:sn’:

    show

The following object is masked from ‘package:stats4’:

    show

The following object is masked from ‘package:methods’:

    show

── Attaching core tidyverse packages ──────────────────────── tidyverse 2.0.0 ──
✔ forcats   1.0.0     ✔ readr     2.1.4
✔ ggplot2   3.4.4     ✔ stringr   1.5.1
✔ lubridate 1.9.3     ✔ tibble    3.2.1
✔ purrr     0.3.5     ✔ tidyr     1.2.1
── Conflicts ────────────────────────────────────────── tidyverse_conflicts() ──
✖ dplyr::arrange()   masks plyr::arrange()
✖ purrr::compact()   masks plyr::compact()
✖ dplyr::count()     masks plyr::count()
✖ dplyr::desc()      masks plyr::desc()
✖ lubridate::dst()   masks sn::dst()
✖ tidyr::expand()    masks Matrix::expand()
✖ dplyr::failwith()  masks plyr::failwith()
✖ dplyr::filter()    masks stats::filter()
✖ dplyr::id()        masks plyr::id()
✖ dplyr::lag()       masks stats::lag()
✖ dplyr::mutate()    masks plyr::mutate()
✖ tidyr::pack()      masks Matrix::pack()
✖ dplyr::rename()    masks plyr::rename()
✖ lubridate::show()  masks geex::show(), lme4::show(), Matrix::show(), sn::show(), stats4::show(), methods::show()
✖ dplyr::summarise() masks plyr::summarise()
✖ dplyr::summarize() masks plyr::summarize()
✖ tidyr::unpack()    masks Matrix::unpack()
ℹ Use the conflicted package (<http://conflicted.r-lib.org/>) to force all conflicts to become errors
# A tibble: 42 × 4
   theta   tau estimand   truth
   <dbl> <dbl> <chr>      <dbl>
 1  0.3    0.2 de       -0.270 
 2  0.3    0.2 mu        0.425 
 3  0.3    0.2 mu_0      0.506 
 4  0.3    0.2 mu_1      0.236 
 5  0.3    0.2 oe        0.0657
 6  0.3    0.2 se_0      0.0275
 7  0.3    0.2 se_1      0.0224
 8  0.45   0.2 de       -0.265 
 9  0.45   0.2 mu        0.359 
10  0.45   0.2 mu_0      0.478 
11  0.45   0.2 mu_1      0.213 
12  0.45   0.2 oe        0     
13  0.45   0.2 se_0      0     
14  0.45   0.2 se_1      0     
15  0.6    0.2 de       -0.262 
16  0.6    0.2 mu        0.299 
17  0.6    0.2 mu_0      0.456 
18  0.6    0.2 mu_1      0.194 
19  0.6    0.2 oe       -0.0599
20  0.6    0.2 se_0     -0.0220
21  0.6    0.2 se_1     -0.0190
22  0.3    0.4 de       -0.256 
23  0.3    0.4 mu        0.525 
24  0.3    0.4 mu_0      0.602 
25  0.3    0.4 mu_1      0.346 
26  0.3    0.4 oe        0.0649
27  0.3    0.4 se_0      0.0265
28  0.3    0.4 se_1      0.0265
29  0.45   0.4 de       -0.256 
30  0.45   0.4 mu        0.460 
31  0.45   0.4 mu_0      0.576 
32  0.45   0.4 mu_1      0.319 
33  0.45   0.4 oe        0     
34  0.45   0.4 se_0      0     
35  0.45   0.4 se_1      0     
36  0.6    0.4 de       -0.258 
37  0.6    0.4 mu        0.399 
38  0.6    0.4 mu_0      0.553 
39  0.6    0.4 mu_1      0.296 
40  0.6    0.4 oe       -0.0616
41  0.6    0.4 se_0     -0.0225
42  0.6    0.4 se_1     -0.0236
[1] "[Analysis setting]"
[1] "taus: 0.4"
[1] "thetas: 0.3, 0.45, 0.6"
[1] "m: 200"
[1] "N_total: 2509"
[1] "cluster size dist'n: "

 5  6  7  8  9 10 11 12 13 14 15 16 17 18 19 20 
20 14  6  7 18 11 15 12  8  9 11 13 11 17 10 18 
[1] "observed time summary: "
    Min.  1st Qu.   Median     Mean  3rd Qu.     Max. 
 0.00000  0.02712  0.25095  0.64273  0.83915 10.04915 
[1] "event indicator table: "

   0    1 
 984 1525 
[1] "treatment indicator table: "

   0    1 
1270 1239 
[1] "C model fitted"
[1] "A model fitted"
[1] "Estimates computed"
[1] "SEs computed"
  estimand theta tau       est         se       PCL       PCU UCL UCU
1     mu_1  0.30 0.4 0.3293751 0.03254573 0.2655855 0.3931648   0   0
2     mu_1  0.45 0.4 0.3234970 0.02439428 0.2756842 0.3713098   0   0
3     mu_1  0.60 0.4 0.2946620 0.02256654 0.2504316 0.3388924   0   0
4     mu_0  0.30 0.4 0.5308127 0.03927771 0.4538284 0.6077970   0   0
5     mu_0  0.45 0.4 0.4946572 0.02515280 0.4453578 0.5439567   0   0
6     mu_0  0.60 0.4 0.4856562 0.02912066 0.4285797 0.5427327   0   0
Warning message:
In checkConv(attr(opt, "derivs"), opt$par, ctrl = control$checkConv,  :
  Model failed to converge with max|grad| = 0.00258128 (tol = 0.002, component 1)
[1] "Total run time was 1688.025 seconds"
###################################################
### Job finished at Thu Jun  5 12:23:18 EDT 2025 ###
###################################################
