##############################################################
### Job started at Thu Jun  5 11:55:09 EDT 2025 with m=200 for Chakladar IPCW ###
##############################################################
Loading required package: stats4

Attaching package: ‘sn’

The following object is masked from ‘package:stats’:

    sd

Loading required package: survival
Loading required package: Matrix

Attaching package: ‘dplyr’

The following objects are masked from ‘package:plyr’:

    arrange, count, desc, failwith, id, mutate, rename, summarise,
    summarize

The following objects are masked from ‘package:stats’:

    filter, lag

The following objects are masked from ‘package:base’:

    intersect, setdiff, setequal, union


Attaching package: ‘geex’

The following object is masked from ‘package:lme4’:

    show

The following object is masked from ‘package:Matrix’:

    show

The following object is masked from ‘package:sn’:

    show

The following object is masked from ‘package:stats4’:

    show

The following object is masked from ‘package:methods’:

    show

── Attaching core tidyverse packages ──────────────────────── tidyverse 2.0.0 ──
✔ forcats   1.0.0     ✔ readr     2.1.4
✔ ggplot2   3.4.4     ✔ stringr   1.5.1
✔ lubridate 1.9.3     ✔ tibble    3.2.1
✔ purrr     0.3.5     ✔ tidyr     1.2.1
── Conflicts ────────────────────────────────────────── tidyverse_conflicts() ──
✖ dplyr::arrange()   masks plyr::arrange()
✖ purrr::compact()   masks plyr::compact()
✖ dplyr::count()     masks plyr::count()
✖ dplyr::desc()      masks plyr::desc()
✖ lubridate::dst()   masks sn::dst()
✖ tidyr::expand()    masks Matrix::expand()
✖ dplyr::failwith()  masks plyr::failwith()
✖ dplyr::filter()    masks stats::filter()
✖ dplyr::id()        masks plyr::id()
✖ dplyr::lag()       masks stats::lag()
✖ dplyr::mutate()    masks plyr::mutate()
✖ tidyr::pack()      masks Matrix::pack()
✖ dplyr::rename()    masks plyr::rename()
✖ lubridate::show()  masks geex::show(), lme4::show(), Matrix::show(), sn::show(), stats4::show(), methods::show()
✖ dplyr::summarise() masks plyr::summarise()
✖ dplyr::summarize() masks plyr::summarize()
✖ tidyr::unpack()    masks Matrix::unpack()
ℹ Use the conflicted package (<http://conflicted.r-lib.org/>) to force all conflicts to become errors
# A tibble: 42 × 4
   theta   tau estimand   truth
   <dbl> <dbl> <chr>      <dbl>
 1  0.3    0.2 de       -0.284 
 2  0.3    0.2 mu        0.460 
 3  0.3    0.2 mu_0      0.545 
 4  0.3    0.2 mu_1      0.261 
 5  0.3    0.2 oe        0.0771
 6  0.3    0.2 se_0      0.0348
 7  0.3    0.2 se_1      0.0341
 8  0.45   0.2 de       -0.283 
 9  0.45   0.2 mu        0.383 
10  0.45   0.2 mu_0      0.511 
11  0.45   0.2 mu_1      0.227 
12  0.45   0.2 oe        0     
13  0.45   0.2 se_0      0     
14  0.45   0.2 se_1      0     
15  0.6    0.2 de       -0.272 
16  0.6    0.2 mu        0.310 
17  0.6    0.2 mu_0      0.473 
18  0.6    0.2 mu_1      0.201 
19  0.6    0.2 oe       -0.0730
20  0.6    0.2 se_0     -0.0376
21  0.6    0.2 se_1     -0.0258
22  0.3    0.4 de       -0.266 
23  0.3    0.4 mu        0.566 
24  0.3    0.4 mu_0      0.646 
25  0.3    0.4 mu_1      0.380 
26  0.3    0.4 oe        0.0779
27  0.3    0.4 se_0      0.0344
28  0.3    0.4 se_1      0.0425
29  0.45   0.4 de       -0.274 
30  0.45   0.4 mu        0.488 
31  0.45   0.4 mu_0      0.611 
32  0.45   0.4 mu_1      0.338 
33  0.45   0.4 oe        0     
34  0.45   0.4 se_0      0     
35  0.45   0.4 se_1      0     
36  0.6    0.4 de       -0.266 
37  0.6    0.4 mu        0.411 
38  0.6    0.4 mu_0      0.571 
39  0.6    0.4 mu_1      0.305 
40  0.6    0.4 oe       -0.0769
41  0.6    0.4 se_0     -0.0406
42  0.6    0.4 se_1     -0.0328
[1] "[Analysis setting]"
[1] "taus: 0.4"
[1] "thetas: 0.3, 0.45, 0.6"
[1] "m: 200"
[1] "N_total: 2509"
[1] "cluster size dist'n: "

 5  6  7  8  9 10 11 12 13 14 15 16 17 18 19 20 
11 16 15 15  9 10 11 13 12 13  7 10 17 14  9 18 
[1] "observed time summary: "
   Min. 1st Qu.  Median    Mean 3rd Qu.    Max. 
0.00000 0.02044 0.20542 0.62463 0.80252 8.43353 
[1] "event indicator table: "

   0    1 
1020 1489 
[1] "treatment indicator table: "

   0    1 
1269 1240 
[1] "C model fitted"
[1] "A model fitted"
[1] "Estimates computed"
[1] "SEs computed"
  estimand theta tau       est         se       PCL       PCU UCL UCU
1     mu_1  0.30 0.4 0.3635831 0.03929486 0.2865652 0.4406010   0   0
2     mu_1  0.45 0.4 0.3402658 0.06249729 0.2177711 0.4627605   0   0
3     mu_1  0.60 0.4 0.3181753 0.04497138 0.2300314 0.4063192   0   0
4     mu_0  0.30 0.4 0.4379506 0.03941430 0.3606986 0.5152027   0   0
5     mu_0  0.45 0.4 0.4659198 0.06933198 0.3300291 0.6018105   0   0
6     mu_0  0.60 0.4 0.5317935 0.09745427 0.3407831 0.7228038   0   0
[1] "Total run time was 1630.674 seconds"
###################################################
### Job finished at Thu Jun  5 12:22:20 EDT 2025 ###
###################################################
