##############################################################
### Job started at Thu Jun  5 11:55:07 EDT 2025 with m=200 for Chakladar IPCW ###
##############################################################
Loading required package: stats4

Attaching package: ‘sn’

The following object is masked from ‘package:stats’:

    sd

Loading required package: survival
Loading required package: Matrix

Attaching package: ‘dplyr’

The following objects are masked from ‘package:plyr’:

    arrange, count, desc, failwith, id, mutate, rename, summarise,
    summarize

The following objects are masked from ‘package:stats’:

    filter, lag

The following objects are masked from ‘package:base’:

    intersect, setdiff, setequal, union


Attaching package: ‘geex’

The following object is masked from ‘package:lme4’:

    show

The following object is masked from ‘package:Matrix’:

    show

The following object is masked from ‘package:sn’:

    show

The following object is masked from ‘package:stats4’:

    show

The following object is masked from ‘package:methods’:

    show

── Attaching core tidyverse packages ──────────────────────── tidyverse 2.0.0 ──
✔ forcats   1.0.0     ✔ readr     2.1.4
✔ ggplot2   3.4.4     ✔ stringr   1.5.1
✔ lubridate 1.9.3     ✔ tibble    3.2.1
✔ purrr     0.3.5     ✔ tidyr     1.2.1
── Conflicts ────────────────────────────────────────── tidyverse_conflicts() ──
✖ dplyr::arrange()   masks plyr::arrange()
✖ purrr::compact()   masks plyr::compact()
✖ dplyr::count()     masks plyr::count()
✖ dplyr::desc()      masks plyr::desc()
✖ lubridate::dst()   masks sn::dst()
✖ tidyr::expand()    masks Matrix::expand()
✖ dplyr::failwith()  masks plyr::failwith()
✖ dplyr::filter()    masks stats::filter()
✖ dplyr::id()        masks plyr::id()
✖ dplyr::lag()       masks stats::lag()
✖ dplyr::mutate()    masks plyr::mutate()
✖ tidyr::pack()      masks Matrix::pack()
✖ dplyr::rename()    masks plyr::rename()
✖ lubridate::show()  masks geex::show(), lme4::show(), Matrix::show(), sn::show(), stats4::show(), methods::show()
✖ dplyr::summarise() masks plyr::summarise()
✖ dplyr::summarize() masks plyr::summarize()
✖ tidyr::unpack()    masks Matrix::unpack()
ℹ Use the conflicted package (<http://conflicted.r-lib.org/>) to force all conflicts to become errors
# A tibble: 42 × 4
   theta   tau estimand   truth
   <dbl> <dbl> <chr>      <dbl>
 1  0.3    0.2 de       -0.307 
 2  0.3    0.2 mu        0.479 
 3  0.3    0.2 mu_0      0.571 
 4  0.3    0.2 mu_1      0.264 
 5  0.3    0.2 oe        0.0946
 6  0.3    0.2 se_0      0.0563
 7  0.3    0.2 se_1      0.0392
 8  0.45   0.2 de       -0.289 
 9  0.45   0.2 mu        0.384 
10  0.45   0.2 mu_0      0.514 
11  0.45   0.2 mu_1      0.225 
12  0.45   0.2 oe        0     
13  0.45   0.2 se_0      0     
14  0.45   0.2 se_1      0     
15  0.6    0.2 de       -0.266 
16  0.6    0.2 mu        0.306 
17  0.6    0.2 mu_0      0.466 
18  0.6    0.2 mu_1      0.200 
19  0.6    0.2 oe       -0.0778
20  0.6    0.2 se_0     -0.0486
21  0.6    0.2 se_1     -0.0249
22  0.3    0.4 de       -0.290 
23  0.3    0.4 mu        0.587 
24  0.3    0.4 mu_0      0.674 
25  0.3    0.4 mu_1      0.384 
26  0.3    0.4 oe        0.0989
27  0.3    0.4 se_0      0.0598
28  0.3    0.4 se_1      0.0500
29  0.45   0.4 de       -0.281 
30  0.45   0.4 mu        0.488 
31  0.45   0.4 mu_0      0.614 
32  0.45   0.4 mu_1      0.334 
33  0.45   0.4 oe        0     
34  0.45   0.4 se_0      0     
35  0.45   0.4 se_1      0     
36  0.6    0.4 de       -0.258 
37  0.6    0.4 mu        0.406 
38  0.6    0.4 mu_0      0.561 
39  0.6    0.4 mu_1      0.302 
40  0.6    0.4 oe       -0.0825
41  0.6    0.4 se_0     -0.0537
42  0.6    0.4 se_1     -0.0315
[1] "[Analysis setting]"
[1] "taus: 0.4"
[1] "thetas: 0.3, 0.45, 0.6"
[1] "m: 200"
[1] "N_total: 2501"
[1] "cluster size dist'n: "

 5  6  7  8  9 10 11 12 13 14 15 16 17 18 19 20 
 9  9 14 17 15 16 15 12  8 11 12 12 10 12 12 16 
[1] "observed time summary: "
    Min.  1st Qu.   Median     Mean  3rd Qu.     Max. 
 0.00000  0.01608  0.18891  0.60372  0.79069 10.23219 
[1] "event indicator table: "

   0    1 
 979 1522 
[1] "treatment indicator table: "

   0    1 
1391 1110 
[1] "C model fitted"
[1] "A model fitted"
[1] "Estimates computed"
[1] "SEs computed"
  estimand theta tau       est         se       PCL       PCU UCL UCU
1     mu_1  0.30 0.4 0.3408964 0.02910640 0.2838478 0.3979449   0   0
2     mu_1  0.45 0.4 0.2598464 0.01742261 0.2256980 0.2939947   0   0
3     mu_1  0.60 0.4 0.2713804 0.01884267 0.2344488 0.3083120   0   0
4     mu_0  0.30 0.4 0.5499467 0.02812814 0.4948156 0.6050779   0   0
5     mu_0  0.45 0.4 0.4833174 0.02044106 0.4432529 0.5233818   0   0
6     mu_0  0.60 0.4 0.4730608 0.02528138 0.4235093 0.5226123   0   0
[1] "Total run time was 1569.453 seconds"
###################################################
### Job finished at Thu Jun  5 12:21:17 EDT 2025 ###
###################################################
