##############################################################
### Job started at Thu Jun  5 11:55:09 EDT 2025 with m=200 for Chakladar IPCW ###
##############################################################
Loading required package: stats4

Attaching package: ‘sn’

The following object is masked from ‘package:stats’:

    sd

Loading required package: survival
Loading required package: Matrix

Attaching package: ‘dplyr’

The following objects are masked from ‘package:plyr’:

    arrange, count, desc, failwith, id, mutate, rename, summarise,
    summarize

The following objects are masked from ‘package:stats’:

    filter, lag

The following objects are masked from ‘package:base’:

    intersect, setdiff, setequal, union


Attaching package: ‘geex’

The following object is masked from ‘package:lme4’:

    show

The following object is masked from ‘package:Matrix’:

    show

The following object is masked from ‘package:sn’:

    show

The following object is masked from ‘package:stats4’:

    show

The following object is masked from ‘package:methods’:

    show

── Attaching core tidyverse packages ──────────────────────── tidyverse 2.0.0 ──
✔ forcats   1.0.0     ✔ readr     2.1.4
✔ ggplot2   3.4.4     ✔ stringr   1.5.1
✔ lubridate 1.9.3     ✔ tibble    3.2.1
✔ purrr     0.3.5     ✔ tidyr     1.2.1
── Conflicts ────────────────────────────────────────── tidyverse_conflicts() ──
✖ dplyr::arrange()   masks plyr::arrange()
✖ purrr::compact()   masks plyr::compact()
✖ dplyr::count()     masks plyr::count()
✖ dplyr::desc()      masks plyr::desc()
✖ lubridate::dst()   masks sn::dst()
✖ tidyr::expand()    masks Matrix::expand()
✖ dplyr::failwith()  masks plyr::failwith()
✖ dplyr::filter()    masks stats::filter()
✖ dplyr::id()        masks plyr::id()
✖ dplyr::lag()       masks stats::lag()
✖ dplyr::mutate()    masks plyr::mutate()
✖ tidyr::pack()      masks Matrix::pack()
✖ dplyr::rename()    masks plyr::rename()
✖ lubridate::show()  masks geex::show(), lme4::show(), Matrix::show(), sn::show(), stats4::show(), methods::show()
✖ dplyr::summarise() masks plyr::summarise()
✖ dplyr::summarize() masks plyr::summarize()
✖ tidyr::unpack()    masks Matrix::unpack()
ℹ Use the conflicted package (<http://conflicted.r-lib.org/>) to force all conflicts to become errors
# A tibble: 42 × 4
   theta   tau estimand   truth
   <dbl> <dbl> <chr>      <dbl>
 1  0.3    0.2 de       -0.275 
 2  0.3    0.2 mu        0.440 
 3  0.3    0.2 mu_0      0.522 
 4  0.3    0.2 mu_1      0.247 
 5  0.3    0.2 oe        0.0745
 6  0.3    0.2 se_0      0.0367
 7  0.3    0.2 se_1      0.0289
 8  0.45   0.2 de       -0.268 
 9  0.45   0.2 mu        0.365 
10  0.45   0.2 mu_0      0.486 
11  0.45   0.2 mu_1      0.218 
12  0.45   0.2 oe        0     
13  0.45   0.2 se_0      0     
14  0.45   0.2 se_1      0     
15  0.6    0.2 de       -0.265 
16  0.6    0.2 mu        0.306 
17  0.6    0.2 mu_0      0.464 
18  0.6    0.2 mu_1      0.200 
19  0.6    0.2 oe       -0.0597
20  0.6    0.2 se_0     -0.0213
21  0.6    0.2 se_1     -0.0184
22  0.3    0.4 de       -0.259 
23  0.3    0.4 mu        0.541 
24  0.3    0.4 mu_0      0.619 
25  0.3    0.4 mu_1      0.360 
26  0.3    0.4 oe        0.0743
27  0.3    0.4 se_0      0.0360
28  0.3    0.4 se_1      0.0348
29  0.45   0.4 de       -0.258 
30  0.45   0.4 mu        0.467 
31  0.45   0.4 mu_0      0.583 
32  0.45   0.4 mu_1      0.325 
33  0.45   0.4 oe        0     
34  0.45   0.4 se_0      0     
35  0.45   0.4 se_1      0     
36  0.6    0.4 de       -0.259 
37  0.6    0.4 mu        0.407 
38  0.6    0.4 mu_0      0.562 
39  0.6    0.4 mu_1      0.303 
40  0.6    0.4 oe       -0.0603
41  0.6    0.4 se_0     -0.0210
42  0.6    0.4 se_1     -0.0221
[1] "[Analysis setting]"
[1] "taus: 0.4"
[1] "thetas: 0.3, 0.45, 0.6"
[1] "m: 200"
[1] "N_total: 2424"
[1] "cluster size dist'n: "

 5  6  7  8  9 10 11 12 13 14 15 16 17 18 19 20 
13 14 14 13 13 16 13 14 12  8 14 14 10  9  9 14 
[1] "observed time summary: "
    Min.  1st Qu.   Median     Mean  3rd Qu.     Max. 
 0.00000  0.02094  0.20352  0.59728  0.75571 10.27314 
[1] "event indicator table: "

   0    1 
 975 1449 
[1] "treatment indicator table: "

   0    1 
1267 1157 
[1] "C model fitted"
[1] "A model fitted"
[1] "Estimates computed"
[1] "SEs computed"
  estimand theta tau       est         se       PCL       PCU UCL UCU
1     mu_1  0.30 0.4 0.3794782 0.03170953 0.3173275 0.4416289   0   0
2     mu_1  0.45 0.4 0.3166615 0.02169697 0.2741354 0.3591875   0   0
3     mu_1  0.60 0.4 0.2718146 0.01903933 0.2344975 0.3091317   0   0
4     mu_0  0.30 0.4 0.5298513 0.02957112 0.4718919 0.5878106   0   0
5     mu_0  0.45 0.4 0.5248783 0.02769071 0.4706045 0.5791521   0   0
6     mu_0  0.60 0.4 0.4907100 0.02942837 0.4330304 0.5483896   0   0
Warning message:
In checkConv(attr(opt, "derivs"), opt$par, ctrl = control$checkConv,  :
  Model failed to converge with max|grad| = 0.00235957 (tol = 0.002, component 1)
[1] "Total run time was 1563.007 seconds"
###################################################
### Job finished at Thu Jun  5 12:21:12 EDT 2025 ###
###################################################
