##############################################################
### Job started at Thu Jun  5 11:55:09 EDT 2025 with m=200 for Chakladar IPCW ###
##############################################################
Loading required package: stats4

Attaching package: ‘sn’

The following object is masked from ‘package:stats’:

    sd

Loading required package: survival
Loading required package: Matrix

Attaching package: ‘dplyr’

The following objects are masked from ‘package:plyr’:

    arrange, count, desc, failwith, id, mutate, rename, summarise,
    summarize

The following objects are masked from ‘package:stats’:

    filter, lag

The following objects are masked from ‘package:base’:

    intersect, setdiff, setequal, union


Attaching package: ‘geex’

The following object is masked from ‘package:lme4’:

    show

The following object is masked from ‘package:Matrix’:

    show

The following object is masked from ‘package:sn’:

    show

The following object is masked from ‘package:stats4’:

    show

The following object is masked from ‘package:methods’:

    show

── Attaching core tidyverse packages ──────────────────────── tidyverse 2.0.0 ──
✔ forcats   1.0.0     ✔ readr     2.1.4
✔ ggplot2   3.4.4     ✔ stringr   1.5.1
✔ lubridate 1.9.3     ✔ tibble    3.2.1
✔ purrr     0.3.5     ✔ tidyr     1.2.1
── Conflicts ────────────────────────────────────────── tidyverse_conflicts() ──
✖ dplyr::arrange()   masks plyr::arrange()
✖ purrr::compact()   masks plyr::compact()
✖ dplyr::count()     masks plyr::count()
✖ dplyr::desc()      masks plyr::desc()
✖ lubridate::dst()   masks sn::dst()
✖ tidyr::expand()    masks Matrix::expand()
✖ dplyr::failwith()  masks plyr::failwith()
✖ dplyr::filter()    masks stats::filter()
✖ dplyr::id()        masks plyr::id()
✖ dplyr::lag()       masks stats::lag()
✖ dplyr::mutate()    masks plyr::mutate()
✖ tidyr::pack()      masks Matrix::pack()
✖ dplyr::rename()    masks plyr::rename()
✖ lubridate::show()  masks geex::show(), lme4::show(), Matrix::show(), sn::show(), stats4::show(), methods::show()
✖ dplyr::summarise() masks plyr::summarise()
✖ dplyr::summarize() masks plyr::summarize()
✖ tidyr::unpack()    masks Matrix::unpack()
ℹ Use the conflicted package (<http://conflicted.r-lib.org/>) to force all conflicts to become errors
# A tibble: 42 × 4
   theta   tau estimand   truth
   <dbl> <dbl> <chr>      <dbl>
 1  0.3    0.2 de       -0.279 
 2  0.3    0.2 mu        0.429 
 3  0.3    0.2 mu_0      0.513 
 4  0.3    0.2 mu_1      0.234 
 5  0.3    0.2 oe        0.0659
 6  0.3    0.2 se_0      0.0296
 7  0.3    0.2 se_1      0.0173
 8  0.45   0.2 de       -0.266 
 9  0.45   0.2 mu        0.364 
10  0.45   0.2 mu_0      0.483 
11  0.45   0.2 mu_1      0.217 
12  0.45   0.2 oe        0     
13  0.45   0.2 se_0      0     
14  0.45   0.2 se_1      0     
15  0.6    0.2 de       -0.267 
16  0.6    0.2 mu        0.311 
17  0.6    0.2 mu_0      0.471 
18  0.6    0.2 mu_1      0.204 
19  0.6    0.2 oe       -0.0524
20  0.6    0.2 se_0     -0.0122
21  0.6    0.2 se_1     -0.0127
22  0.3    0.4 de       -0.265 
23  0.3    0.4 mu        0.528 
24  0.3    0.4 mu_0      0.608 
25  0.3    0.4 mu_1      0.343 
26  0.3    0.4 oe        0.0639
27  0.3    0.4 se_0      0.0283
28  0.3    0.4 se_1      0.0190
29  0.45   0.4 de       -0.256 
30  0.45   0.4 mu        0.464 
31  0.45   0.4 mu_0      0.579 
32  0.45   0.4 mu_1      0.324 
33  0.45   0.4 oe        0     
34  0.45   0.4 se_0      0     
35  0.45   0.4 se_1      0     
36  0.6    0.4 de       -0.259 
37  0.6    0.4 mu        0.413 
38  0.6    0.4 mu_0      0.569 
39  0.6    0.4 mu_1      0.310 
40  0.6    0.4 oe       -0.0509
41  0.6    0.4 se_0     -0.0103
42  0.6    0.4 se_1     -0.0140
[1] "[Analysis setting]"
[1] "taus: 0.4"
[1] "thetas: 0.3, 0.45, 0.6"
[1] "m: 200"
[1] "N_total: 2480"
[1] "cluster size dist'n: "

 5  6  7  8  9 10 11 12 13 14 15 16 17 18 19 20 
11 18  7 12 13 19 12 14 11 11 13 12  8 10 15 14 
[1] "observed time summary: "
   Min. 1st Qu.  Median    Mean 3rd Qu.    Max. 
 0.0000  0.0159  0.1780  0.6044  0.7635  8.9811 
[1] "event indicator table: "

   0    1 
 982 1498 
[1] "treatment indicator table: "

   0    1 
1369 1111 
[1] "C model fitted"
[1] "A model fitted"
[1] "Estimates computed"
[1] "SEs computed"
  estimand theta tau       est         se        PCL       PCU UCL UCU
1     mu_1  0.30 0.4 0.3195943 0.77743884 -1.2041858 1.8433744   0   0
2     mu_1  0.45 0.4 0.2913728 1.14633886 -1.9554513 2.5381970   0   0
3     mu_1  0.60 0.4 0.2837022 0.37470951 -0.4507284 1.0181329   0   0
4     mu_0  0.30 0.4 0.5120208 0.06210648  0.3902920 0.6337495   0   0
5     mu_0  0.45 0.4 0.5231448 2.12266811 -3.6372847 4.6835743   0   0
6     mu_0  0.60 0.4 0.5412476 1.90335340 -3.1893251 4.2718202   0   0
Warning message:
In checkConv(attr(opt, "derivs"), opt$par, ctrl = control$checkConv,  :
  Model failed to converge with max|grad| = 0.00206116 (tol = 0.002, component 1)
[1] "Total run time was 1772.714 seconds"
###################################################
### Job finished at Thu Jun  5 12:24:42 EDT 2025 ###
###################################################
