##############################################################
### Job started at Thu Jun  5 11:55:09 EDT 2025 with m=200 for Chakladar IPCW ###
##############################################################
Loading required package: stats4

Attaching package: ‘sn’

The following object is masked from ‘package:stats’:

    sd

Loading required package: survival
Loading required package: Matrix

Attaching package: ‘dplyr’

The following objects are masked from ‘package:plyr’:

    arrange, count, desc, failwith, id, mutate, rename, summarise,
    summarize

The following objects are masked from ‘package:stats’:

    filter, lag

The following objects are masked from ‘package:base’:

    intersect, setdiff, setequal, union


Attaching package: ‘geex’

The following object is masked from ‘package:lme4’:

    show

The following object is masked from ‘package:Matrix’:

    show

The following object is masked from ‘package:sn’:

    show

The following object is masked from ‘package:stats4’:

    show

The following object is masked from ‘package:methods’:

    show

── Attaching core tidyverse packages ──────────────────────── tidyverse 2.0.0 ──
✔ forcats   1.0.0     ✔ readr     2.1.4
✔ ggplot2   3.4.4     ✔ stringr   1.5.1
✔ lubridate 1.9.3     ✔ tibble    3.2.1
✔ purrr     0.3.5     ✔ tidyr     1.2.1
── Conflicts ────────────────────────────────────────── tidyverse_conflicts() ──
✖ dplyr::arrange()   masks plyr::arrange()
✖ purrr::compact()   masks plyr::compact()
✖ dplyr::count()     masks plyr::count()
✖ dplyr::desc()      masks plyr::desc()
✖ lubridate::dst()   masks sn::dst()
✖ tidyr::expand()    masks Matrix::expand()
✖ dplyr::failwith()  masks plyr::failwith()
✖ dplyr::filter()    masks stats::filter()
✖ dplyr::id()        masks plyr::id()
✖ dplyr::lag()       masks stats::lag()
✖ dplyr::mutate()    masks plyr::mutate()
✖ tidyr::pack()      masks Matrix::pack()
✖ dplyr::rename()    masks plyr::rename()
✖ lubridate::show()  masks geex::show(), lme4::show(), Matrix::show(), sn::show(), stats4::show(), methods::show()
✖ dplyr::summarise() masks plyr::summarise()
✖ dplyr::summarize() masks plyr::summarize()
✖ tidyr::unpack()    masks Matrix::unpack()
ℹ Use the conflicted package (<http://conflicted.r-lib.org/>) to force all conflicts to become errors
# A tibble: 42 × 4
   theta   tau estimand   truth
   <dbl> <dbl> <chr>      <dbl>
 1  0.3    0.2 de       -0.297 
 2  0.3    0.2 mu        0.462 
 3  0.3    0.2 mu_0      0.551 
 4  0.3    0.2 mu_1      0.254 
 5  0.3    0.2 oe        0.0865
 6  0.3    0.2 se_0      0.0501
 7  0.3    0.2 se_1      0.0320
 8  0.45   0.2 de       -0.279 
 9  0.45   0.2 mu        0.376 
10  0.45   0.2 mu_0      0.501 
11  0.45   0.2 mu_1      0.222 
12  0.45   0.2 oe        0     
13  0.45   0.2 se_0      0     
14  0.45   0.2 se_1      0     
15  0.6    0.2 de       -0.273 
16  0.6    0.2 mu        0.316 
17  0.6    0.2 mu_0      0.480 
18  0.6    0.2 mu_1      0.207 
19  0.6    0.2 oe       -0.0593
20  0.6    0.2 se_0     -0.0213
21  0.6    0.2 se_1     -0.0150
22  0.3    0.4 de       -0.281 
23  0.3    0.4 mu        0.567 
24  0.3    0.4 mu_0      0.651 
25  0.3    0.4 mu_1      0.370 
26  0.3    0.4 oe        0.0883
27  0.3    0.4 se_0      0.0519
28  0.3    0.4 se_1      0.0390
29  0.45   0.4 de       -0.269 
30  0.45   0.4 mu        0.478 
31  0.45   0.4 mu_0      0.599 
32  0.45   0.4 mu_1      0.331 
33  0.45   0.4 oe        0     
34  0.45   0.4 se_0      0     
35  0.45   0.4 se_1      0     
36  0.6    0.4 de       -0.265 
37  0.6    0.4 mu        0.420 
38  0.6    0.4 mu_0      0.580 
39  0.6    0.4 mu_1      0.314 
40  0.6    0.4 oe       -0.0581
41  0.6    0.4 se_0     -0.0197
42  0.6    0.4 se_1     -0.0166
[1] "[Analysis setting]"
[1] "taus: 0.4"
[1] "thetas: 0.3, 0.45, 0.6"
[1] "m: 200"
[1] "N_total: 2570"
[1] "cluster size dist'n: "

 5  6  7  8  9 10 11 12 13 14 15 16 17 18 19 20 
11 12  6 11 11 18 10 13 14 14 13 15 15 14 12 11 
[1] "observed time summary: "
   Min. 1st Qu.  Median    Mean 3rd Qu.    Max. 
0.00000 0.02264 0.22193 0.62764 0.80098 8.75611 
[1] "event indicator table: "

   0    1 
1025 1545 
[1] "treatment indicator table: "

   0    1 
1352 1218 
[1] "C model fitted"
[1] "A model fitted"
[1] "Estimates computed"
[1] "SEs computed"
  estimand theta tau       est         se       PCL       PCU UCL UCU
1     mu_1  0.30 0.4 0.3109185 0.03224824 0.2477120 0.3741251   0   0
2     mu_1  0.45 0.4 0.2995975 0.02099686 0.2584437 0.3407513   0   0
3     mu_1  0.60 0.4 0.3187621 0.02427367 0.2711857 0.3663385   0   0
4     mu_0  0.30 0.4 0.5287065 0.03483163 0.4604365 0.5969765   0   0
5     mu_0  0.45 0.4 0.4854874 0.02423485 0.4379870 0.5329877   0   0
6     mu_0  0.60 0.4 0.5064191 0.03060084 0.4464414 0.5663967   0   0
[1] "Total run time was 1592.982 seconds"
###################################################
### Job finished at Thu Jun  5 12:21:43 EDT 2025 ###
###################################################
