##############################################################
### Job started at Thu Jun  5 11:55:27 EDT 2025 with m=200 for Chakladar IPCW ###
##############################################################
Loading required package: stats4

Attaching package: ‘sn’

The following object is masked from ‘package:stats’:

    sd

Loading required package: survival
Loading required package: Matrix

Attaching package: ‘dplyr’

The following objects are masked from ‘package:plyr’:

    arrange, count, desc, failwith, id, mutate, rename, summarise,
    summarize

The following objects are masked from ‘package:stats’:

    filter, lag

The following objects are masked from ‘package:base’:

    intersect, setdiff, setequal, union


Attaching package: ‘geex’

The following object is masked from ‘package:lme4’:

    show

The following object is masked from ‘package:Matrix’:

    show

The following object is masked from ‘package:sn’:

    show

The following object is masked from ‘package:stats4’:

    show

The following object is masked from ‘package:methods’:

    show

── Attaching core tidyverse packages ──────────────────────── tidyverse 2.0.0 ──
✔ forcats   1.0.0     ✔ readr     2.1.4
✔ ggplot2   3.4.4     ✔ stringr   1.5.1
✔ lubridate 1.9.3     ✔ tibble    3.2.1
✔ purrr     0.3.5     ✔ tidyr     1.2.1
── Conflicts ────────────────────────────────────────── tidyverse_conflicts() ──
✖ dplyr::arrange()   masks plyr::arrange()
✖ purrr::compact()   masks plyr::compact()
✖ dplyr::count()     masks plyr::count()
✖ dplyr::desc()      masks plyr::desc()
✖ lubridate::dst()   masks sn::dst()
✖ tidyr::expand()    masks Matrix::expand()
✖ dplyr::failwith()  masks plyr::failwith()
✖ dplyr::filter()    masks stats::filter()
✖ dplyr::id()        masks plyr::id()
✖ dplyr::lag()       masks stats::lag()
✖ dplyr::mutate()    masks plyr::mutate()
✖ tidyr::pack()      masks Matrix::pack()
✖ dplyr::rename()    masks plyr::rename()
✖ lubridate::show()  masks geex::show(), lme4::show(), Matrix::show(), sn::show(), stats4::show(), methods::show()
✖ dplyr::summarise() masks plyr::summarise()
✖ dplyr::summarize() masks plyr::summarize()
✖ tidyr::unpack()    masks Matrix::unpack()
ℹ Use the conflicted package (<http://conflicted.r-lib.org/>) to force all conflicts to become errors
# A tibble: 42 × 4
   theta   tau estimand   truth
   <dbl> <dbl> <chr>      <dbl>
 1  0.3    0.2 de       -0.292 
 2  0.3    0.2 mu        0.462 
 3  0.3    0.2 mu_0      0.550 
 4  0.3    0.2 mu_1      0.258 
 5  0.3    0.2 oe        0.0719
 6  0.3    0.2 se_0      0.0320
 7  0.3    0.2 se_1      0.0236
 8  0.45   0.2 de       -0.283 
 9  0.45   0.2 mu        0.390 
10  0.45   0.2 mu_0      0.518 
11  0.45   0.2 mu_1      0.234 
12  0.45   0.2 oe        0     
13  0.45   0.2 se_0      0     
14  0.45   0.2 se_1      0     
15  0.6    0.2 de       -0.284 
16  0.6    0.2 mu        0.328 
17  0.6    0.2 mu_0      0.498 
18  0.6    0.2 mu_1      0.214 
19  0.6    0.2 oe       -0.0623
20  0.6    0.2 se_0     -0.0192
21  0.6    0.2 se_1     -0.0202
22  0.3    0.4 de       -0.274 
23  0.3    0.4 mu        0.567 
24  0.3    0.4 mu_0      0.650 
25  0.3    0.4 mu_1      0.375 
26  0.3    0.4 oe        0.0707
27  0.3    0.4 se_0      0.0313
28  0.3    0.4 se_1      0.0274
29  0.45   0.4 de       -0.270 
30  0.45   0.4 mu        0.497 
31  0.45   0.4 mu_0      0.618 
32  0.45   0.4 mu_1      0.348 
33  0.45   0.4 oe        0     
34  0.45   0.4 se_0      0     
35  0.45   0.4 se_1      0     
36  0.6    0.4 de       -0.276 
37  0.6    0.4 mu        0.434 
38  0.6    0.4 mu_0      0.600 
39  0.6    0.4 mu_1      0.323 
40  0.6    0.4 oe       -0.0628
41  0.6    0.4 se_0     -0.0187
42  0.6    0.4 se_1     -0.0246
[1] "[Analysis setting]"
[1] "taus: 0.4"
[1] "thetas: 0.3, 0.45, 0.6"
[1] "m: 200"
[1] "N_total: 2431"
[1] "cluster size dist'n: "

 5  6  7  8  9 10 11 12 13 14 15 16 17 18 19 20 
13  9 17 14 12 24 10 13 11  6  8 14 17 13  7 12 
[1] "observed time summary: "
   Min. 1st Qu.  Median    Mean 3rd Qu.    Max. 
0.00000 0.01416 0.15533 0.57480 0.70022 9.13758 
[1] "event indicator table: "

   0    1 
 906 1525 
[1] "treatment indicator table: "

   0    1 
1295 1136 
[1] "C model fitted"
[1] "A model fitted"
[1] "Estimates computed"
[1] "SEs computed"
  estimand theta tau       est         se       PCL       PCU UCL UCU
1     mu_1  0.30 0.4 0.3729958 0.03132408 0.3116006 0.4343910   0   0
2     mu_1  0.45 0.4 0.3311593 0.02365941 0.2847868 0.3775317   0   0
3     mu_1  0.60 0.4 0.2895133 0.02431977 0.2418465 0.3371801   0   0
4     mu_0  0.30 0.4 0.6062679 0.03717016 0.5334144 0.6791214   0   0
5     mu_0  0.45 0.4 0.5372906 0.02321821 0.4917829 0.5827983   0   0
6     mu_0  0.60 0.4 0.5251348 0.03777873 0.4510885 0.5991811   0   0
[1] "Total run time was 1658.647 seconds"
###################################################
### Job finished at Thu Jun  5 12:23:06 EDT 2025 ###
###################################################
