##############################################################
### Job started at Tue Dec 23 03:55:23 AM EST 2025 with m=200, r=100, CensoringRate=0.7 ###
##############################################################

Attaching package: ‘dplyr’

The following objects are masked from ‘package:stats’:

    filter, lag

The following objects are masked from ‘package:base’:

    intersect, setdiff, setequal, union

Warning message:
package ‘dplyr’ was built under R version 4.5.0 
Loading required package: foreach
Loading required package: iterators
Loading required package: parallel

 randomForestSRC 3.4.5 
 
 Type rfsrc.news() to see new features, changes, and bug fixes. 
 

[conflicted] Will prefer dplyr::select over any other package.
[conflicted] Will prefer dplyr::filter over any other package.
[conflicted] Will prefer reshape2::melt over any other package.
--- Target Censoring rate: 0.7 || Censoring factor: 0.67 --- 
Loading required package: Matrix

Attaching package: ‘Matrix’

The following objects are masked from ‘package:tidyr’:

    expand, pack, unpack

--- Censoring rate: 70.1% --- 
--- Desired censoring rate: 70% --- 

==========================================================================
===========================   Analysis setting  ==========================
==========================================================================

- taus: 0.2, 0.4 

- policy: TypeB 

- thetas: 0.3, 0.31, 0.32, 0.33, 0.34, 0.35, 0.36, 0.37, 0.38, 0.39, 0.4, 0.41, 0.42, 0.43, 0.44, 0.45, 0.46, 0.47, 0.48, 0.49, 0.5, 0.51, 0.52, 0.53, 0.54, 0.55, 0.56, 0.57, 0.58, 0.59, 0.6 

- r: 100 

- K: 2 

- Nuisance estimation method: T nonpara / C nonpara / A nonpara 

- m: 200 

- N_total: 2448 

- cluster size dist'n: 
 5  6  7  8  9 10 11 12 13 14 15 16 17 18 19 20 
14 11 11 18 15 18  9 11  9 10 16  9 11 15 13 10 

 - observed time summary: 
    Min.  1st Qu.   Median     Mean  3rd Qu.     Max. 
0.000000 0.000442 0.026449 0.232431 0.228487 6.061035 

 - event indicator table: 
   0    1 
1715  733 

 - event time summary: 
    Min.  1st Qu.   Median     Mean  3rd Qu.     Max. 
0.000000 0.004926 0.083157 0.332976 0.415081 3.403528 

 - censoring time summary: 
   Min. 1st Qu.  Median    Mean 3rd Qu.    Max. 
0.00000 0.00015 0.01424 0.18946 0.15421 6.06104 

 - treatment indicator table: 
   0    1 
1312 1136 

==========================================================================
===========================   Estimation start  ==========================
==========================================================================

--- Split:1 ---

Running BART with binary y

number of trees: 25
number of chains: 1, default number of threads 1
tree thinning rate: 1
Prior:
	prior on k: chi with 1.250000 degrees of freedom and inf scale
	power and base for tree prior: 2.000000 0.950000
	use quantiles for rule cut points: false
	proposal probabilities: birth/death 0.50, swap 0.10, change 0.40; birth 0.50
data:
	number of training observations: 1155
	number of test observations: 0
	number of explanatory variables: 15

Cutoff rules c in x<=c vs x>c
Number of cutoffs: (var: number of possible c):
(1: 100) (2: 100) (3: 100) (4: 100) (5: 100) 
(6: 100) (7: 100) (8: 100) (9: 100) (10: 100) 
(11: 100) (12: 100) (13: 100) (14: 100) (15: 100) 


   [*---------] 10% | ET: 12.3s 
   [**--------] 20% | ET: 25.2s 
   [***-------] 30% | ET: 38.4s 
   [****------] 40% | ET: 49.6s 
   [*****-----] 50% | ET: 63.3s 
   [******----] 60% | ET: 75.9s 
   [*******---] 70% | ET: 88.9s 
   [********--] 80% | ET: 100.7s 
   [*********-] 90% | ET: 114s 
   [**********] 100% | ET: 126.5s 

--- Split:2 ---

Running BART with binary y

number of trees: 25
number of chains: 1, default number of threads 1
tree thinning rate: 1
Prior:
	prior on k: chi with 1.250000 degrees of freedom and inf scale
	power and base for tree prior: 2.000000 0.950000
	use quantiles for rule cut points: false
	proposal probabilities: birth/death 0.50, swap 0.10, change 0.40; birth 0.50
data:
	number of training observations: 1293
	number of test observations: 0
	number of explanatory variables: 15

Cutoff rules c in x<=c vs x>c
Number of cutoffs: (var: number of possible c):
(1: 100) (2: 100) (3: 100) (4: 100) (5: 100) 
(6: 100) (7: 100) (8: 100) (9: 100) (10: 100) 
(11: 100) (12: 100) (13: 100) (14: 100) (15: 100) 


   [*---------] 10% | ET: 12.3s 
   [**--------] 20% | ET: 24.6s 
   [***-------] 30% | ET: 38.1s 
   [****------] 40% | ET: 51.6s 
   [*****-----] 50% | ET: 65.1s 
   [******----] 60% | ET: 78.2s 
   [*******---] 70% | ET: 91s 
   [********--] 80% | ET: 103.4s 
   [*********-] 90% | ET: 116.3s 
   [**********] 100% | ET: 130.2s 

--- IF for proposed nonparametric estimator computed --- ET: 285.5 seconds
--- Estimator computed: mu --- ET: 0.4 seconds --- 
--- Estimator computed: mu_1 --- ET: 0.4 seconds --- 
--- Estimator computed: mu_0 --- ET: 0.4 seconds --- 
--- Estimator computed: de --- ET: 0.4 seconds --- 
--- Estimator computed: oe --- ET: 0.4 seconds --- 
--- Estimator computed: se_1 --- ET: 0.4 seconds --- 
--- Estimator computed: se_0 --- ET: 0.4 seconds --- 
--- Total run time: 289.3 seconds --- 
--- Total run time: 293.6 seconds --- 
\n###################################################
### Job finished at Tue Dec 23 04:00:17 AM EST 2025 ###
###################################################
