##############################################################
### Job started at Thu Jun  5 18:21:22 EDT 2025 with m=200, r=100, n=1 ###
##############################################################

Attaching package: ‘dplyr’

The following objects are masked from ‘package:stats’:

    filter, lag

The following objects are masked from ‘package:base’:

    intersect, setdiff, setequal, union

Loading required package: foreach
Loading required package: iterators
Loading required package: parallel

 randomForestSRC 3.2.2 
 
 Type rfsrc.news() to see new features, changes, and bug fixes. 
 

[conflicted] Will prefer dplyr::select over any other package.
[conflicted] Will prefer dplyr::filter over any other package.
[conflicted] Will prefer reshape2::melt over any other package.
── Attaching core tidyverse packages ──────────────────────── tidyverse 2.0.0 ──
✔ forcats   1.0.0     ✔ readr     2.1.4
✔ ggplot2   3.5.2     ✔ stringr   1.5.1
✔ lubridate 1.9.3     ✔ tibble    3.2.1
✔ purrr     0.3.5     ✔ tidyr     1.2.1
Loading required package: Matrix

Attaching package: ‘Matrix’

The following objects are masked from ‘package:tidyr’:

    expand, pack, unpack


==========================================================================
===========================   Analysis setting  ==========================
==========================================================================

- taus: 0.2 

- policy: TypeB 

- thetas: 0.3, 0.4, 0.5, 0.6, 0.7 

- r: 100 

- K: 2 

- Nuisance estimation method: T nonpara / C nonpara / A nonpara 

- m: 200 

- N_total: 793 

- cluster size dist'n: 
 3  4  5 
69 69 62 

 - observed time summary: 
   Min. 1st Qu.  Median    Mean 3rd Qu.    Max. 
0.00000 0.01247 0.16379 0.50951 0.65724 5.64005 

 - event indicator table: 
  0   1 
311 482 

 - event time summary: 
    Min.  1st Qu.   Median     Mean  3rd Qu.     Max. 
0.000000 0.009359 0.155967 0.474922 0.619192 3.919327 

 - censoring time summary: 
   Min. 1st Qu.  Median    Mean 3rd Qu.    Max. 
0.00000 0.01574 0.17763 0.56312 0.66849 5.64005 

 - treatment indicator table: 
  0   1 
443 350 

==========================================================================
===========================   Estimation start  ==========================
==========================================================================

--- Split:1 ---

Running BART with binary y

number of trees: 25
number of chains: 1, number of threads 1
tree thinning rate: 1
Prior:
	prior on k: chi with 1.250000 degrees of freedom and inf scale
	power and base for tree prior: 2.000000 0.950000
	use quantiles for rule cut points: false
	proposal probabilities: birth/death 0.50, swap 0.10, change 0.40; birth 0.50
data:
	number of training observations: 404
	number of test observations: 0
	number of explanatory variables: 15

Cutoff rules c in x<=c vs x>c
Number of cutoffs: (var: number of possible c):
(1: 100) (2: 100) (3: 100) (4: 100) (5: 100) 
(6: 100) (7: 100) (8: 100) (9: 100) (10: 100) 
(11: 100) (12: 100) (13: 100) (14: 100) (15: 100) 


   [*---------] 10% | ET: 3.3s 
   [**--------] 20% | ET: 6.6s 
   [***-------] 30% | ET: 9.6s 
   [****------] 40% | ET: 13.9s 
   [*****-----] 50% | ET: 17.5s 
   [******----] 60% | ET: 21.4s 
   [*******---] 70% | ET: 24.6s 
   [********--] 80% | ET: 27.7s 
   [*********-] 90% | ET: 30.8s 
   [**********] 100% | ET: 34.4s 

--- Split:2 ---

Running BART with binary y

number of trees: 25
number of chains: 1, number of threads 1
tree thinning rate: 1
Prior:
	prior on k: chi with 1.250000 degrees of freedom and inf scale
	power and base for tree prior: 2.000000 0.950000
	use quantiles for rule cut points: false
	proposal probabilities: birth/death 0.50, swap 0.10, change 0.40; birth 0.50
data:
	number of training observations: 389
	number of test observations: 0
	number of explanatory variables: 15

Cutoff rules c in x<=c vs x>c
Number of cutoffs: (var: number of possible c):
(1: 100) (2: 100) (3: 100) (4: 100) (5: 100) 
(6: 100) (7: 100) (8: 100) (9: 100) (10: 100) 
(11: 100) (12: 100) (13: 100) (14: 100) (15: 100) 


   [*---------] 10% | ET: 3s 
   [**--------] 20% | ET: 6.6s 
   [***-------] 30% | ET: 10.6s 
   [****------] 40% | ET: 14.6s 
   [*****-----] 50% | ET: 18.3s 
   [******----] 60% | ET: 22.2s 
   [*******---] 70% | ET: 25.5s 
   [********--] 80% | ET: 29.3s 
   [*********-] 90% | ET: 33s 
   [**********] 100% | ET: 36.5s 

--- IF for proposed nonparametric estimator computed --- ET: 74.6 seconds
--- Estimator computed: mu --- ET: 0.1 seconds --- 
--- Estimator computed: mu_1 --- ET: 0.1 seconds --- 
--- Estimator computed: mu_0 --- ET: 0.1 seconds --- 
--- Estimator computed: de --- ET: 0.1 seconds --- 
--- Estimator computed: oe --- ET: 0.1 seconds --- 
--- Estimator computed: se_1 --- ET: 0.1 seconds --- 
--- Estimator computed: se_0 --- ET: 0.1 seconds --- 
--- Total run time: 78 seconds --- 
--- Total run time: 80.8 seconds --- 
###################################################
### Job finished at Thu Jun  5 18:22:43 EDT 2025 ###
###################################################
