##############################################################
### Job started at Thu Jun  5 12:49:45 EDT 2025 with p=TypeB, m=200, r=10, s=1 ###
##############################################################

Attaching package: ‘dplyr’

The following objects are masked from ‘package:stats’:

    filter, lag

The following objects are masked from ‘package:base’:

    intersect, setdiff, setequal, union

Loading required package: foreach
Loading required package: iterators
Loading required package: parallel

 randomForestSRC 3.2.2 
 
 Type rfsrc.news() to see new features, changes, and bug fixes. 
 

[conflicted] Will prefer dplyr::select over any other package.
[conflicted] Will prefer dplyr::filter over any other package.
[conflicted] Will prefer reshape2::melt over any other package.
── Attaching core tidyverse packages ──────────────────────── tidyverse 2.0.0 ──
✔ forcats   1.0.0     ✔ readr     2.1.4
✔ ggplot2   3.5.2     ✔ stringr   1.5.1
✔ lubridate 1.9.3     ✔ tibble    3.2.1
✔ purrr     0.3.5     ✔ tidyr     1.2.1
# A tibble: 42 × 4
   theta   tau estimand    truth
   <dbl> <dbl> <chr>       <dbl>
 1  0.3    0.2 de       -0.273  
 2  0.3    0.2 mu        0.447  
 3  0.3    0.2 mu_0      0.529  
 4  0.3    0.2 mu_1      0.256  
 5  0.3    0.2 oe        0.0632 
 6  0.3    0.2 se_0      0.0212 
 7  0.3    0.2 se_1      0.0236 
 8  0.45   0.2 de       -0.275  
 9  0.45   0.2 mu        0.383  
10  0.45   0.2 mu_0      0.507  
11  0.45   0.2 mu_1      0.232  
12  0.45   0.2 oe        0      
13  0.45   0.2 se_0      0      
14  0.45   0.2 se_1      0      
15  0.6    0.2 de       -0.280  
16  0.6    0.2 mu        0.328  
17  0.6    0.2 mu_0      0.496  
18  0.6    0.2 mu_1      0.216  
19  0.6    0.2 oe       -0.0551 
20  0.6    0.2 se_0     -0.0109 
21  0.6    0.2 se_1     -0.0158 
22  0.3    0.4 de       -0.254  
23  0.3    0.4 mu        0.549  
24  0.3    0.4 mu_0      0.626  
25  0.3    0.4 mu_1      0.372  
26  0.3    0.4 oe        0.0600 
27  0.3    0.4 se_0      0.0179 
28  0.3    0.4 se_1      0.0269 
29  0.45   0.4 de       -0.263  
30  0.45   0.4 mu        0.489  
31  0.45   0.4 mu_0      0.608  
32  0.45   0.4 mu_1      0.345  
33  0.45   0.4 oe        0      
34  0.45   0.4 se_0      0      
35  0.45   0.4 se_1      0      
36  0.6    0.4 de       -0.272  
37  0.6    0.4 mu        0.436  
38  0.6    0.4 mu_0      0.599  
39  0.6    0.4 mu_1      0.327  
40  0.6    0.4 oe       -0.0537 
41  0.6    0.4 se_0     -0.00868
42  0.6    0.4 se_1     -0.0181 
Loading required package: Matrix

Attaching package: ‘Matrix’

The following objects are masked from ‘package:tidyr’:

    expand, pack, unpack


==========================================================================
===========================   Analysis setting  ==========================
==========================================================================

- taus: 0.1, 0.2, 0.3, 0.4, 0.5 

- policy: TypeB 

- thetas: 0.3, 0.31, 0.32, 0.33, 0.34, 0.35, 0.36, 0.37, 0.38, 0.39, 0.4, 0.41, 0.42, 0.43, 0.44, 0.45, 0.46, 0.47, 0.48, 0.49, 0.5, 0.51, 0.52, 0.53, 0.54, 0.55, 0.56, 0.57, 0.58, 0.59, 0.6 

- r: 10 

- K: 2 

- Nuisance estimation method: T nonpara / C nonpara / A nonpara 

- m: 200 

- N_total: 2431 

- cluster size dist'n: 
 5  6  7  8  9 10 11 12 13 14 15 16 17 18 19 20 
13  9 17 14 12 24 10 13 11  6  8 14 17 13  7 12 

 - observed time summary: 
   Min. 1st Qu.  Median    Mean 3rd Qu.    Max. 
0.00000 0.01416 0.15533 0.57480 0.70022 9.13758 

 - event indicator table: 
   0    1 
 906 1525 

 - event time summary: 
    Min.  1st Qu.   Median     Mean  3rd Qu.     Max. 
0.000000 0.008386 0.121580 0.510213 0.580169 8.201636 

 - censoring time summary: 
   Min. 1st Qu.  Median    Mean 3rd Qu.    Max. 
0.00000 0.03427 0.23282 0.68352 0.88618 9.13758 

 - treatment indicator table: 
   0    1 
1295 1136 

==========================================================================
===========================   Estimation start  ==========================
==========================================================================

--- Split:1 ---

Running BART with binary y

number of trees: 25
number of chains: 1, number of threads 1
tree thinning rate: 1
Prior:
	prior on k: chi with 1.250000 degrees of freedom and inf scale
	power and base for tree prior: 2.000000 0.950000
	use quantiles for rule cut points: false
	proposal probabilities: birth/death 0.50, swap 0.10, change 0.40; birth 0.50
data:
	number of training observations: 1216
	number of test observations: 0
	number of explanatory variables: 15

Cutoff rules c in x<=c vs x>c
Number of cutoffs: (var: number of possible c):
(1: 100) (2: 100) (3: 100) (4: 100) (5: 100) 
(6: 100) (7: 100) (8: 100) (9: 100) (10: 100) 
(11: 100) (12: 100) (13: 100) (14: 100) (15: 100) 


   [*---------] 10% | ET: 3.3s 
   [**--------] 20% | ET: 6.4s 
   [***-------] 30% | ET: 9.6s 
   [****------] 40% | ET: 12.9s 
   [*****-----] 50% | ET: 16s 
   [******----] 60% | ET: 19.4s 
   [*******---] 70% | ET: 22.9s 
   [********--] 80% | ET: 26s 
   [*********-] 90% | ET: 29s 
   [**********] 100% | ET: 32.3s 

--- Split:2 ---

Running BART with binary y

number of trees: 25
number of chains: 1, number of threads 1
tree thinning rate: 1
Prior:
	prior on k: chi with 1.250000 degrees of freedom and inf scale
	power and base for tree prior: 2.000000 0.950000
	use quantiles for rule cut points: false
	proposal probabilities: birth/death 0.50, swap 0.10, change 0.40; birth 0.50
data:
	number of training observations: 1215
	number of test observations: 0
	number of explanatory variables: 15

Cutoff rules c in x<=c vs x>c
Number of cutoffs: (var: number of possible c):
(1: 100) (2: 100) (3: 100) (4: 100) (5: 100) 
(6: 100) (7: 100) (8: 100) (9: 100) (10: 100) 
(11: 100) (12: 100) (13: 100) (14: 100) (15: 100) 


   [*---------] 10% | ET: 3.5s 
   [**--------] 20% | ET: 6.7s 
   [***-------] 30% | ET: 10.2s 
   [****------] 40% | ET: 13.4s 
   [*****-----] 50% | ET: 16.5s 
   [******----] 60% | ET: 20s 
   [*******---] 70% | ET: 23.8s 
   [********--] 80% | ET: 27.1s 
   [*********-] 90% | ET: 30.3s 
   [**********] 100% | ET: 33.5s 

--- IF for proposed nonparametric estimator computed --- ET: 80.9 seconds
--- Estimator computed: mu --- ET: 0.6 seconds --- 
--- Estimator computed: mu_1 --- ET: 0.5 seconds --- 
--- Estimator computed: mu_0 --- ET: 0.5 seconds --- 
--- Estimator computed: de --- ET: 0.6 seconds --- 
--- Estimator computed: oe --- ET: 0.5 seconds --- 
--- Estimator computed: se_1 --- ET: 0.6 seconds --- 
--- Estimator computed: se_0 --- ET: 0.6 seconds --- 
--- Total run time: 86.8 seconds --- 
--- Total run time: 99 seconds --- ###################################################
### Job finished at Thu Jun  5 12:51:24 EDT 2025 ###
###################################################
