##############################################################
### Job started at Thu Jun  5 12:44:02 EDT 2025 with p=TypeB, m=200, r=10, s=1 ###
##############################################################

Attaching package: ‘dplyr’

The following objects are masked from ‘package:stats’:

    filter, lag

The following objects are masked from ‘package:base’:

    intersect, setdiff, setequal, union

Loading required package: foreach
Loading required package: iterators
Loading required package: parallel

 randomForestSRC 3.2.2 
 
 Type rfsrc.news() to see new features, changes, and bug fixes. 
 

[conflicted] Will prefer dplyr::select over any other package.
[conflicted] Will prefer dplyr::filter over any other package.
[conflicted] Will prefer reshape2::melt over any other package.
── Attaching core tidyverse packages ──────────────────────── tidyverse 2.0.0 ──
✔ forcats   1.0.0     ✔ readr     2.1.4
✔ ggplot2   3.5.2     ✔ stringr   1.5.1
✔ lubridate 1.9.3     ✔ tibble    3.2.1
✔ purrr     0.3.5     ✔ tidyr     1.2.1
# A tibble: 42 × 4
   theta   tau estimand   truth
   <dbl> <dbl> <chr>      <dbl>
 1  0.3    0.2 de       -0.287 
 2  0.3    0.2 mu        0.458 
 3  0.3    0.2 mu_0      0.544 
 4  0.3    0.2 mu_1      0.257 
 5  0.3    0.2 oe        0.0769
 6  0.3    0.2 se_0      0.0377
 7  0.3    0.2 se_1      0.0293
 8  0.45   0.2 de       -0.278 
 9  0.45   0.2 mu        0.381 
10  0.45   0.2 mu_0      0.506 
11  0.45   0.2 mu_1      0.228 
12  0.45   0.2 oe        0     
13  0.45   0.2 se_0      0     
14  0.45   0.2 se_1      0     
15  0.6    0.2 de       -0.270 
16  0.6    0.2 mu        0.305 
17  0.6    0.2 mu_0      0.467 
18  0.6    0.2 mu_1      0.197 
19  0.6    0.2 oe       -0.0764
20  0.6    0.2 se_0     -0.0397
21  0.6    0.2 se_1     -0.0312
22  0.3    0.4 de       -0.270 
23  0.3    0.4 mu        0.564 
24  0.3    0.4 mu_0      0.645 
25  0.3    0.4 mu_1      0.375 
26  0.3    0.4 oe        0.0773
27  0.3    0.4 se_0      0.0376
28  0.3    0.4 se_1      0.0357
29  0.45   0.4 de       -0.268 
30  0.45   0.4 mu        0.487 
31  0.45   0.4 mu_0      0.607 
32  0.45   0.4 mu_1      0.339 
33  0.45   0.4 oe        0     
34  0.45   0.4 se_0      0     
35  0.45   0.4 se_1      0     
36  0.6    0.4 de       -0.266 
37  0.6    0.4 mu        0.405 
38  0.6    0.4 mu_0      0.564 
39  0.6    0.4 mu_1      0.298 
40  0.6    0.4 oe       -0.0819
41  0.6    0.4 se_0     -0.0430
42  0.6    0.4 se_1     -0.0409
Loading required package: Matrix

Attaching package: ‘Matrix’

The following objects are masked from ‘package:tidyr’:

    expand, pack, unpack


==========================================================================
===========================   Analysis setting  ==========================
==========================================================================

- taus: 0.1, 0.2, 0.3, 0.4, 0.5 

- policy: TypeB 

- thetas: 0.3, 0.31, 0.32, 0.33, 0.34, 0.35, 0.36, 0.37, 0.38, 0.39, 0.4, 0.41, 0.42, 0.43, 0.44, 0.45, 0.46, 0.47, 0.48, 0.49, 0.5, 0.51, 0.52, 0.53, 0.54, 0.55, 0.56, 0.57, 0.58, 0.59, 0.6 

- r: 10 

- K: 2 

- Nuisance estimation method: T nonpara / C nonpara / A nonpara 

- m: 200 

- N_total: 2414 

- cluster size dist'n: 
 5  6  7  8  9 10 11 12 13 14 15 16 17 18 19 20 
10 14 17 15 15 13 12 13 12 11 11 16 10  8 17  6 

 - observed time summary: 
   Min. 1st Qu.  Median    Mean 3rd Qu.    Max. 
0.00000 0.01704 0.19387 0.60942 0.78492 8.19045 

 - event indicator table: 
   0    1 
 994 1420 

 - event time summary: 
    Min.  1st Qu.   Median     Mean  3rd Qu.     Max. 
0.000000 0.009916 0.155366 0.559683 0.659477 8.190452 

 - censoring time summary: 
   Min. 1st Qu.  Median    Mean 3rd Qu.    Max. 
0.00000 0.03795 0.25909 0.68046 0.98184 6.25880 

 - treatment indicator table: 
   0    1 
1307 1107 

==========================================================================
===========================   Estimation start  ==========================
==========================================================================

--- Split:1 ---

Running BART with binary y

number of trees: 25
number of chains: 1, number of threads 1
tree thinning rate: 1
Prior:
	prior on k: chi with 1.250000 degrees of freedom and inf scale
	power and base for tree prior: 2.000000 0.950000
	use quantiles for rule cut points: false
	proposal probabilities: birth/death 0.50, swap 0.10, change 0.40; birth 0.50
data:
	number of training observations: 1248
	number of test observations: 0
	number of explanatory variables: 15

Cutoff rules c in x<=c vs x>c
Number of cutoffs: (var: number of possible c):
(1: 100) (2: 100) (3: 100) (4: 100) (5: 100) 
(6: 100) (7: 100) (8: 100) (9: 100) (10: 100) 
(11: 100) (12: 100) (13: 100) (14: 100) (15: 100) 


   [*---------] 10% | ET: 3.4s 
   [**--------] 20% | ET: 6.8s 
   [***-------] 30% | ET: 10.2s 
   [****------] 40% | ET: 13.8s 
   [*****-----] 50% | ET: 17.3s 
   [******----] 60% | ET: 20.9s 
   [*******---] 70% | ET: 24.5s 
   [********--] 80% | ET: 28.1s 
   [*********-] 90% | ET: 31.6s 
   [**********] 100% | ET: 35.1s 

--- Split:2 ---

Running BART with binary y

number of trees: 25
number of chains: 1, number of threads 1
tree thinning rate: 1
Prior:
	prior on k: chi with 1.250000 degrees of freedom and inf scale
	power and base for tree prior: 2.000000 0.950000
	use quantiles for rule cut points: false
	proposal probabilities: birth/death 0.50, swap 0.10, change 0.40; birth 0.50
data:
	number of training observations: 1166
	number of test observations: 0
	number of explanatory variables: 15

Cutoff rules c in x<=c vs x>c
Number of cutoffs: (var: number of possible c):
(1: 100) (2: 100) (3: 100) (4: 100) (5: 100) 
(6: 100) (7: 100) (8: 100) (9: 100) (10: 100) 
(11: 100) (12: 100) (13: 100) (14: 100) (15: 100) 


   [*---------] 10% | ET: 4s 
   [**--------] 20% | ET: 8.1s 
   [***-------] 30% | ET: 12.1s 
   [****------] 40% | ET: 15.9s 
   [*****-----] 50% | ET: 19.7s 
   [******----] 60% | ET: 23.6s 
   [*******---] 70% | ET: 27.3s 
   [********--] 80% | ET: 31.1s 
   [*********-] 90% | ET: 35s 
   [**********] 100% | ET: 39s 

--- IF for proposed nonparametric estimator computed --- ET: 87.6 seconds
--- Estimator computed: mu --- ET: 0.6 seconds --- 
--- Estimator computed: mu_1 --- ET: 0.5 seconds --- 
--- Estimator computed: mu_0 --- ET: 0.5 seconds --- 
--- Estimator computed: de --- ET: 0.5 seconds --- 
--- Estimator computed: oe --- ET: 0.5 seconds --- 
--- Estimator computed: se_1 --- ET: 0.5 seconds --- 
--- Estimator computed: se_0 --- ET: 0.5 seconds --- 
--- Total run time: 93.5 seconds --- 
--- Total run time: 105.3 seconds --- ###################################################
### Job finished at Thu Jun  5 12:45:48 EDT 2025 ###
###################################################
