##############################################################
### Job started at Thu Jun  5 12:46:44 EDT 2025 with p=TypeB, m=200, r=10, s=1 ###
##############################################################

Attaching package: ‘dplyr’

The following objects are masked from ‘package:stats’:

    filter, lag

The following objects are masked from ‘package:base’:

    intersect, setdiff, setequal, union

Loading required package: foreach
Loading required package: iterators
Loading required package: parallel

 randomForestSRC 3.2.2 
 
 Type rfsrc.news() to see new features, changes, and bug fixes. 
 

[conflicted] Will prefer dplyr::select over any other package.
[conflicted] Will prefer dplyr::filter over any other package.
[conflicted] Will prefer reshape2::melt over any other package.
── Attaching core tidyverse packages ──────────────────────── tidyverse 2.0.0 ──
✔ forcats   1.0.0     ✔ readr     2.1.4
✔ ggplot2   3.5.2     ✔ stringr   1.5.1
✔ lubridate 1.9.3     ✔ tibble    3.2.1
✔ purrr     0.3.5     ✔ tidyr     1.2.1
# A tibble: 42 × 4
   theta   tau estimand   truth
   <dbl> <dbl> <chr>      <dbl>
 1  0.3    0.2 de       -0.289 
 2  0.3    0.2 mu        0.456 
 3  0.3    0.2 mu_0      0.542 
 4  0.3    0.2 mu_1      0.253 
 5  0.3    0.2 oe        0.0808
 6  0.3    0.2 se_0      0.0411
 7  0.3    0.2 se_1      0.0331
 8  0.45   0.2 de       -0.281 
 9  0.45   0.2 mu        0.375 
10  0.45   0.2 mu_0      0.501 
11  0.45   0.2 mu_1      0.220 
12  0.45   0.2 oe        0     
13  0.45   0.2 se_0      0     
14  0.45   0.2 se_1      0     
15  0.6    0.2 de       -0.268 
16  0.6    0.2 mu        0.308 
17  0.6    0.2 mu_0      0.469 
18  0.6    0.2 mu_1      0.201 
19  0.6    0.2 oe       -0.0665
20  0.6    0.2 se_0     -0.0323
21  0.6    0.2 se_1     -0.0191
22  0.3    0.4 de       -0.273 
23  0.3    0.4 mu        0.560 
24  0.3    0.4 mu_0      0.642 
25  0.3    0.4 mu_1      0.369 
26  0.3    0.4 oe        0.0829
27  0.3    0.4 se_0      0.0422
28  0.3    0.4 se_1      0.0417
29  0.45   0.4 de       -0.272 
30  0.45   0.4 mu        0.477 
31  0.45   0.4 mu_0      0.599 
32  0.45   0.4 mu_1      0.327 
33  0.45   0.4 oe        0     
34  0.45   0.4 se_0      0     
35  0.45   0.4 se_1      0     
36  0.6    0.4 de       -0.261 
37  0.6    0.4 mu        0.409 
38  0.6    0.4 mu_0      0.565 
39  0.6    0.4 mu_1      0.304 
40  0.6    0.4 oe       -0.0685
41  0.6    0.4 se_0     -0.0344
42  0.6    0.4 se_1     -0.0232
Loading required package: Matrix

Attaching package: ‘Matrix’

The following objects are masked from ‘package:tidyr’:

    expand, pack, unpack


==========================================================================
===========================   Analysis setting  ==========================
==========================================================================

- taus: 0.1, 0.2, 0.3, 0.4, 0.5 

- policy: TypeB 

- thetas: 0.3, 0.31, 0.32, 0.33, 0.34, 0.35, 0.36, 0.37, 0.38, 0.39, 0.4, 0.41, 0.42, 0.43, 0.44, 0.45, 0.46, 0.47, 0.48, 0.49, 0.5, 0.51, 0.52, 0.53, 0.54, 0.55, 0.56, 0.57, 0.58, 0.59, 0.6 

- r: 10 

- K: 2 

- Nuisance estimation method: T nonpara / C nonpara / A nonpara 

- m: 200 

- N_total: 2524 

- cluster size dist'n: 
 5  6  7  8  9 10 11 12 13 14 15 16 17 18 19 20 
 9  9 11 12 12 17  8 18 17 17 16 13  8 12  9 12 

 - observed time summary: 
    Min.  1st Qu.   Median     Mean  3rd Qu.     Max. 
 0.00000  0.01642  0.18272  0.59174  0.76412 11.78548 

 - event indicator table: 
   0    1 
1012 1512 

 - event time summary: 
    Min.  1st Qu.   Median     Mean  3rd Qu.     Max. 
 0.00000  0.01264  0.14873  0.51957  0.66143 11.78548 

 - censoring time summary: 
   Min. 1st Qu.  Median    Mean 3rd Qu.    Max. 
0.00000 0.02529 0.24935 0.69955 0.93108 8.20853 

 - treatment indicator table: 
   0    1 
1348 1176 

==========================================================================
===========================   Estimation start  ==========================
==========================================================================

--- Split:1 ---

Running BART with binary y

number of trees: 25
number of chains: 1, number of threads 1
tree thinning rate: 1
Prior:
	prior on k: chi with 1.250000 degrees of freedom and inf scale
	power and base for tree prior: 2.000000 0.950000
	use quantiles for rule cut points: false
	proposal probabilities: birth/death 0.50, swap 0.10, change 0.40; birth 0.50
data:
	number of training observations: 1264
	number of test observations: 0
	number of explanatory variables: 15

Cutoff rules c in x<=c vs x>c
Number of cutoffs: (var: number of possible c):
(1: 100) (2: 100) (3: 100) (4: 100) (5: 100) 
(6: 100) (7: 100) (8: 100) (9: 100) (10: 100) 
(11: 100) (12: 100) (13: 100) (14: 100) (15: 100) 


   [*---------] 10% | ET: 3.5s 
   [**--------] 20% | ET: 6.9s 
   [***-------] 30% | ET: 10.4s 
   [****------] 40% | ET: 13.9s 
   [*****-----] 50% | ET: 17.3s 
   [******----] 60% | ET: 20.6s 
   [*******---] 70% | ET: 24.2s 
   [********--] 80% | ET: 27.9s 
   [*********-] 90% | ET: 31.4s 
   [**********] 100% | ET: 35.2s 

--- Split:2 ---

Running BART with binary y

number of trees: 25
number of chains: 1, number of threads 1
tree thinning rate: 1
Prior:
	prior on k: chi with 1.250000 degrees of freedom and inf scale
	power and base for tree prior: 2.000000 0.950000
	use quantiles for rule cut points: false
	proposal probabilities: birth/death 0.50, swap 0.10, change 0.40; birth 0.50
data:
	number of training observations: 1260
	number of test observations: 0
	number of explanatory variables: 15

Cutoff rules c in x<=c vs x>c
Number of cutoffs: (var: number of possible c):
(1: 100) (2: 100) (3: 100) (4: 100) (5: 100) 
(6: 100) (7: 100) (8: 100) (9: 100) (10: 100) 
(11: 100) (12: 100) (13: 100) (14: 100) (15: 100) 


   [*---------] 10% | ET: 3.8s 
   [**--------] 20% | ET: 8.2s 
   [***-------] 30% | ET: 12.7s 
   [****------] 40% | ET: 16.3s 
   [*****-----] 50% | ET: 20s 
   [******----] 60% | ET: 24.3s 
   [*******---] 70% | ET: 28.4s 
   [********--] 80% | ET: 32.5s 
   [*********-] 90% | ET: 36.6s 
   [**********] 100% | ET: 40.4s 

--- IF for proposed nonparametric estimator computed --- ET: 90.1 seconds
--- Estimator computed: mu --- ET: 0.7 seconds --- 
--- Estimator computed: mu_1 --- ET: 0.5 seconds --- 
--- Estimator computed: mu_0 --- ET: 0.6 seconds --- 
--- Estimator computed: de --- ET: 0.6 seconds --- 
--- Estimator computed: oe --- ET: 0.5 seconds --- 
--- Estimator computed: se_1 --- ET: 0.5 seconds --- 
--- Estimator computed: se_0 --- ET: 0.5 seconds --- 
--- Total run time: 96 seconds --- 
--- Total run time: 107.6 seconds --- ###################################################
### Job finished at Thu Jun  5 12:48:32 EDT 2025 ###
###################################################
