
Attaching package: ‘dplyr’

The following objects are masked from ‘package:stats’:

    filter, lag

The following objects are masked from ‘package:base’:

    intersect, setdiff, setequal, union

Loading required package: foreach
Loading required package: iterators
Loading required package: parallel

 randomForestSRC 3.2.2 
 
 Type rfsrc.news() to see new features, changes, and bug fixes. 
 

── Attaching core tidyverse packages ──────────────────────── tidyverse 2.0.0 ──
✔ forcats   1.0.0     ✔ readr     2.1.4
✔ ggplot2   3.3.6     ✔ stringr   1.5.1
✔ lubridate 1.9.3     ✔ tibble    3.2.1
✔ purrr     0.3.5     ✔ tidyr     1.2.1
── Conflicts ────────────────────────────────────────── tidyverse_conflicts() ──
✖ purrr::accumulate() masks foreach::accumulate()
✖ tidyr::extract()    masks dbarts::extract()
✖ dplyr::filter()     masks stats::filter()
✖ dplyr::lag()        masks stats::lag()
✖ purrr::partial()    masks randomForestSRC::partial()
✖ purrr::when()       masks foreach::when()
ℹ Use the [conflicted package](http://conflicted.r-lib.org/) to force all conflicts to become errors
[1] "[Analysis setting]"
[1] "n.cpus: 8"
[1] "method: nonpara"
[1] "taus: 0.1, 0.2, 0.3, 0.4, 0.5"
[1] "thetas: 0.1, 0.2, 0.3, 0.4, 0.5, 0.6, 0.7, 0.8, 0.9"
[1] "r: 50"
[1] "m: 100"
[1] "N_total: 1284"
[1] "cluster size dist'n: "

 5  6  7  8  9 10 11 12 13 14 15 16 17 18 19 20 
 5  6 11  3  6  4  5  3  6  7  7  8  9  8  9  3 
[1] "observed time summary: "
   Min. 1st Qu.  Median    Mean 3rd Qu.    Max. 
0.00000 0.03435 0.33109 0.63136 1.00000 5.00000 
[1] "event indicator table: "

  0   1 
739 545 
[1] "treatment indicator table: "

  0   1 
492 792 
[1] ""
[1] "Estimation start"
[1] "   Split: 1"
Note: Using an external vector in selections is ambiguous.
ℹ Use `all_of(X.T.names)` instead of `X.T.names` to silence this message.
ℹ See <https://tidyselect.r-lib.org/reference/faq-external-vector.html>.
This message is displayed once per session.
Note: Using an external vector in selections is ambiguous.
ℹ Use `all_of(X.C.names)` instead of `X.C.names` to silence this message.
ℹ See <https://tidyselect.r-lib.org/reference/faq-external-vector.html>.
This message is displayed once per session.
Note: Using an external vector in selections is ambiguous.
ℹ Use `all_of(X.A.names)` instead of `X.A.names` to silence this message.
ℹ See <https://tidyselect.r-lib.org/reference/faq-external-vector.html>.
This message is displayed once per session.

Running BART with binary y

number of trees: 25
number of chains: 1, number of threads 1
tree thinning rate: 1
Prior:
	prior on k: chi with 1.250000 degrees of freedom and inf scale
	power and base for tree prior: 2.000000 0.950000
	use quantiles for rule cut points: false
	proposal probabilities: birth/death 0.50, swap 0.10, change 0.40; birth 0.50
data:
	number of training observations: 627
	number of test observations: 0
	number of explanatory variables: 15

Cutoff rules c in x<=c vs x>c
Number of cutoffs: (var: number of possible c):
(1: 100) (2: 100) (3: 100) (4: 100) (5: 100) 
(6: 100) (7: 100) (8: 100) (9: 100) (10: 100) 
(11: 100) (12: 100) (13: 100) (14: 100) (15: 100) 

[1] "     Cluster: 7"
[1] "     Cluster: 9"
[1] "     Cluster: 10"
[1] "     Cluster: 11"
[1] "     Cluster: 12"
[1] "     Cluster: 13"
[1] "     Cluster: 14"
[1] "     Cluster: 18"
[1] "     Cluster: 20"
[1] "     Cluster: 21"
[1] "     Cluster: 24"
[1] "     Cluster: 29"
[1] "     Cluster: 30"
[1] "     Cluster: 33"
[1] "     Cluster: 34"
[1] "     Cluster: 36"
[1] "     Cluster: 37"
[1] "     Cluster: 38"
[1] "     Cluster: 39"
[1] "     Cluster: 40"
[1] "     Cluster: 41"
[1] "     Cluster: 46"
[1] "     Cluster: 47"
[1] "     Cluster: 49"
[1] "     Cluster: 51"
[1] "     Cluster: 54"
[1] "     Cluster: 55"
[1] "     Cluster: 58"
[1] "     Cluster: 61"
[1] "     Cluster: 62"
[1] "     Cluster: 66"
[1] "     Cluster: 67"
[1] "     Cluster: 69"
[1] "     Cluster: 70"
[1] "     Cluster: 71"
[1] "     Cluster: 74"
[1] "     Cluster: 75"
[1] "     Cluster: 78"
[1] "     Cluster: 80"
[1] "     Cluster: 81"
[1] "     Cluster: 82"
[1] "     Cluster: 85"
[1] "     Cluster: 86"
[1] "     Cluster: 88"
[1] "     Cluster: 90"
[1] "     Cluster: 92"
[1] "     Cluster: 93"
[1] "     Cluster: 95"
[1] "     Cluster: 96"
[1] "     Cluster: 97"
[1] "   Split: 2"

Running BART with binary y

number of trees: 25
number of chains: 1, number of threads 1
tree thinning rate: 1
Prior:
	prior on k: chi with 1.250000 degrees of freedom and inf scale
	power and base for tree prior: 2.000000 0.950000
	use quantiles for rule cut points: false
	proposal probabilities: birth/death 0.50, swap 0.10, change 0.40; birth 0.50
data:
	number of training observations: 657
	number of test observations: 0
	number of explanatory variables: 15

Cutoff rules c in x<=c vs x>c
Number of cutoffs: (var: number of possible c):
(1: 100) (2: 100) (3: 100) (4: 100) (5: 100) 
(6: 100) (7: 100) (8: 100) (9: 100) (10: 100) 
(11: 100) (12: 100) (13: 100) (14: 100) (15: 100) 

[1] "     Cluster: 1"
[1] "     Cluster: 2"
[1] "     Cluster: 3"
[1] "     Cluster: 4"
[1] "     Cluster: 5"
[1] "     Cluster: 6"
[1] "     Cluster: 8"
[1] "     Cluster: 15"
[1] "     Cluster: 16"
[1] "     Cluster: 17"
[1] "     Cluster: 19"
[1] "     Cluster: 22"
[1] "     Cluster: 23"
[1] "     Cluster: 25"
[1] "     Cluster: 26"
[1] "     Cluster: 27"
[1] "     Cluster: 28"
[1] "     Cluster: 31"
[1] "     Cluster: 32"
[1] "     Cluster: 35"
[1] "     Cluster: 42"
[1] "     Cluster: 43"
[1] "     Cluster: 44"
[1] "     Cluster: 45"
[1] "     Cluster: 48"
[1] "     Cluster: 50"
[1] "     Cluster: 52"
[1] "     Cluster: 53"
[1] "     Cluster: 56"
[1] "     Cluster: 57"
[1] "     Cluster: 59"
[1] "     Cluster: 60"
[1] "     Cluster: 63"
[1] "     Cluster: 64"
[1] "     Cluster: 65"
[1] "     Cluster: 68"
[1] "     Cluster: 72"
[1] "     Cluster: 73"
[1] "     Cluster: 76"
[1] "     Cluster: 77"
[1] "     Cluster: 79"
[1] "     Cluster: 83"
[1] "     Cluster: 84"
[1] "     Cluster: 87"
[1] "     Cluster: 89"
[1] "     Cluster: 91"
[1] "     Cluster: 94"
[1] "     Cluster: 98"
[1] "     Cluster: 99"
[1] "     Cluster: 100"
[1] ""
[1] "IF for proposed nonparametric estimator computed."
`summarise()` has grouped output by 'theta', 'tau'. You can override using the
`.groups` argument.
`summarise()` has grouped output by 'theta'. You can override using the
`.groups` argument.
`summarise()` has grouped output by 'theta', 'tau'. You can override using the
`.groups` argument.
`summarise()` has grouped output by 'theta'. You can override using the
`.groups` argument.
`summarise()` has grouped output by 'theta', 'tau'. You can override using the
`.groups` argument.
`summarise()` has grouped output by 'theta'. You can override using the
`.groups` argument.
`summarise()` has grouped output by 'theta', 'tau'. You can override using the
`.groups` argument.
`summarise()` has grouped output by 'theta'. You can override using the
`.groups` argument.
`summarise()` has grouped output by 'theta', 'tau'. You can override using the
`.groups` argument.
`summarise()` has grouped output by 'theta'. You can override using the
`.groups` argument.
`summarise()` has grouped output by 'theta', 'tau'. You can override using the
`.groups` argument.
`summarise()` has grouped output by 'theta'. You can override using the
`.groups` argument.
`summarise()` has grouped output by 'theta', 'tau'. You can override using the
`.groups` argument.
`summarise()` has grouped output by 'theta'. You can override using the
`.groups` argument.
`summarise()` has grouped output by 'theta', 'tau'. You can override using the
`.groups` argument.
`summarise()` has grouped output by 'theta'. You can override using the
`.groups` argument.
[1] ""
[1] "Total run time was 269.951 seconds"
[1] "Estimation result: "
# A tibble: 360 × 5
   estimand theta   tau   est     se
   <chr>    <dbl> <dbl> <dbl>  <dbl>
 1 mu         0.1   0.1 0.202 0.0623
 2 mu         0.1   0.2 0.340 0.0874
 3 mu         0.1   0.3 0.366 0.0847
 4 mu         0.1   0.4 0.357 0.0874
 5 mu         0.1   0.5 0.337 0.0982
 6 mu         0.2   0.1 0.184 0.0514
 7 mu         0.2   0.2 0.303 0.0643
 8 mu         0.2   0.3 0.339 0.0610
 9 mu         0.2   0.4 0.332 0.0686
10 mu         0.2   0.5 0.322 0.0830
# ℹ 350 more rows
[1] ""
[1] "OR weights"
`summarise()` has grouped output by 'estimand'. You can override using the
`.groups` argument.
# A tibble: 27 × 6
# Groups:   estimand [3]
   estimand theta mean_value median_value  min_value max_value
   <fct>    <dbl>      <dbl>        <dbl>      <dbl>     <dbl>
 1 mu         0.1      0.704        0.202 0.00000910      8.84
 2 mu         0.2      0.796        0.642 0.00211         6.12
 3 mu         0.3      0.870        0.857 0.0331          3.07
 4 mu         0.4      0.934        0.940 0.162           1.82
 5 mu         0.5      0.973        0.984 0.408           1.46
 6 mu         0.6      0.995        1     0.704           1.15
 7 mu         0.7      1.02         1.00  0.757           1.32
 8 mu         0.8      1.04         1     0.560           1.74
 9 mu         0.9      1.03         0.929 0.164           2.71
10 mu_1       0.1      0.823        0.468 0.0000467       8.74
11 mu_1       0.2      0.850        0.862 0.00554         3.86
12 mu_1       0.3      0.903        0.940 0.0596          2.49
13 mu_1       0.4      0.951        0.967 0.227           1.49
14 mu_1       0.5      0.980        0.992 0.487           1.40
15 mu_1       0.6      1.00         1     0.771           1.21
16 mu_1       0.7      1.02         1.00  0.689           1.37
17 mu_1       0.8      1.04         1.01  0.515           1.89
18 mu_1       0.9      1.03         0.899 0.137           2.86
19 mu_0       0.1      0.691        0.179 0.00000493      8.85
20 mu_0       0.2      0.783        0.579 0.00125         6.79
21 mu_0       0.3      0.856        0.833 0.0218          3.60
22 mu_0       0.4      0.922        0.940 0.119           2.14
23 mu_0       0.5      0.966        0.991 0.330           1.51
24 mu_0       0.6      0.988        0.990 0.602           1.23
25 mu_0       0.7      1.01         1.00  0.787           1.26
26 mu_0       0.8      1.03         1.01  0.732           1.49
27 mu_0       0.9      1.05         1.04  0.378           2.14
[1] ""
[1] "IPCW weights"
`summarise()` has grouped output by 'estimand'. You can override using the
`.groups` argument.
# A tibble: 27 × 6
# Groups:   estimand [3]
   estimand theta mean_value median_value min_value max_value
   <fct>    <dbl>      <dbl>        <dbl>     <dbl>     <dbl>
 1 mu         0.1    133.       0.0000691  2.71e-15  12431.  
 2 mu         0.2    176.       0.00930    6.32e-10  16994.  
 3 mu         0.3     81.5      0.115      8.17e- 7   7739.  
 4 mu         0.4     20.6      0.340      1.24e- 4   1817.  
 5 mu         0.5      3.70     0.834      5.75e- 3    230.  
 6 mu         0.6      1.14     0.986      2.72e- 2     14.0 
 7 mu         0.7      1.09     0.985      6.74e- 4      5.19
 8 mu         0.8      1.85     0.430      2.63e- 6     25.6 
 9 mu         0.9      3.45     0.0583     1.28e-10     75.0 
10 mu_1       0.1    215.       0.000510   2.57e-14  20718.  
11 mu_1       0.2    146.       0.0266     2.99e- 9  14162.  
12 mu_1       0.3     46.1      0.235      2.58e- 6   4299.  
13 mu_1       0.4      9.43     0.636      2.94e- 4    757.  
14 mu_1       0.5      1.92     1.02       1.09e- 2     76.8 
15 mu_1       0.6      1.00     0.960      9.55e- 3      3.89
16 mu_1       0.7      1.16     0.859      2.03e- 4      6.95
17 mu_1       0.8      2.01     0.337      6.91e- 7     30.0 
18 mu_1       0.9      3.55     0.0359     3.00e-11     78.1 
19 mu_0       0.1    124.       0.0000197  0         11510.  
20 mu_0       0.2    184.       0.00474    0         17702.  
21 mu_0       0.3     96.7      0.0392     0          9213.  
22 mu_0       0.4     28.1      0.179      0          2523.  
23 mu_0       0.5      5.47     0.611      0           384.  
24 mu_0       0.6      1.34     0.959      0            29.2 
25 mu_0       0.7      0.928    0.980      0             2.21
26 mu_0       0.8      1.20     0.779      0             8.01
27 mu_0       0.9      2.60     0.161      0            46.9 
[1] "Total run time was 276.671 seconds"
