
Attaching package: ‘dplyr’

The following objects are masked from ‘package:stats’:

    filter, lag

The following objects are masked from ‘package:base’:

    intersect, setdiff, setequal, union

Loading required package: foreach
Loading required package: iterators
Loading required package: parallel

 randomForestSRC 3.2.2 
 
 Type rfsrc.news() to see new features, changes, and bug fixes. 
 

── Attaching core tidyverse packages ──────────────────────── tidyverse 2.0.0 ──
✔ forcats   1.0.0     ✔ readr     2.1.4
✔ ggplot2   3.3.6     ✔ stringr   1.5.1
✔ lubridate 1.9.3     ✔ tibble    3.2.1
✔ purrr     0.3.5     ✔ tidyr     1.2.1
── Conflicts ────────────────────────────────────────── tidyverse_conflicts() ──
✖ purrr::accumulate() masks foreach::accumulate()
✖ tidyr::extract()    masks dbarts::extract()
✖ dplyr::filter()     masks stats::filter()
✖ dplyr::lag()        masks stats::lag()
✖ purrr::partial()    masks randomForestSRC::partial()
✖ purrr::when()       masks foreach::when()
ℹ Use the [conflicted package](http://conflicted.r-lib.org/) to force all conflicts to become errors
[1] "[Analysis setting]"
[1] "n.cpus: 8"
[1] "method: nonpara"
[1] "taus: 0.1, 0.2, 0.3, 0.4, 0.5"
[1] "thetas: 0.1, 0.2, 0.3, 0.4, 0.5, 0.6, 0.7, 0.8, 0.9"
[1] "r: 50"
[1] "m: 100"
[1] "N_total: 1195"
[1] "cluster size dist'n: "

 5  6  7  8  9 10 11 12 13 14 15 16 17 18 19 20 
 8 12  2  5  7  5  5 13  8  7  2  3  5  9  2  7 
[1] "observed time summary: "
   Min. 1st Qu.  Median    Mean 3rd Qu.    Max. 
0.00000 0.03196 0.32890 0.60105 1.00000 6.00000 
[1] "event indicator table: "

  0   1 
711 484 
[1] "treatment indicator table: "

  0   1 
466 729 
[1] ""
[1] "Estimation start"
[1] "   Split: 1"
Note: Using an external vector in selections is ambiguous.
ℹ Use `all_of(X.T.names)` instead of `X.T.names` to silence this message.
ℹ See <https://tidyselect.r-lib.org/reference/faq-external-vector.html>.
This message is displayed once per session.
Note: Using an external vector in selections is ambiguous.
ℹ Use `all_of(X.C.names)` instead of `X.C.names` to silence this message.
ℹ See <https://tidyselect.r-lib.org/reference/faq-external-vector.html>.
This message is displayed once per session.
Note: Using an external vector in selections is ambiguous.
ℹ Use `all_of(X.A.names)` instead of `X.A.names` to silence this message.
ℹ See <https://tidyselect.r-lib.org/reference/faq-external-vector.html>.
This message is displayed once per session.

Running BART with binary y

number of trees: 25
number of chains: 1, number of threads 1
tree thinning rate: 1
Prior:
	prior on k: chi with 1.250000 degrees of freedom and inf scale
	power and base for tree prior: 2.000000 0.950000
	use quantiles for rule cut points: false
	proposal probabilities: birth/death 0.50, swap 0.10, change 0.40; birth 0.50
data:
	number of training observations: 570
	number of test observations: 0
	number of explanatory variables: 15

Cutoff rules c in x<=c vs x>c
Number of cutoffs: (var: number of possible c):
(1: 100) (2: 100) (3: 100) (4: 100) (5: 100) 
(6: 100) (7: 100) (8: 100) (9: 100) (10: 100) 
(11: 100) (12: 100) (13: 100) (14: 100) (15: 100) 

[1] "     Cluster: 2"
[1] "     Cluster: 3"
[1] "     Cluster: 9"
[1] "     Cluster: 10"
[1] "     Cluster: 11"
[1] "     Cluster: 12"
[1] "     Cluster: 13"
[1] "     Cluster: 15"
[1] "     Cluster: 16"
[1] "     Cluster: 17"
[1] "     Cluster: 18"
[1] "     Cluster: 20"
[1] "     Cluster: 24"
[1] "     Cluster: 26"
[1] "     Cluster: 29"
[1] "     Cluster: 30"
[1] "     Cluster: 31"
[1] "     Cluster: 35"
[1] "     Cluster: 36"
[1] "     Cluster: 37"
[1] "     Cluster: 41"
[1] "     Cluster: 43"
[1] "     Cluster: 45"
[1] "     Cluster: 48"
[1] "     Cluster: 49"
[1] "     Cluster: 50"
[1] "     Cluster: 52"
[1] "     Cluster: 57"
[1] "     Cluster: 58"
[1] "     Cluster: 59"
[1] "     Cluster: 60"
[1] "     Cluster: 61"
[1] "     Cluster: 63"
[1] "     Cluster: 67"
[1] "     Cluster: 68"
[1] "     Cluster: 70"
[1] "     Cluster: 73"
[1] "     Cluster: 74"
[1] "     Cluster: 75"
[1] "     Cluster: 79"
[1] "     Cluster: 82"
[1] "     Cluster: 84"
[1] "     Cluster: 87"
[1] "     Cluster: 88"
[1] "     Cluster: 90"
[1] "     Cluster: 92"
[1] "     Cluster: 93"
[1] "     Cluster: 94"
[1] "     Cluster: 95"
[1] "     Cluster: 99"
[1] "   Split: 2"

Running BART with binary y

number of trees: 25
number of chains: 1, number of threads 1
tree thinning rate: 1
Prior:
	prior on k: chi with 1.250000 degrees of freedom and inf scale
	power and base for tree prior: 2.000000 0.950000
	use quantiles for rule cut points: false
	proposal probabilities: birth/death 0.50, swap 0.10, change 0.40; birth 0.50
data:
	number of training observations: 625
	number of test observations: 0
	number of explanatory variables: 15

Cutoff rules c in x<=c vs x>c
Number of cutoffs: (var: number of possible c):
(1: 100) (2: 100) (3: 100) (4: 100) (5: 100) 
(6: 100) (7: 100) (8: 100) (9: 100) (10: 100) 
(11: 100) (12: 100) (13: 100) (14: 100) (15: 100) 

[1] "     Cluster: 1"
[1] "     Cluster: 4"
[1] "     Cluster: 5"
[1] "     Cluster: 6"
[1] "     Cluster: 7"
[1] "     Cluster: 8"
[1] "     Cluster: 14"
[1] "     Cluster: 19"
[1] "     Cluster: 21"
[1] "     Cluster: 22"
[1] "     Cluster: 23"
[1] "     Cluster: 25"
[1] "     Cluster: 27"
[1] "     Cluster: 28"
[1] "     Cluster: 32"
[1] "     Cluster: 33"
[1] "     Cluster: 34"
[1] "     Cluster: 38"
[1] "     Cluster: 39"
[1] "     Cluster: 40"
[1] "     Cluster: 42"
[1] "     Cluster: 44"
[1] "     Cluster: 46"
[1] "     Cluster: 47"
[1] "     Cluster: 51"
[1] "     Cluster: 53"
[1] "     Cluster: 54"
[1] "     Cluster: 55"
[1] "     Cluster: 56"
[1] "     Cluster: 62"
[1] "     Cluster: 64"
[1] "     Cluster: 65"
[1] "     Cluster: 66"
[1] "     Cluster: 69"
[1] "     Cluster: 71"
[1] "     Cluster: 72"
[1] "     Cluster: 76"
[1] "     Cluster: 77"
[1] "     Cluster: 78"
[1] "     Cluster: 80"
[1] "     Cluster: 81"
[1] "     Cluster: 83"
[1] "     Cluster: 85"
[1] "     Cluster: 86"
[1] "     Cluster: 89"
[1] "     Cluster: 91"
[1] "     Cluster: 96"
[1] "     Cluster: 97"
[1] "     Cluster: 98"
[1] "     Cluster: 100"
[1] ""
[1] "IF for proposed nonparametric estimator computed."
`summarise()` has grouped output by 'theta', 'tau'. You can override using the
`.groups` argument.
`summarise()` has grouped output by 'theta'. You can override using the
`.groups` argument.
`summarise()` has grouped output by 'theta', 'tau'. You can override using the
`.groups` argument.
`summarise()` has grouped output by 'theta'. You can override using the
`.groups` argument.
`summarise()` has grouped output by 'theta', 'tau'. You can override using the
`.groups` argument.
`summarise()` has grouped output by 'theta'. You can override using the
`.groups` argument.
`summarise()` has grouped output by 'theta', 'tau'. You can override using the
`.groups` argument.
`summarise()` has grouped output by 'theta'. You can override using the
`.groups` argument.
`summarise()` has grouped output by 'theta', 'tau'. You can override using the
`.groups` argument.
`summarise()` has grouped output by 'theta'. You can override using the
`.groups` argument.
`summarise()` has grouped output by 'theta', 'tau'. You can override using the
`.groups` argument.
`summarise()` has grouped output by 'theta'. You can override using the
`.groups` argument.
`summarise()` has grouped output by 'theta', 'tau'. You can override using the
`.groups` argument.
`summarise()` has grouped output by 'theta'. You can override using the
`.groups` argument.
`summarise()` has grouped output by 'theta', 'tau'. You can override using the
`.groups` argument.
`summarise()` has grouped output by 'theta'. You can override using the
`.groups` argument.
[1] ""
[1] "Total run time was 87.839 seconds"
[1] "Estimation result: "
# A tibble: 360 × 5
   estimand theta   tau   est     se
   <chr>    <dbl> <dbl> <dbl>  <dbl>
 1 mu         0.1   0.1 0.480 0.0672
 2 mu         0.1   0.2 0.536 0.0669
 3 mu         0.1   0.3 0.638 0.121 
 4 mu         0.1   0.4 0.660 0.111 
 5 mu         0.1   0.5 0.673 0.103 
 6 mu         0.2   0.1 0.397 0.0387
 7 mu         0.2   0.2 0.474 0.0366
 8 mu         0.2   0.3 0.567 0.0698
 9 mu         0.2   0.4 0.597 0.0614
10 mu         0.2   0.5 0.610 0.0526
# ℹ 350 more rows
[1] ""
[1] "OR weights"
`summarise()` has grouped output by 'estimand'. You can override using the
`.groups` argument.
# A tibble: 27 × 6
# Groups:   estimand [3]
   estimand theta mean_value median_value min_value max_value
   <fct>    <dbl>      <dbl>        <dbl>     <dbl>     <dbl>
 1 mu         0.1      1.09         0.695   0.00248      8.84
 2 mu         0.2      1.04         0.997   0.104        2.86
 3 mu         0.3      1.02         1       0.549        1.98
 4 mu         0.4      1.02         1       0.670        1.67
 5 mu         0.5      1.02         1.01    0.710        1.29
 6 mu         0.6      1.01         1       0.839        1.16
 7 mu         0.7      0.997        1       0.776        1.21
 8 mu         0.8      0.986        0.998   0.556        1.66
 9 mu         0.9      0.970        0.978   0.327        2.02
10 mu_1       0.1      0.986        0.907   0.00906      4.01
11 mu_1       0.2      1.00         0.976   0.203        2.23
12 mu_1       0.3      1.02         1       0.674        1.96
13 mu_1       0.4      1.03         1.01    0.642        1.49
14 mu_1       0.5      1.02         1.01    0.751        1.26
15 mu_1       0.6      1.01         1       0.830        1.20
16 mu_1       0.7      0.995        1       0.732        1.27
17 mu_1       0.8      0.984        0.988   0.530        1.74
18 mu_1       0.9      0.965        0.969   0.289        2.01
19 mu_0       0.1      1.10         0.637   0.00175      9.78
20 mu_0       0.2      1.04         0.964   0.0796       3.14
21 mu_0       0.3      1.02         0.998   0.453        2.00
22 mu_0       0.4      1.02         1       0.689        1.78
23 mu_0       0.5      1.02         1.00    0.669        1.35
24 mu_0       0.6      1.01         1       0.817        1.17
25 mu_0       0.7      1.00         1       0.788        1.26
26 mu_0       0.8      0.996        1.00    0.660        1.33
27 mu_0       0.9      1.01         1       0.422        2.16
[1] ""
[1] "IPCW weights"
`summarise()` has grouped output by 'estimand'. You can override using the
`.groups` argument.
# A tibble: 27 × 6
# Groups:   estimand [3]
   estimand theta mean_value median_value min_value max_value
   <fct>    <dbl>      <dbl>        <dbl>     <dbl>     <dbl>
 1 mu         0.1      0.913    0.000136   1.42e-13     44.3 
 2 mu         0.2      1.16     0.00820    1.31e- 8     34.1 
 3 mu         0.3      1.15     0.113      8.64e- 6     11.8 
 4 mu         0.4      1.08     0.446      7.24e- 4      7.69
 5 mu         0.5      1.03     0.969      1.86e- 2      4.37
 6 mu         0.6      1.04     0.969      1.87e- 2      2.57
 7 mu         0.7      1.09     1.15       4.54e- 4      2.91
 8 mu         0.8      1.21     0.673      2.03e- 6      6.34
 9 mu         0.9      1.41     0.0735     1.57e-10     14.7 
10 mu_1       0.1      1.33     0.000792   0            55.4 
11 mu_1       0.2      1.21     0.0278     0            21.3 
12 mu_1       0.3      1.09     0.209      0             9.28
13 mu_1       0.4      1.01     0.676      0             6.41
14 mu_1       0.5      1.00     0.981      0             2.91
15 mu_1       0.6      1.04     0.993      0             2.86
16 mu_1       0.7      1.11     1.11       0             2.77
17 mu_1       0.8      1.25     0.539      0             7.36
18 mu_1       0.9      1.43     0.0511     0            15.2 
19 mu_0       0.1      0.866    0.0000432  0            43.1 
20 mu_0       0.2      1.14     0.00304    0            37.3 
21 mu_0       0.3      1.17     0.0568     0            14.8 
22 mu_0       0.4      1.13     0.279      0             8.54
23 mu_0       0.5      1.07     0.762      0             5.82
24 mu_0       0.6      1.04     0.975      0             2.62
25 mu_0       0.7      1.03     1.02       0             3.23
26 mu_0       0.8      1.07     1.04       0             3.45
27 mu_0       0.9      1.25     0.199      0            10.5 
[1] "Total run time was 91.818 seconds"
