
Attaching package: ‘dplyr’

The following objects are masked from ‘package:stats’:

    filter, lag

The following objects are masked from ‘package:base’:

    intersect, setdiff, setequal, union

Loading required package: foreach
Loading required package: iterators
Loading required package: parallel

 randomForestSRC 3.2.2 
 
 Type rfsrc.news() to see new features, changes, and bug fixes. 
 

── Attaching core tidyverse packages ──────────────────────── tidyverse 2.0.0 ──
✔ forcats   1.0.0     ✔ readr     2.1.4
✔ ggplot2   3.3.6     ✔ stringr   1.5.1
✔ lubridate 1.9.3     ✔ tibble    3.2.1
✔ purrr     0.3.5     ✔ tidyr     1.2.1
── Conflicts ────────────────────────────────────────── tidyverse_conflicts() ──
✖ purrr::accumulate() masks foreach::accumulate()
✖ tidyr::extract()    masks dbarts::extract()
✖ dplyr::filter()     masks stats::filter()
✖ dplyr::lag()        masks stats::lag()
✖ purrr::partial()    masks randomForestSRC::partial()
✖ purrr::when()       masks foreach::when()
ℹ Use the [conflicted package](http://conflicted.r-lib.org/) to force all conflicts to become errors
[1] "[Analysis setting]"
[1] "n.cpus: 8"
[1] "method: nonpara"
[1] "taus: 0.1, 0.2, 0.3, 0.4, 0.5"
[1] "thetas: 0.1, 0.2, 0.3, 0.4, 0.5, 0.6, 0.7, 0.8, 0.9"
[1] "r: 50"
[1] "m: 100"
[1] "N_total: 1298"
[1] "cluster size dist'n: "

 5  6  7  8  9 10 11 12 13 14 15 16 17 18 19 20 
 4  5  8  2  9  3  5  7 11  7  7  5  6  7  8  6 
[1] "observed time summary: "
   Min. 1st Qu.  Median    Mean 3rd Qu.    Max. 
0.00000 0.03805 0.35345 0.58949 1.00000 5.10171 
[1] "event indicator table: "

  0   1 
778 520 
[1] "treatment indicator table: "

  0   1 
497 801 
[1] ""
[1] "Estimation start"
[1] "   Split: 1"
Note: Using an external vector in selections is ambiguous.
ℹ Use `all_of(X.T.names)` instead of `X.T.names` to silence this message.
ℹ See <https://tidyselect.r-lib.org/reference/faq-external-vector.html>.
This message is displayed once per session.
Note: Using an external vector in selections is ambiguous.
ℹ Use `all_of(X.C.names)` instead of `X.C.names` to silence this message.
ℹ See <https://tidyselect.r-lib.org/reference/faq-external-vector.html>.
This message is displayed once per session.
Note: Using an external vector in selections is ambiguous.
ℹ Use `all_of(X.A.names)` instead of `X.A.names` to silence this message.
ℹ See <https://tidyselect.r-lib.org/reference/faq-external-vector.html>.
This message is displayed once per session.

Running BART with binary y

number of trees: 25
number of chains: 1, number of threads 1
tree thinning rate: 1
Prior:
	prior on k: chi with 1.250000 degrees of freedom and inf scale
	power and base for tree prior: 2.000000 0.950000
	use quantiles for rule cut points: false
	proposal probabilities: birth/death 0.50, swap 0.10, change 0.40; birth 0.50
data:
	number of training observations: 666
	number of test observations: 0
	number of explanatory variables: 15

Cutoff rules c in x<=c vs x>c
Number of cutoffs: (var: number of possible c):
(1: 100) (2: 100) (3: 100) (4: 100) (5: 100) 
(6: 100) (7: 100) (8: 100) (9: 100) (10: 100) 
(11: 100) (12: 100) (13: 100) (14: 100) (15: 100) 

[1] "     Cluster: 1"
[1] "     Cluster: 3"
[1] "     Cluster: 5"
[1] "     Cluster: 6"
[1] "     Cluster: 8"
[1] "     Cluster: 9"
[1] "     Cluster: 10"
[1] "     Cluster: 11"
[1] "     Cluster: 13"
[1] "     Cluster: 14"
[1] "     Cluster: 15"
[1] "     Cluster: 18"
[1] "     Cluster: 20"
[1] "     Cluster: 22"
[1] "     Cluster: 23"
[1] "     Cluster: 25"
[1] "     Cluster: 27"
[1] "     Cluster: 30"
[1] "     Cluster: 35"
[1] "     Cluster: 39"
[1] "     Cluster: 40"
[1] "     Cluster: 46"
[1] "     Cluster: 49"
[1] "     Cluster: 51"
[1] "     Cluster: 52"
[1] "     Cluster: 53"
[1] "     Cluster: 55"
[1] "     Cluster: 57"
[1] "     Cluster: 61"
[1] "     Cluster: 63"
[1] "     Cluster: 64"
[1] "     Cluster: 65"
[1] "     Cluster: 68"
[1] "     Cluster: 69"
[1] "     Cluster: 70"
[1] "     Cluster: 71"
[1] "     Cluster: 72"
[1] "     Cluster: 76"
[1] "     Cluster: 77"
[1] "     Cluster: 81"
[1] "     Cluster: 87"
[1] "     Cluster: 88"
[1] "     Cluster: 89"
[1] "     Cluster: 90"
[1] "     Cluster: 91"
[1] "     Cluster: 92"
[1] "     Cluster: 93"
[1] "     Cluster: 94"
[1] "     Cluster: 96"
[1] "     Cluster: 99"
[1] "   Split: 2"

Running BART with binary y

number of trees: 25
number of chains: 1, number of threads 1
tree thinning rate: 1
Prior:
	prior on k: chi with 1.250000 degrees of freedom and inf scale
	power and base for tree prior: 2.000000 0.950000
	use quantiles for rule cut points: false
	proposal probabilities: birth/death 0.50, swap 0.10, change 0.40; birth 0.50
data:
	number of training observations: 632
	number of test observations: 0
	number of explanatory variables: 15

Cutoff rules c in x<=c vs x>c
Number of cutoffs: (var: number of possible c):
(1: 100) (2: 100) (3: 100) (4: 100) (5: 100) 
(6: 100) (7: 100) (8: 100) (9: 100) (10: 100) 
(11: 100) (12: 100) (13: 100) (14: 100) (15: 100) 

[1] "     Cluster: 2"
[1] "     Cluster: 4"
[1] "     Cluster: 7"
[1] "     Cluster: 12"
[1] "     Cluster: 16"
[1] "     Cluster: 17"
[1] "     Cluster: 19"
[1] "     Cluster: 21"
[1] "     Cluster: 24"
[1] "     Cluster: 26"
[1] "     Cluster: 28"
[1] "     Cluster: 29"
[1] "     Cluster: 31"
[1] "     Cluster: 32"
[1] "     Cluster: 33"
[1] "     Cluster: 34"
[1] "     Cluster: 36"
[1] "     Cluster: 37"
[1] "     Cluster: 38"
[1] "     Cluster: 41"
[1] "     Cluster: 42"
[1] "     Cluster: 43"
[1] "     Cluster: 44"
[1] "     Cluster: 45"
[1] "     Cluster: 47"
[1] "     Cluster: 48"
[1] "     Cluster: 50"
[1] "     Cluster: 54"
[1] "     Cluster: 56"
[1] "     Cluster: 58"
[1] "     Cluster: 59"
[1] "     Cluster: 60"
[1] "     Cluster: 62"
[1] "     Cluster: 66"
[1] "     Cluster: 67"
[1] "     Cluster: 73"
[1] "     Cluster: 74"
[1] "     Cluster: 75"
[1] "     Cluster: 78"
[1] "     Cluster: 79"
[1] "     Cluster: 80"
[1] "     Cluster: 82"
[1] "     Cluster: 83"
[1] "     Cluster: 84"
[1] "     Cluster: 85"
[1] "     Cluster: 86"
[1] "     Cluster: 95"
[1] "     Cluster: 97"
[1] "     Cluster: 98"
[1] "     Cluster: 100"
[1] ""
[1] "IF for proposed nonparametric estimator computed."
`summarise()` has grouped output by 'theta', 'tau'. You can override using the
`.groups` argument.
`summarise()` has grouped output by 'theta'. You can override using the
`.groups` argument.
`summarise()` has grouped output by 'theta', 'tau'. You can override using the
`.groups` argument.
`summarise()` has grouped output by 'theta'. You can override using the
`.groups` argument.
`summarise()` has grouped output by 'theta', 'tau'. You can override using the
`.groups` argument.
`summarise()` has grouped output by 'theta'. You can override using the
`.groups` argument.
`summarise()` has grouped output by 'theta', 'tau'. You can override using the
`.groups` argument.
`summarise()` has grouped output by 'theta'. You can override using the
`.groups` argument.
`summarise()` has grouped output by 'theta', 'tau'. You can override using the
`.groups` argument.
`summarise()` has grouped output by 'theta'. You can override using the
`.groups` argument.
`summarise()` has grouped output by 'theta', 'tau'. You can override using the
`.groups` argument.
`summarise()` has grouped output by 'theta'. You can override using the
`.groups` argument.
`summarise()` has grouped output by 'theta', 'tau'. You can override using the
`.groups` argument.
`summarise()` has grouped output by 'theta'. You can override using the
`.groups` argument.
`summarise()` has grouped output by 'theta', 'tau'. You can override using the
`.groups` argument.
`summarise()` has grouped output by 'theta'. You can override using the
`.groups` argument.
[1] ""
[1] "Total run time was 104.322 seconds"
[1] "Estimation result: "
# A tibble: 360 × 5
   estimand theta   tau   est     se
   <chr>    <dbl> <dbl> <dbl>  <dbl>
 1 mu         0.1   0.1 0.373 0.0928
 2 mu         0.1   0.2 0.474 0.0988
 3 mu         0.1   0.3 0.548 0.157 
 4 mu         0.1   0.4 0.591 0.189 
 5 mu         0.1   0.5 0.604 0.191 
 6 mu         0.2   0.1 0.330 0.0552
 7 mu         0.2   0.2 0.431 0.0596
 8 mu         0.2   0.3 0.482 0.0941
 9 mu         0.2   0.4 0.534 0.111 
10 mu         0.2   0.5 0.558 0.113 
# ℹ 350 more rows
[1] ""
[1] "OR weights"
`summarise()` has grouped output by 'estimand'. You can override using the
`.groups` argument.
# A tibble: 27 × 6
# Groups:   estimand [3]
   estimand theta mean_value median_value min_value max_value
   <fct>    <dbl>      <dbl>        <dbl>     <dbl>     <dbl>
 1 mu         0.1      1.12         0.858   0.0129      10.6 
 2 mu         0.2      1.05         1       0.168        3.70
 3 mu         0.3      1.04         1.01    0.386        2.46
 4 mu         0.4      1.02         1.00    0.610        1.67
 5 mu         0.5      1.00         1       0.630        1.55
 6 mu         0.6      0.985        0.993   0.655        1.28
 7 mu         0.7      0.988        0.997   0.565        1.50
 8 mu         0.8      1.01         1.02    0.349        1.49
 9 mu         0.9      1.03         1.02    0.326        1.84
10 mu_1       0.1      1.03         1       0.0448       6.14
11 mu_1       0.2      1.04         1       0.312        3.14
12 mu_1       0.3      1.05         1.01    0.548        2.10
13 mu_1       0.4      1.02         1.01    0.580        1.66
14 mu_1       0.5      0.995        1       0.657        1.48
15 mu_1       0.6      0.983        0.992   0.630        1.35
16 mu_1       0.7      0.989        1       0.517        1.51
17 mu_1       0.8      1.01         1.01    0.346        1.53
18 mu_1       0.9      1.04         1.02    0.297        1.88
19 mu_0       0.1      1.13         0.816   0.00931     11.1 
20 mu_0       0.2      1.05         1       0.130        4.09
21 mu_0       0.3      1.04         1.00    0.316        2.62
22 mu_0       0.4      1.03         1.00    0.526        1.73
23 mu_0       0.5      1.00         1       0.603        1.62
24 mu_0       0.6      0.988        1       0.693        1.36
25 mu_0       0.7      0.985        0.991   0.548        1.45
26 mu_0       0.8      0.998        1.00    0.359        1.50
27 mu_0       0.9      1.02         1.01    0.365        1.79
[1] ""
[1] "IPCW weights"
`summarise()` has grouped output by 'estimand'. You can override using the
`.groups` argument.
# A tibble: 27 × 6
# Groups:   estimand [3]
   estimand theta mean_value median_value min_value max_value
   <fct>    <dbl>      <dbl>        <dbl>     <dbl>     <dbl>
 1 mu         0.1      3.33     0.0000734  2.87e-17    214.  
 2 mu         0.2      1.45     0.00963    7.53e-12     46.3 
 3 mu         0.3      1.14     0.121      1.11e- 8      9.66
 4 mu         0.4      1.20     0.473      1.97e- 6      6.57
 5 mu         0.5      1.26     0.862      1.10e- 4      4.99
 6 mu         0.6      1.26     1.04       2.92e- 3      6.10
 7 mu         0.7      1.18     0.941      1.34e- 4      5.89
 8 mu         0.8      1.02     0.719      6.89e- 7      5.44
 9 mu         0.9      0.991    0.0910     6.53e-11      8.41
10 mu_1       0.1      0.703    0.000356   0            23.4 
11 mu_1       0.2      0.856    0.0260     0            10.2 
12 mu_1       0.3      1.07     0.256      0             7.59
13 mu_1       0.4      1.22     0.595      0             6.17
14 mu_1       0.5      1.27     0.911      0             5.98
15 mu_1       0.6      1.25     0.919      0             6.10
16 mu_1       0.7      1.15     0.835      0             5.61
17 mu_1       0.8      1.00     0.635      0             5.67
18 mu_1       0.9      0.997    0.0555     0             8.79
19 mu_0       0.1      3.62     0.0000294  0           238.  
20 mu_0       0.2      1.60     0.00514    0            57.8 
21 mu_0       0.3      1.18     0.0545     0            12.1 
22 mu_0       0.4      1.19     0.292      0             7.11
23 mu_0       0.5      1.24     0.828      0             4.95
24 mu_0       0.6      1.26     0.959      0             6.10
25 mu_0       0.7      1.24     0.905      0             6.54
26 mu_0       0.8      1.10     0.717      0             6.25
27 mu_0       0.9      0.945    0.127      0             6.63
[1] "Total run time was 108.507 seconds"
