
Attaching package: ‘dplyr’

The following objects are masked from ‘package:stats’:

    filter, lag

The following objects are masked from ‘package:base’:

    intersect, setdiff, setequal, union

Loading required package: foreach
Loading required package: iterators
Loading required package: parallel

 randomForestSRC 3.2.2 
 
 Type rfsrc.news() to see new features, changes, and bug fixes. 
 

── Attaching core tidyverse packages ──────────────────────── tidyverse 2.0.0 ──
✔ forcats   1.0.0     ✔ readr     2.1.4
✔ ggplot2   3.3.6     ✔ stringr   1.5.1
✔ lubridate 1.9.3     ✔ tibble    3.2.1
✔ purrr     0.3.5     ✔ tidyr     1.2.1
── Conflicts ────────────────────────────────────────── tidyverse_conflicts() ──
✖ purrr::accumulate() masks foreach::accumulate()
✖ tidyr::extract()    masks dbarts::extract()
✖ dplyr::filter()     masks stats::filter()
✖ dplyr::lag()        masks stats::lag()
✖ purrr::partial()    masks randomForestSRC::partial()
✖ purrr::when()       masks foreach::when()
ℹ Use the [conflicted package](http://conflicted.r-lib.org/) to force all conflicts to become errors
[1] "[Analysis setting]"
[1] "n.cpus: 8"
[1] "method: nonpara"
[1] "taus: 0.1, 0.2, 0.3, 0.4, 0.5"
[1] "thetas: 0.1, 0.2, 0.3, 0.4, 0.5, 0.6, 0.7, 0.8, 0.9"
[1] "r: 50"
[1] "m: 100"
[1] "N_total: 1244"
[1] "cluster size dist'n: "

 5  6  7  8  9 10 11 12 13 14 15 16 17 18 19 20 
 9  4  8  7  8  1  4  9  5  9  5  4  6  6 11  4 
[1] "observed time summary: "
   Min. 1st Qu.  Median    Mean 3rd Qu.    Max. 
0.00000 0.03534 0.36938 0.61564 1.00000 5.84218 
[1] "event indicator table: "

  0   1 
738 506 
[1] "treatment indicator table: "

  0   1 
436 808 
[1] ""
[1] "Estimation start"
[1] "   Split: 1"
Note: Using an external vector in selections is ambiguous.
ℹ Use `all_of(X.T.names)` instead of `X.T.names` to silence this message.
ℹ See <https://tidyselect.r-lib.org/reference/faq-external-vector.html>.
This message is displayed once per session.
Note: Using an external vector in selections is ambiguous.
ℹ Use `all_of(X.C.names)` instead of `X.C.names` to silence this message.
ℹ See <https://tidyselect.r-lib.org/reference/faq-external-vector.html>.
This message is displayed once per session.
Note: Using an external vector in selections is ambiguous.
ℹ Use `all_of(X.A.names)` instead of `X.A.names` to silence this message.
ℹ See <https://tidyselect.r-lib.org/reference/faq-external-vector.html>.
This message is displayed once per session.

Running BART with binary y

number of trees: 25
number of chains: 1, number of threads 1
tree thinning rate: 1
Prior:
	prior on k: chi with 1.250000 degrees of freedom and inf scale
	power and base for tree prior: 2.000000 0.950000
	use quantiles for rule cut points: false
	proposal probabilities: birth/death 0.50, swap 0.10, change 0.40; birth 0.50
data:
	number of training observations: 594
	number of test observations: 0
	number of explanatory variables: 15

Cutoff rules c in x<=c vs x>c
Number of cutoffs: (var: number of possible c):
(1: 100) (2: 100) (3: 100) (4: 100) (5: 100) 
(6: 100) (7: 100) (8: 100) (9: 100) (10: 100) 
(11: 100) (12: 100) (13: 100) (14: 100) (15: 100) 

[1] "     Cluster: 3"
[1] "     Cluster: 4"
[1] "     Cluster: 5"
[1] "     Cluster: 6"
[1] "     Cluster: 7"
[1] "     Cluster: 8"
[1] "     Cluster: 11"
[1] "     Cluster: 12"
[1] "     Cluster: 18"
[1] "     Cluster: 20"
[1] "     Cluster: 23"
[1] "     Cluster: 24"
[1] "     Cluster: 25"
[1] "     Cluster: 26"
[1] "     Cluster: 29"
[1] "     Cluster: 36"
[1] "     Cluster: 37"
[1] "     Cluster: 42"
[1] "     Cluster: 44"
[1] "     Cluster: 46"
[1] "     Cluster: 48"
[1] "     Cluster: 50"
[1] "     Cluster: 53"
[1] "     Cluster: 54"
[1] "     Cluster: 57"
[1] "     Cluster: 60"
[1] "     Cluster: 62"
[1] "     Cluster: 63"
[1] "     Cluster: 66"
[1] "     Cluster: 67"
[1] "     Cluster: 68"
[1] "     Cluster: 73"
[1] "     Cluster: 75"
[1] "     Cluster: 76"
[1] "     Cluster: 77"
[1] "     Cluster: 80"
[1] "     Cluster: 82"
[1] "     Cluster: 83"
[1] "     Cluster: 84"
[1] "     Cluster: 85"
[1] "     Cluster: 86"
[1] "     Cluster: 87"
[1] "     Cluster: 88"
[1] "     Cluster: 89"
[1] "     Cluster: 90"
[1] "     Cluster: 93"
[1] "     Cluster: 94"
[1] "     Cluster: 98"
[1] "     Cluster: 99"
[1] "     Cluster: 100"
[1] "   Split: 2"

Running BART with binary y

number of trees: 25
number of chains: 1, number of threads 1
tree thinning rate: 1
Prior:
	prior on k: chi with 1.250000 degrees of freedom and inf scale
	power and base for tree prior: 2.000000 0.950000
	use quantiles for rule cut points: false
	proposal probabilities: birth/death 0.50, swap 0.10, change 0.40; birth 0.50
data:
	number of training observations: 650
	number of test observations: 0
	number of explanatory variables: 15

Cutoff rules c in x<=c vs x>c
Number of cutoffs: (var: number of possible c):
(1: 100) (2: 100) (3: 100) (4: 100) (5: 100) 
(6: 100) (7: 100) (8: 100) (9: 100) (10: 100) 
(11: 100) (12: 100) (13: 100) (14: 100) (15: 100) 

[1] "     Cluster: 1"
[1] "     Cluster: 2"
[1] "     Cluster: 9"
[1] "     Cluster: 10"
[1] "     Cluster: 13"
[1] "     Cluster: 14"
[1] "     Cluster: 15"
[1] "     Cluster: 16"
[1] "     Cluster: 17"
[1] "     Cluster: 19"
[1] "     Cluster: 21"
[1] "     Cluster: 22"
[1] "     Cluster: 27"
[1] "     Cluster: 28"
[1] "     Cluster: 30"
[1] "     Cluster: 31"
[1] "     Cluster: 32"
[1] "     Cluster: 33"
[1] "     Cluster: 34"
[1] "     Cluster: 35"
[1] "     Cluster: 38"
[1] "     Cluster: 39"
[1] "     Cluster: 40"
[1] "     Cluster: 41"
[1] "     Cluster: 43"
[1] "     Cluster: 45"
[1] "     Cluster: 47"
[1] "     Cluster: 49"
[1] "     Cluster: 51"
[1] "     Cluster: 52"
[1] "     Cluster: 55"
[1] "     Cluster: 56"
[1] "     Cluster: 58"
[1] "     Cluster: 59"
[1] "     Cluster: 61"
[1] "     Cluster: 64"
[1] "     Cluster: 65"
[1] "     Cluster: 69"
[1] "     Cluster: 70"
[1] "     Cluster: 71"
[1] "     Cluster: 72"
[1] "     Cluster: 74"
[1] "     Cluster: 78"
[1] "     Cluster: 79"
[1] "     Cluster: 81"
[1] "     Cluster: 91"
[1] "     Cluster: 92"
[1] "     Cluster: 95"
[1] "     Cluster: 96"
[1] "     Cluster: 97"
[1] ""
[1] "IF for proposed nonparametric estimator computed."
`summarise()` has grouped output by 'theta', 'tau'. You can override using the
`.groups` argument.
`summarise()` has grouped output by 'theta'. You can override using the
`.groups` argument.
`summarise()` has grouped output by 'theta', 'tau'. You can override using the
`.groups` argument.
`summarise()` has grouped output by 'theta'. You can override using the
`.groups` argument.
`summarise()` has grouped output by 'theta', 'tau'. You can override using the
`.groups` argument.
`summarise()` has grouped output by 'theta'. You can override using the
`.groups` argument.
`summarise()` has grouped output by 'theta', 'tau'. You can override using the
`.groups` argument.
`summarise()` has grouped output by 'theta'. You can override using the
`.groups` argument.
`summarise()` has grouped output by 'theta', 'tau'. You can override using the
`.groups` argument.
`summarise()` has grouped output by 'theta'. You can override using the
`.groups` argument.
`summarise()` has grouped output by 'theta', 'tau'. You can override using the
`.groups` argument.
`summarise()` has grouped output by 'theta'. You can override using the
`.groups` argument.
`summarise()` has grouped output by 'theta', 'tau'. You can override using the
`.groups` argument.
`summarise()` has grouped output by 'theta'. You can override using the
`.groups` argument.
`summarise()` has grouped output by 'theta', 'tau'. You can override using the
`.groups` argument.
`summarise()` has grouped output by 'theta'. You can override using the
`.groups` argument.
[1] ""
[1] "Total run time was 97.722 seconds"
[1] "Estimation result: "
# A tibble: 360 × 5
   estimand theta   tau   est     se
   <chr>    <dbl> <dbl> <dbl>  <dbl>
 1 mu         0.1   0.1 0.249 0.0462
 2 mu         0.1   0.2 0.357 0.0964
 3 mu         0.1   0.3 0.346 0.0864
 4 mu         0.1   0.4 0.343 0.0807
 5 mu         0.1   0.5 0.370 0.0766
 6 mu         0.2   0.1 0.306 0.0445
 7 mu         0.2   0.2 0.384 0.0527
 8 mu         0.2   0.3 0.393 0.0503
 9 mu         0.2   0.4 0.404 0.0510
10 mu         0.2   0.5 0.423 0.0512
# ℹ 350 more rows
[1] ""
[1] "OR weights"
`summarise()` has grouped output by 'estimand'. You can override using the
`.groups` argument.
# A tibble: 27 × 6
# Groups:   estimand [3]
   estimand theta mean_value median_value min_value max_value
   <fct>    <dbl>      <dbl>        <dbl>     <dbl>     <dbl>
 1 mu         0.1      0.552        0.198 0.0000428      3.95
 2 mu         0.2      0.754        0.621 0.00784        2.46
 3 mu         0.3      0.891        0.912 0.0964         1.85
 4 mu         0.4      0.962        0.999 0.265          1.50
 5 mu         0.5      0.999        1     0.524          1.39
 6 mu         0.6      1.01         1.01  0.783          1.23
 7 mu         0.7      1.01         1     0.800          1.43
 8 mu         0.8      0.976        0.992 0.515          1.69
 9 mu         0.9      0.956        0.942 0.134          3.38
10 mu_1       0.1      0.678        0.509 0.000206       3.29
11 mu_1       0.2      0.851        0.853 0.0191         2.26
12 mu_1       0.3      0.941        0.972 0.160          1.88
13 mu_1       0.4      0.984        1     0.355          1.46
14 mu_1       0.5      1.01         1     0.632          1.36
15 mu_1       0.6      1.02         1     0.833          1.20
16 mu_1       0.7      1.00         1     0.758          1.51
17 mu_1       0.8      0.972        0.989 0.468          1.69
18 mu_1       0.9      0.956        0.914 0.115          3.63
19 mu_0       0.1      0.538        0.164 0.0000248      4.03
20 mu_0       0.2      0.729        0.557 0.00502        2.66
21 mu_0       0.3      0.870        0.871 0.0690         1.94
22 mu_0       0.4      0.947        0.974 0.205          1.61
23 mu_0       0.5      0.989        1     0.415          1.42
24 mu_0       0.6      1.01         1     0.709          1.30
25 mu_0       0.7      1.01         1.01  0.758          1.26
26 mu_0       0.8      0.992        1     0.704          1.67
27 mu_0       0.9      0.955        0.961 0.306          1.91
[1] ""
[1] "IPCW weights"
`summarise()` has grouped output by 'estimand'. You can override using the
`.groups` argument.
# A tibble: 27 × 6
# Groups:   estimand [3]
   estimand theta mean_value median_value min_value max_value
   <fct>    <dbl>      <dbl>        <dbl>     <dbl>     <dbl>
 1 mu         0.1      0.299    0.0000474  9.08e-18      8.37
 2 mu         0.2      0.844    0.00378    9.52e-12     25.1 
 3 mu         0.3      1.15     0.0521     3.17e- 8     29.4 
 4 mu         0.4      1.11     0.277      9.98e- 6     14.3 
 5 mu         0.5      1.02     0.773      8.66e- 4      4.21
 6 mu         0.6      1.04     1.05       3.32e- 2      4.09
 7 mu         0.7      1.24     1.12       1.43e- 2     11.5 
 8 mu         0.8      1.58     0.893      9.57e- 5     25.5 
 9 mu         0.9      2.50     0.227      1.05e- 8    110.  
10 mu_1       0.1      0.719    0.000309   9.08e-17     14.0 
11 mu_1       0.2      1.16     0.0146     4.76e-11     33.0 
12 mu_1       0.3      1.19     0.110      1.06e- 7     25.8 
13 mu_1       0.4      1.06     0.464      2.50e- 5      9.41
14 mu_1       0.5      0.998    0.981      1.73e- 3      3.75
15 mu_1       0.6      1.07     0.991      5.53e- 2      5.36
16 mu_1       0.7      1.29     1.14       5.39e- 3     14.1 
17 mu_1       0.8      1.64     0.744      3.15e- 5     27.3 
18 mu_1       0.9      2.59     0.169      3.08e- 9    123.  
19 mu_0       0.1      0.252    0.0000114  0             7.75
20 mu_0       0.2      0.766    0.00143    0            23.1 
21 mu_0       0.3      1.13     0.0235     0            30.9 
22 mu_0       0.4      1.14     0.155      0            17.6 
23 mu_0       0.5      1.04     0.529      0             5.01
24 mu_0       0.6      0.997    0.995      0             2.74
25 mu_0       0.7      1.10     1.08       0             6.72
26 mu_0       0.8      1.37     1.16       0            18.2 
27 mu_0       0.9      1.63     0.504      0            37.4 
[1] "Total run time was 101.797 seconds"
