
Attaching package: ‘dplyr’

The following objects are masked from ‘package:stats’:

    filter, lag

The following objects are masked from ‘package:base’:

    intersect, setdiff, setequal, union

Loading required package: foreach
Loading required package: iterators
Loading required package: parallel

 randomForestSRC 3.2.2 
 
 Type rfsrc.news() to see new features, changes, and bug fixes. 
 

── Attaching core tidyverse packages ──────────────────────── tidyverse 2.0.0 ──
✔ forcats   1.0.0     ✔ readr     2.1.4
✔ ggplot2   3.3.6     ✔ stringr   1.5.1
✔ lubridate 1.9.3     ✔ tibble    3.2.1
✔ purrr     0.3.5     ✔ tidyr     1.2.1
── Conflicts ────────────────────────────────────────── tidyverse_conflicts() ──
✖ purrr::accumulate() masks foreach::accumulate()
✖ tidyr::extract()    masks dbarts::extract()
✖ dplyr::filter()     masks stats::filter()
✖ dplyr::lag()        masks stats::lag()
✖ purrr::partial()    masks randomForestSRC::partial()
✖ purrr::when()       masks foreach::when()
ℹ Use the [conflicted package](http://conflicted.r-lib.org/) to force all conflicts to become errors
[1] "[Analysis setting]"
[1] "n.cpus: 8"
[1] "method: nonpara"
[1] "taus: 0.1, 0.2, 0.3, 0.4, 0.5"
[1] "thetas: 0.1, 0.2, 0.3, 0.4, 0.5, 0.6, 0.7, 0.8, 0.9"
[1] "r: 50"
[1] "m: 100"
[1] "N_total: 1273"
[1] "cluster size dist'n: "

 5  6  7  8  9 10 11 12 13 14 15 16 17 18 19 20 
 3  9  8 11  4  2  5  7  4  5  3 10  7  8  5  9 
[1] "observed time summary: "
   Min. 1st Qu.  Median    Mean 3rd Qu.    Max. 
0.00000 0.03501 0.39792 0.65095 1.00000 4.13015 
[1] "event indicator table: "

  0   1 
769 504 
[1] "treatment indicator table: "

  0   1 
474 799 
[1] ""
[1] "Estimation start"
[1] "   Split: 1"
Note: Using an external vector in selections is ambiguous.
ℹ Use `all_of(X.T.names)` instead of `X.T.names` to silence this message.
ℹ See <https://tidyselect.r-lib.org/reference/faq-external-vector.html>.
This message is displayed once per session.
Note: Using an external vector in selections is ambiguous.
ℹ Use `all_of(X.C.names)` instead of `X.C.names` to silence this message.
ℹ See <https://tidyselect.r-lib.org/reference/faq-external-vector.html>.
This message is displayed once per session.
Note: Using an external vector in selections is ambiguous.
ℹ Use `all_of(X.A.names)` instead of `X.A.names` to silence this message.
ℹ See <https://tidyselect.r-lib.org/reference/faq-external-vector.html>.
This message is displayed once per session.

Running BART with binary y

number of trees: 25
number of chains: 1, number of threads 1
tree thinning rate: 1
Prior:
	prior on k: chi with 1.250000 degrees of freedom and inf scale
	power and base for tree prior: 2.000000 0.950000
	use quantiles for rule cut points: false
	proposal probabilities: birth/death 0.50, swap 0.10, change 0.40; birth 0.50
data:
	number of training observations: 645
	number of test observations: 0
	number of explanatory variables: 15

Cutoff rules c in x<=c vs x>c
Number of cutoffs: (var: number of possible c):
(1: 100) (2: 100) (3: 100) (4: 100) (5: 100) 
(6: 100) (7: 100) (8: 100) (9: 100) (10: 100) 
(11: 100) (12: 100) (13: 100) (14: 100) (15: 100) 

[1] "     Cluster: 1"
[1] "     Cluster: 2"
[1] "     Cluster: 4"
[1] "     Cluster: 6"
[1] "     Cluster: 8"
[1] "     Cluster: 9"
[1] "     Cluster: 10"
[1] "     Cluster: 12"
[1] "     Cluster: 16"
[1] "     Cluster: 19"
[1] "     Cluster: 22"
[1] "     Cluster: 23"
[1] "     Cluster: 25"
[1] "     Cluster: 27"
[1] "     Cluster: 29"
[1] "     Cluster: 31"
[1] "     Cluster: 32"
[1] "     Cluster: 33"
[1] "     Cluster: 35"
[1] "     Cluster: 36"
[1] "     Cluster: 37"
[1] "     Cluster: 38"
[1] "     Cluster: 41"
[1] "     Cluster: 42"
[1] "     Cluster: 44"
[1] "     Cluster: 47"
[1] "     Cluster: 49"
[1] "     Cluster: 51"
[1] "     Cluster: 56"
[1] "     Cluster: 57"
[1] "     Cluster: 60"
[1] "     Cluster: 62"
[1] "     Cluster: 63"
[1] "     Cluster: 68"
[1] "     Cluster: 69"
[1] "     Cluster: 72"
[1] "     Cluster: 74"
[1] "     Cluster: 76"
[1] "     Cluster: 78"
[1] "     Cluster: 79"
[1] "     Cluster: 80"
[1] "     Cluster: 81"
[1] "     Cluster: 82"
[1] "     Cluster: 85"
[1] "     Cluster: 87"
[1] "     Cluster: 90"
[1] "     Cluster: 93"
[1] "     Cluster: 94"
[1] "     Cluster: 96"
[1] "     Cluster: 98"
[1] "   Split: 2"

Running BART with binary y

number of trees: 25
number of chains: 1, number of threads 1
tree thinning rate: 1
Prior:
	prior on k: chi with 1.250000 degrees of freedom and inf scale
	power and base for tree prior: 2.000000 0.950000
	use quantiles for rule cut points: false
	proposal probabilities: birth/death 0.50, swap 0.10, change 0.40; birth 0.50
data:
	number of training observations: 628
	number of test observations: 0
	number of explanatory variables: 15

Cutoff rules c in x<=c vs x>c
Number of cutoffs: (var: number of possible c):
(1: 100) (2: 100) (3: 100) (4: 100) (5: 100) 
(6: 100) (7: 100) (8: 100) (9: 100) (10: 100) 
(11: 100) (12: 100) (13: 100) (14: 100) (15: 100) 

[1] "     Cluster: 3"
[1] "     Cluster: 5"
[1] "     Cluster: 7"
[1] "     Cluster: 11"
[1] "     Cluster: 13"
[1] "     Cluster: 14"
[1] "     Cluster: 15"
[1] "     Cluster: 17"
[1] "     Cluster: 18"
[1] "     Cluster: 20"
[1] "     Cluster: 21"
[1] "     Cluster: 24"
[1] "     Cluster: 26"
[1] "     Cluster: 28"
[1] "     Cluster: 30"
[1] "     Cluster: 34"
[1] "     Cluster: 39"
[1] "     Cluster: 40"
[1] "     Cluster: 43"
[1] "     Cluster: 45"
[1] "     Cluster: 46"
[1] "     Cluster: 48"
[1] "     Cluster: 50"
[1] "     Cluster: 52"
[1] "     Cluster: 53"
[1] "     Cluster: 54"
[1] "     Cluster: 55"
[1] "     Cluster: 58"
[1] "     Cluster: 59"
[1] "     Cluster: 61"
[1] "     Cluster: 64"
[1] "     Cluster: 65"
[1] "     Cluster: 66"
[1] "     Cluster: 67"
[1] "     Cluster: 70"
[1] "     Cluster: 71"
[1] "     Cluster: 73"
[1] "     Cluster: 75"
[1] "     Cluster: 77"
[1] "     Cluster: 83"
[1] "     Cluster: 84"
[1] "     Cluster: 86"
[1] "     Cluster: 88"
[1] "     Cluster: 89"
[1] "     Cluster: 91"
[1] "     Cluster: 92"
[1] "     Cluster: 95"
[1] "     Cluster: 97"
[1] "     Cluster: 99"
[1] "     Cluster: 100"
[1] ""
[1] "IF for proposed nonparametric estimator computed."
`summarise()` has grouped output by 'theta', 'tau'. You can override using the
`.groups` argument.
`summarise()` has grouped output by 'theta'. You can override using the
`.groups` argument.
`summarise()` has grouped output by 'theta', 'tau'. You can override using the
`.groups` argument.
`summarise()` has grouped output by 'theta'. You can override using the
`.groups` argument.
`summarise()` has grouped output by 'theta', 'tau'. You can override using the
`.groups` argument.
`summarise()` has grouped output by 'theta'. You can override using the
`.groups` argument.
`summarise()` has grouped output by 'theta', 'tau'. You can override using the
`.groups` argument.
`summarise()` has grouped output by 'theta'. You can override using the
`.groups` argument.
`summarise()` has grouped output by 'theta', 'tau'. You can override using the
`.groups` argument.
`summarise()` has grouped output by 'theta'. You can override using the
`.groups` argument.
`summarise()` has grouped output by 'theta', 'tau'. You can override using the
`.groups` argument.
`summarise()` has grouped output by 'theta'. You can override using the
`.groups` argument.
`summarise()` has grouped output by 'theta', 'tau'. You can override using the
`.groups` argument.
`summarise()` has grouped output by 'theta'. You can override using the
`.groups` argument.
`summarise()` has grouped output by 'theta', 'tau'. You can override using the
`.groups` argument.
`summarise()` has grouped output by 'theta'. You can override using the
`.groups` argument.
[1] ""
[1] "Total run time was 106.157 seconds"
[1] "Estimation result: "
# A tibble: 360 × 5
   estimand theta   tau   est     se
   <chr>    <dbl> <dbl> <dbl>  <dbl>
 1 mu         0.1   0.1 0.314 0.0874
 2 mu         0.1   0.2 0.385 0.0638
 3 mu         0.1   0.3 0.459 0.0710
 4 mu         0.1   0.4 0.449 0.0532
 5 mu         0.1   0.5 0.506 0.0694
 6 mu         0.2   0.1 0.319 0.0700
 7 mu         0.2   0.2 0.401 0.0427
 8 mu         0.2   0.3 0.449 0.0458
 9 mu         0.2   0.4 0.456 0.0353
10 mu         0.2   0.5 0.513 0.0467
# ℹ 350 more rows
[1] ""
[1] "OR weights"
`summarise()` has grouped output by 'estimand'. You can override using the
`.groups` argument.
# A tibble: 27 × 6
# Groups:   estimand [3]
   estimand theta mean_value median_value min_value max_value
   <fct>    <dbl>      <dbl>        <dbl>     <dbl>     <dbl>
 1 mu         0.1      0.898        0.749   0.0135       3.68
 2 mu         0.2      0.979        0.965   0.185        2.44
 3 mu         0.3      0.996        0.965   0.481        1.99
 4 mu         0.4      0.997        0.986   0.509        1.65
 5 mu         0.5      0.996        0.996   0.632        1.39
 6 mu         0.6      1.00         1       0.782        1.20
 7 mu         0.7      1.01         1       0.755        1.29
 8 mu         0.8      1.01         1       0.732        1.44
 9 mu         0.9      1.01         1       0.448        1.83
10 mu_1       0.1      0.973        0.898   0.0475       3.32
11 mu_1       0.2      1.00         0.977   0.341        1.94
12 mu_1       0.3      1.00         0.995   0.450        1.66
13 mu_1       0.4      0.995        1.00    0.557        1.44
14 mu_1       0.5      0.994        0.974   0.663        1.35
15 mu_1       0.6      1.00         1.00    0.792        1.17
16 mu_1       0.7      1.01         1       0.749        1.31
17 mu_1       0.8      1.01         1       0.690        1.46
18 mu_1       0.9      1.01         1       0.415        1.87
19 mu_0       0.1      0.890        0.702   0.00970      3.97
20 mu_0       0.2      0.974        0.946   0.145        2.57
21 mu_0       0.3      0.995        0.961   0.445        2.13
22 mu_0       0.4      0.998        0.978   0.473        1.80
23 mu_0       0.5      0.997        1       0.602        1.53
24 mu_0       0.6      0.999        0.998   0.730        1.32
25 mu_0       0.7      1.01         1.00    0.770        1.25
26 mu_0       0.8      1.01         0.999   0.693        1.37
27 mu_0       0.9      1.02         1.01    0.714        1.64
[1] ""
[1] "IPCW weights"
`summarise()` has grouped output by 'estimand'. You can override using the
`.groups` argument.
# A tibble: 27 × 6
# Groups:   estimand [3]
   estimand theta mean_value median_value min_value max_value
   <fct>    <dbl>      <dbl>        <dbl>     <dbl>     <dbl>
 1 mu         0.1      1.07     0.0000751  5.77e-17     38.7 
 2 mu         0.2      1.36     0.00662    2.69e-11     41.8 
 3 mu         0.3      1.22     0.0586     5.22e- 8     14.6 
 4 mu         0.4      1.08     0.330      1.06e- 5      7.32
 5 mu         0.5      0.988    0.702      6.11e- 4      3.22
 6 mu         0.6      0.992    0.928      3.87e- 3      3.80
 7 mu         0.7      1.07     1.08       4.62e- 5      3.86
 8 mu         0.8      1.17     0.993      7.00e- 8      3.71
 9 mu         0.9      1.23     0.148      7.61e-13      8.78
10 mu_1       0.1      1.39     0.000255   0            58.1 
11 mu_1       0.2      1.33     0.0210     0            31.4 
12 mu_1       0.3      1.16     0.135      0            10.2 
13 mu_1       0.4      1.03     0.476      0             5.78
14 mu_1       0.5      0.971    0.767      0             2.93
15 mu_1       0.6      1.01     0.904      0             3.96
16 mu_1       0.7      1.10     1.13       0             4.07
17 mu_1       0.8      1.19     0.836      0             3.99
18 mu_1       0.9      1.24     0.107      0             9.24
19 mu_0       0.1      1.03     0.0000224  0            36.6 
20 mu_0       0.2      1.37     0.00198    0            44.4 
21 mu_0       0.3      1.25     0.0302     0            17.7 
22 mu_0       0.4      1.12     0.174      0             8.35
23 mu_0       0.5      1.00     0.440      0             4.45
24 mu_0       0.6      0.968    0.859      0             3.56
25 mu_0       0.7      1.01     0.827      0             3.95
26 mu_0       0.8      1.09     0.866      0             4.63
27 mu_0       0.9      1.21     0.227      0             5.75
[1] "Total run time was 110.274 seconds"
