
Attaching package: ‘dplyr’

The following objects are masked from ‘package:stats’:

    filter, lag

The following objects are masked from ‘package:base’:

    intersect, setdiff, setequal, union

Loading required package: foreach
Loading required package: iterators
Loading required package: parallel

 randomForestSRC 3.2.2 
 
 Type rfsrc.news() to see new features, changes, and bug fixes. 
 

── Attaching core tidyverse packages ──────────────────────── tidyverse 2.0.0 ──
✔ forcats   1.0.0     ✔ readr     2.1.4
✔ ggplot2   3.3.6     ✔ stringr   1.5.1
✔ lubridate 1.9.3     ✔ tibble    3.2.1
✔ purrr     0.3.5     ✔ tidyr     1.2.1
── Conflicts ────────────────────────────────────────── tidyverse_conflicts() ──
✖ purrr::accumulate() masks foreach::accumulate()
✖ tidyr::extract()    masks dbarts::extract()
✖ dplyr::filter()     masks stats::filter()
✖ dplyr::lag()        masks stats::lag()
✖ purrr::partial()    masks randomForestSRC::partial()
✖ purrr::when()       masks foreach::when()
ℹ Use the [conflicted package](http://conflicted.r-lib.org/) to force all conflicts to become errors
[1] "[Analysis setting]"
[1] "n.cpus: 8"
[1] "method: nonpara"
[1] "taus: 0.1, 0.2, 0.3, 0.4, 0.5"
[1] "thetas: 0.1, 0.2, 0.3, 0.4, 0.5, 0.6, 0.7, 0.8, 0.9"
[1] "r: 50"
[1] "m: 100"
[1] "N_total: 1193"
[1] "cluster size dist'n: "

 5  6  7  8  9 10 11 12 13 14 15 16 17 18 19 20 
 5 10  8  8  7  6  4  5  6  7  8  5  5  7  6  3 
[1] "observed time summary: "
   Min. 1st Qu.  Median    Mean 3rd Qu.    Max. 
0.00000 0.04798 0.40396 0.65028 1.00000 5.46653 
[1] "event indicator table: "

  0   1 
725 468 
[1] "treatment indicator table: "

  0   1 
445 748 
[1] ""
[1] "Estimation start"
[1] "   Split: 1"
Note: Using an external vector in selections is ambiguous.
ℹ Use `all_of(X.T.names)` instead of `X.T.names` to silence this message.
ℹ See <https://tidyselect.r-lib.org/reference/faq-external-vector.html>.
This message is displayed once per session.
Note: Using an external vector in selections is ambiguous.
ℹ Use `all_of(X.C.names)` instead of `X.C.names` to silence this message.
ℹ See <https://tidyselect.r-lib.org/reference/faq-external-vector.html>.
This message is displayed once per session.
Note: Using an external vector in selections is ambiguous.
ℹ Use `all_of(X.A.names)` instead of `X.A.names` to silence this message.
ℹ See <https://tidyselect.r-lib.org/reference/faq-external-vector.html>.
This message is displayed once per session.

Running BART with binary y

number of trees: 25
number of chains: 1, number of threads 1
tree thinning rate: 1
Prior:
	prior on k: chi with 1.250000 degrees of freedom and inf scale
	power and base for tree prior: 2.000000 0.950000
	use quantiles for rule cut points: false
	proposal probabilities: birth/death 0.50, swap 0.10, change 0.40; birth 0.50
data:
	number of training observations: 576
	number of test observations: 0
	number of explanatory variables: 15

Cutoff rules c in x<=c vs x>c
Number of cutoffs: (var: number of possible c):
(1: 100) (2: 100) (3: 100) (4: 100) (5: 100) 
(6: 100) (7: 100) (8: 100) (9: 100) (10: 100) 
(11: 100) (12: 100) (13: 100) (14: 100) (15: 100) 

[1] "     Cluster: 2"
[1] "     Cluster: 3"
[1] "     Cluster: 4"
[1] "     Cluster: 5"
[1] "     Cluster: 7"
[1] "     Cluster: 10"
[1] "     Cluster: 11"
[1] "     Cluster: 12"
[1] "     Cluster: 14"
[1] "     Cluster: 15"
[1] "     Cluster: 16"
[1] "     Cluster: 18"
[1] "     Cluster: 19"
[1] "     Cluster: 21"
[1] "     Cluster: 22"
[1] "     Cluster: 27"
[1] "     Cluster: 28"
[1] "     Cluster: 30"
[1] "     Cluster: 31"
[1] "     Cluster: 33"
[1] "     Cluster: 34"
[1] "     Cluster: 36"
[1] "     Cluster: 37"
[1] "     Cluster: 38"
[1] "     Cluster: 41"
[1] "     Cluster: 42"
[1] "     Cluster: 45"
[1] "     Cluster: 47"
[1] "     Cluster: 48"
[1] "     Cluster: 50"
[1] "     Cluster: 54"
[1] "     Cluster: 58"
[1] "     Cluster: 61"
[1] "     Cluster: 63"
[1] "     Cluster: 65"
[1] "     Cluster: 66"
[1] "     Cluster: 71"
[1] "     Cluster: 74"
[1] "     Cluster: 76"
[1] "     Cluster: 80"
[1] "     Cluster: 85"
[1] "     Cluster: 89"
[1] "     Cluster: 90"
[1] "     Cluster: 91"
[1] "     Cluster: 93"
[1] "     Cluster: 94"
[1] "     Cluster: 95"
[1] "     Cluster: 97"
[1] "     Cluster: 99"
[1] "     Cluster: 100"
[1] "   Split: 2"

Running BART with binary y

number of trees: 25
number of chains: 1, number of threads 1
tree thinning rate: 1
Prior:
	prior on k: chi with 1.250000 degrees of freedom and inf scale
	power and base for tree prior: 2.000000 0.950000
	use quantiles for rule cut points: false
	proposal probabilities: birth/death 0.50, swap 0.10, change 0.40; birth 0.50
data:
	number of training observations: 617
	number of test observations: 0
	number of explanatory variables: 15

Cutoff rules c in x<=c vs x>c
Number of cutoffs: (var: number of possible c):
(1: 100) (2: 100) (3: 100) (4: 100) (5: 100) 
(6: 100) (7: 100) (8: 100) (9: 100) (10: 100) 
(11: 100) (12: 100) (13: 100) (14: 100) (15: 100) 

[1] "     Cluster: 1"
[1] "     Cluster: 6"
[1] "     Cluster: 8"
[1] "     Cluster: 9"
[1] "     Cluster: 13"
[1] "     Cluster: 17"
[1] "     Cluster: 20"
[1] "     Cluster: 23"
[1] "     Cluster: 24"
[1] "     Cluster: 25"
[1] "     Cluster: 26"
[1] "     Cluster: 29"
[1] "     Cluster: 32"
[1] "     Cluster: 35"
[1] "     Cluster: 39"
[1] "     Cluster: 40"
[1] "     Cluster: 43"
[1] "     Cluster: 44"
[1] "     Cluster: 46"
[1] "     Cluster: 49"
[1] "     Cluster: 51"
[1] "     Cluster: 52"
[1] "     Cluster: 53"
[1] "     Cluster: 55"
[1] "     Cluster: 56"
[1] "     Cluster: 57"
[1] "     Cluster: 59"
[1] "     Cluster: 60"
[1] "     Cluster: 62"
[1] "     Cluster: 64"
[1] "     Cluster: 67"
[1] "     Cluster: 68"
[1] "     Cluster: 69"
[1] "     Cluster: 70"
[1] "     Cluster: 72"
[1] "     Cluster: 73"
[1] "     Cluster: 75"
[1] "     Cluster: 77"
[1] "     Cluster: 78"
[1] "     Cluster: 79"
[1] "     Cluster: 81"
[1] "     Cluster: 82"
[1] "     Cluster: 83"
[1] "     Cluster: 84"
[1] "     Cluster: 86"
[1] "     Cluster: 87"
[1] "     Cluster: 88"
[1] "     Cluster: 92"
[1] "     Cluster: 96"
[1] "     Cluster: 98"
[1] ""
[1] "IF for proposed nonparametric estimator computed."
`summarise()` has grouped output by 'theta', 'tau'. You can override using the
`.groups` argument.
`summarise()` has grouped output by 'theta'. You can override using the
`.groups` argument.
`summarise()` has grouped output by 'theta', 'tau'. You can override using the
`.groups` argument.
`summarise()` has grouped output by 'theta'. You can override using the
`.groups` argument.
`summarise()` has grouped output by 'theta', 'tau'. You can override using the
`.groups` argument.
`summarise()` has grouped output by 'theta'. You can override using the
`.groups` argument.
`summarise()` has grouped output by 'theta', 'tau'. You can override using the
`.groups` argument.
`summarise()` has grouped output by 'theta'. You can override using the
`.groups` argument.
`summarise()` has grouped output by 'theta', 'tau'. You can override using the
`.groups` argument.
`summarise()` has grouped output by 'theta'. You can override using the
`.groups` argument.
`summarise()` has grouped output by 'theta', 'tau'. You can override using the
`.groups` argument.
`summarise()` has grouped output by 'theta'. You can override using the
`.groups` argument.
`summarise()` has grouped output by 'theta', 'tau'. You can override using the
`.groups` argument.
`summarise()` has grouped output by 'theta'. You can override using the
`.groups` argument.
`summarise()` has grouped output by 'theta', 'tau'. You can override using the
`.groups` argument.
`summarise()` has grouped output by 'theta'. You can override using the
`.groups` argument.
[1] ""
[1] "Total run time was 97.221 seconds"
[1] "Estimation result: "
# A tibble: 360 × 5
   estimand theta   tau   est     se
   <chr>    <dbl> <dbl> <dbl>  <dbl>
 1 mu         0.1   0.1 0.320 0.0597
 2 mu         0.1   0.2 0.353 0.0484
 3 mu         0.1   0.3 0.377 0.0492
 4 mu         0.1   0.4 0.406 0.0567
 5 mu         0.1   0.5 0.463 0.0613
 6 mu         0.2   0.1 0.282 0.0385
 7 mu         0.2   0.2 0.328 0.0316
 8 mu         0.2   0.3 0.383 0.0311
 9 mu         0.2   0.4 0.421 0.0386
10 mu         0.2   0.5 0.479 0.0417
# ℹ 350 more rows
[1] ""
[1] "OR weights"
`summarise()` has grouped output by 'estimand'. You can override using the
`.groups` argument.
# A tibble: 27 × 6
# Groups:   estimand [3]
   estimand theta mean_value median_value min_value max_value
   <fct>    <dbl>      <dbl>        <dbl>     <dbl>     <dbl>
 1 mu         0.1      0.894        0.767    0.0212      4.33
 2 mu         0.2      0.944        0.956    0.200       2.01
 3 mu         0.3      0.973        1        0.487       1.52
 4 mu         0.4      0.990        0.999    0.537       1.44
 5 mu         0.5      1.01         0.998    0.643       1.38
 6 mu         0.6      1.02         1.02     0.775       1.41
 7 mu         0.7      1.02         1.01     0.743       1.25
 8 mu         0.8      1.00         1        0.677       1.33
 9 mu         0.9      0.972        0.994    0.233       1.84
10 mu_1       0.1      0.928        0.899    0.0727      3.29
11 mu_1       0.2      0.965        0.988    0.377       2.03
12 mu_1       0.3      0.986        0.992    0.516       1.43
13 mu_1       0.4      1.00         0.993    0.565       1.44
14 mu_1       0.5      1.01         1.00     0.713       1.44
15 mu_1       0.6      1.02         1.01     0.786       1.38
16 mu_1       0.7      1.01         1.01     0.732       1.26
17 mu_1       0.8      0.996        1        0.622       1.35
18 mu_1       0.9      0.970        0.984    0.216       1.89
19 mu_0       0.1      0.891        0.726    0.0155      4.45
20 mu_0       0.2      0.939        0.919    0.156       2.11
21 mu_0       0.3      0.967        0.994    0.433       1.64
22 mu_0       0.4      0.983        1.00     0.517       1.44
23 mu_0       0.5      0.998        0.994    0.574       1.39
24 mu_0       0.6      1.01         1        0.719       1.47
25 mu_0       0.7      1.02         1.02     0.748       1.28
26 mu_0       0.8      1.02         1.02     0.708       1.30
27 mu_0       0.9      0.991        0.999    0.386       1.52
[1] ""
[1] "IPCW weights"
`summarise()` has grouped output by 'estimand'. You can override using the
`.groups` argument.
# A tibble: 27 × 6
# Groups:   estimand [3]
   estimand theta mean_value median_value min_value max_value
   <fct>    <dbl>      <dbl>        <dbl>     <dbl>     <dbl>
 1 mu         0.1      0.620    0.000182   3.30e-19     20.1 
 2 mu         0.2      0.974    0.0177     3.46e-13     15.7 
 3 mu         0.3      1.12     0.122      1.15e- 9     10.6 
 4 mu         0.4      1.15     0.499      3.63e- 7      4.70
 5 mu         0.5      1.10     0.900      3.15e- 5      3.55
 6 mu         0.6      1.04     1.06       1.21e- 3      2.60
 7 mu         0.7      1.02     1.01       7.27e- 5      2.77
 8 mu         0.8      1.08     0.974      1.65e- 7      4.04
 9 mu         0.9      1.27     0.204      3.59e-12     13.1 
10 mu_1       0.1      1.06     0.00116    3.30e-18     22.4 
11 mu_1       0.2      1.13     0.0488     1.73e-12     13.0 
12 mu_1       0.3      1.15     0.309      3.84e- 9      8.86
13 mu_1       0.4      1.12     0.662      9.08e- 7      4.52
14 mu_1       0.5      1.06     1.10       6.30e- 5      3.04
15 mu_1       0.6      1.02     1.01       1.20e- 3      2.62
16 mu_1       0.7      1.02     0.892      1.64e- 5      2.72
17 mu_1       0.8      1.10     0.798      3.26e- 8      5.05
18 mu_1       0.9      1.30     0.148      6.30e-13     14.6 
19 mu_0       0.1      0.571    0.0000610  0            19.9 
20 mu_0       0.2      0.935    0.00721    0            17.5 
21 mu_0       0.3      1.11     0.0583     0            11.4 
22 mu_0       0.4      1.16     0.297      0             5.54
23 mu_0       0.5      1.13     0.681      0             4.11
24 mu_0       0.6      1.06     0.984      0             2.92
25 mu_0       0.7      1.01     0.929      0             2.88
26 mu_0       0.8      1.00     0.661      0             3.15
27 mu_0       0.9      0.995    0.0929     0             7.03
[1] "Total run time was 101.364 seconds"
