
Attaching package: ‘dplyr’

The following objects are masked from ‘package:stats’:

    filter, lag

The following objects are masked from ‘package:base’:

    intersect, setdiff, setequal, union

Loading required package: foreach
Loading required package: iterators
Loading required package: parallel

 randomForestSRC 3.2.2 
 
 Type rfsrc.news() to see new features, changes, and bug fixes. 
 

── Attaching core tidyverse packages ──────────────────────── tidyverse 2.0.0 ──
✔ forcats   1.0.0     ✔ readr     2.1.4
✔ ggplot2   3.3.6     ✔ stringr   1.5.1
✔ lubridate 1.9.3     ✔ tibble    3.2.1
✔ purrr     0.3.5     ✔ tidyr     1.2.1
── Conflicts ────────────────────────────────────────── tidyverse_conflicts() ──
✖ purrr::accumulate() masks foreach::accumulate()
✖ tidyr::extract()    masks dbarts::extract()
✖ dplyr::filter()     masks stats::filter()
✖ dplyr::lag()        masks stats::lag()
✖ purrr::partial()    masks randomForestSRC::partial()
✖ purrr::when()       masks foreach::when()
ℹ Use the [conflicted package](http://conflicted.r-lib.org/) to force all conflicts to become errors
[1] "[Analysis setting]"
[1] "n.cpus: 8"
[1] "method: nonpara"
[1] "taus: 0.1, 0.2, 0.3, 0.4, 0.5"
[1] "thetas: 0.1, 0.2, 0.3, 0.4, 0.5, 0.6, 0.7, 0.8, 0.9"
[1] "r: 50"
[1] "m: 100"
[1] "N_total: 1220"
[1] "cluster size dist'n: "

 5  6  7  8  9 10 11 12 13 14 15 16 17 18 19 20 
 9  6  5  6  7 10  4 10  4  4  8  5  4  1  5 12 
[1] "observed time summary: "
   Min. 1st Qu.  Median    Mean 3rd Qu.    Max. 
0.00000 0.05013 0.38684 0.65096 1.00000 5.96576 
[1] "event indicator table: "

  0   1 
707 513 
[1] "treatment indicator table: "

  0   1 
478 742 
[1] ""
[1] "Estimation start"
[1] "   Split: 1"
Note: Using an external vector in selections is ambiguous.
ℹ Use `all_of(X.T.names)` instead of `X.T.names` to silence this message.
ℹ See <https://tidyselect.r-lib.org/reference/faq-external-vector.html>.
This message is displayed once per session.
Note: Using an external vector in selections is ambiguous.
ℹ Use `all_of(X.C.names)` instead of `X.C.names` to silence this message.
ℹ See <https://tidyselect.r-lib.org/reference/faq-external-vector.html>.
This message is displayed once per session.
Note: Using an external vector in selections is ambiguous.
ℹ Use `all_of(X.A.names)` instead of `X.A.names` to silence this message.
ℹ See <https://tidyselect.r-lib.org/reference/faq-external-vector.html>.
This message is displayed once per session.

Running BART with binary y

number of trees: 25
number of chains: 1, number of threads 1
tree thinning rate: 1
Prior:
	prior on k: chi with 1.250000 degrees of freedom and inf scale
	power and base for tree prior: 2.000000 0.950000
	use quantiles for rule cut points: false
	proposal probabilities: birth/death 0.50, swap 0.10, change 0.40; birth 0.50
data:
	number of training observations: 620
	number of test observations: 0
	number of explanatory variables: 15

Cutoff rules c in x<=c vs x>c
Number of cutoffs: (var: number of possible c):
(1: 100) (2: 100) (3: 100) (4: 100) (5: 100) 
(6: 100) (7: 100) (8: 100) (9: 100) (10: 100) 
(11: 100) (12: 100) (13: 100) (14: 100) (15: 100) 

[1] "     Cluster: 3"
[1] "     Cluster: 4"
[1] "     Cluster: 5"
[1] "     Cluster: 9"
[1] "     Cluster: 10"
[1] "     Cluster: 11"
[1] "     Cluster: 12"
[1] "     Cluster: 13"
[1] "     Cluster: 14"
[1] "     Cluster: 16"
[1] "     Cluster: 18"
[1] "     Cluster: 21"
[1] "     Cluster: 23"
[1] "     Cluster: 24"
[1] "     Cluster: 25"
[1] "     Cluster: 26"
[1] "     Cluster: 32"
[1] "     Cluster: 33"
[1] "     Cluster: 35"
[1] "     Cluster: 37"
[1] "     Cluster: 38"
[1] "     Cluster: 39"
[1] "     Cluster: 43"
[1] "     Cluster: 45"
[1] "     Cluster: 46"
[1] "     Cluster: 50"
[1] "     Cluster: 51"
[1] "     Cluster: 55"
[1] "     Cluster: 56"
[1] "     Cluster: 58"
[1] "     Cluster: 59"
[1] "     Cluster: 60"
[1] "     Cluster: 61"
[1] "     Cluster: 66"
[1] "     Cluster: 67"
[1] "     Cluster: 69"
[1] "     Cluster: 71"
[1] "     Cluster: 74"
[1] "     Cluster: 77"
[1] "     Cluster: 78"
[1] "     Cluster: 80"
[1] "     Cluster: 81"
[1] "     Cluster: 83"
[1] "     Cluster: 85"
[1] "     Cluster: 89"
[1] "     Cluster: 90"
[1] "     Cluster: 95"
[1] "     Cluster: 96"
[1] "     Cluster: 98"
[1] "     Cluster: 99"
[1] "   Split: 2"

Running BART with binary y

number of trees: 25
number of chains: 1, number of threads 1
tree thinning rate: 1
Prior:
	prior on k: chi with 1.250000 degrees of freedom and inf scale
	power and base for tree prior: 2.000000 0.950000
	use quantiles for rule cut points: false
	proposal probabilities: birth/death 0.50, swap 0.10, change 0.40; birth 0.50
data:
	number of training observations: 600
	number of test observations: 0
	number of explanatory variables: 15

Cutoff rules c in x<=c vs x>c
Number of cutoffs: (var: number of possible c):
(1: 100) (2: 100) (3: 100) (4: 100) (5: 100) 
(6: 100) (7: 100) (8: 100) (9: 100) (10: 100) 
(11: 100) (12: 100) (13: 100) (14: 100) (15: 100) 

[1] "     Cluster: 1"
[1] "     Cluster: 2"
[1] "     Cluster: 6"
[1] "     Cluster: 7"
[1] "     Cluster: 8"
[1] "     Cluster: 15"
[1] "     Cluster: 17"
[1] "     Cluster: 19"
[1] "     Cluster: 20"
[1] "     Cluster: 22"
[1] "     Cluster: 27"
[1] "     Cluster: 28"
[1] "     Cluster: 29"
[1] "     Cluster: 30"
[1] "     Cluster: 31"
[1] "     Cluster: 34"
[1] "     Cluster: 36"
[1] "     Cluster: 40"
[1] "     Cluster: 41"
[1] "     Cluster: 42"
[1] "     Cluster: 44"
[1] "     Cluster: 47"
[1] "     Cluster: 48"
[1] "     Cluster: 49"
[1] "     Cluster: 52"
[1] "     Cluster: 53"
[1] "     Cluster: 54"
[1] "     Cluster: 57"
[1] "     Cluster: 62"
[1] "     Cluster: 63"
[1] "     Cluster: 64"
[1] "     Cluster: 65"
[1] "     Cluster: 68"
[1] "     Cluster: 70"
[1] "     Cluster: 72"
[1] "     Cluster: 73"
[1] "     Cluster: 75"
[1] "     Cluster: 76"
[1] "     Cluster: 79"
[1] "     Cluster: 82"
[1] "     Cluster: 84"
[1] "     Cluster: 86"
[1] "     Cluster: 87"
[1] "     Cluster: 88"
[1] "     Cluster: 91"
[1] "     Cluster: 92"
[1] "     Cluster: 93"
[1] "     Cluster: 94"
[1] "     Cluster: 97"
[1] "     Cluster: 100"
[1] ""
[1] "IF for proposed nonparametric estimator computed."
`summarise()` has grouped output by 'theta', 'tau'. You can override using the
`.groups` argument.
`summarise()` has grouped output by 'theta'. You can override using the
`.groups` argument.
`summarise()` has grouped output by 'theta', 'tau'. You can override using the
`.groups` argument.
`summarise()` has grouped output by 'theta'. You can override using the
`.groups` argument.
`summarise()` has grouped output by 'theta', 'tau'. You can override using the
`.groups` argument.
`summarise()` has grouped output by 'theta'. You can override using the
`.groups` argument.
`summarise()` has grouped output by 'theta', 'tau'. You can override using the
`.groups` argument.
`summarise()` has grouped output by 'theta'. You can override using the
`.groups` argument.
`summarise()` has grouped output by 'theta', 'tau'. You can override using the
`.groups` argument.
`summarise()` has grouped output by 'theta'. You can override using the
`.groups` argument.
`summarise()` has grouped output by 'theta', 'tau'. You can override using the
`.groups` argument.
`summarise()` has grouped output by 'theta'. You can override using the
`.groups` argument.
`summarise()` has grouped output by 'theta', 'tau'. You can override using the
`.groups` argument.
`summarise()` has grouped output by 'theta'. You can override using the
`.groups` argument.
`summarise()` has grouped output by 'theta', 'tau'. You can override using the
`.groups` argument.
`summarise()` has grouped output by 'theta'. You can override using the
`.groups` argument.
[1] ""
[1] "Total run time was 100.045 seconds"
[1] "Estimation result: "
# A tibble: 360 × 5
   estimand theta   tau   est     se
   <chr>    <dbl> <dbl> <dbl>  <dbl>
 1 mu         0.1   0.1 0.226 0.122 
 2 mu         0.1   0.2 0.479 0.0925
 3 mu         0.1   0.3 0.598 0.174 
 4 mu         0.1   0.4 0.593 0.164 
 5 mu         0.1   0.5 0.609 0.151 
 6 mu         0.2   0.1 0.261 0.113 
 7 mu         0.2   0.2 0.504 0.0981
 8 mu         0.2   0.3 0.619 0.161 
 9 mu         0.2   0.4 0.622 0.154 
10 mu         0.2   0.5 0.641 0.147 
# ℹ 350 more rows
[1] ""
[1] "OR weights"
`summarise()` has grouped output by 'estimand'. You can override using the
`.groups` argument.
# A tibble: 27 × 6
# Groups:   estimand [3]
   estimand theta mean_value median_value min_value max_value
   <fct>    <dbl>      <dbl>        <dbl>     <dbl>     <dbl>
 1 mu         0.1      0.844        0.599 0.0000370      7.50
 2 mu         0.2      1.00         0.909 0.00601       16.7 
 3 mu         0.3      0.995        0.960 0.0670        10.0 
 4 mu         0.4      0.969        0.987 0.246          2.81
 5 mu         0.5      0.984        0.993 0.521          1.28
 6 mu         0.6      1.01         1     0.814          1.27
 7 mu         0.7      1.01         1     0.761          1.26
 8 mu         0.8      0.987        1     0.535          1.40
 9 mu         0.9      0.949        0.997 0.235          1.85
10 mu_1       0.1      0.928        0.805 0.000169      13.7 
11 mu_1       0.2      1.04         0.961 0.0139        16.7 
12 mu_1       0.3      0.985        0.980 0.108          6.69
13 mu_1       0.4      0.972        0.990 0.317          1.53
14 mu_1       0.5      0.992        1.00  0.596          1.27
15 mu_1       0.6      1.01         1     0.784          1.27
16 mu_1       0.7      1.00         1     0.721          1.30
17 mu_1       0.8      0.983        0.998 0.501          1.40
18 mu_1       0.9      0.946        0.999 0.213          1.95
19 mu_0       0.1      0.835        0.543 0.0000224      8.10
20 mu_0       0.2      0.996        0.875 0.00402       16.7 
21 mu_0       0.3      0.999        0.959 0.0497        11.4 
22 mu_0       0.4      0.967        0.991 0.199          3.66
23 mu_0       0.5      0.976        0.995 0.445          1.42
24 mu_0       0.6      1.00         1     0.736          1.27
25 mu_0       0.7      1.01         1     0.748          1.26
26 mu_0       0.8      1.00         1     0.673          1.40
27 mu_0       0.9      0.973        1     0.434          1.43
[1] ""
[1] "IPCW weights"
`summarise()` has grouped output by 'estimand'. You can override using the
`.groups` argument.
# A tibble: 27 × 6
# Groups:   estimand [3]
   estimand theta mean_value median_value min_value max_value
   <fct>    <dbl>      <dbl>        <dbl>     <dbl>     <dbl>
 1 mu         0.1      4.12      0.000294  5.80e-17    381.  
 2 mu         0.2      3.58      0.0217    2.70e-11    264.  
 3 mu         0.3      2.72      0.150     5.24e- 8    119.  
 4 mu         0.4      2.00      0.557     1.06e- 5     39.6 
 5 mu         0.5      1.38      0.847     6.14e- 4     14.5 
 6 mu         0.6      1.02      0.855     1.57e- 2      3.02
 7 mu         0.7      0.981     0.946     8.44e- 4      3.24
 8 mu         0.8      1.24      0.598     3.76e- 6      8.97
 9 mu         0.9      1.76      0.0843    2.07e-10     32.5 
10 mu_1       0.1      4.51      0.00206   5.51e-16    381.  
11 mu_1       0.2      2.64      0.0656    1.28e-10    132.  
12 mu_1       0.3      2.08      0.314     1.66e- 7     39.7 
13 mu_1       0.4      1.64      0.732     2.52e- 5     28.5 
14 mu_1       0.5      1.21      0.794     1.17e- 3     10.2 
15 mu_1       0.6      0.980     0.901     1.22e- 2      2.74
16 mu_1       0.7      1.02      0.856     3.01e- 4      4.40
17 mu_1       0.8      1.31      0.459     1.17e- 6     11.2 
18 mu_1       0.9      1.80      0.0504    5.74e-11     34.2 
19 mu_0       0.1      4.08      0.000119  0           381.  
20 mu_0       0.2      3.81      0.00873   0           297.  
21 mu_0       0.3      2.99      0.0857    0           153.  
22 mu_0       0.4      2.24      0.389     0            59.4 
23 mu_0       0.5      1.55      0.809     0            18.9 
24 mu_0       0.6      1.08      0.815     0             4.65
25 mu_0       0.7      0.896     0.864     0             2.72
26 mu_0       0.8      0.983     0.837     0             4.95
27 mu_0       0.9      1.41      0.190     0            17.1 
[1] "Total run time was 104.516 seconds"
