
Attaching package: ‘dplyr’

The following objects are masked from ‘package:stats’:

    filter, lag

The following objects are masked from ‘package:base’:

    intersect, setdiff, setequal, union

Loading required package: foreach
Loading required package: iterators
Loading required package: parallel

 randomForestSRC 3.2.2 
 
 Type rfsrc.news() to see new features, changes, and bug fixes. 
 

── Attaching core tidyverse packages ──────────────────────── tidyverse 2.0.0 ──
✔ forcats   1.0.0     ✔ readr     2.1.4
✔ ggplot2   3.3.6     ✔ stringr   1.5.1
✔ lubridate 1.9.3     ✔ tibble    3.2.1
✔ purrr     0.3.5     ✔ tidyr     1.2.1
── Conflicts ────────────────────────────────────────── tidyverse_conflicts() ──
✖ purrr::accumulate() masks foreach::accumulate()
✖ tidyr::extract()    masks dbarts::extract()
✖ dplyr::filter()     masks stats::filter()
✖ dplyr::lag()        masks stats::lag()
✖ purrr::partial()    masks randomForestSRC::partial()
✖ purrr::when()       masks foreach::when()
ℹ Use the [conflicted package](http://conflicted.r-lib.org/) to force all conflicts to become errors
[1] "[Analysis setting]"
[1] "n.cpus: 8"
[1] "method: nonpara"
[1] "taus: 0.1, 0.2, 0.3, 0.4, 0.5"
[1] "thetas: 0.1, 0.2, 0.3, 0.4, 0.5, 0.6, 0.7, 0.8, 0.9"
[1] "r: 100"
[1] "m: 100"
[1] "N_total: 1216"
[1] "cluster size dist'n: "

 5  6  7  8  9 10 11 12 13 14 15 16 17 18 19 20 
10  8  5  2  7  5  9  7  6  4  9  9  3  3  7  6 
[1] "observed time summary: "
   Min. 1st Qu.  Median    Mean 3rd Qu.    Max. 
0.00000 0.03799 0.35470 0.60761 1.00000 5.00000 
[1] "event indicator table: "

  0   1 
733 483 
[1] "treatment indicator table: "

  0   1 
467 749 
[1] ""
[1] "Estimation start"
[1] "   Split: 1"
Note: Using an external vector in selections is ambiguous.
ℹ Use `all_of(X.T.names)` instead of `X.T.names` to silence this message.
ℹ See <https://tidyselect.r-lib.org/reference/faq-external-vector.html>.
This message is displayed once per session.
Note: Using an external vector in selections is ambiguous.
ℹ Use `all_of(X.C.names)` instead of `X.C.names` to silence this message.
ℹ See <https://tidyselect.r-lib.org/reference/faq-external-vector.html>.
This message is displayed once per session.
Note: Using an external vector in selections is ambiguous.
ℹ Use `all_of(X.A.names)` instead of `X.A.names` to silence this message.
ℹ See <https://tidyselect.r-lib.org/reference/faq-external-vector.html>.
This message is displayed once per session.

Running BART with binary y

number of trees: 25
number of chains: 1, number of threads 1
tree thinning rate: 1
Prior:
	prior on k: chi with 1.250000 degrees of freedom and inf scale
	power and base for tree prior: 2.000000 0.950000
	use quantiles for rule cut points: false
	proposal probabilities: birth/death 0.50, swap 0.10, change 0.40; birth 0.50
data:
	number of training observations: 608
	number of test observations: 0
	number of explanatory variables: 15

Cutoff rules c in x<=c vs x>c
Number of cutoffs: (var: number of possible c):
(1: 100) (2: 100) (3: 100) (4: 100) (5: 100) 
(6: 100) (7: 100) (8: 100) (9: 100) (10: 100) 
(11: 100) (12: 100) (13: 100) (14: 100) (15: 100) 

[1] "     Cluster: 1"
[1] "     Cluster: 6"
[1] "     Cluster: 7"
[1] "     Cluster: 9"
[1] "     Cluster: 10"
[1] "     Cluster: 12"
[1] "     Cluster: 13"
[1] "     Cluster: 14"
[1] "     Cluster: 15"
[1] "     Cluster: 16"
[1] "     Cluster: 17"
[1] "     Cluster: 18"
[1] "     Cluster: 21"
[1] "     Cluster: 22"
[1] "     Cluster: 24"
[1] "     Cluster: 27"
[1] "     Cluster: 29"
[1] "     Cluster: 32"
[1] "     Cluster: 35"
[1] "     Cluster: 38"
[1] "     Cluster: 40"
[1] "     Cluster: 41"
[1] "     Cluster: 42"
[1] "     Cluster: 44"
[1] "     Cluster: 47"
[1] "     Cluster: 49"
[1] "     Cluster: 53"
[1] "     Cluster: 54"
[1] "     Cluster: 55"
[1] "     Cluster: 56"
[1] "     Cluster: 58"
[1] "     Cluster: 65"
[1] "     Cluster: 66"
[1] "     Cluster: 67"
[1] "     Cluster: 69"
[1] "     Cluster: 72"
[1] "     Cluster: 74"
[1] "     Cluster: 75"
[1] "     Cluster: 76"
[1] "     Cluster: 77"
[1] "     Cluster: 81"
[1] "     Cluster: 83"
[1] "     Cluster: 85"
[1] "     Cluster: 87"
[1] "     Cluster: 89"
[1] "     Cluster: 90"
[1] "     Cluster: 93"
[1] "     Cluster: 94"
[1] "     Cluster: 96"
[1] "     Cluster: 97"
[1] "   Split: 2"

Running BART with binary y

number of trees: 25
number of chains: 1, number of threads 1
tree thinning rate: 1
Prior:
	prior on k: chi with 1.250000 degrees of freedom and inf scale
	power and base for tree prior: 2.000000 0.950000
	use quantiles for rule cut points: false
	proposal probabilities: birth/death 0.50, swap 0.10, change 0.40; birth 0.50
data:
	number of training observations: 608
	number of test observations: 0
	number of explanatory variables: 15

Cutoff rules c in x<=c vs x>c
Number of cutoffs: (var: number of possible c):
(1: 100) (2: 100) (3: 100) (4: 100) (5: 100) 
(6: 100) (7: 100) (8: 100) (9: 100) (10: 100) 
(11: 100) (12: 100) (13: 100) (14: 100) (15: 100) 

[1] "     Cluster: 2"
[1] "     Cluster: 3"
[1] "     Cluster: 4"
[1] "     Cluster: 5"
[1] "     Cluster: 8"
[1] "     Cluster: 11"
[1] "     Cluster: 19"
[1] "     Cluster: 20"
[1] "     Cluster: 23"
[1] "     Cluster: 25"
[1] "     Cluster: 26"
[1] "     Cluster: 28"
[1] "     Cluster: 30"
[1] "     Cluster: 31"
[1] "     Cluster: 33"
[1] "     Cluster: 34"
[1] "     Cluster: 36"
[1] "     Cluster: 37"
[1] "     Cluster: 39"
[1] "     Cluster: 43"
[1] "     Cluster: 45"
[1] "     Cluster: 46"
[1] "     Cluster: 48"
[1] "     Cluster: 50"
[1] "     Cluster: 51"
[1] "     Cluster: 52"
[1] "     Cluster: 57"
[1] "     Cluster: 59"
[1] "     Cluster: 60"
[1] "     Cluster: 61"
[1] "     Cluster: 62"
[1] "     Cluster: 63"
[1] "     Cluster: 64"
[1] "     Cluster: 68"
[1] "     Cluster: 70"
[1] "     Cluster: 71"
[1] "     Cluster: 73"
[1] "     Cluster: 78"
[1] "     Cluster: 79"
[1] "     Cluster: 80"
[1] "     Cluster: 82"
[1] "     Cluster: 84"
[1] "     Cluster: 86"
[1] "     Cluster: 88"
[1] "     Cluster: 91"
[1] "     Cluster: 92"
[1] "     Cluster: 95"
[1] "     Cluster: 98"
[1] "     Cluster: 99"
[1] "     Cluster: 100"
[1] ""
[1] "IF for proposed nonparametric estimator computed."
`summarise()` has grouped output by 'theta', 'tau'. You can override using the
`.groups` argument.
`summarise()` has grouped output by 'theta'. You can override using the
`.groups` argument.
`summarise()` has grouped output by 'theta', 'tau'. You can override using the
`.groups` argument.
`summarise()` has grouped output by 'theta'. You can override using the
`.groups` argument.
`summarise()` has grouped output by 'theta', 'tau'. You can override using the
`.groups` argument.
`summarise()` has grouped output by 'theta'. You can override using the
`.groups` argument.
`summarise()` has grouped output by 'theta', 'tau'. You can override using the
`.groups` argument.
`summarise()` has grouped output by 'theta'. You can override using the
`.groups` argument.
`summarise()` has grouped output by 'theta', 'tau'. You can override using the
`.groups` argument.
`summarise()` has grouped output by 'theta'. You can override using the
`.groups` argument.
`summarise()` has grouped output by 'theta', 'tau'. You can override using the
`.groups` argument.
`summarise()` has grouped output by 'theta'. You can override using the
`.groups` argument.
`summarise()` has grouped output by 'theta', 'tau'. You can override using the
`.groups` argument.
`summarise()` has grouped output by 'theta'. You can override using the
`.groups` argument.
`summarise()` has grouped output by 'theta', 'tau'. You can override using the
`.groups` argument.
`summarise()` has grouped output by 'theta'. You can override using the
`.groups` argument.
[1] ""
[1] "Total run time was 114.683 seconds"
[1] "Estimation result: "
# A tibble: 360 × 5
   estimand theta   tau   est     se
   <chr>    <dbl> <dbl> <dbl>  <dbl>
 1 mu         0.1   0.1 0.246 0.0872
 2 mu         0.1   0.2 0.260 0.161 
 3 mu         0.1   0.3 0.331 0.168 
 4 mu         0.1   0.4 0.506 0.159 
 5 mu         0.1   0.5 0.501 0.165 
 6 mu         0.2   0.1 0.242 0.0693
 7 mu         0.2   0.2 0.258 0.129 
 8 mu         0.2   0.3 0.329 0.134 
 9 mu         0.2   0.4 0.479 0.128 
10 mu         0.2   0.5 0.479 0.133 
# ℹ 350 more rows
[1] ""
[1] "OR weights"
`summarise()` has grouped output by 'estimand'. You can override using the
`.groups` argument.
# A tibble: 27 × 6
# Groups:   estimand [3]
   estimand theta mean_value median_value min_value max_value
   <fct>    <dbl>      <dbl>        <dbl>     <dbl>     <dbl>
 1 mu         0.1      0.763        0.659    0.0276      2.77
 2 mu         0.2      0.948        0.997    0.260       2.30
 3 mu         0.3      1.01         1        0.629       1.69
 4 mu         0.4      1.01         1        0.636       1.31
 5 mu         0.5      1.01         1        0.734       1.18
 6 mu         0.6      1.00         1        0.819       1.16
 7 mu         0.7      0.998        1        0.840       1.19
 8 mu         0.8      0.983        0.998    0.716       1.26
 9 mu         0.9      0.958        0.989    0.485       1.76
10 mu_1       0.1      0.933        1        0.0731      2.77
11 mu_1       0.2      1.01         1        0.402       2.07
12 mu_1       0.3      1.02         1        0.726       1.49
13 mu_1       0.4      1.01         1        0.623       1.26
14 mu_1       0.5      1.01         1        0.773       1.18
15 mu_1       0.6      1.00         1        0.838       1.14
16 mu_1       0.7      0.995        1        0.808       1.21
17 mu_1       0.8      0.980        0.998    0.709       1.29
18 mu_1       0.9      0.954        0.987    0.451       1.80
19 mu_0       0.1      0.744        0.614    0.0225      2.84
20 mu_0       0.2      0.933        0.978    0.225       2.36
21 mu_0       0.3      1.00         1        0.583       1.78
22 mu_0       0.4      1.01         1        0.645       1.37
23 mu_0       0.5      1.01         1.00     0.684       1.22
24 mu_0       0.6      1.01         1        0.790       1.19
25 mu_0       0.7      1.00         1        0.860       1.17
26 mu_0       0.8      0.996        1        0.743       1.26
27 mu_0       0.9      0.990        1        0.613       1.42
[1] ""
[1] "IPCW weights"
`summarise()` has grouped output by 'estimand'. You can override using the
`.groups` argument.
# A tibble: 27 × 6
# Groups:   estimand [3]
   estimand theta mean_value median_value min_value max_value
   <fct>    <dbl>      <dbl>        <dbl>     <dbl>     <dbl>
 1 mu         0.1      0.976    0.000172   4.01e-14     38.8 
 2 mu         0.2      0.928    0.0177     4.15e- 9     26.9 
 3 mu         0.3      0.897    0.127      3.13e- 6     12.1 
 4 mu         0.4      0.991    0.498      3.06e- 4      6.99
 5 mu         0.5      1.06     0.989      9.44e- 3      3.51
 6 mu         0.6      1.05     1.10       2.38e- 2      3.03
 7 mu         0.7      1.01     1.06       1.03e- 3      2.40
 8 mu         0.8      1.06     0.479      1.03e- 5      4.65
 9 mu         0.9      1.26     0.0711     3.19e- 9     17.0 
10 mu_1       0.1      0.981    0.000907   0            38.8 
11 mu_1       0.2      0.764    0.0352     0            13.4 
12 mu_1       0.3      0.848    0.266      0             6.30
13 mu_1       0.4      1.00     0.755      0             3.85
14 mu_1       0.5      1.06     1.12       0             3.71
15 mu_1       0.6      1.04     1.10       0             2.67
16 mu_1       0.7      1.02     1.02       0             2.53
17 mu_1       0.8      1.10     0.384      0             5.81
18 mu_1       0.9      1.31     0.0409     0            18.9 
19 mu_0       0.1      0.976    0.0000560  0            38.8 
20 mu_0       0.2      0.968    0.00621    0            30.2 
21 mu_0       0.3      0.918    0.0605     0            15.6 
22 mu_0       0.4      0.983    0.284      0             9.71
23 mu_0       0.5      1.06     0.764      0             5.85
24 mu_0       0.6      1.06     1.06       0             3.57
25 mu_0       0.7      0.986    1.07       0             2.36
26 mu_0       0.8      0.902    0.708      0             3.32
27 mu_0       0.9      0.854    0.0723     0             8.69
[1] "Total run time was 117.289 seconds"
