
Attaching package: ‘dplyr’

The following objects are masked from ‘package:stats’:

    filter, lag

The following objects are masked from ‘package:base’:

    intersect, setdiff, setequal, union

Loading required package: foreach
Loading required package: iterators
Loading required package: parallel

 randomForestSRC 3.2.2 
 
 Type rfsrc.news() to see new features, changes, and bug fixes. 
 

── Attaching core tidyverse packages ──────────────────────── tidyverse 2.0.0 ──
✔ forcats   1.0.0     ✔ readr     2.1.4
✔ ggplot2   3.3.6     ✔ stringr   1.5.1
✔ lubridate 1.9.3     ✔ tibble    3.2.1
✔ purrr     0.3.5     ✔ tidyr     1.2.1
── Conflicts ────────────────────────────────────────── tidyverse_conflicts() ──
✖ purrr::accumulate() masks foreach::accumulate()
✖ tidyr::extract()    masks dbarts::extract()
✖ dplyr::filter()     masks stats::filter()
✖ dplyr::lag()        masks stats::lag()
✖ purrr::partial()    masks randomForestSRC::partial()
✖ purrr::when()       masks foreach::when()
ℹ Use the [conflicted package](http://conflicted.r-lib.org/) to force all conflicts to become errors
[1] "[Analysis setting]"
[1] "n.cpus: 8"
[1] "method: nonpara"
[1] "taus: 0.1, 0.2, 0.3, 0.4, 0.5"
[1] "thetas: 0.1, 0.2, 0.3, 0.4, 0.5, 0.6, 0.7, 0.8, 0.9"
[1] "r: 100"
[1] "m: 100"
[1] "N_total: 1212"
[1] "cluster size dist'n: "

 5  6  7  8  9 10 11 12 13 14 15 16 17 18 19 20 
 6  7 10  6  9  3  2  7  8  8  6  8  4  5  7  4 
[1] "observed time summary: "
   Min. 1st Qu.  Median    Mean 3rd Qu.    Max. 
0.00000 0.02329 0.31659 0.61963 1.00000 5.00000 
[1] "event indicator table: "

  0   1 
734 478 
[1] "treatment indicator table: "

  0   1 
462 750 
[1] ""
[1] "Estimation start"
[1] "   Split: 1"
Note: Using an external vector in selections is ambiguous.
ℹ Use `all_of(X.T.names)` instead of `X.T.names` to silence this message.
ℹ See <https://tidyselect.r-lib.org/reference/faq-external-vector.html>.
This message is displayed once per session.
Note: Using an external vector in selections is ambiguous.
ℹ Use `all_of(X.C.names)` instead of `X.C.names` to silence this message.
ℹ See <https://tidyselect.r-lib.org/reference/faq-external-vector.html>.
This message is displayed once per session.
Note: Using an external vector in selections is ambiguous.
ℹ Use `all_of(X.A.names)` instead of `X.A.names` to silence this message.
ℹ See <https://tidyselect.r-lib.org/reference/faq-external-vector.html>.
This message is displayed once per session.

Running BART with binary y

number of trees: 25
number of chains: 1, number of threads 1
tree thinning rate: 1
Prior:
	prior on k: chi with 1.250000 degrees of freedom and inf scale
	power and base for tree prior: 2.000000 0.950000
	use quantiles for rule cut points: false
	proposal probabilities: birth/death 0.50, swap 0.10, change 0.40; birth 0.50
data:
	number of training observations: 605
	number of test observations: 0
	number of explanatory variables: 15

Cutoff rules c in x<=c vs x>c
Number of cutoffs: (var: number of possible c):
(1: 100) (2: 100) (3: 100) (4: 100) (5: 100) 
(6: 100) (7: 100) (8: 100) (9: 100) (10: 100) 
(11: 100) (12: 100) (13: 100) (14: 100) (15: 100) 

[1] "     Cluster: 2"
[1] "     Cluster: 5"
[1] "     Cluster: 9"
[1] "     Cluster: 10"
[1] "     Cluster: 11"
[1] "     Cluster: 13"
[1] "     Cluster: 17"
[1] "     Cluster: 19"
[1] "     Cluster: 21"
[1] "     Cluster: 22"
[1] "     Cluster: 24"
[1] "     Cluster: 25"
[1] "     Cluster: 26"
[1] "     Cluster: 27"
[1] "     Cluster: 29"
[1] "     Cluster: 31"
[1] "     Cluster: 32"
[1] "     Cluster: 35"
[1] "     Cluster: 43"
[1] "     Cluster: 44"
[1] "     Cluster: 48"
[1] "     Cluster: 50"
[1] "     Cluster: 51"
[1] "     Cluster: 52"
[1] "     Cluster: 54"
[1] "     Cluster: 55"
[1] "     Cluster: 57"
[1] "     Cluster: 60"
[1] "     Cluster: 61"
[1] "     Cluster: 62"
[1] "     Cluster: 63"
[1] "     Cluster: 66"
[1] "     Cluster: 68"
[1] "     Cluster: 70"
[1] "     Cluster: 71"
[1] "     Cluster: 73"
[1] "     Cluster: 75"
[1] "     Cluster: 77"
[1] "     Cluster: 78"
[1] "     Cluster: 81"
[1] "     Cluster: 82"
[1] "     Cluster: 84"
[1] "     Cluster: 85"
[1] "     Cluster: 86"
[1] "     Cluster: 88"
[1] "     Cluster: 91"
[1] "     Cluster: 93"
[1] "     Cluster: 98"
[1] "     Cluster: 99"
[1] "     Cluster: 100"
[1] "   Split: 2"

Running BART with binary y

number of trees: 25
number of chains: 1, number of threads 1
tree thinning rate: 1
Prior:
	prior on k: chi with 1.250000 degrees of freedom and inf scale
	power and base for tree prior: 2.000000 0.950000
	use quantiles for rule cut points: false
	proposal probabilities: birth/death 0.50, swap 0.10, change 0.40; birth 0.50
data:
	number of training observations: 607
	number of test observations: 0
	number of explanatory variables: 15

Cutoff rules c in x<=c vs x>c
Number of cutoffs: (var: number of possible c):
(1: 100) (2: 100) (3: 100) (4: 100) (5: 100) 
(6: 100) (7: 100) (8: 100) (9: 100) (10: 100) 
(11: 100) (12: 100) (13: 100) (14: 100) (15: 100) 

[1] "     Cluster: 1"
[1] "     Cluster: 3"
[1] "     Cluster: 4"
[1] "     Cluster: 6"
[1] "     Cluster: 7"
[1] "     Cluster: 8"
[1] "     Cluster: 12"
[1] "     Cluster: 14"
[1] "     Cluster: 15"
[1] "     Cluster: 16"
[1] "     Cluster: 18"
[1] "     Cluster: 20"
[1] "     Cluster: 23"
[1] "     Cluster: 28"
[1] "     Cluster: 30"
[1] "     Cluster: 33"
[1] "     Cluster: 34"
[1] "     Cluster: 36"
[1] "     Cluster: 37"
[1] "     Cluster: 38"
[1] "     Cluster: 39"
[1] "     Cluster: 40"
[1] "     Cluster: 41"
[1] "     Cluster: 42"
[1] "     Cluster: 45"
[1] "     Cluster: 46"
[1] "     Cluster: 47"
[1] "     Cluster: 49"
[1] "     Cluster: 53"
[1] "     Cluster: 56"
[1] "     Cluster: 58"
[1] "     Cluster: 59"
[1] "     Cluster: 64"
[1] "     Cluster: 65"
[1] "     Cluster: 67"
[1] "     Cluster: 69"
[1] "     Cluster: 72"
[1] "     Cluster: 74"
[1] "     Cluster: 76"
[1] "     Cluster: 79"
[1] "     Cluster: 80"
[1] "     Cluster: 83"
[1] "     Cluster: 87"
[1] "     Cluster: 89"
[1] "     Cluster: 90"
[1] "     Cluster: 92"
[1] "     Cluster: 94"
[1] "     Cluster: 95"
[1] "     Cluster: 96"
[1] "     Cluster: 97"
[1] ""
[1] "IF for proposed nonparametric estimator computed."
`summarise()` has grouped output by 'theta', 'tau'. You can override using the
`.groups` argument.
`summarise()` has grouped output by 'theta'. You can override using the
`.groups` argument.
`summarise()` has grouped output by 'theta', 'tau'. You can override using the
`.groups` argument.
`summarise()` has grouped output by 'theta'. You can override using the
`.groups` argument.
`summarise()` has grouped output by 'theta', 'tau'. You can override using the
`.groups` argument.
`summarise()` has grouped output by 'theta'. You can override using the
`.groups` argument.
`summarise()` has grouped output by 'theta', 'tau'. You can override using the
`.groups` argument.
`summarise()` has grouped output by 'theta'. You can override using the
`.groups` argument.
`summarise()` has grouped output by 'theta', 'tau'. You can override using the
`.groups` argument.
`summarise()` has grouped output by 'theta'. You can override using the
`.groups` argument.
`summarise()` has grouped output by 'theta', 'tau'. You can override using the
`.groups` argument.
`summarise()` has grouped output by 'theta'. You can override using the
`.groups` argument.
`summarise()` has grouped output by 'theta', 'tau'. You can override using the
`.groups` argument.
`summarise()` has grouped output by 'theta'. You can override using the
`.groups` argument.
`summarise()` has grouped output by 'theta', 'tau'. You can override using the
`.groups` argument.
`summarise()` has grouped output by 'theta'. You can override using the
`.groups` argument.
[1] ""
[1] "Total run time was 63.606 seconds"
[1] "Estimation result: "
# A tibble: 360 × 5
   estimand theta   tau   est     se
   <chr>    <dbl> <dbl> <dbl>  <dbl>
 1 mu         0.1   0.1 0.396 0.144 
 2 mu         0.1   0.2 0.517 0.196 
 3 mu         0.1   0.3 0.521 0.176 
 4 mu         0.1   0.4 0.527 0.175 
 5 mu         0.1   0.5 0.618 0.128 
 6 mu         0.2   0.1 0.362 0.110 
 7 mu         0.2   0.2 0.467 0.153 
 8 mu         0.2   0.3 0.479 0.134 
 9 mu         0.2   0.4 0.489 0.133 
10 mu         0.2   0.5 0.578 0.0804
# ℹ 350 more rows
[1] ""
[1] "OR weights"
`summarise()` has grouped output by 'estimand'. You can override using the
`.groups` argument.
# A tibble: 27 × 6
# Groups:   estimand [3]
   estimand theta mean_value median_value min_value max_value
   <fct>    <dbl>      <dbl>        <dbl>     <dbl>     <dbl>
 1 mu         0.1      0.894        0.748  0.000177      7.46
 2 mu         0.2      0.950        0.958  0.0172        3.91
 3 mu         0.3      0.968        1.00   0.152         2.49
 4 mu         0.4      0.978        1      0.431         1.56
 5 mu         0.5      0.988        1      0.705         1.23
 6 mu         0.6      0.998        1      0.814         1.20
 7 mu         0.7      1.01         1      0.806         1.40
 8 mu         0.8      1.04         1      0.370         2.78
 9 mu         0.9      1.18         1      0.0378       10.1 
10 mu_1       0.1      0.900        1      0.000772      2.76
11 mu_1       0.2      0.946        0.999  0.0388        3.17
12 mu_1       0.3      0.965        1      0.236         2.03
13 mu_1       0.4      0.979        1.00   0.528         1.41
14 mu_1       0.5      0.990        1      0.769         1.19
15 mu_1       0.6      1.00         1      0.811         1.24
16 mu_1       0.7      1.01         1      0.754         1.51
17 mu_1       0.8      1.05         1      0.321         3.19
18 mu_1       0.9      1.20         1      0.0301       11.1 
19 mu_0       0.1      0.893        0.733  0.000108      8.13
20 mu_0       0.2      0.951        0.934  0.0118        4.57
21 mu_0       0.3      0.969        0.990  0.115         2.74
22 mu_0       0.4      0.977        1      0.366         1.76
23 mu_0       0.5      0.985        1      0.642         1.29
24 mu_0       0.6      0.993        1      0.800         1.19
25 mu_0       0.7      0.999        1      0.788         1.27
26 mu_0       0.8      1.00         1      0.569         1.40
27 mu_0       0.9      1.01         1      0.107         2.11
[1] ""
[1] "IPCW weights"
`summarise()` has grouped output by 'estimand'. You can override using the
`.groups` argument.
# A tibble: 27 × 6
# Groups:   estimand [3]
   estimand theta mean_value median_value min_value max_value
   <fct>    <dbl>      <dbl>        <dbl>     <dbl>     <dbl>
 1 mu         0.1      10.2     0.000239   1.92e-15    849.  
 2 mu         0.2       9.40    0.0170     3.97e-10    734.  
 3 mu         0.3       4.74    0.142      3.74e- 7    291.  
 4 mu         0.4       2.26    0.427      4.27e- 5     69.8 
 5 mu         0.5       1.47    0.873      1.25e- 3     13.2 
 6 mu         0.6       1.53    1.04       1.93e- 2     31.6 
 7 mu         0.7       2.87    1.06       1.20e- 3    157.  
 8 mu         0.8       5.94    0.657      5.39e- 6    395.  
 9 mu         0.9       7.71    0.0881     4.16e-10    325.  
10 mu_1       0.1      13.8     0.00159    1.72e-14   1131.  
11 mu_1       0.2       6.95    0.0505     1.79e- 9    489.  
12 mu_1       0.3       3.02    0.281      1.18e- 6    129.  
13 mu_1       0.4       1.70    0.737      1.01e- 4     23.3 
14 mu_1       0.5       1.35    0.999      2.50e- 3      8.79
15 mu_1       0.6       1.63    1.15       1.03e- 2     44.4 
16 mu_1       0.7       3.23    0.938      2.15e- 4    189.  
17 mu_1       0.8       6.30    0.531      8.41e- 7    415.  
18 mu_1       0.9       7.75    0.0611     5.78e-11    304.  
19 mu_0       0.1       9.78    0.0000988  0           817.  
20 mu_0       0.2      10.0     0.00815    0           795.  
21 mu_0       0.3       5.48    0.0578     0           360.  
22 mu_0       0.4       2.64    0.238      0           101.  
23 mu_0       0.5       1.58    0.639      0            17.7 
24 mu_0       0.6       1.38    1.03       0            12.5 
25 mu_0       0.7       2.04    1.09       0            82.8 
26 mu_0       0.8       4.51    0.821      0           312.  
27 mu_0       0.9       7.34    0.156      0           513.  
[1] "Total run time was 65.647 seconds"
