
Attaching package: ‘dplyr’

The following objects are masked from ‘package:stats’:

    filter, lag

The following objects are masked from ‘package:base’:

    intersect, setdiff, setequal, union

Loading required package: foreach
Loading required package: iterators
Loading required package: parallel

 randomForestSRC 3.2.2 
 
 Type rfsrc.news() to see new features, changes, and bug fixes. 
 

── Attaching core tidyverse packages ──────────────────────── tidyverse 2.0.0 ──
✔ forcats   1.0.0     ✔ readr     2.1.4
✔ ggplot2   3.3.6     ✔ stringr   1.5.1
✔ lubridate 1.9.3     ✔ tibble    3.2.1
✔ purrr     0.3.5     ✔ tidyr     1.2.1
── Conflicts ────────────────────────────────────────── tidyverse_conflicts() ──
✖ purrr::accumulate() masks foreach::accumulate()
✖ tidyr::extract()    masks dbarts::extract()
✖ dplyr::filter()     masks stats::filter()
✖ dplyr::lag()        masks stats::lag()
✖ purrr::partial()    masks randomForestSRC::partial()
✖ purrr::when()       masks foreach::when()
ℹ Use the [conflicted package](http://conflicted.r-lib.org/) to force all conflicts to become errors
[1] "[Analysis setting]"
[1] "n.cpus: 8"
[1] "method: nonpara"
[1] "taus: 0.1, 0.2, 0.3, 0.4, 0.5"
[1] "thetas: 0.1, 0.2, 0.3, 0.4, 0.5, 0.6, 0.7, 0.8, 0.9"
[1] "r: 100"
[1] "m: 100"
[1] "N_total: 1327"
[1] "cluster size dist'n: "

 5  6  7  8  9 10 11 12 13 14 15 16 17 18 19 20 
 2  5 10  3  6  7  7  8  6  3  2  6  6 10 12  7 
[1] "observed time summary: "
   Min. 1st Qu.  Median    Mean 3rd Qu.    Max. 
0.00000 0.02948 0.34892 0.62580 1.00000 5.00000 
[1] "event indicator table: "

  0   1 
809 518 
[1] "treatment indicator table: "

  0   1 
471 856 
[1] ""
[1] "Estimation start"
[1] "   Split: 1"
Note: Using an external vector in selections is ambiguous.
ℹ Use `all_of(X.T.names)` instead of `X.T.names` to silence this message.
ℹ See <https://tidyselect.r-lib.org/reference/faq-external-vector.html>.
This message is displayed once per session.
Note: Using an external vector in selections is ambiguous.
ℹ Use `all_of(X.C.names)` instead of `X.C.names` to silence this message.
ℹ See <https://tidyselect.r-lib.org/reference/faq-external-vector.html>.
This message is displayed once per session.
Note: Using an external vector in selections is ambiguous.
ℹ Use `all_of(X.A.names)` instead of `X.A.names` to silence this message.
ℹ See <https://tidyselect.r-lib.org/reference/faq-external-vector.html>.
This message is displayed once per session.

Running BART with binary y

number of trees: 25
number of chains: 1, number of threads 1
tree thinning rate: 1
Prior:
	prior on k: chi with 1.250000 degrees of freedom and inf scale
	power and base for tree prior: 2.000000 0.950000
	use quantiles for rule cut points: false
	proposal probabilities: birth/death 0.50, swap 0.10, change 0.40; birth 0.50
data:
	number of training observations: 668
	number of test observations: 0
	number of explanatory variables: 15

Cutoff rules c in x<=c vs x>c
Number of cutoffs: (var: number of possible c):
(1: 100) (2: 100) (3: 100) (4: 100) (5: 100) 
(6: 100) (7: 100) (8: 100) (9: 100) (10: 100) 
(11: 100) (12: 100) (13: 100) (14: 100) (15: 100) 

[1] "     Cluster: 1"
[1] "     Cluster: 4"
[1] "     Cluster: 6"
[1] "     Cluster: 7"
[1] "     Cluster: 10"
[1] "     Cluster: 15"
[1] "     Cluster: 16"
[1] "     Cluster: 17"
[1] "     Cluster: 18"
[1] "     Cluster: 22"
[1] "     Cluster: 23"
[1] "     Cluster: 24"
[1] "     Cluster: 26"
[1] "     Cluster: 33"
[1] "     Cluster: 35"
[1] "     Cluster: 38"
[1] "     Cluster: 39"
[1] "     Cluster: 40"
[1] "     Cluster: 43"
[1] "     Cluster: 44"
[1] "     Cluster: 45"
[1] "     Cluster: 48"
[1] "     Cluster: 50"
[1] "     Cluster: 52"
[1] "     Cluster: 53"
[1] "     Cluster: 54"
[1] "     Cluster: 57"
[1] "     Cluster: 58"
[1] "     Cluster: 62"
[1] "     Cluster: 65"
[1] "     Cluster: 66"
[1] "     Cluster: 67"
[1] "     Cluster: 68"
[1] "     Cluster: 69"
[1] "     Cluster: 73"
[1] "     Cluster: 74"
[1] "     Cluster: 78"
[1] "     Cluster: 80"
[1] "     Cluster: 81"
[1] "     Cluster: 82"
[1] "     Cluster: 84"
[1] "     Cluster: 87"
[1] "     Cluster: 88"
[1] "     Cluster: 89"
[1] "     Cluster: 91"
[1] "     Cluster: 92"
[1] "     Cluster: 95"
[1] "     Cluster: 96"
[1] "     Cluster: 99"
[1] "     Cluster: 100"
[1] "   Split: 2"

Running BART with binary y

number of trees: 25
number of chains: 1, number of threads 1
tree thinning rate: 1
Prior:
	prior on k: chi with 1.250000 degrees of freedom and inf scale
	power and base for tree prior: 2.000000 0.950000
	use quantiles for rule cut points: false
	proposal probabilities: birth/death 0.50, swap 0.10, change 0.40; birth 0.50
data:
	number of training observations: 659
	number of test observations: 0
	number of explanatory variables: 15

Cutoff rules c in x<=c vs x>c
Number of cutoffs: (var: number of possible c):
(1: 100) (2: 100) (3: 100) (4: 100) (5: 100) 
(6: 100) (7: 100) (8: 100) (9: 100) (10: 100) 
(11: 100) (12: 100) (13: 100) (14: 100) (15: 100) 

[1] "     Cluster: 2"
[1] "     Cluster: 3"
[1] "     Cluster: 5"
[1] "     Cluster: 8"
[1] "     Cluster: 9"
[1] "     Cluster: 11"
[1] "     Cluster: 12"
[1] "     Cluster: 13"
[1] "     Cluster: 14"
[1] "     Cluster: 19"
[1] "     Cluster: 20"
[1] "     Cluster: 21"
[1] "     Cluster: 25"
[1] "     Cluster: 27"
[1] "     Cluster: 28"
[1] "     Cluster: 29"
[1] "     Cluster: 30"
[1] "     Cluster: 31"
[1] "     Cluster: 32"
[1] "     Cluster: 34"
[1] "     Cluster: 36"
[1] "     Cluster: 37"
[1] "     Cluster: 41"
[1] "     Cluster: 42"
[1] "     Cluster: 46"
[1] "     Cluster: 47"
[1] "     Cluster: 49"
[1] "     Cluster: 51"
[1] "     Cluster: 55"
[1] "     Cluster: 56"
[1] "     Cluster: 59"
[1] "     Cluster: 60"
[1] "     Cluster: 61"
[1] "     Cluster: 63"
[1] "     Cluster: 64"
[1] "     Cluster: 70"
[1] "     Cluster: 71"
[1] "     Cluster: 72"
[1] "     Cluster: 75"
[1] "     Cluster: 76"
[1] "     Cluster: 77"
[1] "     Cluster: 79"
[1] "     Cluster: 83"
[1] "     Cluster: 85"
[1] "     Cluster: 86"
[1] "     Cluster: 90"
[1] "     Cluster: 93"
[1] "     Cluster: 94"
[1] "     Cluster: 97"
[1] "     Cluster: 98"
[1] ""
[1] "IF for proposed nonparametric estimator computed."
`summarise()` has grouped output by 'theta', 'tau'. You can override using the
`.groups` argument.
`summarise()` has grouped output by 'theta'. You can override using the
`.groups` argument.
`summarise()` has grouped output by 'theta', 'tau'. You can override using the
`.groups` argument.
`summarise()` has grouped output by 'theta'. You can override using the
`.groups` argument.
`summarise()` has grouped output by 'theta', 'tau'. You can override using the
`.groups` argument.
`summarise()` has grouped output by 'theta'. You can override using the
`.groups` argument.
`summarise()` has grouped output by 'theta', 'tau'. You can override using the
`.groups` argument.
`summarise()` has grouped output by 'theta'. You can override using the
`.groups` argument.
`summarise()` has grouped output by 'theta', 'tau'. You can override using the
`.groups` argument.
`summarise()` has grouped output by 'theta'. You can override using the
`.groups` argument.
`summarise()` has grouped output by 'theta', 'tau'. You can override using the
`.groups` argument.
`summarise()` has grouped output by 'theta'. You can override using the
`.groups` argument.
`summarise()` has grouped output by 'theta', 'tau'. You can override using the
`.groups` argument.
`summarise()` has grouped output by 'theta'. You can override using the
`.groups` argument.
`summarise()` has grouped output by 'theta', 'tau'. You can override using the
`.groups` argument.
`summarise()` has grouped output by 'theta'. You can override using the
`.groups` argument.
[1] ""
[1] "Total run time was 113.5 seconds"
[1] "Estimation result: "
# A tibble: 360 × 5
   estimand theta   tau   est     se
   <chr>    <dbl> <dbl> <dbl>  <dbl>
 1 mu         0.1   0.1 0.515 0.144 
 2 mu         0.1   0.2 0.553 0.121 
 3 mu         0.1   0.3 0.568 0.112 
 4 mu         0.1   0.4 0.589 0.106 
 5 mu         0.1   0.5 0.618 0.101 
 6 mu         0.2   0.1 0.407 0.0966
 7 mu         0.2   0.2 0.483 0.0893
 8 mu         0.2   0.3 0.513 0.0811
 9 mu         0.2   0.4 0.538 0.0780
10 mu         0.2   0.5 0.574 0.0714
# ℹ 350 more rows
[1] ""
[1] "OR weights"
`summarise()` has grouped output by 'estimand'. You can override using the
`.groups` argument.
# A tibble: 27 × 6
# Groups:   estimand [3]
   estimand theta mean_value median_value min_value max_value
   <fct>    <dbl>      <dbl>        <dbl>     <dbl>     <dbl>
 1 mu         0.1      0.875        0.675 0.000153       4.20
 2 mu         0.2      0.956        0.911 0.0143         5.29
 3 mu         0.3      0.988        0.939 0.132          3.47
 4 mu         0.4      0.988        0.987 0.451          2.17
 5 mu         0.5      0.990        0.990 0.785          1.44
 6 mu         0.6      1.00         1     0.889          1.25
 7 mu         0.7      1.01         1.00  0.784          1.16
 8 mu         0.8      1.01         1     0.665          1.27
 9 mu         0.9      0.996        1     0.265          1.70
10 mu_1       0.1      0.938        0.846 0.000662       6.81
11 mu_1       0.2      0.984        0.912 0.0324         4.63
12 mu_1       0.3      0.993        0.972 0.211          2.94
13 mu_1       0.4      0.989        0.993 0.578          1.85
14 mu_1       0.5      0.995        0.994 0.810          1.32
15 mu_1       0.6      1.00         1     0.872          1.22
16 mu_1       0.7      1.01         1.00  0.771          1.20
17 mu_1       0.8      1.01         1     0.628          1.32
18 mu_1       0.9      0.996        1     0.246          1.77
19 mu_0       0.1      0.868        0.629 0.0000970      4.12
20 mu_0       0.2      0.948        0.913 0.00983        5.46
21 mu_0       0.3      0.986        0.931 0.0982         3.93
22 mu_0       0.4      0.987        0.964 0.366          2.38
23 mu_0       0.5      0.986        0.989 0.727          1.56
24 mu_0       0.6      0.995        0.996 0.855          1.30
25 mu_0       0.7      1.01         0.999 0.815          1.18
26 mu_0       0.8      1.01         1.00  0.747          1.29
27 mu_0       0.9      0.992        0.988 0.438          1.36
[1] ""
[1] "IPCW weights"
`summarise()` has grouped output by 'estimand'. You can override using the
`.groups` argument.
# A tibble: 27 × 6
# Groups:   estimand [3]
   estimand theta mean_value median_value min_value max_value
   <fct>    <dbl>      <dbl>        <dbl>     <dbl>     <dbl>
 1 mu         0.1       1.15    0.0000541  4.60e-17     37.0 
 2 mu         0.2       1.51    0.00558    1.21e-11     36.5 
 3 mu         0.3       1.78    0.0626     1.78e- 8     24.6 
 4 mu         0.4       1.93    0.343      3.16e- 6     41.1 
 5 mu         0.5       1.70    0.861      1.76e- 4     33.0 
 6 mu         0.6       1.33    1.16       2.26e- 3     12.2 
 7 mu         0.7       1.19    1.25       3.09e- 5      3.53
 8 mu         0.8       1.23    1.03       6.14e- 8      5.46
 9 mu         0.9       1.13    0.195      1.19e-12      7.36
10 mu_1       0.1       1.79    0.000395   4.60e-16     52.9 
11 mu_1       0.2       1.62    0.0163     6.03e-11     26.1 
12 mu_1       0.3       1.77    0.148      5.94e- 8     31.5 
13 mu_1       0.4       1.82    0.550      7.91e- 6     43.3 
14 mu_1       0.5       1.54    1.04       3.51e- 4     27.8 
15 mu_1       0.6       1.26    1.09       4.19e- 4      8.55
16 mu_1       0.7       1.20    1.20       4.90e- 6      3.45
17 mu_1       0.8       1.23    0.855      8.52e- 9      5.74
18 mu_1       0.9       1.11    0.147      1.46e-13      7.68
19 mu_0       0.1       1.07    0.0000138  0            35.3 
20 mu_0       0.2       1.49    0.00199    0            39.1 
21 mu_0       0.3       1.78    0.0292     0            30.1 
22 mu_0       0.4       2.01    0.184      0            39.7 
23 mu_0       0.5       1.85    0.545      0            38.2 
24 mu_0       0.6       1.43    0.944      0            17.6 
25 mu_0       0.7       1.18    1.05       0             3.92
26 mu_0       0.8       1.23    1.35       0             4.31
27 mu_0       0.9       1.34    0.547      0             7.09
[1] "Total run time was 116.263 seconds"
