
Attaching package: ‘dplyr’

The following objects are masked from ‘package:stats’:

    filter, lag

The following objects are masked from ‘package:base’:

    intersect, setdiff, setequal, union

Loading required package: foreach
Loading required package: iterators
Loading required package: parallel

 randomForestSRC 3.2.2 
 
 Type rfsrc.news() to see new features, changes, and bug fixes. 
 

── Attaching core tidyverse packages ──────────────────────── tidyverse 2.0.0 ──
✔ forcats   1.0.0     ✔ readr     2.1.4
✔ ggplot2   3.3.6     ✔ stringr   1.5.1
✔ lubridate 1.9.3     ✔ tibble    3.2.1
✔ purrr     0.3.5     ✔ tidyr     1.2.1
── Conflicts ────────────────────────────────────────── tidyverse_conflicts() ──
✖ purrr::accumulate() masks foreach::accumulate()
✖ tidyr::extract()    masks dbarts::extract()
✖ dplyr::filter()     masks stats::filter()
✖ dplyr::lag()        masks stats::lag()
✖ purrr::partial()    masks randomForestSRC::partial()
✖ purrr::when()       masks foreach::when()
ℹ Use the [conflicted package](http://conflicted.r-lib.org/) to force all conflicts to become errors
[1] "[Analysis setting]"
[1] "n.cpus: 8"
[1] "method: nonpara"
[1] "taus: 0.1, 0.2, 0.3, 0.4, 0.5"
[1] "thetas: 0.1, 0.2, 0.3, 0.4, 0.5, 0.6, 0.7, 0.8, 0.9"
[1] "r: 100"
[1] "m: 100"
[1] "N_total: 1235"
[1] "cluster size dist'n: "

 5  6  7  8  9 10 11 12 13 14 15 16 17 18 19 20 
 8  5  3  9  8  5  7  2  9  9  6  8  5  6  5  5 
[1] "observed time summary: "
   Min. 1st Qu.  Median    Mean 3rd Qu.    Max. 
0.00000 0.04375 0.39378 0.64125 1.00000 4.78394 
[1] "event indicator table: "

  0   1 
750 485 
[1] "treatment indicator table: "

  0   1 
439 796 
[1] ""
[1] "Estimation start"
[1] "   Split: 1"
Note: Using an external vector in selections is ambiguous.
ℹ Use `all_of(X.T.names)` instead of `X.T.names` to silence this message.
ℹ See <https://tidyselect.r-lib.org/reference/faq-external-vector.html>.
This message is displayed once per session.
Note: Using an external vector in selections is ambiguous.
ℹ Use `all_of(X.C.names)` instead of `X.C.names` to silence this message.
ℹ See <https://tidyselect.r-lib.org/reference/faq-external-vector.html>.
This message is displayed once per session.
Note: Using an external vector in selections is ambiguous.
ℹ Use `all_of(X.A.names)` instead of `X.A.names` to silence this message.
ℹ See <https://tidyselect.r-lib.org/reference/faq-external-vector.html>.
This message is displayed once per session.

Running BART with binary y

number of trees: 25
number of chains: 1, number of threads 1
tree thinning rate: 1
Prior:
	prior on k: chi with 1.250000 degrees of freedom and inf scale
	power and base for tree prior: 2.000000 0.950000
	use quantiles for rule cut points: false
	proposal probabilities: birth/death 0.50, swap 0.10, change 0.40; birth 0.50
data:
	number of training observations: 618
	number of test observations: 0
	number of explanatory variables: 15

Cutoff rules c in x<=c vs x>c
Number of cutoffs: (var: number of possible c):
(1: 100) (2: 100) (3: 100) (4: 100) (5: 100) 
(6: 100) (7: 100) (8: 100) (9: 100) (10: 100) 
(11: 100) (12: 100) (13: 100) (14: 100) (15: 100) 

[1] "     Cluster: 2"
[1] "     Cluster: 3"
[1] "     Cluster: 4"
[1] "     Cluster: 7"
[1] "     Cluster: 10"
[1] "     Cluster: 11"
[1] "     Cluster: 12"
[1] "     Cluster: 13"
[1] "     Cluster: 15"
[1] "     Cluster: 17"
[1] "     Cluster: 21"
[1] "     Cluster: 22"
[1] "     Cluster: 23"
[1] "     Cluster: 24"
[1] "     Cluster: 25"
[1] "     Cluster: 29"
[1] "     Cluster: 31"
[1] "     Cluster: 34"
[1] "     Cluster: 35"
[1] "     Cluster: 36"
[1] "     Cluster: 37"
[1] "     Cluster: 38"
[1] "     Cluster: 39"
[1] "     Cluster: 40"
[1] "     Cluster: 41"
[1] "     Cluster: 43"
[1] "     Cluster: 44"
[1] "     Cluster: 47"
[1] "     Cluster: 53"
[1] "     Cluster: 54"
[1] "     Cluster: 55"
[1] "     Cluster: 56"
[1] "     Cluster: 58"
[1] "     Cluster: 61"
[1] "     Cluster: 62"
[1] "     Cluster: 66"
[1] "     Cluster: 67"
[1] "     Cluster: 70"
[1] "     Cluster: 72"
[1] "     Cluster: 74"
[1] "     Cluster: 76"
[1] "     Cluster: 79"
[1] "     Cluster: 84"
[1] "     Cluster: 85"
[1] "     Cluster: 89"
[1] "     Cluster: 90"
[1] "     Cluster: 91"
[1] "     Cluster: 92"
[1] "     Cluster: 97"
[1] "     Cluster: 99"
[1] "   Split: 2"

Running BART with binary y

number of trees: 25
number of chains: 1, number of threads 1
tree thinning rate: 1
Prior:
	prior on k: chi with 1.250000 degrees of freedom and inf scale
	power and base for tree prior: 2.000000 0.950000
	use quantiles for rule cut points: false
	proposal probabilities: birth/death 0.50, swap 0.10, change 0.40; birth 0.50
data:
	number of training observations: 617
	number of test observations: 0
	number of explanatory variables: 15

Cutoff rules c in x<=c vs x>c
Number of cutoffs: (var: number of possible c):
(1: 100) (2: 100) (3: 100) (4: 100) (5: 100) 
(6: 100) (7: 100) (8: 100) (9: 100) (10: 100) 
(11: 100) (12: 100) (13: 100) (14: 100) (15: 100) 

[1] "     Cluster: 1"
[1] "     Cluster: 5"
[1] "     Cluster: 6"
[1] "     Cluster: 8"
[1] "     Cluster: 9"
[1] "     Cluster: 14"
[1] "     Cluster: 16"
[1] "     Cluster: 18"
[1] "     Cluster: 19"
[1] "     Cluster: 20"
[1] "     Cluster: 26"
[1] "     Cluster: 27"
[1] "     Cluster: 28"
[1] "     Cluster: 30"
[1] "     Cluster: 32"
[1] "     Cluster: 33"
[1] "     Cluster: 42"
[1] "     Cluster: 45"
[1] "     Cluster: 46"
[1] "     Cluster: 48"
[1] "     Cluster: 49"
[1] "     Cluster: 50"
[1] "     Cluster: 51"
[1] "     Cluster: 52"
[1] "     Cluster: 57"
[1] "     Cluster: 59"
[1] "     Cluster: 60"
[1] "     Cluster: 63"
[1] "     Cluster: 64"
[1] "     Cluster: 65"
[1] "     Cluster: 68"
[1] "     Cluster: 69"
[1] "     Cluster: 71"
[1] "     Cluster: 73"
[1] "     Cluster: 75"
[1] "     Cluster: 77"
[1] "     Cluster: 78"
[1] "     Cluster: 80"
[1] "     Cluster: 81"
[1] "     Cluster: 82"
[1] "     Cluster: 83"
[1] "     Cluster: 86"
[1] "     Cluster: 87"
[1] "     Cluster: 88"
[1] "     Cluster: 93"
[1] "     Cluster: 94"
[1] "     Cluster: 95"
[1] "     Cluster: 96"
[1] "     Cluster: 98"
[1] "     Cluster: 100"
[1] ""
[1] "IF for proposed nonparametric estimator computed."
`summarise()` has grouped output by 'theta', 'tau'. You can override using the
`.groups` argument.
`summarise()` has grouped output by 'theta'. You can override using the
`.groups` argument.
`summarise()` has grouped output by 'theta', 'tau'. You can override using the
`.groups` argument.
`summarise()` has grouped output by 'theta'. You can override using the
`.groups` argument.
`summarise()` has grouped output by 'theta', 'tau'. You can override using the
`.groups` argument.
`summarise()` has grouped output by 'theta'. You can override using the
`.groups` argument.
`summarise()` has grouped output by 'theta', 'tau'. You can override using the
`.groups` argument.
`summarise()` has grouped output by 'theta'. You can override using the
`.groups` argument.
`summarise()` has grouped output by 'theta', 'tau'. You can override using the
`.groups` argument.
`summarise()` has grouped output by 'theta'. You can override using the
`.groups` argument.
`summarise()` has grouped output by 'theta', 'tau'. You can override using the
`.groups` argument.
`summarise()` has grouped output by 'theta'. You can override using the
`.groups` argument.
`summarise()` has grouped output by 'theta', 'tau'. You can override using the
`.groups` argument.
`summarise()` has grouped output by 'theta'. You can override using the
`.groups` argument.
`summarise()` has grouped output by 'theta', 'tau'. You can override using the
`.groups` argument.
`summarise()` has grouped output by 'theta'. You can override using the
`.groups` argument.
[1] ""
[1] "Total run time was 79.005 seconds"
[1] "Estimation result: "
# A tibble: 360 × 5
   estimand theta   tau   est     se
   <chr>    <dbl> <dbl> <dbl>  <dbl>
 1 mu         0.1   0.1 0.467 0.117 
 2 mu         0.1   0.2 0.523 0.145 
 3 mu         0.1   0.3 0.643 0.141 
 4 mu         0.1   0.4 0.646 0.121 
 5 mu         0.1   0.5 0.667 0.0990
 6 mu         0.2   0.1 0.400 0.0875
 7 mu         0.2   0.2 0.461 0.107 
 8 mu         0.2   0.3 0.533 0.0962
 9 mu         0.2   0.4 0.550 0.0796
10 mu         0.2   0.5 0.597 0.0567
# ℹ 350 more rows
[1] ""
[1] "OR weights"
`summarise()` has grouped output by 'estimand'. You can override using the
`.groups` argument.
# A tibble: 27 × 6
# Groups:   estimand [3]
   estimand theta mean_value median_value min_value max_value
   <fct>    <dbl>      <dbl>        <dbl>     <dbl>     <dbl>
 1 mu         0.1      0.914        0.761    0.0201      8.24
 2 mu         0.2      0.932        0.900    0.208       2.79
 3 mu         0.3      0.948        0.950    0.473       1.63
 4 mu         0.4      0.963        0.976    0.714       1.31
 5 mu         0.5      0.980        0.994    0.762       1.16
 6 mu         0.6      0.998        1        0.872       1.12
 7 mu         0.7      1.01         1.01     0.803       1.18
 8 mu         0.8      1.02         1        0.796       1.27
 9 mu         0.9      1.01         1        0.666       1.50
10 mu_1       0.1      0.955        0.968    0.0568      4.14
11 mu_1       0.2      0.954        0.972    0.360       1.87
12 mu_1       0.3      0.956        0.973    0.638       1.50
13 mu_1       0.4      0.971        0.985    0.725       1.23
14 mu_1       0.5      0.987        1        0.769       1.17
15 mu_1       0.6      1.00         1        0.840       1.12
16 mu_1       0.7      1.02         1.01     0.805       1.22
17 mu_1       0.8      1.02         1.00     0.785       1.29
18 mu_1       0.9      1.01         1        0.632       1.50
19 mu_0       0.1      0.909        0.734    0.0160      8.98
20 mu_0       0.2      0.927        0.892    0.171       3.02
21 mu_0       0.3      0.945        0.957    0.401       1.69
22 mu_0       0.4      0.958        0.983    0.670       1.40
23 mu_0       0.5      0.973        0.989    0.730       1.18
24 mu_0       0.6      0.989        1        0.819       1.15
25 mu_0       0.7      1.01         1        0.797       1.15
26 mu_0       0.8      1.02         1.01     0.820       1.26
27 mu_0       0.9      1.03         1.00     0.716       1.46
[1] ""
[1] "IPCW weights"
`summarise()` has grouped output by 'estimand'. You can override using the
`.groups` argument.
# A tibble: 27 × 6
# Groups:   estimand [3]
   estimand theta mean_value median_value min_value max_value
   <fct>    <dbl>      <dbl>        <dbl>     <dbl>     <dbl>
 1 mu         0.1      0.490    0.0000796  2.48e-13     23.4 
 2 mu         0.2      1.01     0.00796    5.69e- 9     32.0 
 3 mu         0.3      1.13     0.0997     1.66e- 6     14.6 
 4 mu         0.4      1.06     0.372      9.32e- 5      7.88
 5 mu         0.5      0.969    0.799      2.12e- 3      5.06
 6 mu         0.6      0.936    0.923      2.64e- 2      2.60
 7 mu         0.7      0.996    1.08       5.60e- 4      2.41
 8 mu         0.8      1.16     0.868      1.91e- 6      4.70
 9 mu         0.9      1.22     0.163      8.30e-11      9.65
10 mu_1       0.1      0.993    0.000620   2.21e-12     39.1 
11 mu_1       0.2      1.23     0.0245     2.85e- 8     26.7 
12 mu_1       0.3      1.15     0.215      5.54e- 6      9.61
13 mu_1       0.4      1.03     0.676      2.33e- 4      7.66
14 mu_1       0.5      0.946    0.885      4.24e- 3      3.93
15 mu_1       0.6      0.937    0.863      7.33e- 3      2.60
16 mu_1       0.7      1.02     1.17       1.33e- 4      2.75
17 mu_1       0.8      1.19     0.707      3.98e- 7      5.42
18 mu_1       0.9      1.22     0.113      1.54e-11      9.90
19 mu_0       0.1      0.434    0.0000307  0            21.7 
20 mu_0       0.2      0.957    0.00391    0            33.4 
21 mu_0       0.3      1.12     0.0340     0            17.4 
22 mu_0       0.4      1.08     0.191      0             8.03
23 mu_0       0.5      0.992    0.566      0             6.18
24 mu_0       0.6      0.935    0.863      0             2.93
25 mu_0       0.7      0.939    0.965      0             2.47
26 mu_0       0.8      1.05     1.06       0             4.03
27 mu_0       0.9      1.27     0.305      0             7.42
[1] "Total run time was 81.421 seconds"
