
Attaching package: ‘dplyr’

The following objects are masked from ‘package:stats’:

    filter, lag

The following objects are masked from ‘package:base’:

    intersect, setdiff, setequal, union

Loading required package: foreach
Loading required package: iterators
Loading required package: parallel

 randomForestSRC 3.2.2 
 
 Type rfsrc.news() to see new features, changes, and bug fixes. 
 

── Attaching core tidyverse packages ──────────────────────── tidyverse 2.0.0 ──
✔ forcats   1.0.0     ✔ readr     2.1.4
✔ ggplot2   3.3.6     ✔ stringr   1.5.1
✔ lubridate 1.9.3     ✔ tibble    3.2.1
✔ purrr     0.3.5     ✔ tidyr     1.2.1
── Conflicts ────────────────────────────────────────── tidyverse_conflicts() ──
✖ purrr::accumulate() masks foreach::accumulate()
✖ tidyr::extract()    masks dbarts::extract()
✖ dplyr::filter()     masks stats::filter()
✖ dplyr::lag()        masks stats::lag()
✖ purrr::partial()    masks randomForestSRC::partial()
✖ purrr::when()       masks foreach::when()
ℹ Use the [conflicted package](http://conflicted.r-lib.org/) to force all conflicts to become errors
[1] "[Analysis setting]"
[1] "n.cpus: 8"
[1] "method: nonpara"
[1] "taus: 0.1, 0.2, 0.3, 0.4, 0.5"
[1] "thetas: 0.1, 0.2, 0.3, 0.4, 0.5, 0.6, 0.7, 0.8, 0.9"
[1] "r: 100"
[1] "m: 100"
[1] "N_total: 1245"
[1] "cluster size dist'n: "

 5  6  7  8  9 10 11 12 13 14 15 16 17 18 19 20 
 6  4  7  6  5  8  8  6  8  4  9  6  8  5  8  2 
[1] "observed time summary: "
   Min. 1st Qu.  Median    Mean 3rd Qu.    Max. 
0.00000 0.02989 0.35854 0.62008 1.00000 5.00000 
[1] "event indicator table: "

  0   1 
735 510 
[1] "treatment indicator table: "

  0   1 
440 805 
[1] ""
[1] "Estimation start"
[1] "   Split: 1"
Note: Using an external vector in selections is ambiguous.
ℹ Use `all_of(X.T.names)` instead of `X.T.names` to silence this message.
ℹ See <https://tidyselect.r-lib.org/reference/faq-external-vector.html>.
This message is displayed once per session.
Note: Using an external vector in selections is ambiguous.
ℹ Use `all_of(X.C.names)` instead of `X.C.names` to silence this message.
ℹ See <https://tidyselect.r-lib.org/reference/faq-external-vector.html>.
This message is displayed once per session.
Note: Using an external vector in selections is ambiguous.
ℹ Use `all_of(X.A.names)` instead of `X.A.names` to silence this message.
ℹ See <https://tidyselect.r-lib.org/reference/faq-external-vector.html>.
This message is displayed once per session.

Running BART with binary y

number of trees: 25
number of chains: 1, number of threads 1
tree thinning rate: 1
Prior:
	prior on k: chi with 1.250000 degrees of freedom and inf scale
	power and base for tree prior: 2.000000 0.950000
	use quantiles for rule cut points: false
	proposal probabilities: birth/death 0.50, swap 0.10, change 0.40; birth 0.50
data:
	number of training observations: 628
	number of test observations: 0
	number of explanatory variables: 15

Cutoff rules c in x<=c vs x>c
Number of cutoffs: (var: number of possible c):
(1: 100) (2: 100) (3: 100) (4: 100) (5: 100) 
(6: 100) (7: 100) (8: 100) (9: 100) (10: 100) 
(11: 100) (12: 100) (13: 100) (14: 100) (15: 100) 

[1] "     Cluster: 7"
[1] "     Cluster: 8"
[1] "     Cluster: 10"
[1] "     Cluster: 11"
[1] "     Cluster: 13"
[1] "     Cluster: 15"
[1] "     Cluster: 20"
[1] "     Cluster: 22"
[1] "     Cluster: 24"
[1] "     Cluster: 26"
[1] "     Cluster: 27"
[1] "     Cluster: 32"
[1] "     Cluster: 33"
[1] "     Cluster: 34"
[1] "     Cluster: 35"
[1] "     Cluster: 36"
[1] "     Cluster: 37"
[1] "     Cluster: 39"
[1] "     Cluster: 40"
[1] "     Cluster: 41"
[1] "     Cluster: 43"
[1] "     Cluster: 45"
[1] "     Cluster: 46"
[1] "     Cluster: 50"
[1] "     Cluster: 53"
[1] "     Cluster: 55"
[1] "     Cluster: 57"
[1] "     Cluster: 61"
[1] "     Cluster: 65"
[1] "     Cluster: 66"
[1] "     Cluster: 67"
[1] "     Cluster: 68"
[1] "     Cluster: 69"
[1] "     Cluster: 70"
[1] "     Cluster: 73"
[1] "     Cluster: 75"
[1] "     Cluster: 76"
[1] "     Cluster: 79"
[1] "     Cluster: 80"
[1] "     Cluster: 83"
[1] "     Cluster: 84"
[1] "     Cluster: 85"
[1] "     Cluster: 86"
[1] "     Cluster: 87"
[1] "     Cluster: 89"
[1] "     Cluster: 93"
[1] "     Cluster: 94"
[1] "     Cluster: 96"
[1] "     Cluster: 97"
[1] "     Cluster: 99"
[1] "   Split: 2"

Running BART with binary y

number of trees: 25
number of chains: 1, number of threads 1
tree thinning rate: 1
Prior:
	prior on k: chi with 1.250000 degrees of freedom and inf scale
	power and base for tree prior: 2.000000 0.950000
	use quantiles for rule cut points: false
	proposal probabilities: birth/death 0.50, swap 0.10, change 0.40; birth 0.50
data:
	number of training observations: 617
	number of test observations: 0
	number of explanatory variables: 15

Cutoff rules c in x<=c vs x>c
Number of cutoffs: (var: number of possible c):
(1: 100) (2: 100) (3: 100) (4: 100) (5: 100) 
(6: 100) (7: 100) (8: 100) (9: 100) (10: 100) 
(11: 100) (12: 100) (13: 100) (14: 100) (15: 100) 

[1] "     Cluster: 1"
[1] "     Cluster: 2"
[1] "     Cluster: 3"
[1] "     Cluster: 4"
[1] "     Cluster: 5"
[1] "     Cluster: 6"
[1] "     Cluster: 9"
[1] "     Cluster: 12"
[1] "     Cluster: 14"
[1] "     Cluster: 16"
[1] "     Cluster: 17"
[1] "     Cluster: 18"
[1] "     Cluster: 19"
[1] "     Cluster: 21"
[1] "     Cluster: 23"
[1] "     Cluster: 25"
[1] "     Cluster: 28"
[1] "     Cluster: 29"
[1] "     Cluster: 30"
[1] "     Cluster: 31"
[1] "     Cluster: 38"
[1] "     Cluster: 42"
[1] "     Cluster: 44"
[1] "     Cluster: 47"
[1] "     Cluster: 48"
[1] "     Cluster: 49"
[1] "     Cluster: 51"
[1] "     Cluster: 52"
[1] "     Cluster: 54"
[1] "     Cluster: 56"
[1] "     Cluster: 58"
[1] "     Cluster: 59"
[1] "     Cluster: 60"
[1] "     Cluster: 62"
[1] "     Cluster: 63"
[1] "     Cluster: 64"
[1] "     Cluster: 71"
[1] "     Cluster: 72"
[1] "     Cluster: 74"
[1] "     Cluster: 77"
[1] "     Cluster: 78"
[1] "     Cluster: 81"
[1] "     Cluster: 82"
[1] "     Cluster: 88"
[1] "     Cluster: 90"
[1] "     Cluster: 91"
[1] "     Cluster: 92"
[1] "     Cluster: 95"
[1] "     Cluster: 98"
[1] "     Cluster: 100"
[1] ""
[1] "IF for proposed nonparametric estimator computed."
`summarise()` has grouped output by 'theta', 'tau'. You can override using the
`.groups` argument.
`summarise()` has grouped output by 'theta'. You can override using the
`.groups` argument.
`summarise()` has grouped output by 'theta', 'tau'. You can override using the
`.groups` argument.
`summarise()` has grouped output by 'theta'. You can override using the
`.groups` argument.
`summarise()` has grouped output by 'theta', 'tau'. You can override using the
`.groups` argument.
`summarise()` has grouped output by 'theta'. You can override using the
`.groups` argument.
`summarise()` has grouped output by 'theta', 'tau'. You can override using the
`.groups` argument.
`summarise()` has grouped output by 'theta'. You can override using the
`.groups` argument.
`summarise()` has grouped output by 'theta', 'tau'. You can override using the
`.groups` argument.
`summarise()` has grouped output by 'theta'. You can override using the
`.groups` argument.
`summarise()` has grouped output by 'theta', 'tau'. You can override using the
`.groups` argument.
`summarise()` has grouped output by 'theta'. You can override using the
`.groups` argument.
`summarise()` has grouped output by 'theta', 'tau'. You can override using the
`.groups` argument.
`summarise()` has grouped output by 'theta'. You can override using the
`.groups` argument.
`summarise()` has grouped output by 'theta', 'tau'. You can override using the
`.groups` argument.
`summarise()` has grouped output by 'theta'. You can override using the
`.groups` argument.
[1] ""
[1] "Total run time was 111.485 seconds"
[1] "Estimation result: "
# A tibble: 360 × 5
   estimand theta   tau   est     se
   <chr>    <dbl> <dbl> <dbl>  <dbl>
 1 mu         0.1   0.1 0.341 0.0549
 2 mu         0.1   0.2 0.494 0.0643
 3 mu         0.1   0.3 0.568 0.0892
 4 mu         0.1   0.4 0.641 0.0857
 5 mu         0.1   0.5 0.704 0.0981
 6 mu         0.2   0.1 0.302 0.0450
 7 mu         0.2   0.2 0.445 0.0440
 8 mu         0.2   0.3 0.489 0.0631
 9 mu         0.2   0.4 0.581 0.0557
10 mu         0.2   0.5 0.672 0.0896
# ℹ 350 more rows
[1] ""
[1] "OR weights"
`summarise()` has grouped output by 'estimand'. You can override using the
`.groups` argument.
# A tibble: 27 × 6
# Groups:   estimand [3]
   estimand theta mean_value median_value  min_value max_value
   <fct>    <dbl>      <dbl>        <dbl>      <dbl>     <dbl>
 1 mu         0.1      0.489        0.323 0.00000418      2.61
 2 mu         0.2      0.720        0.681 0.00162         2.36
 3 mu         0.3      0.871        0.901 0.0323          3.36
 4 mu         0.4      0.951        0.974 0.180           2.74
 5 mu         0.5      0.986        0.978 0.486           2.27
 6 mu         0.6      0.999        0.994 0.756           1.54
 7 mu         0.7      1.00         1     0.711           1.45
 8 mu         0.8      1.00         1     0.707           1.54
 9 mu         0.9      1.02         0.995 0.246           3.31
10 mu_1       0.1      0.657        0.621 0.0000221       2.69
11 mu_1       0.2      0.832        0.886 0.00434         3.35
12 mu_1       0.3      0.928        0.958 0.0587          3.38
13 mu_1       0.4      0.976        0.996 0.255           2.56
14 mu_1       0.5      0.995        0.975 0.579           2.09
15 mu_1       0.6      1.00         0.994 0.731           1.53
16 mu_1       0.7      1.00         1.00  0.711           1.42
17 mu_1       0.8      1.00         1     0.668           1.61
18 mu_1       0.9      1.02         0.994 0.218           3.56
19 mu_0       0.1      0.470        0.281 0.00000218      2.83
20 mu_0       0.2      0.692        0.640 0.000941        2.22
21 mu_0       0.3      0.846        0.876 0.0209          3.35
22 mu_0       0.4      0.935        0.947 0.131           3.00
23 mu_0       0.5      0.976        0.986 0.394           2.45
24 mu_0       0.6      0.994        0.982 0.730           1.76
25 mu_0       0.7      1.00         1     0.713           1.51
26 mu_0       0.8      1.01         1.02  0.700           1.31
27 mu_0       0.9      1.00         1     0.494           1.97
[1] ""
[1] "IPCW weights"
`summarise()` has grouped output by 'estimand'. You can override using the
`.groups` argument.
# A tibble: 27 × 6
# Groups:   estimand [3]
   estimand theta mean_value median_value min_value max_value
   <fct>    <dbl>      <dbl>        <dbl>     <dbl>     <dbl>
 1 mu         0.1      17.6     0.000115   6.25e-16   1168.  
 2 mu         0.2      79.1     0.0111     1.12e-10   7186.  
 3 mu         0.3      92.5     0.0943     1.11e- 7   8415.  
 4 mu         0.4      47.2     0.361      1.47e- 5   4097.  
 5 mu         0.5      13.1     0.852      6.54e- 4    974.  
 6 mu         0.6       2.91    1.02       1.45e- 2    107.  
 7 mu         0.7       1.48    1.03       1.06e- 2      6.21
 8 mu         0.8       1.81    0.857      1.60e- 4     20.0 
 9 mu         0.9       3.01    0.160      5.52e- 8     93.8 
10 mu_1       0.1      33.1     0.000552   0          3074.  
11 mu_1       0.2     101.      0.0270     0          9455.  
12 mu_1       0.3      81.0     0.198      0          7381.  
13 mu_1       0.4      31.6     0.542      0          2696.  
14 mu_1       0.5       7.64    0.862      0           513.  
15 mu_1       0.6       2.04    1.02       0            46.7 
16 mu_1       0.7       1.45    0.984      0             8.86
17 mu_1       0.8       1.91    0.701      0            23.8 
18 mu_1       0.9       3.11    0.112      0            99.1 
19 mu_0       0.1      15.8     0.0000579  0           956.  
20 mu_0       0.2      73.6     0.00408    0          6619.  
21 mu_0       0.3      97.5     0.0439     0          8858.  
22 mu_0       0.4      57.6     0.190      0          5032.  
23 mu_0       0.5      18.6     0.558      0          1435.  
24 mu_0       0.6       4.21    0.831      0           196.  
25 mu_0       0.7       1.57    1.08       0            10.1 
26 mu_0       0.8       1.39    1.02       0             9.28
27 mu_0       0.9       2.05    0.362      0            46.9 
[1] "Total run time was 114.72 seconds"
