
Attaching package: ‘dplyr’

The following objects are masked from ‘package:stats’:

    filter, lag

The following objects are masked from ‘package:base’:

    intersect, setdiff, setequal, union

Loading required package: foreach
Loading required package: iterators
Loading required package: parallel

 randomForestSRC 3.2.2 
 
 Type rfsrc.news() to see new features, changes, and bug fixes. 
 

── Attaching core tidyverse packages ──────────────────────── tidyverse 2.0.0 ──
✔ forcats   1.0.0     ✔ readr     2.1.4
✔ ggplot2   3.3.6     ✔ stringr   1.5.1
✔ lubridate 1.9.3     ✔ tibble    3.2.1
✔ purrr     0.3.5     ✔ tidyr     1.2.1
── Conflicts ────────────────────────────────────────── tidyverse_conflicts() ──
✖ purrr::accumulate() masks foreach::accumulate()
✖ tidyr::extract()    masks dbarts::extract()
✖ dplyr::filter()     masks stats::filter()
✖ dplyr::lag()        masks stats::lag()
✖ purrr::partial()    masks randomForestSRC::partial()
✖ purrr::when()       masks foreach::when()
ℹ Use the [conflicted package](http://conflicted.r-lib.org/) to force all conflicts to become errors
[1] "[Analysis setting]"
[1] "n.cpus: 8"
[1] "method: nonpara"
[1] "taus: 0.1, 0.2, 0.3, 0.4, 0.5"
[1] "thetas: 0.1, 0.2, 0.3, 0.4, 0.5, 0.6, 0.7, 0.8, 0.9"
[1] "r: 100"
[1] "m: 100"
[1] "N_total: 1324"
[1] "cluster size dist'n: "

 5  6  7  8  9 10 11 12 13 14 15 16 17 18 19 20 
 5  3  5  7  6  8  5  2  3  9 12  6  8  7  6  8 
[1] "observed time summary: "
   Min. 1st Qu.  Median    Mean 3rd Qu.    Max. 
0.00000 0.04158 0.36949 0.62479 1.00000 5.00000 
[1] "event indicator table: "

  0   1 
771 553 
[1] "treatment indicator table: "

  0   1 
505 819 
[1] ""
[1] "Estimation start"
[1] "   Split: 1"
Note: Using an external vector in selections is ambiguous.
ℹ Use `all_of(X.T.names)` instead of `X.T.names` to silence this message.
ℹ See <https://tidyselect.r-lib.org/reference/faq-external-vector.html>.
This message is displayed once per session.
Note: Using an external vector in selections is ambiguous.
ℹ Use `all_of(X.C.names)` instead of `X.C.names` to silence this message.
ℹ See <https://tidyselect.r-lib.org/reference/faq-external-vector.html>.
This message is displayed once per session.
Note: Using an external vector in selections is ambiguous.
ℹ Use `all_of(X.A.names)` instead of `X.A.names` to silence this message.
ℹ See <https://tidyselect.r-lib.org/reference/faq-external-vector.html>.
This message is displayed once per session.

Running BART with binary y

number of trees: 25
number of chains: 1, number of threads 1
tree thinning rate: 1
Prior:
	prior on k: chi with 1.250000 degrees of freedom and inf scale
	power and base for tree prior: 2.000000 0.950000
	use quantiles for rule cut points: false
	proposal probabilities: birth/death 0.50, swap 0.10, change 0.40; birth 0.50
data:
	number of training observations: 684
	number of test observations: 0
	number of explanatory variables: 15

Cutoff rules c in x<=c vs x>c
Number of cutoffs: (var: number of possible c):
(1: 100) (2: 100) (3: 100) (4: 100) (5: 100) 
(6: 100) (7: 100) (8: 100) (9: 100) (10: 100) 
(11: 100) (12: 100) (13: 100) (14: 100) (15: 100) 

[1] "     Cluster: 1"
[1] "     Cluster: 4"
[1] "     Cluster: 9"
[1] "     Cluster: 11"
[1] "     Cluster: 12"
[1] "     Cluster: 17"
[1] "     Cluster: 18"
[1] "     Cluster: 20"
[1] "     Cluster: 21"
[1] "     Cluster: 23"
[1] "     Cluster: 26"
[1] "     Cluster: 27"
[1] "     Cluster: 31"
[1] "     Cluster: 33"
[1] "     Cluster: 34"
[1] "     Cluster: 35"
[1] "     Cluster: 36"
[1] "     Cluster: 37"
[1] "     Cluster: 45"
[1] "     Cluster: 46"
[1] "     Cluster: 47"
[1] "     Cluster: 49"
[1] "     Cluster: 50"
[1] "     Cluster: 53"
[1] "     Cluster: 60"
[1] "     Cluster: 61"
[1] "     Cluster: 62"
[1] "     Cluster: 64"
[1] "     Cluster: 66"
[1] "     Cluster: 68"
[1] "     Cluster: 70"
[1] "     Cluster: 71"
[1] "     Cluster: 72"
[1] "     Cluster: 75"
[1] "     Cluster: 76"
[1] "     Cluster: 79"
[1] "     Cluster: 80"
[1] "     Cluster: 84"
[1] "     Cluster: 85"
[1] "     Cluster: 86"
[1] "     Cluster: 87"
[1] "     Cluster: 88"
[1] "     Cluster: 91"
[1] "     Cluster: 92"
[1] "     Cluster: 93"
[1] "     Cluster: 94"
[1] "     Cluster: 96"
[1] "     Cluster: 97"
[1] "     Cluster: 98"
[1] "     Cluster: 99"
[1] "   Split: 2"

Running BART with binary y

number of trees: 25
number of chains: 1, number of threads 1
tree thinning rate: 1
Prior:
	prior on k: chi with 1.250000 degrees of freedom and inf scale
	power and base for tree prior: 2.000000 0.950000
	use quantiles for rule cut points: false
	proposal probabilities: birth/death 0.50, swap 0.10, change 0.40; birth 0.50
data:
	number of training observations: 640
	number of test observations: 0
	number of explanatory variables: 15

Cutoff rules c in x<=c vs x>c
Number of cutoffs: (var: number of possible c):
(1: 100) (2: 100) (3: 100) (4: 100) (5: 100) 
(6: 100) (7: 100) (8: 100) (9: 100) (10: 100) 
(11: 100) (12: 100) (13: 100) (14: 100) (15: 100) 

[1] "     Cluster: 2"
[1] "     Cluster: 3"
[1] "     Cluster: 5"
[1] "     Cluster: 6"
[1] "     Cluster: 7"
[1] "     Cluster: 8"
[1] "     Cluster: 10"
[1] "     Cluster: 13"
[1] "     Cluster: 14"
[1] "     Cluster: 15"
[1] "     Cluster: 16"
[1] "     Cluster: 19"
[1] "     Cluster: 22"
[1] "     Cluster: 24"
[1] "     Cluster: 25"
[1] "     Cluster: 28"
[1] "     Cluster: 29"
[1] "     Cluster: 30"
[1] "     Cluster: 32"
[1] "     Cluster: 38"
[1] "     Cluster: 39"
[1] "     Cluster: 40"
[1] "     Cluster: 41"
[1] "     Cluster: 42"
[1] "     Cluster: 43"
[1] "     Cluster: 44"
[1] "     Cluster: 48"
[1] "     Cluster: 51"
[1] "     Cluster: 52"
[1] "     Cluster: 54"
[1] "     Cluster: 55"
[1] "     Cluster: 56"
[1] "     Cluster: 57"
[1] "     Cluster: 58"
[1] "     Cluster: 59"
[1] "     Cluster: 63"
[1] "     Cluster: 65"
[1] "     Cluster: 67"
[1] "     Cluster: 69"
[1] "     Cluster: 73"
[1] "     Cluster: 74"
[1] "     Cluster: 77"
[1] "     Cluster: 78"
[1] "     Cluster: 81"
[1] "     Cluster: 82"
[1] "     Cluster: 83"
[1] "     Cluster: 89"
[1] "     Cluster: 90"
[1] "     Cluster: 95"
[1] "     Cluster: 100"
[1] ""
[1] "IF for proposed nonparametric estimator computed."
`summarise()` has grouped output by 'theta', 'tau'. You can override using the
`.groups` argument.
`summarise()` has grouped output by 'theta'. You can override using the
`.groups` argument.
`summarise()` has grouped output by 'theta', 'tau'. You can override using the
`.groups` argument.
`summarise()` has grouped output by 'theta'. You can override using the
`.groups` argument.
`summarise()` has grouped output by 'theta', 'tau'. You can override using the
`.groups` argument.
`summarise()` has grouped output by 'theta'. You can override using the
`.groups` argument.
`summarise()` has grouped output by 'theta', 'tau'. You can override using the
`.groups` argument.
`summarise()` has grouped output by 'theta'. You can override using the
`.groups` argument.
`summarise()` has grouped output by 'theta', 'tau'. You can override using the
`.groups` argument.
`summarise()` has grouped output by 'theta'. You can override using the
`.groups` argument.
`summarise()` has grouped output by 'theta', 'tau'. You can override using the
`.groups` argument.
`summarise()` has grouped output by 'theta'. You can override using the
`.groups` argument.
`summarise()` has grouped output by 'theta', 'tau'. You can override using the
`.groups` argument.
`summarise()` has grouped output by 'theta'. You can override using the
`.groups` argument.
`summarise()` has grouped output by 'theta', 'tau'. You can override using the
`.groups` argument.
`summarise()` has grouped output by 'theta'. You can override using the
`.groups` argument.
[1] ""
[1] "Total run time was 88.649 seconds"
[1] "Estimation result: "
# A tibble: 360 × 5
   estimand theta   tau   est     se
   <chr>    <dbl> <dbl> <dbl>  <dbl>
 1 mu         0.1   0.1 0.301 0.111 
 2 mu         0.1   0.2 0.418 0.0963
 3 mu         0.1   0.3 0.509 0.0712
 4 mu         0.1   0.4 0.658 0.107 
 5 mu         0.1   0.5 0.639 0.0821
 6 mu         0.2   0.1 0.284 0.0622
 7 mu         0.2   0.2 0.384 0.0579
 8 mu         0.2   0.3 0.451 0.0467
 9 mu         0.2   0.4 0.554 0.0662
10 mu         0.2   0.5 0.552 0.0568
# ℹ 350 more rows
[1] ""
[1] "OR weights"
`summarise()` has grouped output by 'estimand'. You can override using the
`.groups` argument.
# A tibble: 27 × 6
# Groups:   estimand [3]
   estimand theta mean_value median_value min_value max_value
   <fct>    <dbl>      <dbl>        <dbl>     <dbl>     <dbl>
 1 mu         0.1      0.900        0.879   0.00183      5.77
 2 mu         0.2      0.992        0.998   0.0470       2.98
 3 mu         0.3      1.00         1       0.217        1.97
 4 mu         0.4      0.997        1       0.495        1.41
 5 mu         0.5      1.00         1.00    0.670        1.26
 6 mu         0.6      1.01         1       0.820        1.30
 7 mu         0.7      1.01         1       0.842        1.30
 8 mu         0.8      1.00         1.01    0.584        1.59
 9 mu         0.9      0.994        1       0.482        1.79
10 mu_1       0.1      0.967        1       0.00707      2.14
11 mu_1       0.2      1.00         1       0.0961       2.28
12 mu_1       0.3      0.997        1       0.321        1.76
13 mu_1       0.4      0.993        1       0.574        1.27
14 mu_1       0.5      1.00         1       0.759        1.28
15 mu_1       0.6      1.01         1       0.810        1.30
16 mu_1       0.7      1.01         1       0.859        1.35
17 mu_1       0.8      1.00         1.01    0.551        1.63
18 mu_1       0.9      0.993        1       0.463        1.79
19 mu_0       0.1      0.892        0.846   0.00125      6.24
20 mu_0       0.2      0.989        0.986   0.0347       3.36
21 mu_0       0.3      1.01         1       0.172        2.06
22 mu_0       0.4      1.00         1       0.421        1.53
23 mu_0       0.5      1.00         1       0.582        1.27
24 mu_0       0.6      1.01         1.00    0.765        1.30
25 mu_0       0.7      1.01         1.00    0.803        1.28
26 mu_0       0.8      1.01         1.00    0.718        1.45
27 mu_0       0.9      1.01         1       0.317        1.84
[1] ""
[1] "IPCW weights"
`summarise()` has grouped output by 'estimand'. You can override using the
`.groups` argument.
# A tibble: 27 × 6
# Groups:   estimand [3]
   estimand theta mean_value median_value min_value max_value
   <fct>    <dbl>      <dbl>        <dbl>     <dbl>     <dbl>
 1 mu         0.1      1.66     0.0000970  5.26e-17     73.3 
 2 mu         0.2      1.47     0.00830    2.45e-11     28.6 
 3 mu         0.3      1.23     0.0726     4.75e- 8     15.1 
 4 mu         0.4      1.05     0.399      9.64e- 6     10.4 
 5 mu         0.5      0.995    0.700      5.57e- 4      4.81
 6 mu         0.6      1.08     1.01       6.46e- 3      7.17
 7 mu         0.7      1.22     1.09       2.62e- 4      8.11
 8 mu         0.8      1.31     0.837      1.34e- 6     10.8 
 9 mu         0.9      1.49     0.101      1.16e-10     19.7 
10 mu_1       0.1      1.22     0.000361   0            26.1 
11 mu_1       0.2      1.25     0.0138     0            17.7 
12 mu_1       0.3      1.10     0.137      0            13.7 
13 mu_1       0.4      0.990    0.450      0             7.10
14 mu_1       0.5      0.987    0.830      0             4.37
15 mu_1       0.6      1.10     1.04       0             7.97
16 mu_1       0.7      1.23     1.10       0             7.73
17 mu_1       0.8      1.33     0.692      0            12.3 
18 mu_1       0.9      1.51     0.0743     0            20.0 
19 mu_0       0.1      1.70     0.0000395  0            81.5 
20 mu_0       0.2      1.52     0.00316    0            35.7 
21 mu_0       0.3      1.28     0.0324     0            15.7 
22 mu_0       0.4      1.08     0.254      0            12.6 
23 mu_0       0.5      1.00     0.606      0             6.88
24 mu_0       0.6      1.05     0.936      0             5.98
25 mu_0       0.7      1.19     1.11       0             9.02
26 mu_0       0.8      1.26     1.06       0             7.16
27 mu_0       0.9      1.36     0.310      0            16.4 
[1] "Total run time was 91.066 seconds"
