##############################################################
### Job started at Tue Dec 23 05:42:44 AM EST 2025 with m=200, r=100, CensoringRate=0.4 ###
##############################################################

Attaching package: ‘dplyr’

The following objects are masked from ‘package:stats’:

    filter, lag

The following objects are masked from ‘package:base’:

    intersect, setdiff, setequal, union

Warning message:
package ‘dplyr’ was built under R version 4.5.0 
Loading required package: foreach
Loading required package: iterators
Loading required package: parallel

 randomForestSRC 3.4.5 
 
 Type rfsrc.news() to see new features, changes, and bug fixes. 
 

[conflicted] Will prefer dplyr::select over any other package.
[conflicted] Will prefer dplyr::filter over any other package.
[conflicted] Will prefer reshape2::melt over any other package.
--- Target Censoring rate: 0.4 || Censoring factor: 0 --- 
Loading required package: Matrix

Attaching package: ‘Matrix’

The following objects are masked from ‘package:tidyr’:

    expand, pack, unpack

--- Censoring rate: 39.5% --- 
--- Desired censoring rate: 40% --- 

==========================================================================
===========================   Analysis setting  ==========================
==========================================================================

- taus: 0.2, 0.4 

- policy: TypeB 

- thetas: 0.3, 0.31, 0.32, 0.33, 0.34, 0.35, 0.36, 0.37, 0.38, 0.39, 0.4, 0.41, 0.42, 0.43, 0.44, 0.45, 0.46, 0.47, 0.48, 0.49, 0.5, 0.51, 0.52, 0.53, 0.54, 0.55, 0.56, 0.57, 0.58, 0.59, 0.6 

- r: 100 

- K: 2 

- Nuisance estimation method: T nonpara / C nonpara / A nonpara 

- m: 200 

- N_total: 2362 

- cluster size dist'n: 
 5  6  7  8  9 10 11 12 13 14 15 16 17 18 19 20 
12 16 13 12 17 13 12 19 15 15 11  6 13 11  9  6 

 - observed time summary: 
   Min. 1st Qu.  Median    Mean 3rd Qu.    Max. 
0.00000 0.02614 0.19411 0.54224 0.68625 7.64885 

 - event indicator table: 
   0    1 
 934 1428 

 - event time summary: 
   Min. 1st Qu.  Median    Mean 3rd Qu.    Max. 
0.00000 0.02134 0.17108 0.49598 0.62360 6.79089 

 - censoring time summary: 
   Min. 1st Qu.  Median    Mean 3rd Qu.    Max. 
0.00000 0.03399 0.22820 0.61296 0.78152 7.64885 

 - treatment indicator table: 
   0    1 
1250 1112 

==========================================================================
===========================   Estimation start  ==========================
==========================================================================

--- Split:1 ---

Running BART with binary y

number of trees: 25
number of chains: 1, default number of threads 1
tree thinning rate: 1
Prior:
	prior on k: chi with 1.250000 degrees of freedom and inf scale
	power and base for tree prior: 2.000000 0.950000
	use quantiles for rule cut points: false
	proposal probabilities: birth/death 0.50, swap 0.10, change 0.40; birth 0.50
data:
	number of training observations: 1186
	number of test observations: 0
	number of explanatory variables: 15

Cutoff rules c in x<=c vs x>c
Number of cutoffs: (var: number of possible c):
(1: 100) (2: 100) (3: 100) (4: 100) (5: 100) 
(6: 100) (7: 100) (8: 100) (9: 100) (10: 100) 
(11: 100) (12: 100) (13: 100) (14: 100) (15: 100) 


   [*---------] 10% | ET: 12.5s 
   [**--------] 20% | ET: 25.2s 
   [***-------] 30% | ET: 37.3s 
   [****------] 40% | ET: 49.5s 
   [*****-----] 50% | ET: 61.8s 
   [******----] 60% | ET: 75.1s 
   [*******---] 70% | ET: 88.4s 
   [********--] 80% | ET: 102.4s 
   [*********-] 90% | ET: 116.2s 
   [**********] 100% | ET: 129.1s 

--- Split:2 ---

Running BART with binary y

number of trees: 25
number of chains: 1, default number of threads 1
tree thinning rate: 1
Prior:
	prior on k: chi with 1.250000 degrees of freedom and inf scale
	power and base for tree prior: 2.000000 0.950000
	use quantiles for rule cut points: false
	proposal probabilities: birth/death 0.50, swap 0.10, change 0.40; birth 0.50
data:
	number of training observations: 1176
	number of test observations: 0
	number of explanatory variables: 15

Cutoff rules c in x<=c vs x>c
Number of cutoffs: (var: number of possible c):
(1: 100) (2: 100) (3: 100) (4: 100) (5: 100) 
(6: 100) (7: 100) (8: 100) (9: 100) (10: 100) 
(11: 100) (12: 100) (13: 100) (14: 100) (15: 100) 


   [*---------] 10% | ET: 11.3s 
   [**--------] 20% | ET: 24.6s 
   [***-------] 30% | ET: 38.7s 
   [****------] 40% | ET: 51.8s 
   [*****-----] 50% | ET: 64.8s 
   [******----] 60% | ET: 78.4s 
   [*******---] 70% | ET: 93.4s 
   [********--] 80% | ET: 107s 
   [*********-] 90% | ET: 121.4s 
   [**********] 100% | ET: 135.1s 

--- IF for proposed nonparametric estimator computed --- ET: 291.2 seconds
--- Estimator computed: mu --- ET: 0.4 seconds --- 
--- Estimator computed: mu_1 --- ET: 0.4 seconds --- 
--- Estimator computed: mu_0 --- ET: 0.4 seconds --- 
--- Estimator computed: de --- ET: 0.4 seconds --- 
--- Estimator computed: oe --- ET: 0.4 seconds --- 
--- Estimator computed: se_1 --- ET: 0.4 seconds --- 
--- Estimator computed: se_0 --- ET: 0.4 seconds --- 
--- Total run time: 295.4 seconds --- 
--- Total run time: 299.9 seconds --- 
\n###################################################
### Job finished at Tue Dec 23 05:47:44 AM EST 2025 ###
###################################################
