##############################################################
### Job started at Thu Jun  5 07:24:59 EDT 2025 with p=TypeB, m=200, r=100, s=42 ###
##############################################################

Attaching package: ‘dplyr’

The following objects are masked from ‘package:stats’:

    filter, lag

The following objects are masked from ‘package:base’:

    intersect, setdiff, setequal, union

Loading required package: foreach
Loading required package: iterators
Loading required package: parallel

 randomForestSRC 3.2.2 
 
 Type rfsrc.news() to see new features, changes, and bug fixes. 
 

[conflicted] Will prefer dplyr::select over any other package.
[conflicted] Will prefer dplyr::filter over any other package.
[conflicted] Will prefer reshape2::melt over any other package.
── Attaching core tidyverse packages ──────────────────────── tidyverse 2.0.0 ──
✔ forcats   1.0.0     ✔ readr     2.1.4
✔ ggplot2   3.5.2     ✔ stringr   1.5.1
✔ lubridate 1.9.3     ✔ tibble    3.2.1
✔ purrr     0.3.5     ✔ tidyr     1.2.1
# A tibble: 42 × 4
   theta   tau estimand   truth
   <dbl> <dbl> <chr>      <dbl>
 1  0.3    0.2 de       -0.284 
 2  0.3    0.2 mu        0.447 
 3  0.3    0.2 mu_0      0.532 
 4  0.3    0.2 mu_1      0.249 
 5  0.3    0.2 oe        0.0811
 6  0.3    0.2 se_0      0.0442
 7  0.3    0.2 se_1      0.0318
 8  0.45   0.2 de       -0.271 
 9  0.45   0.2 mu        0.366 
10  0.45   0.2 mu_0      0.488 
11  0.45   0.2 mu_1      0.217 
12  0.45   0.2 oe        0     
13  0.45   0.2 se_0      0     
14  0.45   0.2 se_1      0     
15  0.6    0.2 de       -0.264 
16  0.6    0.2 mu        0.300 
17  0.6    0.2 mu_0      0.458 
18  0.6    0.2 mu_1      0.194 
19  0.6    0.2 oe       -0.0662
20  0.6    0.2 se_0     -0.0298
21  0.6    0.2 se_1     -0.0225
22  0.3    0.4 de       -0.269 
23  0.3    0.4 mu        0.552 
24  0.3    0.4 mu_0      0.633 
25  0.3    0.4 mu_1      0.364 
26  0.3    0.4 oe        0.0829
27  0.3    0.4 se_0      0.0449
28  0.3    0.4 se_1      0.0395
29  0.45   0.4 de       -0.264 
30  0.45   0.4 mu        0.469 
31  0.45   0.4 mu_0      0.588 
32  0.45   0.4 mu_1      0.324 
33  0.45   0.4 oe        0     
34  0.45   0.4 se_0      0     
35  0.45   0.4 se_1      0     
36  0.6    0.4 de       -0.261 
37  0.6    0.4 mu        0.400 
38  0.6    0.4 mu_0      0.557 
39  0.6    0.4 mu_1      0.296 
40  0.6    0.4 oe       -0.0690
41  0.6    0.4 se_0     -0.0311
42  0.6    0.4 se_1     -0.0284
Loading required package: Matrix

Attaching package: ‘Matrix’

The following objects are masked from ‘package:tidyr’:

    expand, pack, unpack


==========================================================================
===========================   Analysis setting  ==========================
==========================================================================

- taus: 0.1, 0.2, 0.3, 0.4, 0.5 

- policy: TypeB 

- thetas: 0.3, 0.31, 0.32, 0.33, 0.34, 0.35, 0.36, 0.37, 0.38, 0.39, 0.4, 0.41, 0.42, 0.43, 0.44, 0.45, 0.46, 0.47, 0.48, 0.49, 0.5, 0.51, 0.52, 0.53, 0.54, 0.55, 0.56, 0.57, 0.58, 0.59, 0.6 

- r: 100 

- K: 2 

- Nuisance estimation method: T para / C para / A nonpara 

- m: 200 

- N_total: 2502 

- cluster size dist'n: 
 5  6  7  8  9 10 11 12 13 14 15 16 17 18 19 20 
12 13 16 11  9 12 12 14 12 13 14 13 12 13 11 13 

 - observed time summary: 
   Min. 1st Qu.  Median    Mean 3rd Qu.    Max. 
0.00000 0.01713 0.19074 0.58207 0.74382 9.03812 

 - event indicator table: 
   0    1 
 940 1562 

 - event time summary: 
   Min. 1st Qu.  Median    Mean 3rd Qu.    Max. 
0.00000 0.01134 0.16800 0.54145 0.66162 8.89819 

 - censoring time summary: 
   Min. 1st Qu.  Median    Mean 3rd Qu.    Max. 
0.00000 0.03512 0.24807 0.64958 0.86980 9.03812 

 - treatment indicator table: 
   0    1 
1363 1139 

==========================================================================
===========================   Estimation start  ==========================
==========================================================================

--- Split:1 ---

Running BART with binary y

number of trees: 25
number of chains: 1, number of threads 1
tree thinning rate: 1
Prior:
	prior on k: chi with 1.250000 degrees of freedom and inf scale
	power and base for tree prior: 2.000000 0.950000
	use quantiles for rule cut points: false
	proposal probabilities: birth/death 0.50, swap 0.10, change 0.40; birth 0.50
data:
	number of training observations: 1246
	number of test observations: 0
	number of explanatory variables: 15

Cutoff rules c in x<=c vs x>c
Number of cutoffs: (var: number of possible c):
(1: 100) (2: 100) (3: 100) (4: 100) (5: 100) 
(6: 100) (7: 100) (8: 100) (9: 100) (10: 100) 
(11: 100) (12: 100) (13: 100) (14: 100) (15: 100) 


   [*---------] 10% | ET: 11.6s 
   [**--------] 20% | ET: 23.5s 
   [***-------] 30% | ET: 34.6s 
   [****------] 40% | ET: 46.4s 
   [*****-----] 50% | ET: 57.3s 
   [******----] 60% | ET: 68.5s 
   [*******---] 70% | ET: 80.1s 
   [********--] 80% | ET: 91.7s 
   [*********-] 90% | ET: 104.2s 
   [**********] 100% | ET: 116.3s 

--- Split:2 ---

Running BART with binary y

number of trees: 25
number of chains: 1, number of threads 1
tree thinning rate: 1
Prior:
	prior on k: chi with 1.250000 degrees of freedom and inf scale
	power and base for tree prior: 2.000000 0.950000
	use quantiles for rule cut points: false
	proposal probabilities: birth/death 0.50, swap 0.10, change 0.40; birth 0.50
data:
	number of training observations: 1256
	number of test observations: 0
	number of explanatory variables: 15

Cutoff rules c in x<=c vs x>c
Number of cutoffs: (var: number of possible c):
(1: 100) (2: 100) (3: 100) (4: 100) (5: 100) 
(6: 100) (7: 100) (8: 100) (9: 100) (10: 100) 
(11: 100) (12: 100) (13: 100) (14: 100) (15: 100) 


   [*---------] 10% | ET: 10.1s 
   [**--------] 20% | ET: 20.3s 
   [***-------] 30% | ET: 32.3s 
   [****------] 40% | ET: 43.4s 
   [*****-----] 50% | ET: 55.5s 
   [******----] 60% | ET: 66.7s 
   [*******---] 70% | ET: 77.9s 
   [********--] 80% | ET: 89.4s 
   [*********-] 90% | ET: 101.6s 
   [**********] 100% | ET: 113.3s 

--- IF for proposed nonparametric estimator computed --- ET: 232.7 seconds
--- Estimator computed: mu --- ET: 1.1 seconds --- 
--- Estimator computed: mu_1 --- ET: 1 seconds --- 
--- Estimator computed: mu_0 --- ET: 0.7 seconds --- 
--- Estimator computed: de --- ET: 0.7 seconds --- 
--- Estimator computed: oe --- ET: 0.7 seconds --- 
--- Estimator computed: se_1 --- ET: 0.7 seconds --- 
--- Estimator computed: se_0 --- ET: 0.8 seconds --- 
--- Total run time: 240.4 seconds --- 
--- Total run time: 251.7 seconds --- ###################################################
### Job finished at Thu Jun  5 07:29:11 EDT 2025 ###
###################################################
