##############################################################
### Job started at Thu Jun  5 07:24:59 EDT 2025 with p=TypeB, m=200, r=100, s=42 ###
##############################################################

Attaching package: ‘dplyr’

The following objects are masked from ‘package:stats’:

    filter, lag

The following objects are masked from ‘package:base’:

    intersect, setdiff, setequal, union

Loading required package: foreach
Loading required package: iterators
Loading required package: parallel

 randomForestSRC 3.2.2 
 
 Type rfsrc.news() to see new features, changes, and bug fixes. 
 

[conflicted] Will prefer dplyr::select over any other package.
[conflicted] Will prefer dplyr::filter over any other package.
[conflicted] Will prefer reshape2::melt over any other package.
── Attaching core tidyverse packages ──────────────────────── tidyverse 2.0.0 ──
✔ forcats   1.0.0     ✔ readr     2.1.4
✔ ggplot2   3.5.2     ✔ stringr   1.5.1
✔ lubridate 1.9.3     ✔ tibble    3.2.1
✔ purrr     0.3.5     ✔ tidyr     1.2.1
# A tibble: 42 × 4
   theta   tau estimand   truth
   <dbl> <dbl> <chr>      <dbl>
 1  0.3    0.2 de       -0.294 
 2  0.3    0.2 mu        0.474 
 3  0.3    0.2 mu_0      0.562 
 4  0.3    0.2 mu_1      0.268 
 5  0.3    0.2 oe        0.0819
 6  0.3    0.2 se_0      0.0418
 7  0.3    0.2 se_1      0.0331
 8  0.45   0.2 de       -0.285 
 9  0.45   0.2 mu        0.392 
10  0.45   0.2 mu_0      0.520 
11  0.45   0.2 mu_1      0.235 
12  0.45   0.2 oe        0     
13  0.45   0.2 se_0      0     
14  0.45   0.2 se_1      0     
15  0.6    0.2 de       -0.273 
16  0.6    0.2 mu        0.319 
17  0.6    0.2 mu_0      0.483 
18  0.6    0.2 mu_1      0.210 
19  0.6    0.2 oe       -0.0725
20  0.6    0.2 se_0     -0.0368
21  0.6    0.2 se_1     -0.0250
22  0.3    0.4 de       -0.274 
23  0.3    0.4 mu        0.581 
24  0.3    0.4 mu_0      0.663 
25  0.3    0.4 mu_1      0.389 
26  0.3    0.4 oe        0.0821
27  0.3    0.4 se_0      0.0415
28  0.3    0.4 se_1      0.0405
29  0.45   0.4 de       -0.273 
30  0.45   0.4 mu        0.498 
31  0.45   0.4 mu_0      0.621 
32  0.45   0.4 mu_1      0.348 
33  0.45   0.4 oe        0     
34  0.45   0.4 se_0      0     
35  0.45   0.4 se_1      0     
36  0.6    0.4 de       -0.265 
37  0.6    0.4 mu        0.423 
38  0.6    0.4 mu_0      0.582 
39  0.6    0.4 mu_1      0.317 
40  0.6    0.4 oe       -0.0755
41  0.6    0.4 se_0     -0.0391
42  0.6    0.4 se_1     -0.0315
Loading required package: Matrix

Attaching package: ‘Matrix’

The following objects are masked from ‘package:tidyr’:

    expand, pack, unpack


==========================================================================
===========================   Analysis setting  ==========================
==========================================================================

- taus: 0.1, 0.2, 0.3, 0.4, 0.5 

- policy: TypeB 

- thetas: 0.3, 0.31, 0.32, 0.33, 0.34, 0.35, 0.36, 0.37, 0.38, 0.39, 0.4, 0.41, 0.42, 0.43, 0.44, 0.45, 0.46, 0.47, 0.48, 0.49, 0.5, 0.51, 0.52, 0.53, 0.54, 0.55, 0.56, 0.57, 0.58, 0.59, 0.6 

- r: 100 

- K: 2 

- Nuisance estimation method: T para / C para / A nonpara 

- m: 200 

- N_total: 2545 

- cluster size dist'n: 
 5  6  7  8  9 10 11 12 13 14 15 16 17 18 19 20 
17 12  4 12 10 17  7 12  6 15 24 19 16  7  7 15 

 - observed time summary: 
   Min. 1st Qu.  Median    Mean 3rd Qu.    Max. 
0.00000 0.01631 0.21444 0.64937 0.82695 9.96278 

 - event indicator table: 
   0    1 
1036 1509 

 - event time summary: 
    Min.  1st Qu.   Median     Mean  3rd Qu.     Max. 
0.000000 0.008108 0.157925 0.569059 0.640796 9.962777 

 - censoring time summary: 
   Min. 1st Qu.  Median    Mean 3rd Qu.    Max. 
0.00000 0.04408 0.32366 0.76636 1.05806 9.86602 

 - treatment indicator table: 
   0    1 
1352 1193 

==========================================================================
===========================   Estimation start  ==========================
==========================================================================

--- Split:1 ---

Running BART with binary y

number of trees: 25
number of chains: 1, number of threads 1
tree thinning rate: 1
Prior:
	prior on k: chi with 1.250000 degrees of freedom and inf scale
	power and base for tree prior: 2.000000 0.950000
	use quantiles for rule cut points: false
	proposal probabilities: birth/death 0.50, swap 0.10, change 0.40; birth 0.50
data:
	number of training observations: 1206
	number of test observations: 0
	number of explanatory variables: 15

Cutoff rules c in x<=c vs x>c
Number of cutoffs: (var: number of possible c):
(1: 100) (2: 100) (3: 100) (4: 100) (5: 100) 
(6: 100) (7: 100) (8: 100) (9: 100) (10: 100) 
(11: 100) (12: 100) (13: 100) (14: 100) (15: 100) 


   [*---------] 10% | ET: 10.4s 
   [**--------] 20% | ET: 21.9s 
   [***-------] 30% | ET: 32s 
   [****------] 40% | ET: 42.4s 
   [*****-----] 50% | ET: 53.5s 
   [******----] 60% | ET: 64.3s 
   [*******---] 70% | ET: 74.7s 
   [********--] 80% | ET: 84.9s 
   [*********-] 90% | ET: 95.9s 
   [**********] 100% | ET: 106.6s 

--- Split:2 ---

Running BART with binary y

number of trees: 25
number of chains: 1, number of threads 1
tree thinning rate: 1
Prior:
	prior on k: chi with 1.250000 degrees of freedom and inf scale
	power and base for tree prior: 2.000000 0.950000
	use quantiles for rule cut points: false
	proposal probabilities: birth/death 0.50, swap 0.10, change 0.40; birth 0.50
data:
	number of training observations: 1339
	number of test observations: 0
	number of explanatory variables: 15

Cutoff rules c in x<=c vs x>c
Number of cutoffs: (var: number of possible c):
(1: 100) (2: 100) (3: 100) (4: 100) (5: 100) 
(6: 100) (7: 100) (8: 100) (9: 100) (10: 100) 
(11: 100) (12: 100) (13: 100) (14: 100) (15: 100) 


   [*---------] 10% | ET: 9.4s 
   [**--------] 20% | ET: 19.4s 
   [***-------] 30% | ET: 31.2s 
   [****------] 40% | ET: 41.3s 
   [*****-----] 50% | ET: 51.8s 
   [******----] 60% | ET: 63.4s 
   [*******---] 70% | ET: 74s 
   [********--] 80% | ET: 86s 
   [*********-] 90% | ET: 97.6s 
   [**********] 100% | ET: 109s 

--- IF for proposed nonparametric estimator computed --- ET: 218.3 seconds
--- Estimator computed: mu --- ET: 1.1 seconds --- 
--- Estimator computed: mu_1 --- ET: 0.7 seconds --- 
--- Estimator computed: mu_0 --- ET: 0.7 seconds --- 
--- Estimator computed: de --- ET: 0.7 seconds --- 
--- Estimator computed: oe --- ET: 0.6 seconds --- 
--- Estimator computed: se_1 --- ET: 0.7 seconds --- 
--- Estimator computed: se_0 --- ET: 0.7 seconds --- 
--- Total run time: 225.5 seconds --- 
--- Total run time: 237 seconds --- ###################################################
### Job finished at Thu Jun  5 07:28:56 EDT 2025 ###
###################################################
