##############################################################
### Job started at Thu Jun  5 02:57:11 EDT 2025 with p=TypeB, m=200, r=100, s=42 ###
##############################################################

Attaching package: ‘dplyr’

The following objects are masked from ‘package:stats’:

    filter, lag

The following objects are masked from ‘package:base’:

    intersect, setdiff, setequal, union

Loading required package: foreach
Loading required package: iterators
Loading required package: parallel

 randomForestSRC 3.2.2 
 
 Type rfsrc.news() to see new features, changes, and bug fixes. 
 

[conflicted] Will prefer dplyr::select over any other package.
[conflicted] Will prefer dplyr::filter over any other package.
[conflicted] Will prefer reshape2::melt over any other package.
── Attaching core tidyverse packages ──────────────────────── tidyverse 2.0.0 ──
✔ forcats   1.0.0     ✔ readr     2.1.4
✔ ggplot2   3.5.2     ✔ stringr   1.5.1
✔ lubridate 1.9.3     ✔ tibble    3.2.1
✔ purrr     0.3.5     ✔ tidyr     1.2.1
# A tibble: 42 × 4
   theta   tau estimand   truth
   <dbl> <dbl> <chr>      <dbl>
 1  0.3    0.2 de       -0.281 
 2  0.3    0.2 mu        0.449 
 3  0.3    0.2 mu_0      0.533 
 4  0.3    0.2 mu_1      0.252 
 5  0.3    0.2 oe        0.0710
 6  0.3    0.2 se_0      0.0317
 7  0.3    0.2 se_1      0.0254
 8  0.45   0.2 de       -0.275 
 9  0.45   0.2 mu        0.378 
10  0.45   0.2 mu_0      0.501 
11  0.45   0.2 mu_1      0.227 
12  0.45   0.2 oe        0     
13  0.45   0.2 se_0      0     
14  0.45   0.2 se_1      0     
15  0.6    0.2 de       -0.269 
16  0.6    0.2 mu        0.316 
17  0.6    0.2 mu_0      0.478 
18  0.6    0.2 mu_1      0.209 
19  0.6    0.2 oe       -0.0614
20  0.6    0.2 se_0     -0.0233
21  0.6    0.2 se_1     -0.0182
22  0.3    0.4 de       -0.264 
23  0.3    0.4 mu        0.551 
24  0.3    0.4 mu_0      0.630 
25  0.3    0.4 mu_1      0.366 
26  0.3    0.4 oe        0.0695
27  0.3    0.4 se_0      0.0303
28  0.3    0.4 se_1      0.0296
29  0.45   0.4 de       -0.263 
30  0.45   0.4 mu        0.481 
31  0.45   0.4 mu_0      0.600 
32  0.45   0.4 mu_1      0.337 
33  0.45   0.4 oe        0     
34  0.45   0.4 se_0      0     
35  0.45   0.4 se_1      0     
36  0.6    0.4 de       -0.261 
37  0.6    0.4 mu        0.420 
38  0.6    0.4 mu_0      0.576 
39  0.6    0.4 mu_1      0.315 
40  0.6    0.4 oe       -0.0616
41  0.6    0.4 se_0     -0.0233
42  0.6    0.4 se_1     -0.0214
Loading required package: Matrix

Attaching package: ‘Matrix’

The following objects are masked from ‘package:tidyr’:

    expand, pack, unpack


==========================================================================
===========================   Analysis setting  ==========================
==========================================================================

- taus: 0.1, 0.2, 0.3, 0.4, 0.5 

- policy: TypeB 

- thetas: 0.3, 0.31, 0.32, 0.33, 0.34, 0.35, 0.36, 0.37, 0.38, 0.39, 0.4, 0.41, 0.42, 0.43, 0.44, 0.45, 0.46, 0.47, 0.48, 0.49, 0.5, 0.51, 0.52, 0.53, 0.54, 0.55, 0.56, 0.57, 0.58, 0.59, 0.6 

- r: 100 

- K: 2 

- Nuisance estimation method: T para / C para / A nonpara 

- m: 200 

- N_total: 2608 

- cluster size dist'n: 
 5  6  7  8  9 10 11 12 13 14 15 16 17 18 19 20 
11 10  8 15  9 13 11 16 14 11  7  9 17 21 19  9 

 - observed time summary: 
   Min. 1st Qu.  Median    Mean 3rd Qu.    Max. 
0.00000 0.02028 0.19804 0.59252 0.76978 9.96289 

 - event indicator table: 
   0    1 
 998 1610 

 - event time summary: 
   Min. 1st Qu.  Median    Mean 3rd Qu.    Max. 
 0.0000  0.0126  0.1455  0.5311  0.6473  6.2636 

 - censoring time summary: 
   Min. 1st Qu.  Median    Mean 3rd Qu.    Max. 
0.00000 0.05102 0.28224 0.69157 0.92457 9.96289 

 - treatment indicator table: 
   0    1 
1372 1236 

==========================================================================
===========================   Estimation start  ==========================
==========================================================================

--- Split:1 ---

Running BART with binary y

number of trees: 25
number of chains: 1, number of threads 1
tree thinning rate: 1
Prior:
	prior on k: chi with 1.250000 degrees of freedom and inf scale
	power and base for tree prior: 2.000000 0.950000
	use quantiles for rule cut points: false
	proposal probabilities: birth/death 0.50, swap 0.10, change 0.40; birth 0.50
data:
	number of training observations: 1288
	number of test observations: 0
	number of explanatory variables: 15

Cutoff rules c in x<=c vs x>c
Number of cutoffs: (var: number of possible c):
(1: 100) (2: 100) (3: 100) (4: 100) (5: 100) 
(6: 100) (7: 100) (8: 100) (9: 100) (10: 100) 
(11: 100) (12: 100) (13: 100) (14: 100) (15: 100) 


   [*---------] 10% | ET: 24.1s 
   [**--------] 20% | ET: 46.7s 
   [***-------] 30% | ET: 68.2s 
   [****------] 40% | ET: 93.2s 
   [*****-----] 50% | ET: 119.4s 
   [******----] 60% | ET: 144.3s 
   [*******---] 70% | ET: 168.9s 
   [********--] 80% | ET: 193.4s 
   [*********-] 90% | ET: 217.7s 
   [**********] 100% | ET: 242.8s 

--- Split:2 ---

Running BART with binary y

number of trees: 25
number of chains: 1, number of threads 1
tree thinning rate: 1
Prior:
	prior on k: chi with 1.250000 degrees of freedom and inf scale
	power and base for tree prior: 2.000000 0.950000
	use quantiles for rule cut points: false
	proposal probabilities: birth/death 0.50, swap 0.10, change 0.40; birth 0.50
data:
	number of training observations: 1320
	number of test observations: 0
	number of explanatory variables: 15

Cutoff rules c in x<=c vs x>c
Number of cutoffs: (var: number of possible c):
(1: 100) (2: 100) (3: 100) (4: 100) (5: 100) 
(6: 100) (7: 100) (8: 100) (9: 100) (10: 100) 
(11: 100) (12: 100) (13: 100) (14: 100) (15: 100) 


   [*---------] 10% | ET: 20.6s 
   [**--------] 20% | ET: 44.4s 
   [***-------] 30% | ET: 71s 
   [****------] 40% | ET: 94.5s 
   [*****-----] 50% | ET: 120.4s 
   [******----] 60% | ET: 146.2s 
   [*******---] 70% | ET: 170.7s 
   [********--] 80% | ET: 192.9s 
   [*********-] 90% | ET: 219.4s 
   [**********] 100% | ET: 243.1s 

--- IF for proposed nonparametric estimator computed --- ET: 491.7 seconds
--- Estimator computed: mu --- ET: 2 seconds --- 
--- Estimator computed: mu_1 --- ET: 1.8 seconds --- 
--- Estimator computed: mu_0 --- ET: 2.2 seconds --- 
--- Estimator computed: de --- ET: 1.6 seconds --- 
--- Estimator computed: oe --- ET: 1.7 seconds --- 
--- Estimator computed: se_1 --- ET: 1.6 seconds --- 
--- Estimator computed: se_0 --- ET: 1.5 seconds --- 
--- Total run time: 508.8 seconds --- 
--- Total run time: 533.9 seconds --- ###################################################
### Job finished at Thu Jun  5 03:06:06 EDT 2025 ###
###################################################
