##############################################################
### Job started at Thu Jun  5 00:35:12 EDT 2025 with p=TypeB, m=200, r=100, s=42 ###
##############################################################

Attaching package: ‘dplyr’

The following objects are masked from ‘package:stats’:

    filter, lag

The following objects are masked from ‘package:base’:

    intersect, setdiff, setequal, union

Loading required package: foreach
Loading required package: iterators
Loading required package: parallel

 randomForestSRC 3.2.2 
 
 Type rfsrc.news() to see new features, changes, and bug fixes. 
 

[conflicted] Will prefer dplyr::select over any other package.
[conflicted] Will prefer dplyr::filter over any other package.
[conflicted] Will prefer reshape2::melt over any other package.
── Attaching core tidyverse packages ──────────────────────── tidyverse 2.0.0 ──
✔ forcats   1.0.0     ✔ readr     2.1.4
✔ ggplot2   3.5.2     ✔ stringr   1.5.1
✔ lubridate 1.9.3     ✔ tibble    3.2.1
✔ purrr     0.3.5     ✔ tidyr     1.2.1
# A tibble: 42 × 4
   theta   tau estimand   truth
   <dbl> <dbl> <chr>      <dbl>
 1  0.3    0.2 de       -0.283 
 2  0.3    0.2 mu        0.444 
 3  0.3    0.2 mu_0      0.529 
 4  0.3    0.2 mu_1      0.246 
 5  0.3    0.2 oe        0.0703
 6  0.3    0.2 se_0      0.0336
 7  0.3    0.2 se_1      0.0207
 8  0.45   0.2 de       -0.270 
 9  0.45   0.2 mu        0.374 
10  0.45   0.2 mu_0      0.495 
11  0.45   0.2 mu_1      0.225 
12  0.45   0.2 oe        0     
13  0.45   0.2 se_0      0     
14  0.45   0.2 se_1      0     
15  0.6    0.2 de       -0.267 
16  0.6    0.2 mu        0.321 
17  0.6    0.2 mu_0      0.481 
18  0.6    0.2 mu_1      0.214 
19  0.6    0.2 oe       -0.0532
20  0.6    0.2 se_0     -0.0146
21  0.6    0.2 se_1     -0.0114
22  0.3    0.4 de       -0.267 
23  0.3    0.4 mu        0.546 
24  0.3    0.4 mu_0      0.626 
25  0.3    0.4 mu_1      0.359 
26  0.3    0.4 oe        0.0688
27  0.3    0.4 se_0      0.0330
28  0.3    0.4 se_1      0.0235
29  0.45   0.4 de       -0.258 
30  0.45   0.4 mu        0.477 
31  0.45   0.4 mu_0      0.593 
32  0.45   0.4 mu_1      0.335 
33  0.45   0.4 oe        0     
34  0.45   0.4 se_0      0     
35  0.45   0.4 se_1      0     
36  0.6    0.4 de       -0.257 
37  0.6    0.4 mu        0.426 
38  0.6    0.4 mu_0      0.580 
39  0.6    0.4 mu_1      0.323 
40  0.6    0.4 oe       -0.0507
41  0.6    0.4 se_0     -0.0127
42  0.6    0.4 se_1     -0.0116
Loading required package: Matrix

Attaching package: ‘Matrix’

The following objects are masked from ‘package:tidyr’:

    expand, pack, unpack


==========================================================================
===========================   Analysis setting  ==========================
==========================================================================

- taus: 0.1, 0.2, 0.3, 0.4, 0.5 

- policy: TypeB 

- thetas: 0.3, 0.31, 0.32, 0.33, 0.34, 0.35, 0.36, 0.37, 0.38, 0.39, 0.4, 0.41, 0.42, 0.43, 0.44, 0.45, 0.46, 0.47, 0.48, 0.49, 0.5, 0.51, 0.52, 0.53, 0.54, 0.55, 0.56, 0.57, 0.58, 0.59, 0.6 

- r: 100 

- K: 2 

- Nuisance estimation method: T para / C para / A nonpara 

- m: 200 

- N_total: 2427 

- cluster size dist'n: 
 5  6  7  8  9 10 11 12 13 14 15 16 17 18 19 20 
16 16 10 12 10 11 10 17 15 19 10 13 12 12  8  9 

 - observed time summary: 
   Min. 1st Qu.  Median    Mean 3rd Qu.    Max. 
0.00000 0.02105 0.22531 0.64982 0.80294 9.59030 

 - event indicator table: 
   0    1 
 968 1459 

 - event time summary: 
   Min. 1st Qu.  Median    Mean 3rd Qu.    Max. 
0.00000 0.01166 0.16831 0.59784 0.69437 9.59030 

 - censoring time summary: 
   Min. 1st Qu.  Median    Mean 3rd Qu.    Max. 
0.00000 0.04394 0.29860 0.72815 1.00247 7.70267 

 - treatment indicator table: 
   0    1 
1266 1161 

==========================================================================
===========================   Estimation start  ==========================
==========================================================================

--- Split:1 ---

Running BART with binary y

number of trees: 25
number of chains: 1, number of threads 1
tree thinning rate: 1
Prior:
	prior on k: chi with 1.250000 degrees of freedom and inf scale
	power and base for tree prior: 2.000000 0.950000
	use quantiles for rule cut points: false
	proposal probabilities: birth/death 0.50, swap 0.10, change 0.40; birth 0.50
data:
	number of training observations: 1210
	number of test observations: 0
	number of explanatory variables: 15

Cutoff rules c in x<=c vs x>c
Number of cutoffs: (var: number of possible c):
(1: 100) (2: 100) (3: 100) (4: 100) (5: 100) 
(6: 100) (7: 100) (8: 100) (9: 100) (10: 100) 
(11: 100) (12: 100) (13: 100) (14: 100) (15: 100) 


   [*---------] 10% | ET: 20.8s 
   [**--------] 20% | ET: 46s 
   [***-------] 30% | ET: 64.3s 
   [****------] 40% | ET: 84.8s 
   [*****-----] 50% | ET: 107.9s 
   [******----] 60% | ET: 130.6s 
   [*******---] 70% | ET: 148.8s 
   [********--] 80% | ET: 168.4s 
   [*********-] 90% | ET: 187s 
   [**********] 100% | ET: 207.7s 

--- Split:2 ---

Running BART with binary y

number of trees: 25
number of chains: 1, number of threads 1
tree thinning rate: 1
Prior:
	prior on k: chi with 1.250000 degrees of freedom and inf scale
	power and base for tree prior: 2.000000 0.950000
	use quantiles for rule cut points: false
	proposal probabilities: birth/death 0.50, swap 0.10, change 0.40; birth 0.50
data:
	number of training observations: 1217
	number of test observations: 0
	number of explanatory variables: 15

Cutoff rules c in x<=c vs x>c
Number of cutoffs: (var: number of possible c):
(1: 100) (2: 100) (3: 100) (4: 100) (5: 100) 
(6: 100) (7: 100) (8: 100) (9: 100) (10: 100) 
(11: 100) (12: 100) (13: 100) (14: 100) (15: 100) 


   [*---------] 10% | ET: 20.6s 
   [**--------] 20% | ET: 41s 
   [***-------] 30% | ET: 61.9s 
   [****------] 40% | ET: 85.1s 
   [*****-----] 50% | ET: 108.2s 
   [******----] 60% | ET: 130s 
   [*******---] 70% | ET: 148.7s 
   [********--] 80% | ET: 169.9s 
   [*********-] 90% | ET: 190.5s 
   [**********] 100% | ET: 211s 

--- IF for proposed nonparametric estimator computed --- ET: 423.2 seconds
--- Estimator computed: mu --- ET: 2 seconds --- 
--- Estimator computed: mu_1 --- ET: 1.4 seconds --- 
--- Estimator computed: mu_0 --- ET: 1.9 seconds --- 
--- Estimator computed: de --- ET: 1.4 seconds --- 
--- Estimator computed: oe --- ET: 1.4 seconds --- 
--- Estimator computed: se_1 --- ET: 1.3 seconds --- 
--- Estimator computed: se_0 --- ET: 1.3 seconds --- 
--- Total run time: 437.2 seconds --- 
--- Total run time: 463 seconds --- ###################################################
### Job finished at Thu Jun  5 00:42:55 EDT 2025 ###
###################################################
