
Attaching package: ‘dplyr’

The following objects are masked from ‘package:stats’:

    filter, lag

The following objects are masked from ‘package:base’:

    intersect, setdiff, setequal, union

Loading required package: foreach
Loading required package: iterators
Loading required package: parallel

 randomForestSRC 3.2.2 
 
 Type rfsrc.news() to see new features, changes, and bug fixes. 
 

── Attaching core tidyverse packages ──────────────────────── tidyverse 2.0.0 ──
✔ forcats   1.0.0     ✔ readr     2.1.4
✔ ggplot2   3.3.6     ✔ stringr   1.5.1
✔ lubridate 1.9.3     ✔ tibble    3.2.1
✔ purrr     0.3.5     ✔ tidyr     1.2.1
── Conflicts ────────────────────────────────────────── tidyverse_conflicts() ──
✖ purrr::accumulate() masks foreach::accumulate()
✖ tidyr::extract()    masks dbarts::extract()
✖ dplyr::filter()     masks stats::filter()
✖ dplyr::lag()        masks stats::lag()
✖ purrr::partial()    masks randomForestSRC::partial()
✖ purrr::when()       masks foreach::when()
ℹ Use the [conflicted package](http://conflicted.r-lib.org/) to force all conflicts to become errors
[1] "[Analysis setting]"
[1] "n.cpus: 8"
[1] "method: nonpara"
[1] "taus: 0.1, 0.2, 0.3, 0.4, 0.5"
[1] "thetas: 0, 0.1, 0.2, 0.3, 0.4, 0.5, 0.6, 0.7, 0.8, 0.9, 1"
[1] "r: 100"
[1] "m: 200"
[1] "N_total: 2465"
[1] "cluster size dist'n: "

 5  6  7  8  9 10 11 12 13 14 15 16 17 18 19 20 
11 15 11 13 15 16 12  9 15 12 11 16 11  9  9 15 
[1] "observed time summary: "
   Min. 1st Qu.  Median    Mean 3rd Qu.    Max. 
0.00000 0.03792 0.36594 0.60421 1.00000 5.05051 
[1] "event indicator table: "

   0    1 
1461 1004 
[1] "treatment indicator table: "

   0    1 
 922 1543 
[1] ""
[1] "Estimation start"
[1] "   Split: 1"
Note: Using an external vector in selections is ambiguous.
ℹ Use `all_of(X.T.names)` instead of `X.T.names` to silence this message.
ℹ See <https://tidyselect.r-lib.org/reference/faq-external-vector.html>.
This message is displayed once per session.
Note: Using an external vector in selections is ambiguous.
ℹ Use `all_of(X.C.names)` instead of `X.C.names` to silence this message.
ℹ See <https://tidyselect.r-lib.org/reference/faq-external-vector.html>.
This message is displayed once per session.
Note: Using an external vector in selections is ambiguous.
ℹ Use `all_of(X.A.names)` instead of `X.A.names` to silence this message.
ℹ See <https://tidyselect.r-lib.org/reference/faq-external-vector.html>.
This message is displayed once per session.

Running BART with binary y

number of trees: 25
number of chains: 1, number of threads 1
tree thinning rate: 1
Prior:
	prior on k: chi with 1.250000 degrees of freedom and inf scale
	power and base for tree prior: 2.000000 0.950000
	use quantiles for rule cut points: false
	proposal probabilities: birth/death 0.50, swap 0.10, change 0.40; birth 0.50
data:
	number of training observations: 1188
	number of test observations: 0
	number of explanatory variables: 15

Cutoff rules c in x<=c vs x>c
Number of cutoffs: (var: number of possible c):
(1: 100) (2: 100) (3: 100) (4: 100) (5: 100) 
(6: 100) (7: 100) (8: 100) (9: 100) (10: 100) 
(11: 100) (12: 100) (13: 100) (14: 100) (15: 100) 

[1] "     Cluster: 2"
[1] "     Cluster: 3"
[1] "     Cluster: 4"
[1] "     Cluster: 5"
[1] "     Cluster: 8"
[1] "     Cluster: 9"
[1] "     Cluster: 12"
[1] "     Cluster: 15"
[1] "     Cluster: 16"
[1] "     Cluster: 19"
[1] "     Cluster: 20"
[1] "     Cluster: 21"
[1] "     Cluster: 22"
[1] "     Cluster: 24"
[1] "     Cluster: 25"
[1] "     Cluster: 27"
[1] "     Cluster: 31"
[1] "     Cluster: 34"
[1] "     Cluster: 35"
[1] "     Cluster: 37"
[1] "     Cluster: 38"
[1] "     Cluster: 44"
[1] "     Cluster: 50"
[1] "     Cluster: 55"
[1] "     Cluster: 57"
[1] "     Cluster: 58"
[1] "     Cluster: 59"
[1] "     Cluster: 60"
[1] "     Cluster: 61"
[1] "     Cluster: 62"
[1] "     Cluster: 63"
[1] "     Cluster: 68"
[1] "     Cluster: 74"
[1] "     Cluster: 76"
[1] "     Cluster: 78"
[1] "     Cluster: 80"
[1] "     Cluster: 81"
[1] "     Cluster: 82"
[1] "     Cluster: 86"
[1] "     Cluster: 88"
[1] "     Cluster: 90"
[1] "     Cluster: 92"
[1] "     Cluster: 93"
[1] "     Cluster: 96"
[1] "     Cluster: 97"
[1] "     Cluster: 98"
[1] "     Cluster: 99"
[1] "     Cluster: 100"
[1] "     Cluster: 104"
[1] "     Cluster: 109"
[1] "     Cluster: 111"
[1] "     Cluster: 112"
[1] "     Cluster: 115"
[1] "     Cluster: 117"
[1] "     Cluster: 118"
[1] "     Cluster: 119"
[1] "     Cluster: 120"
[1] "     Cluster: 121"
[1] "     Cluster: 124"
[1] "     Cluster: 127"
[1] "     Cluster: 128"
[1] "     Cluster: 131"
[1] "     Cluster: 133"
[1] "     Cluster: 134"
[1] "     Cluster: 135"
[1] "     Cluster: 136"
[1] "     Cluster: 139"
[1] "     Cluster: 141"
[1] "     Cluster: 142"
[1] "     Cluster: 144"
[1] "     Cluster: 146"
[1] "     Cluster: 148"
[1] "     Cluster: 151"
[1] "     Cluster: 153"
[1] "     Cluster: 154"
[1] "     Cluster: 155"
[1] "     Cluster: 157"
[1] "     Cluster: 158"
[1] "     Cluster: 160"
[1] "     Cluster: 163"
[1] "     Cluster: 166"
[1] "     Cluster: 167"
[1] "     Cluster: 169"
[1] "     Cluster: 170"
[1] "     Cluster: 171"
[1] "     Cluster: 173"
[1] "     Cluster: 177"
[1] "     Cluster: 182"
[1] "     Cluster: 183"
[1] "     Cluster: 184"
[1] "     Cluster: 185"
[1] "     Cluster: 186"
[1] "     Cluster: 187"
[1] "     Cluster: 188"
[1] "     Cluster: 190"
[1] "     Cluster: 192"
[1] "     Cluster: 196"
[1] "     Cluster: 197"
[1] "     Cluster: 198"
[1] "     Cluster: 200"
[1] "   Split: 2"

Running BART with binary y

number of trees: 25
number of chains: 1, number of threads 1
tree thinning rate: 1
Prior:
	prior on k: chi with 1.250000 degrees of freedom and inf scale
	power and base for tree prior: 2.000000 0.950000
	use quantiles for rule cut points: false
	proposal probabilities: birth/death 0.50, swap 0.10, change 0.40; birth 0.50
data:
	number of training observations: 1277
	number of test observations: 0
	number of explanatory variables: 15

Cutoff rules c in x<=c vs x>c
Number of cutoffs: (var: number of possible c):
(1: 100) (2: 100) (3: 100) (4: 100) (5: 100) 
(6: 100) (7: 100) (8: 100) (9: 100) (10: 100) 
(11: 100) (12: 100) (13: 100) (14: 100) (15: 100) 

[1] "     Cluster: 1"
[1] "     Cluster: 6"
[1] "     Cluster: 7"
[1] "     Cluster: 10"
[1] "     Cluster: 11"
[1] "     Cluster: 13"
[1] "     Cluster: 14"
[1] "     Cluster: 17"
[1] "     Cluster: 18"
[1] "     Cluster: 23"
[1] "     Cluster: 26"
[1] "     Cluster: 28"
[1] "     Cluster: 29"
[1] "     Cluster: 30"
[1] "     Cluster: 32"
[1] "     Cluster: 33"
[1] "     Cluster: 36"
[1] "     Cluster: 39"
[1] "     Cluster: 40"
[1] "     Cluster: 41"
[1] "     Cluster: 42"
[1] "     Cluster: 43"
[1] "     Cluster: 45"
[1] "     Cluster: 46"
[1] "     Cluster: 47"
[1] "     Cluster: 48"
[1] "     Cluster: 49"
[1] "     Cluster: 51"
[1] "     Cluster: 52"
[1] "     Cluster: 53"
[1] "     Cluster: 54"
[1] "     Cluster: 56"
[1] "     Cluster: 64"
[1] "     Cluster: 65"
[1] "     Cluster: 66"
[1] "     Cluster: 67"
[1] "     Cluster: 69"
[1] "     Cluster: 70"
[1] "     Cluster: 71"
[1] "     Cluster: 72"
[1] "     Cluster: 73"
[1] "     Cluster: 75"
[1] "     Cluster: 77"
[1] "     Cluster: 79"
[1] "     Cluster: 83"
[1] "     Cluster: 84"
[1] "     Cluster: 85"
[1] "     Cluster: 87"
[1] "     Cluster: 89"
[1] "     Cluster: 91"
[1] "     Cluster: 94"
[1] "     Cluster: 95"
[1] "     Cluster: 101"
[1] "     Cluster: 102"
[1] "     Cluster: 103"
[1] "     Cluster: 105"
[1] "     Cluster: 106"
[1] "     Cluster: 107"
[1] "     Cluster: 108"
[1] "     Cluster: 110"
[1] "     Cluster: 113"
[1] "     Cluster: 114"
[1] "     Cluster: 116"
[1] "     Cluster: 122"
[1] "     Cluster: 123"
[1] "     Cluster: 125"
[1] "     Cluster: 126"
[1] "     Cluster: 129"
[1] "     Cluster: 130"
[1] "     Cluster: 132"
[1] "     Cluster: 137"
[1] "     Cluster: 138"
[1] "     Cluster: 140"
[1] "     Cluster: 143"
[1] "     Cluster: 145"
[1] "     Cluster: 147"
[1] "     Cluster: 149"
[1] "     Cluster: 150"
[1] "     Cluster: 152"
[1] "     Cluster: 156"
[1] "     Cluster: 159"
[1] "     Cluster: 161"
[1] "     Cluster: 162"
[1] "     Cluster: 164"
[1] "     Cluster: 165"
[1] "     Cluster: 168"
[1] "     Cluster: 172"
[1] "     Cluster: 174"
[1] "     Cluster: 175"
[1] "     Cluster: 176"
[1] "     Cluster: 178"
[1] "     Cluster: 179"
[1] "     Cluster: 180"
[1] "     Cluster: 181"
[1] "     Cluster: 189"
[1] "     Cluster: 191"
[1] "     Cluster: 193"
[1] "     Cluster: 194"
[1] "     Cluster: 195"
[1] "     Cluster: 199"
[1] ""
[1] "IF for proposed nonparametric estimator computed."
`summarise()` has grouped output by 'theta', 'tau'. You can override using the
`.groups` argument.
`summarise()` has grouped output by 'theta'. You can override using the
`.groups` argument.
`summarise()` has grouped output by 'theta', 'tau'. You can override using the
`.groups` argument.
`summarise()` has grouped output by 'theta'. You can override using the
`.groups` argument.
`summarise()` has grouped output by 'theta', 'tau'. You can override using the
`.groups` argument.
`summarise()` has grouped output by 'theta'. You can override using the
`.groups` argument.
`summarise()` has grouped output by 'theta', 'tau'. You can override using the
`.groups` argument.
`summarise()` has grouped output by 'theta'. You can override using the
`.groups` argument.
`summarise()` has grouped output by 'theta', 'tau'. You can override using the
`.groups` argument.
`summarise()` has grouped output by 'theta'. You can override using the
`.groups` argument.
`summarise()` has grouped output by 'theta', 'tau'. You can override using the
`.groups` argument.
`summarise()` has grouped output by 'theta'. You can override using the
`.groups` argument.
`summarise()` has grouped output by 'theta', 'tau'. You can override using the
`.groups` argument.
`summarise()` has grouped output by 'theta'. You can override using the
`.groups` argument.
`summarise()` has grouped output by 'theta', 'tau'. You can override using the
`.groups` argument.
`summarise()` has grouped output by 'theta'. You can override using the
`.groups` argument.
[1] ""
[1] "Total run time was 826.982 seconds"
[1] "Estimation result: "
# A tibble: 440 × 5
   estimand theta   tau   est     se
   <chr>    <dbl> <dbl> <dbl>  <dbl>
 1 mu         0     0.1 0.174 0.0125
 2 mu         0     0.2 0.236 0.0139
 3 mu         0     0.3 0.270 0.0145
 4 mu         0     0.4 0.324 0.0155
 5 mu         0     0.5 0.359 0.0158
 6 mu         0.1   0.1 0.174 0.0125
 7 mu         0.1   0.2 0.236 0.0140
 8 mu         0.1   0.3 0.270 0.0146
 9 mu         0.1   0.4 0.324 0.0156
10 mu         0.1   0.5 0.359 0.0159
# ℹ 430 more rows
[1] ""
[1] "OR weights"
`summarise()` has grouped output by 'estimand'. You can override using the
`.groups` argument.
# A tibble: 33 × 6
# Groups:   estimand [3]
   estimand theta mean_value median_value min_value max_value
   <fct>    <dbl>      <dbl>        <dbl>     <dbl>     <dbl>
 1 mu         0        1            1         1          1   
 2 mu         0.1      1.00         1.00      1.00       1.00
 3 mu         0.2      1.00         1         0.995      1.01
 4 mu         0.3      1.00         1         0.946      1.07
 5 mu         0.4      1.00         1         0.920      1.07
 6 mu         0.5      1.00         1         0.837      1.12
 7 mu         0.6      0.995        1         0.717      1.37
 8 mu         0.7      0.968        1         0.263      2.26
 9 mu         0.8      0.898        0.979    -1.82       3.02
10 mu         0.9      0.787        1       -37.9       10.7 
11 mu         1        1.10         0.952   -19.9       51.5 
12 mu_1       0        1            1         1          1   
13 mu_1       0.1      1.00         1         0.999      1.00
14 mu_1       0.2      1.00         1         0.995      1.05
15 mu_1       0.3      0.999        1         0.928      1.06
16 mu_1       0.4      1.00         1         0.915      1.08
17 mu_1       0.5      1.00         1.00      0.786      1.14
18 mu_1       0.6      0.994        1         0.673      1.42
19 mu_1       0.7      0.967        0.997     0.114      2.23
20 mu_1       0.8      0.896        0.997    -1.99       2.89
21 mu_1       0.9      0.778        1       -39.4       10.5 
22 mu_1       1        1.10         0.952   -19.9       51.5 
23 mu_0       0        1            1         1          1   
24 mu_0       0.1      1.00         1.00      0.998      1.00
25 mu_0       0.2      1.00         1.00      0.982      1.03
26 mu_0       0.3      1.00         1.00      0.980      1.05
27 mu_0       0.4      0.999        0.999     0.938      1.08
28 mu_0       0.5      1.00         1         0.903      1.12
29 mu_0       0.6      1.00         1         0.734      1.31
30 mu_0       0.7      0.992        1         0.175      2.23
31 mu_0       0.8      0.960        0.980    -0.948      2.55
32 mu_0       0.9      0.864        1        -9.16       5.75
33 mu_0       1        1.17         1       -12.1       25.3 
[1] ""
[1] "IPCW weights"
`summarise()` has grouped output by 'estimand'. You can override using the
`.groups` argument.
# A tibble: 33 × 6
# Groups:   estimand [3]
   estimand theta mean_value median_value min_value max_value
   <fct>    <dbl>      <dbl>        <dbl>     <dbl>     <dbl>
 1 mu         0        1             1        1          1   
 2 mu         0.1      1.01          1.01     1.00       1.04
 3 mu         0.2      1.01          1.03     0          1.14
 4 mu         0.3      1.01          1.09     0          1.21
 5 mu         0.4      0.995         1.16     0          1.43
 6 mu         0.5      0.965         1.28     0          1.71
 7 mu         0.6      0.998         1.51     0          2.89
 8 mu         0.7      1.12          0        0          4.78
 9 mu         0.8      1.25          0        0          7.97
10 mu         0.9      1.39          0        0         24.8 
11 mu         1        2.32          0        0        108.  
12 mu_1       0        1.01          1.04     0.374      1.39
13 mu_1       0.1      1.01          1.04     0.101      1.44
14 mu_1       0.2      1.01          1.07     0          1.44
15 mu_1       0.3      1.00          1.13     0          1.61
16 mu_1       0.4      0.997         1.21     0          1.86
17 mu_1       0.5      0.994         1.33     0          2.13
18 mu_1       0.6      1.04          1.02     0          3.63
19 mu_1       0.7      1.16          0        0          5.33
20 mu_1       0.8      1.26          0        0          8.32
21 mu_1       0.9      1.45          0        0         28.8 
22 mu_1       1        2.32          0        0        108.  
23 mu_0       0        0.965         1.08     0          1.68
24 mu_0       0.1      0.974         1.08     0          1.70
25 mu_0       0.2      0.975         1.09     0          1.67
26 mu_0       0.3      0.970         1.11     0          1.65
27 mu_0       0.4      0.951         1.09     0          1.70
28 mu_0       0.5      0.934         1.11     0          1.81
29 mu_0       0.6      0.918         1.21     0          2.44
30 mu_0       0.7      0.923         0        0          4.28
31 mu_0       0.8      1.02          0        0          6.22
32 mu_0       0.9      0.892         0        0         11.4 
33 mu_0       1        0.856         0        0         40.7 
[1] "Total run time was 829.474 seconds"
