##############################################################
### Job started at Thu Jun  5 05:23:32 EDT 2025 ###
##############################################################

Attaching package: ‘dplyr’

The following objects are masked from ‘package:stats’:

    filter, lag

The following objects are masked from ‘package:base’:

    intersect, setdiff, setequal, union

── Attaching core tidyverse packages ──────────────────────── tidyverse 2.0.0 ──
✔ forcats   1.0.0     ✔ readr     2.1.4
✔ ggplot2   3.5.2     ✔ stringr   1.5.1
✔ lubridate 1.9.3     ✔ tibble    3.2.1
✔ purrr     0.3.5     ✔ tidyr     1.2.1
── Conflicts ────────────────────────────────────────── tidyverse_conflicts() ──
✖ dplyr::filter() masks stats::filter()
✖ dplyr::lag()    masks stats::lag()
ℹ Use the [conflicted package](http://conflicted.r-lib.org/) to force all conflicts to become errors
# A tibble: 42 × 4
   theta   tau estimand   truth
   <dbl> <dbl> <chr>      <dbl>
 1  0.3    0.2 de       -0.284 
 2  0.3    0.2 mu        0.446 
 3  0.3    0.2 mu_0      0.532 
 4  0.3    0.2 mu_1      0.247 
 5  0.3    0.2 oe        0.0688
 6  0.3    0.2 se_0      0.0305
 7  0.3    0.2 se_1      0.0208
 8  0.45   0.2 de       -0.275 
 9  0.45   0.2 mu        0.377 
10  0.45   0.2 mu_0      0.501 
11  0.45   0.2 mu_1      0.226 
12  0.45   0.2 oe        0     
13  0.45   0.2 se_0      0     
14  0.45   0.2 se_1      0     
15  0.6    0.2 de       -0.270 
16  0.6    0.2 mu        0.321 
17  0.6    0.2 mu_0      0.483 
18  0.6    0.2 mu_1      0.213 
19  0.6    0.2 oe       -0.0563
20  0.6    0.2 se_0     -0.0177
21  0.6    0.2 se_1     -0.0133
22  0.3    0.4 de       -0.268 
23  0.3    0.4 mu        0.548 
24  0.3    0.4 mu_0      0.628 
25  0.3    0.4 mu_1      0.360 
26  0.3    0.4 oe        0.0665
27  0.3    0.4 se_0      0.0284
28  0.3    0.4 se_1      0.0237
29  0.45   0.4 de       -0.263 
30  0.45   0.4 mu        0.481 
31  0.45   0.4 mu_0      0.600 
32  0.45   0.4 mu_1      0.336 
33  0.45   0.4 oe        0     
34  0.45   0.4 se_0      0     
35  0.45   0.4 se_1      0     
36  0.6    0.4 de       -0.262 
37  0.6    0.4 mu        0.426 
38  0.6    0.4 mu_0      0.583 
39  0.6    0.4 mu_1      0.322 
40  0.6    0.4 oe       -0.0550
41  0.6    0.4 se_0     -0.0166
42  0.6    0.4 se_1     -0.0148

[Simulation setting] 

- M: 1000 

- taus: 0.1, 0.2, 0.3, 0.4, 0.5 

- thetas: 0, 0.025, 0.05, 0.075, 0.1, 0.125, 0.15, 0.175, 0.2, 0.225, 0.25, 0.275, 0.3, 0.325, 0.35, 0.375, 0.4, 0.425, 0.45, 0.475, 0.5 

- r: 100 

# A tibble: 735 × 4
   theta   tau estimand  truth
   <dbl> <dbl> <chr>     <dbl>
 1     0   0.1 mu        0.308
 2     0   0.1 mu_1      0.152
 3     0   0.1 mu_0      0.423
 4     0   0.1 de       -0.272
 5     0   0.1 se_1      0    
 6     0   0.1 se_0      0    
 7     0   0.1 oe        0    
 8     0   0.2 mu        0.386
 9     0   0.2 mu_1      0.227
10     0   0.2 mu_0      0.506
# ℹ 725 more rows
[1] "Total run time was 1290.424 seconds"
###################################################
### Job finished at Thu Jun  5 05:45:02 EDT 2025 ###
###################################################
