##############################################################
### Job started at Thu Jun  5 22:03:02 EDT 2025 with p=TypeB, m=50, r=100, s=1 ###
##############################################################

Attaching package: ‘dplyr’

The following objects are masked from ‘package:stats’:

    filter, lag

The following objects are masked from ‘package:base’:

    intersect, setdiff, setequal, union

Loading required package: foreach
Loading required package: iterators
Loading required package: parallel

 randomForestSRC 3.2.2 
 
 Type rfsrc.news() to see new features, changes, and bug fixes. 
 

[conflicted] Will prefer dplyr::select over any other package.
[conflicted] Will prefer dplyr::filter over any other package.
[conflicted] Will prefer reshape2::melt over any other package.
── Attaching core tidyverse packages ──────────────────────── tidyverse 2.0.0 ──
✔ forcats   1.0.0     ✔ readr     2.1.4
✔ ggplot2   3.5.2     ✔ stringr   1.5.1
✔ lubridate 1.9.3     ✔ tibble    3.2.1
✔ purrr     0.3.5     ✔ tidyr     1.2.1
# A tibble: 42 × 4
   theta   tau estimand   truth
   <dbl> <dbl> <chr>      <dbl>
 1  0.3    0.2 de       -0.296 
 2  0.3    0.2 mu        0.469 
 3  0.3    0.2 mu_0      0.558 
 4  0.3    0.2 mu_1      0.261 
 5  0.3    0.2 oe        0.0782
 6  0.3    0.2 se_0      0.0378
 7  0.3    0.2 se_1      0.0287
 8  0.45   0.2 de       -0.287 
 9  0.45   0.2 mu        0.390 
10  0.45   0.2 mu_0      0.520 
11  0.45   0.2 mu_1      0.232 
12  0.45   0.2 oe        0     
13  0.45   0.2 se_0      0     
14  0.45   0.2 se_1      0     
15  0.6    0.2 de       -0.278 
16  0.6    0.2 mu        0.322 
17  0.6    0.2 mu_0      0.489 
18  0.6    0.2 mu_1      0.210 
19  0.6    0.2 oe       -0.0687
20  0.6    0.2 se_0     -0.0310
21  0.6    0.2 se_1     -0.0219
22  0.3    0.4 de       -0.278 
23  0.3    0.4 mu        0.573 
24  0.3    0.4 mu_0      0.657 
25  0.3    0.4 mu_1      0.378 
26  0.3    0.4 oe        0.0778
27  0.3    0.4 se_0      0.0373
28  0.3    0.4 se_1      0.0346
29  0.45   0.4 de       -0.276 
30  0.45   0.4 mu        0.495 
31  0.45   0.4 mu_0      0.619 
32  0.45   0.4 mu_1      0.344 
33  0.45   0.4 oe        0     
34  0.45   0.4 se_0      0     
35  0.45   0.4 se_1      0     
36  0.6    0.4 de       -0.270 
37  0.6    0.4 mu        0.425 
38  0.6    0.4 mu_0      0.587 
39  0.6    0.4 mu_1      0.317 
40  0.6    0.4 oe       -0.0704
41  0.6    0.4 se_0     -0.0322
42  0.6    0.4 se_1     -0.0270
Loading required package: Matrix

Attaching package: ‘Matrix’

The following objects are masked from ‘package:tidyr’:

    expand, pack, unpack


==========================================================================
===========================   Analysis setting  ==========================
==========================================================================

- taus: 0.1, 0.2, 0.3, 0.4, 0.5 

- policy: TypeB 

- thetas: 0.3, 0.31, 0.32, 0.33, 0.34, 0.35, 0.36, 0.37, 0.38, 0.39, 0.4, 0.41, 0.42, 0.43, 0.44, 0.45, 0.46, 0.47, 0.48, 0.49, 0.5, 0.51, 0.52, 0.53, 0.54, 0.55, 0.56, 0.57, 0.58, 0.59, 0.6 

- r: 100 

- K: 2 

- Nuisance estimation method: T nonpara / C nonpara / A nonpara 

- m: 50 

- N_total: 626 

- cluster size dist'n: 
 5  6  7  8  9 10 11 12 13 14 17 18 19 20 
 2  3  4  3  4  2  5  5  2  4  5  5  2  4 

 - observed time summary: 
   Min. 1st Qu.  Median    Mean 3rd Qu.    Max. 
0.00000 0.02992 0.24340 0.62518 0.81737 7.23025 

 - event indicator table: 
  0   1 
237 389 

 - event time summary: 
   Min. 1st Qu.  Median    Mean 3rd Qu.    Max. 
0.00000 0.01458 0.17282 0.57217 0.72324 7.23025 

 - censoring time summary: 
    Min.  1st Qu.   Median     Mean  3rd Qu.     Max. 
0.000002 0.079041 0.342460 0.712169 0.983879 4.541169 

 - treatment indicator table: 
  0   1 
321 305 

==========================================================================
===========================   Estimation start  ==========================
==========================================================================

--- Split:1 ---

Running BART with binary y

number of trees: 25
number of chains: 1, number of threads 1
tree thinning rate: 1
Prior:
	prior on k: chi with 1.250000 degrees of freedom and inf scale
	power and base for tree prior: 2.000000 0.950000
	use quantiles for rule cut points: false
	proposal probabilities: birth/death 0.50, swap 0.10, change 0.40; birth 0.50
data:
	number of training observations: 346
	number of test observations: 0
	number of explanatory variables: 15

Cutoff rules c in x<=c vs x>c
Number of cutoffs: (var: number of possible c):
(1: 100) (2: 100) (3: 100) (4: 100) (5: 100) 
(6: 100) (7: 100) (8: 100) (9: 100) (10: 100) 
(11: 100) (12: 100) (13: 100) (14: 100) (15: 100) 


   [*---------] 10% | ET: 0.9s 
   [**--------] 20% | ET: 3.4s 
   [***-------] 30% | ET: 5.1s 
   [****------] 40% | ET: 7.5s 
   [*****-----] 50% | ET: 9.2s 
   [******----] 60% | ET: 11.6s 
   [*******---] 70% | ET: 13.5s 
   [********--] 80% | ET: 16s 
   [*********-] 90% | ET: 17.7s 
   [**********] 100% | ET: 19.9s 

--- Split:2 ---

Running BART with binary y

number of trees: 25
number of chains: 1, number of threads 1
tree thinning rate: 1
Prior:
	prior on k: chi with 1.250000 degrees of freedom and inf scale
	power and base for tree prior: 2.000000 0.950000
	use quantiles for rule cut points: false
	proposal probabilities: birth/death 0.50, swap 0.10, change 0.40; birth 0.50
data:
	number of training observations: 280
	number of test observations: 0
	number of explanatory variables: 15

Cutoff rules c in x<=c vs x>c
Number of cutoffs: (var: number of possible c):
(1: 100) (2: 100) (3: 100) (4: 100) (5: 100) 
(6: 100) (7: 100) (8: 100) (9: 100) (10: 100) 
(11: 100) (12: 100) (13: 100) (14: 100) (15: 100) 


   [*---------] 10% | ET: 0.7s 
   [**--------] 20% | ET: 3.3s 
   [***-------] 30% | ET: 5.6s 
   [****------] 40% | ET: 9.1s 
   [*****-----] 50% | ET: 10.8s 
   [******----] 60% | ET: 13.3s 
   [*******---] 70% | ET: 15s 
   [********--] 80% | ET: 17.5s 
   [*********-] 90% | ET: 19.2s 
   [**********] 100% | ET: 21.7s 

--- IF for proposed nonparametric estimator computed --- ET: 45.9 seconds
--- Estimator computed: mu --- ET: 0.4 seconds --- 
--- Estimator computed: mu_1 --- ET: 0.4 seconds --- 
--- Estimator computed: mu_0 --- ET: 0.4 seconds --- 
--- Estimator computed: de --- ET: 0.4 seconds --- 
--- Estimator computed: oe --- ET: 0.6 seconds --- 
--- Estimator computed: se_1 --- ET: 0.4 seconds --- 
--- Estimator computed: se_0 --- ET: 0.4 seconds --- 
--- Total run time: 49.5 seconds --- 
--- Total run time: 64.9 seconds --- ###################################################
### Job finished at Thu Jun  5 22:04:08 EDT 2025 ###
###################################################
